TpTrace Verbose: 0 : 151064, 1, 2022/10/17, 10:50:32.231, 4029784880646, vstest.console.dll, Version: 16.11.0
TpTrace Information: 0 : 151064, 1, 2022/10/17, 10:50:32.310, 4029785654986, vstest.console.dll, FilePatternParser: The given file D:\Desenvolvimento\RepositoryOrbitB1\OrbitService\OrbitService\test\Atualiza-NFe-Test\Orbit_Service_Test\bin\Debug\netcoreapp3.1\fine-code-coverage\build-output\Orbit_Service_Test.dll is a full path.
TpTrace Verbose: 0 : 151064, 1, 2022/10/17, 10:50:32.365, 4029786204506, vstest.console.dll, TestPluginCache.DiscoverTestExtensions: finding test extensions in assemblies ends with: RuntimeProvider.dll TPluginInfo: Microsoft.VisualStudio.TestPlatform.Common.ExtensionFramework.Utilities.TestRuntimePluginInformation TExtension: Microsoft.VisualStudio.TestPlatform.ObjectModel.Host.ITestRuntimeProvider
TpTrace Verbose: 0 : 151064, 1, 2022/10/17, 10:50:32.366, 4029786217162, vstest.console.dll, TestPluginCache.GetExtensionPaths: Filtered extension paths: 
TpTrace Verbose: 0 : 151064, 1, 2022/10/17, 10:50:32.366, 4029786219708, vstest.console.dll, TestPluginCache.GetExtensionPaths: Added default extension paths: C:\Program Files\dotnet\sdk\5.0.411\Extensions\Microsoft.Diagnostics.NETCore.Client.dll
C:\Program Files\dotnet\sdk\5.0.411\Extensions\Microsoft.TestPlatform.Extensions.BlameDataCollector.dll
C:\Program Files\dotnet\sdk\5.0.411\Extensions\Microsoft.TestPlatform.Extensions.EventLogCollector.dll
C:\Program Files\dotnet\sdk\5.0.411\Extensions\Microsoft.TestPlatform.TestHostRuntimeProvider.dll
C:\Program Files\dotnet\sdk\5.0.411\Extensions\Microsoft.VisualStudio.TestPlatform.Extensions.Html.TestLogger.dll
C:\Program Files\dotnet\sdk\5.0.411\Extensions\Microsoft.VisualStudio.TestPlatform.Extensions.Trx.TestLogger.dll
TpTrace Verbose: 0 : 151064, 1, 2022/10/17, 10:50:32.366, 4029786220922, vstest.console.dll, TestPluginCache.GetExtensionPaths: Added unfilterableExtensionPaths: 
TpTrace Information: 0 : 151064, 1, 2022/10/17, 10:50:32.368, 4029786233209, vstest.console.dll, AssemblyResolver.ctor: Creating AssemblyResolver with searchDirectories C:\Program Files\dotnet\sdk\5.0.411\Extensions,C:\Program Files\dotnet\sdk\5.0.411
TpTrace Verbose: 0 : 151064, 1, 2022/10/17, 10:50:32.370, 4029786255452, vstest.console.dll, TestPluginCache.DiscoverTestExtensions: Discovering the extensions using extension path.
TpTrace Verbose: 0 : 151064, 1, 2022/10/17, 10:50:32.370, 4029786257952, vstest.console.dll, TestPluginCache.GetExtensionPaths: Filtered extension paths: 
TpTrace Verbose: 0 : 151064, 1, 2022/10/17, 10:50:32.370, 4029786259274, vstest.console.dll, TestPluginCache.GetExtensionPaths: Added default extension paths: C:\Program Files\dotnet\sdk\5.0.411\Extensions\Microsoft.Diagnostics.NETCore.Client.dll
C:\Program Files\dotnet\sdk\5.0.411\Extensions\Microsoft.TestPlatform.Extensions.BlameDataCollector.dll
C:\Program Files\dotnet\sdk\5.0.411\Extensions\Microsoft.TestPlatform.Extensions.EventLogCollector.dll
C:\Program Files\dotnet\sdk\5.0.411\Extensions\Microsoft.TestPlatform.TestHostRuntimeProvider.dll
C:\Program Files\dotnet\sdk\5.0.411\Extensions\Microsoft.VisualStudio.TestPlatform.Extensions.Html.TestLogger.dll
C:\Program Files\dotnet\sdk\5.0.411\Extensions\Microsoft.VisualStudio.TestPlatform.Extensions.Trx.TestLogger.dll
TpTrace Verbose: 0 : 151064, 1, 2022/10/17, 10:50:32.371, 4029786266350, vstest.console.dll, TestPluginCache.GetExtensionPaths: Added unfilterableExtensionPaths: 
TpTrace Verbose: 0 : 151064, 1, 2022/10/17, 10:50:32.371, 4029786271835, vstest.console.dll, TestPluginCache.DiscoverTestExtensions: Discovering the extensions using allExtensionPaths: C:\Program Files\dotnet\sdk\5.0.411\Extensions\Microsoft.Diagnostics.NETCore.Client.dll
C:\Program Files\dotnet\sdk\5.0.411\Extensions\Microsoft.TestPlatform.Extensions.BlameDataCollector.dll
C:\Program Files\dotnet\sdk\5.0.411\Extensions\Microsoft.TestPlatform.Extensions.EventLogCollector.dll
C:\Program Files\dotnet\sdk\5.0.411\Extensions\Microsoft.TestPlatform.TestHostRuntimeProvider.dll
C:\Program Files\dotnet\sdk\5.0.411\Extensions\Microsoft.VisualStudio.TestPlatform.Extensions.Html.TestLogger.dll
C:\Program Files\dotnet\sdk\5.0.411\Extensions\Microsoft.VisualStudio.TestPlatform.Extensions.Trx.TestLogger.dll
TpTrace Information: 0 : 151064, 1, 2022/10/17, 10:50:32.373, 4029786289420, vstest.console.dll, AssemblyResolver.AddSearchDirectories: Adding more searchDirectories C:\Program Files\dotnet\sdk\5.0.411\Extensions,C:\Program Files\dotnet\sdk\5.0.411
TpTrace Information: 0 : 151064, 1, 2022/10/17, 10:50:32.373, 4029786291627, vstest.console.dll, AssemblyResolver.AddSearchDirectories: Adding more searchDirectories C:\Program Files\dotnet\sdk\5.0.411\Extensions,C:\Program Files\dotnet\sdk\5.0.411
TpTrace Information: 0 : 151064, 1, 2022/10/17, 10:50:32.374, 4029786292827, vstest.console.dll, AssemblyResolver.AddSearchDirectories: Adding more searchDirectories C:\Program Files\dotnet\sdk\5.0.411\Extensions,C:\Program Files\dotnet\sdk\5.0.411
TpTrace Information: 0 : 151064, 1, 2022/10/17, 10:50:32.374, 4029786294960, vstest.console.dll, AssemblyResolver.AddSearchDirectories: Adding more searchDirectories C:\Program Files\dotnet\sdk\5.0.411\Extensions,C:\Program Files\dotnet\sdk\5.0.411
TpTrace Information: 0 : 151064, 1, 2022/10/17, 10:50:32.374, 4029786299522, vstest.console.dll, AssemblyResolver.AddSearchDirectories: Adding more searchDirectories C:\Program Files\dotnet\sdk\5.0.411\Extensions,C:\Program Files\dotnet\sdk\5.0.411
TpTrace Information: 0 : 151064, 1, 2022/10/17, 10:50:32.374, 4029786300951, vstest.console.dll, AssemblyResolver.AddSearchDirectories: Adding more searchDirectories C:\Program Files\dotnet\sdk\5.0.411\Extensions,C:\Program Files\dotnet\sdk\5.0.411
TpTrace Information: 0 : 151064, 1, 2022/10/17, 10:50:32.460, 4029787159923, vstest.console.dll, AssemblyResolver.OnResolve: Microsoft.Diagnostics.NETCore.Client: Resolving assembly.
TpTrace Information: 0 : 151064, 1, 2022/10/17, 10:50:32.461, 4029787162517, vstest.console.dll, AssemblyResolver.OnResolve: Microsoft.Diagnostics.NETCore.Client: Searching in: 'C:\Program Files\dotnet\sdk\5.0.411\Extensions'.
TpTrace Information: 0 : 151064, 1, 2022/10/17, 10:50:32.470, 4029787252334, vstest.console.dll, AssemblyResolver.OnResolve: Microsoft.Diagnostics.NETCore.Client: Loading assembly 'C:\Program Files\dotnet\sdk\5.0.411\Extensions\Microsoft.Diagnostics.NETCore.Client.dll'.
TpTrace Information: 0 : 151064, 1, 2022/10/17, 10:50:32.473, 4029787286011, vstest.console.dll, AssemblyResolver.OnResolve: Resolved assembly: Microsoft.Diagnostics.NETCore.Client, from path: C:\Program Files\dotnet\sdk\5.0.411\Extensions\Microsoft.Diagnostics.NETCore.Client.dll
TpTrace Information: 0 : 151064, 1, 2022/10/17, 10:50:32.496, 4029787521000, vstest.console.dll, AssemblyResolver.OnResolve: Microsoft.Bcl.AsyncInterfaces: Resolving assembly.
TpTrace Information: 0 : 151064, 1, 2022/10/17, 10:50:32.497, 4029787525712, vstest.console.dll, AssemblyResolver.OnResolve: Microsoft.Bcl.AsyncInterfaces: Searching in: 'C:\Program Files\dotnet\sdk\5.0.411\Extensions'.
TpTrace Information: 0 : 151064, 1, 2022/10/17, 10:50:32.497, 4029787527809, vstest.console.dll, AssemblyResolver.OnResolve: Microsoft.Bcl.AsyncInterfaces: Assembly path does not exist: 'C:\Program Files\dotnet\sdk\5.0.411\Extensions\Microsoft.Bcl.AsyncInterfaces.dll', returning.
TpTrace Information: 0 : 151064, 1, 2022/10/17, 10:50:32.497, 4029787529291, vstest.console.dll, AssemblyResolver.OnResolve: Microsoft.Bcl.AsyncInterfaces: Assembly path does not exist: 'C:\Program Files\dotnet\sdk\5.0.411\Extensions\Microsoft.Bcl.AsyncInterfaces.exe', returning.
TpTrace Information: 0 : 151064, 1, 2022/10/17, 10:50:32.497, 4029787530434, vstest.console.dll, AssemblyResolver.OnResolve: Microsoft.Bcl.AsyncInterfaces: Searching in: 'C:\Program Files\dotnet\sdk\5.0.411'.
TpTrace Information: 0 : 151064, 1, 2022/10/17, 10:50:32.497, 4029787531895, vstest.console.dll, AssemblyResolver.OnResolve: Microsoft.Bcl.AsyncInterfaces: Assembly path does not exist: 'C:\Program Files\dotnet\sdk\5.0.411\Microsoft.Bcl.AsyncInterfaces.dll', returning.
TpTrace Information: 0 : 151064, 1, 2022/10/17, 10:50:32.498, 4029787533880, vstest.console.dll, AssemblyResolver.OnResolve: Microsoft.Bcl.AsyncInterfaces: Assembly path does not exist: 'C:\Program Files\dotnet\sdk\5.0.411\Microsoft.Bcl.AsyncInterfaces.exe', returning.
TpTrace Information: 0 : 151064, 1, 2022/10/17, 10:50:32.498, 4029787535030, vstest.console.dll, AssemblyResolver.OnResolve: Microsoft.Bcl.AsyncInterfaces: Failed to load assembly.
TpTrace Verbose: 0 : 151064, 1, 2022/10/17, 10:50:32.498, 4029787536357, vstest.console.dll, CurrentDomainAssemblyResolve: Resolving assembly 'Microsoft.Bcl.AsyncInterfaces'.
TpTrace Information: 0 : 151064, 1, 2022/10/17, 10:50:32.498, 4029787537907, vstest.console.dll, AssemblyResolver.OnResolve: Microsoft.Bcl.AsyncInterfaces: Resolving assembly.
TpTrace Information: 0 : 151064, 1, 2022/10/17, 10:50:32.498, 4029787539105, vstest.console.dll, AssemblyResolver.OnResolve: Microsoft.Bcl.AsyncInterfaces: Resolved from cache.
TpTrace Verbose: 0 : 151064, 1, 2022/10/17, 10:50:32.498, 4029787540150, vstest.console.dll, CurrentDomainAssemblyResolve: Resolving assembly 'Microsoft.Bcl.AsyncInterfaces'.
TpTrace Verbose: 0 : 151064, 1, 2022/10/17, 10:50:32.498, 4029787541320, vstest.console.dll, CurrentDomainAssemblyResolve: Failed to resolve assembly 'Microsoft.Bcl.AsyncInterfaces'.
TpTrace Verbose: 0 : 151064, 1, 2022/10/17, 10:50:32.688, 4029789439382, vstest.console.dll, CurrentDomainAssemblyResolve: Failed to resolve assembly 'Microsoft.Bcl.AsyncInterfaces'.
TpTrace Warning: 0 : 151064, 1, 2022/10/17, 10:50:33.051, 4029793064461, vstest.console.dll, TestPluginDiscoverer: Failed to get types from assembly 'Microsoft.Diagnostics.NETCore.Client, Version=0.2.2.41902, Culture=neutral, PublicKeyToken=31bf3856ad364e35'.  Skipping test extension scan for this assembly.  Error: System.Reflection.ReflectionTypeLoadException: Unable to load one or more of the requested types.
Could not load file or assembly 'Microsoft.Bcl.AsyncInterfaces, Version=1.0.0.0, Culture=neutral, PublicKeyToken=cc7b13ffcd2ddd51'. The system cannot find the file specified.
   at System.Reflection.RuntimeModule.GetTypes(RuntimeModule module)
   at System.Reflection.Assembly.GetTypes()
   at Microsoft.VisualStudio.TestPlatform.Common.ExtensionFramework.TestPluginDiscoverer.GetTestExtensionsFromAssembly[TPluginInfo,TExtension](Assembly assembly, Dictionary`2 pluginInfos)
System.IO.FileNotFoundException: Could not load file or assembly 'Microsoft.Bcl.AsyncInterfaces, Version=1.0.0.0, Culture=neutral, PublicKeyToken=cc7b13ffcd2ddd51'. The system cannot find the file specified.
File name: 'Microsoft.Bcl.AsyncInterfaces, Version=1.0.0.0, Culture=neutral, PublicKeyToken=cc7b13ffcd2ddd51'
 ---> System.IO.FileNotFoundException: Could not load file or assembly 'Microsoft.Bcl.AsyncInterfaces, Culture=neutral, PublicKeyToken=null'. The system cannot find the file specified.
File name: 'Microsoft.Bcl.AsyncInterfaces, Culture=neutral, PublicKeyToken=null'
   at System.Reflection.RuntimeAssembly.InternalLoad(ObjectHandleOnStack assemblyName, ObjectHandleOnStack requestingAssembly, StackCrawlMarkHandle stackMark, Boolean throwOnFileNotFound, ObjectHandleOnStack assemblyLoadContext, ObjectHandleOnStack retAssembly)
   at System.Reflection.RuntimeAssembly.InternalLoad(AssemblyName assemblyName, RuntimeAssembly requestingAssembly, StackCrawlMark& stackMark, Boolean throwOnFileNotFound, AssemblyLoadContext assemblyLoadContext)
   at System.Reflection.Assembly.Load(AssemblyName assemblyRef)
   at Microsoft.VisualStudio.TestPlatform.Common.ExtensionFramework.TestPluginCache.CurrentDomainAssemblyResolve(Object sender, AssemblyResolveEventArgs args)
   at Microsoft.VisualStudio.TestPlatform.PlatformAbstractions.PlatformAssemblyResolver.AssemblyResolverEvent(Object sender, Object eventArgs)
   at System.Runtime.Loader.AssemblyLoadContext.GetFirstResolvedAssemblyFromResolvingEvent(AssemblyName assemblyName)
   at System.Runtime.Loader.AssemblyLoadContext.ResolveUsingEvent(AssemblyName assemblyName)
   at System.Runtime.Loader.AssemblyLoadContext.ResolveUsingResolvingEvent(IntPtr gchManagedAssemblyLoadContext, AssemblyName assemblyName)
TpTrace Warning: 0 : 151064, 1, 2022/10/17, 10:50:33.051, 4029793068705, vstest.console.dll, LoaderExceptions: System.IO.FileNotFoundException: Could not load file or assembly 'Microsoft.Bcl.AsyncInterfaces, Version=1.0.0.0, Culture=neutral, PublicKeyToken=cc7b13ffcd2ddd51'. The system cannot find the file specified.
File name: 'Microsoft.Bcl.AsyncInterfaces, Version=1.0.0.0, Culture=neutral, PublicKeyToken=cc7b13ffcd2ddd51'
 ---> System.IO.FileNotFoundException: Could not load file or assembly 'Microsoft.Bcl.AsyncInterfaces, Culture=neutral, PublicKeyToken=null'. The system cannot find the file specified.
File name: 'Microsoft.Bcl.AsyncInterfaces, Culture=neutral, PublicKeyToken=null'
   at System.Reflection.RuntimeAssembly.InternalLoad(ObjectHandleOnStack assemblyName, ObjectHandleOnStack requestingAssembly, StackCrawlMarkHandle stackMark, Boolean throwOnFileNotFound, ObjectHandleOnStack assemblyLoadContext, ObjectHandleOnStack retAssembly)
   at System.Reflection.RuntimeAssembly.InternalLoad(AssemblyName assemblyName, RuntimeAssembly requestingAssembly, StackCrawlMark& stackMark, Boolean throwOnFileNotFound, AssemblyLoadContext assemblyLoadContext)
   at System.Reflection.Assembly.Load(AssemblyName assemblyRef)
   at Microsoft.VisualStudio.TestPlatform.Common.ExtensionFramework.TestPluginCache.CurrentDomainAssemblyResolve(Object sender, AssemblyResolveEventArgs args)
   at Microsoft.VisualStudio.TestPlatform.PlatformAbstractions.PlatformAssemblyResolver.AssemblyResolverEvent(Object sender, Object eventArgs)
   at System.Runtime.Loader.AssemblyLoadContext.GetFirstResolvedAssemblyFromResolvingEvent(AssemblyName assemblyName)
   at System.Runtime.Loader.AssemblyLoadContext.ResolveUsingEvent(AssemblyName assemblyName)
   at System.Runtime.Loader.AssemblyLoadContext.ResolveUsingResolvingEvent(IntPtr gchManagedAssemblyLoadContext, AssemblyName assemblyName)
TpTrace Information: 0 : 151064, 1, 2022/10/17, 10:50:33.051, 4029793071047, vstest.console.dll, AssemblyResolver.OnResolve: Microsoft.TestPlatform.Extensions.BlameDataCollector: Resolving assembly.
TpTrace Information: 0 : 151064, 1, 2022/10/17, 10:50:33.052, 4029793072347, vstest.console.dll, AssemblyResolver.OnResolve: Microsoft.TestPlatform.Extensions.BlameDataCollector: Searching in: 'C:\Program Files\dotnet\sdk\5.0.411\Extensions'.
TpTrace Information: 0 : 151064, 1, 2022/10/17, 10:50:33.067, 4029793228439, vstest.console.dll, AssemblyResolver.OnResolve: Microsoft.TestPlatform.Extensions.BlameDataCollector: Loading assembly 'C:\Program Files\dotnet\sdk\5.0.411\Extensions\Microsoft.TestPlatform.Extensions.BlameDataCollector.dll'.
TpTrace Information: 0 : 151064, 1, 2022/10/17, 10:50:33.069, 4029793251004, vstest.console.dll, AssemblyResolver.OnResolve: Resolved assembly: Microsoft.TestPlatform.Extensions.BlameDataCollector, from path: C:\Program Files\dotnet\sdk\5.0.411\Extensions\Microsoft.TestPlatform.Extensions.BlameDataCollector.dll
TpTrace Information: 0 : 151064, 1, 2022/10/17, 10:50:33.071, 4029793266832, vstest.console.dll, AssemblyResolver.OnResolve: Microsoft.TestPlatform.Extensions.EventLogCollector: Resolving assembly.
TpTrace Information: 0 : 151064, 1, 2022/10/17, 10:50:33.071, 4029793268716, vstest.console.dll, AssemblyResolver.OnResolve: Microsoft.TestPlatform.Extensions.EventLogCollector: Searching in: 'C:\Program Files\dotnet\sdk\5.0.411\Extensions'.
TpTrace Information: 0 : 151064, 1, 2022/10/17, 10:50:33.088, 4029793434928, vstest.console.dll, AssemblyResolver.OnResolve: Microsoft.TestPlatform.Extensions.EventLogCollector: Loading assembly 'C:\Program Files\dotnet\sdk\5.0.411\Extensions\Microsoft.TestPlatform.Extensions.EventLogCollector.dll'.
TpTrace Information: 0 : 151064, 1, 2022/10/17, 10:50:33.089, 4029793442593, vstest.console.dll, AssemblyResolver.OnResolve: Resolved assembly: Microsoft.TestPlatform.Extensions.EventLogCollector, from path: C:\Program Files\dotnet\sdk\5.0.411\Extensions\Microsoft.TestPlatform.Extensions.EventLogCollector.dll
TpTrace Information: 0 : 151064, 1, 2022/10/17, 10:50:33.125, 4029793807625, vstest.console.dll, AssemblyResolver.OnResolve: Microsoft.TestPlatform.TestHostRuntimeProvider: Resolving assembly.
TpTrace Information: 0 : 151064, 1, 2022/10/17, 10:50:33.125, 4029793810030, vstest.console.dll, AssemblyResolver.OnResolve: Microsoft.TestPlatform.TestHostRuntimeProvider: Searching in: 'C:\Program Files\dotnet\sdk\5.0.411\Extensions'.
TpTrace Information: 0 : 151064, 1, 2022/10/17, 10:50:33.136, 4029793912394, vstest.console.dll, AssemblyResolver.OnResolve: Microsoft.TestPlatform.TestHostRuntimeProvider: Loading assembly 'C:\Program Files\dotnet\sdk\5.0.411\Extensions\Microsoft.TestPlatform.TestHostRuntimeProvider.dll'.
TpTrace Information: 0 : 151064, 1, 2022/10/17, 10:50:33.136, 4029793920947, vstest.console.dll, AssemblyResolver.OnResolve: Resolved assembly: Microsoft.TestPlatform.TestHostRuntimeProvider, from path: C:\Program Files\dotnet\sdk\5.0.411\Extensions\Microsoft.TestPlatform.TestHostRuntimeProvider.dll
TpTrace Information: 0 : 151064, 1, 2022/10/17, 10:50:33.139, 4029793943835, vstest.console.dll, AssemblyResolver.OnResolve: Microsoft.VisualStudio.TestPlatform.Extensions.Html.TestLogger: Resolving assembly.
TpTrace Information: 0 : 151064, 1, 2022/10/17, 10:50:33.139, 4029793945884, vstest.console.dll, AssemblyResolver.OnResolve: Microsoft.VisualStudio.TestPlatform.Extensions.Html.TestLogger: Searching in: 'C:\Program Files\dotnet\sdk\5.0.411\Extensions'.
TpTrace Information: 0 : 151064, 1, 2022/10/17, 10:50:33.150, 4029794056227, vstest.console.dll, AssemblyResolver.OnResolve: Microsoft.VisualStudio.TestPlatform.Extensions.Html.TestLogger: Loading assembly 'C:\Program Files\dotnet\sdk\5.0.411\Extensions\Microsoft.VisualStudio.TestPlatform.Extensions.Html.TestLogger.dll'.
TpTrace Information: 0 : 151064, 1, 2022/10/17, 10:50:33.152, 4029794073816, vstest.console.dll, AssemblyResolver.OnResolve: Resolved assembly: Microsoft.VisualStudio.TestPlatform.Extensions.Html.TestLogger, from path: C:\Program Files\dotnet\sdk\5.0.411\Extensions\Microsoft.VisualStudio.TestPlatform.Extensions.Html.TestLogger.dll
TpTrace Information: 0 : 151064, 1, 2022/10/17, 10:50:33.152, 4029794079569, vstest.console.dll, AssemblyResolver.OnResolve: Microsoft.VisualStudio.TestPlatform.Extensions.Trx.TestLogger: Resolving assembly.
TpTrace Information: 0 : 151064, 1, 2022/10/17, 10:50:33.152, 4029794081131, vstest.console.dll, AssemblyResolver.OnResolve: Microsoft.VisualStudio.TestPlatform.Extensions.Trx.TestLogger: Searching in: 'C:\Program Files\dotnet\sdk\5.0.411\Extensions'.
TpTrace Information: 0 : 151064, 1, 2022/10/17, 10:50:33.166, 4029794219966, vstest.console.dll, AssemblyResolver.OnResolve: Microsoft.VisualStudio.TestPlatform.Extensions.Trx.TestLogger: Loading assembly 'C:\Program Files\dotnet\sdk\5.0.411\Extensions\Microsoft.VisualStudio.TestPlatform.Extensions.Trx.TestLogger.dll'.
TpTrace Information: 0 : 151064, 1, 2022/10/17, 10:50:33.168, 4029794240834, vstest.console.dll, AssemblyResolver.OnResolve: Resolved assembly: Microsoft.VisualStudio.TestPlatform.Extensions.Trx.TestLogger, from path: C:\Program Files\dotnet\sdk\5.0.411\Extensions\Microsoft.VisualStudio.TestPlatform.Extensions.Trx.TestLogger.dll
TpTrace Verbose: 0 : 151064, 1, 2022/10/17, 10:50:33.169, 4029794249888, vstest.console.dll, TestPluginCache: Discovered the extensions using extension path ''.
TpTrace Verbose: 0 : 151064, 1, 2022/10/17, 10:50:33.169, 4029794251598, vstest.console.dll, TestPluginCache: Discoverers are ''.
TpTrace Verbose: 0 : 151064, 1, 2022/10/17, 10:50:33.170, 4029794252696, vstest.console.dll, TestPluginCache: Executors are ''.
TpTrace Verbose: 0 : 151064, 1, 2022/10/17, 10:50:33.170, 4029794253696, vstest.console.dll, TestPluginCache: Executors2 are ''.
TpTrace Verbose: 0 : 151064, 1, 2022/10/17, 10:50:33.170, 4029794254706, vstest.console.dll, TestPluginCache: Setting providers are ''.
TpTrace Verbose: 0 : 151064, 1, 2022/10/17, 10:50:33.170, 4029794255738, vstest.console.dll, TestPluginCache: Loggers are ''.
TpTrace Information: 0 : 151064, 1, 2022/10/17, 10:50:33.177, 4029794327834, vstest.console.dll, RunTestsArgumentProcessor:Execute: Test run is starting.
TpTrace Verbose: 0 : 151064, 1, 2022/10/17, 10:50:33.177, 4029794329705, vstest.console.dll, RunTestsArgumentProcessor:Execute: Queuing Test run.
TpTrace Information: 0 : 151064, 1, 2022/10/17, 10:50:33.178, 4029794333324, vstest.console.dll, TestRequestManager.RunTests: run tests started.
TpTrace Information: 0 : 151064, 1, 2022/10/17, 10:50:33.249, 4029795048418, vstest.console.dll, AssemblyMetadataProvider.GetFrameWork: Determined framework:'.NETCoreApp,Version=v3.1' for source: 'D:\Desenvolvimento\RepositoryOrbitB1\OrbitService\OrbitService\test\Atualiza-NFe-Test\Orbit_Service_Test\bin\Debug\netcoreapp3.1\fine-code-coverage\build-output\Orbit_Service_Test.dll'
TpTrace Information: 0 : 151064, 1, 2022/10/17, 10:50:33.250, 4029795052547, vstest.console.dll, Determined framework for all sources: .NETCoreApp,Version=v3.1
TpTrace Information: 0 : 151064, 1, 2022/10/17, 10:50:33.250, 4029795060147, vstest.console.dll, AssemblyMetadataProvider.GetArchitecture: Determined architecture:AnyCPU info for assembly: D:\Desenvolvimento\RepositoryOrbitB1\OrbitService\OrbitService\test\Atualiza-NFe-Test\Orbit_Service_Test\bin\Debug\netcoreapp3.1\fine-code-coverage\build-output\Orbit_Service_Test.dll
TpTrace Information: 0 : 151064, 1, 2022/10/17, 10:50:33.253, 4029795087483, vstest.console.dll, Determined platform for all sources: X64
TpTrace Information: 0 : 151064, 1, 2022/10/17, 10:50:33.257, 4029795122498, vstest.console.dll, Compatible sources list : 
TpTrace Information: 0 : 151064, 1, 2022/10/17, 10:50:33.257, 4029795124911, vstest.console.dll, D:\Desenvolvimento\RepositoryOrbitB1\OrbitService\OrbitService\test\Atualiza-NFe-Test\Orbit_Service_Test\bin\Debug\netcoreapp3.1\fine-code-coverage\build-output\Orbit_Service_Test.dll
TpTrace Information: 0 : 151064, 1, 2022/10/17, 10:50:33.283, 4029795386163, vstest.console.dll, InferRunSettingsHelper.IsTestSettingsEnabled: Unable to navigate to RunSettings/MSTest. Current node: RunSettings
TpTrace Information: 0 : 151064, 1, 2022/10/17, 10:50:33.284, 4029795400267, vstest.console.dll, AssemblyResolver.OnResolve: Microsoft.VisualStudio.TestPlatform.Fakes: Resolving assembly.
TpTrace Information: 0 : 151064, 1, 2022/10/17, 10:50:33.285, 4029795402220, vstest.console.dll, AssemblyResolver.OnResolve: Microsoft.VisualStudio.TestPlatform.Fakes: Searching in: 'C:\Program Files\dotnet\sdk\5.0.411\Extensions'.
TpTrace Information: 0 : 151064, 1, 2022/10/17, 10:50:33.285, 4029795404554, vstest.console.dll, AssemblyResolver.OnResolve: Microsoft.VisualStudio.TestPlatform.Fakes: Assembly path does not exist: 'C:\Program Files\dotnet\sdk\5.0.411\Extensions\Microsoft.VisualStudio.TestPlatform.Fakes.dll', returning.
TpTrace Information: 0 : 151064, 1, 2022/10/17, 10:50:33.285, 4029795406434, vstest.console.dll, AssemblyResolver.OnResolve: Microsoft.VisualStudio.TestPlatform.Fakes: Assembly path does not exist: 'C:\Program Files\dotnet\sdk\5.0.411\Extensions\Microsoft.VisualStudio.TestPlatform.Fakes.exe', returning.
TpTrace Information: 0 : 151064, 1, 2022/10/17, 10:50:33.285, 4029795407527, vstest.console.dll, AssemblyResolver.OnResolve: Microsoft.VisualStudio.TestPlatform.Fakes: Searching in: 'C:\Program Files\dotnet\sdk\5.0.411'.
TpTrace Information: 0 : 151064, 1, 2022/10/17, 10:50:33.285, 4029795409057, vstest.console.dll, AssemblyResolver.OnResolve: Microsoft.VisualStudio.TestPlatform.Fakes: Assembly path does not exist: 'C:\Program Files\dotnet\sdk\5.0.411\Microsoft.VisualStudio.TestPlatform.Fakes.dll', returning.
TpTrace Information: 0 : 151064, 1, 2022/10/17, 10:50:33.285, 4029795410486, vstest.console.dll, AssemblyResolver.OnResolve: Microsoft.VisualStudio.TestPlatform.Fakes: Assembly path does not exist: 'C:\Program Files\dotnet\sdk\5.0.411\Microsoft.VisualStudio.TestPlatform.Fakes.exe', returning.
TpTrace Information: 0 : 151064, 1, 2022/10/17, 10:50:33.286, 4029795411642, vstest.console.dll, AssemblyResolver.OnResolve: Microsoft.VisualStudio.TestPlatform.Fakes: Failed to load assembly.
TpTrace Information: 0 : 151064, 1, 2022/10/17, 10:50:33.286, 4029795417329, vstest.console.dll, Failed to create newly implemented Fakes Configurator. Reason:System.IO.FileNotFoundException: Could not load file or assembly 'Microsoft.VisualStudio.TestPlatform.Fakes, Version=16.0.0.0, Culture=neutral, PublicKeyToken=null'. The system cannot find the file specified.
File name: 'Microsoft.VisualStudio.TestPlatform.Fakes, Version=16.0.0.0, Culture=neutral, PublicKeyToken=null'
   at System.Reflection.RuntimeAssembly.InternalLoad(ObjectHandleOnStack assemblyName, ObjectHandleOnStack requestingAssembly, StackCrawlMarkHandle stackMark, Boolean throwOnFileNotFound, ObjectHandleOnStack assemblyLoadContext, ObjectHandleOnStack retAssembly)
   at System.Reflection.RuntimeAssembly.InternalLoad(AssemblyName assemblyName, RuntimeAssembly requestingAssembly, StackCrawlMark& stackMark, Boolean throwOnFileNotFound, AssemblyLoadContext assemblyLoadContext)
   at System.Reflection.Assembly.Load(AssemblyName assemblyRef)
   at Microsoft.VisualStudio.TestPlatform.Common.Utilities.FakesUtilities.TryGetFakesCrossPlatformDataCollectorConfigurator() 
TpTrace Verbose: 0 : 151064, 1, 2022/10/17, 10:50:33.297, 4029795529716, vstest.console.dll, TestPluginCache.DiscoverTestExtensions: finding test extensions in assemblies ends with: TestLogger.dll TPluginInfo: Microsoft.VisualStudio.TestPlatform.Common.ExtensionFramework.Utilities.TestLoggerPluginInformation TExtension: Microsoft.VisualStudio.TestPlatform.ObjectModel.Client.ITestLogger
TpTrace Verbose: 0 : 151064, 1, 2022/10/17, 10:50:33.298, 4029795531811, vstest.console.dll, TestPluginCache.GetExtensionPaths: Filtered extension paths: 
TpTrace Verbose: 0 : 151064, 1, 2022/10/17, 10:50:33.298, 4029795533047, vstest.console.dll, TestPluginCache.GetExtensionPaths: Added default extension paths: C:\Program Files\dotnet\sdk\5.0.411\Extensions\Microsoft.Diagnostics.NETCore.Client.dll
C:\Program Files\dotnet\sdk\5.0.411\Extensions\Microsoft.TestPlatform.Extensions.BlameDataCollector.dll
C:\Program Files\dotnet\sdk\5.0.411\Extensions\Microsoft.TestPlatform.Extensions.EventLogCollector.dll
C:\Program Files\dotnet\sdk\5.0.411\Extensions\Microsoft.TestPlatform.TestHostRuntimeProvider.dll
C:\Program Files\dotnet\sdk\5.0.411\Extensions\Microsoft.VisualStudio.TestPlatform.Extensions.Html.TestLogger.dll
C:\Program Files\dotnet\sdk\5.0.411\Extensions\Microsoft.VisualStudio.TestPlatform.Extensions.Trx.TestLogger.dll
TpTrace Verbose: 0 : 151064, 1, 2022/10/17, 10:50:33.298, 4029795534243, vstest.console.dll, TestPluginCache.GetExtensionPaths: Added unfilterableExtensionPaths: 
TpTrace Information: 0 : 151064, 1, 2022/10/17, 10:50:33.298, 4029795537270, vstest.console.dll, AssemblyResolver.AddSearchDirectories: Adding more searchDirectories C:\Program Files\dotnet\sdk\5.0.411\Extensions,C:\Program Files\dotnet\sdk\5.0.411
TpTrace Verbose: 0 : 151064, 1, 2022/10/17, 10:50:33.298, 4029795538900, vstest.console.dll, TestPluginCache.DiscoverTestExtensions: Discovering the extensions using extension path.
TpTrace Verbose: 0 : 151064, 1, 2022/10/17, 10:50:33.298, 4029795540091, vstest.console.dll, TestPluginCache.GetExtensionPaths: Filtered extension paths: 
TpTrace Verbose: 0 : 151064, 1, 2022/10/17, 10:50:33.298, 4029795541151, vstest.console.dll, TestPluginCache.GetExtensionPaths: Added default extension paths: C:\Program Files\dotnet\sdk\5.0.411\Extensions\Microsoft.Diagnostics.NETCore.Client.dll
C:\Program Files\dotnet\sdk\5.0.411\Extensions\Microsoft.TestPlatform.Extensions.BlameDataCollector.dll
C:\Program Files\dotnet\sdk\5.0.411\Extensions\Microsoft.TestPlatform.Extensions.EventLogCollector.dll
C:\Program Files\dotnet\sdk\5.0.411\Extensions\Microsoft.TestPlatform.TestHostRuntimeProvider.dll
C:\Program Files\dotnet\sdk\5.0.411\Extensions\Microsoft.VisualStudio.TestPlatform.Extensions.Html.TestLogger.dll
C:\Program Files\dotnet\sdk\5.0.411\Extensions\Microsoft.VisualStudio.TestPlatform.Extensions.Trx.TestLogger.dll
TpTrace Verbose: 0 : 151064, 1, 2022/10/17, 10:50:33.299, 4029795542318, vstest.console.dll, TestPluginCache.GetExtensionPaths: Added unfilterableExtensionPaths: 
TpTrace Verbose: 0 : 151064, 1, 2022/10/17, 10:50:33.299, 4029795543434, vstest.console.dll, TestPluginCache.DiscoverTestExtensions: Discovering the extensions using allExtensionPaths: C:\Program Files\dotnet\sdk\5.0.411\Extensions\Microsoft.Diagnostics.NETCore.Client.dll
C:\Program Files\dotnet\sdk\5.0.411\Extensions\Microsoft.TestPlatform.Extensions.BlameDataCollector.dll
C:\Program Files\dotnet\sdk\5.0.411\Extensions\Microsoft.TestPlatform.Extensions.EventLogCollector.dll
C:\Program Files\dotnet\sdk\5.0.411\Extensions\Microsoft.TestPlatform.TestHostRuntimeProvider.dll
C:\Program Files\dotnet\sdk\5.0.411\Extensions\Microsoft.VisualStudio.TestPlatform.Extensions.Html.TestLogger.dll
C:\Program Files\dotnet\sdk\5.0.411\Extensions\Microsoft.VisualStudio.TestPlatform.Extensions.Trx.TestLogger.dll
TpTrace Information: 0 : 151064, 1, 2022/10/17, 10:50:33.299, 4029795544837, vstest.console.dll, AssemblyResolver.AddSearchDirectories: Adding more searchDirectories C:\Program Files\dotnet\sdk\5.0.411\Extensions,C:\Program Files\dotnet\sdk\5.0.411
TpTrace Information: 0 : 151064, 1, 2022/10/17, 10:50:33.299, 4029795545938, vstest.console.dll, AssemblyResolver.AddSearchDirectories: Adding more searchDirectories C:\Program Files\dotnet\sdk\5.0.411\Extensions,C:\Program Files\dotnet\sdk\5.0.411
TpTrace Information: 0 : 151064, 1, 2022/10/17, 10:50:33.299, 4029795547013, vstest.console.dll, AssemblyResolver.AddSearchDirectories: Adding more searchDirectories C:\Program Files\dotnet\sdk\5.0.411\Extensions,C:\Program Files\dotnet\sdk\5.0.411
TpTrace Information: 0 : 151064, 1, 2022/10/17, 10:50:33.299, 4029795548186, vstest.console.dll, AssemblyResolver.AddSearchDirectories: Adding more searchDirectories C:\Program Files\dotnet\sdk\5.0.411\Extensions,C:\Program Files\dotnet\sdk\5.0.411
TpTrace Information: 0 : 151064, 1, 2022/10/17, 10:50:33.299, 4029795549287, vstest.console.dll, AssemblyResolver.AddSearchDirectories: Adding more searchDirectories C:\Program Files\dotnet\sdk\5.0.411\Extensions,C:\Program Files\dotnet\sdk\5.0.411
TpTrace Information: 0 : 151064, 1, 2022/10/17, 10:50:33.299, 4029795550454, vstest.console.dll, AssemblyResolver.AddSearchDirectories: Adding more searchDirectories C:\Program Files\dotnet\sdk\5.0.411\Extensions,C:\Program Files\dotnet\sdk\5.0.411
TpTrace Information: 0 : 151064, 1, 2022/10/17, 10:50:33.300, 4029795554747, vstest.console.dll, AssemblyResolver.OnResolve: Microsoft.Bcl.AsyncInterfaces: Resolving assembly.
TpTrace Information: 0 : 151064, 1, 2022/10/17, 10:50:33.300, 4029795556200, vstest.console.dll, AssemblyResolver.OnResolve: Microsoft.Bcl.AsyncInterfaces: Resolved from cache.
TpTrace Verbose: 0 : 151064, 1, 2022/10/17, 10:50:33.300, 4029795557380, vstest.console.dll, CurrentDomainAssemblyResolve: Resolving assembly 'Microsoft.Bcl.AsyncInterfaces'.
TpTrace Information: 0 : 151064, 1, 2022/10/17, 10:50:33.300, 4029795558690, vstest.console.dll, AssemblyResolver.OnResolve: Microsoft.Bcl.AsyncInterfaces: Resolving assembly.
TpTrace Information: 0 : 151064, 1, 2022/10/17, 10:50:33.300, 4029795559764, vstest.console.dll, AssemblyResolver.OnResolve: Microsoft.Bcl.AsyncInterfaces: Resolved from cache.
TpTrace Verbose: 0 : 151064, 1, 2022/10/17, 10:50:33.300, 4029795560947, vstest.console.dll, CurrentDomainAssemblyResolve: Resolving assembly 'Microsoft.Bcl.AsyncInterfaces'.
TpTrace Verbose: 0 : 151064, 1, 2022/10/17, 10:50:33.301, 4029795570731, vstest.console.dll, CurrentDomainAssemblyResolve: Failed to resolve assembly 'Microsoft.Bcl.AsyncInterfaces'.
TpTrace Verbose: 0 : 151064, 1, 2022/10/17, 10:50:33.302, 4029795574873, vstest.console.dll, CurrentDomainAssemblyResolve: Failed to resolve assembly 'Microsoft.Bcl.AsyncInterfaces'.
TpTrace Warning: 0 : 151064, 1, 2022/10/17, 10:50:33.303, 4029795582093, vstest.console.dll, TestPluginDiscoverer: Failed to get types from assembly 'Microsoft.Diagnostics.NETCore.Client, Version=0.2.2.41902, Culture=neutral, PublicKeyToken=31bf3856ad364e35'.  Skipping test extension scan for this assembly.  Error: System.Reflection.ReflectionTypeLoadException: Unable to load one or more of the requested types.
Could not load file or assembly 'Microsoft.Bcl.AsyncInterfaces, Version=1.0.0.0, Culture=neutral, PublicKeyToken=cc7b13ffcd2ddd51'. The system cannot find the file specified.
   at System.Reflection.RuntimeModule.GetTypes(RuntimeModule module)
   at System.Reflection.Assembly.GetTypes()
   at Microsoft.VisualStudio.TestPlatform.Common.ExtensionFramework.TestPluginDiscoverer.GetTestExtensionsFromAssembly[TPluginInfo,TExtension](Assembly assembly, Dictionary`2 pluginInfos)
System.IO.FileNotFoundException: Could not load file or assembly 'Microsoft.Bcl.AsyncInterfaces, Version=1.0.0.0, Culture=neutral, PublicKeyToken=cc7b13ffcd2ddd51'. The system cannot find the file specified.
File name: 'Microsoft.Bcl.AsyncInterfaces, Version=1.0.0.0, Culture=neutral, PublicKeyToken=cc7b13ffcd2ddd51'
 ---> System.IO.FileNotFoundException: Could not load file or assembly 'Microsoft.Bcl.AsyncInterfaces, Culture=neutral, PublicKeyToken=null'. The system cannot find the file specified.
File name: 'Microsoft.Bcl.AsyncInterfaces, Culture=neutral, PublicKeyToken=null'
   at System.Reflection.RuntimeAssembly.InternalLoad(ObjectHandleOnStack assemblyName, ObjectHandleOnStack requestingAssembly, StackCrawlMarkHandle stackMark, Boolean throwOnFileNotFound, ObjectHandleOnStack assemblyLoadContext, ObjectHandleOnStack retAssembly)
   at System.Reflection.RuntimeAssembly.InternalLoad(AssemblyName assemblyName, RuntimeAssembly requestingAssembly, StackCrawlMark& stackMark, Boolean throwOnFileNotFound, AssemblyLoadContext assemblyLoadContext)
   at System.Reflection.Assembly.Load(AssemblyName assemblyRef)
   at Microsoft.VisualStudio.TestPlatform.Common.ExtensionFramework.TestPluginCache.CurrentDomainAssemblyResolve(Object sender, AssemblyResolveEventArgs args)
   at Microsoft.VisualStudio.TestPlatform.PlatformAbstractions.PlatformAssemblyResolver.AssemblyResolverEvent(Object sender, Object eventArgs)
   at System.Runtime.Loader.AssemblyLoadContext.GetFirstResolvedAssemblyFromResolvingEvent(AssemblyName assemblyName)
   at System.Runtime.Loader.AssemblyLoadContext.ResolveUsingEvent(AssemblyName assemblyName)
   at System.Runtime.Loader.AssemblyLoadContext.ResolveUsingResolvingEvent(IntPtr gchManagedAssemblyLoadContext, AssemblyName assemblyName)
TpTrace Warning: 0 : 151064, 1, 2022/10/17, 10:50:33.303, 4029795585789, vstest.console.dll, LoaderExceptions: System.IO.FileNotFoundException: Could not load file or assembly 'Microsoft.Bcl.AsyncInterfaces, Version=1.0.0.0, Culture=neutral, PublicKeyToken=cc7b13ffcd2ddd51'. The system cannot find the file specified.
File name: 'Microsoft.Bcl.AsyncInterfaces, Version=1.0.0.0, Culture=neutral, PublicKeyToken=cc7b13ffcd2ddd51'
 ---> System.IO.FileNotFoundException: Could not load file or assembly 'Microsoft.Bcl.AsyncInterfaces, Culture=neutral, PublicKeyToken=null'. The system cannot find the file specified.
File name: 'Microsoft.Bcl.AsyncInterfaces, Culture=neutral, PublicKeyToken=null'
   at System.Reflection.RuntimeAssembly.InternalLoad(ObjectHandleOnStack assemblyName, ObjectHandleOnStack requestingAssembly, StackCrawlMarkHandle stackMark, Boolean throwOnFileNotFound, ObjectHandleOnStack assemblyLoadContext, ObjectHandleOnStack retAssembly)
   at System.Reflection.RuntimeAssembly.InternalLoad(AssemblyName assemblyName, RuntimeAssembly requestingAssembly, StackCrawlMark& stackMark, Boolean throwOnFileNotFound, AssemblyLoadContext assemblyLoadContext)
   at System.Reflection.Assembly.Load(AssemblyName assemblyRef)
   at Microsoft.VisualStudio.TestPlatform.Common.ExtensionFramework.TestPluginCache.CurrentDomainAssemblyResolve(Object sender, AssemblyResolveEventArgs args)
   at Microsoft.VisualStudio.TestPlatform.PlatformAbstractions.PlatformAssemblyResolver.AssemblyResolverEvent(Object sender, Object eventArgs)
   at System.Runtime.Loader.AssemblyLoadContext.GetFirstResolvedAssemblyFromResolvingEvent(AssemblyName assemblyName)
   at System.Runtime.Loader.AssemblyLoadContext.ResolveUsingEvent(AssemblyName assemblyName)
   at System.Runtime.Loader.AssemblyLoadContext.ResolveUsingResolvingEvent(IntPtr gchManagedAssemblyLoadContext, AssemblyName assemblyName)
TpTrace Verbose: 0 : 151064, 1, 2022/10/17, 10:50:33.304, 4029795593337, vstest.console.dll, TestPluginCache: Discovered the extensions using extension path ''.
TpTrace Verbose: 0 : 151064, 1, 2022/10/17, 10:50:33.304, 4029795595019, vstest.console.dll, TestPluginCache: Discoverers are ''.
TpTrace Verbose: 0 : 151064, 1, 2022/10/17, 10:50:33.304, 4029795596132, vstest.console.dll, TestPluginCache: Executors are ''.
TpTrace Verbose: 0 : 151064, 1, 2022/10/17, 10:50:33.304, 4029795597143, vstest.console.dll, TestPluginCache: Executors2 are ''.
TpTrace Verbose: 0 : 151064, 1, 2022/10/17, 10:50:33.304, 4029795598133, vstest.console.dll, TestPluginCache: Setting providers are ''.
TpTrace Verbose: 0 : 151064, 1, 2022/10/17, 10:50:33.304, 4029795599810, vstest.console.dll, TestPluginCache: Loggers are 'logger://Microsoft/TestPlatform/Extensions/Blame/v1,logger://Microsoft/TestPlatform/HtmlLogger/v1,logger://Microsoft/TestPlatform/TrxLogger/v1'.
TpTrace Information: 0 : 151064, 1, 2022/10/17, 10:50:33.305, 4029795610433, vstest.console.dll, TestPluginManager.CreateTestExtension: Attempting to load test extension: Microsoft.TestPlatform.Extensions.BlameDataCollector.BlameLogger
TpTrace Information: 0 : 151064, 1, 2022/10/17, 10:50:33.341, 4029795965653, vstest.console.dll, TestPluginManager.CreateTestExtension: Attempting to load test extension: Microsoft.VisualStudio.TestPlatform.CrossPlatEngine.Hosting.DefaultTestHostManager
TpTrace Information: 0 : 151064, 1, 2022/10/17, 10:50:33.342, 4029795971677, vstest.console.dll, TestPluginManager.CreateTestExtension: Attempting to load test extension: Microsoft.VisualStudio.TestPlatform.CrossPlatEngine.Hosting.DotnetTestHostManager
TpTrace Verbose: 0 : 151064, 1, 2022/10/17, 10:50:33.342, 4029795980281, vstest.console.dll, TestEngine: Initializing Parallel Execution as MaxCpuCount is set to: 1
TpTrace Information: 0 : 151064, 1, 2022/10/17, 10:50:33.344, 4029795994753, vstest.console.dll, InferRunSettingsHelper.IsTestSettingsEnabled: Unable to navigate to RunSettings/MSTest. Current node: RunSettings
TpTrace Verbose: 0 : 151064, 1, 2022/10/17, 10:50:33.606, 4029798621259, vstest.console.dll, TestRequestSender is acting as server
TpTrace Verbose: 0 : 151064, 5, 2022/10/17, 10:50:33.615, 4029798704656, vstest.console.dll, DataCollectionRequestSender.InitializeCommunication : Initialize communication. 
TpTrace Information: 0 : 151064, 5, 2022/10/17, 10:50:33.643, 4029798990568, vstest.console.dll, Listening on Endpoint : 127.0.0.1:53967
TpTrace Verbose: 0 : 151064, 5, 2022/10/17, 10:50:33.653, 4029799090355, vstest.console.dll, DotnetDataCollectionLauncher: Full path of dotnet.exe is C:\Program Files\dotnet\dotnet.exe
TpTrace Verbose: 0 : 151064, 5, 2022/10/17, 10:50:33.664, 4029799201157, vstest.console.dll, DotnetDataCollectionLauncher: Adding  --runtimeconfig "C:\Program Files\dotnet\sdk\5.0.411\datacollector.runtimeconfig.json" in args
TpTrace Verbose: 0 : 151064, 5, 2022/10/17, 10:50:33.672, 4029799280448, vstest.console.dll, DotnetDataCollectionLauncher: Adding  --depsfile "C:\Program Files\dotnet\sdk\5.0.411\datacollector.deps.json" in args
TpTrace Information: 0 : 151064, 5, 2022/10/17, 10:50:33.691, 4029799465915, vstest.console.dll, ProxyDataCollectionManager.Initialize: Launched datacollector processId: 74192 port: 53967
TpTrace Information: 0 : 151064, 5, 2022/10/17, 10:50:33.691, 4029799469314, vstest.console.dll, ProxyDataCollectionManager.Initialize: waiting for connection with timeout: 90 seconds
TpTrace Verbose: 0 : 151064, 5, 2022/10/17, 10:50:33.692, 4029799471206, vstest.console.dll, DataCollectionRequestSender.WaitForRequestHandlerConnection : Waiting for connection with timeout: 90000
TpTrace Information: 0 : 151064, 8, 2022/10/17, 10:50:33.915, 4029801702332, vstest.console.dll, Using the buffer size of 16384 bytes
TpTrace Verbose: 0 : 151064, 5, 2022/10/17, 10:50:33.915, 4029801703659, vstest.console.dll, ProxyDataCollectionManager.InvokeDataCollectionServiceAction: Starting.
TpTrace Information: 0 : 151064, 8, 2022/10/17, 10:50:33.915, 4029801706454, vstest.console.dll, Accepted Client request and set the flag
TpTrace Information: 0 : 151064, 5, 2022/10/17, 10:50:33.915, 4029801706894, vstest.console.dll, ProxyDataCollectionManager.BeforeTestRunStart: Get environment variable and port for datacollector processId: 74192 port: 53967
TpTrace Verbose: 0 : 151064, 5, 2022/10/17, 10:50:33.916, 4029801711037, vstest.console.dll, DataCollectionRequestSender.SendBeforeTestRunStartAndGetResult : Send BeforeTestRunStart message with settingsXml <RunSettings><RunConfiguration><ResultsDirectory>D:\Desenvolvimento\RepositoryOrbitB1\OrbitService\OrbitService\test\Atualiza-NFe-Test\Orbit_Service_Test\bin\Debug\netcoreapp3.1\fine-code-coverage\coverage-tool-output</ResultsDirectory><TargetPlatform>X64</TargetPlatform><TargetFrameworkVersion>.NETCoreApp,Version=v3.1</TargetFrameworkVersion><DesignMode>False</DesignMode><CollectSourceInformation>False</CollectSourceInformation><TestAdaptersPaths>C:\Program Files\dotnet\sdk\5.0.411\Extensions</TestAdaptersPaths></RunConfiguration><LoggerRunSettings><Loggers><Logger friendlyName="blame" enabled="True" /><Logger friendlyName="Console" uri="logger://microsoft/TestPlatform/ConsoleLogger/v1" assemblyQualifiedName="Microsoft.VisualStudio.TestPlatform.CommandLine.Internal.ConsoleLogger, vstest.console, Version=15.0.0.0, Culture=neutral, PublicKeyToken=b03f5f7f11d50a3a" codeBase="C:\Program Files\dotnet\sdk\5.0.411\vstest.console.dll" enabled="True" /></Loggers></LoggerRunSettings><DataCollectionRunSettings><DataCollectors><DataCollector friendlyName="blame" enabled="True"><Configuration><ResultsDirectory>D:\Desenvolvimento\RepositoryOrbitB1\OrbitService\OrbitService\test\Atualiza-NFe-Test\Orbit_Service_Test\bin\Debug\netcoreapp3.1\fine-code-coverage\coverage-tool-output</ResultsDirectory></Configuration></DataCollector></DataCollectors></DataCollectionRunSettings></RunSettings> and sources System.Linq.Enumerable+Concat2Iterator`1[System.String]: 
TpTrace Verbose: 0 : 151064, 5, 2022/10/17, 10:50:34.734, 4029809892407, vstest.console.dll, DataCollectionRequestSender.SendBeforeTestRunStartAndGetResult : Received message: (DataCollection.SendMessage) -> {
  "FriendlyName": null,
  "Uri": null,
  "TestCaseId": "00000000-0000-0000-0000-000000000000",
  "Message": "Logging DataCollector Diagnostics in file: D:\\Desenvolvimento\\RepositoryOrbitB1\\OrbitService\\OrbitService\\test\\Atualiza-NFe-Test\\Orbit_Service_Test\\bin\\Debug\\netcoreapp3.1\\fine-code-coverage\\coverage-tool-output\\diagnostics.datacollector.22-10-17_10-50-33_65320_5.log",
  "Level": 0
}
TpTrace Verbose: 0 : 151064, 5, 2022/10/17, 10:50:34.950, 4029812053668, vstest.console.dll, DataCollectionRequestSender.SendBeforeTestRunStartAndGetResult : Received message: (DataCollection.BeforeTestRunStartResult) -> {
  "EnvironmentVariables": {},
  "DataCollectionEventsPort": 53977
}
TpTrace Information: 0 : 151064, 5, 2022/10/17, 10:50:34.965, 4029812209198, vstest.console.dll, ProxyDataCollectionManager.BeforeTestRunStart: SendBeforeTestRunStartAndGetResult successful, env variable from datacollector:   and testhost port: 53977
TpTrace Information: 0 : 151064, 5, 2022/10/17, 10:50:34.966, 4029812211495, vstest.console.dll, ProxyDataCollectionManager.InvokeDataCollectionServiceAction: Completed.
TpTrace Verbose: 0 : 151064, 1, 2022/10/17, 10:50:34.966, 4029812214406, vstest.console.dll, TestRunRequest.ExecuteAsync: Creating test run request.
TpTrace Verbose: 0 : 151064, 1, 2022/10/17, 10:50:34.966, 4029812219852, vstest.console.dll, TestRunRequest.ExecuteAsync: Starting.
TpTrace Information: 0 : 151064, 1, 2022/10/17, 10:50:34.975, 4029812309811, vstest.console.dll, TestRunRequest.ExecuteAsync: Starting run with settings:TestRunCriteria:
   KeepAlive=False,FrequencyOfRunStatsChangeEvent=10,RunStatsChangeEventTimeout=00:00:01.5000000,TestCaseFilter=,TestExecutorLauncher=
   Settingsxml=<RunSettings>
  <RunConfiguration>
    <ResultsDirectory>D:\Desenvolvimento\RepositoryOrbitB1\OrbitService\OrbitService\test\Atualiza-NFe-Test\Orbit_Service_Test\bin\Debug\netcoreapp3.1\fine-code-coverage\coverage-tool-output</ResultsDirectory>
    <TargetPlatform>X64</TargetPlatform>
    <TargetFrameworkVersion>.NETCoreApp,Version=v3.1</TargetFrameworkVersion>
    <DesignMode>False</DesignMode>
    <CollectSourceInformation>False</CollectSourceInformation>
  </RunConfiguration>
  <LoggerRunSettings>
    <Loggers>
      <Logger friendlyName="blame" enabled="True" />
      <Logger friendlyName="Console" uri="logger://microsoft/TestPlatform/ConsoleLogger/v1" assemblyQualifiedName="Microsoft.VisualStudio.TestPlatform.CommandLine.Internal.ConsoleLogger, vstest.console, Version=15.0.0.0, Culture=neutral, PublicKeyToken=b03f5f7f11d50a3a" codeBase="C:\Program Files\dotnet\sdk\5.0.411\vstest.console.dll" enabled="True" />
    </Loggers>
  </LoggerRunSettings>
  <DataCollectionRunSettings>
    <DataCollectors>
      <DataCollector friendlyName="blame" enabled="True">
        <Configuration>
          <ResultsDirectory>D:\Desenvolvimento\RepositoryOrbitB1\OrbitService\OrbitService\test\Atualiza-NFe-Test\Orbit_Service_Test\bin\Debug\netcoreapp3.1\fine-code-coverage\coverage-tool-output</ResultsDirectory>
        </Configuration>
      </DataCollector>
    </DataCollectors>
  </DataCollectionRunSettings>
</RunSettings>

TpTrace Verbose: 0 : 151064, 1, 2022/10/17, 10:50:34.976, 4029812311545, vstest.console.dll, TestRunRequest.ExecuteAsync: Wait for the first run request is over.
TpTrace Verbose: 0 : 151064, 1, 2022/10/17, 10:50:34.976, 4029812318588, vstest.console.dll, ParallelProxyExecutionManager: Start execution. Total sources: 1
TpTrace Information: 0 : 151064, 1, 2022/10/17, 10:50:34.977, 4029812326568, vstest.console.dll, ProxyParallelExecutionManager: Triggering test run for next source: D:\Desenvolvimento\RepositoryOrbitB1\OrbitService\OrbitService\test\Atualiza-NFe-Test\Orbit_Service_Test\bin\Debug\netcoreapp3.1\fine-code-coverage\build-output\Orbit_Service_Test.dll
TpTrace Verbose: 0 : 151064, 5, 2022/10/17, 10:50:34.977, 4029812329447, vstest.console.dll, ParallelProxyExecutionManager: Execution started. Started clients: 1
TpTrace Verbose: 0 : 151064, 1, 2022/10/17, 10:50:34.978, 4029812330708, vstest.console.dll, ProxyParallelExecutionManager: No sources available for execution.
TpTrace Information: 0 : 151064, 1, 2022/10/17, 10:50:34.978, 4029812333168, vstest.console.dll, TestRunRequest.ExecuteAsync: Started.
TpTrace Verbose: 0 : 151064, 1, 2022/10/17, 10:50:34.978, 4029812335081, vstest.console.dll, TestRunRequest.WaitForCompletion: Waiting with timeout -1.
TpTrace Verbose: 0 : 151064, 5, 2022/10/17, 10:50:34.978, 4029812335278, vstest.console.dll, TestRunRequest:SendTestRunMessage: Starting.
TpTrace Information: 0 : 151064, 5, 2022/10/17, 10:50:34.978, 4029812338707, vstest.console.dll, TestRunRequest:SendTestRunMessage: Completed.
TpTrace Verbose: 0 : 151064, 5, 2022/10/17, 10:50:34.979, 4029812342245, vstest.console.dll, ProxyExecutionManager: Test host is always Lazy initialize.
TpTrace Verbose: 0 : 151064, 5, 2022/10/17, 10:50:34.979, 4029812346463, vstest.console.dll, TestRequestSender.InitializeCommunication: initialize communication. 
TpTrace Information: 0 : 151064, 5, 2022/10/17, 10:50:34.980, 4029812353813, vstest.console.dll, SocketServer.Start: Listening on endpoint : 127.0.0.1:53978
TpTrace Verbose: 0 : 151064, 5, 2022/10/17, 10:50:34.981, 4029812364468, vstest.console.dll, DotnetTestHostmanager: Adding  --runtimeconfig "D:\Desenvolvimento\RepositoryOrbitB1\OrbitService\OrbitService\test\Atualiza-NFe-Test\Orbit_Service_Test\bin\Debug\netcoreapp3.1\fine-code-coverage\build-output\Orbit_Service_Test.runtimeconfig.json" in args
TpTrace Verbose: 0 : 151064, 5, 2022/10/17, 10:50:34.981, 4029812366318, vstest.console.dll, DotnetTestHostmanager: Adding  --depsfile "D:\Desenvolvimento\RepositoryOrbitB1\OrbitService\OrbitService\test\Atualiza-NFe-Test\Orbit_Service_Test\bin\Debug\netcoreapp3.1\fine-code-coverage\build-output\Orbit_Service_Test.deps.json" in args
TpTrace Verbose: 0 : 151064, 5, 2022/10/17, 10:50:34.981, 4029812369411, vstest.console.dll, DotnetTestHostManager: Testhost.exe/testhost.x86.exe found at path: D:\Desenvolvimento\RepositoryOrbitB1\OrbitService\OrbitService\test\Atualiza-NFe-Test\Orbit_Service_Test\bin\Debug\netcoreapp3.1\fine-code-coverage\build-output\testhost.exe
TpTrace Verbose: 0 : 151064, 5, 2022/10/17, 10:50:34.982, 4029812370807, vstest.console.dll, DotnetTestHostmanager: Full path of host exe is D:\Desenvolvimento\RepositoryOrbitB1\OrbitService\OrbitService\test\Atualiza-NFe-Test\Orbit_Service_Test\bin\Debug\netcoreapp3.1\fine-code-coverage\build-output\testhost.exe
TpTrace Verbose: 0 : 151064, 7, 2022/10/17, 10:50:34.983, 4029812382507, vstest.console.dll, DotnetTestHostManager: Starting process 'D:\Desenvolvimento\RepositoryOrbitB1\OrbitService\OrbitService\test\Atualiza-NFe-Test\Orbit_Service_Test\bin\Debug\netcoreapp3.1\fine-code-coverage\build-output\testhost.exe' with command line ' --runtimeconfig "D:\Desenvolvimento\RepositoryOrbitB1\OrbitService\OrbitService\test\Atualiza-NFe-Test\Orbit_Service_Test\bin\Debug\netcoreapp3.1\fine-code-coverage\build-output\Orbit_Service_Test.runtimeconfig.json" --depsfile "D:\Desenvolvimento\RepositoryOrbitB1\OrbitService\OrbitService\test\Atualiza-NFe-Test\Orbit_Service_Test\bin\Debug\netcoreapp3.1\fine-code-coverage\build-output\Orbit_Service_Test.deps.json" --port 53978 --endpoint 127.0.0.1:053978 --role client --parentprocessid 151064 --diag "D:\Desenvolvimento\RepositoryOrbitB1\OrbitService\OrbitService\test\Atualiza-NFe-Test\Orbit_Service_Test\bin\Debug\netcoreapp3.1\fine-code-coverage\coverage-tool-output\diagnostics.host.22-10-17_10-50-34_98096_5.log" --tracelevel 4 --datacollectionport 53977 --telemetryoptedin false'
TpTrace Verbose: 0 : 151064, 7, 2022/10/17, 10:50:35.005, 4029812610019, vstest.console.dll, Test Runtime launched
TpTrace Verbose: 0 : 151064, 5, 2022/10/17, 10:50:35.006, 4029812618147, vstest.console.dll, TestRequestSender.WaitForRequestHandlerConnection: waiting for connection with timeout: 90000
TpTrace Verbose: 0 : 151064, 7, 2022/10/17, 10:50:35.246, 4029815014823, vstest.console.dll, SocketServer.OnClientConnected: Client connected for endPoint: 127.0.0.1:53978, starting MessageLoopAsync:
TpTrace Verbose: 0 : 151064, 14, 2022/10/17, 10:50:35.246, 4029815019390, vstest.console.dll, TcpClientExtensions.MessageLoopAsync: Polling on remoteEndPoint: 127.0.0.1:53980 localEndPoint: 127.0.0.1:53978
TpTrace Verbose: 0 : 151064, 14, 2022/10/17, 10:50:35.451, 4029817061018, vstest.console.dll, TcpClientExtensions.MessageLoopAsync: NotifyDataAvailable remoteEndPoint: 127.0.0.1:53980 localEndPoint: 127.0.0.1:53978
TpTrace Verbose: 0 : 151064, 14, 2022/10/17, 10:50:35.451, 4029817065534, vstest.console.dll, TestRequestSender.CheckVersionWithTestHost: onMessageReceived received message: (ProtocolVersion) -> 5
TpTrace Verbose: 0 : 151064, 14, 2022/10/17, 10:50:35.452, 4029817071523, vstest.console.dll, TcpClientExtensions.MessageLoopAsync: Polling on remoteEndPoint: 127.0.0.1:53980 localEndPoint: 127.0.0.1:53978
TpTrace Verbose: 0 : 151064, 5, 2022/10/17, 10:50:35.452, 4029817073007, vstest.console.dll, TestPluginCache.GetExtensionPaths: Filtered extension paths: 
TpTrace Verbose: 0 : 151064, 5, 2022/10/17, 10:50:35.452, 4029817075800, vstest.console.dll, TestPluginCache.GetExtensionPaths: Added default extension paths: C:\Program Files\dotnet\sdk\5.0.411\Extensions\Microsoft.Diagnostics.NETCore.Client.dll
C:\Program Files\dotnet\sdk\5.0.411\Extensions\Microsoft.TestPlatform.Extensions.BlameDataCollector.dll
C:\Program Files\dotnet\sdk\5.0.411\Extensions\Microsoft.TestPlatform.Extensions.EventLogCollector.dll
C:\Program Files\dotnet\sdk\5.0.411\Extensions\Microsoft.TestPlatform.TestHostRuntimeProvider.dll
C:\Program Files\dotnet\sdk\5.0.411\Extensions\Microsoft.VisualStudio.TestPlatform.Extensions.Html.TestLogger.dll
C:\Program Files\dotnet\sdk\5.0.411\Extensions\Microsoft.VisualStudio.TestPlatform.Extensions.Trx.TestLogger.dll
TpTrace Verbose: 0 : 151064, 5, 2022/10/17, 10:50:35.452, 4029817077339, vstest.console.dll, TestPluginCache.GetExtensionPaths: Added unfilterableExtensionPaths: 
TpTrace Verbose: 0 : 151064, 5, 2022/10/17, 10:50:35.457, 4029817121279, vstest.console.dll, TestRequestSender.InitializeExecution: Sending initializing execution with message: {"Version":5,"MessageType":"TestExecution.Initialize","Payload":["D:\\Desenvolvimento\\RepositoryOrbitB1\\OrbitService\\OrbitService\\test\\Atualiza-NFe-Test\\Orbit_Service_Test\\bin\\Debug\\netcoreapp3.1\\fine-code-coverage\\build-output\\xunit.runner.visualstudio.dotnetcore.testadapter.dll"]}
TpTrace Verbose: 0 : 151064, 14, 2022/10/17, 10:50:35.466, 4029817219359, vstest.console.dll, TcpClientExtensions.MessageLoopAsync: NotifyDataAvailable remoteEndPoint: 127.0.0.1:53980 localEndPoint: 127.0.0.1:53978
TpTrace Verbose: 0 : 151064, 14, 2022/10/17, 10:50:35.467, 4029817222536, vstest.console.dll, TestRequestSender.OnExecutionMessageReceived: Received message: {"Version":5,"MessageType":"TestSession.Message","Payload":{"MessageLevel":0,"Message":"Logging TestHost Diagnostics in file: D:\\Desenvolvimento\\RepositoryOrbitB1\\OrbitService\\OrbitService\\test\\Atualiza-NFe-Test\\Orbit_Service_Test\\bin\\Debug\\netcoreapp3.1\\fine-code-coverage\\coverage-tool-output\\diagnostics.host.22-10-17_10-50-34_98096_5.log"}}
TpTrace Verbose: 0 : 151064, 5, 2022/10/17, 10:50:35.469, 4029817244075, vstest.console.dll, TestRequestSender.StartTestRun: Sending test run with message: {"Version":5,"MessageType":"TestExecution.StartWithSources","Payload":{"AdapterSourceMap":{"_none_":["D:\\Desenvolvimento\\RepositoryOrbitB1\\OrbitService\\OrbitService\\test\\Atualiza-NFe-Test\\Orbit_Service_Test\\bin\\Debug\\netcoreapp3.1\\fine-code-coverage\\build-output\\Orbit_Service_Test.dll"]},"RunSettings":"<RunSettings>\r\n  <RunConfiguration>\r\n    <ResultsDirectory>D:\\Desenvolvimento\\RepositoryOrbitB1\\OrbitService\\OrbitService\\test\\Atualiza-NFe-Test\\Orbit_Service_Test\\bin\\Debug\\netcoreapp3.1\\fine-code-coverage\\coverage-tool-output</ResultsDirectory>\r\n    <TargetPlatform>X64</TargetPlatform>\r\n    <TargetFrameworkVersion>.NETCoreApp,Version=v3.1</TargetFrameworkVersion>\r\n    <DesignMode>False</DesignMode>\r\n    <CollectSourceInformation>False</CollectSourceInformation>\r\n  </RunConfiguration>\r\n  <LoggerRunSettings>\r\n    <Loggers>\r\n      <Logger friendlyName=\"blame\" enabled=\"True\" />\r\n      <Logger friendlyName=\"Console\" uri=\"logger://microsoft/TestPlatform/ConsoleLogger/v1\" assemblyQualifiedName=\"Microsoft.VisualStudio.TestPlatform.CommandLine.Internal.ConsoleLogger, vstest.console, Version=15.0.0.0, Culture=neutral, PublicKeyToken=b03f5f7f11d50a3a\" codeBase=\"C:\\Program Files\\dotnet\\sdk\\5.0.411\\vstest.console.dll\" enabled=\"True\" />\r\n    </Loggers>\r\n  </LoggerRunSettings>\r\n  <DataCollectionRunSettings>\r\n    <DataCollectors>\r\n      <DataCollector friendlyName=\"blame\" enabled=\"True\">\r\n        <Configuration>\r\n          <ResultsDirectory>D:\\Desenvolvimento\\RepositoryOrbitB1\\OrbitService\\OrbitService\\test\\Atualiza-NFe-Test\\Orbit_Service_Test\\bin\\Debug\\netcoreapp3.1\\fine-code-coverage\\coverage-tool-output</ResultsDirectory>\r\n        </Configuration>\r\n      </DataCollector>\r\n    </DataCollectors>\r\n  </DataCollectionRunSettings>\r\n</RunSettings>","TestExecutionContext":{"FrequencyOfRunStatsChangeEvent":10,"RunStatsChangeEventTimeout":"00:00:01.5000000","InIsolation":false,"KeepAlive":false,"AreTestCaseLevelEventsRequired":false,"IsDebug":false,"TestCaseFilter":null,"FilterOptions":null},"Package":null}}
TpTrace Verbose: 0 : 151064, 14, 2022/10/17, 10:50:35.469, 4029817248679, vstest.console.dll, TestRunRequest:SendTestRunMessage: Starting.
TpTrace Information: 0 : 151064, 14, 2022/10/17, 10:50:35.470, 4029817250671, vstest.console.dll, TestRunRequest:SendTestRunMessage: Completed.
TpTrace Verbose: 0 : 151064, 14, 2022/10/17, 10:50:35.470, 4029817251917, vstest.console.dll, TcpClientExtensions.MessageLoopAsync: Polling on remoteEndPoint: 127.0.0.1:53980 localEndPoint: 127.0.0.1:53978
TpTrace Verbose: 0 : 151064, 14, 2022/10/17, 10:50:35.687, 4029819428947, vstest.console.dll, TcpClientExtensions.MessageLoopAsync: NotifyDataAvailable remoteEndPoint: 127.0.0.1:53980 localEndPoint: 127.0.0.1:53978
TpTrace Verbose: 0 : 151064, 14, 2022/10/17, 10:50:35.688, 4029819431412, vstest.console.dll, TestRequestSender.OnExecutionMessageReceived: Received message: {"Version":5,"MessageType":"TestSession.Message","Payload":{"MessageLevel":0,"Message":"[xUnit.net 00:00:00.00] xUnit.net VSTest Adapter v2.4.3+1b45f5407b (64-bit .NET Core 3.1.28)"}}
TpTrace Verbose: 0 : 151064, 14, 2022/10/17, 10:50:35.688, 4029819435927, vstest.console.dll, TestRunRequest:SendTestRunMessage: Starting.
TpTrace Information: 0 : 151064, 14, 2022/10/17, 10:50:35.688, 4029819437727, vstest.console.dll, TestRunRequest:SendTestRunMessage: Completed.
TpTrace Verbose: 0 : 151064, 14, 2022/10/17, 10:50:35.688, 4029819438904, vstest.console.dll, TcpClientExtensions.MessageLoopAsync: Polling on remoteEndPoint: 127.0.0.1:53980 localEndPoint: 127.0.0.1:53978
TpTrace Verbose: 0 : 151064, 14, 2022/10/17, 10:50:36.438, 4029826938226, vstest.console.dll, TcpClientExtensions.MessageLoopAsync: NotifyDataAvailable remoteEndPoint: 127.0.0.1:53980 localEndPoint: 127.0.0.1:53978
TpTrace Verbose: 0 : 151064, 14, 2022/10/17, 10:50:36.439, 4029826940748, vstest.console.dll, TestRequestSender.OnExecutionMessageReceived: Received message: {"Version":5,"MessageType":"TestSession.Message","Payload":{"MessageLevel":0,"Message":"[xUnit.net 00:00:00.75]   Discovering: Orbit_Service_Test"}}
TpTrace Verbose: 0 : 151064, 14, 2022/10/17, 10:50:36.439, 4029826944516, vstest.console.dll, TestRunRequest:SendTestRunMessage: Starting.
TpTrace Information: 0 : 151064, 14, 2022/10/17, 10:50:36.439, 4029826946540, vstest.console.dll, TestRunRequest:SendTestRunMessage: Completed.
TpTrace Verbose: 0 : 151064, 14, 2022/10/17, 10:50:36.439, 4029826947941, vstest.console.dll, TcpClientExtensions.MessageLoopAsync: Polling on remoteEndPoint: 127.0.0.1:53980 localEndPoint: 127.0.0.1:53978
TpTrace Verbose: 0 : 151064, 14, 2022/10/17, 10:50:36.484, 4029827397630, vstest.console.dll, TcpClientExtensions.MessageLoopAsync: NotifyDataAvailable remoteEndPoint: 127.0.0.1:53980 localEndPoint: 127.0.0.1:53978
TpTrace Verbose: 0 : 151064, 14, 2022/10/17, 10:50:36.485, 4029827400380, vstest.console.dll, TestRequestSender.OnExecutionMessageReceived: Received message: {"Version":5,"MessageType":"TestSession.Message","Payload":{"MessageLevel":0,"Message":"[xUnit.net 00:00:00.80]   Discovered:  Orbit_Service_Test"}}
TpTrace Verbose: 0 : 151064, 14, 2022/10/17, 10:50:36.485, 4029827403272, vstest.console.dll, TestRunRequest:SendTestRunMessage: Starting.
TpTrace Information: 0 : 151064, 14, 2022/10/17, 10:50:36.485, 4029827406066, vstest.console.dll, TestRunRequest:SendTestRunMessage: Completed.
TpTrace Verbose: 0 : 151064, 14, 2022/10/17, 10:50:36.485, 4029827407776, vstest.console.dll, TcpClientExtensions.MessageLoopAsync: Polling on remoteEndPoint: 127.0.0.1:53980 localEndPoint: 127.0.0.1:53978
TpTrace Verbose: 0 : 151064, 14, 2022/10/17, 10:50:36.488, 4029827431684, vstest.console.dll, TcpClientExtensions.MessageLoopAsync: NotifyDataAvailable remoteEndPoint: 127.0.0.1:53980 localEndPoint: 127.0.0.1:53978
TpTrace Verbose: 0 : 151064, 14, 2022/10/17, 10:50:36.488, 4029827433803, vstest.console.dll, TestRequestSender.OnExecutionMessageReceived: Received message: {"Version":5,"MessageType":"TestSession.Message","Payload":{"MessageLevel":0,"Message":"[xUnit.net 00:00:00.80]   Starting:    Orbit_Service_Test"}}
TpTrace Verbose: 0 : 151064, 14, 2022/10/17, 10:50:36.488, 4029827437711, vstest.console.dll, TestRunRequest:SendTestRunMessage: Starting.
TpTrace Information: 0 : 151064, 14, 2022/10/17, 10:50:36.489, 4029827439759, vstest.console.dll, TestRunRequest:SendTestRunMessage: Completed.
TpTrace Verbose: 0 : 151064, 14, 2022/10/17, 10:50:36.489, 4029827441364, vstest.console.dll, TcpClientExtensions.MessageLoopAsync: Polling on remoteEndPoint: 127.0.0.1:53980 localEndPoint: 127.0.0.1:53978
TpTrace Verbose: 0 : 151064, 14, 2022/10/17, 10:50:36.741, 4029829966546, vstest.console.dll, TcpClientExtensions.MessageLoopAsync: NotifyDataAvailable remoteEndPoint: 127.0.0.1:53980 localEndPoint: 127.0.0.1:53978
TpTrace Verbose: 0 : 151064, 14, 2022/10/17, 10:50:36.742, 4029829969620, vstest.console.dll, TestRequestSender.OnExecutionMessageReceived: Received message: {"Version":5,"MessageType":"TestSession.Message","Payload":{"MessageLevel":0,"Message":"[xUnit.net 00:00:01.05]   Finished:    Orbit_Service_Test"}}
TpTrace Verbose: 0 : 151064, 14, 2022/10/17, 10:50:36.742, 4029829973671, vstest.console.dll, TestRunRequest:SendTestRunMessage: Starting.
TpTrace Information: 0 : 151064, 14, 2022/10/17, 10:50:36.742, 4029829977343, vstest.console.dll, TestRunRequest:SendTestRunMessage: Completed.
TpTrace Verbose: 0 : 151064, 14, 2022/10/17, 10:50:36.743, 4029829979376, vstest.console.dll, TcpClientExtensions.MessageLoopAsync: Polling on remoteEndPoint: 127.0.0.1:53980 localEndPoint: 127.0.0.1:53978
TpTrace Verbose: 0 : 151064, 14, 2022/10/17, 10:50:36.799, 4029830547052, vstest.console.dll, TcpClientExtensions.MessageLoopAsync: NotifyDataAvailable remoteEndPoint: 127.0.0.1:53980 localEndPoint: 127.0.0.1:53978
TpTrace Verbose: 0 : 151064, 14, 2022/10/17, 10:50:36.800, 4029830551197, vstest.console.dll, TestRequestSender.OnExecutionMessageReceived: Received message: {"Version":5,"MessageType":"TestExecution.Completed","Payload":{"TestRunCompleteArgs":{"TestRunStatistics":{"ExecutedTests":5,"Stats":{"Passed":5}},"IsCanceled":false,"IsAborted":false,"Error":null,"AttachmentSets":[],"ElapsedTimeInRunningTests":"00:00:01.0752436","Metrics":{}},"LastRunTests":{"NewTestResults":[{"TestCase":{"Id":"112392ba-264c-bb9c-1ae8-87f4187db13c","FullyQualifiedName":"Orbit_Service_Test.OutboundDFe.mappers.MapperNFeConsultaTest.ShouldMapperOutputOrbitToDocumentStatusErro","DisplayName":"Orbit_Service_Test.OutboundDFe.mappers.MapperNFeConsultaTest.ShouldMapperOutputOrbitToDocumentStatusErro","ExecutorUri":"executor://xunit/VsTestRunner2/netcoreapp","Source":"D:\\Desenvolvimento\\RepositoryOrbitB1\\OrbitService\\OrbitService\\test\\Atualiza-NFe-Test\\Orbit_Service_Test\\bin\\Debug\\netcoreapp3.1\\fine-code-coverage\\build-output\\Orbit_Service_Test.dll","CodeFilePath":null,"LineNumber":0,"Properties":[]},"Attachments":[],"Outcome":1,"ErrorMessage":null,"ErrorStackTrace":null,"DisplayName":"Orbit_Service_Test.OutboundDFe.mappers.MapperNFeConsultaTest.ShouldMapperOutputOrbitToDocumentStatusErro","Messages":[],"ComputerName":"SRVHDBTST","Duration":"00:00:00.0132337","StartTime":"2022-10-17T13:50:36.610134+00:00","EndTime":"2022-10-17T13:50:36.6102262+00:00","Properties":[]},{"TestCase":{"Id":"532ba70a-3dff-a9f1-4bab-7388619114e1","FullyQualifiedName":"Orbit_Service_Test.OutboundDFe.mappers.MapperNFeConsultaTest.ShouldMapperOutputOrbitToDocumentStatusSucessWithError","DisplayName":"Orbit_Service_Test.OutboundDFe.mappers.MapperNFeConsultaTest.ShouldMapperOutputOrbitToDocumentStatusSucessWithError","ExecutorUri":"executor://xunit/VsTestRunner2/netcoreapp","Source":"D:\\Desenvolvimento\\RepositoryOrbitB1\\OrbitService\\OrbitService\\test\\Atualiza-NFe-Test\\Orbit_Service_Test\\bin\\Debug\\netcoreapp3.1\\fine-code-coverage\\build-output\\Orbit_Service_Test.dll","CodeFilePath":null,"LineNumber":0,"Properties":[]},"Attachments":[],"Outcome":1,"ErrorMessage":null,"ErrorStackTrace":null,"DisplayName":"Orbit_Service_Test.OutboundDFe.mappers.MapperNFeConsultaTest.ShouldMapperOutputOrbitToDocumentStatusSucessWithError","Messages":[],"ComputerName":"SRVHDBTST","Duration":"00:00:00.0012061","StartTime":"2022-10-17T13:50:36.6365238+00:00","EndTime":"2022-10-17T13:50:36.6365266+00:00","Properties":[]},{"TestCase":{"Id":"edd24703-e6e6-be6f-5824-9ad98b9836c1","FullyQualifiedName":"Orbit_Service_Test.OutboundDFe.mappers.MapperNFeConsultaTest.ShouldMapperOutputOrbitToDocumentStatusSucess","DisplayName":"Orbit_Service_Test.OutboundDFe.mappers.MapperNFeConsultaTest.ShouldMapperOutputOrbitToDocumentStatusSucess","ExecutorUri":"executor://xunit/VsTestRunner2/netcoreapp","Source":"D:\\Desenvolvimento\\RepositoryOrbitB1\\OrbitService\\OrbitService\\test\\Atualiza-NFe-Test\\Orbit_Service_Test\\bin\\Debug\\netcoreapp3.1\\fine-code-coverage\\build-output\\Orbit_Service_Test.dll","CodeFilePath":null,"LineNumber":0,"Properties":[]},"Attachments":[],"Outcome":1,"ErrorMessage":null,"ErrorStackTrace":null,"DisplayName":"Orbit_Service_Test.OutboundDFe.mappers.MapperNFeConsultaTest.ShouldMapperOutputOrbitToDocumentStatusSucess","Messages":[],"ComputerName":"SRVHDBTST","Duration":"00:00:00.0006579","StartTime":"2022-10-17T13:50:36.6407074+00:00","EndTime":"2022-10-17T13:50:36.6407105+00:00","Properties":[]},{"TestCase":{"Id":"40cffa42-0f57-5d0b-8dbb-6cc7513aca4c","FullyQualifiedName":"Orbit_Service_Test.OutboundDFe.services.OutboundDFeDocumentConsultaOutputNFeTest.ShouldExecutRequestCancelToOrbit","DisplayName":"Orbit_Service_Test.OutboundDFe.services.OutboundDFeDocumentConsultaOutputNFeTest.ShouldExecutRequestCancelToOrbit","ExecutorUri":"executor://xunit/VsTestRunner2/netcoreapp","Source":"D:\\Desenvolvimento\\RepositoryOrbitB1\\OrbitService\\OrbitService\\test\\Atualiza-NFe-Test\\Orbit_Service_Test\\bin\\Debug\\netcoreapp3.1\\fine-code-coverage\\build-output\\Orbit_Service_Test.dll","CodeFilePath":null,"LineNumber":0,"Properties":[]},"Attachments":[],"Outcome":1,"ErrorMessage":null,"ErrorStackTrace":null,"DisplayName":"Orbit_Service_Test.OutboundDFe.services.OutboundDFeDocumentConsultaOutputNFeTest.ShouldExecutRequestCancelToOrbit","Messages":[],"ComputerName":"SRVHDBTST","Duration":"00:00:00.1433377","StartTime":"2022-10-17T13:50:36.7184413+00:00","EndTime":"2022-10-17T13:50:36.7184454+00:00","Properties":[]},{"TestCase":{"Id":"37cd924a-51d8-fc59-87d3-5f71486a7ec2","FullyQualifiedName":"Orbit_Service_Test.OutboundDFe.usecases.OutboundNFeDocumentConsultaUseCaseTest.ShouldExecuteUseCaseOutboundNFeDocumentConsultaSucess","DisplayName":"Orbit_Service_Test.OutboundDFe.usecases.OutboundNFeDocumentConsultaUseCaseTest.ShouldExecuteUseCaseOutboundNFeDocumentConsultaSucess","ExecutorUri":"executor://xunit/VsTestRunner2/netcoreapp","Source":"D:\\Desenvolvimento\\RepositoryOrbitB1\\OrbitService\\OrbitService\\test\\Atualiza-NFe-Test\\Orbit_Service_Test\\bin\\Debug\\netcoreapp3.1\\fine-code-coverage\\build-output\\Orbit_Service_Test.dll","CodeFilePath":null,"LineNumber":0,"Properties":[]},"Attachments":[],"Outcome":1,"ErrorMessage":null,"ErrorStackTrace":null,"DisplayName":"Orbit_Service_Test.OutboundDFe.usecases.OutboundNFeDocumentConsultaUseCaseTest.ShouldExecuteUseCaseOutboundNFeDocumentConsultaSucess","Messages":[],"ComputerName":"SRVHDBTST","Duration":"00:00:00.1619464","StartTime":"2022-10-17T13:50:36.7370834+00:00","EndTime":"2022-10-17T13:50:36.7370881+00:00","Properties":[]}],"TestRunStatistics":{"ExecutedTests":5,"Stats":{"Passed":5}},"ActiveTests":[]},"RunAttachments":[],"ExecutorUris":["executor://xunit/VsTestRunner2/netcoreapp"]}}
TpTrace Verbose: 0 : 151064, 14, 2022/10/17, 10:50:36.803, 4029830578845, vstest.console.dll, TestRequestSender.EndSession: Sending end session.
TpTrace Verbose: 0 : 151064, 14, 2022/10/17, 10:50:36.803, 4029830582015, vstest.console.dll, ProxyOperationManager.Close: waiting for test host to exit for 100 ms
TpTrace Warning: 0 : 151064, 13, 2022/10/17, 10:50:36.829, 4029830844855, vstest.console.dll, TestHostManagerCallbacks.ErrorReceivedCallback Test host standard error line: 
TpTrace Verbose: 0 : 151064, 8, 2022/10/17, 10:50:36.848, 4029831034621, vstest.console.dll, TestHostProvider.ExitCallBack: Host exited starting callback.
TpTrace Information: 0 : 151064, 8, 2022/10/17, 10:50:36.849, 4029831045303, vstest.console.dll, TestHostManagerCallbacks.ExitCallBack: Testhost processId: 143836 exited with exitcode: 0 error: ''
TpTrace Verbose: 0 : 151064, 8, 2022/10/17, 10:50:36.849, 4029831047032, vstest.console.dll, DotnetTestHostManager.OnHostExited: invoking OnHostExited callback
TpTrace Verbose: 0 : 151064, 8, 2022/10/17, 10:50:36.849, 4029831048334, vstest.console.dll, CrossPlatEngine.TestHostManagerHostExited: calling on client process exit callback.
TpTrace Information: 0 : 151064, 8, 2022/10/17, 10:50:36.850, 4029831049850, vstest.console.dll, TestRequestSender.OnClientProcessExit: Test host process exited. Standard error: 
TpTrace Warning: 0 : 151064, 14, 2022/10/17, 10:50:36.850, 4029831050002, vstest.console.dll, ProxyOperationManager: Timed out waiting for test host to exit. Will terminate process.
TpTrace Information: 0 : 151064, 8, 2022/10/17, 10:50:36.850, 4029831051236, vstest.console.dll, SocketServer.Stop: Stop server endPoint: 127.0.0.1:53978
TpTrace Information: 0 : 151064, 8, 2022/10/17, 10:50:36.850, 4029831057351, vstest.console.dll, SocketServer.Stop: Cancellation requested. Stopping message loop.
TpTrace Verbose: 0 : 151064, 14, 2022/10/17, 10:50:36.851, 4029831064980, vstest.console.dll, ProxyDataCollectionManager.InvokeDataCollectionServiceAction: Starting.
TpTrace Information: 0 : 151064, 14, 2022/10/17, 10:50:36.851, 4029831066549, vstest.console.dll, ProxyDataCollectionManager.AfterTestRunEnd: Get attachment set for datacollector processId: 74192 port: 53967
TpTrace Verbose: 0 : 151064, 14, 2022/10/17, 10:50:36.851, 4029831067978, vstest.console.dll, DataCollectionRequestSender.SendAfterTestRunStartAndGetResult : Send AfterTestRunEnd message with isCancelled: False
TpTrace Verbose: 0 : 151064, 14, 2022/10/17, 10:50:36.858, 4029831131613, vstest.console.dll, DataCollectionRequestSender.SendAfterTestRunStartAndGetResult : Received message: (DataCollection.AfterTestRunEndResult) -> {
  "AttachmentSets": [],
  "Metrics": {}
}
TpTrace Warning: 0 : 151064, 10, 2022/10/17, 10:50:36.864, 4029831189526, vstest.console.dll, DataCollectionLauncher.ErrorReceivedCallback datacollector standard error line: 
TpTrace Information: 0 : 151064, 14, 2022/10/17, 10:50:36.864, 4029831196585, vstest.console.dll, ProxyDataCollectionManager.InvokeDataCollectionServiceAction: Completed.
TpTrace Information: 0 : 151064, 8, 2022/10/17, 10:50:36.871, 4029831261907, vstest.console.dll, DataCollectionLauncher.ExitCallBack: Data collector exited with exitcode: 0 error: ''
TpTrace Verbose: 0 : 151064, 14, 2022/10/17, 10:50:36.932, 4029831870400, vstest.console.dll, TestRunRequest:SendTestRunStatsChange: Starting.
TpTrace Information: 0 : 151064, 14, 2022/10/17, 10:50:36.932, 4029831874291, vstest.console.dll, TestRunRequest:SendTestRunStatsChange: Completed.
TpTrace Verbose: 0 : 151064, 14, 2022/10/17, 10:50:36.932, 4029831877819, vstest.console.dll, ParallelProxyExecutionManager: HandlePartialRunComplete: Total completed clients = 1, Run complete = True, Run canceled: False.
TpTrace Verbose: 0 : 151064, 14, 2022/10/17, 10:50:37.008, 4029832635003, vstest.console.dll, TestRunRequest:TestRunComplete: Starting. IsAborted:False IsCanceled:False.
TpTrace Verbose: 0 : 151064, 14, 2022/10/17, 10:50:37.008, 4029832638373, vstest.console.dll, TestLoggerManager.HandleTestRunComplete: Ignoring as the object is disposed.
TpTrace Information: 0 : 151064, 14, 2022/10/17, 10:50:37.009, 4029832642575, vstest.console.dll, TestRunRequest:TestRunComplete: Completed.
TpTrace Verbose: 0 : 151064, 1, 2022/10/17, 10:50:37.009, 4029832642952, vstest.console.dll, TestRunRequest.Dispose: Starting.
TpTrace Verbose: 0 : 151064, 14, 2022/10/17, 10:50:37.009, 4029832644357, vstest.console.dll, TestRequestSender.SetOperationComplete: Setting operation complete.
TpTrace Information: 0 : 151064, 1, 2022/10/17, 10:50:37.009, 4029832646048, vstest.console.dll, TestRunRequest.Dispose: Completed.
TpTrace Information: 0 : 151064, 14, 2022/10/17, 10:50:37.009, 4029832647621, vstest.console.dll, SocketServer.Stop: Stop server endPoint: 127.0.0.1:53978
TpTrace Information: 0 : 151064, 1, 2022/10/17, 10:50:37.010, 4029832649022, vstest.console.dll, TestRequestManager.RunTests: run tests completed.
TpTrace Information: 0 : 151064, 14, 2022/10/17, 10:50:37.010, 4029832650158, vstest.console.dll, SocketServer.Stop: Cancellation requested. Stopping message loop.
TpTrace Information: 0 : 151064, 1, 2022/10/17, 10:50:37.010, 4029832652095, vstest.console.dll, RunTestsArgumentProcessor:Execute: Test run is completed.
TpTrace Information: 0 : 151064, 14, 2022/10/17, 10:50:37.010, 4029832653433, vstest.console.dll, SocketServer.PrivateStop: Stop server endPoint: 127.0.0.1:53978 error: 
TpTrace Verbose: 0 : 151064, 1, 2022/10/17, 10:50:37.010, 4029832656685, vstest.console.dll, Executor.Execute: Exiting with exit code of 0
TpTrace Verbose: 0 : 151064, 14, 2022/10/17, 10:50:37.011, 4029832664953, vstest.console.dll, LengthPrefixCommunicationChannel.Dispose: Dispose reader and writer.
TpTrace Information: 0 : 151064, 14, 2022/10/17, 10:50:37.011, 4029832667225, vstest.console.dll, SocketServer.Stop: Raise disconnected event endPoint: 127.0.0.1:53978 error: 
TpTrace Verbose: 0 : 151064, 14, 2022/10/17, 10:50:37.012, 4029832669143, vstest.console.dll, TestRequestSender: OnTestRunAbort: Operation is already complete. Skip error message.
TpTrace Verbose: 0 : 151064, 14, 2022/10/17, 10:50:37.012, 4029832670437, vstest.console.dll, TcpClientExtensions.MessageLoopAsync: exiting MessageLoopAsync remoteEndPoint: 127.0.0.1:53980 localEndPoint: 127.0.0.1:53978
