TpTrace Verbose: 0 : 251312, 1, 2022/09/22, 08:56:52.866, 6576701718663, vstest.console.dll, Version: 16.11.0
TpTrace Information: 0 : 251312, 1, 2022/09/22, 08:56:52.877, 6576701820842, vstest.console.dll, FilePatternParser: The given file D:\Desenvolvimento\Gabriel\OrbitLibrary\OrbitLibrary\OrbitLibrary_Test\bin\Release\netcoreapp3.1\fine-code-coverage\build-output\OrbitLibrary_Test.dll is a full path.
TpTrace Verbose: 0 : 251312, 1, 2022/09/22, 08:56:52.881, 6576701868203, vstest.console.dll, TestPluginCache.DiscoverTestExtensions: finding test extensions in assemblies ends with: RuntimeProvider.dll TPluginInfo: Microsoft.VisualStudio.TestPlatform.Common.ExtensionFramework.Utilities.TestRuntimePluginInformation TExtension: Microsoft.VisualStudio.TestPlatform.ObjectModel.Host.ITestRuntimeProvider
TpTrace Verbose: 0 : 251312, 1, 2022/09/22, 08:56:52.882, 6576701878516, vstest.console.dll, TestPluginCache.GetExtensionPaths: Filtered extension paths: 
TpTrace Verbose: 0 : 251312, 1, 2022/09/22, 08:56:52.883, 6576701880406, vstest.console.dll, TestPluginCache.GetExtensionPaths: Added default extension paths: C:\Program Files\dotnet\sdk\5.0.411\Extensions\Microsoft.Diagnostics.NETCore.Client.dll
C:\Program Files\dotnet\sdk\5.0.411\Extensions\Microsoft.TestPlatform.Extensions.BlameDataCollector.dll
C:\Program Files\dotnet\sdk\5.0.411\Extensions\Microsoft.TestPlatform.Extensions.EventLogCollector.dll
C:\Program Files\dotnet\sdk\5.0.411\Extensions\Microsoft.TestPlatform.TestHostRuntimeProvider.dll
C:\Program Files\dotnet\sdk\5.0.411\Extensions\Microsoft.VisualStudio.TestPlatform.Extensions.Html.TestLogger.dll
C:\Program Files\dotnet\sdk\5.0.411\Extensions\Microsoft.VisualStudio.TestPlatform.Extensions.Trx.TestLogger.dll
TpTrace Verbose: 0 : 251312, 1, 2022/09/22, 08:56:52.883, 6576701881649, vstest.console.dll, TestPluginCache.GetExtensionPaths: Added unfilterableExtensionPaths: 
TpTrace Information: 0 : 251312, 1, 2022/09/22, 08:56:52.884, 6576701891679, vstest.console.dll, AssemblyResolver.ctor: Creating AssemblyResolver with searchDirectories C:\Program Files\dotnet\sdk\5.0.411\Extensions,C:\Program Files\dotnet\sdk\5.0.411
TpTrace Verbose: 0 : 251312, 1, 2022/09/22, 08:56:52.885, 6576701902131, vstest.console.dll, TestPluginCache.DiscoverTestExtensions: Discovering the extensions using extension path.
TpTrace Verbose: 0 : 251312, 1, 2022/09/22, 08:56:52.885, 6576701904516, vstest.console.dll, TestPluginCache.GetExtensionPaths: Filtered extension paths: 
TpTrace Verbose: 0 : 251312, 1, 2022/09/22, 08:56:52.885, 6576701905695, vstest.console.dll, TestPluginCache.GetExtensionPaths: Added default extension paths: C:\Program Files\dotnet\sdk\5.0.411\Extensions\Microsoft.Diagnostics.NETCore.Client.dll
C:\Program Files\dotnet\sdk\5.0.411\Extensions\Microsoft.TestPlatform.Extensions.BlameDataCollector.dll
C:\Program Files\dotnet\sdk\5.0.411\Extensions\Microsoft.TestPlatform.Extensions.EventLogCollector.dll
C:\Program Files\dotnet\sdk\5.0.411\Extensions\Microsoft.TestPlatform.TestHostRuntimeProvider.dll
C:\Program Files\dotnet\sdk\5.0.411\Extensions\Microsoft.VisualStudio.TestPlatform.Extensions.Html.TestLogger.dll
C:\Program Files\dotnet\sdk\5.0.411\Extensions\Microsoft.VisualStudio.TestPlatform.Extensions.Trx.TestLogger.dll
TpTrace Verbose: 0 : 251312, 1, 2022/09/22, 08:56:52.885, 6576701906961, vstest.console.dll, TestPluginCache.GetExtensionPaths: Added unfilterableExtensionPaths: 
TpTrace Verbose: 0 : 251312, 1, 2022/09/22, 08:56:52.885, 6576701908361, vstest.console.dll, TestPluginCache.DiscoverTestExtensions: Discovering the extensions using allExtensionPaths: C:\Program Files\dotnet\sdk\5.0.411\Extensions\Microsoft.Diagnostics.NETCore.Client.dll
C:\Program Files\dotnet\sdk\5.0.411\Extensions\Microsoft.TestPlatform.Extensions.BlameDataCollector.dll
C:\Program Files\dotnet\sdk\5.0.411\Extensions\Microsoft.TestPlatform.Extensions.EventLogCollector.dll
C:\Program Files\dotnet\sdk\5.0.411\Extensions\Microsoft.TestPlatform.TestHostRuntimeProvider.dll
C:\Program Files\dotnet\sdk\5.0.411\Extensions\Microsoft.VisualStudio.TestPlatform.Extensions.Html.TestLogger.dll
C:\Program Files\dotnet\sdk\5.0.411\Extensions\Microsoft.VisualStudio.TestPlatform.Extensions.Trx.TestLogger.dll
TpTrace Information: 0 : 251312, 1, 2022/09/22, 08:56:52.886, 6576701910980, vstest.console.dll, AssemblyResolver.AddSearchDirectories: Adding more searchDirectories C:\Program Files\dotnet\sdk\5.0.411\Extensions,C:\Program Files\dotnet\sdk\5.0.411
TpTrace Information: 0 : 251312, 1, 2022/09/22, 08:56:52.886, 6576701912398, vstest.console.dll, AssemblyResolver.AddSearchDirectories: Adding more searchDirectories C:\Program Files\dotnet\sdk\5.0.411\Extensions,C:\Program Files\dotnet\sdk\5.0.411
TpTrace Information: 0 : 251312, 1, 2022/09/22, 08:56:52.886, 6576701913636, vstest.console.dll, AssemblyResolver.AddSearchDirectories: Adding more searchDirectories C:\Program Files\dotnet\sdk\5.0.411\Extensions,C:\Program Files\dotnet\sdk\5.0.411
TpTrace Information: 0 : 251312, 1, 2022/09/22, 08:56:52.886, 6576701914829, vstest.console.dll, AssemblyResolver.AddSearchDirectories: Adding more searchDirectories C:\Program Files\dotnet\sdk\5.0.411\Extensions,C:\Program Files\dotnet\sdk\5.0.411
TpTrace Information: 0 : 251312, 1, 2022/09/22, 08:56:52.886, 6576701915840, vstest.console.dll, AssemblyResolver.AddSearchDirectories: Adding more searchDirectories C:\Program Files\dotnet\sdk\5.0.411\Extensions,C:\Program Files\dotnet\sdk\5.0.411
TpTrace Information: 0 : 251312, 1, 2022/09/22, 08:56:52.886, 6576701916899, vstest.console.dll, AssemblyResolver.AddSearchDirectories: Adding more searchDirectories C:\Program Files\dotnet\sdk\5.0.411\Extensions,C:\Program Files\dotnet\sdk\5.0.411
TpTrace Information: 0 : 251312, 1, 2022/09/22, 08:56:52.887, 6576701921705, vstest.console.dll, AssemblyResolver.OnResolve: Microsoft.Diagnostics.NETCore.Client: Resolving assembly.
TpTrace Information: 0 : 251312, 1, 2022/09/22, 08:56:52.887, 6576701923419, vstest.console.dll, AssemblyResolver.OnResolve: Microsoft.Diagnostics.NETCore.Client: Searching in: 'C:\Program Files\dotnet\sdk\5.0.411\Extensions'.
TpTrace Information: 0 : 251312, 1, 2022/09/22, 08:56:52.887, 6576701928741, vstest.console.dll, AssemblyResolver.OnResolve: Microsoft.Diagnostics.NETCore.Client: Loading assembly 'C:\Program Files\dotnet\sdk\5.0.411\Extensions\Microsoft.Diagnostics.NETCore.Client.dll'.
TpTrace Information: 0 : 251312, 1, 2022/09/22, 08:56:52.888, 6576701936720, vstest.console.dll, AssemblyResolver.OnResolve: Resolved assembly: Microsoft.Diagnostics.NETCore.Client, from path: C:\Program Files\dotnet\sdk\5.0.411\Extensions\Microsoft.Diagnostics.NETCore.Client.dll
TpTrace Information: 0 : 251312, 1, 2022/09/22, 08:56:52.891, 6576701968748, vstest.console.dll, AssemblyResolver.OnResolve: Microsoft.Bcl.AsyncInterfaces: Resolving assembly.
TpTrace Information: 0 : 251312, 1, 2022/09/22, 08:56:52.892, 6576701970322, vstest.console.dll, AssemblyResolver.OnResolve: Microsoft.Bcl.AsyncInterfaces: Searching in: 'C:\Program Files\dotnet\sdk\5.0.411\Extensions'.
TpTrace Information: 0 : 251312, 1, 2022/09/22, 08:56:52.892, 6576701972017, vstest.console.dll, AssemblyResolver.OnResolve: Microsoft.Bcl.AsyncInterfaces: Assembly path does not exist: 'C:\Program Files\dotnet\sdk\5.0.411\Extensions\Microsoft.Bcl.AsyncInterfaces.dll', returning.
TpTrace Information: 0 : 251312, 1, 2022/09/22, 08:56:52.892, 6576701973461, vstest.console.dll, AssemblyResolver.OnResolve: Microsoft.Bcl.AsyncInterfaces: Assembly path does not exist: 'C:\Program Files\dotnet\sdk\5.0.411\Extensions\Microsoft.Bcl.AsyncInterfaces.exe', returning.
TpTrace Information: 0 : 251312, 1, 2022/09/22, 08:56:52.892, 6576701974493, vstest.console.dll, AssemblyResolver.OnResolve: Microsoft.Bcl.AsyncInterfaces: Searching in: 'C:\Program Files\dotnet\sdk\5.0.411'.
TpTrace Information: 0 : 251312, 1, 2022/09/22, 08:56:52.892, 6576701975877, vstest.console.dll, AssemblyResolver.OnResolve: Microsoft.Bcl.AsyncInterfaces: Assembly path does not exist: 'C:\Program Files\dotnet\sdk\5.0.411\Microsoft.Bcl.AsyncInterfaces.dll', returning.
TpTrace Information: 0 : 251312, 1, 2022/09/22, 08:56:52.892, 6576701977365, vstest.console.dll, AssemblyResolver.OnResolve: Microsoft.Bcl.AsyncInterfaces: Assembly path does not exist: 'C:\Program Files\dotnet\sdk\5.0.411\Microsoft.Bcl.AsyncInterfaces.exe', returning.
TpTrace Information: 0 : 251312, 1, 2022/09/22, 08:56:52.892, 6576701978919, vstest.console.dll, AssemblyResolver.OnResolve: Microsoft.Bcl.AsyncInterfaces: Failed to load assembly.
TpTrace Verbose: 0 : 251312, 1, 2022/09/22, 08:56:52.893, 6576701980163, vstest.console.dll, CurrentDomainAssemblyResolve: Resolving assembly 'Microsoft.Bcl.AsyncInterfaces'.
TpTrace Information: 0 : 251312, 1, 2022/09/22, 08:56:52.893, 6576701981505, vstest.console.dll, AssemblyResolver.OnResolve: Microsoft.Bcl.AsyncInterfaces: Resolving assembly.
TpTrace Information: 0 : 251312, 1, 2022/09/22, 08:56:52.893, 6576701982620, vstest.console.dll, AssemblyResolver.OnResolve: Microsoft.Bcl.AsyncInterfaces: Resolved from cache.
TpTrace Verbose: 0 : 251312, 1, 2022/09/22, 08:56:52.893, 6576701983766, vstest.console.dll, CurrentDomainAssemblyResolve: Resolving assembly 'Microsoft.Bcl.AsyncInterfaces'.
TpTrace Verbose: 0 : 251312, 1, 2022/09/22, 08:56:52.893, 6576701984857, vstest.console.dll, CurrentDomainAssemblyResolve: Failed to resolve assembly 'Microsoft.Bcl.AsyncInterfaces'.
TpTrace Verbose: 0 : 251312, 1, 2022/09/22, 08:56:52.894, 6576701991623, vstest.console.dll, CurrentDomainAssemblyResolve: Failed to resolve assembly 'Microsoft.Bcl.AsyncInterfaces'.
TpTrace Warning: 0 : 251312, 1, 2022/09/22, 08:56:52.909, 6576702139690, vstest.console.dll, TestPluginDiscoverer: Failed to get types from assembly 'Microsoft.Diagnostics.NETCore.Client, Version=0.2.2.41902, Culture=neutral, PublicKeyToken=31bf3856ad364e35'.  Skipping test extension scan for this assembly.  Error: System.Reflection.ReflectionTypeLoadException: Unable to load one or more of the requested types.
Could not load file or assembly 'Microsoft.Bcl.AsyncInterfaces, Version=1.0.0.0, Culture=neutral, PublicKeyToken=cc7b13ffcd2ddd51'. The system cannot find the file specified.
   at System.Reflection.RuntimeModule.GetTypes(RuntimeModule module)
   at System.Reflection.Assembly.GetTypes()
   at Microsoft.VisualStudio.TestPlatform.Common.ExtensionFramework.TestPluginDiscoverer.GetTestExtensionsFromAssembly[TPluginInfo,TExtension](Assembly assembly, Dictionary`2 pluginInfos)
System.IO.FileNotFoundException: Could not load file or assembly 'Microsoft.Bcl.AsyncInterfaces, Version=1.0.0.0, Culture=neutral, PublicKeyToken=cc7b13ffcd2ddd51'. The system cannot find the file specified.
File name: 'Microsoft.Bcl.AsyncInterfaces, Version=1.0.0.0, Culture=neutral, PublicKeyToken=cc7b13ffcd2ddd51'
 ---> System.IO.FileNotFoundException: Could not load file or assembly 'Microsoft.Bcl.AsyncInterfaces, Culture=neutral, PublicKeyToken=null'. The system cannot find the file specified.
File name: 'Microsoft.Bcl.AsyncInterfaces, Culture=neutral, PublicKeyToken=null'
   at System.Reflection.RuntimeAssembly.InternalLoad(ObjectHandleOnStack assemblyName, ObjectHandleOnStack requestingAssembly, StackCrawlMarkHandle stackMark, Boolean throwOnFileNotFound, ObjectHandleOnStack assemblyLoadContext, ObjectHandleOnStack retAssembly)
   at System.Reflection.RuntimeAssembly.InternalLoad(AssemblyName assemblyName, RuntimeAssembly requestingAssembly, StackCrawlMark& stackMark, Boolean throwOnFileNotFound, AssemblyLoadContext assemblyLoadContext)
   at System.Reflection.Assembly.Load(AssemblyName assemblyRef)
   at Microsoft.VisualStudio.TestPlatform.Common.ExtensionFramework.TestPluginCache.CurrentDomainAssemblyResolve(Object sender, AssemblyResolveEventArgs args)
   at Microsoft.VisualStudio.TestPlatform.PlatformAbstractions.PlatformAssemblyResolver.AssemblyResolverEvent(Object sender, Object eventArgs)
   at System.Runtime.Loader.AssemblyLoadContext.GetFirstResolvedAssemblyFromResolvingEvent(AssemblyName assemblyName)
   at System.Runtime.Loader.AssemblyLoadContext.ResolveUsingEvent(AssemblyName assemblyName)
   at System.Runtime.Loader.AssemblyLoadContext.ResolveUsingResolvingEvent(IntPtr gchManagedAssemblyLoadContext, AssemblyName assemblyName)
TpTrace Warning: 0 : 251312, 1, 2022/09/22, 08:56:52.909, 6576702142960, vstest.console.dll, LoaderExceptions: System.IO.FileNotFoundException: Could not load file or assembly 'Microsoft.Bcl.AsyncInterfaces, Version=1.0.0.0, Culture=neutral, PublicKeyToken=cc7b13ffcd2ddd51'. The system cannot find the file specified.
File name: 'Microsoft.Bcl.AsyncInterfaces, Version=1.0.0.0, Culture=neutral, PublicKeyToken=cc7b13ffcd2ddd51'
 ---> System.IO.FileNotFoundException: Could not load file or assembly 'Microsoft.Bcl.AsyncInterfaces, Culture=neutral, PublicKeyToken=null'. The system cannot find the file specified.
File name: 'Microsoft.Bcl.AsyncInterfaces, Culture=neutral, PublicKeyToken=null'
   at System.Reflection.RuntimeAssembly.InternalLoad(ObjectHandleOnStack assemblyName, ObjectHandleOnStack requestingAssembly, StackCrawlMarkHandle stackMark, Boolean throwOnFileNotFound, ObjectHandleOnStack assemblyLoadContext, ObjectHandleOnStack retAssembly)
   at System.Reflection.RuntimeAssembly.InternalLoad(AssemblyName assemblyName, RuntimeAssembly requestingAssembly, StackCrawlMark& stackMark, Boolean throwOnFileNotFound, AssemblyLoadContext assemblyLoadContext)
   at System.Reflection.Assembly.Load(AssemblyName assemblyRef)
   at Microsoft.VisualStudio.TestPlatform.Common.ExtensionFramework.TestPluginCache.CurrentDomainAssemblyResolve(Object sender, AssemblyResolveEventArgs args)
   at Microsoft.VisualStudio.TestPlatform.PlatformAbstractions.PlatformAssemblyResolver.AssemblyResolverEvent(Object sender, Object eventArgs)
   at System.Runtime.Loader.AssemblyLoadContext.GetFirstResolvedAssemblyFromResolvingEvent(AssemblyName assemblyName)
   at System.Runtime.Loader.AssemblyLoadContext.ResolveUsingEvent(AssemblyName assemblyName)
   at System.Runtime.Loader.AssemblyLoadContext.ResolveUsingResolvingEvent(IntPtr gchManagedAssemblyLoadContext, AssemblyName assemblyName)
TpTrace Information: 0 : 251312, 1, 2022/09/22, 08:56:52.909, 6576702144865, vstest.console.dll, AssemblyResolver.OnResolve: Microsoft.TestPlatform.Extensions.BlameDataCollector: Resolving assembly.
TpTrace Information: 0 : 251312, 1, 2022/09/22, 08:56:52.909, 6576702146029, vstest.console.dll, AssemblyResolver.OnResolve: Microsoft.TestPlatform.Extensions.BlameDataCollector: Searching in: 'C:\Program Files\dotnet\sdk\5.0.411\Extensions'.
TpTrace Information: 0 : 251312, 1, 2022/09/22, 08:56:52.910, 6576702149471, vstest.console.dll, AssemblyResolver.OnResolve: Microsoft.TestPlatform.Extensions.BlameDataCollector: Loading assembly 'C:\Program Files\dotnet\sdk\5.0.411\Extensions\Microsoft.TestPlatform.Extensions.BlameDataCollector.dll'.
TpTrace Information: 0 : 251312, 1, 2022/09/22, 08:56:52.910, 6576702155499, vstest.console.dll, AssemblyResolver.OnResolve: Resolved assembly: Microsoft.TestPlatform.Extensions.BlameDataCollector, from path: C:\Program Files\dotnet\sdk\5.0.411\Extensions\Microsoft.TestPlatform.Extensions.BlameDataCollector.dll
TpTrace Information: 0 : 251312, 1, 2022/09/22, 08:56:52.911, 6576702163138, vstest.console.dll, AssemblyResolver.OnResolve: Microsoft.TestPlatform.Extensions.EventLogCollector: Resolving assembly.
TpTrace Information: 0 : 251312, 1, 2022/09/22, 08:56:52.911, 6576702164653, vstest.console.dll, AssemblyResolver.OnResolve: Microsoft.TestPlatform.Extensions.EventLogCollector: Searching in: 'C:\Program Files\dotnet\sdk\5.0.411\Extensions'.
TpTrace Information: 0 : 251312, 1, 2022/09/22, 08:56:52.911, 6576702168034, vstest.console.dll, AssemblyResolver.OnResolve: Microsoft.TestPlatform.Extensions.EventLogCollector: Loading assembly 'C:\Program Files\dotnet\sdk\5.0.411\Extensions\Microsoft.TestPlatform.Extensions.EventLogCollector.dll'.
TpTrace Information: 0 : 251312, 1, 2022/09/22, 08:56:52.912, 6576702172966, vstest.console.dll, AssemblyResolver.OnResolve: Resolved assembly: Microsoft.TestPlatform.Extensions.EventLogCollector, from path: C:\Program Files\dotnet\sdk\5.0.411\Extensions\Microsoft.TestPlatform.Extensions.EventLogCollector.dll
TpTrace Information: 0 : 251312, 1, 2022/09/22, 08:56:52.914, 6576702192399, vstest.console.dll, AssemblyResolver.OnResolve: Microsoft.TestPlatform.TestHostRuntimeProvider: Resolving assembly.
TpTrace Information: 0 : 251312, 1, 2022/09/22, 08:56:52.914, 6576702194059, vstest.console.dll, AssemblyResolver.OnResolve: Microsoft.TestPlatform.TestHostRuntimeProvider: Searching in: 'C:\Program Files\dotnet\sdk\5.0.411\Extensions'.
TpTrace Information: 0 : 251312, 1, 2022/09/22, 08:56:52.914, 6576702197353, vstest.console.dll, AssemblyResolver.OnResolve: Microsoft.TestPlatform.TestHostRuntimeProvider: Loading assembly 'C:\Program Files\dotnet\sdk\5.0.411\Extensions\Microsoft.TestPlatform.TestHostRuntimeProvider.dll'.
TpTrace Information: 0 : 251312, 1, 2022/09/22, 08:56:52.915, 6576702203081, vstest.console.dll, AssemblyResolver.OnResolve: Resolved assembly: Microsoft.TestPlatform.TestHostRuntimeProvider, from path: C:\Program Files\dotnet\sdk\5.0.411\Extensions\Microsoft.TestPlatform.TestHostRuntimeProvider.dll
TpTrace Information: 0 : 251312, 1, 2022/09/22, 08:56:52.916, 6576702218196, vstest.console.dll, AssemblyResolver.OnResolve: Microsoft.VisualStudio.TestPlatform.Extensions.Html.TestLogger: Resolving assembly.
TpTrace Information: 0 : 251312, 1, 2022/09/22, 08:56:52.917, 6576702219782, vstest.console.dll, AssemblyResolver.OnResolve: Microsoft.VisualStudio.TestPlatform.Extensions.Html.TestLogger: Searching in: 'C:\Program Files\dotnet\sdk\5.0.411\Extensions'.
TpTrace Information: 0 : 251312, 1, 2022/09/22, 08:56:52.917, 6576702223689, vstest.console.dll, AssemblyResolver.OnResolve: Microsoft.VisualStudio.TestPlatform.Extensions.Html.TestLogger: Loading assembly 'C:\Program Files\dotnet\sdk\5.0.411\Extensions\Microsoft.VisualStudio.TestPlatform.Extensions.Html.TestLogger.dll'.
TpTrace Information: 0 : 251312, 1, 2022/09/22, 08:56:52.918, 6576702229800, vstest.console.dll, AssemblyResolver.OnResolve: Resolved assembly: Microsoft.VisualStudio.TestPlatform.Extensions.Html.TestLogger, from path: C:\Program Files\dotnet\sdk\5.0.411\Extensions\Microsoft.VisualStudio.TestPlatform.Extensions.Html.TestLogger.dll
TpTrace Information: 0 : 251312, 1, 2022/09/22, 08:56:52.918, 6576702234195, vstest.console.dll, AssemblyResolver.OnResolve: Microsoft.VisualStudio.TestPlatform.Extensions.Trx.TestLogger: Resolving assembly.
TpTrace Information: 0 : 251312, 1, 2022/09/22, 08:56:52.918, 6576702235605, vstest.console.dll, AssemblyResolver.OnResolve: Microsoft.VisualStudio.TestPlatform.Extensions.Trx.TestLogger: Searching in: 'C:\Program Files\dotnet\sdk\5.0.411\Extensions'.
TpTrace Information: 0 : 251312, 1, 2022/09/22, 08:56:52.918, 6576702238901, vstest.console.dll, AssemblyResolver.OnResolve: Microsoft.VisualStudio.TestPlatform.Extensions.Trx.TestLogger: Loading assembly 'C:\Program Files\dotnet\sdk\5.0.411\Extensions\Microsoft.VisualStudio.TestPlatform.Extensions.Trx.TestLogger.dll'.
TpTrace Information: 0 : 251312, 1, 2022/09/22, 08:56:52.919, 6576702244876, vstest.console.dll, AssemblyResolver.OnResolve: Resolved assembly: Microsoft.VisualStudio.TestPlatform.Extensions.Trx.TestLogger, from path: C:\Program Files\dotnet\sdk\5.0.411\Extensions\Microsoft.VisualStudio.TestPlatform.Extensions.Trx.TestLogger.dll
TpTrace Verbose: 0 : 251312, 1, 2022/09/22, 08:56:52.920, 6576702251571, vstest.console.dll, TestPluginCache: Discovered the extensions using extension path ''.
TpTrace Verbose: 0 : 251312, 1, 2022/09/22, 08:56:52.920, 6576702253076, vstest.console.dll, TestPluginCache: Discoverers are ''.
TpTrace Verbose: 0 : 251312, 1, 2022/09/22, 08:56:52.920, 6576702254120, vstest.console.dll, TestPluginCache: Executors are ''.
TpTrace Verbose: 0 : 251312, 1, 2022/09/22, 08:56:52.920, 6576702255089, vstest.console.dll, TestPluginCache: Executors2 are ''.
TpTrace Verbose: 0 : 251312, 1, 2022/09/22, 08:56:52.920, 6576702256109, vstest.console.dll, TestPluginCache: Setting providers are ''.
TpTrace Verbose: 0 : 251312, 1, 2022/09/22, 08:56:52.920, 6576702257068, vstest.console.dll, TestPluginCache: Loggers are ''.
TpTrace Information: 0 : 251312, 1, 2022/09/22, 08:56:52.925, 6576702307543, vstest.console.dll, RunTestsArgumentProcessor:Execute: Test run is starting.
TpTrace Verbose: 0 : 251312, 1, 2022/09/22, 08:56:52.926, 6576702309136, vstest.console.dll, RunTestsArgumentProcessor:Execute: Queuing Test run.
TpTrace Information: 0 : 251312, 1, 2022/09/22, 08:56:52.926, 6576702312114, vstest.console.dll, TestRequestManager.RunTests: run tests started.
TpTrace Information: 0 : 251312, 1, 2022/09/22, 08:56:52.959, 6576702640139, vstest.console.dll, AssemblyMetadataProvider.GetFrameWork: Determined framework:'.NETCoreApp,Version=v3.1' for source: 'D:\Desenvolvimento\Gabriel\OrbitLibrary\OrbitLibrary\OrbitLibrary_Test\bin\Release\netcoreapp3.1\fine-code-coverage\build-output\OrbitLibrary_Test.dll'
TpTrace Information: 0 : 251312, 1, 2022/09/22, 08:56:52.959, 6576702643563, vstest.console.dll, Determined framework for all sources: .NETCoreApp,Version=v3.1
TpTrace Information: 0 : 251312, 1, 2022/09/22, 08:56:52.960, 6576702650584, vstest.console.dll, AssemblyMetadataProvider.GetArchitecture: Determined architecture:AnyCPU info for assembly: D:\Desenvolvimento\Gabriel\OrbitLibrary\OrbitLibrary\OrbitLibrary_Test\bin\Release\netcoreapp3.1\fine-code-coverage\build-output\OrbitLibrary_Test.dll
TpTrace Information: 0 : 251312, 1, 2022/09/22, 08:56:52.962, 6576702675365, vstest.console.dll, Determined platform for all sources: X64
TpTrace Information: 0 : 251312, 1, 2022/09/22, 08:56:52.966, 6576702715665, vstest.console.dll, Compatible sources list : 
TpTrace Information: 0 : 251312, 1, 2022/09/22, 08:56:52.966, 6576702717579, vstest.console.dll, D:\Desenvolvimento\Gabriel\OrbitLibrary\OrbitLibrary\OrbitLibrary_Test\bin\Release\netcoreapp3.1\fine-code-coverage\build-output\OrbitLibrary_Test.dll
TpTrace Information: 0 : 251312, 1, 2022/09/22, 08:56:52.969, 6576702748437, vstest.console.dll, InferRunSettingsHelper.IsTestSettingsEnabled: Unable to navigate to RunSettings/MSTest. Current node: RunSettings
TpTrace Information: 0 : 251312, 1, 2022/09/22, 08:56:52.970, 6576702757287, vstest.console.dll, AssemblyResolver.OnResolve: Microsoft.VisualStudio.TestPlatform.Fakes: Resolving assembly.
TpTrace Information: 0 : 251312, 1, 2022/09/22, 08:56:52.970, 6576702758898, vstest.console.dll, AssemblyResolver.OnResolve: Microsoft.VisualStudio.TestPlatform.Fakes: Searching in: 'C:\Program Files\dotnet\sdk\5.0.411\Extensions'.
TpTrace Information: 0 : 251312, 1, 2022/09/22, 08:56:52.971, 6576702760848, vstest.console.dll, AssemblyResolver.OnResolve: Microsoft.VisualStudio.TestPlatform.Fakes: Assembly path does not exist: 'C:\Program Files\dotnet\sdk\5.0.411\Extensions\Microsoft.VisualStudio.TestPlatform.Fakes.dll', returning.
TpTrace Information: 0 : 251312, 1, 2022/09/22, 08:56:52.971, 6576702762422, vstest.console.dll, AssemblyResolver.OnResolve: Microsoft.VisualStudio.TestPlatform.Fakes: Assembly path does not exist: 'C:\Program Files\dotnet\sdk\5.0.411\Extensions\Microsoft.VisualStudio.TestPlatform.Fakes.exe', returning.
TpTrace Information: 0 : 251312, 1, 2022/09/22, 08:56:52.971, 6576702763512, vstest.console.dll, AssemblyResolver.OnResolve: Microsoft.VisualStudio.TestPlatform.Fakes: Searching in: 'C:\Program Files\dotnet\sdk\5.0.411'.
TpTrace Information: 0 : 251312, 1, 2022/09/22, 08:56:52.971, 6576702764931, vstest.console.dll, AssemblyResolver.OnResolve: Microsoft.VisualStudio.TestPlatform.Fakes: Assembly path does not exist: 'C:\Program Files\dotnet\sdk\5.0.411\Microsoft.VisualStudio.TestPlatform.Fakes.dll', returning.
TpTrace Information: 0 : 251312, 1, 2022/09/22, 08:56:52.971, 6576702766381, vstest.console.dll, AssemblyResolver.OnResolve: Microsoft.VisualStudio.TestPlatform.Fakes: Assembly path does not exist: 'C:\Program Files\dotnet\sdk\5.0.411\Microsoft.VisualStudio.TestPlatform.Fakes.exe', returning.
TpTrace Information: 0 : 251312, 1, 2022/09/22, 08:56:52.971, 6576702767505, vstest.console.dll, AssemblyResolver.OnResolve: Microsoft.VisualStudio.TestPlatform.Fakes: Failed to load assembly.
TpTrace Information: 0 : 251312, 1, 2022/09/22, 08:56:52.972, 6576702772376, vstest.console.dll, Failed to create newly implemented Fakes Configurator. Reason:System.IO.FileNotFoundException: Could not load file or assembly 'Microsoft.VisualStudio.TestPlatform.Fakes, Version=16.0.0.0, Culture=neutral, PublicKeyToken=null'. The system cannot find the file specified.
File name: 'Microsoft.VisualStudio.TestPlatform.Fakes, Version=16.0.0.0, Culture=neutral, PublicKeyToken=null'
   at System.Reflection.RuntimeAssembly.InternalLoad(ObjectHandleOnStack assemblyName, ObjectHandleOnStack requestingAssembly, StackCrawlMarkHandle stackMark, Boolean throwOnFileNotFound, ObjectHandleOnStack assemblyLoadContext, ObjectHandleOnStack retAssembly)
   at System.Reflection.RuntimeAssembly.InternalLoad(AssemblyName assemblyName, RuntimeAssembly requestingAssembly, StackCrawlMark& stackMark, Boolean throwOnFileNotFound, AssemblyLoadContext assemblyLoadContext)
   at System.Reflection.Assembly.Load(AssemblyName assemblyRef)
   at Microsoft.VisualStudio.TestPlatform.Common.Utilities.FakesUtilities.TryGetFakesCrossPlatformDataCollectorConfigurator() 
TpTrace Verbose: 0 : 251312, 1, 2022/09/22, 08:56:52.976, 6576702817704, vstest.console.dll, TestPluginCache.DiscoverTestExtensions: finding test extensions in assemblies ends with: TestLogger.dll TPluginInfo: Microsoft.VisualStudio.TestPlatform.Common.ExtensionFramework.Utilities.TestLoggerPluginInformation TExtension: Microsoft.VisualStudio.TestPlatform.ObjectModel.Client.ITestLogger
TpTrace Verbose: 0 : 251312, 1, 2022/09/22, 08:56:52.977, 6576702819455, vstest.console.dll, TestPluginCache.GetExtensionPaths: Filtered extension paths: 
TpTrace Verbose: 0 : 251312, 1, 2022/09/22, 08:56:52.977, 6576702820598, vstest.console.dll, TestPluginCache.GetExtensionPaths: Added default extension paths: C:\Program Files\dotnet\sdk\5.0.411\Extensions\Microsoft.Diagnostics.NETCore.Client.dll
C:\Program Files\dotnet\sdk\5.0.411\Extensions\Microsoft.TestPlatform.Extensions.BlameDataCollector.dll
C:\Program Files\dotnet\sdk\5.0.411\Extensions\Microsoft.TestPlatform.Extensions.EventLogCollector.dll
C:\Program Files\dotnet\sdk\5.0.411\Extensions\Microsoft.TestPlatform.TestHostRuntimeProvider.dll
C:\Program Files\dotnet\sdk\5.0.411\Extensions\Microsoft.VisualStudio.TestPlatform.Extensions.Html.TestLogger.dll
C:\Program Files\dotnet\sdk\5.0.411\Extensions\Microsoft.VisualStudio.TestPlatform.Extensions.Trx.TestLogger.dll
TpTrace Verbose: 0 : 251312, 1, 2022/09/22, 08:56:52.977, 6576702821713, vstest.console.dll, TestPluginCache.GetExtensionPaths: Added unfilterableExtensionPaths: 
TpTrace Information: 0 : 251312, 1, 2022/09/22, 08:56:52.977, 6576702824124, vstest.console.dll, AssemblyResolver.AddSearchDirectories: Adding more searchDirectories C:\Program Files\dotnet\sdk\5.0.411\Extensions,C:\Program Files\dotnet\sdk\5.0.411
TpTrace Verbose: 0 : 251312, 1, 2022/09/22, 08:56:52.977, 6576702825398, vstest.console.dll, TestPluginCache.DiscoverTestExtensions: Discovering the extensions using extension path.
TpTrace Verbose: 0 : 251312, 1, 2022/09/22, 08:56:52.977, 6576702826576, vstest.console.dll, TestPluginCache.GetExtensionPaths: Filtered extension paths: 
TpTrace Verbose: 0 : 251312, 1, 2022/09/22, 08:56:52.977, 6576702827587, vstest.console.dll, TestPluginCache.GetExtensionPaths: Added default extension paths: C:\Program Files\dotnet\sdk\5.0.411\Extensions\Microsoft.Diagnostics.NETCore.Client.dll
C:\Program Files\dotnet\sdk\5.0.411\Extensions\Microsoft.TestPlatform.Extensions.BlameDataCollector.dll
C:\Program Files\dotnet\sdk\5.0.411\Extensions\Microsoft.TestPlatform.Extensions.EventLogCollector.dll
C:\Program Files\dotnet\sdk\5.0.411\Extensions\Microsoft.TestPlatform.TestHostRuntimeProvider.dll
C:\Program Files\dotnet\sdk\5.0.411\Extensions\Microsoft.VisualStudio.TestPlatform.Extensions.Html.TestLogger.dll
C:\Program Files\dotnet\sdk\5.0.411\Extensions\Microsoft.VisualStudio.TestPlatform.Extensions.Trx.TestLogger.dll
TpTrace Verbose: 0 : 251312, 1, 2022/09/22, 08:56:52.977, 6576702828597, vstest.console.dll, TestPluginCache.GetExtensionPaths: Added unfilterableExtensionPaths: 
TpTrace Verbose: 0 : 251312, 1, 2022/09/22, 08:56:52.978, 6576702829717, vstest.console.dll, TestPluginCache.DiscoverTestExtensions: Discovering the extensions using allExtensionPaths: C:\Program Files\dotnet\sdk\5.0.411\Extensions\Microsoft.Diagnostics.NETCore.Client.dll
C:\Program Files\dotnet\sdk\5.0.411\Extensions\Microsoft.TestPlatform.Extensions.BlameDataCollector.dll
C:\Program Files\dotnet\sdk\5.0.411\Extensions\Microsoft.TestPlatform.Extensions.EventLogCollector.dll
C:\Program Files\dotnet\sdk\5.0.411\Extensions\Microsoft.TestPlatform.TestHostRuntimeProvider.dll
C:\Program Files\dotnet\sdk\5.0.411\Extensions\Microsoft.VisualStudio.TestPlatform.Extensions.Html.TestLogger.dll
C:\Program Files\dotnet\sdk\5.0.411\Extensions\Microsoft.VisualStudio.TestPlatform.Extensions.Trx.TestLogger.dll
TpTrace Information: 0 : 251312, 1, 2022/09/22, 08:56:52.978, 6576702831016, vstest.console.dll, AssemblyResolver.AddSearchDirectories: Adding more searchDirectories C:\Program Files\dotnet\sdk\5.0.411\Extensions,C:\Program Files\dotnet\sdk\5.0.411
TpTrace Information: 0 : 251312, 1, 2022/09/22, 08:56:52.978, 6576702832070, vstest.console.dll, AssemblyResolver.AddSearchDirectories: Adding more searchDirectories C:\Program Files\dotnet\sdk\5.0.411\Extensions,C:\Program Files\dotnet\sdk\5.0.411
TpTrace Information: 0 : 251312, 1, 2022/09/22, 08:56:52.978, 6576702833128, vstest.console.dll, AssemblyResolver.AddSearchDirectories: Adding more searchDirectories C:\Program Files\dotnet\sdk\5.0.411\Extensions,C:\Program Files\dotnet\sdk\5.0.411
TpTrace Information: 0 : 251312, 1, 2022/09/22, 08:56:52.978, 6576702834140, vstest.console.dll, AssemblyResolver.AddSearchDirectories: Adding more searchDirectories C:\Program Files\dotnet\sdk\5.0.411\Extensions,C:\Program Files\dotnet\sdk\5.0.411
TpTrace Information: 0 : 251312, 1, 2022/09/22, 08:56:52.978, 6576702835212, vstest.console.dll, AssemblyResolver.AddSearchDirectories: Adding more searchDirectories C:\Program Files\dotnet\sdk\5.0.411\Extensions,C:\Program Files\dotnet\sdk\5.0.411
TpTrace Information: 0 : 251312, 1, 2022/09/22, 08:56:52.978, 6576702836300, vstest.console.dll, AssemblyResolver.AddSearchDirectories: Adding more searchDirectories C:\Program Files\dotnet\sdk\5.0.411\Extensions,C:\Program Files\dotnet\sdk\5.0.411
TpTrace Information: 0 : 251312, 1, 2022/09/22, 08:56:52.979, 6576702839836, vstest.console.dll, AssemblyResolver.OnResolve: Microsoft.Bcl.AsyncInterfaces: Resolving assembly.
TpTrace Information: 0 : 251312, 1, 2022/09/22, 08:56:52.979, 6576702841185, vstest.console.dll, AssemblyResolver.OnResolve: Microsoft.Bcl.AsyncInterfaces: Resolved from cache.
TpTrace Verbose: 0 : 251312, 1, 2022/09/22, 08:56:52.979, 6576702842303, vstest.console.dll, CurrentDomainAssemblyResolve: Resolving assembly 'Microsoft.Bcl.AsyncInterfaces'.
TpTrace Information: 0 : 251312, 1, 2022/09/22, 08:56:52.979, 6576702843549, vstest.console.dll, AssemblyResolver.OnResolve: Microsoft.Bcl.AsyncInterfaces: Resolving assembly.
TpTrace Information: 0 : 251312, 1, 2022/09/22, 08:56:52.979, 6576702844557, vstest.console.dll, AssemblyResolver.OnResolve: Microsoft.Bcl.AsyncInterfaces: Resolved from cache.
TpTrace Verbose: 0 : 251312, 1, 2022/09/22, 08:56:52.979, 6576702845571, vstest.console.dll, CurrentDomainAssemblyResolve: Resolving assembly 'Microsoft.Bcl.AsyncInterfaces'.
TpTrace Verbose: 0 : 251312, 1, 2022/09/22, 08:56:52.979, 6576702846543, vstest.console.dll, CurrentDomainAssemblyResolve: Failed to resolve assembly 'Microsoft.Bcl.AsyncInterfaces'.
TpTrace Verbose: 0 : 251312, 1, 2022/09/22, 08:56:52.980, 6576702849962, vstest.console.dll, CurrentDomainAssemblyResolve: Failed to resolve assembly 'Microsoft.Bcl.AsyncInterfaces'.
TpTrace Warning: 0 : 251312, 1, 2022/09/22, 08:56:52.980, 6576702856440, vstest.console.dll, TestPluginDiscoverer: Failed to get types from assembly 'Microsoft.Diagnostics.NETCore.Client, Version=0.2.2.41902, Culture=neutral, PublicKeyToken=31bf3856ad364e35'.  Skipping test extension scan for this assembly.  Error: System.Reflection.ReflectionTypeLoadException: Unable to load one or more of the requested types.
Could not load file or assembly 'Microsoft.Bcl.AsyncInterfaces, Version=1.0.0.0, Culture=neutral, PublicKeyToken=cc7b13ffcd2ddd51'. The system cannot find the file specified.
   at System.Reflection.RuntimeModule.GetTypes(RuntimeModule module)
   at System.Reflection.Assembly.GetTypes()
   at Microsoft.VisualStudio.TestPlatform.Common.ExtensionFramework.TestPluginDiscoverer.GetTestExtensionsFromAssembly[TPluginInfo,TExtension](Assembly assembly, Dictionary`2 pluginInfos)
System.IO.FileNotFoundException: Could not load file or assembly 'Microsoft.Bcl.AsyncInterfaces, Version=1.0.0.0, Culture=neutral, PublicKeyToken=cc7b13ffcd2ddd51'. The system cannot find the file specified.
File name: 'Microsoft.Bcl.AsyncInterfaces, Version=1.0.0.0, Culture=neutral, PublicKeyToken=cc7b13ffcd2ddd51'
 ---> System.IO.FileNotFoundException: Could not load file or assembly 'Microsoft.Bcl.AsyncInterfaces, Culture=neutral, PublicKeyToken=null'. The system cannot find the file specified.
File name: 'Microsoft.Bcl.AsyncInterfaces, Culture=neutral, PublicKeyToken=null'
   at System.Reflection.RuntimeAssembly.InternalLoad(ObjectHandleOnStack assemblyName, ObjectHandleOnStack requestingAssembly, StackCrawlMarkHandle stackMark, Boolean throwOnFileNotFound, ObjectHandleOnStack assemblyLoadContext, ObjectHandleOnStack retAssembly)
   at System.Reflection.RuntimeAssembly.InternalLoad(AssemblyName assemblyName, RuntimeAssembly requestingAssembly, StackCrawlMark& stackMark, Boolean throwOnFileNotFound, AssemblyLoadContext assemblyLoadContext)
   at System.Reflection.Assembly.Load(AssemblyName assemblyRef)
   at Microsoft.VisualStudio.TestPlatform.Common.ExtensionFramework.TestPluginCache.CurrentDomainAssemblyResolve(Object sender, AssemblyResolveEventArgs args)
   at Microsoft.VisualStudio.TestPlatform.PlatformAbstractions.PlatformAssemblyResolver.AssemblyResolverEvent(Object sender, Object eventArgs)
   at System.Runtime.Loader.AssemblyLoadContext.GetFirstResolvedAssemblyFromResolvingEvent(AssemblyName assemblyName)
   at System.Runtime.Loader.AssemblyLoadContext.ResolveUsingEvent(AssemblyName assemblyName)
   at System.Runtime.Loader.AssemblyLoadContext.ResolveUsingResolvingEvent(IntPtr gchManagedAssemblyLoadContext, AssemblyName assemblyName)
TpTrace Warning: 0 : 251312, 1, 2022/09/22, 08:56:52.981, 6576702859904, vstest.console.dll, LoaderExceptions: System.IO.FileNotFoundException: Could not load file or assembly 'Microsoft.Bcl.AsyncInterfaces, Version=1.0.0.0, Culture=neutral, PublicKeyToken=cc7b13ffcd2ddd51'. The system cannot find the file specified.
File name: 'Microsoft.Bcl.AsyncInterfaces, Version=1.0.0.0, Culture=neutral, PublicKeyToken=cc7b13ffcd2ddd51'
 ---> System.IO.FileNotFoundException: Could not load file or assembly 'Microsoft.Bcl.AsyncInterfaces, Culture=neutral, PublicKeyToken=null'. The system cannot find the file specified.
File name: 'Microsoft.Bcl.AsyncInterfaces, Culture=neutral, PublicKeyToken=null'
   at System.Reflection.RuntimeAssembly.InternalLoad(ObjectHandleOnStack assemblyName, ObjectHandleOnStack requestingAssembly, StackCrawlMarkHandle stackMark, Boolean throwOnFileNotFound, ObjectHandleOnStack assemblyLoadContext, ObjectHandleOnStack retAssembly)
   at System.Reflection.RuntimeAssembly.InternalLoad(AssemblyName assemblyName, RuntimeAssembly requestingAssembly, StackCrawlMark& stackMark, Boolean throwOnFileNotFound, AssemblyLoadContext assemblyLoadContext)
   at System.Reflection.Assembly.Load(AssemblyName assemblyRef)
   at Microsoft.VisualStudio.TestPlatform.Common.ExtensionFramework.TestPluginCache.CurrentDomainAssemblyResolve(Object sender, AssemblyResolveEventArgs args)
   at Microsoft.VisualStudio.TestPlatform.PlatformAbstractions.PlatformAssemblyResolver.AssemblyResolverEvent(Object sender, Object eventArgs)
   at System.Runtime.Loader.AssemblyLoadContext.GetFirstResolvedAssemblyFromResolvingEvent(AssemblyName assemblyName)
   at System.Runtime.Loader.AssemblyLoadContext.ResolveUsingEvent(AssemblyName assemblyName)
   at System.Runtime.Loader.AssemblyLoadContext.ResolveUsingResolvingEvent(IntPtr gchManagedAssemblyLoadContext, AssemblyName assemblyName)
TpTrace Verbose: 0 : 251312, 1, 2022/09/22, 08:56:52.981, 6576702866380, vstest.console.dll, TestPluginCache: Discovered the extensions using extension path ''.
TpTrace Verbose: 0 : 251312, 1, 2022/09/22, 08:56:52.981, 6576702867816, vstest.console.dll, TestPluginCache: Discoverers are ''.
TpTrace Verbose: 0 : 251312, 1, 2022/09/22, 08:56:52.981, 6576702868830, vstest.console.dll, TestPluginCache: Executors are ''.
TpTrace Verbose: 0 : 251312, 1, 2022/09/22, 08:56:52.982, 6576702869792, vstest.console.dll, TestPluginCache: Executors2 are ''.
TpTrace Verbose: 0 : 251312, 1, 2022/09/22, 08:56:52.982, 6576702870740, vstest.console.dll, TestPluginCache: Setting providers are ''.
TpTrace Verbose: 0 : 251312, 1, 2022/09/22, 08:56:52.982, 6576702872258, vstest.console.dll, TestPluginCache: Loggers are 'logger://Microsoft/TestPlatform/Extensions/Blame/v1,logger://Microsoft/TestPlatform/HtmlLogger/v1,logger://Microsoft/TestPlatform/TrxLogger/v1'.
TpTrace Information: 0 : 251312, 1, 2022/09/22, 08:56:52.983, 6576702880647, vstest.console.dll, TestPluginManager.CreateTestExtension: Attempting to load test extension: Microsoft.TestPlatform.Extensions.BlameDataCollector.BlameLogger
TpTrace Information: 0 : 251312, 1, 2022/09/22, 08:56:52.989, 6576702947958, vstest.console.dll, TestPluginManager.CreateTestExtension: Attempting to load test extension: Microsoft.VisualStudio.TestPlatform.CrossPlatEngine.Hosting.DefaultTestHostManager
TpTrace Information: 0 : 251312, 1, 2022/09/22, 08:56:52.990, 6576702951945, vstest.console.dll, TestPluginManager.CreateTestExtension: Attempting to load test extension: Microsoft.VisualStudio.TestPlatform.CrossPlatEngine.Hosting.DotnetTestHostManager
TpTrace Verbose: 0 : 251312, 1, 2022/09/22, 08:56:52.991, 6576702959306, vstest.console.dll, TestEngine: Initializing Parallel Execution as MaxCpuCount is set to: 1
TpTrace Information: 0 : 251312, 1, 2022/09/22, 08:56:52.991, 6576702967172, vstest.console.dll, InferRunSettingsHelper.IsTestSettingsEnabled: Unable to navigate to RunSettings/MSTest. Current node: RunSettings
TpTrace Verbose: 0 : 251312, 1, 2022/09/22, 08:56:53.007, 6576703122616, vstest.console.dll, TestRequestSender is acting as server
TpTrace Verbose: 0 : 251312, 5, 2022/09/22, 08:56:53.012, 6576703173422, vstest.console.dll, DataCollectionRequestSender.InitializeCommunication : Initialize communication. 
TpTrace Information: 0 : 251312, 5, 2022/09/22, 08:56:53.021, 6576703259775, vstest.console.dll, Listening on Endpoint : 127.0.0.1:50679
TpTrace Verbose: 0 : 251312, 5, 2022/09/22, 08:56:53.030, 6576703357037, vstest.console.dll, DotnetDataCollectionLauncher: Full path of dotnet.exe is C:\Program Files\dotnet\dotnet.exe
TpTrace Verbose: 0 : 251312, 5, 2022/09/22, 08:56:53.031, 6576703360266, vstest.console.dll, DotnetDataCollectionLauncher: Adding  --runtimeconfig "C:\Program Files\dotnet\sdk\5.0.411\datacollector.runtimeconfig.json" in args
TpTrace Verbose: 0 : 251312, 5, 2022/09/22, 08:56:53.031, 6576703362245, vstest.console.dll, DotnetDataCollectionLauncher: Adding  --depsfile "C:\Program Files\dotnet\sdk\5.0.411\datacollector.deps.json" in args
TpTrace Information: 0 : 251312, 5, 2022/09/22, 08:56:53.051, 6576703566557, vstest.console.dll, ProxyDataCollectionManager.Initialize: Launched datacollector processId: 234208 port: 50679
TpTrace Information: 0 : 251312, 5, 2022/09/22, 08:56:53.052, 6576703569811, vstest.console.dll, ProxyDataCollectionManager.Initialize: waiting for connection with timeout: 90 seconds
TpTrace Verbose: 0 : 251312, 5, 2022/09/22, 08:56:53.052, 6576703571560, vstest.console.dll, DataCollectionRequestSender.WaitForRequestHandlerConnection : Waiting for connection with timeout: 90000
TpTrace Information: 0 : 251312, 8, 2022/09/22, 08:56:53.229, 6576705347027, vstest.console.dll, Using the buffer size of 16384 bytes
TpTrace Verbose: 0 : 251312, 5, 2022/09/22, 08:56:53.229, 6576705348131, vstest.console.dll, ProxyDataCollectionManager.InvokeDataCollectionServiceAction: Starting.
TpTrace Information: 0 : 251312, 8, 2022/09/22, 08:56:53.230, 6576705350156, vstest.console.dll, Accepted Client request and set the flag
TpTrace Information: 0 : 251312, 5, 2022/09/22, 08:56:53.230, 6576705352635, vstest.console.dll, ProxyDataCollectionManager.BeforeTestRunStart: Get environment variable and port for datacollector processId: 234208 port: 50679
TpTrace Verbose: 0 : 251312, 5, 2022/09/22, 08:56:53.230, 6576705357255, vstest.console.dll, DataCollectionRequestSender.SendBeforeTestRunStartAndGetResult : Send BeforeTestRunStart message with settingsXml <RunSettings><RunConfiguration><ResultsDirectory>D:\Desenvolvimento\Gabriel\OrbitLibrary\OrbitLibrary\OrbitLibrary_Test\bin\Release\netcoreapp3.1\fine-code-coverage\coverage-tool-output</ResultsDirectory><TargetPlatform>X64</TargetPlatform><TargetFrameworkVersion>.NETCoreApp,Version=v3.1</TargetFrameworkVersion><DesignMode>False</DesignMode><CollectSourceInformation>False</CollectSourceInformation><TestAdaptersPaths>C:\Program Files\dotnet\sdk\5.0.411\Extensions</TestAdaptersPaths></RunConfiguration><LoggerRunSettings><Loggers><Logger friendlyName="blame" enabled="True" /><Logger friendlyName="Console" uri="logger://microsoft/TestPlatform/ConsoleLogger/v1" assemblyQualifiedName="Microsoft.VisualStudio.TestPlatform.CommandLine.Internal.ConsoleLogger, vstest.console, Version=15.0.0.0, Culture=neutral, PublicKeyToken=b03f5f7f11d50a3a" codeBase="C:\Program Files\dotnet\sdk\5.0.411\vstest.console.dll" enabled="True" /></Loggers></LoggerRunSettings><DataCollectionRunSettings><DataCollectors><DataCollector friendlyName="blame" enabled="True"><Configuration><ResultsDirectory>D:\Desenvolvimento\Gabriel\OrbitLibrary\OrbitLibrary\OrbitLibrary_Test\bin\Release\netcoreapp3.1\fine-code-coverage\coverage-tool-output</ResultsDirectory></Configuration></DataCollector></DataCollectors></DataCollectionRunSettings></RunSettings> and sources System.Linq.Enumerable+Concat2Iterator`1[System.String]: 
TpTrace Verbose: 0 : 251312, 5, 2022/09/22, 08:56:53.311, 6576706159856, vstest.console.dll, DataCollectionRequestSender.SendBeforeTestRunStartAndGetResult : Received message: (DataCollection.SendMessage) -> {
  "FriendlyName": null,
  "Uri": null,
  "TestCaseId": "00000000-0000-0000-0000-000000000000",
  "Message": "Logging DataCollector Diagnostics in file: D:\\Desenvolvimento\\Gabriel\\OrbitLibrary\\OrbitLibrary\\OrbitLibrary_Test\\bin\\Release\\netcoreapp3.1\\fine-code-coverage\\coverage-tool-output\\diagnostics.datacollector.22-09-22_08-56-53_03017_5.log",
  "Level": 0
}
TpTrace Verbose: 0 : 251312, 5, 2022/09/22, 08:56:53.379, 6576706843679, vstest.console.dll, DataCollectionRequestSender.SendBeforeTestRunStartAndGetResult : Received message: (DataCollection.BeforeTestRunStartResult) -> {
  "EnvironmentVariables": {},
  "DataCollectionEventsPort": 50681
}
TpTrace Information: 0 : 251312, 5, 2022/09/22, 08:56:53.389, 6576706945670, vstest.console.dll, ProxyDataCollectionManager.BeforeTestRunStart: SendBeforeTestRunStartAndGetResult successful, env variable from datacollector:   and testhost port: 50681
TpTrace Information: 0 : 251312, 5, 2022/09/22, 08:56:53.389, 6576706948386, vstest.console.dll, ProxyDataCollectionManager.InvokeDataCollectionServiceAction: Completed.
TpTrace Verbose: 0 : 251312, 1, 2022/09/22, 08:56:53.390, 6576706951658, vstest.console.dll, TestRunRequest.ExecuteAsync: Creating test run request.
TpTrace Verbose: 0 : 251312, 1, 2022/09/22, 08:56:53.390, 6576706957032, vstest.console.dll, TestRunRequest.ExecuteAsync: Starting.
TpTrace Information: 0 : 251312, 1, 2022/09/22, 08:56:53.391, 6576706964507, vstest.console.dll, TestRunRequest.ExecuteAsync: Starting run with settings:TestRunCriteria:
   KeepAlive=False,FrequencyOfRunStatsChangeEvent=10,RunStatsChangeEventTimeout=00:00:01.5000000,TestCaseFilter=,TestExecutorLauncher=
   Settingsxml=<RunSettings>
  <RunConfiguration>
    <ResultsDirectory>D:\Desenvolvimento\Gabriel\OrbitLibrary\OrbitLibrary\OrbitLibrary_Test\bin\Release\netcoreapp3.1\fine-code-coverage\coverage-tool-output</ResultsDirectory>
    <TargetPlatform>X64</TargetPlatform>
    <TargetFrameworkVersion>.NETCoreApp,Version=v3.1</TargetFrameworkVersion>
    <DesignMode>False</DesignMode>
    <CollectSourceInformation>False</CollectSourceInformation>
  </RunConfiguration>
  <LoggerRunSettings>
    <Loggers>
      <Logger friendlyName="blame" enabled="True" />
      <Logger friendlyName="Console" uri="logger://microsoft/TestPlatform/ConsoleLogger/v1" assemblyQualifiedName="Microsoft.VisualStudio.TestPlatform.CommandLine.Internal.ConsoleLogger, vstest.console, Version=15.0.0.0, Culture=neutral, PublicKeyToken=b03f5f7f11d50a3a" codeBase="C:\Program Files\dotnet\sdk\5.0.411\vstest.console.dll" enabled="True" />
    </Loggers>
  </LoggerRunSettings>
  <DataCollectionRunSettings>
    <DataCollectors>
      <DataCollector friendlyName="blame" enabled="True">
        <Configuration>
          <ResultsDirectory>D:\Desenvolvimento\Gabriel\OrbitLibrary\OrbitLibrary\OrbitLibrary_Test\bin\Release\netcoreapp3.1\fine-code-coverage\coverage-tool-output</ResultsDirectory>
        </Configuration>
      </DataCollector>
    </DataCollectors>
  </DataCollectionRunSettings>
</RunSettings>

TpTrace Verbose: 0 : 251312, 1, 2022/09/22, 08:56:53.391, 6576706966563, vstest.console.dll, TestRunRequest.ExecuteAsync: Wait for the first run request is over.
TpTrace Verbose: 0 : 251312, 1, 2022/09/22, 08:56:53.392, 6576706975467, vstest.console.dll, ParallelProxyExecutionManager: Start execution. Total sources: 1
TpTrace Information: 0 : 251312, 1, 2022/09/22, 08:56:53.393, 6576706986066, vstest.console.dll, ProxyParallelExecutionManager: Triggering test run for next source: D:\Desenvolvimento\Gabriel\OrbitLibrary\OrbitLibrary\OrbitLibrary_Test\bin\Release\netcoreapp3.1\fine-code-coverage\build-output\OrbitLibrary_Test.dll
TpTrace Verbose: 0 : 251312, 5, 2022/09/22, 08:56:53.394, 6576706990324, vstest.console.dll, ParallelProxyExecutionManager: Execution started. Started clients: 1
TpTrace Verbose: 0 : 251312, 1, 2022/09/22, 08:56:53.394, 6576706990993, vstest.console.dll, ProxyParallelExecutionManager: No sources available for execution.
TpTrace Information: 0 : 251312, 1, 2022/09/22, 08:56:53.394, 6576706994683, vstest.console.dll, TestRunRequest.ExecuteAsync: Started.
TpTrace Verbose: 0 : 251312, 5, 2022/09/22, 08:56:53.394, 6576706996633, vstest.console.dll, TestRunRequest:SendTestRunMessage: Starting.
TpTrace Verbose: 0 : 251312, 1, 2022/09/22, 08:56:53.394, 6576706996877, vstest.console.dll, TestRunRequest.WaitForCompletion: Waiting with timeout -1.
TpTrace Information: 0 : 251312, 5, 2022/09/22, 08:56:53.395, 6576707000272, vstest.console.dll, TestRunRequest:SendTestRunMessage: Completed.
TpTrace Verbose: 0 : 251312, 5, 2022/09/22, 08:56:53.395, 6576707005019, vstest.console.dll, ProxyExecutionManager: Test host is always Lazy initialize.
TpTrace Verbose: 0 : 251312, 5, 2022/09/22, 08:56:53.396, 6576707010309, vstest.console.dll, TestRequestSender.InitializeCommunication: initialize communication. 
TpTrace Information: 0 : 251312, 5, 2022/09/22, 08:56:53.397, 6576707020303, vstest.console.dll, SocketServer.Start: Listening on endpoint : 127.0.0.1:50682
TpTrace Verbose: 0 : 251312, 5, 2022/09/22, 08:56:53.398, 6576707033275, vstest.console.dll, DotnetTestHostmanager: Adding  --runtimeconfig "D:\Desenvolvimento\Gabriel\OrbitLibrary\OrbitLibrary\OrbitLibrary_Test\bin\Release\netcoreapp3.1\fine-code-coverage\build-output\OrbitLibrary_Test.runtimeconfig.json" in args
TpTrace Verbose: 0 : 251312, 5, 2022/09/22, 08:56:53.398, 6576707035643, vstest.console.dll, DotnetTestHostmanager: Adding  --depsfile "D:\Desenvolvimento\Gabriel\OrbitLibrary\OrbitLibrary\OrbitLibrary_Test\bin\Release\netcoreapp3.1\fine-code-coverage\build-output\OrbitLibrary_Test.deps.json" in args
TpTrace Verbose: 0 : 251312, 5, 2022/09/22, 08:56:53.399, 6576707039966, vstest.console.dll, DotnetTestHostManager: Testhost.exe/testhost.x86.exe found at path: D:\Desenvolvimento\Gabriel\OrbitLibrary\OrbitLibrary\OrbitLibrary_Test\bin\Release\netcoreapp3.1\fine-code-coverage\build-output\testhost.exe
TpTrace Verbose: 0 : 251312, 5, 2022/09/22, 08:56:53.399, 6576707042034, vstest.console.dll, DotnetTestHostmanager: Full path of host exe is D:\Desenvolvimento\Gabriel\OrbitLibrary\OrbitLibrary\OrbitLibrary_Test\bin\Release\netcoreapp3.1\fine-code-coverage\build-output\testhost.exe
TpTrace Verbose: 0 : 251312, 7, 2022/09/22, 08:56:53.400, 6576707057459, vstest.console.dll, DotnetTestHostManager: Starting process 'D:\Desenvolvimento\Gabriel\OrbitLibrary\OrbitLibrary\OrbitLibrary_Test\bin\Release\netcoreapp3.1\fine-code-coverage\build-output\testhost.exe' with command line ' --runtimeconfig "D:\Desenvolvimento\Gabriel\OrbitLibrary\OrbitLibrary\OrbitLibrary_Test\bin\Release\netcoreapp3.1\fine-code-coverage\build-output\OrbitLibrary_Test.runtimeconfig.json" --depsfile "D:\Desenvolvimento\Gabriel\OrbitLibrary\OrbitLibrary\OrbitLibrary_Test\bin\Release\netcoreapp3.1\fine-code-coverage\build-output\OrbitLibrary_Test.deps.json" --port 50682 --endpoint 127.0.0.1:050682 --role client --parentprocessid 251312 --diag "D:\Desenvolvimento\Gabriel\OrbitLibrary\OrbitLibrary\OrbitLibrary_Test\bin\Release\netcoreapp3.1\fine-code-coverage\coverage-tool-output\diagnostics.host.22-09-22_08-56-53_39787_5.log" --tracelevel 4 --datacollectionport 50681 --telemetryoptedin false'
TpTrace Verbose: 0 : 251312, 7, 2022/09/22, 08:56:53.419, 6576707246094, vstest.console.dll, Test Runtime launched
TpTrace Verbose: 0 : 251312, 5, 2022/09/22, 08:56:53.420, 6576707256074, vstest.console.dll, TestRequestSender.WaitForRequestHandlerConnection: waiting for connection with timeout: 90000
TpTrace Verbose: 0 : 251312, 7, 2022/09/22, 08:56:53.674, 6576709794684, vstest.console.dll, SocketServer.OnClientConnected: Client connected for endPoint: 127.0.0.1:50682, starting MessageLoopAsync:
TpTrace Verbose: 0 : 251312, 14, 2022/09/22, 08:56:53.675, 6576709799155, vstest.console.dll, TcpClientExtensions.MessageLoopAsync: Polling on remoteEndPoint: 127.0.0.1:50683 localEndPoint: 127.0.0.1:50682
TpTrace Verbose: 0 : 251312, 14, 2022/09/22, 08:56:53.868, 6576711736201, vstest.console.dll, TcpClientExtensions.MessageLoopAsync: NotifyDataAvailable remoteEndPoint: 127.0.0.1:50683 localEndPoint: 127.0.0.1:50682
TpTrace Verbose: 0 : 251312, 14, 2022/09/22, 08:56:53.869, 6576711740802, vstest.console.dll, TestRequestSender.CheckVersionWithTestHost: onMessageReceived received message: (ProtocolVersion) -> 5
TpTrace Verbose: 0 : 251312, 14, 2022/09/22, 08:56:53.869, 6576711747238, vstest.console.dll, TcpClientExtensions.MessageLoopAsync: Polling on remoteEndPoint: 127.0.0.1:50683 localEndPoint: 127.0.0.1:50682
TpTrace Verbose: 0 : 251312, 5, 2022/09/22, 08:56:53.870, 6576711748815, vstest.console.dll, TestPluginCache.GetExtensionPaths: Filtered extension paths: 
TpTrace Verbose: 0 : 251312, 5, 2022/09/22, 08:56:53.870, 6576711751032, vstest.console.dll, TestPluginCache.GetExtensionPaths: Added default extension paths: C:\Program Files\dotnet\sdk\5.0.411\Extensions\Microsoft.Diagnostics.NETCore.Client.dll
C:\Program Files\dotnet\sdk\5.0.411\Extensions\Microsoft.TestPlatform.Extensions.BlameDataCollector.dll
C:\Program Files\dotnet\sdk\5.0.411\Extensions\Microsoft.TestPlatform.Extensions.EventLogCollector.dll
C:\Program Files\dotnet\sdk\5.0.411\Extensions\Microsoft.TestPlatform.TestHostRuntimeProvider.dll
C:\Program Files\dotnet\sdk\5.0.411\Extensions\Microsoft.VisualStudio.TestPlatform.Extensions.Html.TestLogger.dll
C:\Program Files\dotnet\sdk\5.0.411\Extensions\Microsoft.VisualStudio.TestPlatform.Extensions.Trx.TestLogger.dll
TpTrace Verbose: 0 : 251312, 5, 2022/09/22, 08:56:53.870, 6576711752303, vstest.console.dll, TestPluginCache.GetExtensionPaths: Added unfilterableExtensionPaths: 
TpTrace Verbose: 0 : 251312, 5, 2022/09/22, 08:56:53.874, 6576711795587, vstest.console.dll, TestRequestSender.InitializeExecution: Sending initializing execution with message: {"Version":5,"MessageType":"TestExecution.Initialize","Payload":["D:\\Desenvolvimento\\Gabriel\\OrbitLibrary\\OrbitLibrary\\OrbitLibrary_Test\\bin\\Release\\netcoreapp3.1\\fine-code-coverage\\build-output\\xunit.runner.visualstudio.dotnetcore.testadapter.dll"]}
TpTrace Verbose: 0 : 251312, 14, 2022/09/22, 08:56:53.883, 6576711879999, vstest.console.dll, TcpClientExtensions.MessageLoopAsync: NotifyDataAvailable remoteEndPoint: 127.0.0.1:50683 localEndPoint: 127.0.0.1:50682
TpTrace Verbose: 0 : 251312, 14, 2022/09/22, 08:56:53.883, 6576711883838, vstest.console.dll, TestRequestSender.OnExecutionMessageReceived: Received message: {"Version":5,"MessageType":"TestSession.Message","Payload":{"MessageLevel":0,"Message":"Logging TestHost Diagnostics in file: D:\\Desenvolvimento\\Gabriel\\OrbitLibrary\\OrbitLibrary\\OrbitLibrary_Test\\bin\\Release\\netcoreapp3.1\\fine-code-coverage\\coverage-tool-output\\diagnostics.host.22-09-22_08-56-53_39787_5.log"}}
TpTrace Verbose: 0 : 251312, 14, 2022/09/22, 08:56:53.886, 6576711910982, vstest.console.dll, TestRunRequest:SendTestRunMessage: Starting.
TpTrace Information: 0 : 251312, 14, 2022/09/22, 08:56:53.886, 6576711913488, vstest.console.dll, TestRunRequest:SendTestRunMessage: Completed.
TpTrace Verbose: 0 : 251312, 14, 2022/09/22, 08:56:53.886, 6576711915020, vstest.console.dll, TcpClientExtensions.MessageLoopAsync: Polling on remoteEndPoint: 127.0.0.1:50683 localEndPoint: 127.0.0.1:50682
TpTrace Verbose: 0 : 251312, 5, 2022/09/22, 08:56:53.887, 6576711919727, vstest.console.dll, TestRequestSender.StartTestRun: Sending test run with message: {"Version":5,"MessageType":"TestExecution.StartWithSources","Payload":{"AdapterSourceMap":{"_none_":["D:\\Desenvolvimento\\Gabriel\\OrbitLibrary\\OrbitLibrary\\OrbitLibrary_Test\\bin\\Release\\netcoreapp3.1\\fine-code-coverage\\build-output\\OrbitLibrary_Test.dll"]},"RunSettings":"<RunSettings>\r\n  <RunConfiguration>\r\n    <ResultsDirectory>D:\\Desenvolvimento\\Gabriel\\OrbitLibrary\\OrbitLibrary\\OrbitLibrary_Test\\bin\\Release\\netcoreapp3.1\\fine-code-coverage\\coverage-tool-output</ResultsDirectory>\r\n    <TargetPlatform>X64</TargetPlatform>\r\n    <TargetFrameworkVersion>.NETCoreApp,Version=v3.1</TargetFrameworkVersion>\r\n    <DesignMode>False</DesignMode>\r\n    <CollectSourceInformation>False</CollectSourceInformation>\r\n  </RunConfiguration>\r\n  <LoggerRunSettings>\r\n    <Loggers>\r\n      <Logger friendlyName=\"blame\" enabled=\"True\" />\r\n      <Logger friendlyName=\"Console\" uri=\"logger://microsoft/TestPlatform/ConsoleLogger/v1\" assemblyQualifiedName=\"Microsoft.VisualStudio.TestPlatform.CommandLine.Internal.ConsoleLogger, vstest.console, Version=15.0.0.0, Culture=neutral, PublicKeyToken=b03f5f7f11d50a3a\" codeBase=\"C:\\Program Files\\dotnet\\sdk\\5.0.411\\vstest.console.dll\" enabled=\"True\" />\r\n    </Loggers>\r\n  </LoggerRunSettings>\r\n  <DataCollectionRunSettings>\r\n    <DataCollectors>\r\n      <DataCollector friendlyName=\"blame\" enabled=\"True\">\r\n        <Configuration>\r\n          <ResultsDirectory>D:\\Desenvolvimento\\Gabriel\\OrbitLibrary\\OrbitLibrary\\OrbitLibrary_Test\\bin\\Release\\netcoreapp3.1\\fine-code-coverage\\coverage-tool-output</ResultsDirectory>\r\n        </Configuration>\r\n      </DataCollector>\r\n    </DataCollectors>\r\n  </DataCollectionRunSettings>\r\n</RunSettings>","TestExecutionContext":{"FrequencyOfRunStatsChangeEvent":10,"RunStatsChangeEventTimeout":"00:00:01.5000000","InIsolation":false,"KeepAlive":false,"AreTestCaseLevelEventsRequired":false,"IsDebug":false,"TestCaseFilter":null,"FilterOptions":null},"Package":null}}
TpTrace Verbose: 0 : 251312, 14, 2022/09/22, 08:56:54.081, 6576713866549, vstest.console.dll, TcpClientExtensions.MessageLoopAsync: NotifyDataAvailable remoteEndPoint: 127.0.0.1:50683 localEndPoint: 127.0.0.1:50682
TpTrace Verbose: 0 : 251312, 14, 2022/09/22, 08:56:54.082, 6576713869385, vstest.console.dll, TestRequestSender.OnExecutionMessageReceived: Received message: {"Version":5,"MessageType":"TestSession.Message","Payload":{"MessageLevel":0,"Message":"[xUnit.net 00:00:00.00] xUnit.net VSTest Adapter v2.4.3+1b45f5407b (64-bit .NET Core 3.1.28)"}}
TpTrace Verbose: 0 : 251312, 14, 2022/09/22, 08:56:54.082, 6576713873502, vstest.console.dll, TestRunRequest:SendTestRunMessage: Starting.
TpTrace Information: 0 : 251312, 14, 2022/09/22, 08:56:54.082, 6576713875457, vstest.console.dll, TestRunRequest:SendTestRunMessage: Completed.
TpTrace Verbose: 0 : 251312, 14, 2022/09/22, 08:56:54.082, 6576713876952, vstest.console.dll, TcpClientExtensions.MessageLoopAsync: Polling on remoteEndPoint: 127.0.0.1:50683 localEndPoint: 127.0.0.1:50682
TpTrace Verbose: 0 : 251312, 14, 2022/09/22, 08:56:54.670, 6576719754374, vstest.console.dll, TcpClientExtensions.MessageLoopAsync: NotifyDataAvailable remoteEndPoint: 127.0.0.1:50683 localEndPoint: 127.0.0.1:50682
TpTrace Verbose: 0 : 251312, 14, 2022/09/22, 08:56:54.670, 6576719756829, vstest.console.dll, TestRequestSender.OnExecutionMessageReceived: Received message: {"Version":5,"MessageType":"TestSession.Message","Payload":{"MessageLevel":0,"Message":"[xUnit.net 00:00:00.59]   Discovering: OrbitLibrary_Test"}}
TpTrace Verbose: 0 : 251312, 14, 2022/09/22, 08:56:54.671, 6576719759911, vstest.console.dll, TestRunRequest:SendTestRunMessage: Starting.
TpTrace Information: 0 : 251312, 14, 2022/09/22, 08:56:54.671, 6576719761461, vstest.console.dll, TestRunRequest:SendTestRunMessage: Completed.
TpTrace Verbose: 0 : 251312, 14, 2022/09/22, 08:56:54.671, 6576719762737, vstest.console.dll, TcpClientExtensions.MessageLoopAsync: Polling on remoteEndPoint: 127.0.0.1:50683 localEndPoint: 127.0.0.1:50682
TpTrace Verbose: 0 : 251312, 14, 2022/09/22, 08:56:54.730, 6576720349886, vstest.console.dll, TcpClientExtensions.MessageLoopAsync: NotifyDataAvailable remoteEndPoint: 127.0.0.1:50683 localEndPoint: 127.0.0.1:50682
TpTrace Verbose: 0 : 251312, 14, 2022/09/22, 08:56:54.730, 6576720352362, vstest.console.dll, TestRequestSender.OnExecutionMessageReceived: Received message: {"Version":5,"MessageType":"TestSession.Message","Payload":{"MessageLevel":0,"Message":"[xUnit.net 00:00:00.65]   Discovered:  OrbitLibrary_Test"}}
TpTrace Verbose: 0 : 251312, 14, 2022/09/22, 08:56:54.730, 6576720355211, vstest.console.dll, TestRunRequest:SendTestRunMessage: Starting.
TpTrace Information: 0 : 251312, 14, 2022/09/22, 08:56:54.730, 6576720356723, vstest.console.dll, TestRunRequest:SendTestRunMessage: Completed.
TpTrace Verbose: 0 : 251312, 14, 2022/09/22, 08:56:54.731, 6576720357974, vstest.console.dll, TcpClientExtensions.MessageLoopAsync: Polling on remoteEndPoint: 127.0.0.1:50683 localEndPoint: 127.0.0.1:50682
TpTrace Verbose: 0 : 251312, 14, 2022/09/22, 08:56:54.733, 6576720381097, vstest.console.dll, TcpClientExtensions.MessageLoopAsync: NotifyDataAvailable remoteEndPoint: 127.0.0.1:50683 localEndPoint: 127.0.0.1:50682
TpTrace Verbose: 0 : 251312, 14, 2022/09/22, 08:56:54.733, 6576720382885, vstest.console.dll, TestRequestSender.OnExecutionMessageReceived: Received message: {"Version":5,"MessageType":"TestSession.Message","Payload":{"MessageLevel":0,"Message":"[xUnit.net 00:00:00.65]   Starting:    OrbitLibrary_Test"}}
TpTrace Verbose: 0 : 251312, 14, 2022/09/22, 08:56:54.733, 6576720385219, vstest.console.dll, TestRunRequest:SendTestRunMessage: Starting.
TpTrace Information: 0 : 251312, 14, 2022/09/22, 08:56:54.733, 6576720386555, vstest.console.dll, TestRunRequest:SendTestRunMessage: Completed.
TpTrace Verbose: 0 : 251312, 14, 2022/09/22, 08:56:54.734, 6576720387775, vstest.console.dll, TcpClientExtensions.MessageLoopAsync: Polling on remoteEndPoint: 127.0.0.1:50683 localEndPoint: 127.0.0.1:50682
TpTrace Verbose: 0 : 251312, 14, 2022/09/22, 08:56:54.931, 6576722363140, vstest.console.dll, TcpClientExtensions.MessageLoopAsync: NotifyDataAvailable remoteEndPoint: 127.0.0.1:50683 localEndPoint: 127.0.0.1:50682
TpTrace Verbose: 0 : 251312, 14, 2022/09/22, 08:56:54.932, 6576722368931, vstest.console.dll, TestRequestSender.OnExecutionMessageReceived: Received message: {"Version":5,"MessageType":"TestExecution.StatsChange","Payload":{"NewTestResults":[{"TestCase":{"Id":"8637221b-4fe6-adbf-c486-23d0206a38bf","FullyQualifiedName":"OrbitLibrary_Tests.Infrastructure.Data.ODBCDbFactoryTest.ShouldCreateAODBCDataAdapterObject","DisplayName":"OrbitLibrary_Tests.Infrastructure.Data.ODBCDbFactoryTest.ShouldCreateAODBCDataAdapterObject","ExecutorUri":"executor://xunit/VsTestRunner2/netcoreapp","Source":"D:\\Desenvolvimento\\Gabriel\\OrbitLibrary\\OrbitLibrary\\OrbitLibrary_Test\\bin\\Release\\netcoreapp3.1\\fine-code-coverage\\build-output\\OrbitLibrary_Test.dll","CodeFilePath":null,"LineNumber":0,"Properties":[]},"Attachments":[],"Outcome":1,"ErrorMessage":null,"ErrorStackTrace":null,"DisplayName":"OrbitLibrary_Tests.Infrastructure.Data.ODBCDbFactoryTest.ShouldCreateAODBCDataAdapterObject","Messages":[],"ComputerName":"SRVHDBTST","Duration":"00:00:00.0172244","StartTime":"2022-09-22T11:56:54.8535911+00:00","EndTime":"2022-09-22T11:56:54.8536914+00:00","Properties":[]},{"TestCase":{"Id":"2aff3748-6248-15ee-c5f3-1079dbff3120","FullyQualifiedName":"OrbitLibrary_Test.UnitTest1.Test1","DisplayName":"OrbitLibrary_Test.UnitTest1.Test1","ExecutorUri":"executor://xunit/VsTestRunner2/netcoreapp","Source":"D:\\Desenvolvimento\\Gabriel\\OrbitLibrary\\OrbitLibrary\\OrbitLibrary_Test\\bin\\Release\\netcoreapp3.1\\fine-code-coverage\\build-output\\OrbitLibrary_Test.dll","CodeFilePath":null,"LineNumber":0,"Properties":[]},"Attachments":[],"Outcome":1,"ErrorMessage":null,"ErrorStackTrace":null,"DisplayName":"OrbitLibrary_Test.UnitTest1.Test1","Messages":[],"ComputerName":"SRVHDBTST","Duration":"00:00:00.0038214","StartTime":"2022-09-22T11:56:54.877621+00:00","EndTime":"2022-09-22T11:56:54.8776229+00:00","Properties":[]},{"TestCase":{"Id":"9466b837-e550-5b4a-ff6a-7a43d2f9d777","FullyQualifiedName":"OrbitLibrary_Tests.Crypto.CryptoBase64Test.ShouldDecryptValue","DisplayName":"OrbitLibrary_Tests.Crypto.CryptoBase64Test.ShouldDecryptValue","ExecutorUri":"executor://xunit/VsTestRunner2/netcoreapp","Source":"D:\\Desenvolvimento\\Gabriel\\OrbitLibrary\\OrbitLibrary\\OrbitLibrary_Test\\bin\\Release\\netcoreapp3.1\\fine-code-coverage\\build-output\\OrbitLibrary_Test.dll","CodeFilePath":null,"LineNumber":0,"Properties":[]},"Attachments":[],"Outcome":1,"ErrorMessage":null,"ErrorStackTrace":null,"DisplayName":"OrbitLibrary_Tests.Crypto.CryptoBase64Test.ShouldDecryptValue","Messages":[],"ComputerName":"SRVHDBTST","Duration":"00:00:00.0282711","StartTime":"2022-09-22T11:56:54.883589+00:00","EndTime":"2022-09-22T11:56:54.8835916+00:00","Properties":[]}],"TestRunStatistics":{"ExecutedTests":3,"Stats":{"Passed":3}},"ActiveTests":[{"Id":"fa17a344-2176-5af0-9f73-59e35c7a3cd0","FullyQualifiedName":"OrbitLibrary_Tests.Utils.DefaultsTest.ShouldReturnsDefaultCredentialProvider","DisplayName":"OrbitLibrary_Tests.Utils.DefaultsTest.ShouldReturnsDefaultCredentialProvider","ExecutorUri":"executor://xunit/VsTestRunner2/netcoreapp","Source":"D:\\Desenvolvimento\\Gabriel\\OrbitLibrary\\OrbitLibrary\\OrbitLibrary_Test\\bin\\Release\\netcoreapp3.1\\fine-code-coverage\\build-output\\OrbitLibrary_Test.dll","CodeFilePath":null,"LineNumber":0,"Properties":[]},{"Id":"f954e3fa-170c-5875-faaa-d53e62d141e4","FullyQualifiedName":"OrbitLibrary_Tests.Infrastructure.Providers.OrbitCredentialProviderTest.ShouldCallCommunicationClientAndReturnValidSessionCredential","DisplayName":"OrbitLibrary_Tests.Infrastructure.Providers.OrbitCredentialProviderTest.ShouldCallCommunicationClientAndReturnValidSessionCredential","ExecutorUri":"executor://xunit/VsTestRunner2/netcoreapp","Source":"D:\\Desenvolvimento\\Gabriel\\OrbitLibrary\\OrbitLibrary\\OrbitLibrary_Test\\bin\\Release\\netcoreapp3.1\\fine-code-coverage\\build-output\\OrbitLibrary_Test.dll","CodeFilePath":null,"LineNumber":0,"Properties":[]},{"Id":"f8ff3c56-fe8a-eac5-f205-19d5d548a335","FullyQualifiedName":"OrbitLibrary_Tests.Common.BaseServiceTest.ShouldReturnsAValidOperationRequestBuilder","DisplayName":"OrbitLibrary_Tests.Common.BaseServiceTest.ShouldReturnsAValidOperationRequestBuilder","ExecutorUri":"executor://xunit/VsTestRunner2/netcoreapp","Source":"D:\\Desenvolvimento\\Gabriel\\OrbitLibrary\\OrbitLibrary\\OrbitLibrary_Test\\bin\\Release\\netcoreapp3.1\\fine-code-coverage\\build-output\\OrbitLibrary_Test.dll","CodeFilePath":null,"LineNumber":0,"Properties":[]},{"Id":"647c9830-eb76-83ea-58ff-afab8506db06","FullyQualifiedName":"OrbitLibrary_Tests.Common.Domain.ServiceConfigurationTest.ShouldSetCredentialsProvider","DisplayName":"OrbitLibrary_Tests.Common.Domain.ServiceConfigurationTest.ShouldSetCredentialsProvider","ExecutorUri":"executor://xunit/VsTestRunner2/netcoreapp","Source":"D:\\Desenvolvimento\\Gabriel\\OrbitLibrary\\OrbitLibrary\\OrbitLibrary_Test\\bin\\Release\\netcoreapp3.1\\fine-code-coverage\\build-output\\OrbitLibrary_Test.dll","CodeFilePath":null,"LineNumber":0,"Properties":[]},{"Id":"74149966-2a18-ed72-01f3-b607d9d561d7","FullyQualifiedName":"OrbitLibrary_Tests.Infrastructure.Data.ODBCDbFactoryTest.ShouldCreateAODBCConnectionObject","DisplayName":"OrbitLibrary_Tests.Infrastructure.Data.ODBCDbFactoryTest.ShouldCreateAODBCConnectionObject","ExecutorUri":"executor://xunit/VsTestRunner2/netcoreapp","Source":"D:\\Desenvolvimento\\Gabriel\\OrbitLibrary\\OrbitLibrary\\OrbitLibrary_Test\\bin\\Release\\netcoreapp3.1\\fine-code-coverage\\build-output\\OrbitLibrary_Test.dll","CodeFilePath":null,"LineNumber":0,"Properties":[]},{"Id":"fe2e8742-a604-424b-d730-f66322a5b6ae","FullyQualifiedName":"OrbitLibrary_Tests.Crypto.CryptoBase64Test.ShouldEncryptAStringBasedOnKeys","DisplayName":"OrbitLibrary_Tests.Crypto.CryptoBase64Test.ShouldEncryptAStringBasedOnKeys","ExecutorUri":"executor://xunit/VsTestRunner2/netcoreapp","Source":"D:\\Desenvolvimento\\Gabriel\\OrbitLibrary\\OrbitLibrary\\OrbitLibrary_Test\\bin\\Release\\netcoreapp3.1\\fine-code-coverage\\build-output\\OrbitLibrary_Test.dll","CodeFilePath":null,"LineNumber":0,"Properties":[]},{"Id":"10f240fb-d0ef-48b9-9b35-4bb09998b354","FullyQualifiedName":"OrbitLibrary_Tests.Infrastructure.Handlers.JsonResponseBodyDeserializerTest.ShouldDeserializeJsonToObject","DisplayName":"OrbitLibrary_Tests.Infrastructure.Handlers.JsonResponseBodyDeserializerTest.ShouldDeserializeJsonToObject","ExecutorUri":"executor://xunit/VsTestRunner2/netcoreapp","Source":"D:\\Desenvolvimento\\Gabriel\\OrbitLibrary\\OrbitLibrary\\OrbitLibrary_Test\\bin\\Release\\netcoreapp3.1\\fine-code-coverage\\build-output\\OrbitLibrary_Test.dll","CodeFilePath":null,"LineNumber":0,"Properties":[]}]}}
TpTrace Verbose: 0 : 251312, 14, 2022/09/22, 08:56:54.962, 6576722671843, vstest.console.dll, TestRunRequest:SendTestRunStatsChange: Starting.
TpTrace Verbose: 0 : 251312, 14, 2022/09/22, 08:56:54.962, 6576722674796, vstest.console.dll, InProgress is OrbitLibrary_Tests.Utils.DefaultsTest.ShouldReturnsDefaultCredentialProvider
TpTrace Verbose: 0 : 251312, 14, 2022/09/22, 08:56:54.962, 6576722676192, vstest.console.dll, InProgress is OrbitLibrary_Tests.Infrastructure.Providers.OrbitCredentialProviderTest.ShouldCallCommunicationClientAndReturnValidSessionCredential
TpTrace Verbose: 0 : 251312, 14, 2022/09/22, 08:56:54.962, 6576722677261, vstest.console.dll, InProgress is OrbitLibrary_Tests.Common.BaseServiceTest.ShouldReturnsAValidOperationRequestBuilder
TpTrace Verbose: 0 : 251312, 14, 2022/09/22, 08:56:54.963, 6576722678205, vstest.console.dll, InProgress is OrbitLibrary_Tests.Common.Domain.ServiceConfigurationTest.ShouldSetCredentialsProvider
TpTrace Verbose: 0 : 251312, 14, 2022/09/22, 08:56:54.963, 6576722679161, vstest.console.dll, InProgress is OrbitLibrary_Tests.Infrastructure.Data.ODBCDbFactoryTest.ShouldCreateAODBCConnectionObject
TpTrace Verbose: 0 : 251312, 14, 2022/09/22, 08:56:54.963, 6576722680094, vstest.console.dll, InProgress is OrbitLibrary_Tests.Crypto.CryptoBase64Test.ShouldEncryptAStringBasedOnKeys
TpTrace Verbose: 0 : 251312, 14, 2022/09/22, 08:56:54.963, 6576722681012, vstest.console.dll, InProgress is OrbitLibrary_Tests.Infrastructure.Handlers.JsonResponseBodyDeserializerTest.ShouldDeserializeJsonToObject
TpTrace Information: 0 : 251312, 14, 2022/09/22, 08:56:54.963, 6576722684361, vstest.console.dll, TestRunRequest:SendTestRunStatsChange: Completed.
TpTrace Verbose: 0 : 251312, 14, 2022/09/22, 08:56:54.963, 6576722685647, vstest.console.dll, TcpClientExtensions.MessageLoopAsync: Polling on remoteEndPoint: 127.0.0.1:50683 localEndPoint: 127.0.0.1:50682
TpTrace Verbose: 0 : 251312, 14, 2022/09/22, 08:56:54.971, 6576722764722, vstest.console.dll, TcpClientExtensions.MessageLoopAsync: NotifyDataAvailable remoteEndPoint: 127.0.0.1:50683 localEndPoint: 127.0.0.1:50682
TpTrace Verbose: 0 : 251312, 14, 2022/09/22, 08:56:54.972, 6576722768540, vstest.console.dll, TestRequestSender.OnExecutionMessageReceived: Received message: {"Version":5,"MessageType":"TestExecution.StatsChange","Payload":{"NewTestResults":[{"TestCase":{"Id":"fe2e8742-a604-424b-d730-f66322a5b6ae","FullyQualifiedName":"OrbitLibrary_Tests.Crypto.CryptoBase64Test.ShouldEncryptAStringBasedOnKeys","DisplayName":"OrbitLibrary_Tests.Crypto.CryptoBase64Test.ShouldEncryptAStringBasedOnKeys","ExecutorUri":"executor://xunit/VsTestRunner2/netcoreapp","Source":"D:\\Desenvolvimento\\Gabriel\\OrbitLibrary\\OrbitLibrary\\OrbitLibrary_Test\\bin\\Release\\netcoreapp3.1\\fine-code-coverage\\build-output\\OrbitLibrary_Test.dll","CodeFilePath":null,"LineNumber":0,"Properties":[]},"Attachments":[],"Outcome":1,"ErrorMessage":null,"ErrorStackTrace":null,"DisplayName":"OrbitLibrary_Tests.Crypto.CryptoBase64Test.ShouldEncryptAStringBasedOnKeys","Messages":[],"ComputerName":"SRVHDBTST","Duration":"00:00:00.0009403","StartTime":"2022-09-22T11:56:54.9330935+00:00","EndTime":"2022-09-22T11:56:54.933096+00:00","Properties":[]},{"TestCase":{"Id":"335683f4-eaeb-1dc9-c9e3-e5c8e0a33c4d","FullyQualifiedName":"OrbitLibrary_Tests.Common.Domain.SessionCredentialsTest.shouldCreateAValidInstance","DisplayName":"OrbitLibrary_Tests.Common.Domain.SessionCredentialsTest.shouldCreateAValidInstance","ExecutorUri":"executor://xunit/VsTestRunner2/netcoreapp","Source":"D:\\Desenvolvimento\\Gabriel\\OrbitLibrary\\OrbitLibrary\\OrbitLibrary_Test\\bin\\Release\\netcoreapp3.1\\fine-code-coverage\\build-output\\OrbitLibrary_Test.dll","CodeFilePath":null,"LineNumber":0,"Properties":[]},"Attachments":[],"Outcome":1,"ErrorMessage":null,"ErrorStackTrace":null,"DisplayName":"OrbitLibrary_Tests.Common.Domain.SessionCredentialsTest.shouldCreateAValidInstance","Messages":[],"ComputerName":"SRVHDBTST","Duration":"00:00:00.0004387","StartTime":"2022-09-22T11:56:54.9391381+00:00","EndTime":"2022-09-22T11:56:54.9391415+00:00","Properties":[]},{"TestCase":{"Id":"0197ee3e-3ae6-8060-3599-dae6f9249946","FullyQualifiedName":"OrbitLibrary_Tests.Common.Domain.SessionCredentialsTest.shouldCreateAInvalidInstance","DisplayName":"OrbitLibrary_Tests.Common.Domain.SessionCredentialsTest.shouldCreateAInvalidInstance","ExecutorUri":"executor://xunit/VsTestRunner2/netcoreapp","Source":"D:\\Desenvolvimento\\Gabriel\\OrbitLibrary\\OrbitLibrary\\OrbitLibrary_Test\\bin\\Release\\netcoreapp3.1\\fine-code-coverage\\build-output\\OrbitLibrary_Test.dll","CodeFilePath":null,"LineNumber":0,"Properties":[]},"Attachments":[],"Outcome":1,"ErrorMessage":null,"ErrorStackTrace":null,"DisplayName":"OrbitLibrary_Tests.Common.Domain.SessionCredentialsTest.shouldCreateAInvalidInstance","Messages":[],"ComputerName":"SRVHDBTST","Duration":"00:00:00.0002623","StartTime":"2022-09-22T11:56:54.9431853+00:00","EndTime":"2022-09-22T11:56:54.9431885+00:00","Properties":[]},{"TestCase":{"Id":"10f240fb-d0ef-48b9-9b35-4bb09998b354","FullyQualifiedName":"OrbitLibrary_Tests.Infrastructure.Handlers.JsonResponseBodyDeserializerTest.ShouldDeserializeJsonToObject","DisplayName":"OrbitLibrary_Tests.Infrastructure.Handlers.JsonResponseBodyDeserializerTest.ShouldDeserializeJsonToObject","ExecutorUri":"executor://xunit/VsTestRunner2/netcoreapp","Source":"D:\\Desenvolvimento\\Gabriel\\OrbitLibrary\\OrbitLibrary\\OrbitLibrary_Test\\bin\\Release\\netcoreapp3.1\\fine-code-coverage\\build-output\\OrbitLibrary_Test.dll","CodeFilePath":null,"LineNumber":0,"Properties":[]},"Attachments":[],"Outcome":1,"ErrorMessage":null,"ErrorStackTrace":null,"DisplayName":"OrbitLibrary_Tests.Infrastructure.Handlers.JsonResponseBodyDeserializerTest.ShouldDeserializeJsonToObject","Messages":[],"ComputerName":"SRVHDBTST","Duration":"00:00:00.0035358","StartTime":"2022-09-22T11:56:54.9457603+00:00","EndTime":"2022-09-22T11:56:54.9457625+00:00","Properties":[]},{"TestCase":{"Id":"74149966-2a18-ed72-01f3-b607d9d561d7","FullyQualifiedName":"OrbitLibrary_Tests.Infrastructure.Data.ODBCDbFactoryTest.ShouldCreateAODBCConnectionObject","DisplayName":"OrbitLibrary_Tests.Infrastructure.Data.ODBCDbFactoryTest.ShouldCreateAODBCConnectionObject","ExecutorUri":"executor://xunit/VsTestRunner2/netcoreapp","Source":"D:\\Desenvolvimento\\Gabriel\\OrbitLibrary\\OrbitLibrary\\OrbitLibrary_Test\\bin\\Release\\netcoreapp3.1\\fine-code-coverage\\build-output\\OrbitLibrary_Test.dll","CodeFilePath":null,"LineNumber":0,"Properties":[]},"Attachments":[],"Outcome":1,"ErrorMessage":null,"ErrorStackTrace":null,"DisplayName":"OrbitLibrary_Tests.Infrastructure.Data.ODBCDbFactoryTest.ShouldCreateAODBCConnectionObject","Messages":[],"ComputerName":"SRVHDBTST","Duration":"00:00:00.0127032","StartTime":"2022-09-22T11:56:54.9502144+00:00","EndTime":"2022-09-22T11:56:54.9502171+00:00","Properties":[]},{"TestCase":{"Id":"47a38862-2231-16d6-ef41-7013cdfcbe24","FullyQualifiedName":"OrbitLibrary_Tests.Infrastructure.Data.ODBCDbFactoryTest.ShouldCreateAODBCCommandObject","DisplayName":"OrbitLibrary_Tests.Infrastructure.Data.ODBCDbFactoryTest.ShouldCreateAODBCCommandObject","ExecutorUri":"executor://xunit/VsTestRunner2/netcoreapp","Source":"D:\\Desenvolvimento\\Gabriel\\OrbitLibrary\\OrbitLibrary\\OrbitLibrary_Test\\bin\\Release\\netcoreapp3.1\\fine-code-coverage\\build-output\\OrbitLibrary_Test.dll","CodeFilePath":null,"LineNumber":0,"Properties":[]},"Attachments":[],"Outcome":1,"ErrorMessage":null,"ErrorStackTrace":null,"DisplayName":"OrbitLibrary_Tests.Infrastructure.Data.ODBCDbFactoryTest.ShouldCreateAODBCCommandObject","Messages":[],"ComputerName":"SRVHDBTST","Duration":"00:00:00.0002373","StartTime":"2022-09-22T11:56:54.9567188+00:00","EndTime":"2022-09-22T11:56:54.9567219+00:00","Properties":[]},{"TestCase":{"Id":"e3496dfa-0357-6585-f7f0-bacfaeefc621","FullyQualifiedName":"OrbitLibrary_Tests.Infrastructure.Handlers.JsonRequestBodySerializerTest.ShouldSerializeObjectWithNullFields","DisplayName":"OrbitLibrary_Tests.Infrastructure.Handlers.JsonRequestBodySerializerTest.ShouldSerializeObjectWithNullFields","ExecutorUri":"executor://xunit/VsTestRunner2/netcoreapp","Source":"D:\\Desenvolvimento\\Gabriel\\OrbitLibrary\\OrbitLibrary\\OrbitLibrary_Test\\bin\\Release\\netcoreapp3.1\\fine-code-coverage\\build-output\\OrbitLibrary_Test.dll","CodeFilePath":null,"LineNumber":0,"Properties":[]},"Attachments":[],"Outcome":1,"ErrorMessage":null,"ErrorStackTrace":null,"DisplayName":"OrbitLibrary_Tests.Infrastructure.Handlers.JsonRequestBodySerializerTest.ShouldSerializeObjectWithNullFields","Messages":[],"ComputerName":"SRVHDBTST","Duration":"00:00:00.0059571","StartTime":"2022-09-22T11:56:54.962431+00:00","EndTime":"2022-09-22T11:56:54.9624341+00:00","Properties":[]},{"TestCase":{"Id":"e379a3e7-57cf-f8d5-3518-98709cdc2bb2","FullyQualifiedName":"OrbitLibrary_Tests.Infrastructure.Handlers.JsonRequestBodySerializerTest.ShouldSerializeTheObjectToJson","DisplayName":"OrbitLibrary_Tests.Infrastructure.Handlers.JsonRequestBodySerializerTest.ShouldSerializeTheObjectToJson","ExecutorUri":"executor://xunit/VsTestRunner2/netcoreapp","Source":"D:\\Desenvolvimento\\Gabriel\\OrbitLibrary\\OrbitLibrary\\OrbitLibrary_Test\\bin\\Release\\netcoreapp3.1\\fine-code-coverage\\build-output\\OrbitLibrary_Test.dll","CodeFilePath":null,"LineNumber":0,"Properties":[]},"Attachments":[],"Outcome":1,"ErrorMessage":null,"ErrorStackTrace":null,"DisplayName":"OrbitLibrary_Tests.Infrastructure.Handlers.JsonRequestBodySerializerTest.ShouldSerializeTheObjectToJson","Messages":[],"ComputerName":"SRVHDBTST","Duration":"00:00:00.0016214","StartTime":"2022-09-22T11:56:54.9672997+00:00","EndTime":"2022-09-22T11:56:54.9673029+00:00","Properties":[]}],"TestRunStatistics":{"ExecutedTests":11,"Stats":{"Passed":11}},"ActiveTests":[{"Id":"ba5f212d-7d9f-fbd4-c642-ab7bd6030abe","FullyQualifiedName":"OrbitLibrary_Tests.Data.DbWrapperTest.ExecuteNonQueryCommand_ShouldThrowExceptionWhenTheCommandObjectIsNull","DisplayName":"OrbitLibrary_Tests.Data.DbWrapperTest.ExecuteNonQueryCommand_ShouldThrowExceptionWhenTheCommandObjectIsNull","ExecutorUri":"executor://xunit/VsTestRunner2/netcoreapp","Source":"D:\\Desenvolvimento\\Gabriel\\OrbitLibrary\\OrbitLibrary\\OrbitLibrary_Test\\bin\\Release\\netcoreapp3.1\\fine-code-coverage\\build-output\\OrbitLibrary_Test.dll","CodeFilePath":null,"LineNumber":0,"Properties":[]},{"Id":"b0a0e7e1-3191-b7dc-fab0-ea3d7c2c2207","FullyQualifiedName":"OrbitLibrary_Tests.Infrastructure.Handlers.JsonRequestBodySerializerTest.ShouldSerializeObjectWithoutNullFields","DisplayName":"OrbitLibrary_Tests.Infrastructure.Handlers.JsonRequestBodySerializerTest.ShouldSerializeObjectWithoutNullFields","ExecutorUri":"executor://xunit/VsTestRunner2/netcoreapp","Source":"D:\\Desenvolvimento\\Gabriel\\OrbitLibrary\\OrbitLibrary\\OrbitLibrary_Test\\bin\\Release\\netcoreapp3.1\\fine-code-coverage\\build-output\\OrbitLibrary_Test.dll","CodeFilePath":null,"LineNumber":0,"Properties":[]}]}}
TpTrace Verbose: 0 : 251312, 14, 2022/09/22, 08:56:54.974, 6576722792156, vstest.console.dll, TestRunRequest:SendTestRunStatsChange: Starting.
TpTrace Verbose: 0 : 251312, 14, 2022/09/22, 08:56:54.974, 6576722794024, vstest.console.dll, InProgress is OrbitLibrary_Tests.Data.DbWrapperTest.ExecuteNonQueryCommand_ShouldThrowExceptionWhenTheCommandObjectIsNull
TpTrace Verbose: 0 : 251312, 14, 2022/09/22, 08:56:54.974, 6576722795025, vstest.console.dll, InProgress is OrbitLibrary_Tests.Infrastructure.Handlers.JsonRequestBodySerializerTest.ShouldSerializeObjectWithoutNullFields
TpTrace Information: 0 : 251312, 14, 2022/09/22, 08:56:54.974, 6576722796395, vstest.console.dll, TestRunRequest:SendTestRunStatsChange: Completed.
TpTrace Verbose: 0 : 251312, 14, 2022/09/22, 08:56:54.975, 6576722797519, vstest.console.dll, TcpClientExtensions.MessageLoopAsync: Polling on remoteEndPoint: 127.0.0.1:50683 localEndPoint: 127.0.0.1:50682
TpTrace Verbose: 0 : 251312, 14, 2022/09/22, 08:56:54.994, 6576722990078, vstest.console.dll, TcpClientExtensions.MessageLoopAsync: NotifyDataAvailable remoteEndPoint: 127.0.0.1:50683 localEndPoint: 127.0.0.1:50682
TpTrace Verbose: 0 : 251312, 14, 2022/09/22, 08:56:54.994, 6576722993791, vstest.console.dll, TestRequestSender.OnExecutionMessageReceived: Received message: {"Version":5,"MessageType":"TestExecution.StatsChange","Payload":{"NewTestResults":[{"TestCase":{"Id":"b0a0e7e1-3191-b7dc-fab0-ea3d7c2c2207","FullyQualifiedName":"OrbitLibrary_Tests.Infrastructure.Handlers.JsonRequestBodySerializerTest.ShouldSerializeObjectWithoutNullFields","DisplayName":"OrbitLibrary_Tests.Infrastructure.Handlers.JsonRequestBodySerializerTest.ShouldSerializeObjectWithoutNullFields","ExecutorUri":"executor://xunit/VsTestRunner2/netcoreapp","Source":"D:\\Desenvolvimento\\Gabriel\\OrbitLibrary\\OrbitLibrary\\OrbitLibrary_Test\\bin\\Release\\netcoreapp3.1\\fine-code-coverage\\build-output\\OrbitLibrary_Test.dll","CodeFilePath":null,"LineNumber":0,"Properties":[]},"Attachments":[],"Outcome":1,"ErrorMessage":null,"ErrorStackTrace":null,"DisplayName":"OrbitLibrary_Tests.Infrastructure.Handlers.JsonRequestBodySerializerTest.ShouldSerializeObjectWithoutNullFields","Messages":[],"ComputerName":"SRVHDBTST","Duration":"00:00:00.0001854","StartTime":"2022-09-22T11:56:54.9748586+00:00","EndTime":"2022-09-22T11:56:54.9748616+00:00","Properties":[]},{"TestCase":{"Id":"f8ff3c56-fe8a-eac5-f205-19d5d548a335","FullyQualifiedName":"OrbitLibrary_Tests.Common.BaseServiceTest.ShouldReturnsAValidOperationRequestBuilder","DisplayName":"OrbitLibrary_Tests.Common.BaseServiceTest.ShouldReturnsAValidOperationRequestBuilder","ExecutorUri":"executor://xunit/VsTestRunner2/netcoreapp","Source":"D:\\Desenvolvimento\\Gabriel\\OrbitLibrary\\OrbitLibrary\\OrbitLibrary_Test\\bin\\Release\\netcoreapp3.1\\fine-code-coverage\\build-output\\OrbitLibrary_Test.dll","CodeFilePath":null,"LineNumber":0,"Properties":[]},"Attachments":[],"Outcome":1,"ErrorMessage":null,"ErrorStackTrace":null,"DisplayName":"OrbitLibrary_Tests.Common.BaseServiceTest.ShouldReturnsAValidOperationRequestBuilder","Messages":[],"ComputerName":"SRVHDBTST","Duration":"00:00:00.1231563","StartTime":"2022-09-22T11:56:54.9802619+00:00","EndTime":"2022-09-22T11:56:54.9802645+00:00","Properties":[]},{"TestCase":{"Id":"647c9830-eb76-83ea-58ff-afab8506db06","FullyQualifiedName":"OrbitLibrary_Tests.Common.Domain.ServiceConfigurationTest.ShouldSetCredentialsProvider","DisplayName":"OrbitLibrary_Tests.Common.Domain.ServiceConfigurationTest.ShouldSetCredentialsProvider","ExecutorUri":"executor://xunit/VsTestRunner2/netcoreapp","Source":"D:\\Desenvolvimento\\Gabriel\\OrbitLibrary\\OrbitLibrary\\OrbitLibrary_Test\\bin\\Release\\netcoreapp3.1\\fine-code-coverage\\build-output\\OrbitLibrary_Test.dll","CodeFilePath":null,"LineNumber":0,"Properties":[]},"Attachments":[],"Outcome":1,"ErrorMessage":null,"ErrorStackTrace":null,"DisplayName":"OrbitLibrary_Tests.Common.Domain.ServiceConfigurationTest.ShouldSetCredentialsProvider","Messages":[],"ComputerName":"SRVHDBTST","Duration":"00:00:00.1051086","StartTime":"2022-09-22T11:56:54.9841823+00:00","EndTime":"2022-09-22T11:56:54.9841853+00:00","Properties":[]},{"TestCase":{"Id":"4f1d6694-5f84-c7aa-819c-3fc1adec18a6","FullyQualifiedName":"OrbitLibrary_Tests.Common.Domain.ServiceConfigurationTest.GetBaseURIWithoutLatestSlash","DisplayName":"OrbitLibrary_Tests.Common.Domain.ServiceConfigurationTest.GetBaseURIWithoutLatestSlash","ExecutorUri":"executor://xunit/VsTestRunner2/netcoreapp","Source":"D:\\Desenvolvimento\\Gabriel\\OrbitLibrary\\OrbitLibrary\\OrbitLibrary_Test\\bin\\Release\\netcoreapp3.1\\fine-code-coverage\\build-output\\OrbitLibrary_Test.dll","CodeFilePath":null,"LineNumber":0,"Properties":[]},"Attachments":[],"Outcome":1,"ErrorMessage":null,"ErrorStackTrace":null,"DisplayName":"OrbitLibrary_Tests.Common.Domain.ServiceConfigurationTest.GetBaseURIWithoutLatestSlash","Messages":[],"ComputerName":"SRVHDBTST","Duration":"00:00:00.0002321","StartTime":"2022-09-22T11:56:54.987191+00:00","EndTime":"2022-09-22T11:56:54.9871931+00:00","Properties":[]},{"TestCase":{"Id":"6bf6fece-ca3a-3db5-4b36-499faf3ad736","FullyQualifiedName":"OrbitLibrary_Tests.Common.Domain.OperationRequestTest.AddingHeaders","DisplayName":"OrbitLibrary_Tests.Common.Domain.OperationRequestTest.AddingHeaders","ExecutorUri":"executor://xunit/VsTestRunner2/netcoreapp","Source":"D:\\Desenvolvimento\\Gabriel\\OrbitLibrary\\OrbitLibrary\\OrbitLibrary_Test\\bin\\Release\\netcoreapp3.1\\fine-code-coverage\\build-output\\OrbitLibrary_Test.dll","CodeFilePath":null,"LineNumber":0,"Properties":[]},"Attachments":[],"Outcome":1,"ErrorMessage":null,"ErrorStackTrace":null,"DisplayName":"OrbitLibrary_Tests.Common.Domain.OperationRequestTest.AddingHeaders","Messages":[],"ComputerName":"SRVHDBTST","Duration":"00:00:00.0044953","StartTime":"2022-09-22T11:56:54.9912622+00:00","EndTime":"2022-09-22T11:56:54.9912644+00:00","Properties":[]}],"TestRunStatistics":{"ExecutedTests":16,"Stats":{"Passed":16}},"ActiveTests":[{"Id":"efdb45a9-44b4-d950-c8cb-e2dcd5ea55fd","FullyQualifiedName":"OrbitLibrary_Tests.Application.Builders.OperationRequestBuilderTest.ShouldAddParameters","DisplayName":"OrbitLibrary_Tests.Application.Builders.OperationRequestBuilderTest.ShouldAddParameters","ExecutorUri":"executor://xunit/VsTestRunner2/netcoreapp","Source":"D:\\Desenvolvimento\\Gabriel\\OrbitLibrary\\OrbitLibrary\\OrbitLibrary_Test\\bin\\Release\\netcoreapp3.1\\fine-code-coverage\\build-output\\OrbitLibrary_Test.dll","CodeFilePath":null,"LineNumber":0,"Properties":[]},{"Id":"ddd1949a-b156-c987-3c46-b57f7c4d711d","FullyQualifiedName":"OrbitLibrary_Tests.Infrastructure.Providers.HttpClientCommunicationProviderTest.ShouldCall","DisplayName":"OrbitLibrary_Tests.Infrastructure.Providers.HttpClientCommunicationProviderTest.ShouldCall","ExecutorUri":"executor://xunit/VsTestRunner2/netcoreapp","Source":"D:\\Desenvolvimento\\Gabriel\\OrbitLibrary\\OrbitLibrary\\OrbitLibrary_Test\\bin\\Release\\netcoreapp3.1\\fine-code-coverage\\build-output\\OrbitLibrary_Test.dll","CodeFilePath":null,"LineNumber":0,"Properties":[]},{"Id":"f39c3feb-8e93-0c4d-7008-8b5a70ee0d28","FullyQualifiedName":"OrbitLibrary_Tests.Common.BaseServiceTest.ShouldRetryRequestIfAuthenticationIsRequiredAndResponseIsUnauthorized","DisplayName":"OrbitLibrary_Tests.Common.BaseServiceTest.ShouldRetryRequestIfAuthenticationIsRequiredAndResponseIsUnauthorized","ExecutorUri":"executor://xunit/VsTestRunner2/netcoreapp","Source":"D:\\Desenvolvimento\\Gabriel\\OrbitLibrary\\OrbitLibrary\\OrbitLibrary_Test\\bin\\Release\\netcoreapp3.1\\fine-code-coverage\\build-output\\OrbitLibrary_Test.dll","CodeFilePath":null,"LineNumber":0,"Properties":[]},{"Id":"a72168ed-6c76-b009-3fd5-0cd26e668553","FullyQualifiedName":"OrbitLibrary_Tests.Services.Authentication.Session.LoginTest.LoginWithouParameters","DisplayName":"OrbitLibrary_Tests.Services.Authentication.Session.LoginTest.LoginWithouParameters","ExecutorUri":"executor://xunit/VsTestRunner2/netcoreapp","Source":"D:\\Desenvolvimento\\Gabriel\\OrbitLibrary\\OrbitLibrary\\OrbitLibrary_Test\\bin\\Release\\netcoreapp3.1\\fine-code-coverage\\build-output\\OrbitLibrary_Test.dll","CodeFilePath":null,"LineNumber":0,"Properties":[]},{"Id":"58d12395-ec26-3899-0f46-c52c23c53b62","FullyQualifiedName":"OrbitLibrary_Tests.Common.Domain.OperationRequestTest.InstanceCreation","DisplayName":"OrbitLibrary_Tests.Common.Domain.OperationRequestTest.InstanceCreation","ExecutorUri":"executor://xunit/VsTestRunner2/netcoreapp","Source":"D:\\Desenvolvimento\\Gabriel\\OrbitLibrary\\OrbitLibrary\\OrbitLibrary_Test\\bin\\Release\\netcoreapp3.1\\fine-code-coverage\\build-output\\OrbitLibrary_Test.dll","CodeFilePath":null,"LineNumber":0,"Properties":[]}]}}
TpTrace Verbose: 0 : 251312, 14, 2022/09/22, 08:56:54.996, 6576723013085, vstest.console.dll, TestRunRequest:SendTestRunStatsChange: Starting.
TpTrace Verbose: 0 : 251312, 14, 2022/09/22, 08:56:54.996, 6576723014666, vstest.console.dll, InProgress is OrbitLibrary_Tests.Application.Builders.OperationRequestBuilderTest.ShouldAddParameters
TpTrace Verbose: 0 : 251312, 14, 2022/09/22, 08:56:54.996, 6576723015691, vstest.console.dll, InProgress is OrbitLibrary_Tests.Infrastructure.Providers.HttpClientCommunicationProviderTest.ShouldCall
TpTrace Verbose: 0 : 251312, 14, 2022/09/22, 08:56:54.996, 6576723016711, vstest.console.dll, InProgress is OrbitLibrary_Tests.Common.BaseServiceTest.ShouldRetryRequestIfAuthenticationIsRequiredAndResponseIsUnauthorized
TpTrace Verbose: 0 : 251312, 14, 2022/09/22, 08:56:54.997, 6576723017663, vstest.console.dll, InProgress is OrbitLibrary_Tests.Services.Authentication.Session.LoginTest.LoginWithouParameters
TpTrace Verbose: 0 : 251312, 14, 2022/09/22, 08:56:54.997, 6576723018720, vstest.console.dll, InProgress is OrbitLibrary_Tests.Common.Domain.OperationRequestTest.InstanceCreation
TpTrace Information: 0 : 251312, 14, 2022/09/22, 08:56:54.997, 6576723019880, vstest.console.dll, TestRunRequest:SendTestRunStatsChange: Completed.
TpTrace Verbose: 0 : 251312, 14, 2022/09/22, 08:56:54.997, 6576723021788, vstest.console.dll, TcpClientExtensions.MessageLoopAsync: Polling on remoteEndPoint: 127.0.0.1:50683 localEndPoint: 127.0.0.1:50682
TpTrace Verbose: 0 : 251312, 14, 2022/09/22, 08:56:55.023, 6576723282997, vstest.console.dll, TcpClientExtensions.MessageLoopAsync: NotifyDataAvailable remoteEndPoint: 127.0.0.1:50683 localEndPoint: 127.0.0.1:50682
TpTrace Verbose: 0 : 251312, 14, 2022/09/22, 08:56:55.023, 6576723286843, vstest.console.dll, TestRequestSender.OnExecutionMessageReceived: Received message: {"Version":5,"MessageType":"TestExecution.StatsChange","Payload":{"NewTestResults":[{"TestCase":{"Id":"efdb45a9-44b4-d950-c8cb-e2dcd5ea55fd","FullyQualifiedName":"OrbitLibrary_Tests.Application.Builders.OperationRequestBuilderTest.ShouldAddParameters","DisplayName":"OrbitLibrary_Tests.Application.Builders.OperationRequestBuilderTest.ShouldAddParameters","ExecutorUri":"executor://xunit/VsTestRunner2/netcoreapp","Source":"D:\\Desenvolvimento\\Gabriel\\OrbitLibrary\\OrbitLibrary\\OrbitLibrary_Test\\bin\\Release\\netcoreapp3.1\\fine-code-coverage\\build-output\\OrbitLibrary_Test.dll","CodeFilePath":null,"LineNumber":0,"Properties":[]},"Attachments":[],"Outcome":1,"ErrorMessage":null,"ErrorStackTrace":null,"DisplayName":"OrbitLibrary_Tests.Application.Builders.OperationRequestBuilderTest.ShouldAddParameters","Messages":[],"ComputerName":"SRVHDBTST","Duration":"00:00:00.0839427","StartTime":"2022-09-22T11:56:54.9957613+00:00","EndTime":"2022-09-22T11:56:54.9957644+00:00","Properties":[]},{"TestCase":{"Id":"58d12395-ec26-3899-0f46-c52c23c53b62","FullyQualifiedName":"OrbitLibrary_Tests.Common.Domain.OperationRequestTest.InstanceCreation","DisplayName":"OrbitLibrary_Tests.Common.Domain.OperationRequestTest.InstanceCreation","ExecutorUri":"executor://xunit/VsTestRunner2/netcoreapp","Source":"D:\\Desenvolvimento\\Gabriel\\OrbitLibrary\\OrbitLibrary\\OrbitLibrary_Test\\bin\\Release\\netcoreapp3.1\\fine-code-coverage\\build-output\\OrbitLibrary_Test.dll","CodeFilePath":null,"LineNumber":0,"Properties":[]},"Attachments":[],"Outcome":1,"ErrorMessage":null,"ErrorStackTrace":null,"DisplayName":"OrbitLibrary_Tests.Common.Domain.OperationRequestTest.InstanceCreation","Messages":[],"ComputerName":"SRVHDBTST","Duration":"00:00:00.0024586","StartTime":"2022-09-22T11:56:54.9993368+00:00","EndTime":"2022-09-22T11:56:54.9993395+00:00","Properties":[]},{"TestCase":{"Id":"ecba2f07-7186-4edc-deea-c544ee442743","FullyQualifiedName":"OrbitLibrary_Tests.Common.Domain.OperationRequestTest.PutBody","DisplayName":"OrbitLibrary_Tests.Common.Domain.OperationRequestTest.PutBody","ExecutorUri":"executor://xunit/VsTestRunner2/netcoreapp","Source":"D:\\Desenvolvimento\\Gabriel\\OrbitLibrary\\OrbitLibrary\\OrbitLibrary_Test\\bin\\Release\\netcoreapp3.1\\fine-code-coverage\\build-output\\OrbitLibrary_Test.dll","CodeFilePath":null,"LineNumber":0,"Properties":[]},"Attachments":[],"Outcome":1,"ErrorMessage":null,"ErrorStackTrace":null,"DisplayName":"OrbitLibrary_Tests.Common.Domain.OperationRequestTest.PutBody","Messages":[],"ComputerName":"SRVHDBTST","Duration":"00:00:00.0001446","StartTime":"2022-09-22T11:56:55.0031775+00:00","EndTime":"2022-09-22T11:56:55.00318+00:00","Properties":[]},{"TestCase":{"Id":"fa17a344-2176-5af0-9f73-59e35c7a3cd0","FullyQualifiedName":"OrbitLibrary_Tests.Utils.DefaultsTest.ShouldReturnsDefaultCredentialProvider","DisplayName":"OrbitLibrary_Tests.Utils.DefaultsTest.ShouldReturnsDefaultCredentialProvider","ExecutorUri":"executor://xunit/VsTestRunner2/netcoreapp","Source":"D:\\Desenvolvimento\\Gabriel\\OrbitLibrary\\OrbitLibrary\\OrbitLibrary_Test\\bin\\Release\\netcoreapp3.1\\fine-code-coverage\\build-output\\OrbitLibrary_Test.dll","CodeFilePath":null,"LineNumber":0,"Properties":[]},"Attachments":[],"Outcome":1,"ErrorMessage":null,"ErrorStackTrace":null,"DisplayName":"OrbitLibrary_Tests.Utils.DefaultsTest.ShouldReturnsDefaultCredentialProvider","Messages":[],"ComputerName":"SRVHDBTST","Duration":"00:00:00.1360904","StartTime":"2022-09-22T11:56:55.0063975+00:00","EndTime":"2022-09-22T11:56:55.0063996+00:00","Properties":[]},{"TestCase":{"Id":"a72168ed-6c76-b009-3fd5-0cd26e668553","FullyQualifiedName":"OrbitLibrary_Tests.Services.Authentication.Session.LoginTest.LoginWithouParameters","DisplayName":"OrbitLibrary_Tests.Services.Authentication.Session.LoginTest.LoginWithouParameters","ExecutorUri":"executor://xunit/VsTestRunner2/netcoreapp","Source":"D:\\Desenvolvimento\\Gabriel\\OrbitLibrary\\OrbitLibrary\\OrbitLibrary_Test\\bin\\Release\\netcoreapp3.1\\fine-code-coverage\\build-output\\OrbitLibrary_Test.dll","CodeFilePath":null,"LineNumber":0,"Properties":[]},"Attachments":[],"Outcome":1,"ErrorMessage":null,"ErrorStackTrace":null,"DisplayName":"OrbitLibrary_Tests.Services.Authentication.Session.LoginTest.LoginWithouParameters","Messages":[],"ComputerName":"SRVHDBTST","Duration":"00:00:00.0134896","StartTime":"2022-09-22T11:56:55.0095605+00:00","EndTime":"2022-09-22T11:56:55.0095627+00:00","Properties":[]},{"TestCase":{"Id":"ba5f212d-7d9f-fbd4-c642-ab7bd6030abe","FullyQualifiedName":"OrbitLibrary_Tests.Data.DbWrapperTest.ExecuteNonQueryCommand_ShouldThrowExceptionWhenTheCommandObjectIsNull","DisplayName":"OrbitLibrary_Tests.Data.DbWrapperTest.ExecuteNonQueryCommand_ShouldThrowExceptionWhenTheCommandObjectIsNull","ExecutorUri":"executor://xunit/VsTestRunner2/netcoreapp","Source":"D:\\Desenvolvimento\\Gabriel\\OrbitLibrary\\OrbitLibrary\\OrbitLibrary_Test\\bin\\Release\\netcoreapp3.1\\fine-code-coverage\\build-output\\OrbitLibrary_Test.dll","CodeFilePath":null,"LineNumber":0,"Properties":[]},"Attachments":[],"Outcome":1,"ErrorMessage":null,"ErrorStackTrace":null,"DisplayName":"OrbitLibrary_Tests.Data.DbWrapperTest.ExecuteNonQueryCommand_ShouldThrowExceptionWhenTheCommandObjectIsNull","Messages":[],"ComputerName":"SRVHDBTST","Duration":"00:00:00.1005100","StartTime":"2022-09-22T11:56:55.0205339+00:00","EndTime":"2022-09-22T11:56:55.0205356+00:00","Properties":[]}],"TestRunStatistics":{"ExecutedTests":22,"Stats":{"Passed":22}},"ActiveTests":[{"Id":"3efbe6b5-0101-eff8-48cb-56225aa94267","FullyQualifiedName":"OrbitLibrary_Tests.Application.Builders.OperationRequestBuilderTest.ShouldCallBodySerializer","DisplayName":"OrbitLibrary_Tests.Application.Builders.OperationRequestBuilderTest.ShouldCallBodySerializer","ExecutorUri":"executor://xunit/VsTestRunner2/netcoreapp","Source":"D:\\Desenvolvimento\\Gabriel\\OrbitLibrary\\OrbitLibrary\\OrbitLibrary_Test\\bin\\Release\\netcoreapp3.1\\fine-code-coverage\\build-output\\OrbitLibrary_Test.dll","CodeFilePath":null,"LineNumber":0,"Properties":[]},{"Id":"aed01e5f-0efc-e159-6534-11eb0ed34b1f","FullyQualifiedName":"OrbitLibrary_Tests.Infrastructure.Repositories.DBServiceConfigurationRepositoryTest.ShouldReturnsAServiceConfigurationObject","DisplayName":"OrbitLibrary_Tests.Infrastructure.Repositories.DBServiceConfigurationRepositoryTest.ShouldReturnsAServiceConfigurationObject","ExecutorUri":"executor://xunit/VsTestRunner2/netcoreapp","Source":"D:\\Desenvolvimento\\Gabriel\\OrbitLibrary\\OrbitLibrary\\OrbitLibrary_Test\\bin\\Release\\netcoreapp3.1\\fine-code-coverage\\build-output\\OrbitLibrary_Test.dll","CodeFilePath":null,"LineNumber":0,"Properties":[]},{"Id":"452e419c-1f1c-d734-cca4-11b337675075","FullyQualifiedName":"OrbitLibrary_Tests.Common.Domain.OperationResponseTest.ShouldCallDeserializer","DisplayName":"OrbitLibrary_Tests.Common.Domain.OperationResponseTest.ShouldCallDeserializer","ExecutorUri":"executor://xunit/VsTestRunner2/netcoreapp","Source":"D:\\Desenvolvimento\\Gabriel\\OrbitLibrary\\OrbitLibrary\\OrbitLibrary_Test\\bin\\Release\\netcoreapp3.1\\fine-code-coverage\\build-output\\OrbitLibrary_Test.dll","CodeFilePath":null,"LineNumber":0,"Properties":[]},{"Id":"b530f659-57bd-9d22-a672-9c622dbd85fb","FullyQualifiedName":"OrbitLibrary_Tests.Data.DbWrapperTest.ExecuteQueryCommand_ShouldThrowExceptionWhenTheCommandObjectIsNull","DisplayName":"OrbitLibrary_Tests.Data.DbWrapperTest.ExecuteQueryCommand_ShouldThrowExceptionWhenTheCommandObjectIsNull","ExecutorUri":"executor://xunit/VsTestRunner2/netcoreapp","Source":"D:\\Desenvolvimento\\Gabriel\\OrbitLibrary\\OrbitLibrary\\OrbitLibrary_Test\\bin\\Release\\netcoreapp3.1\\fine-code-coverage\\build-output\\OrbitLibrary_Test.dll","CodeFilePath":null,"LineNumber":0,"Properties":[]}]}}
TpTrace Verbose: 0 : 251312, 14, 2022/09/22, 08:56:55.025, 6576723303948, vstest.console.dll, TestRunRequest:SendTestRunStatsChange: Starting.
TpTrace Verbose: 0 : 251312, 14, 2022/09/22, 08:56:55.025, 6576723305458, vstest.console.dll, InProgress is OrbitLibrary_Tests.Application.Builders.OperationRequestBuilderTest.ShouldCallBodySerializer
TpTrace Verbose: 0 : 251312, 14, 2022/09/22, 08:56:55.025, 6576723306689, vstest.console.dll, InProgress is OrbitLibrary_Tests.Infrastructure.Repositories.DBServiceConfigurationRepositoryTest.ShouldReturnsAServiceConfigurationObject
TpTrace Verbose: 0 : 251312, 14, 2022/09/22, 08:56:55.026, 6576723307731, vstest.console.dll, InProgress is OrbitLibrary_Tests.Common.Domain.OperationResponseTest.ShouldCallDeserializer
TpTrace Verbose: 0 : 251312, 14, 2022/09/22, 08:56:55.026, 6576723308703, vstest.console.dll, InProgress is OrbitLibrary_Tests.Data.DbWrapperTest.ExecuteQueryCommand_ShouldThrowExceptionWhenTheCommandObjectIsNull
TpTrace Information: 0 : 251312, 14, 2022/09/22, 08:56:55.026, 6576723309939, vstest.console.dll, TestRunRequest:SendTestRunStatsChange: Completed.
TpTrace Verbose: 0 : 251312, 14, 2022/09/22, 08:56:55.026, 6576723311328, vstest.console.dll, TcpClientExtensions.MessageLoopAsync: Polling on remoteEndPoint: 127.0.0.1:50683 localEndPoint: 127.0.0.1:50682
TpTrace Verbose: 0 : 251312, 14, 2022/09/22, 08:56:55.048, 6576723535600, vstest.console.dll, TcpClientExtensions.MessageLoopAsync: NotifyDataAvailable remoteEndPoint: 127.0.0.1:50683 localEndPoint: 127.0.0.1:50682
TpTrace Verbose: 0 : 251312, 14, 2022/09/22, 08:56:55.049, 6576723540299, vstest.console.dll, TestRequestSender.OnExecutionMessageReceived: Received message: {"Version":5,"MessageType":"TestExecution.StatsChange","Payload":{"NewTestResults":[{"TestCase":{"Id":"b530f659-57bd-9d22-a672-9c622dbd85fb","FullyQualifiedName":"OrbitLibrary_Tests.Data.DbWrapperTest.ExecuteQueryCommand_ShouldThrowExceptionWhenTheCommandObjectIsNull","DisplayName":"OrbitLibrary_Tests.Data.DbWrapperTest.ExecuteQueryCommand_ShouldThrowExceptionWhenTheCommandObjectIsNull","ExecutorUri":"executor://xunit/VsTestRunner2/netcoreapp","Source":"D:\\Desenvolvimento\\Gabriel\\OrbitLibrary\\OrbitLibrary\\OrbitLibrary_Test\\bin\\Release\\netcoreapp3.1\\fine-code-coverage\\build-output\\OrbitLibrary_Test.dll","CodeFilePath":null,"LineNumber":0,"Properties":[]},"Attachments":[],"Outcome":1,"ErrorMessage":null,"ErrorStackTrace":null,"DisplayName":"OrbitLibrary_Tests.Data.DbWrapperTest.ExecuteQueryCommand_ShouldThrowExceptionWhenTheCommandObjectIsNull","Messages":[],"ComputerName":"SRVHDBTST","Duration":"00:00:00.0007368","StartTime":"2022-09-22T11:56:55.0248978+00:00","EndTime":"2022-09-22T11:56:55.0249003+00:00","Properties":[]},{"TestCase":{"Id":"452e419c-1f1c-d734-cca4-11b337675075","FullyQualifiedName":"OrbitLibrary_Tests.Common.Domain.OperationResponseTest.ShouldCallDeserializer","DisplayName":"OrbitLibrary_Tests.Common.Domain.OperationResponseTest.ShouldCallDeserializer","ExecutorUri":"executor://xunit/VsTestRunner2/netcoreapp","Source":"D:\\Desenvolvimento\\Gabriel\\OrbitLibrary\\OrbitLibrary\\OrbitLibrary_Test\\bin\\Release\\netcoreapp3.1\\fine-code-coverage\\build-output\\OrbitLibrary_Test.dll","CodeFilePath":null,"LineNumber":0,"Properties":[]},"Attachments":[],"Outcome":1,"ErrorMessage":null,"ErrorStackTrace":null,"DisplayName":"OrbitLibrary_Tests.Common.Domain.OperationResponseTest.ShouldCallDeserializer","Messages":[],"ComputerName":"SRVHDBTST","Duration":"00:00:00.0144933","StartTime":"2022-09-22T11:56:55.0277405+00:00","EndTime":"2022-09-22T11:56:55.0277427+00:00","Properties":[]},{"TestCase":{"Id":"f39c3feb-8e93-0c4d-7008-8b5a70ee0d28","FullyQualifiedName":"OrbitLibrary_Tests.Common.BaseServiceTest.ShouldRetryRequestIfAuthenticationIsRequiredAndResponseIsUnauthorized","DisplayName":"OrbitLibrary_Tests.Common.BaseServiceTest.ShouldRetryRequestIfAuthenticationIsRequiredAndResponseIsUnauthorized","ExecutorUri":"executor://xunit/VsTestRunner2/netcoreapp","Source":"D:\\Desenvolvimento\\Gabriel\\OrbitLibrary\\OrbitLibrary\\OrbitLibrary_Test\\bin\\Release\\netcoreapp3.1\\fine-code-coverage\\build-output\\OrbitLibrary_Test.dll","CodeFilePath":null,"LineNumber":0,"Properties":[]},"Attachments":[],"Outcome":1,"ErrorMessage":null,"ErrorStackTrace":null,"DisplayName":"OrbitLibrary_Tests.Common.BaseServiceTest.ShouldRetryRequestIfAuthenticationIsRequiredAndResponseIsUnauthorized","Messages":[],"ComputerName":"SRVHDBTST","Duration":"00:00:00.0278304","StartTime":"2022-09-22T11:56:55.0307221+00:00","EndTime":"2022-09-22T11:56:55.0307245+00:00","Properties":[]},{"TestCase":{"Id":"22168525-2823-f8c7-4e00-76fd0b2bb612","FullyQualifiedName":"OrbitLibrary_Tests.Common.Domain.OperationResponseTest.ShouldReturnContentTypeLowerCase","DisplayName":"OrbitLibrary_Tests.Common.Domain.OperationResponseTest.ShouldReturnContentTypeLowerCase","ExecutorUri":"executor://xunit/VsTestRunner2/netcoreapp","Source":"D:\\Desenvolvimento\\Gabriel\\OrbitLibrary\\OrbitLibrary\\OrbitLibrary_Test\\bin\\Release\\netcoreapp3.1\\fine-code-coverage\\build-output\\OrbitLibrary_Test.dll","CodeFilePath":null,"LineNumber":0,"Properties":[]},"Attachments":[],"Outcome":1,"ErrorMessage":null,"ErrorStackTrace":null,"DisplayName":"OrbitLibrary_Tests.Common.Domain.OperationResponseTest.ShouldReturnContentTypeLowerCase","Messages":[],"ComputerName":"SRVHDBTST","Duration":"00:00:00.0004339","StartTime":"2022-09-22T11:56:55.0352901+00:00","EndTime":"2022-09-22T11:56:55.0352928+00:00","Properties":[]},{"TestCase":{"Id":"cf510e89-22d9-a951-f4ea-39801e190c21","FullyQualifiedName":"OrbitLibrary_Tests.Common.BaseServiceTest.ShouldNotRetryRequestIfAuthenticationIsNotRequired","DisplayName":"OrbitLibrary_Tests.Common.BaseServiceTest.ShouldNotRetryRequestIfAuthenticationIsNotRequired","ExecutorUri":"executor://xunit/VsTestRunner2/netcoreapp","Source":"D:\\Desenvolvimento\\Gabriel\\OrbitLibrary\\OrbitLibrary\\OrbitLibrary_Test\\bin\\Release\\netcoreapp3.1\\fine-code-coverage\\build-output\\OrbitLibrary_Test.dll","CodeFilePath":null,"LineNumber":0,"Properties":[]},"Attachments":[],"Outcome":1,"ErrorMessage":null,"ErrorStackTrace":null,"DisplayName":"OrbitLibrary_Tests.Common.BaseServiceTest.ShouldNotRetryRequestIfAuthenticationIsNotRequired","Messages":[],"ComputerName":"SRVHDBTST","Duration":"00:00:00.0012022","StartTime":"2022-09-22T11:56:55.0385904+00:00","EndTime":"2022-09-22T11:56:55.0385928+00:00","Properties":[]},{"TestCase":{"Id":"b9ed725a-a0b5-bd32-28b3-d890c6811f43","FullyQualifiedName":"OrbitLibrary_Tests.Common.Domain.OperationResponseTest.ShouldReturnsSuccessResponse","DisplayName":"OrbitLibrary_Tests.Common.Domain.OperationResponseTest.ShouldReturnsSuccessResponse","ExecutorUri":"executor://xunit/VsTestRunner2/netcoreapp","Source":"D:\\Desenvolvimento\\Gabriel\\OrbitLibrary\\OrbitLibrary\\OrbitLibrary_Test\\bin\\Release\\netcoreapp3.1\\fine-code-coverage\\build-output\\OrbitLibrary_Test.dll","CodeFilePath":null,"LineNumber":0,"Properties":[]},"Attachments":[],"Outcome":1,"ErrorMessage":null,"ErrorStackTrace":null,"DisplayName":"OrbitLibrary_Tests.Common.Domain.OperationResponseTest.ShouldReturnsSuccessResponse","Messages":[],"ComputerName":"SRVHDBTST","Duration":"00:00:00.0012419","StartTime":"2022-09-22T11:56:55.0421042+00:00","EndTime":"2022-09-22T11:56:55.0421068+00:00","Properties":[]},{"TestCase":{"Id":"ddd1949a-b156-c987-3c46-b57f7c4d711d","FullyQualifiedName":"OrbitLibrary_Tests.Infrastructure.Providers.HttpClientCommunicationProviderTest.ShouldCall","DisplayName":"OrbitLibrary_Tests.Infrastructure.Providers.HttpClientCommunicationProviderTest.ShouldCall","ExecutorUri":"executor://xunit/VsTestRunner2/netcoreapp","Source":"D:\\Desenvolvimento\\Gabriel\\OrbitLibrary\\OrbitLibrary\\OrbitLibrary_Test\\bin\\Release\\netcoreapp3.1\\fine-code-coverage\\build-output\\OrbitLibrary_Test.dll","CodeFilePath":null,"LineNumber":0,"Properties":[]},"Attachments":[],"Outcome":1,"ErrorMessage":null,"ErrorStackTrace":null,"DisplayName":"OrbitLibrary_Tests.Infrastructure.Providers.HttpClientCommunicationProviderTest.ShouldCall","Messages":[],"ComputerName":"SRVHDBTST","Duration":"00:00:00.0352906","StartTime":"2022-09-22T11:56:55.0453301+00:00","EndTime":"2022-09-22T11:56:55.045333+00:00","Properties":[]}],"TestRunStatistics":{"ExecutedTests":29,"Stats":{"Passed":29}},"ActiveTests":[{"Id":"a7c292f6-5883-4e72-b77d-139fc78db730","FullyQualifiedName":"OrbitLibrary_Tests.Data.DbWrapperTest.ShouldExecuteQueryCommand","DisplayName":"OrbitLibrary_Tests.Data.DbWrapperTest.ShouldExecuteQueryCommand","ExecutorUri":"executor://xunit/VsTestRunner2/netcoreapp","Source":"D:\\Desenvolvimento\\Gabriel\\OrbitLibrary\\OrbitLibrary\\OrbitLibrary_Test\\bin\\Release\\netcoreapp3.1\\fine-code-coverage\\build-output\\OrbitLibrary_Test.dll","CodeFilePath":null,"LineNumber":0,"Properties":[]},{"Id":"7d823de3-c8a0-3e00-f696-d2cae721169e","FullyQualifiedName":"OrbitLibrary_Tests.Common.BaseServiceTest.ShouldBuildOperationRequestWithDeserializeHandle","DisplayName":"OrbitLibrary_Tests.Common.BaseServiceTest.ShouldBuildOperationRequestWithDeserializeHandle","ExecutorUri":"executor://xunit/VsTestRunner2/netcoreapp","Source":"D:\\Desenvolvimento\\Gabriel\\OrbitLibrary\\OrbitLibrary\\OrbitLibrary_Test\\bin\\Release\\netcoreapp3.1\\fine-code-coverage\\build-output\\OrbitLibrary_Test.dll","CodeFilePath":null,"LineNumber":0,"Properties":[]},{"Id":"b8ff8e0d-6bac-f747-2494-25695db272b0","FullyQualifiedName":"OrbitLibrary_Tests.Common.Domain.OperationResponseTest.ShouldReturnsErrorResponse","DisplayName":"OrbitLibrary_Tests.Common.Domain.OperationResponseTest.ShouldReturnsErrorResponse","ExecutorUri":"executor://xunit/VsTestRunner2/netcoreapp","Source":"D:\\Desenvolvimento\\Gabriel\\OrbitLibrary\\OrbitLibrary\\OrbitLibrary_Test\\bin\\Release\\netcoreapp3.1\\fine-code-coverage\\build-output\\OrbitLibrary_Test.dll","CodeFilePath":null,"LineNumber":0,"Properties":[]}]}}
TpTrace Verbose: 0 : 251312, 14, 2022/09/22, 08:56:55.061, 6576723665503, vstest.console.dll, TestRunRequest:SendTestRunStatsChange: Starting.
TpTrace Verbose: 0 : 251312, 14, 2022/09/22, 08:56:55.062, 6576723667711, vstest.console.dll, InProgress is OrbitLibrary_Tests.Data.DbWrapperTest.ShouldExecuteQueryCommand
TpTrace Verbose: 0 : 251312, 14, 2022/09/22, 08:56:55.062, 6576723669057, vstest.console.dll, InProgress is OrbitLibrary_Tests.Common.BaseServiceTest.ShouldBuildOperationRequestWithDeserializeHandle
TpTrace Verbose: 0 : 251312, 14, 2022/09/22, 08:56:55.062, 6576723670342, vstest.console.dll, InProgress is OrbitLibrary_Tests.Common.Domain.OperationResponseTest.ShouldReturnsErrorResponse
TpTrace Information: 0 : 251312, 14, 2022/09/22, 08:56:55.062, 6576723671992, vstest.console.dll, TestRunRequest:SendTestRunStatsChange: Completed.
TpTrace Verbose: 0 : 251312, 14, 2022/09/22, 08:56:55.062, 6576723673835, vstest.console.dll, TcpClientExtensions.MessageLoopAsync: Polling on remoteEndPoint: 127.0.0.1:50683 localEndPoint: 127.0.0.1:50682
TpTrace Verbose: 0 : 251312, 14, 2022/09/22, 08:56:55.075, 6576723805846, vstest.console.dll, TcpClientExtensions.MessageLoopAsync: NotifyDataAvailable remoteEndPoint: 127.0.0.1:50683 localEndPoint: 127.0.0.1:50682
TpTrace Verbose: 0 : 251312, 14, 2022/09/22, 08:56:55.076, 6576723809801, vstest.console.dll, TestRequestSender.OnExecutionMessageReceived: Received message: {"Version":5,"MessageType":"TestExecution.StatsChange","Payload":{"NewTestResults":[{"TestCase":{"Id":"a7c292f6-5883-4e72-b77d-139fc78db730","FullyQualifiedName":"OrbitLibrary_Tests.Data.DbWrapperTest.ShouldExecuteQueryCommand","DisplayName":"OrbitLibrary_Tests.Data.DbWrapperTest.ShouldExecuteQueryCommand","ExecutorUri":"executor://xunit/VsTestRunner2/netcoreapp","Source":"D:\\Desenvolvimento\\Gabriel\\OrbitLibrary\\OrbitLibrary\\OrbitLibrary_Test\\bin\\Release\\netcoreapp3.1\\fine-code-coverage\\build-output\\OrbitLibrary_Test.dll","CodeFilePath":null,"LineNumber":0,"Properties":[]},"Attachments":[],"Outcome":1,"ErrorMessage":null,"ErrorStackTrace":null,"DisplayName":"OrbitLibrary_Tests.Data.DbWrapperTest.ShouldExecuteQueryCommand","Messages":[],"ComputerName":"SRVHDBTST","Duration":"00:00:00.0092236","StartTime":"2022-09-22T11:56:55.0492437+00:00","EndTime":"2022-09-22T11:56:55.049245+00:00","Properties":[]},{"TestCase":{"Id":"7d823de3-c8a0-3e00-f696-d2cae721169e","FullyQualifiedName":"OrbitLibrary_Tests.Common.BaseServiceTest.ShouldBuildOperationRequestWithDeserializeHandle","DisplayName":"OrbitLibrary_Tests.Common.BaseServiceTest.ShouldBuildOperationRequestWithDeserializeHandle","ExecutorUri":"executor://xunit/VsTestRunner2/netcoreapp","Source":"D:\\Desenvolvimento\\Gabriel\\OrbitLibrary\\OrbitLibrary\\OrbitLibrary_Test\\bin\\Release\\netcoreapp3.1\\fine-code-coverage\\build-output\\OrbitLibrary_Test.dll","CodeFilePath":null,"LineNumber":0,"Properties":[]},"Attachments":[],"Outcome":1,"ErrorMessage":null,"ErrorStackTrace":null,"DisplayName":"OrbitLibrary_Tests.Common.BaseServiceTest.ShouldBuildOperationRequestWithDeserializeHandle","Messages":[],"ComputerName":"SRVHDBTST","Duration":"00:00:00.0017171","StartTime":"2022-09-22T11:56:55.0529619+00:00","EndTime":"2022-09-22T11:56:55.0529648+00:00","Properties":[]},{"TestCase":{"Id":"131647a9-77db-ffa8-213d-0e5964c5ce4d","FullyQualifiedName":"OrbitLibrary_Tests.Data.DbWrapperTest.ShouldReturnsCanConnectDB","DisplayName":"OrbitLibrary_Tests.Data.DbWrapperTest.ShouldReturnsCanConnectDB","ExecutorUri":"executor://xunit/VsTestRunner2/netcoreapp","Source":"D:\\Desenvolvimento\\Gabriel\\OrbitLibrary\\OrbitLibrary\\OrbitLibrary_Test\\bin\\Release\\netcoreapp3.1\\fine-code-coverage\\build-output\\OrbitLibrary_Test.dll","CodeFilePath":null,"LineNumber":0,"Properties":[]},"Attachments":[],"Outcome":1,"ErrorMessage":null,"ErrorStackTrace":null,"DisplayName":"OrbitLibrary_Tests.Data.DbWrapperTest.ShouldReturnsCanConnectDB","Messages":[],"ComputerName":"SRVHDBTST","Duration":"00:00:00.0009659","StartTime":"2022-09-22T11:56:55.0569136+00:00","EndTime":"2022-09-22T11:56:55.0569165+00:00","Properties":[]},{"TestCase":{"Id":"b8ff8e0d-6bac-f747-2494-25695db272b0","FullyQualifiedName":"OrbitLibrary_Tests.Common.Domain.OperationResponseTest.ShouldReturnsErrorResponse","DisplayName":"OrbitLibrary_Tests.Common.Domain.OperationResponseTest.ShouldReturnsErrorResponse","ExecutorUri":"executor://xunit/VsTestRunner2/netcoreapp","Source":"D:\\Desenvolvimento\\Gabriel\\OrbitLibrary\\OrbitLibrary\\OrbitLibrary_Test\\bin\\Release\\netcoreapp3.1\\fine-code-coverage\\build-output\\OrbitLibrary_Test.dll","CodeFilePath":null,"LineNumber":0,"Properties":[]},"Attachments":[],"Outcome":1,"ErrorMessage":null,"ErrorStackTrace":null,"DisplayName":"OrbitLibrary_Tests.Common.Domain.OperationResponseTest.ShouldReturnsErrorResponse","Messages":[],"ComputerName":"SRVHDBTST","Duration":"00:00:00.0024840","StartTime":"2022-09-22T11:56:55.0606417+00:00","EndTime":"2022-09-22T11:56:55.0606452+00:00","Properties":[]},{"TestCase":{"Id":"ada35f35-a32e-1218-c2c7-8037b413bf9c","FullyQualifiedName":"OrbitLibrary_Tests.Common.BaseServiceTest.ShouldBuildOperationRequestWithoutDeserializeHandleAndInvokeCommunicationClient","DisplayName":"OrbitLibrary_Tests.Common.BaseServiceTest.ShouldBuildOperationRequestWithoutDeserializeHandleAndInvokeCommunicationClient","ExecutorUri":"executor://xunit/VsTestRunner2/netcoreapp","Source":"D:\\Desenvolvimento\\Gabriel\\OrbitLibrary\\OrbitLibrary\\OrbitLibrary_Test\\bin\\Release\\netcoreapp3.1\\fine-code-coverage\\build-output\\OrbitLibrary_Test.dll","CodeFilePath":null,"LineNumber":0,"Properties":[]},"Attachments":[],"Outcome":1,"ErrorMessage":null,"ErrorStackTrace":null,"DisplayName":"OrbitLibrary_Tests.Common.BaseServiceTest.ShouldBuildOperationRequestWithoutDeserializeHandleAndInvokeCommunicationClient","Messages":[],"ComputerName":"SRVHDBTST","Duration":"00:00:00.0012293","StartTime":"2022-09-22T11:56:55.0640284+00:00","EndTime":"2022-09-22T11:56:55.064031+00:00","Properties":[]},{"TestCase":{"Id":"3efbe6b5-0101-eff8-48cb-56225aa94267","FullyQualifiedName":"OrbitLibrary_Tests.Application.Builders.OperationRequestBuilderTest.ShouldCallBodySerializer","DisplayName":"OrbitLibrary_Tests.Application.Builders.OperationRequestBuilderTest.ShouldCallBodySerializer","ExecutorUri":"executor://xunit/VsTestRunner2/netcoreapp","Source":"D:\\Desenvolvimento\\Gabriel\\OrbitLibrary\\OrbitLibrary\\OrbitLibrary_Test\\bin\\Release\\netcoreapp3.1\\fine-code-coverage\\build-output\\OrbitLibrary_Test.dll","CodeFilePath":null,"LineNumber":0,"Properties":[]},"Attachments":[],"Outcome":1,"ErrorMessage":null,"ErrorStackTrace":null,"DisplayName":"OrbitLibrary_Tests.Application.Builders.OperationRequestBuilderTest.ShouldCallBodySerializer","Messages":[],"ComputerName":"SRVHDBTST","Duration":"00:00:00.0239398","StartTime":"2022-09-22T11:56:55.0656099+00:00","EndTime":"2022-09-22T11:56:55.065611+00:00","Properties":[]},{"TestCase":{"Id":"5306c37a-7479-9d44-6e3f-fa5a9ef10530","FullyQualifiedName":"OrbitLibrary_Tests.Application.Builders.OperationRequestBuilderTest.ShouldCreateSimpleGETRequest","DisplayName":"OrbitLibrary_Tests.Application.Builders.OperationRequestBuilderTest.ShouldCreateSimpleGETRequest","ExecutorUri":"executor://xunit/VsTestRunner2/netcoreapp","Source":"D:\\Desenvolvimento\\Gabriel\\OrbitLibrary\\OrbitLibrary\\OrbitLibrary_Test\\bin\\Release\\netcoreapp3.1\\fine-code-coverage\\build-output\\OrbitLibrary_Test.dll","CodeFilePath":null,"LineNumber":0,"Properties":[]},"Attachments":[],"Outcome":1,"ErrorMessage":null,"ErrorStackTrace":null,"DisplayName":"OrbitLibrary_Tests.Application.Builders.OperationRequestBuilderTest.ShouldCreateSimpleGETRequest","Messages":[],"ComputerName":"SRVHDBTST","Duration":"00:00:00.0002671","StartTime":"2022-09-22T11:56:55.0728012+00:00","EndTime":"2022-09-22T11:56:55.0728051+00:00","Properties":[]}],"TestRunStatistics":{"ExecutedTests":36,"Stats":{"Passed":36}},"ActiveTests":[{"Id":"3046a925-dbf7-4b14-e776-f2fff8de8763","FullyQualifiedName":"OrbitLibrary_Tests.Data.DbWrapperTest.ShouldReturnsCannotConnectDB","DisplayName":"OrbitLibrary_Tests.Data.DbWrapperTest.ShouldReturnsCannotConnectDB","ExecutorUri":"executor://xunit/VsTestRunner2/netcoreapp","Source":"D:\\Desenvolvimento\\Gabriel\\OrbitLibrary\\OrbitLibrary\\OrbitLibrary_Test\\bin\\Release\\netcoreapp3.1\\fine-code-coverage\\build-output\\OrbitLibrary_Test.dll","CodeFilePath":null,"LineNumber":0,"Properties":[]},{"Id":"a197524c-699c-742c-c702-36fa5de5e816","FullyQualifiedName":"OrbitLibrary_Tests.Common.Domain.OperationResponseTest.ShouldCreateResponseInstance","DisplayName":"OrbitLibrary_Tests.Common.Domain.OperationResponseTest.ShouldCreateResponseInstance","ExecutorUri":"executor://xunit/VsTestRunner2/netcoreapp","Source":"D:\\Desenvolvimento\\Gabriel\\OrbitLibrary\\OrbitLibrary\\OrbitLibrary_Test\\bin\\Release\\netcoreapp3.1\\fine-code-coverage\\build-output\\OrbitLibrary_Test.dll","CodeFilePath":null,"LineNumber":0,"Properties":[]},{"Id":"430a604f-b23a-078f-ab43-47538636d7ff","FullyQualifiedName":"OrbitLibrary_Tests.Application.Builders.OperationRequestBuilderTest.ShouldNotPutBodyWithSomeMethods","DisplayName":"OrbitLibrary_Tests.Application.Builders.OperationRequestBuilderTest.ShouldNotPutBodyWithSomeMethods","ExecutorUri":"executor://xunit/VsTestRunner2/netcoreapp","Source":"D:\\Desenvolvimento\\Gabriel\\OrbitLibrary\\OrbitLibrary\\OrbitLibrary_Test\\bin\\Release\\netcoreapp3.1\\fine-code-coverage\\build-output\\OrbitLibrary_Test.dll","CodeFilePath":null,"LineNumber":0,"Properties":[]}]}}
TpTrace Verbose: 0 : 251312, 14, 2022/09/22, 08:56:55.078, 6576723833605, vstest.console.dll, TestRunRequest:SendTestRunStatsChange: Starting.
TpTrace Verbose: 0 : 251312, 14, 2022/09/22, 08:56:55.078, 6576723835300, vstest.console.dll, InProgress is OrbitLibrary_Tests.Data.DbWrapperTest.ShouldReturnsCannotConnectDB
TpTrace Verbose: 0 : 251312, 14, 2022/09/22, 08:56:55.078, 6576723836769, vstest.console.dll, InProgress is OrbitLibrary_Tests.Common.Domain.OperationResponseTest.ShouldCreateResponseInstance
TpTrace Verbose: 0 : 251312, 14, 2022/09/22, 08:56:55.079, 6576723838074, vstest.console.dll, InProgress is OrbitLibrary_Tests.Application.Builders.OperationRequestBuilderTest.ShouldNotPutBodyWithSomeMethods
TpTrace Information: 0 : 251312, 14, 2022/09/22, 08:56:55.079, 6576723839666, vstest.console.dll, TestRunRequest:SendTestRunStatsChange: Completed.
TpTrace Verbose: 0 : 251312, 14, 2022/09/22, 08:56:55.079, 6576723841411, vstest.console.dll, TcpClientExtensions.MessageLoopAsync: Polling on remoteEndPoint: 127.0.0.1:50683 localEndPoint: 127.0.0.1:50682
TpTrace Verbose: 0 : 251312, 14, 2022/09/22, 08:56:55.099, 6576724044596, vstest.console.dll, TcpClientExtensions.MessageLoopAsync: NotifyDataAvailable remoteEndPoint: 127.0.0.1:50683 localEndPoint: 127.0.0.1:50682
TpTrace Verbose: 0 : 251312, 14, 2022/09/22, 08:56:55.100, 6576724047944, vstest.console.dll, TestRequestSender.OnExecutionMessageReceived: Received message: {"Version":5,"MessageType":"TestExecution.StatsChange","Payload":{"NewTestResults":[{"TestCase":{"Id":"430a604f-b23a-078f-ab43-47538636d7ff","FullyQualifiedName":"OrbitLibrary_Tests.Application.Builders.OperationRequestBuilderTest.ShouldNotPutBodyWithSomeMethods","DisplayName":"OrbitLibrary_Tests.Application.Builders.OperationRequestBuilderTest.ShouldNotPutBodyWithSomeMethods","ExecutorUri":"executor://xunit/VsTestRunner2/netcoreapp","Source":"D:\\Desenvolvimento\\Gabriel\\OrbitLibrary\\OrbitLibrary\\OrbitLibrary_Test\\bin\\Release\\netcoreapp3.1\\fine-code-coverage\\build-output\\OrbitLibrary_Test.dll","CodeFilePath":null,"LineNumber":0,"Properties":[]},"Attachments":[],"Outcome":1,"ErrorMessage":null,"ErrorStackTrace":null,"DisplayName":"OrbitLibrary_Tests.Application.Builders.OperationRequestBuilderTest.ShouldNotPutBodyWithSomeMethods","Messages":[],"ComputerName":"SRVHDBTST","Duration":"00:00:00.0001715","StartTime":"2022-09-22T11:56:55.0773499+00:00","EndTime":"2022-09-22T11:56:55.0773524+00:00","Properties":[]},{"TestCase":{"Id":"4bb18a7c-5e9d-a7fa-9f26-7649a64a4173","FullyQualifiedName":"OrbitLibrary_Tests.Application.Builders.OperationRequestBuilderTest.ShouldOneAddQueryParamToUrl","DisplayName":"OrbitLibrary_Tests.Application.Builders.OperationRequestBuilderTest.ShouldOneAddQueryParamToUrl","ExecutorUri":"executor://xunit/VsTestRunner2/netcoreapp","Source":"D:\\Desenvolvimento\\Gabriel\\OrbitLibrary\\OrbitLibrary\\OrbitLibrary_Test\\bin\\Release\\netcoreapp3.1\\fine-code-coverage\\build-output\\OrbitLibrary_Test.dll","CodeFilePath":null,"LineNumber":0,"Properties":[]},"Attachments":[],"Outcome":1,"ErrorMessage":null,"ErrorStackTrace":null,"DisplayName":"OrbitLibrary_Tests.Application.Builders.OperationRequestBuilderTest.ShouldOneAddQueryParamToUrl","Messages":[],"ComputerName":"SRVHDBTST","Duration":"00:00:00.0003593","StartTime":"2022-09-22T11:56:55.0811222+00:00","EndTime":"2022-09-22T11:56:55.081125+00:00","Properties":[]},{"TestCase":{"Id":"3046a925-dbf7-4b14-e776-f2fff8de8763","FullyQualifiedName":"OrbitLibrary_Tests.Data.DbWrapperTest.ShouldReturnsCannotConnectDB","DisplayName":"OrbitLibrary_Tests.Data.DbWrapperTest.ShouldReturnsCannotConnectDB","ExecutorUri":"executor://xunit/VsTestRunner2/netcoreapp","Source":"D:\\Desenvolvimento\\Gabriel\\OrbitLibrary\\OrbitLibrary\\OrbitLibrary_Test\\bin\\Release\\netcoreapp3.1\\fine-code-coverage\\build-output\\OrbitLibrary_Test.dll","CodeFilePath":null,"LineNumber":0,"Properties":[]},"Attachments":[],"Outcome":1,"ErrorMessage":null,"ErrorStackTrace":null,"DisplayName":"OrbitLibrary_Tests.Data.DbWrapperTest.ShouldReturnsCannotConnectDB","Messages":[],"ComputerName":"SRVHDBTST","Duration":"00:00:00.0016652","StartTime":"2022-09-22T11:56:55.0836613+00:00","EndTime":"2022-09-22T11:56:55.0836635+00:00","Properties":[]},{"TestCase":{"Id":"02bb6558-eba9-f516-8ffb-79057b163a65","FullyQualifiedName":"OrbitLibrary_Tests.Application.Builders.OperationRequestBuilderTest.ShouldNotHaveBody","DisplayName":"OrbitLibrary_Tests.Application.Builders.OperationRequestBuilderTest.ShouldNotHaveBody","ExecutorUri":"executor://xunit/VsTestRunner2/netcoreapp","Source":"D:\\Desenvolvimento\\Gabriel\\OrbitLibrary\\OrbitLibrary\\OrbitLibrary_Test\\bin\\Release\\netcoreapp3.1\\fine-code-coverage\\build-output\\OrbitLibrary_Test.dll","CodeFilePath":null,"LineNumber":0,"Properties":[]},"Attachments":[],"Outcome":1,"ErrorMessage":null,"ErrorStackTrace":null,"DisplayName":"OrbitLibrary_Tests.Application.Builders.OperationRequestBuilderTest.ShouldNotHaveBody","Messages":[],"ComputerName":"SRVHDBTST","Duration":"00:00:00.0001800","StartTime":"2022-09-22T11:56:55.0862803+00:00","EndTime":"2022-09-22T11:56:55.0862825+00:00","Properties":[]},{"TestCase":{"Id":"a197524c-699c-742c-c702-36fa5de5e816","FullyQualifiedName":"OrbitLibrary_Tests.Common.Domain.OperationResponseTest.ShouldCreateResponseInstance","DisplayName":"OrbitLibrary_Tests.Common.Domain.OperationResponseTest.ShouldCreateResponseInstance","ExecutorUri":"executor://xunit/VsTestRunner2/netcoreapp","Source":"D:\\Desenvolvimento\\Gabriel\\OrbitLibrary\\OrbitLibrary\\OrbitLibrary_Test\\bin\\Release\\netcoreapp3.1\\fine-code-coverage\\build-output\\OrbitLibrary_Test.dll","CodeFilePath":null,"LineNumber":0,"Properties":[]},"Attachments":[],"Outcome":1,"ErrorMessage":null,"ErrorStackTrace":null,"DisplayName":"OrbitLibrary_Tests.Common.Domain.OperationResponseTest.ShouldCreateResponseInstance","Messages":[],"ComputerName":"SRVHDBTST","Duration":"00:00:00.0026619","StartTime":"2022-09-22T11:56:55.0891843+00:00","EndTime":"2022-09-22T11:56:55.0891866+00:00","Properties":[]},{"TestCase":{"Id":"fd45f6ff-f517-6015-da0e-83498f12d2e5","FullyQualifiedName":"OrbitLibrary_Tests.Common.Domain.OperationResponseTest.ShouldReturnContentTypeCamelCase","DisplayName":"OrbitLibrary_Tests.Common.Domain.OperationResponseTest.ShouldReturnContentTypeCamelCase","ExecutorUri":"executor://xunit/VsTestRunner2/netcoreapp","Source":"D:\\Desenvolvimento\\Gabriel\\OrbitLibrary\\OrbitLibrary\\OrbitLibrary_Test\\bin\\Release\\netcoreapp3.1\\fine-code-coverage\\build-output\\OrbitLibrary_Test.dll","CodeFilePath":null,"LineNumber":0,"Properties":[]},"Attachments":[],"Outcome":1,"ErrorMessage":null,"ErrorStackTrace":null,"DisplayName":"OrbitLibrary_Tests.Common.Domain.OperationResponseTest.ShouldReturnContentTypeCamelCase","Messages":[],"ComputerName":"SRVHDBTST","Duration":"00:00:00.0002125","StartTime":"2022-09-22T11:56:55.0918945+00:00","EndTime":"2022-09-22T11:56:55.0918972+00:00","Properties":[]},{"TestCase":{"Id":"6cf0d2fb-adc2-ece6-0d52-d60e49dabe34","FullyQualifiedName":"OrbitLibrary_Tests.Common.Domain.OperationResponseTest.ShouldReturnsIsSuccessful","DisplayName":"OrbitLibrary_Tests.Common.Domain.OperationResponseTest.ShouldReturnsIsSuccessful","ExecutorUri":"executor://xunit/VsTestRunner2/netcoreapp","Source":"D:\\Desenvolvimento\\Gabriel\\OrbitLibrary\\OrbitLibrary\\OrbitLibrary_Test\\bin\\Release\\netcoreapp3.1\\fine-code-coverage\\build-output\\OrbitLibrary_Test.dll","CodeFilePath":null,"LineNumber":0,"Properties":[]},"Attachments":[],"Outcome":1,"ErrorMessage":null,"ErrorStackTrace":null,"DisplayName":"OrbitLibrary_Tests.Common.Domain.OperationResponseTest.ShouldReturnsIsSuccessful","Messages":[],"ComputerName":"SRVHDBTST","Duration":"00:00:00.0004249","StartTime":"2022-09-22T11:56:55.0943402+00:00","EndTime":"2022-09-22T11:56:55.094342+00:00","Properties":[]},{"TestCase":{"Id":"46e06c6d-27b6-4929-d8fd-3417a484a04c","FullyQualifiedName":"OrbitLibrary_Tests.Application.Builders.OperationRequestBuilderTest.ShouldAddCredentialsHeaders","DisplayName":"OrbitLibrary_Tests.Application.Builders.OperationRequestBuilderTest.ShouldAddCredentialsHeaders","ExecutorUri":"executor://xunit/VsTestRunner2/netcoreapp","Source":"D:\\Desenvolvimento\\Gabriel\\OrbitLibrary\\OrbitLibrary\\OrbitLibrary_Test\\bin\\Release\\netcoreapp3.1\\fine-code-coverage\\build-output\\OrbitLibrary_Test.dll","CodeFilePath":null,"LineNumber":0,"Properties":[]},"Attachments":[],"Outcome":1,"ErrorMessage":null,"ErrorStackTrace":null,"DisplayName":"OrbitLibrary_Tests.Application.Builders.OperationRequestBuilderTest.ShouldAddCredentialsHeaders","Messages":[],"ComputerName":"SRVHDBTST","Duration":"00:00:00.0031169","StartTime":"2022-09-22T11:56:55.0956814+00:00","EndTime":"2022-09-22T11:56:55.0956827+00:00","Properties":[]}],"TestRunStatistics":{"ExecutedTests":44,"Stats":{"Passed":44}},"ActiveTests":[{"Id":"d2af665e-e4f7-f568-c93d-48a4d18fe0d9","FullyQualifiedName":"OrbitLibrary_Tests.Data.DbWrapperTest.ShouldExecuteNonQueryCommand","DisplayName":"OrbitLibrary_Tests.Data.DbWrapperTest.ShouldExecuteNonQueryCommand","ExecutorUri":"executor://xunit/VsTestRunner2/netcoreapp","Source":"D:\\Desenvolvimento\\Gabriel\\OrbitLibrary\\OrbitLibrary\\OrbitLibrary_Test\\bin\\Release\\netcoreapp3.1\\fine-code-coverage\\build-output\\OrbitLibrary_Test.dll","CodeFilePath":null,"LineNumber":0,"Properties":[]},{"Id":"2481688a-ea12-37f0-b722-dc72822a2e9e","FullyQualifiedName":"OrbitLibrary_Tests.Application.Builders.OperationRequestBuilderTest.ShouldPutBody","DisplayName":"OrbitLibrary_Tests.Application.Builders.OperationRequestBuilderTest.ShouldPutBody","ExecutorUri":"executor://xunit/VsTestRunner2/netcoreapp","Source":"D:\\Desenvolvimento\\Gabriel\\OrbitLibrary\\OrbitLibrary\\OrbitLibrary_Test\\bin\\Release\\netcoreapp3.1\\fine-code-coverage\\build-output\\OrbitLibrary_Test.dll","CodeFilePath":null,"LineNumber":0,"Properties":[]}]}}
TpTrace Verbose: 0 : 251312, 14, 2022/09/22, 08:56:55.101, 6576724064984, vstest.console.dll, TestRunRequest:SendTestRunStatsChange: Starting.
TpTrace Verbose: 0 : 251312, 14, 2022/09/22, 08:56:55.101, 6576724066486, vstest.console.dll, InProgress is OrbitLibrary_Tests.Data.DbWrapperTest.ShouldExecuteNonQueryCommand
TpTrace Verbose: 0 : 251312, 14, 2022/09/22, 08:56:55.102, 6576724067508, vstest.console.dll, InProgress is OrbitLibrary_Tests.Application.Builders.OperationRequestBuilderTest.ShouldPutBody
TpTrace Information: 0 : 251312, 14, 2022/09/22, 08:56:55.102, 6576724068850, vstest.console.dll, TestRunRequest:SendTestRunStatsChange: Completed.
TpTrace Verbose: 0 : 251312, 14, 2022/09/22, 08:56:55.102, 6576724070458, vstest.console.dll, TcpClientExtensions.MessageLoopAsync: Polling on remoteEndPoint: 127.0.0.1:50683 localEndPoint: 127.0.0.1:50682
TpTrace Verbose: 0 : 251312, 14, 2022/09/22, 08:56:55.120, 6576724249679, vstest.console.dll, TcpClientExtensions.MessageLoopAsync: NotifyDataAvailable remoteEndPoint: 127.0.0.1:50683 localEndPoint: 127.0.0.1:50682
TpTrace Verbose: 0 : 251312, 14, 2022/09/22, 08:56:55.120, 6576724253044, vstest.console.dll, TestRequestSender.OnExecutionMessageReceived: Received message: {"Version":5,"MessageType":"TestExecution.StatsChange","Payload":{"NewTestResults":[{"TestCase":{"Id":"d2af665e-e4f7-f568-c93d-48a4d18fe0d9","FullyQualifiedName":"OrbitLibrary_Tests.Data.DbWrapperTest.ShouldExecuteNonQueryCommand","DisplayName":"OrbitLibrary_Tests.Data.DbWrapperTest.ShouldExecuteNonQueryCommand","ExecutorUri":"executor://xunit/VsTestRunner2/netcoreapp","Source":"D:\\Desenvolvimento\\Gabriel\\OrbitLibrary\\OrbitLibrary\\OrbitLibrary_Test\\bin\\Release\\netcoreapp3.1\\fine-code-coverage\\build-output\\OrbitLibrary_Test.dll","CodeFilePath":null,"LineNumber":0,"Properties":[]},"Attachments":[],"Outcome":1,"ErrorMessage":null,"ErrorStackTrace":null,"DisplayName":"OrbitLibrary_Tests.Data.DbWrapperTest.ShouldExecuteNonQueryCommand","Messages":[],"ComputerName":"SRVHDBTST","Duration":"00:00:00.0033479","StartTime":"2022-09-22T11:56:55.1010477+00:00","EndTime":"2022-09-22T11:56:55.10105+00:00","Properties":[]},{"TestCase":{"Id":"2481688a-ea12-37f0-b722-dc72822a2e9e","FullyQualifiedName":"OrbitLibrary_Tests.Application.Builders.OperationRequestBuilderTest.ShouldPutBody","DisplayName":"OrbitLibrary_Tests.Application.Builders.OperationRequestBuilderTest.ShouldPutBody","ExecutorUri":"executor://xunit/VsTestRunner2/netcoreapp","Source":"D:\\Desenvolvimento\\Gabriel\\OrbitLibrary\\OrbitLibrary\\OrbitLibrary_Test\\bin\\Release\\netcoreapp3.1\\fine-code-coverage\\build-output\\OrbitLibrary_Test.dll","CodeFilePath":null,"LineNumber":0,"Properties":[]},"Attachments":[],"Outcome":1,"ErrorMessage":null,"ErrorStackTrace":null,"DisplayName":"OrbitLibrary_Tests.Application.Builders.OperationRequestBuilderTest.ShouldPutBody","Messages":[],"ComputerName":"SRVHDBTST","Duration":"00:00:00.0002222","StartTime":"2022-09-22T11:56:55.103662+00:00","EndTime":"2022-09-22T11:56:55.103664+00:00","Properties":[]},{"TestCase":{"Id":"0acd8daf-3a54-a939-91be-f01dff3311b5","FullyQualifiedName":"OrbitLibrary_Tests.Data.DbWrapperTest.ShouldExecuteAQueryByString","DisplayName":"OrbitLibrary_Tests.Data.DbWrapperTest.ShouldExecuteAQueryByString","ExecutorUri":"executor://xunit/VsTestRunner2/netcoreapp","Source":"D:\\Desenvolvimento\\Gabriel\\OrbitLibrary\\OrbitLibrary\\OrbitLibrary_Test\\bin\\Release\\netcoreapp3.1\\fine-code-coverage\\build-output\\OrbitLibrary_Test.dll","CodeFilePath":null,"LineNumber":0,"Properties":[]},"Attachments":[],"Outcome":1,"ErrorMessage":null,"ErrorStackTrace":null,"DisplayName":"OrbitLibrary_Tests.Data.DbWrapperTest.ShouldExecuteAQueryByString","Messages":[],"ComputerName":"SRVHDBTST","Duration":"00:00:00.0032119","StartTime":"2022-09-22T11:56:55.106087+00:00","EndTime":"2022-09-22T11:56:55.1060889+00:00","Properties":[]},{"TestCase":{"Id":"f954e3fa-170c-5875-faaa-d53e62d141e4","FullyQualifiedName":"OrbitLibrary_Tests.Infrastructure.Providers.OrbitCredentialProviderTest.ShouldCallCommunicationClientAndReturnValidSessionCredential","DisplayName":"OrbitLibrary_Tests.Infrastructure.Providers.OrbitCredentialProviderTest.ShouldCallCommunicationClientAndReturnValidSessionCredential","ExecutorUri":"executor://xunit/VsTestRunner2/netcoreapp","Source":"D:\\Desenvolvimento\\Gabriel\\OrbitLibrary\\OrbitLibrary\\OrbitLibrary_Test\\bin\\Release\\netcoreapp3.1\\fine-code-coverage\\build-output\\OrbitLibrary_Test.dll","CodeFilePath":null,"LineNumber":0,"Properties":[]},"Attachments":[],"Outcome":1,"ErrorMessage":null,"ErrorStackTrace":null,"DisplayName":"OrbitLibrary_Tests.Infrastructure.Providers.OrbitCredentialProviderTest.ShouldCallCommunicationClientAndReturnValidSessionCredential","Messages":[],"ComputerName":"SRVHDBTST","Duration":"00:00:00.1637231","StartTime":"2022-09-22T11:56:55.1083495+00:00","EndTime":"2022-09-22T11:56:55.1083513+00:00","Properties":[]},{"TestCase":{"Id":"e0cad7a7-b959-c55a-1429-3e42f2438409","FullyQualifiedName":"OrbitLibrary_Tests.Data.DbWrapperTest.ShouldExecuteNonQueryByString","DisplayName":"OrbitLibrary_Tests.Data.DbWrapperTest.ShouldExecuteNonQueryByString","ExecutorUri":"executor://xunit/VsTestRunner2/netcoreapp","Source":"D:\\Desenvolvimento\\Gabriel\\OrbitLibrary\\OrbitLibrary\\OrbitLibrary_Test\\bin\\Release\\netcoreapp3.1\\fine-code-coverage\\build-output\\OrbitLibrary_Test.dll","CodeFilePath":null,"LineNumber":0,"Properties":[]},"Attachments":[],"Outcome":1,"ErrorMessage":null,"ErrorStackTrace":null,"DisplayName":"OrbitLibrary_Tests.Data.DbWrapperTest.ShouldExecuteNonQueryByString","Messages":[],"ComputerName":"SRVHDBTST","Duration":"00:00:00.0014781","StartTime":"2022-09-22T11:56:55.1110104+00:00","EndTime":"2022-09-22T11:56:55.1110127+00:00","Properties":[]},{"TestCase":{"Id":"350bdfec-86c4-575e-ac33-b8906c3b1bf2","FullyQualifiedName":"OrbitLibrary_Tests.Infrastructure.Providers.OrbitCredentialProviderTest.ShouldReturnInvalidSessionWhenUserDoNotHasTheSelectedTenant","DisplayName":"OrbitLibrary_Tests.Infrastructure.Providers.OrbitCredentialProviderTest.ShouldReturnInvalidSessionWhenUserDoNotHasTheSelectedTenant","ExecutorUri":"executor://xunit/VsTestRunner2/netcoreapp","Source":"D:\\Desenvolvimento\\Gabriel\\OrbitLibrary\\OrbitLibrary\\OrbitLibrary_Test\\bin\\Release\\netcoreapp3.1\\fine-code-coverage\\build-output\\OrbitLibrary_Test.dll","CodeFilePath":null,"LineNumber":0,"Properties":[]},"Attachments":[],"Outcome":1,"ErrorMessage":null,"ErrorStackTrace":null,"DisplayName":"OrbitLibrary_Tests.Infrastructure.Providers.OrbitCredentialProviderTest.ShouldReturnInvalidSessionWhenUserDoNotHasTheSelectedTenant","Messages":[],"ComputerName":"SRVHDBTST","Duration":"00:00:00.0012389","StartTime":"2022-09-22T11:56:55.112311+00:00","EndTime":"2022-09-22T11:56:55.1123122+00:00","Properties":[]},{"TestCase":{"Id":"a1856d7c-6559-c12c-eada-b9fb255d5c94","FullyQualifiedName":"OrbitLibrary_Tests.Application.Builders.OperationRequestBuilderTest.ShouldSetPathParamsToURL","DisplayName":"OrbitLibrary_Tests.Application.Builders.OperationRequestBuilderTest.ShouldSetPathParamsToURL","ExecutorUri":"executor://xunit/VsTestRunner2/netcoreapp","Source":"D:\\Desenvolvimento\\Gabriel\\OrbitLibrary\\OrbitLibrary\\OrbitLibrary_Test\\bin\\Release\\netcoreapp3.1\\fine-code-coverage\\build-output\\OrbitLibrary_Test.dll","CodeFilePath":null,"LineNumber":0,"Properties":[]},"Attachments":[],"Outcome":1,"ErrorMessage":null,"ErrorStackTrace":null,"DisplayName":"OrbitLibrary_Tests.Application.Builders.OperationRequestBuilderTest.ShouldSetPathParamsToURL","Messages":[],"ComputerName":"SRVHDBTST","Duration":"00:00:00.0051395","StartTime":"2022-09-22T11:56:55.1147635+00:00","EndTime":"2022-09-22T11:56:55.1147656+00:00","Properties":[]},{"TestCase":{"Id":"b0bbe758-91e6-484b-f5bd-a2afeaac9fa6","FullyQualifiedName":"OrbitLibrary_Tests.Infrastructure.Providers.OrbitCredentialProviderTest.ShouldReturnTheLastValidInstanceOfCredentialsWithoutCallCommunicationClientIfInstanceExists","DisplayName":"OrbitLibrary_Tests.Infrastructure.Providers.OrbitCredentialProviderTest.ShouldReturnTheLastValidInstanceOfCredentialsWithoutCallCommunicationClientIfInstanceExists","ExecutorUri":"executor://xunit/VsTestRunner2/netcoreapp","Source":"D:\\Desenvolvimento\\Gabriel\\OrbitLibrary\\OrbitLibrary\\OrbitLibrary_Test\\bin\\Release\\netcoreapp3.1\\fine-code-coverage\\build-output\\OrbitLibrary_Test.dll","CodeFilePath":null,"LineNumber":0,"Properties":[]},"Attachments":[],"Outcome":1,"ErrorMessage":null,"ErrorStackTrace":null,"DisplayName":"OrbitLibrary_Tests.Infrastructure.Providers.OrbitCredentialProviderTest.ShouldReturnTheLastValidInstanceOfCredentialsWithoutCallCommunicationClientIfInstanceExists","Messages":[],"ComputerName":"SRVHDBTST","Duration":"00:00:00.0013424","StartTime":"2022-09-22T11:56:55.1173681+00:00","EndTime":"2022-09-22T11:56:55.1173704+00:00","Properties":[]}],"TestRunStatistics":{"ExecutedTests":52,"Stats":{"Passed":52}},"ActiveTests":[{"Id":"2e35cb7a-f8b0-7b61-a186-233d6bf10754","FullyQualifiedName":"OrbitLibrary_Tests.Application.Builders.OperationRequestBuilderTest.ShouldNotAddCredentialsHeadersIfCredentialsIsNull","DisplayName":"OrbitLibrary_Tests.Application.Builders.OperationRequestBuilderTest.ShouldNotAddCredentialsHeadersIfCredentialsIsNull","ExecutorUri":"executor://xunit/VsTestRunner2/netcoreapp","Source":"D:\\Desenvolvimento\\Gabriel\\OrbitLibrary\\OrbitLibrary\\OrbitLibrary_Test\\bin\\Release\\netcoreapp3.1\\fine-code-coverage\\build-output\\OrbitLibrary_Test.dll","CodeFilePath":null,"LineNumber":0,"Properties":[]},{"Id":"a6d94f5b-7ccf-3658-c846-e6e3149845e5","FullyQualifiedName":"OrbitLibrary_Tests.Infrastructure.Providers.OrbitCredentialProviderTest.ShouldReturnAnInvalidSessionIfTheResponseBodyHasAnUnknownStructure","DisplayName":"OrbitLibrary_Tests.Infrastructure.Providers.OrbitCredentialProviderTest.ShouldReturnAnInvalidSessionIfTheResponseBodyHasAnUnknownStructure","ExecutorUri":"executor://xunit/VsTestRunner2/netcoreapp","Source":"D:\\Desenvolvimento\\Gabriel\\OrbitLibrary\\OrbitLibrary\\OrbitLibrary_Test\\bin\\Release\\netcoreapp3.1\\fine-code-coverage\\build-output\\OrbitLibrary_Test.dll","CodeFilePath":null,"LineNumber":0,"Properties":[]}]}}
TpTrace Verbose: 0 : 251312, 14, 2022/09/22, 08:56:55.122, 6576724270597, vstest.console.dll, TestRunRequest:SendTestRunStatsChange: Starting.
TpTrace Verbose: 0 : 251312, 14, 2022/09/22, 08:56:55.122, 6576724272134, vstest.console.dll, InProgress is OrbitLibrary_Tests.Application.Builders.OperationRequestBuilderTest.ShouldNotAddCredentialsHeadersIfCredentialsIsNull
TpTrace Verbose: 0 : 251312, 14, 2022/09/22, 08:56:55.122, 6576724273314, vstest.console.dll, InProgress is OrbitLibrary_Tests.Infrastructure.Providers.OrbitCredentialProviderTest.ShouldReturnAnInvalidSessionIfTheResponseBodyHasAnUnknownStructure
TpTrace Information: 0 : 251312, 14, 2022/09/22, 08:56:55.122, 6576724274556, vstest.console.dll, TestRunRequest:SendTestRunStatsChange: Completed.
TpTrace Verbose: 0 : 251312, 14, 2022/09/22, 08:56:55.122, 6576724275559, vstest.console.dll, TcpClientExtensions.MessageLoopAsync: Polling on remoteEndPoint: 127.0.0.1:50683 localEndPoint: 127.0.0.1:50682
TpTrace Verbose: 0 : 251312, 14, 2022/09/22, 08:56:55.149, 6576724546155, vstest.console.dll, TcpClientExtensions.MessageLoopAsync: NotifyDataAvailable remoteEndPoint: 127.0.0.1:50683 localEndPoint: 127.0.0.1:50682
TpTrace Verbose: 0 : 251312, 14, 2022/09/22, 08:56:55.150, 6576724548616, vstest.console.dll, TestRequestSender.OnExecutionMessageReceived: Received message: {"Version":5,"MessageType":"TestSession.Message","Payload":{"MessageLevel":2,"Message":"[xUnit.net 00:00:01.07]     OrbitLibrary_Tests.Infrastructure.Repositories.DBServiceConfigurationRepositoryTest.ShouldReturnsAServiceConfigurationObject [FAIL]"}}
TpTrace Verbose: 0 : 251312, 14, 2022/09/22, 08:56:55.150, 6576724551055, vstest.console.dll, TestRunRequest:SendTestRunMessage: Starting.
TpTrace Information: 0 : 251312, 14, 2022/09/22, 08:56:55.150, 6576724552593, vstest.console.dll, TestRunRequest:SendTestRunMessage: Completed.
TpTrace Verbose: 0 : 251312, 14, 2022/09/22, 08:56:55.150, 6576724554003, vstest.console.dll, TcpClientExtensions.MessageLoopAsync: Polling on remoteEndPoint: 127.0.0.1:50683 localEndPoint: 127.0.0.1:50682
TpTrace Verbose: 0 : 251312, 14, 2022/09/22, 08:56:55.151, 6576724558885, vstest.console.dll, TcpClientExtensions.MessageLoopAsync: NotifyDataAvailable remoteEndPoint: 127.0.0.1:50683 localEndPoint: 127.0.0.1:50682
TpTrace Verbose: 0 : 251312, 14, 2022/09/22, 08:56:55.151, 6576724561200, vstest.console.dll, TestRequestSender.OnExecutionMessageReceived: Received message: {"Version":5,"MessageType":"TestSession.Message","Payload":{"MessageLevel":0,"Message":"[xUnit.net 00:00:01.07]       Assert.Equal() Failure"}}
TpTrace Verbose: 0 : 251312, 14, 2022/09/22, 08:56:55.151, 6576724563308, vstest.console.dll, TestRunRequest:SendTestRunMessage: Starting.
TpTrace Information: 0 : 251312, 14, 2022/09/22, 08:56:55.151, 6576724564615, vstest.console.dll, TestRunRequest:SendTestRunMessage: Completed.
TpTrace Verbose: 0 : 251312, 14, 2022/09/22, 08:56:55.151, 6576724565727, vstest.console.dll, TcpClientExtensions.MessageLoopAsync: Polling on remoteEndPoint: 127.0.0.1:50683 localEndPoint: 127.0.0.1:50682
TpTrace Verbose: 0 : 251312, 14, 2022/09/22, 08:56:55.151, 6576724566963, vstest.console.dll, TcpClientExtensions.MessageLoopAsync: NotifyDataAvailable remoteEndPoint: 127.0.0.1:50683 localEndPoint: 127.0.0.1:50682
TpTrace Verbose: 0 : 251312, 14, 2022/09/22, 08:56:55.152, 6576724568220, vstest.console.dll, TestRequestSender.OnExecutionMessageReceived: Received message: {"Version":5,"MessageType":"TestSession.Message","Payload":{"MessageLevel":0,"Message":"[xUnit.net 00:00:01.07]                      (pos 4)"}}
TpTrace Verbose: 0 : 251312, 14, 2022/09/22, 08:56:55.152, 6576724569884, vstest.console.dll, TestRunRequest:SendTestRunMessage: Starting.
TpTrace Information: 0 : 251312, 14, 2022/09/22, 08:56:55.152, 6576724571093, vstest.console.dll, TestRunRequest:SendTestRunMessage: Completed.
TpTrace Verbose: 0 : 251312, 14, 2022/09/22, 08:56:55.152, 6576724572302, vstest.console.dll, TcpClientExtensions.MessageLoopAsync: Polling on remoteEndPoint: 127.0.0.1:50683 localEndPoint: 127.0.0.1:50682
TpTrace Verbose: 0 : 251312, 14, 2022/09/22, 08:56:55.152, 6576724573381, vstest.console.dll, TcpClientExtensions.MessageLoopAsync: NotifyDataAvailable remoteEndPoint: 127.0.0.1:50683 localEndPoint: 127.0.0.1:50682
TpTrace Verbose: 0 : 251312, 14, 2022/09/22, 08:56:55.152, 6576724574597, vstest.console.dll, TestRequestSender.OnExecutionMessageReceived: Received message: {"Version":5,"MessageType":"TestSession.Message","Payload":{"MessageLevel":0,"Message":"[xUnit.net 00:00:01.07]       Expected: http://localhost"}}
TpTrace Verbose: 0 : 251312, 14, 2022/09/22, 08:56:55.152, 6576724576291, vstest.console.dll, TestRunRequest:SendTestRunMessage: Starting.
TpTrace Information: 0 : 251312, 14, 2022/09/22, 08:56:55.153, 6576724577530, vstest.console.dll, TestRunRequest:SendTestRunMessage: Completed.
TpTrace Verbose: 0 : 251312, 14, 2022/09/22, 08:56:55.153, 6576724578551, vstest.console.dll, TcpClientExtensions.MessageLoopAsync: Polling on remoteEndPoint: 127.0.0.1:50683 localEndPoint: 127.0.0.1:50682
TpTrace Verbose: 0 : 251312, 14, 2022/09/22, 08:56:55.153, 6576724579590, vstest.console.dll, TcpClientExtensions.MessageLoopAsync: NotifyDataAvailable remoteEndPoint: 127.0.0.1:50683 localEndPoint: 127.0.0.1:50682
TpTrace Verbose: 0 : 251312, 14, 2022/09/22, 08:56:55.153, 6576724580765, vstest.console.dll, TestRequestSender.OnExecutionMessageReceived: Received message: {"Version":5,"MessageType":"TestSession.Message","Payload":{"MessageLevel":0,"Message":"[xUnit.net 00:00:01.07]       Actual:   https://api.4tax.seidorbrasil.com.br"}}
TpTrace Verbose: 0 : 251312, 14, 2022/09/22, 08:56:55.153, 6576724582363, vstest.console.dll, TestRunRequest:SendTestRunMessage: Starting.
TpTrace Information: 0 : 251312, 14, 2022/09/22, 08:56:55.153, 6576724583597, vstest.console.dll, TestRunRequest:SendTestRunMessage: Completed.
TpTrace Verbose: 0 : 251312, 14, 2022/09/22, 08:56:55.153, 6576724584608, vstest.console.dll, TcpClientExtensions.MessageLoopAsync: Polling on remoteEndPoint: 127.0.0.1:50683 localEndPoint: 127.0.0.1:50682
TpTrace Verbose: 0 : 251312, 14, 2022/09/22, 08:56:55.153, 6576724585653, vstest.console.dll, TcpClientExtensions.MessageLoopAsync: NotifyDataAvailable remoteEndPoint: 127.0.0.1:50683 localEndPoint: 127.0.0.1:50682
TpTrace Verbose: 0 : 251312, 14, 2022/09/22, 08:56:55.153, 6576724586881, vstest.console.dll, TestRequestSender.OnExecutionMessageReceived: Received message: {"Version":5,"MessageType":"TestSession.Message","Payload":{"MessageLevel":0,"Message":"[xUnit.net 00:00:01.07]                      (pos 4)"}}
TpTrace Verbose: 0 : 251312, 14, 2022/09/22, 08:56:55.154, 6576724588476, vstest.console.dll, TestRunRequest:SendTestRunMessage: Starting.
TpTrace Information: 0 : 251312, 14, 2022/09/22, 08:56:55.154, 6576724589824, vstest.console.dll, TestRunRequest:SendTestRunMessage: Completed.
TpTrace Verbose: 0 : 251312, 14, 2022/09/22, 08:56:55.154, 6576724590949, vstest.console.dll, TcpClientExtensions.MessageLoopAsync: Polling on remoteEndPoint: 127.0.0.1:50683 localEndPoint: 127.0.0.1:50682
TpTrace Verbose: 0 : 251312, 14, 2022/09/22, 08:56:55.154, 6576724591996, vstest.console.dll, TcpClientExtensions.MessageLoopAsync: NotifyDataAvailable remoteEndPoint: 127.0.0.1:50683 localEndPoint: 127.0.0.1:50682
TpTrace Verbose: 0 : 251312, 14, 2022/09/22, 08:56:55.154, 6576724593205, vstest.console.dll, TestRequestSender.OnExecutionMessageReceived: Received message: {"Version":5,"MessageType":"TestSession.Message","Payload":{"MessageLevel":0,"Message":"[xUnit.net 00:00:01.07]       Stack Trace:"}}
TpTrace Verbose: 0 : 251312, 14, 2022/09/22, 08:56:55.154, 6576724594917, vstest.console.dll, TestRunRequest:SendTestRunMessage: Starting.
TpTrace Information: 0 : 251312, 14, 2022/09/22, 08:56:55.154, 6576724596189, vstest.console.dll, TestRunRequest:SendTestRunMessage: Completed.
TpTrace Verbose: 0 : 251312, 14, 2022/09/22, 08:56:55.155, 6576724597422, vstest.console.dll, TcpClientExtensions.MessageLoopAsync: Polling on remoteEndPoint: 127.0.0.1:50683 localEndPoint: 127.0.0.1:50682
TpTrace Verbose: 0 : 251312, 14, 2022/09/22, 08:56:55.155, 6576724598511, vstest.console.dll, TcpClientExtensions.MessageLoopAsync: NotifyDataAvailable remoteEndPoint: 127.0.0.1:50683 localEndPoint: 127.0.0.1:50682
TpTrace Verbose: 0 : 251312, 14, 2022/09/22, 08:56:55.155, 6576724599763, vstest.console.dll, TestRequestSender.OnExecutionMessageReceived: Received message: {"Version":5,"MessageType":"TestSession.Message","Payload":{"MessageLevel":0,"Message":"[xUnit.net 00:00:01.07]         D:\\Desenvolvimento\\Gabriel\\OrbitLibrary\\OrbitLibrary\\OrbitLibrary_Test\\Infrastructure\\Repositories\\DBServiceConfigurationRepositoryTest.cs(74,0): at OrbitLibrary_Tests.Infrastructure.Repositories.DBServiceConfigurationRepositoryTest.ShouldReturnsAServiceConfigurationObject()"}}
TpTrace Verbose: 0 : 251312, 14, 2022/09/22, 08:56:55.155, 6576724601470, vstest.console.dll, TestRunRequest:SendTestRunMessage: Starting.
TpTrace Information: 0 : 251312, 14, 2022/09/22, 08:56:55.155, 6576724602671, vstest.console.dll, TestRunRequest:SendTestRunMessage: Completed.
TpTrace Verbose: 0 : 251312, 14, 2022/09/22, 08:56:55.155, 6576724603748, vstest.console.dll, TcpClientExtensions.MessageLoopAsync: Polling on remoteEndPoint: 127.0.0.1:50683 localEndPoint: 127.0.0.1:50682
TpTrace Verbose: 0 : 251312, 14, 2022/09/22, 08:56:55.159, 6576724646283, vstest.console.dll, TcpClientExtensions.MessageLoopAsync: NotifyDataAvailable remoteEndPoint: 127.0.0.1:50683 localEndPoint: 127.0.0.1:50682
TpTrace Verbose: 0 : 251312, 14, 2022/09/22, 08:56:55.160, 6576724649542, vstest.console.dll, TestRequestSender.OnExecutionMessageReceived: Received message: {"Version":5,"MessageType":"TestExecution.StatsChange","Payload":{"NewTestResults":[{"TestCase":{"Id":"2e35cb7a-f8b0-7b61-a186-233d6bf10754","FullyQualifiedName":"OrbitLibrary_Tests.Application.Builders.OperationRequestBuilderTest.ShouldNotAddCredentialsHeadersIfCredentialsIsNull","DisplayName":"OrbitLibrary_Tests.Application.Builders.OperationRequestBuilderTest.ShouldNotAddCredentialsHeadersIfCredentialsIsNull","ExecutorUri":"executor://xunit/VsTestRunner2/netcoreapp","Source":"D:\\Desenvolvimento\\Gabriel\\OrbitLibrary\\OrbitLibrary\\OrbitLibrary_Test\\bin\\Release\\netcoreapp3.1\\fine-code-coverage\\build-output\\OrbitLibrary_Test.dll","CodeFilePath":null,"LineNumber":0,"Properties":[]},"Attachments":[],"Outcome":1,"ErrorMessage":null,"ErrorStackTrace":null,"DisplayName":"OrbitLibrary_Tests.Application.Builders.OperationRequestBuilderTest.ShouldNotAddCredentialsHeadersIfCredentialsIsNull","Messages":[],"ComputerName":"SRVHDBTST","Duration":"00:00:00.0017079","StartTime":"2022-09-22T11:56:55.1215702+00:00","EndTime":"2022-09-22T11:56:55.1215726+00:00","Properties":[]},{"TestCase":{"Id":"58666c0b-f9fd-7943-5ed8-2fb84918ffc3","FullyQualifiedName":"OrbitLibrary_Tests.Application.Builders.OperationRequestBuilderTest.ShouldReturnsIfShouldPutgAuthentication","DisplayName":"OrbitLibrary_Tests.Application.Builders.OperationRequestBuilderTest.ShouldReturnsIfShouldPutgAuthentication","ExecutorUri":"executor://xunit/VsTestRunner2/netcoreapp","Source":"D:\\Desenvolvimento\\Gabriel\\OrbitLibrary\\OrbitLibrary\\OrbitLibrary_Test\\bin\\Release\\netcoreapp3.1\\fine-code-coverage\\build-output\\OrbitLibrary_Test.dll","CodeFilePath":null,"LineNumber":0,"Properties":[]},"Attachments":[],"Outcome":1,"ErrorMessage":null,"ErrorStackTrace":null,"DisplayName":"OrbitLibrary_Tests.Application.Builders.OperationRequestBuilderTest.ShouldReturnsIfShouldPutgAuthentication","Messages":[],"ComputerName":"SRVHDBTST","Duration":"00:00:00.0001858","StartTime":"2022-09-22T11:56:55.1249884+00:00","EndTime":"2022-09-22T11:56:55.1249907+00:00","Properties":[]},{"TestCase":{"Id":"32bcb646-6f00-2af5-4ceb-22820ebb48ef","FullyQualifiedName":"OrbitLibrary_Tests.Application.Builders.OperationRequestBuilderTest.ShouldAddQueryParamsToUrl","DisplayName":"OrbitLibrary_Tests.Application.Builders.OperationRequestBuilderTest.ShouldAddQueryParamsToUrl","ExecutorUri":"executor://xunit/VsTestRunner2/netcoreapp","Source":"D:\\Desenvolvimento\\Gabriel\\OrbitLibrary\\OrbitLibrary\\OrbitLibrary_Test\\bin\\Release\\netcoreapp3.1\\fine-code-coverage\\build-output\\OrbitLibrary_Test.dll","CodeFilePath":null,"LineNumber":0,"Properties":[]},"Attachments":[],"Outcome":1,"ErrorMessage":null,"ErrorStackTrace":null,"DisplayName":"OrbitLibrary_Tests.Application.Builders.OperationRequestBuilderTest.ShouldAddQueryParamsToUrl","Messages":[],"ComputerName":"SRVHDBTST","Duration":"00:00:00.0002755","StartTime":"2022-09-22T11:56:55.1274051+00:00","EndTime":"2022-09-22T11:56:55.1274076+00:00","Properties":[]},{"TestCase":{"Id":"a6d94f5b-7ccf-3658-c846-e6e3149845e5","FullyQualifiedName":"OrbitLibrary_Tests.Infrastructure.Providers.OrbitCredentialProviderTest.ShouldReturnAnInvalidSessionIfTheResponseBodyHasAnUnknownStructure","DisplayName":"OrbitLibrary_Tests.Infrastructure.Providers.OrbitCredentialProviderTest.ShouldReturnAnInvalidSessionIfTheResponseBodyHasAnUnknownStructure","ExecutorUri":"executor://xunit/VsTestRunner2/netcoreapp","Source":"D:\\Desenvolvimento\\Gabriel\\OrbitLibrary\\OrbitLibrary\\OrbitLibrary_Test\\bin\\Release\\netcoreapp3.1\\fine-code-coverage\\build-output\\OrbitLibrary_Test.dll","CodeFilePath":null,"LineNumber":0,"Properties":[]},"Attachments":[],"Outcome":1,"ErrorMessage":null,"ErrorStackTrace":null,"DisplayName":"OrbitLibrary_Tests.Infrastructure.Providers.OrbitCredentialProviderTest.ShouldReturnAnInvalidSessionIfTheResponseBodyHasAnUnknownStructure","Messages":[],"ComputerName":"SRVHDBTST","Duration":"00:00:00.0013649","StartTime":"2022-09-22T11:56:55.1298966+00:00","EndTime":"2022-09-22T11:56:55.1298987+00:00","Properties":[]},{"TestCase":{"Id":"12bd2eda-a5f2-8736-6406-afe019d6f603","FullyQualifiedName":"OrbitLibrary_Tests.Application.Builders.OperationRequestBuilderTest.ShouldCallCredentialsProviderWithForceNewAuthentication","DisplayName":"OrbitLibrary_Tests.Application.Builders.OperationRequestBuilderTest.ShouldCallCredentialsProviderWithForceNewAuthentication","ExecutorUri":"executor://xunit/VsTestRunner2/netcoreapp","Source":"D:\\Desenvolvimento\\Gabriel\\OrbitLibrary\\OrbitLibrary\\OrbitLibrary_Test\\bin\\Release\\netcoreapp3.1\\fine-code-coverage\\build-output\\OrbitLibrary_Test.dll","CodeFilePath":null,"LineNumber":0,"Properties":[]},"Attachments":[],"Outcome":1,"ErrorMessage":null,"ErrorStackTrace":null,"DisplayName":"OrbitLibrary_Tests.Application.Builders.OperationRequestBuilderTest.ShouldCallCredentialsProviderWithForceNewAuthentication","Messages":[],"ComputerName":"SRVHDBTST","Duration":"00:00:00.0011749","StartTime":"2022-09-22T11:56:55.1324011+00:00","EndTime":"2022-09-22T11:56:55.132403+00:00","Properties":[]},{"TestCase":{"Id":"2c35a601-59f1-bd9b-7d60-ad1537393571","FullyQualifiedName":"OrbitLibrary_Tests.Infrastructure.Providers.OrbitCredentialProviderTest.ShouldReturnUnauthorizedError","DisplayName":"OrbitLibrary_Tests.Infrastructure.Providers.OrbitCredentialProviderTest.ShouldReturnUnauthorizedError","ExecutorUri":"executor://xunit/VsTestRunner2/netcoreapp","Source":"D:\\Desenvolvimento\\Gabriel\\OrbitLibrary\\OrbitLibrary\\OrbitLibrary_Test\\bin\\Release\\netcoreapp3.1\\fine-code-coverage\\build-output\\OrbitLibrary_Test.dll","CodeFilePath":null,"LineNumber":0,"Properties":[]},"Attachments":[],"Outcome":1,"ErrorMessage":null,"ErrorStackTrace":null,"DisplayName":"OrbitLibrary_Tests.Infrastructure.Providers.OrbitCredentialProviderTest.ShouldReturnUnauthorizedError","Messages":[],"ComputerName":"SRVHDBTST","Duration":"00:00:00.0029500","StartTime":"2022-09-22T11:56:55.1348239+00:00","EndTime":"2022-09-22T11:56:55.134826+00:00","Properties":[]},{"TestCase":{"Id":"0bf37c72-ac66-fe10-686b-5434d07651a4","FullyQualifiedName":"OrbitLibrary_Tests.Infrastructure.Providers.OrbitCredentialProviderTest.ShouldReturnInvalidSessionWhenUserDoNotHaveTenants","DisplayName":"OrbitLibrary_Tests.Infrastructure.Providers.OrbitCredentialProviderTest.ShouldReturnInvalidSessionWhenUserDoNotHaveTenants","ExecutorUri":"executor://xunit/VsTestRunner2/netcoreapp","Source":"D:\\Desenvolvimento\\Gabriel\\OrbitLibrary\\OrbitLibrary\\OrbitLibrary_Test\\bin\\Release\\netcoreapp3.1\\fine-code-coverage\\build-output\\OrbitLibrary_Test.dll","CodeFilePath":null,"LineNumber":0,"Properties":[]},"Attachments":[],"Outcome":1,"ErrorMessage":null,"ErrorStackTrace":null,"DisplayName":"OrbitLibrary_Tests.Infrastructure.Providers.OrbitCredentialProviderTest.ShouldReturnInvalidSessionWhenUserDoNotHaveTenants","Messages":[],"ComputerName":"SRVHDBTST","Duration":"00:00:00.0009970","StartTime":"2022-09-22T11:56:55.1374497+00:00","EndTime":"2022-09-22T11:56:55.1374516+00:00","Properties":[]},{"TestCase":{"Id":"4bb76a10-0440-b02b-c7ba-d0a331c6f167","FullyQualifiedName":"OrbitLibrary_Tests.Application.Builders.OperationRequestBuilderTest.ShouldSetOnePathParamToURL","DisplayName":"OrbitLibrary_Tests.Application.Builders.OperationRequestBuilderTest.ShouldSetOnePathParamToURL","ExecutorUri":"executor://xunit/VsTestRunner2/netcoreapp","Source":"D:\\Desenvolvimento\\Gabriel\\OrbitLibrary\\OrbitLibrary\\OrbitLibrary_Test\\bin\\Release\\netcoreapp3.1\\fine-code-coverage\\build-output\\OrbitLibrary_Test.dll","CodeFilePath":null,"LineNumber":0,"Properties":[]},"Attachments":[],"Outcome":1,"ErrorMessage":null,"ErrorStackTrace":null,"DisplayName":"OrbitLibrary_Tests.Application.Builders.OperationRequestBuilderTest.ShouldSetOnePathParamToURL","Messages":[],"ComputerName":"SRVHDBTST","Duration":"00:00:00.0032265","StartTime":"2022-09-22T11:56:55.1400129+00:00","EndTime":"2022-09-22T11:56:55.1400147+00:00","Properties":[]},{"TestCase":{"Id":"0badfc5f-7dbb-bf6f-bbad-70eed4a5584c","FullyQualifiedName":"OrbitLibrary_Tests.Infrastructure.Providers.OrbitCredentialProviderTest.ShouldCallAuthenticationServiceWhenForceNewAuthenticationParameterIsTrue","DisplayName":"OrbitLibrary_Tests.Infrastructure.Providers.OrbitCredentialProviderTest.ShouldCallAuthenticationServiceWhenForceNewAuthenticationParameterIsTrue","ExecutorUri":"executor://xunit/VsTestRunner2/netcoreapp","Source":"D:\\Desenvolvimento\\Gabriel\\OrbitLibrary\\OrbitLibrary\\OrbitLibrary_Test\\bin\\Release\\netcoreapp3.1\\fine-code-coverage\\build-output\\OrbitLibrary_Test.dll","CodeFilePath":null,"LineNumber":0,"Properties":[]},"Attachments":[],"Outcome":1,"ErrorMessage":null,"ErrorStackTrace":null,"DisplayName":"OrbitLibrary_Tests.Infrastructure.Providers.OrbitCredentialProviderTest.ShouldCallAuthenticationServiceWhenForceNewAuthenticationParameterIsTrue","Messages":[],"ComputerName":"SRVHDBTST","Duration":"00:00:00.0014017","StartTime":"2022-09-22T11:56:55.1413713+00:00","EndTime":"2022-09-22T11:56:55.1413721+00:00","Properties":[]},{"TestCase":{"Id":"aed01e5f-0efc-e159-6534-11eb0ed34b1f","FullyQualifiedName":"OrbitLibrary_Tests.Infrastructure.Repositories.DBServiceConfigurationRepositoryTest.ShouldReturnsAServiceConfigurationObject","DisplayName":"OrbitLibrary_Tests.Infrastructure.Repositories.DBServiceConfigurationRepositoryTest.ShouldReturnsAServiceConfigurationObject","ExecutorUri":"executor://xunit/VsTestRunner2/netcoreapp","Source":"D:\\Desenvolvimento\\Gabriel\\OrbitLibrary\\OrbitLibrary\\OrbitLibrary_Test\\bin\\Release\\netcoreapp3.1\\fine-code-coverage\\build-output\\OrbitLibrary_Test.dll","CodeFilePath":null,"LineNumber":0,"Properties":[]},"Attachments":[],"Outcome":2,"ErrorMessage":"Assert.Equal() Failure\r\n               (pos 4)\r\nExpected: http://localhost\r\nActual:   https://api.4tax.seidorbrasil.com.br\r\n               (pos 4)","ErrorStackTrace":"   at OrbitLibrary_Tests.Infrastructure.Repositories.DBServiceConfigurationRepositoryTest.ShouldReturnsAServiceConfigurationObject() in D:\\Desenvolvimento\\Gabriel\\OrbitLibrary\\OrbitLibrary\\OrbitLibrary_Test\\Infrastructure\\Repositories\\DBServiceConfigurationRepositoryTest.cs:line 74","DisplayName":"OrbitLibrary_Tests.Infrastructure.Repositories.DBServiceConfigurationRepositoryTest.ShouldReturnsAServiceConfigurationObject","Messages":[],"ComputerName":"SRVHDBTST","Duration":"00:00:00.0161050","StartTime":"2022-09-22T11:56:55.1561719+00:00","EndTime":"2022-09-22T11:56:55.1561745+00:00","Properties":[]}],"TestRunStatistics":{"ExecutedTests":62,"Stats":{"Passed":61,"Failed":1}},"ActiveTests":[]}}
TpTrace Verbose: 0 : 251312, 14, 2022/09/22, 08:56:55.162, 6576724668570, vstest.console.dll, TestRunRequest:SendTestRunStatsChange: Starting.
TpTrace Information: 0 : 251312, 14, 2022/09/22, 08:56:55.162, 6576724670366, vstest.console.dll, TestRunRequest:SendTestRunStatsChange: Completed.
TpTrace Verbose: 0 : 251312, 14, 2022/09/22, 08:56:55.162, 6576724671794, vstest.console.dll, TcpClientExtensions.MessageLoopAsync: Polling on remoteEndPoint: 127.0.0.1:50683 localEndPoint: 127.0.0.1:50682
TpTrace Verbose: 0 : 251312, 14, 2022/09/22, 08:56:55.162, 6576724673748, vstest.console.dll, TcpClientExtensions.MessageLoopAsync: NotifyDataAvailable remoteEndPoint: 127.0.0.1:50683 localEndPoint: 127.0.0.1:50682
TpTrace Verbose: 0 : 251312, 14, 2022/09/22, 08:56:55.162, 6576724675336, vstest.console.dll, TestRequestSender.OnExecutionMessageReceived: Received message: {"Version":5,"MessageType":"TestSession.Message","Payload":{"MessageLevel":0,"Message":"[xUnit.net 00:00:01.08]   Finished:    OrbitLibrary_Test"}}
TpTrace Verbose: 0 : 251312, 14, 2022/09/22, 08:56:55.163, 6576724677394, vstest.console.dll, TestRunRequest:SendTestRunMessage: Starting.
TpTrace Information: 0 : 251312, 14, 2022/09/22, 08:56:55.163, 6576724678881, vstest.console.dll, TestRunRequest:SendTestRunMessage: Completed.
TpTrace Verbose: 0 : 251312, 14, 2022/09/22, 08:56:55.163, 6576724680106, vstest.console.dll, TcpClientExtensions.MessageLoopAsync: Polling on remoteEndPoint: 127.0.0.1:50683 localEndPoint: 127.0.0.1:50682
TpTrace Verbose: 0 : 251312, 14, 2022/09/22, 08:56:55.181, 6576724866989, vstest.console.dll, TcpClientExtensions.MessageLoopAsync: NotifyDataAvailable remoteEndPoint: 127.0.0.1:50683 localEndPoint: 127.0.0.1:50682
TpTrace Verbose: 0 : 251312, 14, 2022/09/22, 08:56:55.182, 6576724869541, vstest.console.dll, TestRequestSender.OnExecutionMessageReceived: Received message: {"Version":5,"MessageType":"TestExecution.Completed","Payload":{"TestRunCompleteArgs":{"TestRunStatistics":{"ExecutedTests":62,"Stats":{"Passed":61,"Failed":1}},"IsCanceled":false,"IsAborted":false,"Error":null,"AttachmentSets":[],"ElapsedTimeInRunningTests":"00:00:01.0986377","Metrics":{}},"LastRunTests":{"NewTestResults":[],"TestRunStatistics":{"ExecutedTests":62,"Stats":{"Passed":61,"Failed":1}},"ActiveTests":[]},"RunAttachments":[],"ExecutorUris":["executor://xunit/VsTestRunner2/netcoreapp"]}}
TpTrace Verbose: 0 : 251312, 14, 2022/09/22, 08:56:55.182, 6576724872221, vstest.console.dll, TestRequestSender.EndSession: Sending end session.
TpTrace Verbose: 0 : 251312, 14, 2022/09/22, 08:56:55.182, 6576724874952, vstest.console.dll, ProxyOperationManager.Close: waiting for test host to exit for 100 ms
TpTrace Warning: 0 : 251312, 13, 2022/09/22, 08:56:55.205, 6576725104652, vstest.console.dll, TestHostManagerCallbacks.ErrorReceivedCallback Test host standard error line: 
TpTrace Verbose: 0 : 251312, 8, 2022/09/22, 08:56:55.224, 6576725291497, vstest.console.dll, TestHostProvider.ExitCallBack: Host exited starting callback.
TpTrace Information: 0 : 251312, 8, 2022/09/22, 08:56:55.225, 6576725301490, vstest.console.dll, TestHostManagerCallbacks.ExitCallBack: Testhost processId: 245368 exited with exitcode: 0 error: ''
TpTrace Verbose: 0 : 251312, 8, 2022/09/22, 08:56:55.225, 6576725303293, vstest.console.dll, DotnetTestHostManager.OnHostExited: invoking OnHostExited callback
TpTrace Verbose: 0 : 251312, 8, 2022/09/22, 08:56:55.225, 6576725304694, vstest.console.dll, CrossPlatEngine.TestHostManagerHostExited: calling on client process exit callback.
TpTrace Information: 0 : 251312, 8, 2022/09/22, 08:56:55.225, 6576725306098, vstest.console.dll, TestRequestSender.OnClientProcessExit: Test host process exited. Standard error: 
TpTrace Warning: 0 : 251312, 14, 2022/09/22, 08:56:55.225, 6576725306283, vstest.console.dll, ProxyOperationManager: Timed out waiting for test host to exit. Will terminate process.
TpTrace Information: 0 : 251312, 8, 2022/09/22, 08:56:55.226, 6576725307572, vstest.console.dll, SocketServer.Stop: Stop server endPoint: 127.0.0.1:50682
TpTrace Information: 0 : 251312, 8, 2022/09/22, 08:56:55.226, 6576725311219, vstest.console.dll, SocketServer.Stop: Cancellation requested. Stopping message loop.
TpTrace Verbose: 0 : 251312, 14, 2022/09/22, 08:56:55.227, 6576725317769, vstest.console.dll, ProxyDataCollectionManager.InvokeDataCollectionServiceAction: Starting.
TpTrace Information: 0 : 251312, 14, 2022/09/22, 08:56:55.227, 6576725320547, vstest.console.dll, ProxyDataCollectionManager.AfterTestRunEnd: Get attachment set for datacollector processId: 234208 port: 50679
TpTrace Verbose: 0 : 251312, 14, 2022/09/22, 08:56:55.227, 6576725322378, vstest.console.dll, DataCollectionRequestSender.SendAfterTestRunStartAndGetResult : Send AfterTestRunEnd message with isCancelled: False
TpTrace Verbose: 0 : 251312, 14, 2022/09/22, 08:56:55.234, 6576725393345, vstest.console.dll, DataCollectionRequestSender.SendAfterTestRunStartAndGetResult : Received message: (DataCollection.AfterTestRunEndResult) -> {
  "AttachmentSets": [],
  "Metrics": {}
}
TpTrace Information: 0 : 251312, 14, 2022/09/22, 08:56:55.237, 6576725421480, vstest.console.dll, ProxyDataCollectionManager.InvokeDataCollectionServiceAction: Completed.
TpTrace Warning: 0 : 251312, 10, 2022/09/22, 08:56:55.241, 6576725462331, vstest.console.dll, DataCollectionLauncher.ErrorReceivedCallback datacollector standard error line: 
TpTrace Information: 0 : 251312, 8, 2022/09/22, 08:56:55.249, 6576725543912, vstest.console.dll, DataCollectionLauncher.ExitCallBack: Data collector exited with exitcode: 0 error: ''
TpTrace Verbose: 0 : 251312, 14, 2022/09/22, 08:56:55.254, 6576725594118, vstest.console.dll, TestRunRequest:SendTestRunStatsChange: Starting.
TpTrace Information: 0 : 251312, 14, 2022/09/22, 08:56:55.254, 6576725596066, vstest.console.dll, TestRunRequest:SendTestRunStatsChange: Completed.
TpTrace Verbose: 0 : 251312, 14, 2022/09/22, 08:56:55.255, 6576725599771, vstest.console.dll, ParallelProxyExecutionManager: HandlePartialRunComplete: Total completed clients = 1, Run complete = True, Run canceled: False.
TpTrace Verbose: 0 : 251312, 14, 2022/09/22, 08:56:55.285, 6576725898452, vstest.console.dll, TestRunRequest:TestRunComplete: Starting. IsAborted:False IsCanceled:False.
TpTrace Verbose: 0 : 251312, 14, 2022/09/22, 08:56:55.285, 6576725901850, vstest.console.dll, TestLoggerManager.HandleTestRunComplete: Ignoring as the object is disposed.
TpTrace Information: 0 : 251312, 14, 2022/09/22, 08:56:55.285, 6576725905983, vstest.console.dll, TestRunRequest:TestRunComplete: Completed.
TpTrace Verbose: 0 : 251312, 1, 2022/09/22, 08:56:55.285, 6576725906469, vstest.console.dll, TestRunRequest.Dispose: Starting.
TpTrace Verbose: 0 : 251312, 14, 2022/09/22, 08:56:55.286, 6576725907876, vstest.console.dll, TestRequestSender.SetOperationComplete: Setting operation complete.
TpTrace Information: 0 : 251312, 1, 2022/09/22, 08:56:55.286, 6576725909616, vstest.console.dll, TestRunRequest.Dispose: Completed.
TpTrace Information: 0 : 251312, 14, 2022/09/22, 08:56:55.286, 6576725911305, vstest.console.dll, SocketServer.Stop: Stop server endPoint: 127.0.0.1:50682
TpTrace Information: 0 : 251312, 1, 2022/09/22, 08:56:55.286, 6576725912794, vstest.console.dll, TestRequestManager.RunTests: run tests completed.
TpTrace Information: 0 : 251312, 14, 2022/09/22, 08:56:55.286, 6576725913864, vstest.console.dll, SocketServer.Stop: Cancellation requested. Stopping message loop.
TpTrace Information: 0 : 251312, 1, 2022/09/22, 08:56:55.286, 6576725915953, vstest.console.dll, RunTestsArgumentProcessor:Execute: Test run is completed.
TpTrace Information: 0 : 251312, 14, 2022/09/22, 08:56:55.286, 6576725916799, vstest.console.dll, SocketServer.PrivateStop: Stop server endPoint: 127.0.0.1:50682 error: 
TpTrace Verbose: 0 : 251312, 1, 2022/09/22, 08:56:55.287, 6576725919832, vstest.console.dll, Executor.Execute: Exiting with exit code of 1
TpTrace Verbose: 0 : 251312, 14, 2022/09/22, 08:56:55.287, 6576725925112, vstest.console.dll, LengthPrefixCommunicationChannel.Dispose: Dispose reader and writer.
TpTrace Information: 0 : 251312, 14, 2022/09/22, 08:56:55.288, 6576725927235, vstest.console.dll, SocketServer.Stop: Raise disconnected event endPoint: 127.0.0.1:50682 error: 
TpTrace Verbose: 0 : 251312, 14, 2022/09/22, 08:56:55.288, 6576725929022, vstest.console.dll, TestRequestSender: OnTestRunAbort: Operation is already complete. Skip error message.
TpTrace Verbose: 0 : 251312, 14, 2022/09/22, 08:56:55.288, 6576725930351, vstest.console.dll, TcpClientExtensions.MessageLoopAsync: exiting MessageLoopAsync remoteEndPoint: 127.0.0.1:50683 localEndPoint: 127.0.0.1:50682
