<?xml version="1.0" encoding="utf-8"?>
<!DOCTYPE coverage SYSTEM "http://cobertura.sourceforge.net/xml/coverage-04.dtd">
<coverage line-rate="0.935114503816794" branch-rate="0.87" lines-covered="1225" lines-valid="1310" branches-covered="87" branches-valid="100" complexity="302" version="0" timestamp="1665391663">
  <sources>
    <source>C:\Users\luisf\</source>
  </sources>
  <packages>
    <package name="OrbitLibrary" line-rate="0.86046511627907" branch-rate="0.875" complexity="185">
      <classes>
        <class name="OrbitLibrary.Common.BaseService`2" filename="C:\Users\luisf\Desktop\Repositori B1 Dev\OrbitService\OrbitService\src\OrbitLibrary\Common\BaseService.cs" line-rate="1" branch-rate="1" complexity="10">
          <methods>
            <method name="get_sConfig" signature="()" line-rate="1" branch-rate="1" complexity="1">
              <lines>
                <line number="8" hits="34" branch="false" />
              </lines>
            </method>
            <method name="get_Client" signature="()" line-rate="1" branch-rate="1" complexity="1">
              <lines>
                <line number="9" hits="14" branch="false" />
              </lines>
            </method>
            <method name="InvokeOperation" signature="(...)" line-rate="1" branch-rate="1" complexity="6">
              <lines>
                <line number="17" hits="13" branch="false" />
                <line number="18" hits="13" branch="false" />
                <line number="19" hits="13" branch="false" />
                <line number="21" hits="13" branch="true" condition-coverage="100% (2/2)" />
                <line number="22" hits="1" branch="false" />
                <line number="23" hits="2" branch="true" condition-coverage="100% (4/4)" />
                <line number="24" hits="1" branch="false" />
                <line number="25" hits="1" branch="false" />
                <line number="26" hits="1" branch="false" />
                <line number="27" hits="1" branch="false" />
                <line number="28" hits="1" branch="false" />
                <line number="29" hits="13" branch="false" />
                <line number="30" hits="13" branch="false" />
                <line number="31" hits="13" branch="false" />
              </lines>
            </method>
            <method name="GetBuilder" signature="()" line-rate="1" branch-rate="1" complexity="1">
              <lines>
                <line number="34" hits="16" branch="false" />
                <line number="35" hits="16" branch="false" />
                <line number="36" hits="16" branch="false" />
              </lines>
            </method>
            <method name=".ctor" signature="(...)" line-rate="1" branch-rate="1" complexity="1">
              <lines>
                <line number="11" hits="28" branch="false" />
                <line number="12" hits="14" branch="false" />
                <line number="13" hits="14" branch="false" />
                <line number="14" hits="14" branch="false" />
              </lines>
            </method>
          </methods>
          <lines>
            <line number="8" hits="34" branch="false" />
            <line number="9" hits="14" branch="false" />
            <line number="11" hits="28" branch="false" />
            <line number="12" hits="14" branch="false" />
            <line number="13" hits="14" branch="false" />
            <line number="14" hits="14" branch="false" />
            <line number="17" hits="13" branch="false" />
            <line number="18" hits="13" branch="false" />
            <line number="19" hits="13" branch="false" />
            <line number="21" hits="13" branch="true" condition-coverage="100% (2/2)" />
            <line number="22" hits="1" branch="false" />
            <line number="23" hits="2" branch="true" condition-coverage="100% (4/4)" />
            <line number="24" hits="1" branch="false" />
            <line number="25" hits="1" branch="false" />
            <line number="26" hits="1" branch="false" />
            <line number="27" hits="1" branch="false" />
            <line number="28" hits="1" branch="false" />
            <line number="29" hits="13" branch="false" />
            <line number="30" hits="13" branch="false" />
            <line number="31" hits="13" branch="false" />
            <line number="34" hits="16" branch="false" />
            <line number="35" hits="16" branch="false" />
            <line number="36" hits="16" branch="false" />
          </lines>
        </class>
        <class name="OrbitLibrary.Common.HttpClientCommunicationProvider" filename="C:\Users\luisf\Desktop\Repositori B1 Dev\OrbitService\OrbitService\src\OrbitLibrary\Infrastructure\Providers\HttpClientCommunicationProvider.cs" line-rate="0.866666666666667" branch-rate="0.666666666666667" complexity="14">
          <methods>
            <method name="GetRestClient" signature="(...)" line-rate="0" branch-rate="1" complexity="1">
              <lines>
                <line number="12" hits="0" branch="false" />
                <line number="13" hits="0" branch="false" />
                <line number="14" hits="0" branch="false" />
              </lines>
            </method>
            <method name="Send" signature="(...)" line-rate="1" branch-rate="1" complexity="4">
              <lines>
                <line number="17" hits="1" branch="false" />
                <line number="18" hits="1" branch="false" />
                <line number="19" hits="1" branch="false" />
                <line number="20" hits="1" branch="false" />
                <line number="21" hits="1" branch="false" />
                <line number="23" hits="1" branch="false" />
                <line number="24" hits="1" branch="false" />
                <line number="26" hits="5" branch="true" condition-coverage="100% (2/2)" />
                <line number="27" hits="1" branch="false" />
                <line number="28" hits="1" branch="true" condition-coverage="100% (2/2)" />
                <line number="29" hits="1" branch="false" />
                <line number="30" hits="1" branch="false" />
                <line number="31" hits="1" branch="false" />
                <line number="32" hits="1" branch="false" />
                <line number="34" hits="1" branch="false" />
                <line number="35" hits="1" branch="false" />
              </lines>
            </method>
            <method name="setBody" signature="(...)" line-rate="0.875" branch-rate="0.5" complexity="8">
              <lines>
                <line number="38" hits="1" branch="false" />
                <line number="39" hits="1" branch="true" condition-coverage="50% (4/8)" />
                <line number="40" hits="1" branch="false" />
                <line number="41" hits="1" branch="false" />
                <line number="42" hits="1" branch="false" />
                <line number="43" hits="0" branch="false" />
                <line number="45" hits="1" branch="false" />
                <line number="46" hits="1" branch="false" />
              </lines>
            </method>
            <method name="getRestResharpMethod" signature="(...)" line-rate="1" branch-rate="1" complexity="1">
              <lines>
                <line number="49" hits="1" branch="false" />
                <line number="50" hits="1" branch="false" />
                <line number="51" hits="1" branch="false" />
              </lines>
            </method>
          </methods>
          <lines>
            <line number="12" hits="0" branch="false" />
            <line number="13" hits="0" branch="false" />
            <line number="14" hits="0" branch="false" />
            <line number="17" hits="1" branch="false" />
            <line number="18" hits="1" branch="false" />
            <line number="19" hits="1" branch="false" />
            <line number="20" hits="1" branch="false" />
            <line number="21" hits="1" branch="false" />
            <line number="23" hits="1" branch="false" />
            <line number="24" hits="1" branch="false" />
            <line number="26" hits="5" branch="true" condition-coverage="100% (2/2)" />
            <line number="27" hits="1" branch="false" />
            <line number="28" hits="1" branch="true" condition-coverage="100% (2/2)" />
            <line number="29" hits="1" branch="false" />
            <line number="30" hits="1" branch="false" />
            <line number="31" hits="1" branch="false" />
            <line number="32" hits="1" branch="false" />
            <line number="34" hits="1" branch="false" />
            <line number="35" hits="1" branch="false" />
            <line number="38" hits="1" branch="false" />
            <line number="39" hits="1" branch="true" condition-coverage="50% (4/8)" />
            <line number="40" hits="1" branch="false" />
            <line number="41" hits="1" branch="false" />
            <line number="42" hits="1" branch="false" />
            <line number="43" hits="0" branch="false" />
            <line number="45" hits="1" branch="false" />
            <line number="46" hits="1" branch="false" />
            <line number="49" hits="1" branch="false" />
            <line number="50" hits="1" branch="false" />
            <line number="51" hits="1" branch="false" />
          </lines>
        </class>
        <class name="OrbitLibrary.Common.JsonRequestBodySerializer" filename="C:\Users\luisf\Desktop\Repositori B1 Dev\OrbitService\OrbitService\src\OrbitLibrary\Infrastructure\Handlers\JsonRequestBodySerializer.cs" line-rate="1" branch-rate="1" complexity="5">
          <methods>
            <method name="get_RemoveNullFields" signature="()" line-rate="1" branch-rate="1" complexity="1">
              <lines>
                <line number="11" hits="38" branch="false" />
              </lines>
            </method>
            <method name="Execute" signature="(...)" line-rate="1" branch-rate="1" complexity="1">
              <lines>
                <line number="18" hits="12" branch="false" />
                <line number="19" hits="12" branch="false" />
                <line number="20" hits="12" branch="false" />
                <line number="21" hits="12" branch="false" />
                <line number="22" hits="12" branch="false" />
              </lines>
            </method>
            <method name="getSerializeSettings" signature="()" line-rate="1" branch-rate="1" complexity="2">
              <lines>
                <line number="25" hits="12" branch="false" />
                <line number="26" hits="12" branch="true" condition-coverage="100% (2/2)" />
                <line number="27" hits="12" branch="false" />
                <line number="28" hits="12" branch="false" />
                <line number="29" hits="12" branch="false" />
              </lines>
            </method>
            <method name=".ctor" signature="(...)" line-rate="1" branch-rate="1" complexity="1">
              <lines>
                <line number="13" hits="13" branch="false" />
                <line number="14" hits="13" branch="false" />
                <line number="15" hits="13" branch="false" />
                <line number="16" hits="13" branch="false" />
              </lines>
            </method>
          </methods>
          <lines>
            <line number="11" hits="38" branch="false" />
            <line number="13" hits="13" branch="false" />
            <line number="14" hits="13" branch="false" />
            <line number="15" hits="13" branch="false" />
            <line number="16" hits="13" branch="false" />
            <line number="18" hits="12" branch="false" />
            <line number="19" hits="12" branch="false" />
            <line number="20" hits="12" branch="false" />
            <line number="21" hits="12" branch="false" />
            <line number="22" hits="12" branch="false" />
            <line number="25" hits="12" branch="false" />
            <line number="26" hits="12" branch="true" condition-coverage="100% (2/2)" />
            <line number="27" hits="12" branch="false" />
            <line number="28" hits="12" branch="false" />
            <line number="29" hits="12" branch="false" />
          </lines>
        </class>
        <class name="OrbitLibrary.Common.JsonResponseBodyDeserializer" filename="C:\Users\luisf\Desktop\Repositori B1 Dev\OrbitService\OrbitService\src\OrbitLibrary\Infrastructure\Handlers\JsonResponseBodyDeserializer.cs" line-rate="1" branch-rate="1" complexity="1">
          <methods>
            <method name="Execute" signature="(...)" line-rate="1" branch-rate="1" complexity="1">
              <lines>
                <line number="12" hits="8" branch="false" />
                <line number="13" hits="8" branch="false" />
                <line number="14" hits="8" branch="false" />
              </lines>
            </method>
          </methods>
          <lines>
            <line number="12" hits="8" branch="false" />
            <line number="13" hits="8" branch="false" />
            <line number="14" hits="8" branch="false" />
          </lines>
        </class>
        <class name="OrbitLibrary.Common.OperationRequest" filename="C:\Users\luisf\Desktop\Repositori B1 Dev\OrbitService\OrbitService\src\OrbitLibrary\Common\Domain\OperationRequest.cs" line-rate="1" branch-rate="1" complexity="6">
          <methods>
            <method name="get_Uri" signature="()" line-rate="1" branch-rate="1" complexity="1">
              <lines>
                <line number="20" hits="49" branch="false" />
              </lines>
            </method>
            <method name="get_Method" signature="()" line-rate="1" branch-rate="1" complexity="1">
              <lines>
                <line number="21" hits="144" branch="false" />
              </lines>
            </method>
            <method name="get_Headers" signature="()" line-rate="1" branch-rate="1" complexity="1">
              <lines>
                <line number="24" hits="76" branch="false" />
              </lines>
            </method>
            <method name="get_Body" signature="()" line-rate="1" branch-rate="1" complexity="1">
              <lines>
                <line number="25" hits="24" branch="false" />
              </lines>
            </method>
            <method name="PutBody" signature="(...)" line-rate="1" branch-rate="1" complexity="1">
              <lines>
                <line number="35" hits="15" branch="false" />
                <line number="36" hits="15" branch="false" />
                <line number="37" hits="15" branch="false" />
              </lines>
            </method>
            <method name=".ctor" signature="(...)" line-rate="1" branch-rate="1" complexity="1">
              <lines>
                <line number="27" hits="41" branch="false" />
                <line number="28" hits="41" branch="false" />
                <line number="29" hits="41" branch="false" />
                <line number="30" hits="41" branch="false" />
                <line number="31" hits="41" branch="false" />
                <line number="32" hits="41" branch="false" />
              </lines>
            </method>
          </methods>
          <lines>
            <line number="20" hits="49" branch="false" />
            <line number="21" hits="144" branch="false" />
            <line number="24" hits="76" branch="false" />
            <line number="25" hits="24" branch="false" />
            <line number="27" hits="41" branch="false" />
            <line number="28" hits="41" branch="false" />
            <line number="29" hits="41" branch="false" />
            <line number="30" hits="41" branch="false" />
            <line number="31" hits="41" branch="false" />
            <line number="32" hits="41" branch="false" />
            <line number="35" hits="15" branch="false" />
            <line number="36" hits="15" branch="false" />
            <line number="37" hits="15" branch="false" />
          </lines>
        </class>
        <class name="OrbitLibrary.Common.OperationRequestBuilder" filename="C:\Users\luisf\Desktop\Repositori B1 Dev\OrbitService\OrbitService\src\OrbitLibrary\Application\Builders\OperationRequestBuilder.cs" line-rate="0.992" branch-rate="1" complexity="41">
          <methods>
            <method name="get_HTTPUtils" signature="()" line-rate="0" branch-rate="1" complexity="1">
              <lines>
                <line number="22" hits="0" branch="false" />
              </lines>
            </method>
            <method name="Build" signature="()" line-rate="1" branch-rate="1" complexity="1">
              <lines>
                <line number="33" hits="28" branch="false" />
                <line number="34" hits="28" branch="false" />
                <line number="35" hits="28" branch="false" />
                <line number="36" hits="28" branch="false" />
                <line number="37" hits="28" branch="false" />
                <line number="38" hits="28" branch="false" />
                <line number="39" hits="28" branch="false" />
                <line number="40" hits="28" branch="false" />
              </lines>
            </method>
            <method name="EndpointPath" signature="(...)" line-rate="1" branch-rate="1" complexity="1">
              <lines>
                <line number="43" hits="27" branch="false" />
                <line number="44" hits="27" branch="false" />
                <line number="45" hits="27" branch="false" />
                <line number="46" hits="27" branch="false" />
                <line number="47" hits="27" branch="false" />
              </lines>
            </method>
            <method name="setCredentials" signature="(...)" line-rate="1" branch-rate="1" complexity="4">
              <lines>
                <line number="50" hits="28" branch="false" />
                <line number="51" hits="28" branch="true" condition-coverage="100% (2/2)" />
                <line number="52" hits="22" branch="false" />
                <line number="53" hits="22" branch="false" />
                <line number="55" hits="6" branch="false" />
                <line number="56" hits="6" branch="true" condition-coverage="100% (2/2)" />
                <line number="57" hits="3" branch="false" />
                <line number="58" hits="3" branch="false" />
                <line number="60" hits="3" branch="false" />
                <line number="61" hits="3" branch="false" />
                <line number="62" hits="28" branch="false" />
              </lines>
            </method>
            <method name="setHeaders" signature="(...)" line-rate="1" branch-rate="1" complexity="2">
              <lines>
                <line number="65" hits="28" branch="false" />
                <line number="66" hits="88" branch="true" condition-coverage="100% (2/2)" />
                <line number="67" hits="2" branch="false" />
                <line number="68" hits="2" branch="false" />
                <line number="69" hits="2" branch="false" />
                <line number="70" hits="28" branch="false" />
              </lines>
            </method>
            <method name="setBody" signature="(...)" line-rate="1" branch-rate="1" complexity="12">
              <lines>
                <line number="73" hits="28" branch="false" />
                <line number="74" hits="28" branch="true" condition-coverage="100% (8/8)" />
                <line number="75" hits="28" branch="false" />
                <line number="76" hits="28" branch="false" />
                <line number="77" hits="28" branch="false" />
                <line number="78" hits="16" branch="false" />
                <line number="79" hits="16" branch="false" />
                <line number="82" hits="12" branch="true" condition-coverage="100% (2/2)" />
                <line number="83" hits="1" branch="false" />
                <line number="84" hits="1" branch="false" />
                <line number="87" hits="11" branch="true" condition-coverage="100% (2/2)" />
                <line number="88" hits="10" branch="false" />
                <line number="89" hits="10" branch="false" />
                <line number="90" hits="10" branch="false" />
                <line number="92" hits="1" branch="false" />
                <line number="93" hits="1" branch="false" />
                <line number="94" hits="1" branch="false" />
                <line number="95" hits="28" branch="false" />
              </lines>
            </method>
            <method name="generateFullURI" signature="(...)" line-rate="1" branch-rate="1" complexity="1">
              <lines>
                <line number="98" hits="28" branch="false" />
                <line number="99" hits="28" branch="false" />
                <line number="100" hits="28" branch="false" />
                <line number="101" hits="28" branch="false" />
                <line number="102" hits="28" branch="false" />
                <line number="103" hits="28" branch="false" />
              </lines>
            </method>
            <method name="mountQueryParams" signature="(...)" line-rate="1" branch-rate="1" complexity="6">
              <lines>
                <line number="106" hits="28" branch="false" />
                <line number="107" hits="28" branch="true" condition-coverage="100% (2/2)" />
                <line number="108" hits="26" branch="false" />
                <line number="109" hits="26" branch="false" />
                <line number="112" hits="2" branch="false" />
                <line number="113" hits="2" branch="false" />
                <line number="114" hits="2" branch="false" />
                <line number="115" hits="12" branch="true" condition-coverage="100% (2/2)" />
                <line number="116" hits="3" branch="false" />
                <line number="117" hits="3" branch="true" condition-coverage="100% (2/2)" />
                <line number="118" hits="3" branch="false" />
                <line number="119" hits="3" branch="false" />
                <line number="120" hits="3" branch="false" />
                <line number="121" hits="3" branch="false" />
                <line number="122" hits="3" branch="false" />
                <line number="124" hits="2" branch="false" />
                <line number="125" hits="28" branch="false" />
              </lines>
            </method>
            <method name="mountPathParams" signature="(...)" line-rate="1" branch-rate="1" complexity="4">
              <lines>
                <line number="128" hits="28" branch="false" />
                <line number="129" hits="28" branch="true" condition-coverage="100% (2/2)" />
                <line number="130" hits="26" branch="false" />
                <line number="131" hits="26" branch="false" />
                <line number="133" hits="2" branch="false" />
                <line number="134" hits="2" branch="false" />
                <line number="135" hits="2" branch="false" />
                <line number="136" hits="10" branch="true" condition-coverage="100% (2/2)" />
                <line number="137" hits="3" branch="false" />
                <line number="138" hits="3" branch="false" />
                <line number="139" hits="3" branch="false" />
                <line number="140" hits="3" branch="false" />
                <line number="141" hits="3" branch="false" />
                <line number="143" hits="2" branch="false" />
                <line number="144" hits="28" branch="false" />
              </lines>
            </method>
            <method name="Body" signature="(...)" line-rate="1" branch-rate="1" complexity="1">
              <lines>
                <line number="147" hits="12" branch="false" />
                <line number="148" hits="12" branch="false" />
                <line number="149" hits="12" branch="false" />
                <line number="150" hits="12" branch="false" />
              </lines>
            </method>
            <method name="Serializer" signature="(...)" line-rate="1" branch-rate="1" complexity="1">
              <lines>
                <line number="153" hits="10" branch="false" />
                <line number="154" hits="10" branch="false" />
                <line number="155" hits="10" branch="false" />
                <line number="156" hits="10" branch="false" />
              </lines>
            </method>
            <method name="AddHeader" signature="(...)" line-rate="1" branch-rate="1" complexity="1">
              <lines>
                <line number="159" hits="2" branch="false" />
                <line number="160" hits="2" branch="false" />
                <line number="161" hits="2" branch="false" />
                <line number="162" hits="2" branch="false" />
              </lines>
            </method>
            <method name="CredentialsProvider" signature="(...)" line-rate="1" branch-rate="1" complexity="1">
              <lines>
                <line number="165" hits="6" branch="false" />
                <line number="166" hits="6" branch="false" />
                <line number="167" hits="6" branch="false" />
                <line number="168" hits="6" branch="false" />
              </lines>
            </method>
            <method name="ForceNewAuthentication" signature="()" line-rate="1" branch-rate="1" complexity="1">
              <lines>
                <line number="171" hits="2" branch="false" />
                <line number="172" hits="2" branch="false" />
                <line number="173" hits="2" branch="false" />
                <line number="174" hits="2" branch="false" />
              </lines>
            </method>
            <method name="ShouldPutAuthentication" signature="()" line-rate="1" branch-rate="1" complexity="1">
              <lines>
                <line number="177" hits="43" branch="false" />
                <line number="178" hits="43" branch="false" />
                <line number="179" hits="43" branch="false" />
              </lines>
            </method>
            <method name="SetPathParam" signature="(...)" line-rate="1" branch-rate="1" complexity="1">
              <lines>
                <line number="182" hits="3" branch="false" />
                <line number="183" hits="3" branch="false" />
                <line number="184" hits="3" branch="false" />
                <line number="185" hits="3" branch="false" />
              </lines>
            </method>
            <method name="AddQueryParam" signature="(...)" line-rate="1" branch-rate="1" complexity="1">
              <lines>
                <line number="188" hits="3" branch="false" />
                <line number="189" hits="3" branch="false" />
                <line number="190" hits="3" branch="false" />
                <line number="191" hits="3" branch="false" />
              </lines>
            </method>
            <method name=".ctor" signature="(...)" line-rate="1" branch-rate="1" complexity="1">
              <lines>
                <line number="24" hits="30" branch="false" />
                <line number="25" hits="30" branch="false" />
                <line number="26" hits="30" branch="false" />
                <line number="27" hits="30" branch="false" />
                <line number="28" hits="30" branch="false" />
                <line number="29" hits="30" branch="false" />
                <line number="30" hits="30" branch="false" />
              </lines>
            </method>
          </methods>
          <lines>
            <line number="22" hits="0" branch="false" />
            <line number="24" hits="30" branch="false" />
            <line number="25" hits="30" branch="false" />
            <line number="26" hits="30" branch="false" />
            <line number="27" hits="30" branch="false" />
            <line number="28" hits="30" branch="false" />
            <line number="29" hits="30" branch="false" />
            <line number="30" hits="30" branch="false" />
            <line number="33" hits="28" branch="false" />
            <line number="34" hits="28" branch="false" />
            <line number="35" hits="28" branch="false" />
            <line number="36" hits="28" branch="false" />
            <line number="37" hits="28" branch="false" />
            <line number="38" hits="28" branch="false" />
            <line number="39" hits="28" branch="false" />
            <line number="40" hits="28" branch="false" />
            <line number="43" hits="27" branch="false" />
            <line number="44" hits="27" branch="false" />
            <line number="45" hits="27" branch="false" />
            <line number="46" hits="27" branch="false" />
            <line number="47" hits="27" branch="false" />
            <line number="50" hits="28" branch="false" />
            <line number="51" hits="28" branch="true" condition-coverage="100% (2/2)" />
            <line number="52" hits="22" branch="false" />
            <line number="53" hits="22" branch="false" />
            <line number="55" hits="6" branch="false" />
            <line number="56" hits="6" branch="true" condition-coverage="100% (2/2)" />
            <line number="57" hits="3" branch="false" />
            <line number="58" hits="3" branch="false" />
            <line number="60" hits="3" branch="false" />
            <line number="61" hits="3" branch="false" />
            <line number="62" hits="28" branch="false" />
            <line number="65" hits="28" branch="false" />
            <line number="66" hits="88" branch="true" condition-coverage="100% (2/2)" />
            <line number="67" hits="2" branch="false" />
            <line number="68" hits="2" branch="false" />
            <line number="69" hits="2" branch="false" />
            <line number="70" hits="28" branch="false" />
            <line number="73" hits="28" branch="false" />
            <line number="74" hits="28" branch="true" condition-coverage="100% (8/8)" />
            <line number="75" hits="28" branch="false" />
            <line number="76" hits="28" branch="false" />
            <line number="77" hits="28" branch="false" />
            <line number="78" hits="16" branch="false" />
            <line number="79" hits="16" branch="false" />
            <line number="82" hits="12" branch="true" condition-coverage="100% (2/2)" />
            <line number="83" hits="1" branch="false" />
            <line number="84" hits="1" branch="false" />
            <line number="87" hits="11" branch="true" condition-coverage="100% (2/2)" />
            <line number="88" hits="10" branch="false" />
            <line number="89" hits="10" branch="false" />
            <line number="90" hits="10" branch="false" />
            <line number="92" hits="1" branch="false" />
            <line number="93" hits="1" branch="false" />
            <line number="94" hits="1" branch="false" />
            <line number="95" hits="28" branch="false" />
            <line number="98" hits="28" branch="false" />
            <line number="99" hits="28" branch="false" />
            <line number="100" hits="28" branch="false" />
            <line number="101" hits="28" branch="false" />
            <line number="102" hits="28" branch="false" />
            <line number="103" hits="28" branch="false" />
            <line number="106" hits="28" branch="false" />
            <line number="107" hits="28" branch="true" condition-coverage="100% (2/2)" />
            <line number="108" hits="26" branch="false" />
            <line number="109" hits="26" branch="false" />
            <line number="112" hits="2" branch="false" />
            <line number="113" hits="2" branch="false" />
            <line number="114" hits="2" branch="false" />
            <line number="115" hits="12" branch="true" condition-coverage="100% (2/2)" />
            <line number="116" hits="3" branch="false" />
            <line number="117" hits="3" branch="true" condition-coverage="100% (2/2)" />
            <line number="118" hits="3" branch="false" />
            <line number="119" hits="3" branch="false" />
            <line number="120" hits="3" branch="false" />
            <line number="121" hits="3" branch="false" />
            <line number="122" hits="3" branch="false" />
            <line number="124" hits="2" branch="false" />
            <line number="125" hits="28" branch="false" />
            <line number="128" hits="28" branch="false" />
            <line number="129" hits="28" branch="true" condition-coverage="100% (2/2)" />
            <line number="130" hits="26" branch="false" />
            <line number="131" hits="26" branch="false" />
            <line number="133" hits="2" branch="false" />
            <line number="134" hits="2" branch="false" />
            <line number="135" hits="2" branch="false" />
            <line number="136" hits="10" branch="true" condition-coverage="100% (2/2)" />
            <line number="137" hits="3" branch="false" />
            <line number="138" hits="3" branch="false" />
            <line number="139" hits="3" branch="false" />
            <line number="140" hits="3" branch="false" />
            <line number="141" hits="3" branch="false" />
            <line number="143" hits="2" branch="false" />
            <line number="144" hits="28" branch="false" />
            <line number="147" hits="12" branch="false" />
            <line number="148" hits="12" branch="false" />
            <line number="149" hits="12" branch="false" />
            <line number="150" hits="12" branch="false" />
            <line number="153" hits="10" branch="false" />
            <line number="154" hits="10" branch="false" />
            <line number="155" hits="10" branch="false" />
            <line number="156" hits="10" branch="false" />
            <line number="159" hits="2" branch="false" />
            <line number="160" hits="2" branch="false" />
            <line number="161" hits="2" branch="false" />
            <line number="162" hits="2" branch="false" />
            <line number="165" hits="6" branch="false" />
            <line number="166" hits="6" branch="false" />
            <line number="167" hits="6" branch="false" />
            <line number="168" hits="6" branch="false" />
            <line number="171" hits="2" branch="false" />
            <line number="172" hits="2" branch="false" />
            <line number="173" hits="2" branch="false" />
            <line number="174" hits="2" branch="false" />
            <line number="177" hits="43" branch="false" />
            <line number="178" hits="43" branch="false" />
            <line number="179" hits="43" branch="false" />
            <line number="182" hits="3" branch="false" />
            <line number="183" hits="3" branch="false" />
            <line number="184" hits="3" branch="false" />
            <line number="185" hits="3" branch="false" />
            <line number="188" hits="3" branch="false" />
            <line number="189" hits="3" branch="false" />
            <line number="190" hits="3" branch="false" />
            <line number="191" hits="3" branch="false" />
          </lines>
        </class>
        <class name="OrbitLibrary.Common.OperationResponse`2" filename="C:\Users\luisf\Desktop\Repositori B1 Dev\OrbitService\OrbitService\src\OrbitLibrary\Common\Domain\OperationResponse.cs" line-rate="1" branch-rate="1" complexity="15">
          <methods>
            <method name="get_Request" signature="()" line-rate="1" branch-rate="1" complexity="1">
              <lines>
                <line number="10" hits="28" branch="false" />
              </lines>
            </method>
            <method name="get_ResponseUri" signature="()" line-rate="1" branch-rate="1" complexity="1">
              <lines>
                <line number="11" hits="28" branch="false" />
              </lines>
            </method>
            <method name="get_StatusCode" signature="()" line-rate="1" branch-rate="1" complexity="1">
              <lines>
                <line number="12" hits="53" branch="false" />
              </lines>
            </method>
            <method name="get_StatusDescription" signature="()" line-rate="1" branch-rate="1" complexity="1">
              <lines>
                <line number="13" hits="1" branch="false" />
              </lines>
            </method>
            <method name="get_Headers" signature="()" line-rate="1" branch-rate="1" complexity="1">
              <lines>
                <line number="14" hits="35" branch="false" />
              </lines>
            </method>
            <method name="get_Content" signature="()" line-rate="1" branch-rate="1" complexity="1">
              <lines>
                <line number="15" hits="37" branch="false" />
              </lines>
            </method>
            <method name="get_ContentType" signature="()" line-rate="1" branch-rate="1" complexity="2">
              <lines>
                <line number="18" hits="2" branch="false" />
                <line number="19" hits="2" branch="true" condition-coverage="100% (2/2)" />
                <line number="20" hits="2" branch="false" />
              </lines>
            </method>
            <method name="get_DeserializerHandle" signature="()" line-rate="1" branch-rate="1" complexity="1">
              <lines>
                <line number="22" hits="35" branch="false" />
              </lines>
            </method>
            <method name="get_isSuccessful" signature="()" line-rate="1" branch-rate="1" complexity="2">
              <lines>
                <line number="25" hits="12" branch="false" />
                <line number="26" hits="12" branch="true" condition-coverage="100% (2/2)" />
                <line number="27" hits="12" branch="false" />
              </lines>
            </method>
            <method name="Deserialize" signature="()" line-rate="1" branch-rate="1" complexity="1">
              <lines>
                <line number="41" hits="1" branch="false" />
                <line number="42" hits="1" branch="false" />
                <line number="43" hits="1" branch="false" />
              </lines>
            </method>
            <method name="GetErrorResponse" signature="()" line-rate="1" branch-rate="1" complexity="1">
              <lines>
                <line number="46" hits="1" branch="false" />
                <line number="47" hits="1" branch="false" />
                <line number="48" hits="1" branch="false" />
              </lines>
            </method>
            <method name="GetSuccessResponse" signature="()" line-rate="1" branch-rate="1" complexity="1">
              <lines>
                <line number="51" hits="8" branch="false" />
                <line number="52" hits="8" branch="false" />
                <line number="53" hits="8" branch="false" />
              </lines>
            </method>
            <method name=".ctor" signature="(...)" line-rate="1" branch-rate="1" complexity="1">
              <lines>
                <line number="30" hits="27" branch="false" />
                <line number="31" hits="27" branch="false" />
                <line number="32" hits="27" branch="false" />
                <line number="33" hits="27" branch="false" />
                <line number="34" hits="27" branch="false" />
                <line number="35" hits="27" branch="false" />
                <line number="36" hits="27" branch="false" />
                <line number="37" hits="27" branch="false" />
                <line number="38" hits="27" branch="false" />
              </lines>
            </method>
          </methods>
          <lines>
            <line number="10" hits="28" branch="false" />
            <line number="11" hits="28" branch="false" />
            <line number="12" hits="53" branch="false" />
            <line number="13" hits="1" branch="false" />
            <line number="14" hits="35" branch="false" />
            <line number="15" hits="37" branch="false" />
            <line number="18" hits="2" branch="false" />
            <line number="19" hits="2" branch="true" condition-coverage="100% (2/2)" />
            <line number="20" hits="2" branch="false" />
            <line number="22" hits="35" branch="false" />
            <line number="25" hits="12" branch="false" />
            <line number="26" hits="12" branch="true" condition-coverage="100% (2/2)" />
            <line number="27" hits="12" branch="false" />
            <line number="30" hits="27" branch="false" />
            <line number="31" hits="27" branch="false" />
            <line number="32" hits="27" branch="false" />
            <line number="33" hits="27" branch="false" />
            <line number="34" hits="27" branch="false" />
            <line number="35" hits="27" branch="false" />
            <line number="36" hits="27" branch="false" />
            <line number="37" hits="27" branch="false" />
            <line number="38" hits="27" branch="false" />
            <line number="41" hits="1" branch="false" />
            <line number="42" hits="1" branch="false" />
            <line number="43" hits="1" branch="false" />
            <line number="46" hits="1" branch="false" />
            <line number="47" hits="1" branch="false" />
            <line number="48" hits="1" branch="false" />
            <line number="51" hits="8" branch="false" />
            <line number="52" hits="8" branch="false" />
            <line number="53" hits="8" branch="false" />
          </lines>
        </class>
        <class name="OrbitLibrary.Common.OrbitCredentialProvider" filename="C:\Users\luisf\Desktop\Repositori B1 Dev\OrbitService\OrbitService\src\OrbitLibrary\Infrastructure\Providers\OrbitCrendentialProvider.cs" line-rate="0.975" branch-rate="0.888888888888889" complexity="20">
          <methods>
            <method name="get_Client" signature="()" line-rate="1" branch-rate="1" complexity="1">
              <lines>
                <line number="11" hits="8" branch="false" />
              </lines>
            </method>
            <method name="ResolveCredentials" signature="(...)" line-rate="0.888888888888889" branch-rate="0.666666666666667" complexity="6">
              <lines>
                <line number="22" hits="9" branch="false" />
                <line number="23" hits="9" branch="true" condition-coverage="100% (2/2)" />
                <line number="24" hits="1" branch="false" />
                <line number="25" hits="1" branch="true" condition-coverage="50% (2/4)" />
                <line number="26" hits="1" branch="false" />
                <line number="27" hits="1" branch="false" />
                <line number="29" hits="0" branch="false" />
                <line number="31" hits="8" branch="false" />
                <line number="32" hits="9" branch="false" />
              </lines>
            </method>
            <method name="generateNewSessionCredentials" signature="()" line-rate="1" branch-rate="1" complexity="10">
              <lines>
                <line number="35" hits="8" branch="false" />
                <line number="36" hits="8" branch="false" />
                <line number="37" hits="8" branch="false" />
                <line number="38" hits="8" branch="false" />
                <line number="40" hits="8" branch="true" condition-coverage="100% (2/2)" />
                <line number="41" hits="1" branch="false" />
                <line number="42" hits="1" branch="false" />
                <line number="45" hits="7" branch="false" />
                <line number="47" hits="7" branch="true" condition-coverage="100% (2/2)" />
                <line number="48" hits="1" branch="false" />
                <line number="49" hits="1" branch="false" />
                <line number="52" hits="6" branch="true" condition-coverage="100% (2/2)" />
                <line number="53" hits="5" branch="false" />
                <line number="54" hits="5" branch="false" />
                <line number="55" hits="5" branch="false" />
                <line number="56" hits="5" branch="false" />
                <line number="57" hits="14" branch="false" />
                <line number="59" hits="5" branch="true" condition-coverage="100% (2/2)" />
                <line number="60" hits="5" branch="false" />
                <line number="62" hits="6" branch="true" condition-coverage="100% (2/2)" />
                <line number="63" hits="8" branch="false" />
              </lines>
            </method>
            <method name="updateLastSessionCredentials" signature="(...)" line-rate="1" branch-rate="1" complexity="2">
              <lines>
                <line number="66" hits="8" branch="false" />
                <line number="67" hits="8" branch="true" condition-coverage="100% (2/2)" />
                <line number="68" hits="8" branch="false" />
                <line number="69" hits="8" branch="false" />
              </lines>
            </method>
            <method name=".ctor" signature="(...)" line-rate="1" branch-rate="1" complexity="1">
              <lines>
                <line number="15" hits="10" branch="false" />
                <line number="16" hits="10" branch="false" />
                <line number="17" hits="10" branch="false" />
                <line number="18" hits="10" branch="false" />
                <line number="19" hits="10" branch="false" />
              </lines>
            </method>
          </methods>
          <lines>
            <line number="11" hits="8" branch="false" />
            <line number="15" hits="10" branch="false" />
            <line number="16" hits="10" branch="false" />
            <line number="17" hits="10" branch="false" />
            <line number="18" hits="10" branch="false" />
            <line number="19" hits="10" branch="false" />
            <line number="22" hits="9" branch="false" />
            <line number="23" hits="9" branch="true" condition-coverage="100% (2/2)" />
            <line number="24" hits="1" branch="false" />
            <line number="25" hits="1" branch="true" condition-coverage="50% (2/4)" />
            <line number="26" hits="1" branch="false" />
            <line number="27" hits="1" branch="false" />
            <line number="29" hits="0" branch="false" />
            <line number="31" hits="8" branch="false" />
            <line number="32" hits="9" branch="false" />
            <line number="35" hits="8" branch="false" />
            <line number="36" hits="8" branch="false" />
            <line number="37" hits="8" branch="false" />
            <line number="38" hits="8" branch="false" />
            <line number="40" hits="8" branch="true" condition-coverage="100% (2/2)" />
            <line number="41" hits="1" branch="false" />
            <line number="42" hits="1" branch="false" />
            <line number="45" hits="7" branch="false" />
            <line number="47" hits="7" branch="true" condition-coverage="100% (2/2)" />
            <line number="48" hits="1" branch="false" />
            <line number="49" hits="1" branch="false" />
            <line number="52" hits="6" branch="true" condition-coverage="100% (2/2)" />
            <line number="53" hits="5" branch="false" />
            <line number="54" hits="5" branch="false" />
            <line number="55" hits="5" branch="false" />
            <line number="56" hits="5" branch="false" />
            <line number="57" hits="14" branch="false" />
            <line number="59" hits="5" branch="true" condition-coverage="100% (2/2)" />
            <line number="60" hits="5" branch="false" />
            <line number="62" hits="6" branch="true" condition-coverage="100% (2/2)" />
            <line number="63" hits="8" branch="false" />
            <line number="66" hits="8" branch="false" />
            <line number="67" hits="8" branch="true" condition-coverage="100% (2/2)" />
            <line number="68" hits="8" branch="false" />
            <line number="69" hits="8" branch="false" />
          </lines>
        </class>
        <class name="OrbitLibrary.Common.ServiceConfiguration" filename="C:\Users\luisf\Desktop\Repositori B1 Dev\OrbitService\OrbitService\src\OrbitLibrary\Common\Domain\ServiceConfiguration.cs" line-rate="1" branch-rate="0.5" complexity="7">
          <methods>
            <method name="get_Username" signature="()" line-rate="1" branch-rate="1" complexity="1">
              <lines>
                <line number="10" hits="48" branch="false" />
              </lines>
            </method>
            <method name="get_Password" signature="()" line-rate="1" branch-rate="1" complexity="1">
              <lines>
                <line number="11" hits="48" branch="false" />
              </lines>
            </method>
            <method name="get_TenantID" signature="()" line-rate="1" branch-rate="1" complexity="1">
              <lines>
                <line number="12" hits="50" branch="false" />
              </lines>
            </method>
            <method name="get_CredentialsProvider" signature="()" line-rate="1" branch-rate="1" complexity="1">
              <lines>
                <line number="14" hits="33" branch="false" />
              </lines>
            </method>
            <method name="GetBaseURI" signature="()" line-rate="1" branch-rate="0.5" complexity="2">
              <lines>
                <line number="26" hits="33" branch="false" />
                <line number="27" hits="33" branch="true" condition-coverage="50% (1/2)" />
                <line number="28" hits="33" branch="false" />
              </lines>
            </method>
            <method name=".ctor" signature="(...)" line-rate="1" branch-rate="1" complexity="1">
              <lines>
                <line number="16" hits="35" branch="false" />
                <line number="17" hits="35" branch="false" />
                <line number="19" hits="35" branch="false" />
                <line number="20" hits="35" branch="false" />
                <line number="21" hits="35" branch="false" />
                <line number="22" hits="35" branch="false" />
                <line number="23" hits="35" branch="false" />
              </lines>
            </method>
          </methods>
          <lines>
            <line number="10" hits="48" branch="false" />
            <line number="11" hits="48" branch="false" />
            <line number="12" hits="50" branch="false" />
            <line number="14" hits="33" branch="false" />
            <line number="16" hits="35" branch="false" />
            <line number="17" hits="35" branch="false" />
            <line number="19" hits="35" branch="false" />
            <line number="20" hits="35" branch="false" />
            <line number="21" hits="35" branch="false" />
            <line number="22" hits="35" branch="false" />
            <line number="23" hits="35" branch="false" />
            <line number="26" hits="33" branch="false" />
            <line number="27" hits="33" branch="true" condition-coverage="50% (1/2)" />
            <line number="28" hits="33" branch="false" />
          </lines>
        </class>
        <class name="OrbitLibrary.Common.SessionCredentials" filename="C:\Users\luisf\Desktop\Repositori B1 Dev\OrbitService\OrbitService\src\OrbitLibrary\Common\Domain\SessionCredentials.cs" line-rate="1" branch-rate="1" complexity="8">
          <methods>
            <method name="get_Token" signature="()" line-rate="1" branch-rate="1" complexity="1">
              <lines>
                <line number="7" hits="35" branch="false" />
              </lines>
            </method>
            <method name="get_xApiKey" signature="()" line-rate="1" branch-rate="1" complexity="1">
              <lines>
                <line number="8" hits="28" branch="false" />
              </lines>
            </method>
            <method name="IsValid" signature="()" line-rate="1" branch-rate="1" complexity="4">
              <lines>
                <line number="22" hits="18" branch="false" />
                <line number="23" hits="18" branch="true" condition-coverage="100% (4/4)" />
                <line number="24" hits="9" branch="false" />
                <line number="25" hits="9" branch="false" />
                <line number="27" hits="9" branch="false" />
                <line number="28" hits="18" branch="false" />
              </lines>
            </method>
            <method name=".ctor" signature="()" line-rate="1" branch-rate="1" complexity="1">
              <lines>
                <line number="10" hits="5" branch="false" />
                <line number="11" hits="5" branch="false" />
                <line number="13" hits="5" branch="false" />
              </lines>
            </method>
            <method name=".ctor" signature="(...)" line-rate="1" branch-rate="1" complexity="1">
              <lines>
                <line number="15" hits="8" branch="false" />
                <line number="16" hits="8" branch="false" />
                <line number="17" hits="8" branch="false" />
                <line number="18" hits="8" branch="false" />
                <line number="19" hits="8" branch="false" />
              </lines>
            </method>
          </methods>
          <lines>
            <line number="7" hits="35" branch="false" />
            <line number="8" hits="28" branch="false" />
            <line number="10" hits="5" branch="false" />
            <line number="11" hits="5" branch="false" />
            <line number="13" hits="5" branch="false" />
            <line number="15" hits="8" branch="false" />
            <line number="16" hits="8" branch="false" />
            <line number="17" hits="8" branch="false" />
            <line number="18" hits="8" branch="false" />
            <line number="19" hits="8" branch="false" />
            <line number="22" hits="18" branch="false" />
            <line number="23" hits="18" branch="true" condition-coverage="100% (4/4)" />
            <line number="24" hits="9" branch="false" />
            <line number="25" hits="9" branch="false" />
            <line number="27" hits="9" branch="false" />
            <line number="28" hits="18" branch="false" />
          </lines>
        </class>
        <class name="OrbitLibrary.Crypto.CryptoBase64" filename="C:\Users\luisf\Desktop\Repositori B1 Dev\OrbitService\OrbitService\src\OrbitLibrary\Crypto\CryptoBase64.cs" line-rate="1" branch-rate="1" complexity="2">
          <methods>
            <method name="Decrypt" signature="(...)" line-rate="1" branch-rate="1" complexity="1">
              <lines>
                <line number="12" hits="2" branch="false" />
                <line number="13" hits="2" branch="false" />
                <line number="14" hits="2" branch="false" />
                <line number="15" hits="2" branch="false" />
                <line number="16" hits="2" branch="false" />
                <line number="17" hits="2" branch="false" />
                <line number="18" hits="2" branch="false" />
                <line number="19" hits="2" branch="false" />
                <line number="20" hits="2" branch="false" />
                <line number="21" hits="2" branch="false" />
                <line number="22" hits="2" branch="false" />
                <line number="23" hits="2" branch="false" />
                <line number="24" hits="2" branch="false" />
                <line number="25" hits="2" branch="false" />
                <line number="26" hits="2" branch="false" />
                <line number="27" hits="2" branch="false" />
                <line number="28" hits="2" branch="false" />
                <line number="29" hits="2" branch="false" />
                <line number="30" hits="2" branch="false" />
                <line number="31" hits="2" branch="false" />
                <line number="32" hits="2" branch="false" />
              </lines>
            </method>
            <method name="Encrypt" signature="(...)" line-rate="1" branch-rate="1" complexity="1">
              <lines>
                <line number="35" hits="1" branch="false" />
                <line number="36" hits="1" branch="false" />
                <line number="37" hits="1" branch="false" />
                <line number="38" hits="1" branch="false" />
                <line number="39" hits="1" branch="false" />
                <line number="40" hits="1" branch="false" />
                <line number="41" hits="1" branch="false" />
                <line number="42" hits="1" branch="false" />
                <line number="43" hits="1" branch="false" />
                <line number="44" hits="1" branch="false" />
                <line number="45" hits="1" branch="false" />
                <line number="46" hits="1" branch="false" />
                <line number="47" hits="1" branch="false" />
                <line number="48" hits="1" branch="false" />
                <line number="49" hits="1" branch="false" />
                <line number="50" hits="1" branch="false" />
                <line number="51" hits="1" branch="false" />
                <line number="52" hits="1" branch="false" />
                <line number="53" hits="1" branch="false" />
                <line number="54" hits="1" branch="false" />
              </lines>
            </method>
          </methods>
          <lines>
            <line number="12" hits="2" branch="false" />
            <line number="13" hits="2" branch="false" />
            <line number="14" hits="2" branch="false" />
            <line number="15" hits="2" branch="false" />
            <line number="16" hits="2" branch="false" />
            <line number="17" hits="2" branch="false" />
            <line number="18" hits="2" branch="false" />
            <line number="19" hits="2" branch="false" />
            <line number="20" hits="2" branch="false" />
            <line number="21" hits="2" branch="false" />
            <line number="22" hits="2" branch="false" />
            <line number="23" hits="2" branch="false" />
            <line number="24" hits="2" branch="false" />
            <line number="25" hits="2" branch="false" />
            <line number="26" hits="2" branch="false" />
            <line number="27" hits="2" branch="false" />
            <line number="28" hits="2" branch="false" />
            <line number="29" hits="2" branch="false" />
            <line number="30" hits="2" branch="false" />
            <line number="31" hits="2" branch="false" />
            <line number="32" hits="2" branch="false" />
            <line number="35" hits="1" branch="false" />
            <line number="36" hits="1" branch="false" />
            <line number="37" hits="1" branch="false" />
            <line number="38" hits="1" branch="false" />
            <line number="39" hits="1" branch="false" />
            <line number="40" hits="1" branch="false" />
            <line number="41" hits="1" branch="false" />
            <line number="42" hits="1" branch="false" />
            <line number="43" hits="1" branch="false" />
            <line number="44" hits="1" branch="false" />
            <line number="45" hits="1" branch="false" />
            <line number="46" hits="1" branch="false" />
            <line number="47" hits="1" branch="false" />
            <line number="48" hits="1" branch="false" />
            <line number="49" hits="1" branch="false" />
            <line number="50" hits="1" branch="false" />
            <line number="51" hits="1" branch="false" />
            <line number="52" hits="1" branch="false" />
            <line number="53" hits="1" branch="false" />
            <line number="54" hits="1" branch="false" />
          </lines>
        </class>
        <class name="OrbitLibrary.Data.DbWrapper" filename="C:\Users\luisf\Desktop\Repositori B1 Dev\OrbitService\OrbitService\src\OrbitLibrary\Data\DbWrapper.cs" line-rate="0.946428571428571" branch-rate="1" complexity="8">
          <methods>
            <method name="CanDbConnect" signature="()" line-rate="1" branch-rate="1" complexity="1">
              <lines>
                <line number="17" hits="2" branch="false" />
                <line number="18" hits="2" branch="false" />
                <line number="20" hits="2" branch="false" />
                <line number="21" hits="2" branch="false" />
                <line number="22" hits="1" branch="false" />
                <line number="23" hits="1" branch="false" />
                <line number="25" hits="1" branch="false" />
                <line number="26" hits="1" branch="false" />
                <line number="27" hits="1" branch="false" />
                <line number="29" hits="2" branch="false" />
              </lines>
            </method>
            <method name="ExecuteNonQuery" signature="(...)" line-rate="1" branch-rate="1" complexity="1">
              <lines>
                <line number="32" hits="1" branch="false" />
                <line number="33" hits="1" branch="false" />
                <line number="34" hits="1" branch="false" />
                <line number="35" hits="1" branch="false" />
                <line number="36" hits="1" branch="false" />
              </lines>
            </method>
            <method name="ExecuteNonQueryCommand" signature="(...)" line-rate="1" branch-rate="1" complexity="2">
              <lines>
                <line number="39" hits="3" branch="false" />
                <line number="40" hits="3" branch="true" condition-coverage="100% (2/2)" />
                <line number="41" hits="1" branch="false" />
                <line number="42" hits="1" branch="false" />
                <line number="45" hits="2" branch="false" />
                <line number="46" hits="2" branch="false" />
                <line number="47" hits="2" branch="false" />
                <line number="48" hits="2" branch="false" />
                <line number="49" hits="2" branch="false" />
                <line number="50" hits="2" branch="false" />
                <line number="51" hits="2" branch="false" />
                <line number="53" hits="2" branch="false" />
              </lines>
            </method>
            <method name="ExecuteQuery" signature="(...)" line-rate="1" branch-rate="1" complexity="1">
              <lines>
                <line number="56" hits="1" branch="false" />
                <line number="57" hits="1" branch="false" />
                <line number="58" hits="1" branch="false" />
                <line number="59" hits="1" branch="false" />
                <line number="60" hits="1" branch="false" />
              </lines>
            </method>
            <method name="ExecuteQueryCommand" signature="(...)" line-rate="0.85" branch-rate="1" complexity="2">
              <lines>
                <line number="63" hits="3" branch="false" />
                <line number="64" hits="3" branch="true" condition-coverage="100% (2/2)" />
                <line number="65" hits="1" branch="false" />
                <line number="66" hits="1" branch="false" />
                <line number="69" hits="2" branch="false" />
                <line number="72" hits="2" branch="false" />
                <line number="73" hits="2" branch="false" />
                <line number="74" hits="2" branch="false" />
                <line number="76" hits="2" branch="false" />
                <line number="77" hits="2" branch="false" />
                <line number="78" hits="2" branch="false" />
                <line number="79" hits="2" branch="false" />
                <line number="80" hits="2" branch="false" />
                <line number="81" hits="2" branch="false" />
                <line number="82" hits="2" branch="false" />
                <line number="83" hits="0" branch="false" />
                <line number="84" hits="0" branch="false" />
                <line number="85" hits="0" branch="false" />
                <line number="88" hits="2" branch="false" />
                <line number="89" hits="2" branch="false" />
              </lines>
            </method>
            <method name=".ctor" signature="(...)" line-rate="1" branch-rate="1" complexity="1">
              <lines>
                <line number="11" hits="8" branch="false" />
                <line number="12" hits="8" branch="false" />
                <line number="13" hits="8" branch="false" />
                <line number="14" hits="8" branch="false" />
              </lines>
            </method>
          </methods>
          <lines>
            <line number="11" hits="8" branch="false" />
            <line number="12" hits="8" branch="false" />
            <line number="13" hits="8" branch="false" />
            <line number="14" hits="8" branch="false" />
            <line number="17" hits="2" branch="false" />
            <line number="18" hits="2" branch="false" />
            <line number="20" hits="2" branch="false" />
            <line number="21" hits="2" branch="false" />
            <line number="22" hits="1" branch="false" />
            <line number="23" hits="1" branch="false" />
            <line number="25" hits="1" branch="false" />
            <line number="26" hits="1" branch="false" />
            <line number="27" hits="1" branch="false" />
            <line number="29" hits="2" branch="false" />
            <line number="32" hits="1" branch="false" />
            <line number="33" hits="1" branch="false" />
            <line number="34" hits="1" branch="false" />
            <line number="35" hits="1" branch="false" />
            <line number="36" hits="1" branch="false" />
            <line number="39" hits="3" branch="false" />
            <line number="40" hits="3" branch="true" condition-coverage="100% (2/2)" />
            <line number="41" hits="1" branch="false" />
            <line number="42" hits="1" branch="false" />
            <line number="45" hits="2" branch="false" />
            <line number="46" hits="2" branch="false" />
            <line number="47" hits="2" branch="false" />
            <line number="48" hits="2" branch="false" />
            <line number="49" hits="2" branch="false" />
            <line number="50" hits="2" branch="false" />
            <line number="51" hits="2" branch="false" />
            <line number="53" hits="2" branch="false" />
            <line number="56" hits="1" branch="false" />
            <line number="57" hits="1" branch="false" />
            <line number="58" hits="1" branch="false" />
            <line number="59" hits="1" branch="false" />
            <line number="60" hits="1" branch="false" />
            <line number="63" hits="3" branch="false" />
            <line number="64" hits="3" branch="true" condition-coverage="100% (2/2)" />
            <line number="65" hits="1" branch="false" />
            <line number="66" hits="1" branch="false" />
            <line number="69" hits="2" branch="false" />
            <line number="72" hits="2" branch="false" />
            <line number="73" hits="2" branch="false" />
            <line number="74" hits="2" branch="false" />
            <line number="76" hits="2" branch="false" />
            <line number="77" hits="2" branch="false" />
            <line number="78" hits="2" branch="false" />
            <line number="79" hits="2" branch="false" />
            <line number="80" hits="2" branch="false" />
            <line number="81" hits="2" branch="false" />
            <line number="82" hits="2" branch="false" />
            <line number="83" hits="0" branch="false" />
            <line number="84" hits="0" branch="false" />
            <line number="85" hits="0" branch="false" />
            <line number="88" hits="2" branch="false" />
            <line number="89" hits="2" branch="false" />
          </lines>
        </class>
        <class name="OrbitLibrary.Infrastructure.Data.ODBCDbFactory" filename="C:\Users\luisf\Desktop\Repositori B1 Dev\OrbitService\OrbitService\src\OrbitLibrary\Infrastructure\Data\ODBCDbFactory.cs" line-rate="1" branch-rate="1" complexity="4">
          <methods>
            <method name="CreateCommand" signature="()" line-rate="1" branch-rate="1" complexity="1">
              <lines>
                <line number="17" hits="1" branch="false" />
                <line number="18" hits="1" branch="false" />
                <line number="19" hits="1" branch="false" />
              </lines>
            </method>
            <method name="CreateConnection" signature="()" line-rate="1" branch-rate="1" complexity="1">
              <lines>
                <line number="22" hits="1" branch="false" />
                <line number="23" hits="1" branch="false" />
                <line number="24" hits="1" branch="false" />
                <line number="25" hits="1" branch="false" />
              </lines>
            </method>
            <method name="CreateDataAdapter" signature="()" line-rate="1" branch-rate="1" complexity="1">
              <lines>
                <line number="28" hits="1" branch="false" />
                <line number="29" hits="1" branch="false" />
                <line number="30" hits="1" branch="false" />
              </lines>
            </method>
            <method name=".ctor" signature="(...)" line-rate="1" branch-rate="1" complexity="1">
              <lines>
                <line number="11" hits="3" branch="false" />
                <line number="12" hits="3" branch="false" />
                <line number="13" hits="3" branch="false" />
                <line number="14" hits="3" branch="false" />
              </lines>
            </method>
          </methods>
          <lines>
            <line number="11" hits="3" branch="false" />
            <line number="12" hits="3" branch="false" />
            <line number="13" hits="3" branch="false" />
            <line number="14" hits="3" branch="false" />
            <line number="17" hits="1" branch="false" />
            <line number="18" hits="1" branch="false" />
            <line number="19" hits="1" branch="false" />
            <line number="22" hits="1" branch="false" />
            <line number="23" hits="1" branch="false" />
            <line number="24" hits="1" branch="false" />
            <line number="25" hits="1" branch="false" />
            <line number="28" hits="1" branch="false" />
            <line number="29" hits="1" branch="false" />
            <line number="30" hits="1" branch="false" />
          </lines>
        </class>
        <class name="OrbitLibrary.Infrastructure.Repositories.DBServiceConfigurationRepository" filename="C:\Users\luisf\Desktop\Repositori B1 Dev\OrbitService\OrbitService\src\OrbitLibrary\Infrastructure\Repositories\DBServiceConfigurationRepository.cs" line-rate="0.862068965517241" branch-rate="0.666666666666667" complexity="7">
          <methods>
            <method name="GetConfiguration" signature="()" line-rate="0.764705882352941" branch-rate="0.5" complexity="4">
              <lines>
                <line number="21" hits="1" branch="false" />
                <line number="23" hits="1" branch="true" condition-coverage="50% (1/2)" />
                <line number="24" hits="1" branch="false" />
                <line number="25" hits="1" branch="false" />
                <line number="26" hits="1" branch="true" condition-coverage="50% (1/2)" />
                <line number="27" hits="0" branch="false" />
                <line number="28" hits="0" branch="false" />
                <line number="31" hits="1" branch="false" />
                <line number="32" hits="1" branch="false" />
                <line number="33" hits="1" branch="false" />
                <line number="34" hits="1" branch="false" />
                <line number="36" hits="1" branch="false" />
                <line number="37" hits="1" branch="false" />
                <line number="39" hits="1" branch="false" />
                <line number="42" hits="0" branch="false" />
                <line number="43" hits="0" branch="false" />
                <line number="46" hits="1" branch="false" />
              </lines>
            </method>
            <method name="VerifyIfTableConfigAddonExist" signature="()" line-rate="1" branch-rate="1" complexity="2">
              <lines>
                <line number="49" hits="3" branch="false" />
                <line number="50" hits="3" branch="false" />
                <line number="51" hits="3" branch="true" condition-coverage="100% (2/2)" />
                <line number="52" hits="1" branch="false" />
                <line number="53" hits="1" branch="false" />
                <line number="56" hits="2" branch="false" />
                <line number="57" hits="2" branch="false" />
                <line number="60" hits="3" branch="false" />
              </lines>
            </method>
            <method name=".ctor" signature="(...)" line-rate="1" branch-rate="1" complexity="1">
              <lines>
                <line number="14" hits="3" branch="false" />
                <line number="15" hits="3" branch="false" />
                <line number="16" hits="3" branch="false" />
                <line number="18" hits="3" branch="false" />
              </lines>
            </method>
          </methods>
          <lines>
            <line number="14" hits="3" branch="false" />
            <line number="15" hits="3" branch="false" />
            <line number="16" hits="3" branch="false" />
            <line number="18" hits="3" branch="false" />
            <line number="21" hits="1" branch="false" />
            <line number="23" hits="1" branch="true" condition-coverage="50% (1/2)" />
            <line number="24" hits="1" branch="false" />
            <line number="25" hits="1" branch="false" />
            <line number="26" hits="1" branch="true" condition-coverage="50% (1/2)" />
            <line number="27" hits="0" branch="false" />
            <line number="28" hits="0" branch="false" />
            <line number="31" hits="1" branch="false" />
            <line number="32" hits="1" branch="false" />
            <line number="33" hits="1" branch="false" />
            <line number="34" hits="1" branch="false" />
            <line number="36" hits="1" branch="false" />
            <line number="37" hits="1" branch="false" />
            <line number="39" hits="1" branch="false" />
            <line number="42" hits="0" branch="false" />
            <line number="43" hits="0" branch="false" />
            <line number="46" hits="1" branch="false" />
            <line number="49" hits="3" branch="false" />
            <line number="50" hits="3" branch="false" />
            <line number="51" hits="3" branch="true" condition-coverage="100% (2/2)" />
            <line number="52" hits="1" branch="false" />
            <line number="53" hits="1" branch="false" />
            <line number="56" hits="2" branch="false" />
            <line number="57" hits="2" branch="false" />
            <line number="60" hits="3" branch="false" />
          </lines>
        </class>
        <class name="OrbitLibrary.Services.Session.ErrorOutput" filename="C:\Users\luisf\Desktop\Repositori B1 Dev\OrbitService\OrbitService\src\OrbitLibrary\Services\Authentication\Session\Login.cs" line-rate="1" branch-rate="1" complexity="2">
          <methods>
            <method name="get_statusCode" signature="()" line-rate="1" branch-rate="1" complexity="1">
              <lines>
                <line number="46" hits="2" branch="false" />
              </lines>
            </method>
            <method name="get_message" signature="()" line-rate="1" branch-rate="1" complexity="1">
              <lines>
                <line number="47" hits="2" branch="false" />
              </lines>
            </method>
          </methods>
          <lines>
            <line number="46" hits="2" branch="false" />
            <line number="47" hits="2" branch="false" />
          </lines>
        </class>
        <class name="OrbitLibrary.Services.Session.Login" filename="C:\Users\luisf\Desktop\Repositori B1 Dev\OrbitService\OrbitService\src\OrbitLibrary\Services\Authentication\Session\Login.cs" line-rate="1" branch-rate="1" complexity="2">
          <methods>
            <method name="Execute" signature="()" line-rate="1" branch-rate="1" complexity="1">
              <lines>
                <line number="60" hits="9" branch="false" />
                <line number="61" hits="9" branch="false" />
                <line number="62" hits="9" branch="false" />
                <line number="63" hits="9" branch="false" />
                <line number="65" hits="9" branch="false" />
                <line number="66" hits="9" branch="false" />
                <line number="67" hits="9" branch="false" />
                <line number="68" hits="9" branch="false" />
                <line number="69" hits="9" branch="false" />
                <line number="70" hits="9" branch="false" />
              </lines>
            </method>
            <method name=".ctor" signature="(...)" line-rate="1" branch-rate="1" complexity="1">
              <lines>
                <line number="55" hits="9" branch="false" />
                <line number="56" hits="9" branch="false" />
                <line number="57" hits="9" branch="false" />
              </lines>
            </method>
          </methods>
          <lines>
            <line number="55" hits="9" branch="false" />
            <line number="56" hits="9" branch="false" />
            <line number="57" hits="9" branch="false" />
            <line number="60" hits="9" branch="false" />
            <line number="61" hits="9" branch="false" />
            <line number="62" hits="9" branch="false" />
            <line number="63" hits="9" branch="false" />
            <line number="65" hits="9" branch="false" />
            <line number="66" hits="9" branch="false" />
            <line number="67" hits="9" branch="false" />
            <line number="68" hits="9" branch="false" />
            <line number="69" hits="9" branch="false" />
            <line number="70" hits="9" branch="false" />
          </lines>
        </class>
        <class name="OrbitLibrary.Services.Session.LoginRequestInput" filename="C:\Users\luisf\Desktop\Repositori B1 Dev\OrbitService\OrbitService\src\OrbitLibrary\Services\Authentication\Session\Login.cs" line-rate="1" branch-rate="1" complexity="2">
          <methods>
            <method name="get_Username" signature="()" line-rate="1" branch-rate="1" complexity="1">
              <lines>
                <line number="13" hits="20" branch="false" />
              </lines>
            </method>
            <method name="get_Password" signature="()" line-rate="1" branch-rate="1" complexity="1">
              <lines>
                <line number="16" hits="20" branch="false" />
              </lines>
            </method>
          </methods>
          <lines>
            <line number="13" hits="20" branch="false" />
            <line number="16" hits="20" branch="false" />
          </lines>
        </class>
        <class name="OrbitLibrary.Services.Session.LoginResponseOutput" filename="C:\Users\luisf\Desktop\Repositori B1 Dev\OrbitService\OrbitService\src\OrbitLibrary\Services\Authentication\Session\Login.cs" line-rate="1" branch-rate="1" complexity="3">
          <methods>
            <method name="get_token" signature="()" line-rate="1" branch-rate="1" complexity="1">
              <lines>
                <line number="21" hits="27" branch="false" />
              </lines>
            </method>
            <method name="get_accessToken" signature="()" line-rate="1" branch-rate="1" complexity="1">
              <lines>
                <line number="22" hits="11" branch="false" />
              </lines>
            </method>
            <method name="get_data" signature="()" line-rate="1" branch-rate="1" complexity="1">
              <lines>
                <line number="23" hits="47" branch="false" />
[...]
                <line number="67" hits="1" branch="false" />
                <line number="68" hits="1" branch="false" />
                <line number="69" hits="1" branch="false" />
                <line number="73" hits="1" branch="false" />
                <line number="74" hits="1" branch="false" />
                <line number="76" hits="1" branch="false" />
                <line number="77" hits="1" branch="false" />
                <line number="78" hits="1" branch="false" />
                <line number="80" hits="1" branch="false" />
                <line number="82" hits="1" branch="false" />
                <line number="83" hits="1" branch="false" />
                <line number="85" hits="1" branch="false" />
                <line number="88" hits="1" branch="false" />
                <line number="89" hits="1" branch="false" />
                <line number="90" hits="1" branch="false" />
                <line number="91" hits="1" branch="false" />
                <line number="94" hits="1" branch="false" />
                <line number="97" hits="1" branch="false" />
                <line number="98" hits="1" branch="false" />
                <line number="99" hits="1" branch="false" />
                <line number="100" hits="1" branch="false" />
                <line number="101" hits="1" branch="false" />
                <line number="102" hits="1" branch="false" />
              </lines>
            </method>
            <method name="ShouldVerifyIfTableConfigAddonExistTrue" signature="()" line-rate="1" branch-rate="1" complexity="1">
              <lines>
                <line number="106" hits="1" branch="false" />
                <line number="109" hits="1" branch="false" />
                <line number="110" hits="1" branch="false" />
                <line number="112" hits="1" branch="false" />
                <line number="113" hits="1" branch="false" />
                <line number="114" hits="1" branch="false" />
                <line number="116" hits="1" branch="false" />
                <line number="118" hits="1" branch="false" />
                <line number="119" hits="1" branch="false" />
                <line number="121" hits="1" branch="false" />
                <line number="124" hits="1" branch="false" />
                <line number="125" hits="1" branch="false" />
                <line number="126" hits="1" branch="false" />
                <line number="127" hits="1" branch="false" />
                <line number="129" hits="1" branch="false" />
                <line number="130" hits="1" branch="false" />
                <line number="131" hits="1" branch="false" />
              </lines>
            </method>
            <method name="ShouldVerifyIfTableConfigAddonExistFalse" signature="()" line-rate="1" branch-rate="1" complexity="1">
              <lines>
                <line number="135" hits="1" branch="false" />
                <line number="138" hits="1" branch="false" />
                <line number="139" hits="1" branch="false" />
                <line number="141" hits="1" branch="false" />
                <line number="142" hits="1" branch="false" />
                <line number="143" hits="1" branch="false" />
                <line number="145" hits="1" branch="false" />
                <line number="148" hits="1" branch="false" />
                <line number="149" hits="1" branch="false" />
                <line number="150" hits="1" branch="false" />
                <line number="151" hits="1" branch="false" />
                <line number="153" hits="1" branch="false" />
                <line number="154" hits="1" branch="false" />
                <line number="155" hits="1" branch="false" />
              </lines>
            </method>
            <method name=".ctor" signature="()" line-rate="1" branch-rate="1" complexity="1">
              <lines>
                <line number="21" hits="3" branch="false" />
                <line number="22" hits="3" branch="false" />
                <line number="23" hits="3" branch="false" />
                <line number="24" hits="3" branch="false" />
                <line number="25" hits="3" branch="false" />
                <line number="26" hits="3" branch="false" />
              </lines>
            </method>
          </methods>
          <lines>
            <line number="21" hits="3" branch="false" />
            <line number="22" hits="3" branch="false" />
            <line number="23" hits="3" branch="false" />
            <line number="24" hits="3" branch="false" />
            <line number="25" hits="3" branch="false" />
            <line number="26" hits="3" branch="false" />
            <line number="30" hits="1" branch="false" />
            <line number="32" hits="1" branch="false" />
            <line number="33" hits="1" branch="false" />
            <line number="35" hits="1" branch="false" />
            <line number="36" hits="1" branch="false" />
            <line number="37" hits="1" branch="false" />
            <line number="39" hits="1" branch="false" />
            <line number="40" hits="1" branch="false" />
            <line number="41" hits="1" branch="false" />
            <line number="43" hits="1" branch="false" />
            <line number="44" hits="1" branch="false" />
            <line number="45" hits="1" branch="false" />
            <line number="47" hits="1" branch="false" />
            <line number="48" hits="1" branch="false" />
            <line number="49" hits="1" branch="false" />
            <line number="51" hits="1" branch="false" />
            <line number="52" hits="1" branch="false" />
            <line number="53" hits="1" branch="false" />
            <line number="55" hits="1" branch="false" />
            <line number="57" hits="1" branch="false" />
            <line number="58" hits="1" branch="false" />
            <line number="59" hits="1" branch="false" />
            <line number="60" hits="1" branch="false" />
            <line number="61" hits="1" branch="false" />
            <line number="63" hits="1" branch="false" />
            <line number="66" hits="1" branch="false" />
            <line number="67" hits="1" branch="false" />
            <line number="68" hits="1" branch="false" />
            <line number="69" hits="1" branch="false" />
            <line number="73" hits="1" branch="false" />
            <line number="74" hits="1" branch="false" />
            <line number="76" hits="1" branch="false" />
            <line number="77" hits="1" branch="false" />
            <line number="78" hits="1" branch="false" />
            <line number="80" hits="1" branch="false" />
            <line number="82" hits="1" branch="false" />
            <line number="83" hits="1" branch="false" />
            <line number="85" hits="1" branch="false" />
            <line number="88" hits="1" branch="false" />
            <line number="89" hits="1" branch="false" />
            <line number="90" hits="1" branch="false" />
            <line number="91" hits="1" branch="false" />
            <line number="94" hits="1" branch="false" />
            <line number="97" hits="1" branch="false" />
            <line number="98" hits="1" branch="false" />
            <line number="99" hits="1" branch="false" />
            <line number="100" hits="1" branch="false" />
            <line number="101" hits="1" branch="false" />
            <line number="102" hits="1" branch="false" />
            <line number="106" hits="1" branch="false" />
            <line number="109" hits="1" branch="false" />
            <line number="110" hits="1" branch="false" />
            <line number="112" hits="1" branch="false" />
            <line number="113" hits="1" branch="false" />
            <line number="114" hits="1" branch="false" />
            <line number="116" hits="1" branch="false" />
            <line number="118" hits="1" branch="false" />
            <line number="119" hits="1" branch="false" />
            <line number="121" hits="1" branch="false" />
            <line number="124" hits="1" branch="false" />
            <line number="125" hits="1" branch="false" />
            <line number="126" hits="1" branch="false" />
            <line number="127" hits="1" branch="false" />
            <line number="129" hits="1" branch="false" />
            <line number="130" hits="1" branch="false" />
            <line number="131" hits="1" branch="false" />
            <line number="135" hits="1" branch="false" />
            <line number="138" hits="1" branch="false" />
            <line number="139" hits="1" branch="false" />
            <line number="141" hits="1" branch="false" />
            <line number="142" hits="1" branch="false" />
            <line number="143" hits="1" branch="false" />
            <line number="145" hits="1" branch="false" />
            <line number="148" hits="1" branch="false" />
            <line number="149" hits="1" branch="false" />
            <line number="150" hits="1" branch="false" />
            <line number="151" hits="1" branch="false" />
            <line number="153" hits="1" branch="false" />
            <line number="154" hits="1" branch="false" />
            <line number="155" hits="1" branch="false" />
          </lines>
        </class>
        <class name="OrbitLibrary_Test.Services.Authentication.Session.LoginTest" filename="C:\Users\luisf\Desktop\Repositori B1 Dev\OrbitService\OrbitService\test\OrbitLibrary-Test\Services\Authentication\Session\LoginTest.cs" line-rate="1" branch-rate="1" complexity="2">
          <methods>
            <method name="LoginWithouParameters" signature="()" line-rate="1" branch-rate="1" complexity="1">
              <lines>
                <line number="26" hits="1" branch="false" />
                <line number="27" hits="1" branch="false" />
                <line number="28" hits="1" branch="false" />
                <line number="29" hits="1" branch="false" />
                <line number="30" hits="1" branch="false" />
                <line number="32" hits="1" branch="false" />
                <line number="33" hits="1" branch="false" />
                <line number="34" hits="1" branch="false" />
                <line number="35" hits="1" branch="false" />
                <line number="36" hits="1" branch="false" />
                <line number="37" hits="1" branch="false" />
                <line number="38" hits="1" branch="false" />
                <line number="39" hits="1" branch="false" />
                <line number="40" hits="1" branch="false" />
              </lines>
            </method>
            <method name=".ctor" signature="(...)" line-rate="1" branch-rate="1" complexity="1">
              <lines>
                <line number="18" hits="1" branch="false" />
                <line number="19" hits="1" branch="false" />
                <line number="20" hits="1" branch="false" />
                <line number="21" hits="1" branch="false" />
                <line number="22" hits="1" branch="false" />
              </lines>
            </method>
          </methods>
          <lines>
            <line number="18" hits="1" branch="false" />
            <line number="19" hits="1" branch="false" />
            <line number="20" hits="1" branch="false" />
            <line number="21" hits="1" branch="false" />
            <line number="22" hits="1" branch="false" />
            <line number="26" hits="1" branch="false" />
            <line number="27" hits="1" branch="false" />
            <line number="28" hits="1" branch="false" />
            <line number="29" hits="1" branch="false" />
            <line number="30" hits="1" branch="false" />
            <line number="32" hits="1" branch="false" />
            <line number="33" hits="1" branch="false" />
            <line number="34" hits="1" branch="false" />
            <line number="35" hits="1" branch="false" />
            <line number="36" hits="1" branch="false" />
            <line number="37" hits="1" branch="false" />
            <line number="38" hits="1" branch="false" />
            <line number="39" hits="1" branch="false" />
            <line number="40" hits="1" branch="false" />
          </lines>
        </class>
        <class name="OrbitLibrary_Test.TestUtils.CommonServiceTestData`2" filename="C:\Users\luisf\Desktop\Repositori B1 Dev\OrbitService\OrbitService\test\OrbitLibrary-Test\TestUtils\CommonServiceTestData.cs" line-rate="0.684210526315789" branch-rate="1" complexity="3">
          <methods>
            <method name="mountCredentialsProviderMock" signature="()" line-rate="0" branch-rate="1" complexity="1">
              <lines>
                <line number="31" hits="0" branch="false" />
                <line number="32" hits="0" branch="false" />
                <line number="33" hits="0" branch="false" />
                <line number="34" hits="0" branch="false" />
                <line number="35" hits="0" branch="false" />
                <line number="36" hits="0" branch="false" />
              </lines>
            </method>
            <method name="Dispose" signature="()" line-rate="1" branch-rate="1" complexity="1">
              <lines>
                <line number="39" hits="1" branch="false" />
                <line number="40" hits="1" branch="false" />
                <line number="41" hits="1" branch="false" />
                <line number="42" hits="1" branch="false" />
                <line number="43" hits="1" branch="false" />
              </lines>
            </method>
            <method name=".ctor" signature="()" line-rate="1" branch-rate="1" complexity="1">
              <lines>
                <line number="20" hits="28" branch="false" />
                <line number="21" hits="28" branch="false" />
                <line number="22" hits="28" branch="false" />
                <line number="23" hits="28" branch="false" />
                <line number="24" hits="28" branch="false" />
                <line number="25" hits="28" branch="false" />
                <line number="26" hits="28" branch="false" />
                <line number="27" hits="28" branch="false" />
              </lines>
            </method>
          </methods>
          <lines>
            <line number="20" hits="28" branch="false" />
            <line number="21" hits="28" branch="false" />
            <line number="22" hits="28" branch="false" />
            <line number="23" hits="28" branch="false" />
            <line number="24" hits="28" branch="false" />
            <line number="25" hits="28" branch="false" />
            <line number="26" hits="28" branch="false" />
            <line number="27" hits="28" branch="false" />
            <line number="31" hits="0" branch="false" />
            <line number="32" hits="0" branch="false" />
            <line number="33" hits="0" branch="false" />
            <line number="34" hits="0" branch="false" />
            <line number="35" hits="0" branch="false" />
            <line number="36" hits="0" branch="false" />
            <line number="39" hits="1" branch="false" />
            <line number="40" hits="1" branch="false" />
            <line number="41" hits="1" branch="false" />
            <line number="42" hits="1" branch="false" />
            <line number="43" hits="1" branch="false" />
          </lines>
        </class>
        <class name="OrbitLibrary_Test.UnitTest1" filename="C:\Users\luisf\Desktop\Repositori B1 Dev\OrbitService\OrbitService\test\OrbitLibrary-Test\UnitTest1.cs" line-rate="1" branch-rate="1" complexity="1">
          <methods>
            <method name="Test1" signature="()" line-rate="1" branch-rate="1" complexity="1">
              <lines>
                <line number="10" hits="1" branch="false" />
                <line number="11" hits="1" branch="false" />
                <line number="12" hits="1" branch="false" />
              </lines>
            </method>
          </methods>
          <lines>
            <line number="10" hits="1" branch="false" />
            <line number="11" hits="1" branch="false" />
            <line number="12" hits="1" branch="false" />
          </lines>
        </class>
        <class name="OrbitLibrary_Test.Utils.AppSettingsTest" filename="C:\Users\luisf\Desktop\Repositori B1 Dev\OrbitService\OrbitService\test\OrbitLibrary-Test\Utils\AppSettingsTest.cs" line-rate="1" branch-rate="1" complexity="2">
          <methods>
            <method name="ShouldReturnAListOfAppSettings" signature="()" line-rate="1" branch-rate="1" complexity="1">
              <lines>
                <line number="19" hits="1" branch="false" />
                <line number="20" hits="1" branch="false" />
                <line number="21" hits="1" branch="false" />
                <line number="23" hits="1" branch="false" />
                <line number="24" hits="1" branch="false" />
                <line number="25" hits="1" branch="false" />
                <line number="26" hits="1" branch="false" />
                <line number="27" hits="1" branch="false" />
              </lines>
            </method>
            <method name=".ctor" signature="()" line-rate="1" branch-rate="1" complexity="1">
              <lines>
                <line number="13" hits="1" branch="false" />
                <line number="14" hits="1" branch="false" />
                <line number="15" hits="1" branch="false" />
                <line number="16" hits="1" branch="false" />
              </lines>
            </method>
          </methods>
          <lines>
            <line number="13" hits="1" branch="false" />
            <line number="14" hits="1" branch="false" />
            <line number="15" hits="1" branch="false" />
            <line number="16" hits="1" branch="false" />
            <line number="19" hits="1" branch="false" />
            <line number="20" hits="1" branch="false" />
            <line number="21" hits="1" branch="false" />
            <line number="23" hits="1" branch="false" />
            <line number="24" hits="1" branch="false" />
            <line number="25" hits="1" branch="false" />
            <line number="26" hits="1" branch="false" />
            <line number="27" hits="1" branch="false" />
          </lines>
        </class>
        <class name="OrbitLibrary_Test.Utils.DefaultsTest" filename="C:\Users\luisf\Desktop\Repositori B1 Dev\OrbitService\OrbitService\test\OrbitLibrary-Test\Utils\DefaultsTest.cs" line-rate="1" branch-rate="1" complexity="2">
          <methods>
            <method name="ShouldReturnsDefaultCredentialProvider" signature="()" line-rate="1" branch-rate="1" complexity="1">
              <lines>
                <line number="19" hits="1" branch="false" />
                <line number="20" hits="1" branch="false" />
                <line number="21" hits="1" branch="false" />
                <line number="22" hits="1" branch="false" />
              </lines>
            </method>
            <method name=".ctor" signature="()" line-rate="1" branch-rate="1" complexity="1">
              <lines>
                <line number="12" hits="1" branch="false" />
                <line number="13" hits="1" branch="false" />
                <line number="14" hits="1" branch="false" />
                <line number="15" hits="1" branch="false" />
              </lines>
            </method>
          </methods>
          <lines>
            <line number="12" hits="1" branch="false" />
            <line number="13" hits="1" branch="false" />
            <line number="14" hits="1" branch="false" />
            <line number="15" hits="1" branch="false" />
            <line number="19" hits="1" branch="false" />
            <line number="20" hits="1" branch="false" />
            <line number="21" hits="1" branch="false" />
            <line number="22" hits="1" branch="false" />
          </lines>
        </class>
      </classes>
    </package>
  </packages>
</coverage>