TpTrace Verbose: 0 : 9672, 1, 2022/10/11, 11:33:42.470, 3189800934805, vstest.console.dll, Version: 17.2.0-release-20220408-11 Current process architecture: X64
TpTrace Information: 0 : 9672, 1, 2022/10/11, 11:33:42.482, 3189801052164, vstest.console.dll, FilePatternParser: The given file C:\Users\luisf\Desktop\Repositori B1 Dev\OrbitService\OrbitService\test\OrbitLibrary-Test\bin\Debug\netcoreapp3.1\fine-code-coverage\build-output\OrbitLibrary_Test.dll is a full path.
TpTrace Verbose: 0 : 9672, 1, 2022/10/11, 11:33:42.491, 3189801137720, vstest.console.dll, TestPluginCache.DiscoverTestExtensions: finding test extensions in assemblies ends with: RuntimeProvider.dll TPluginInfo: Microsoft.VisualStudio.TestPlatform.Common.ExtensionFramework.Utilities.TestRuntimePluginInformation TExtension: Microsoft.VisualStudio.TestPlatform.ObjectModel.Host.ITestRuntimeProvider
TpTrace Verbose: 0 : 9672, 1, 2022/10/11, 11:33:42.491, 3189801142242, vstest.console.dll, TestPluginCache.GetExtensionPaths: Filtered extension paths: 
TpTrace Verbose: 0 : 9672, 1, 2022/10/11, 11:33:42.491, 3189801143502, vstest.console.dll, TestPluginCache.GetExtensionPaths: Added default extension paths: c:\program files\dotnet\sdk\6.0.302\Extensions\DumpMinitool.exe
c:\program files\dotnet\sdk\6.0.302\Extensions\DumpMinitool.x86.exe
c:\program files\dotnet\sdk\6.0.302\Extensions\Microsoft.Diagnostics.NETCore.Client.dll
c:\program files\dotnet\sdk\6.0.302\Extensions\Microsoft.TestPlatform.Extensions.BlameDataCollector.dll
c:\program files\dotnet\sdk\6.0.302\Extensions\Microsoft.TestPlatform.Extensions.EventLogCollector.dll
c:\program files\dotnet\sdk\6.0.302\Extensions\Microsoft.TestPlatform.TestHostRuntimeProvider.dll
c:\program files\dotnet\sdk\6.0.302\Extensions\Microsoft.VisualStudio.TestPlatform.Extensions.Html.TestLogger.dll
c:\program files\dotnet\sdk\6.0.302\Extensions\Microsoft.VisualStudio.TestPlatform.Extensions.Trx.TestLogger.dll
TpTrace Verbose: 0 : 9672, 1, 2022/10/11, 11:33:42.491, 3189801144126, vstest.console.dll, TestPluginCache.GetExtensionPaths: Added unfilterableExtensionPaths: 
TpTrace Information: 0 : 9672, 1, 2022/10/11, 11:33:42.492, 3189801152689, vstest.console.dll, AssemblyResolver.ctor: Creating AssemblyResolver with searchDirectories c:\program files\dotnet\sdk\6.0.302\Extensions,c:\program files\dotnet\sdk\6.0.302
TpTrace Verbose: 0 : 9672, 1, 2022/10/11, 11:33:42.494, 3189801167501, vstest.console.dll, TestPluginCache.DiscoverTestExtensions: Discovering the extensions using extension path.
TpTrace Verbose: 0 : 9672, 1, 2022/10/11, 11:33:42.494, 3189801169078, vstest.console.dll, TestPluginCache.GetExtensionPaths: Filtered extension paths: 
TpTrace Verbose: 0 : 9672, 1, 2022/10/11, 11:33:42.494, 3189801169657, vstest.console.dll, TestPluginCache.GetExtensionPaths: Added default extension paths: c:\program files\dotnet\sdk\6.0.302\Extensions\DumpMinitool.exe
c:\program files\dotnet\sdk\6.0.302\Extensions\DumpMinitool.x86.exe
c:\program files\dotnet\sdk\6.0.302\Extensions\Microsoft.Diagnostics.NETCore.Client.dll
c:\program files\dotnet\sdk\6.0.302\Extensions\Microsoft.TestPlatform.Extensions.BlameDataCollector.dll
c:\program files\dotnet\sdk\6.0.302\Extensions\Microsoft.TestPlatform.Extensions.EventLogCollector.dll
c:\program files\dotnet\sdk\6.0.302\Extensions\Microsoft.TestPlatform.TestHostRuntimeProvider.dll
c:\program files\dotnet\sdk\6.0.302\Extensions\Microsoft.VisualStudio.TestPlatform.Extensions.Html.TestLogger.dll
c:\program files\dotnet\sdk\6.0.302\Extensions\Microsoft.VisualStudio.TestPlatform.Extensions.Trx.TestLogger.dll
TpTrace Verbose: 0 : 9672, 1, 2022/10/11, 11:33:42.494, 3189801170251, vstest.console.dll, TestPluginCache.GetExtensionPaths: Added unfilterableExtensionPaths: 
TpTrace Verbose: 0 : 9672, 1, 2022/10/11, 11:33:42.494, 3189801171057, vstest.console.dll, TestPluginCache.DiscoverTestExtensions: Discovering the extensions using allExtensionPaths: c:\program files\dotnet\sdk\6.0.302\Extensions\DumpMinitool.exe
c:\program files\dotnet\sdk\6.0.302\Extensions\DumpMinitool.x86.exe
c:\program files\dotnet\sdk\6.0.302\Extensions\Microsoft.Diagnostics.NETCore.Client.dll
c:\program files\dotnet\sdk\6.0.302\Extensions\Microsoft.TestPlatform.Extensions.BlameDataCollector.dll
c:\program files\dotnet\sdk\6.0.302\Extensions\Microsoft.TestPlatform.Extensions.EventLogCollector.dll
c:\program files\dotnet\sdk\6.0.302\Extensions\Microsoft.TestPlatform.TestHostRuntimeProvider.dll
c:\program files\dotnet\sdk\6.0.302\Extensions\Microsoft.VisualStudio.TestPlatform.Extensions.Html.TestLogger.dll
c:\program files\dotnet\sdk\6.0.302\Extensions\Microsoft.VisualStudio.TestPlatform.Extensions.Trx.TestLogger.dll
TpTrace Information: 0 : 9672, 1, 2022/10/11, 11:33:42.494, 3189801173300, vstest.console.dll, AssemblyResolver.AddSearchDirectories: Adding more searchDirectories c:\program files\dotnet\sdk\6.0.302\Extensions,c:\program files\dotnet\sdk\6.0.302
TpTrace Information: 0 : 9672, 1, 2022/10/11, 11:33:42.494, 3189801174086, vstest.console.dll, AssemblyResolver.AddSearchDirectories: Adding more searchDirectories c:\program files\dotnet\sdk\6.0.302\Extensions,c:\program files\dotnet\sdk\6.0.302
TpTrace Information: 0 : 9672, 1, 2022/10/11, 11:33:42.494, 3189801174683, vstest.console.dll, AssemblyResolver.AddSearchDirectories: Adding more searchDirectories c:\program files\dotnet\sdk\6.0.302\Extensions,c:\program files\dotnet\sdk\6.0.302
TpTrace Information: 0 : 9672, 1, 2022/10/11, 11:33:42.494, 3189801175143, vstest.console.dll, AssemblyResolver.AddSearchDirectories: Adding more searchDirectories c:\program files\dotnet\sdk\6.0.302\Extensions,c:\program files\dotnet\sdk\6.0.302
TpTrace Information: 0 : 9672, 1, 2022/10/11, 11:33:42.494, 3189801175578, vstest.console.dll, AssemblyResolver.AddSearchDirectories: Adding more searchDirectories c:\program files\dotnet\sdk\6.0.302\Extensions,c:\program files\dotnet\sdk\6.0.302
TpTrace Information: 0 : 9672, 1, 2022/10/11, 11:33:42.494, 3189801176073, vstest.console.dll, AssemblyResolver.AddSearchDirectories: Adding more searchDirectories c:\program files\dotnet\sdk\6.0.302\Extensions,c:\program files\dotnet\sdk\6.0.302
TpTrace Information: 0 : 9672, 1, 2022/10/11, 11:33:42.494, 3189801176517, vstest.console.dll, AssemblyResolver.AddSearchDirectories: Adding more searchDirectories c:\program files\dotnet\sdk\6.0.302\Extensions,c:\program files\dotnet\sdk\6.0.302
TpTrace Information: 0 : 9672, 1, 2022/10/11, 11:33:42.495, 3189801176941, vstest.console.dll, AssemblyResolver.AddSearchDirectories: Adding more searchDirectories c:\program files\dotnet\sdk\6.0.302\Extensions,c:\program files\dotnet\sdk\6.0.302
TpTrace Information: 0 : 9672, 1, 2022/10/11, 11:33:42.495, 3189801181621, vstest.console.dll, AssemblyResolver.OnResolve: DumpMinitool: Resolving assembly.
TpTrace Information: 0 : 9672, 1, 2022/10/11, 11:33:42.495, 3189801182571, vstest.console.dll, AssemblyResolver.OnResolve: DumpMinitool: Searching in: 'c:\program files\dotnet\sdk\6.0.302\Extensions'.
TpTrace Information: 0 : 9672, 1, 2022/10/11, 11:33:42.495, 3189801183972, vstest.console.dll, AssemblyResolver.OnResolve: DumpMinitool: Assembly path does not exist: 'c:\program files\dotnet\sdk\6.0.302\Extensions\DumpMinitool.dll', returning.
TpTrace Information: 0 : 9672, 1, 2022/10/11, 11:33:42.496, 3189801190443, vstest.console.dll, AssemblyResolver.OnResolve: DumpMinitool: Loading assembly 'c:\program files\dotnet\sdk\6.0.302\Extensions\DumpMinitool.exe'.
TpTrace Information: 0 : 9672, 1, 2022/10/11, 11:33:42.497, 3189801202406, vstest.console.dll, AssemblyResolver.OnResolve: Resolved assembly: DumpMinitool, from path: c:\program files\dotnet\sdk\6.0.302\Extensions\DumpMinitool.exe
TpTrace Verbose: 0 : 9672, 1, 2022/10/11, 11:33:42.504, 3189801267722, vstest.console.dll, MetadataReaderExtensionsHelper: Discovering extensions inside assembly 'DumpMinitool, Version=15.0.0.0, Culture=neutral, PublicKeyToken=b03f5f7f11d50a3a' file path 'c:\program files\dotnet\sdk\6.0.302\Extensions\DumpMinitool.exe'
TpTrace Information: 0 : 9672, 1, 2022/10/11, 11:33:42.513, 3189801365212, vstest.console.dll, AssemblyResolver.OnResolve: DumpMinitool.x86: Resolving assembly.
TpTrace Information: 0 : 9672, 1, 2022/10/11, 11:33:42.514, 3189801366764, vstest.console.dll, AssemblyResolver.OnResolve: DumpMinitool.x86: Searching in: 'c:\program files\dotnet\sdk\6.0.302\Extensions'.
TpTrace Information: 0 : 9672, 1, 2022/10/11, 11:33:42.514, 3189801368044, vstest.console.dll, AssemblyResolver.OnResolve: DumpMinitool.x86: Assembly path does not exist: 'c:\program files\dotnet\sdk\6.0.302\Extensions\DumpMinitool.x86.dll', returning.
TpTrace Information: 0 : 9672, 1, 2022/10/11, 11:33:42.514, 3189801373018, vstest.console.dll, AssemblyResolver.OnResolve: DumpMinitool.x86: Loading assembly 'c:\program files\dotnet\sdk\6.0.302\Extensions\DumpMinitool.x86.exe'.
TpTrace Information: 0 : 9672, 1, 2022/10/11, 11:33:42.515, 3189801383020, vstest.console.dll, AssemblyResolver.OnResolve: Resolved assembly: DumpMinitool.x86, from path: c:\program files\dotnet\sdk\6.0.302\Extensions\DumpMinitool.x86.exe
TpTrace Verbose: 0 : 9672, 1, 2022/10/11, 11:33:42.515, 3189801383961, vstest.console.dll, MetadataReaderExtensionsHelper: Discovering extensions inside assembly 'DumpMinitool.x86, Version=15.0.0.0, Culture=neutral, PublicKeyToken=b03f5f7f11d50a3a' file path 'c:\program files\dotnet\sdk\6.0.302\Extensions\DumpMinitool.x86.exe'
TpTrace Information: 0 : 9672, 1, 2022/10/11, 11:33:42.516, 3189801392099, vstest.console.dll, AssemblyResolver.OnResolve: Microsoft.Diagnostics.NETCore.Client: Resolving assembly.
TpTrace Information: 0 : 9672, 1, 2022/10/11, 11:33:42.516, 3189801392885, vstest.console.dll, AssemblyResolver.OnResolve: Microsoft.Diagnostics.NETCore.Client: Searching in: 'c:\program files\dotnet\sdk\6.0.302\Extensions'.
TpTrace Information: 0 : 9672, 1, 2022/10/11, 11:33:42.517, 3189801397779, vstest.console.dll, AssemblyResolver.OnResolve: Microsoft.Diagnostics.NETCore.Client: Loading assembly 'c:\program files\dotnet\sdk\6.0.302\Extensions\Microsoft.Diagnostics.NETCore.Client.dll'.
TpTrace Information: 0 : 9672, 1, 2022/10/11, 11:33:42.518, 3189801408711, vstest.console.dll, AssemblyResolver.OnResolve: Resolved assembly: Microsoft.Diagnostics.NETCore.Client, from path: c:\program files\dotnet\sdk\6.0.302\Extensions\Microsoft.Diagnostics.NETCore.Client.dll
TpTrace Verbose: 0 : 9672, 1, 2022/10/11, 11:33:42.518, 3189801409584, vstest.console.dll, MetadataReaderExtensionsHelper: Discovering extensions inside assembly 'Microsoft.Diagnostics.NETCore.Client, Version=0.2.5.801, Culture=neutral, PublicKeyToken=31bf3856ad364e35' file path 'c:\program files\dotnet\sdk\6.0.302\Extensions\Microsoft.Diagnostics.NETCore.Client.dll'
TpTrace Information: 0 : 9672, 1, 2022/10/11, 11:33:42.526, 3189801494016, vstest.console.dll, AssemblyResolver.OnResolve: Microsoft.Bcl.AsyncInterfaces: Resolving assembly.
TpTrace Information: 0 : 9672, 1, 2022/10/11, 11:33:42.526, 3189801495050, vstest.console.dll, AssemblyResolver.OnResolve: Microsoft.Bcl.AsyncInterfaces: Searching in: 'c:\program files\dotnet\sdk\6.0.302\Extensions'.
TpTrace Information: 0 : 9672, 1, 2022/10/11, 11:33:42.526, 3189801496170, vstest.console.dll, AssemblyResolver.OnResolve: Microsoft.Bcl.AsyncInterfaces: Assembly path does not exist: 'c:\program files\dotnet\sdk\6.0.302\Extensions\Microsoft.Bcl.AsyncInterfaces.dll', returning.
TpTrace Information: 0 : 9672, 1, 2022/10/11, 11:33:42.527, 3189801497126, vstest.console.dll, AssemblyResolver.OnResolve: Microsoft.Bcl.AsyncInterfaces: Assembly path does not exist: 'c:\program files\dotnet\sdk\6.0.302\Extensions\Microsoft.Bcl.AsyncInterfaces.exe', returning.
TpTrace Information: 0 : 9672, 1, 2022/10/11, 11:33:42.527, 3189801497657, vstest.console.dll, AssemblyResolver.OnResolve: Microsoft.Bcl.AsyncInterfaces: Searching in: 'c:\program files\dotnet\sdk\6.0.302'.
TpTrace Information: 0 : 9672, 1, 2022/10/11, 11:33:42.527, 3189801498650, vstest.console.dll, AssemblyResolver.OnResolve: Microsoft.Bcl.AsyncInterfaces: Assembly path does not exist: 'c:\program files\dotnet\sdk\6.0.302\Microsoft.Bcl.AsyncInterfaces.dll', returning.
TpTrace Information: 0 : 9672, 1, 2022/10/11, 11:33:42.527, 3189801499567, vstest.console.dll, AssemblyResolver.OnResolve: Microsoft.Bcl.AsyncInterfaces: Assembly path does not exist: 'c:\program files\dotnet\sdk\6.0.302\Microsoft.Bcl.AsyncInterfaces.exe', returning.
TpTrace Information: 0 : 9672, 1, 2022/10/11, 11:33:42.527, 3189801500628, vstest.console.dll, AssemblyResolver.OnResolve: Microsoft.Bcl.AsyncInterfaces: Failed to load assembly.
TpTrace Verbose: 0 : 9672, 1, 2022/10/11, 11:33:42.527, 3189801501347, vstest.console.dll, CurrentDomainAssemblyResolve: Resolving assembly 'Microsoft.Bcl.AsyncInterfaces'.
TpTrace Information: 0 : 9672, 1, 2022/10/11, 11:33:42.527, 3189801502240, vstest.console.dll, AssemblyResolver.OnResolve: Microsoft.Bcl.AsyncInterfaces: Resolving assembly.
TpTrace Information: 0 : 9672, 1, 2022/10/11, 11:33:42.527, 3189801502825, vstest.console.dll, AssemblyResolver.OnResolve: Microsoft.Bcl.AsyncInterfaces: Resolved from cache.
TpTrace Verbose: 0 : 9672, 1, 2022/10/11, 11:33:42.527, 3189801503277, vstest.console.dll, CurrentDomainAssemblyResolve: Resolving assembly 'Microsoft.Bcl.AsyncInterfaces'.
TpTrace Verbose: 0 : 9672, 1, 2022/10/11, 11:33:42.527, 3189801503784, vstest.console.dll, CurrentDomainAssemblyResolve: Failed to resolve assembly 'Microsoft.Bcl.AsyncInterfaces'.
TpTrace Verbose: 0 : 9672, 1, 2022/10/11, 11:33:42.528, 3189801510383, vstest.console.dll, CurrentDomainAssemblyResolve: Failed to resolve assembly 'Microsoft.Bcl.AsyncInterfaces'.
TpTrace Warning: 0 : 9672, 1, 2022/10/11, 11:33:42.543, 3189801660054, vstest.console.dll, TestPluginDiscoverer: Failed to get types from assembly 'Microsoft.Diagnostics.NETCore.Client, Version=0.2.5.801, Culture=neutral, PublicKeyToken=31bf3856ad364e35'. Error: System.Reflection.ReflectionTypeLoadException: Unable to load one or more of the requested types.
Could not load file or assembly 'Microsoft.Bcl.AsyncInterfaces, Version=1.0.0.0, Culture=neutral, PublicKeyToken=cc7b13ffcd2ddd51'. O sistema não pode encontrar o arquivo especificado.
   at System.Reflection.RuntimeModule.GetTypes(RuntimeModule module)
   at System.Reflection.Assembly.GetTypes()
   at Microsoft.VisualStudio.TestPlatform.Common.ExtensionFramework.TestPluginDiscoverer.GetTestExtensionsFromAssembly[TPluginInfo,TExtension](Assembly assembly, Dictionary`2 pluginInfos, String filePath)
System.IO.FileNotFoundException: Could not load file or assembly 'Microsoft.Bcl.AsyncInterfaces, Version=1.0.0.0, Culture=neutral, PublicKeyToken=cc7b13ffcd2ddd51'. O sistema não pode encontrar o arquivo especificado.
File name: 'Microsoft.Bcl.AsyncInterfaces, Version=1.0.0.0, Culture=neutral, PublicKeyToken=cc7b13ffcd2ddd51'
 ---> System.IO.FileNotFoundException: Could not load file or assembly 'Microsoft.Bcl.AsyncInterfaces, Culture=neutral, PublicKeyToken=null'. O sistema não pode encontrar o arquivo especificado.
File name: 'Microsoft.Bcl.AsyncInterfaces, Culture=neutral, PublicKeyToken=null'
   at System.Reflection.RuntimeAssembly.InternalLoad(ObjectHandleOnStack assemblyName, ObjectHandleOnStack requestingAssembly, StackCrawlMarkHandle stackMark, Boolean throwOnFileNotFound, ObjectHandleOnStack assemblyLoadContext, ObjectHandleOnStack retAssembly)
   at System.Reflection.RuntimeAssembly.InternalLoad(AssemblyName assemblyName, RuntimeAssembly requestingAssembly, StackCrawlMark& stackMark, Boolean throwOnFileNotFound, AssemblyLoadContext assemblyLoadContext)
   at System.Reflection.Assembly.Load(AssemblyName assemblyRef)
   at Microsoft.VisualStudio.TestPlatform.Common.ExtensionFramework.TestPluginCache.CurrentDomainAssemblyResolve(Object sender, AssemblyResolveEventArgs args)
   at Microsoft.VisualStudio.TestPlatform.PlatformAbstractions.PlatformAssemblyResolver.AssemblyResolverEvent(Object sender, Object eventArgs)
   at System.Runtime.Loader.AssemblyLoadContext.GetFirstResolvedAssemblyFromResolvingEvent(AssemblyName assemblyName)
   at System.Runtime.Loader.AssemblyLoadContext.ResolveUsingEvent(AssemblyName assemblyName)
   at System.Runtime.Loader.AssemblyLoadContext.ResolveUsingResolvingEvent(IntPtr gchManagedAssemblyLoadContext, AssemblyName assemblyName)
TpTrace Warning: 0 : 9672, 1, 2022/10/11, 11:33:42.543, 3189801663292, vstest.console.dll, LoaderExceptions: System.IO.FileNotFoundException: Could not load file or assembly 'Microsoft.Bcl.AsyncInterfaces, Version=1.0.0.0, Culture=neutral, PublicKeyToken=cc7b13ffcd2ddd51'. O sistema não pode encontrar o arquivo especificado.
File name: 'Microsoft.Bcl.AsyncInterfaces, Version=1.0.0.0, Culture=neutral, PublicKeyToken=cc7b13ffcd2ddd51'
 ---> System.IO.FileNotFoundException: Could not load file or assembly 'Microsoft.Bcl.AsyncInterfaces, Culture=neutral, PublicKeyToken=null'. O sistema não pode encontrar o arquivo especificado.
File name: 'Microsoft.Bcl.AsyncInterfaces, Culture=neutral, PublicKeyToken=null'
   at System.Reflection.RuntimeAssembly.InternalLoad(ObjectHandleOnStack assemblyName, ObjectHandleOnStack requestingAssembly, StackCrawlMarkHandle stackMark, Boolean throwOnFileNotFound, ObjectHandleOnStack assemblyLoadContext, ObjectHandleOnStack retAssembly)
   at System.Reflection.RuntimeAssembly.InternalLoad(AssemblyName assemblyName, RuntimeAssembly requestingAssembly, StackCrawlMark& stackMark, Boolean throwOnFileNotFound, AssemblyLoadContext assemblyLoadContext)
   at System.Reflection.Assembly.Load(AssemblyName assemblyRef)
   at Microsoft.VisualStudio.TestPlatform.Common.ExtensionFramework.TestPluginCache.CurrentDomainAssemblyResolve(Object sender, AssemblyResolveEventArgs args)
   at Microsoft.VisualStudio.TestPlatform.PlatformAbstractions.PlatformAssemblyResolver.AssemblyResolverEvent(Object sender, Object eventArgs)
   at System.Runtime.Loader.AssemblyLoadContext.GetFirstResolvedAssemblyFromResolvingEvent(AssemblyName assemblyName)
   at System.Runtime.Loader.AssemblyLoadContext.ResolveUsingEvent(AssemblyName assemblyName)
   at System.Runtime.Loader.AssemblyLoadContext.ResolveUsingResolvingEvent(IntPtr gchManagedAssemblyLoadContext, AssemblyName assemblyName)
TpTrace Information: 0 : 9672, 1, 2022/10/11, 11:33:42.543, 3189801664808, vstest.console.dll, AssemblyResolver.OnResolve: Microsoft.TestPlatform.Extensions.BlameDataCollector: Resolving assembly.
TpTrace Information: 0 : 9672, 1, 2022/10/11, 11:33:42.543, 3189801665390, vstest.console.dll, AssemblyResolver.OnResolve: Microsoft.TestPlatform.Extensions.BlameDataCollector: Searching in: 'c:\program files\dotnet\sdk\6.0.302\Extensions'.
TpTrace Information: 0 : 9672, 1, 2022/10/11, 11:33:42.544, 3189801670919, vstest.console.dll, AssemblyResolver.OnResolve: Microsoft.TestPlatform.Extensions.BlameDataCollector: Loading assembly 'c:\program files\dotnet\sdk\6.0.302\Extensions\Microsoft.TestPlatform.Extensions.BlameDataCollector.dll'.
TpTrace Information: 0 : 9672, 1, 2022/10/11, 11:33:42.545, 3189801681751, vstest.console.dll, AssemblyResolver.OnResolve: Resolved assembly: Microsoft.TestPlatform.Extensions.BlameDataCollector, from path: c:\program files\dotnet\sdk\6.0.302\Extensions\Microsoft.TestPlatform.Extensions.BlameDataCollector.dll
TpTrace Verbose: 0 : 9672, 1, 2022/10/11, 11:33:42.545, 3189801682652, vstest.console.dll, MetadataReaderExtensionsHelper: Discovering extensions inside assembly 'Microsoft.TestPlatform.Extensions.BlameDataCollector, Version=15.0.0.0, Culture=neutral, PublicKeyToken=b03f5f7f11d50a3a' file path 'c:\program files\dotnet\sdk\6.0.302\Extensions\Microsoft.TestPlatform.Extensions.BlameDataCollector.dll'
TpTrace Information: 0 : 9672, 1, 2022/10/11, 11:33:42.547, 3189801698387, vstest.console.dll, AssemblyResolver.OnResolve: Microsoft.TestPlatform.Extensions.EventLogCollector: Resolving assembly.
TpTrace Information: 0 : 9672, 1, 2022/10/11, 11:33:42.547, 3189801699140, vstest.console.dll, AssemblyResolver.OnResolve: Microsoft.TestPlatform.Extensions.EventLogCollector: Searching in: 'c:\program files\dotnet\sdk\6.0.302\Extensions'.
TpTrace Information: 0 : 9672, 1, 2022/10/11, 11:33:42.547, 3189801704381, vstest.console.dll, AssemblyResolver.OnResolve: Microsoft.TestPlatform.Extensions.EventLogCollector: Loading assembly 'c:\program files\dotnet\sdk\6.0.302\Extensions\Microsoft.TestPlatform.Extensions.EventLogCollector.dll'.
TpTrace Information: 0 : 9672, 1, 2022/10/11, 11:33:42.548, 3189801710851, vstest.console.dll, AssemblyResolver.OnResolve: Resolved assembly: Microsoft.TestPlatform.Extensions.EventLogCollector, from path: c:\program files\dotnet\sdk\6.0.302\Extensions\Microsoft.TestPlatform.Extensions.EventLogCollector.dll
TpTrace Verbose: 0 : 9672, 1, 2022/10/11, 11:33:42.548, 3189801711854, vstest.console.dll, MetadataReaderExtensionsHelper: Discovering extensions inside assembly 'Microsoft.TestPlatform.Extensions.EventLogCollector, Version=15.0.0.0, Culture=neutral, PublicKeyToken=b03f5f7f11d50a3a' file path 'c:\program files\dotnet\sdk\6.0.302\Extensions\Microsoft.TestPlatform.Extensions.EventLogCollector.dll'
TpTrace Information: 0 : 9672, 1, 2022/10/11, 11:33:42.550, 3189801730057, vstest.console.dll, AssemblyResolver.OnResolve: Microsoft.TestPlatform.TestHostRuntimeProvider: Resolving assembly.
TpTrace Information: 0 : 9672, 1, 2022/10/11, 11:33:42.550, 3189801730812, vstest.console.dll, AssemblyResolver.OnResolve: Microsoft.TestPlatform.TestHostRuntimeProvider: Searching in: 'c:\program files\dotnet\sdk\6.0.302\Extensions'.
TpTrace Information: 0 : 9672, 1, 2022/10/11, 11:33:42.550, 3189801735833, vstest.console.dll, AssemblyResolver.OnResolve: Microsoft.TestPlatform.TestHostRuntimeProvider: Loading assembly 'c:\program files\dotnet\sdk\6.0.302\Extensions\Microsoft.TestPlatform.TestHostRuntimeProvider.dll'.
TpTrace Information: 0 : 9672, 1, 2022/10/11, 11:33:42.551, 3189801746393, vstest.console.dll, AssemblyResolver.OnResolve: Resolved assembly: Microsoft.TestPlatform.TestHostRuntimeProvider, from path: c:\program files\dotnet\sdk\6.0.302\Extensions\Microsoft.TestPlatform.TestHostRuntimeProvider.dll
TpTrace Verbose: 0 : 9672, 1, 2022/10/11, 11:33:42.552, 3189801747307, vstest.console.dll, MetadataReaderExtensionsHelper: Discovering extensions inside assembly 'Microsoft.TestPlatform.TestHostRuntimeProvider, Version=15.0.0.0, Culture=neutral, PublicKeyToken=b03f5f7f11d50a3a' file path 'c:\program files\dotnet\sdk\6.0.302\Extensions\Microsoft.TestPlatform.TestHostRuntimeProvider.dll'
TpTrace Information: 0 : 9672, 1, 2022/10/11, 11:33:42.554, 3189801771309, vstest.console.dll, GetTestExtensionFromType: Register extension with identifier data 'HostProvider://DefaultTestHost' and type 'Microsoft.VisualStudio.TestPlatform.CrossPlatEngine.Hosting.DefaultTestHostManager, Microsoft.TestPlatform.TestHostRuntimeProvider, Version=15.0.0.0, Culture=neutral, PublicKeyToken=b03f5f7f11d50a3a' inside file 'c:\program files\dotnet\sdk\6.0.302\Extensions\Microsoft.TestPlatform.TestHostRuntimeProvider.dll'
TpTrace Information: 0 : 9672, 1, 2022/10/11, 11:33:42.554, 3189801772347, vstest.console.dll, GetTestExtensionFromType: Register extension with identifier data 'HostProvider://DotnetTestHost' and type 'Microsoft.VisualStudio.TestPlatform.CrossPlatEngine.Hosting.DotnetTestHostManager, Microsoft.TestPlatform.TestHostRuntimeProvider, Version=15.0.0.0, Culture=neutral, PublicKeyToken=b03f5f7f11d50a3a' inside file 'c:\program files\dotnet\sdk\6.0.302\Extensions\Microsoft.TestPlatform.TestHostRuntimeProvider.dll'
TpTrace Information: 0 : 9672, 1, 2022/10/11, 11:33:42.554, 3189801773399, vstest.console.dll, AssemblyResolver.OnResolve: Microsoft.VisualStudio.TestPlatform.Extensions.Html.TestLogger: Resolving assembly.
TpTrace Information: 0 : 9672, 1, 2022/10/11, 11:33:42.554, 3189801773944, vstest.console.dll, AssemblyResolver.OnResolve: Microsoft.VisualStudio.TestPlatform.Extensions.Html.TestLogger: Searching in: 'c:\program files\dotnet\sdk\6.0.302\Extensions'.
TpTrace Information: 0 : 9672, 1, 2022/10/11, 11:33:42.555, 3189801778910, vstest.console.dll, AssemblyResolver.OnResolve: Microsoft.VisualStudio.TestPlatform.Extensions.Html.TestLogger: Loading assembly 'c:\program files\dotnet\sdk\6.0.302\Extensions\Microsoft.VisualStudio.TestPlatform.Extensions.Html.TestLogger.dll'.
TpTrace Information: 0 : 9672, 1, 2022/10/11, 11:33:42.556, 3189801789036, vstest.console.dll, AssemblyResolver.OnResolve: Resolved assembly: Microsoft.VisualStudio.TestPlatform.Extensions.Html.TestLogger, from path: c:\program files\dotnet\sdk\6.0.302\Extensions\Microsoft.VisualStudio.TestPlatform.Extensions.Html.TestLogger.dll
TpTrace Verbose: 0 : 9672, 1, 2022/10/11, 11:33:42.556, 3189801789951, vstest.console.dll, MetadataReaderExtensionsHelper: Discovering extensions inside assembly 'Microsoft.VisualStudio.TestPlatform.Extensions.Html.TestLogger, Version=15.0.0.0, Culture=neutral, PublicKeyToken=b03f5f7f11d50a3a' file path 'c:\program files\dotnet\sdk\6.0.302\Extensions\Microsoft.VisualStudio.TestPlatform.Extensions.Html.TestLogger.dll'
TpTrace Information: 0 : 9672, 1, 2022/10/11, 11:33:42.557, 3189801798687, vstest.console.dll, AssemblyResolver.OnResolve: Microsoft.VisualStudio.TestPlatform.Extensions.Trx.TestLogger: Resolving assembly.
TpTrace Information: 0 : 9672, 1, 2022/10/11, 11:33:42.557, 3189801799555, vstest.console.dll, AssemblyResolver.OnResolve: Microsoft.VisualStudio.TestPlatform.Extensions.Trx.TestLogger: Searching in: 'c:\program files\dotnet\sdk\6.0.302\Extensions'.
TpTrace Information: 0 : 9672, 1, 2022/10/11, 11:33:42.557, 3189801804689, vstest.console.dll, AssemblyResolver.OnResolve: Microsoft.VisualStudio.TestPlatform.Extensions.Trx.TestLogger: Loading assembly 'c:\program files\dotnet\sdk\6.0.302\Extensions\Microsoft.VisualStudio.TestPlatform.Extensions.Trx.TestLogger.dll'.
TpTrace Information: 0 : 9672, 1, 2022/10/11, 11:33:42.558, 3189801815235, vstest.console.dll, AssemblyResolver.OnResolve: Resolved assembly: Microsoft.VisualStudio.TestPlatform.Extensions.Trx.TestLogger, from path: c:\program files\dotnet\sdk\6.0.302\Extensions\Microsoft.VisualStudio.TestPlatform.Extensions.Trx.TestLogger.dll
TpTrace Verbose: 0 : 9672, 1, 2022/10/11, 11:33:42.558, 3189801816166, vstest.console.dll, MetadataReaderExtensionsHelper: Discovering extensions inside assembly 'Microsoft.VisualStudio.TestPlatform.Extensions.Trx.TestLogger, Version=15.0.0.0, Culture=neutral, PublicKeyToken=b03f5f7f11d50a3a' file path 'c:\program files\dotnet\sdk\6.0.302\Extensions\Microsoft.VisualStudio.TestPlatform.Extensions.Trx.TestLogger.dll'
TpTrace Verbose: 0 : 9672, 1, 2022/10/11, 11:33:42.560, 3189801828595, vstest.console.dll, TestPluginCache: Discovered the extensions using extension path ''.
TpTrace Verbose: 0 : 9672, 1, 2022/10/11, 11:33:42.560, 3189801829437, vstest.console.dll, TestPluginCache: Discoverers are ''.
TpTrace Verbose: 0 : 9672, 1, 2022/10/11, 11:33:42.560, 3189801829861, vstest.console.dll, TestPluginCache: Executors are ''.
TpTrace Verbose: 0 : 9672, 1, 2022/10/11, 11:33:42.560, 3189801830199, vstest.console.dll, TestPluginCache: Executors2 are ''.
TpTrace Verbose: 0 : 9672, 1, 2022/10/11, 11:33:42.560, 3189801830515, vstest.console.dll, TestPluginCache: Setting providers are ''.
TpTrace Verbose: 0 : 9672, 1, 2022/10/11, 11:33:42.560, 3189801830859, vstest.console.dll, TestPluginCache: Loggers are ''.
TpTrace Verbose: 0 : 9672, 1, 2022/10/11, 11:33:42.560, 3189801832694, vstest.console.dll, TestPluginCache: TestHosts are 'HostProvider://DefaultTestHost,HostProvider://DotnetTestHost'.
TpTrace Verbose: 0 : 9672, 1, 2022/10/11, 11:33:42.560, 3189801833219, vstest.console.dll, TestPluginCache: DataCollectors are ''.
TpTrace Information: 0 : 9672, 1, 2022/10/11, 11:33:42.575, 3189801978054, vstest.console.dll, RunTestsArgumentProcessor:Execute: Test run is starting.
TpTrace Verbose: 0 : 9672, 1, 2022/10/11, 11:33:42.575, 3189801978976, vstest.console.dll, RunTestsArgumentProcessor:Execute: Queuing Test run.
TpTrace Information: 0 : 9672, 1, 2022/10/11, 11:33:42.575, 3189801981397, vstest.console.dll, TestRequestManager.RunTests: run tests started.
TpTrace Information: 0 : 9672, 1, 2022/10/11, 11:33:42.578, 3189802006800, vstest.console.dll, AssemblyMetadataProvider.GetFrameWork: Determined framework:'.NETCoreApp,Version=v3.1' for source: 'C:\Users\luisf\Desktop\Repositori B1 Dev\OrbitService\OrbitService\test\OrbitLibrary-Test\bin\Debug\netcoreapp3.1\fine-code-coverage\build-output\OrbitLibrary_Test.dll'
TpTrace Information: 0 : 9672, 1, 2022/10/11, 11:33:42.578, 3189802008790, vstest.console.dll, Determined framework for all sources: .NETCoreApp,Version=v3.1
TpTrace Verbose: 0 : 9672, 1, 2022/10/11, 11:33:42.578, 3189802013483, vstest.console.dll, TestRequestManager.UpdateRunSettingsIfRequired: Default architecture: X64 IsDefaultTargetArchitecture: True, Current process architecture: X64 OperatingSystem: Windows.
TpTrace Information: 0 : 9672, 1, 2022/10/11, 11:33:42.579, 3189802016763, vstest.console.dll, AssemblyMetadataProvider.GetArchitecture: Determined architecture:AnyCPU info for assembly: C:\Users\luisf\Desktop\Repositori B1 Dev\OrbitService\OrbitService\test\OrbitLibrary-Test\bin\Debug\netcoreapp3.1\fine-code-coverage\build-output\OrbitLibrary_Test.dll
TpTrace Information: 0 : 9672, 1, 2022/10/11, 11:33:42.579, 3189802017550, vstest.console.dll, Determined platform for source 'C:\Users\luisf\Desktop\Repositori B1 Dev\OrbitService\OrbitService\test\OrbitLibrary-Test\bin\Debug\netcoreapp3.1\fine-code-coverage\build-output\OrbitLibrary_Test.dll' is 'AnyCPU'
TpTrace Information: 0 : 9672, 1, 2022/10/11, 11:33:42.581, 3189802039725, vstest.console.dll, Determined platform for all sources: X64
TpTrace Information: 0 : 9672, 1, 2022/10/11, 11:33:42.581, 3189802040491, vstest.console.dll, Infered platform 'X64'.
TpTrace Information: 0 : 9672, 1, 2022/10/11, 11:33:42.581, 3189802041067, vstest.console.dll, Platform update to 'X64' required.
TpTrace Information: 0 : 9672, 1, 2022/10/11, 11:33:42.584, 3189802073145, vstest.console.dll, Compatible sources list: 
TpTrace Information: 0 : 9672, 1, 2022/10/11, 11:33:42.584, 3189802073996, vstest.console.dll, C:\Users\luisf\Desktop\Repositori B1 Dev\OrbitService\OrbitService\test\OrbitLibrary-Test\bin\Debug\netcoreapp3.1\fine-code-coverage\build-output\OrbitLibrary_Test.dll
TpTrace Information: 0 : 9672, 1, 2022/10/11, 11:33:42.587, 3189802104831, vstest.console.dll, InferRunSettingsHelper.IsTestSettingsEnabled: Unable to navigate to RunSettings/MSTest. Current node: RunSettings
TpTrace Information: 0 : 9672, 1, 2022/10/11, 11:33:42.588, 3189802113151, vstest.console.dll, AssemblyResolver.OnResolve: Microsoft.VisualStudio.TestPlatform.Fakes: Resolving assembly.
TpTrace Information: 0 : 9672, 1, 2022/10/11, 11:33:42.588, 3189802113837, vstest.console.dll, AssemblyResolver.OnResolve: Microsoft.VisualStudio.TestPlatform.Fakes: Searching in: 'c:\program files\dotnet\sdk\6.0.302\Extensions'.
TpTrace Information: 0 : 9672, 1, 2022/10/11, 11:33:42.588, 3189802114932, vstest.console.dll, AssemblyResolver.OnResolve: Microsoft.VisualStudio.TestPlatform.Fakes: Assembly path does not exist: 'c:\program files\dotnet\sdk\6.0.302\Extensions\Microsoft.VisualStudio.TestPlatform.Fakes.dll', returning.
TpTrace Information: 0 : 9672, 1, 2022/10/11, 11:33:42.588, 3189802115781, vstest.console.dll, AssemblyResolver.OnResolve: Microsoft.VisualStudio.TestPlatform.Fakes: Assembly path does not exist: 'c:\program files\dotnet\sdk\6.0.302\Extensions\Microsoft.VisualStudio.TestPlatform.Fakes.exe', returning.
TpTrace Information: 0 : 9672, 1, 2022/10/11, 11:33:42.588, 3189802116274, vstest.console.dll, AssemblyResolver.OnResolve: Microsoft.VisualStudio.TestPlatform.Fakes: Searching in: 'c:\program files\dotnet\sdk\6.0.302'.
TpTrace Information: 0 : 9672, 1, 2022/10/11, 11:33:42.589, 3189802117071, vstest.console.dll, AssemblyResolver.OnResolve: Microsoft.VisualStudio.TestPlatform.Fakes: Assembly path does not exist: 'c:\program files\dotnet\sdk\6.0.302\Microsoft.VisualStudio.TestPlatform.Fakes.dll', returning.
TpTrace Information: 0 : 9672, 1, 2022/10/11, 11:33:42.589, 3189802118512, vstest.console.dll, AssemblyResolver.OnResolve: Microsoft.VisualStudio.TestPlatform.Fakes: Assembly path does not exist: 'c:\program files\dotnet\sdk\6.0.302\Microsoft.VisualStudio.TestPlatform.Fakes.exe', returning.
TpTrace Information: 0 : 9672, 1, 2022/10/11, 11:33:42.589, 3189802119003, vstest.console.dll, AssemblyResolver.OnResolve: Microsoft.VisualStudio.TestPlatform.Fakes: Failed to load assembly.
TpTrace Information: 0 : 9672, 1, 2022/10/11, 11:33:42.589, 3189802122920, vstest.console.dll, Failed to load assembly Microsoft.VisualStudio.TestPlatform.Fakes, Version=17.0.0.0, Culture=neutral. Reason:System.IO.FileNotFoundException: Could not load file or assembly 'Microsoft.VisualStudio.TestPlatform.Fakes, Version=17.0.0.0, Culture=neutral, PublicKeyToken=null'. O sistema não pode encontrar o arquivo especificado.
File name: 'Microsoft.VisualStudio.TestPlatform.Fakes, Version=17.0.0.0, Culture=neutral, PublicKeyToken=null'
   at System.Reflection.RuntimeAssembly.InternalLoad(ObjectHandleOnStack assemblyName, ObjectHandleOnStack requestingAssembly, StackCrawlMarkHandle stackMark, Boolean throwOnFileNotFound, ObjectHandleOnStack assemblyLoadContext, ObjectHandleOnStack retAssembly)
   at System.Reflection.RuntimeAssembly.InternalLoad(AssemblyName assemblyName, RuntimeAssembly requestingAssembly, StackCrawlMark& stackMark, Boolean throwOnFileNotFound, AssemblyLoadContext assemblyLoadContext)
   at System.Reflection.Assembly.Load(AssemblyName assemblyRef)
   at Microsoft.VisualStudio.TestPlatform.Common.Utilities.FakesUtilities.LoadTestPlatformAssembly()
TpTrace Verbose: 0 : 9672, 1, 2022/10/11, 11:33:42.593, 3189802165347, vstest.console.dll, TestPluginCache.DiscoverTestExtensions: finding test extensions in assemblies ends with: TestLogger.dll TPluginInfo: Microsoft.VisualStudio.TestPlatform.Common.ExtensionFramework.Utilities.TestLoggerPluginInformation TExtension: Microsoft.VisualStudio.TestPlatform.ObjectModel.Client.ITestLogger
TpTrace Verbose: 0 : 9672, 1, 2022/10/11, 11:33:42.593, 3189802166317, vstest.console.dll, TestPluginCache.GetExtensionPaths: Filtered extension paths: 
TpTrace Verbose: 0 : 9672, 1, 2022/10/11, 11:33:42.594, 3189802166808, vstest.console.dll, TestPluginCache.GetExtensionPaths: Added default extension paths: c:\program files\dotnet\sdk\6.0.302\Extensions\DumpMinitool.exe
c:\program files\dotnet\sdk\6.0.302\Extensions\DumpMinitool.x86.exe
c:\program files\dotnet\sdk\6.0.302\Extensions\Microsoft.Diagnostics.NETCore.Client.dll
c:\program files\dotnet\sdk\6.0.302\Extensions\Microsoft.TestPlatform.Extensions.BlameDataCollector.dll
c:\program files\dotnet\sdk\6.0.302\Extensions\Microsoft.TestPlatform.Extensions.EventLogCollector.dll
c:\program files\dotnet\sdk\6.0.302\Extensions\Microsoft.TestPlatform.TestHostRuntimeProvider.dll
c:\program files\dotnet\sdk\6.0.302\Extensions\Microsoft.VisualStudio.TestPlatform.Extensions.Html.TestLogger.dll
c:\program files\dotnet\sdk\6.0.302\Extensions\Microsoft.VisualStudio.TestPlatform.Extensions.Trx.TestLogger.dll
TpTrace Verbose: 0 : 9672, 1, 2022/10/11, 11:33:42.594, 3189802167418, vstest.console.dll, TestPluginCache.GetExtensionPaths: Added unfilterableExtensionPaths: 
TpTrace Information: 0 : 9672, 1, 2022/10/11, 11:33:42.594, 3189802168946, vstest.console.dll, AssemblyResolver.AddSearchDirectories: Adding more searchDirectories c:\program files\dotnet\sdk\6.0.302\Extensions,c:\program files\dotnet\sdk\6.0.302
TpTrace Verbose: 0 : 9672, 1, 2022/10/11, 11:33:42.594, 3189802169570, vstest.console.dll, TestPluginCache.DiscoverTestExtensions: Discovering the extensions using extension path.
TpTrace Verbose: 0 : 9672, 1, 2022/10/11, 11:33:42.594, 3189802170170, vstest.console.dll, TestPluginCache.GetExtensionPaths: Filtered extension paths: 
TpTrace Verbose: 0 : 9672, 1, 2022/10/11, 11:33:42.594, 3189802170571, vstest.console.dll, TestPluginCache.GetExtensionPaths: Added default extension paths: c:\program files\dotnet\sdk\6.0.302\Extensions\DumpMinitool.exe
c:\program files\dotnet\sdk\6.0.302\Extensions\DumpMinitool.x86.exe
c:\program files\dotnet\sdk\6.0.302\Extensions\Microsoft.Diagnostics.NETCore.Client.dll
c:\program files\dotnet\sdk\6.0.302\Extensions\Microsoft.TestPlatform.Extensions.BlameDataCollector.dll
c:\program files\dotnet\sdk\6.0.302\Extensions\Microsoft.TestPlatform.Extensions.EventLogCollector.dll
c:\program files\dotnet\sdk\6.0.302\Extensions\Microsoft.TestPlatform.TestHostRuntimeProvider.dll
c:\program files\dotnet\sdk\6.0.302\Extensions\Microsoft.VisualStudio.TestPlatform.Extensions.Html.TestLogger.dll
c:\program files\dotnet\sdk\6.0.302\Extensions\Microsoft.VisualStudio.TestPlatform.Extensions.Trx.TestLogger.dll
TpTrace Verbose: 0 : 9672, 1, 2022/10/11, 11:33:42.594, 3189802171117, vstest.console.dll, TestPluginCache.GetExtensionPaths: Added unfilterableExtensionPaths: 
TpTrace Verbose: 0 : 9672, 1, 2022/10/11, 11:33:42.594, 3189802171568, vstest.console.dll, TestPluginCache.DiscoverTestExtensions: Discovering the extensions using allExtensionPaths: c:\program files\dotnet\sdk\6.0.302\Extensions\DumpMinitool.exe
c:\program files\dotnet\sdk\6.0.302\Extensions\DumpMinitool.x86.exe
c:\program files\dotnet\sdk\6.0.302\Extensions\Microsoft.Diagnostics.NETCore.Client.dll
c:\program files\dotnet\sdk\6.0.302\Extensions\Microsoft.TestPlatform.Extensions.BlameDataCollector.dll
c:\program files\dotnet\sdk\6.0.302\Extensions\Microsoft.TestPlatform.Extensions.EventLogCollector.dll
c:\program files\dotnet\sdk\6.0.302\Extensions\Microsoft.TestPlatform.TestHostRuntimeProvider.dll
c:\program files\dotnet\sdk\6.0.302\Extensions\Microsoft.VisualStudio.TestPlatform.Extensions.Html.TestLogger.dll
c:\program files\dotnet\sdk\6.0.302\Extensions\Microsoft.VisualStudio.TestPlatform.Extensions.Trx.TestLogger.dll
TpTrace Information: 0 : 9672, 1, 2022/10/11, 11:33:42.594, 3189802172243, vstest.console.dll, AssemblyResolver.AddSearchDirectories: Adding more searchDirectories c:\program files\dotnet\sdk\6.0.302\Extensions,c:\program files\dotnet\sdk\6.0.302
TpTrace Information: 0 : 9672, 1, 2022/10/11, 11:33:42.594, 3189802172730, vstest.console.dll, AssemblyResolver.AddSearchDirectories: Adding more searchDirectories c:\program files\dotnet\sdk\6.0.302\Extensions,c:\program files\dotnet\sdk\6.0.302
TpTrace Information: 0 : 9672, 1, 2022/10/11, 11:33:42.594, 3189802173156, vstest.console.dll, AssemblyResolver.AddSearchDirectories: Adding more searchDirectories c:\program files\dotnet\sdk\6.0.302\Extensions,c:\program files\dotnet\sdk\6.0.302
TpTrace Information: 0 : 9672, 1, 2022/10/11, 11:33:42.594, 3189802173658, vstest.console.dll, AssemblyResolver.AddSearchDirectories: Adding more searchDirectories c:\program files\dotnet\sdk\6.0.302\Extensions,c:\program files\dotnet\sdk\6.0.302
TpTrace Information: 0 : 9672, 1, 2022/10/11, 11:33:42.594, 3189802174082, vstest.console.dll, AssemblyResolver.AddSearchDirectories: Adding more searchDirectories c:\program files\dotnet\sdk\6.0.302\Extensions,c:\program files\dotnet\sdk\6.0.302
TpTrace Information: 0 : 9672, 1, 2022/10/11, 11:33:42.594, 3189802174492, vstest.console.dll, AssemblyResolver.AddSearchDirectories: Adding more searchDirectories c:\program files\dotnet\sdk\6.0.302\Extensions,c:\program files\dotnet\sdk\6.0.302
TpTrace Information: 0 : 9672, 1, 2022/10/11, 11:33:42.594, 3189802174980, vstest.console.dll, AssemblyResolver.AddSearchDirectories: Adding more searchDirectories c:\program files\dotnet\sdk\6.0.302\Extensions,c:\program files\dotnet\sdk\6.0.302
TpTrace Information: 0 : 9672, 1, 2022/10/11, 11:33:42.594, 3189802175504, vstest.console.dll, AssemblyResolver.AddSearchDirectories: Adding more searchDirectories c:\program files\dotnet\sdk\6.0.302\Extensions,c:\program files\dotnet\sdk\6.0.302
TpTrace Verbose: 0 : 9672, 1, 2022/10/11, 11:33:42.595, 3189802177055, vstest.console.dll, MetadataReaderExtensionsHelper: Discovering extensions inside assembly 'DumpMinitool, Version=15.0.0.0, Culture=neutral, PublicKeyToken=b03f5f7f11d50a3a' file path 'c:\program files\dotnet\sdk\6.0.302\Extensions\DumpMinitool.exe'
TpTrace Verbose: 0 : 9672, 1, 2022/10/11, 11:33:42.595, 3189802183754, vstest.console.dll, MetadataReaderExtensionsHelper: Discovering extensions inside assembly 'DumpMinitool.x86, Version=15.0.0.0, Culture=neutral, PublicKeyToken=b03f5f7f11d50a3a' file path 'c:\program files\dotnet\sdk\6.0.302\Extensions\DumpMinitool.x86.exe'
TpTrace Verbose: 0 : 9672, 1, 2022/10/11, 11:33:42.596, 3189802188946, vstest.console.dll, MetadataReaderExtensionsHelper: Discovering extensions inside assembly 'Microsoft.Diagnostics.NETCore.Client, Version=0.2.5.801, Culture=neutral, PublicKeyToken=31bf3856ad364e35' file path 'c:\program files\dotnet\sdk\6.0.302\Extensions\Microsoft.Diagnostics.NETCore.Client.dll'
TpTrace Information: 0 : 9672, 1, 2022/10/11, 11:33:42.596, 3189802195380, vstest.console.dll, AssemblyResolver.OnResolve: Microsoft.Bcl.AsyncInterfaces: Resolving assembly.
TpTrace Information: 0 : 9672, 1, 2022/10/11, 11:33:42.596, 3189802195961, vstest.console.dll, AssemblyResolver.OnResolve: Microsoft.Bcl.AsyncInterfaces: Resolved from cache.
TpTrace Verbose: 0 : 9672, 1, 2022/10/11, 11:33:42.596, 3189802196465, vstest.console.dll, CurrentDomainAssemblyResolve: Resolving assembly 'Microsoft.Bcl.AsyncInterfaces'.
TpTrace Information: 0 : 9672, 1, 2022/10/11, 11:33:42.597, 3189802197118, vstest.console.dll, AssemblyResolver.OnResolve: Microsoft.Bcl.AsyncInterfaces: Resolving assembly.
TpTrace Information: 0 : 9672, 1, 2022/10/11, 11:33:42.597, 3189802197922, vstest.console.dll, AssemblyResolver.OnResolve: Microsoft.Bcl.AsyncInterfaces: Resolved from cache.
TpTrace Verbose: 0 : 9672, 1, 2022/10/11, 11:33:42.597, 3189802198460, vstest.console.dll, CurrentDomainAssemblyResolve: Resolving assembly 'Microsoft.Bcl.AsyncInterfaces'.
TpTrace Verbose: 0 : 9672, 1, 2022/10/11, 11:33:42.597, 3189802198827, vstest.console.dll, CurrentDomainAssemblyResolve: Failed to resolve assembly 'Microsoft.Bcl.AsyncInterfaces'.
TpTrace Verbose: 0 : 9672, 1, 2022/10/11, 11:33:42.597, 3189802200671, vstest.console.dll, CurrentDomainAssemblyResolve: Failed to resolve assembly 'Microsoft.Bcl.AsyncInterfaces'.
TpTrace Warning: 0 : 9672, 1, 2022/10/11, 11:33:42.597, 3189802205814, vstest.console.dll, TestPluginDiscoverer: Failed to get types from assembly 'Microsoft.Diagnostics.NETCore.Client, Version=0.2.5.801, Culture=neutral, PublicKeyToken=31bf3856ad364e35'. Error: System.Reflection.ReflectionTypeLoadException: Unable to load one or more of the requested types.
Could not load file or assembly 'Microsoft.Bcl.AsyncInterfaces, Version=1.0.0.0, Culture=neutral, PublicKeyToken=cc7b13ffcd2ddd51'. O sistema não pode encontrar o arquivo especificado.
   at System.Reflection.RuntimeModule.GetTypes(RuntimeModule module)
   at System.Reflection.Assembly.GetTypes()
   at Microsoft.VisualStudio.TestPlatform.Common.ExtensionFramework.TestPluginDiscoverer.GetTestExtensionsFromAssembly[TPluginInfo,TExtension](Assembly assembly, Dictionary`2 pluginInfos, String filePath)
System.IO.FileNotFoundException: Could not load file or assembly 'Microsoft.Bcl.AsyncInterfaces, Version=1.0.0.0, Culture=neutral, PublicKeyToken=cc7b13ffcd2ddd51'. O sistema não pode encontrar o arquivo especificado.
File name: 'Microsoft.Bcl.AsyncInterfaces, Version=1.0.0.0, Culture=neutral, PublicKeyToken=cc7b13ffcd2ddd51'
 ---> System.IO.FileNotFoundException: Could not load file or assembly 'Microsoft.Bcl.AsyncInterfaces, Culture=neutral, PublicKeyToken=null'. O sistema não pode encontrar o arquivo especificado.
File name: 'Microsoft.Bcl.AsyncInterfaces, Culture=neutral, PublicKeyToken=null'
   at System.Reflection.RuntimeAssembly.InternalLoad(ObjectHandleOnStack assemblyName, ObjectHandleOnStack requestingAssembly, StackCrawlMarkHandle stackMark, Boolean throwOnFileNotFound, ObjectHandleOnStack assemblyLoadContext, ObjectHandleOnStack retAssembly)
   at System.Reflection.RuntimeAssembly.InternalLoad(AssemblyName assemblyName, RuntimeAssembly requestingAssembly, StackCrawlMark& stackMark, Boolean throwOnFileNotFound, AssemblyLoadContext assemblyLoadContext)
   at System.Reflection.Assembly.Load(AssemblyName assemblyRef)
   at Microsoft.VisualStudio.TestPlatform.Common.ExtensionFramework.TestPluginCache.CurrentDomainAssemblyResolve(Object sender, AssemblyResolveEventArgs args)
   at Microsoft.VisualStudio.TestPlatform.PlatformAbstractions.PlatformAssemblyResolver.AssemblyResolverEvent(Object sender, Object eventArgs)
   at System.Runtime.Loader.AssemblyLoadContext.GetFirstResolvedAssemblyFromResolvingEvent(AssemblyName assemblyName)
   at System.Runtime.Loader.AssemblyLoadContext.ResolveUsingEvent(AssemblyName assemblyName)
   at System.Runtime.Loader.AssemblyLoadContext.ResolveUsingResolvingEvent(IntPtr gchManagedAssemblyLoadContext, AssemblyName assemblyName)
TpTrace Warning: 0 : 9672, 1, 2022/10/11, 11:33:42.598, 3189802208302, vstest.console.dll, LoaderExceptions: System.IO.FileNotFoundException: Could not load file or assembly 'Microsoft.Bcl.AsyncInterfaces, Version=1.0.0.0, Culture=neutral, PublicKeyToken=cc7b13ffcd2ddd51'. O sistema não pode encontrar o arquivo especificado.
File name: 'Microsoft.Bcl.AsyncInterfaces, Version=1.0.0.0, Culture=neutral, PublicKeyToken=cc7b13ffcd2ddd51'
 ---> System.IO.FileNotFoundException: Could not load file or assembly 'Microsoft.Bcl.AsyncInterfaces, Culture=neutral, PublicKeyToken=null'. O sistema não pode encontrar o arquivo especificado.
File name: 'Microsoft.Bcl.AsyncInterfaces, Culture=neutral, PublicKeyToken=null'
   at System.Reflection.RuntimeAssembly.InternalLoad(ObjectHandleOnStack assemblyName, ObjectHandleOnStack requestingAssembly, StackCrawlMarkHandle stackMark, Boolean throwOnFileNotFound, ObjectHandleOnStack assemblyLoadContext, ObjectHandleOnStack retAssembly)
   at System.Reflection.RuntimeAssembly.InternalLoad(AssemblyName assemblyName, RuntimeAssembly requestingAssembly, StackCrawlMark& stackMark, Boolean throwOnFileNotFound, AssemblyLoadContext assemblyLoadContext)
   at System.Reflection.Assembly.Load(AssemblyName assemblyRef)
   at Microsoft.VisualStudio.TestPlatform.Common.ExtensionFramework.TestPluginCache.CurrentDomainAssemblyResolve(Object sender, AssemblyResolveEventArgs args)
   at Microsoft.VisualStudio.TestPlatform.PlatformAbstractions.PlatformAssemblyResolver.AssemblyResolverEvent(Object sender, Object eventArgs)
   at System.Runtime.Loader.AssemblyLoadContext.GetFirstResolvedAssemblyFromResolvingEvent(AssemblyName assemblyName)
   at System.Runtime.Loader.AssemblyLoadContext.ResolveUsingEvent(AssemblyName assemblyName)
   at System.Runtime.Loader.AssemblyLoadContext.ResolveUsingResolvingEvent(IntPtr gchManagedAssemblyLoadContext, AssemblyName assemblyName)
TpTrace Verbose: 0 : 9672, 1, 2022/10/11, 11:33:42.598, 3189802209548, vstest.console.dll, MetadataReaderExtensionsHelper: Discovering extensions inside assembly 'Microsoft.TestPlatform.Extensions.BlameDataCollector, Version=15.0.0.0, Culture=neutral, PublicKeyToken=b03f5f7f11d50a3a' file path 'c:\program files\dotnet\sdk\6.0.302\Extensions\Microsoft.TestPlatform.Extensions.BlameDataCollector.dll'
TpTrace Information: 0 : 9672, 1, 2022/10/11, 11:33:42.598, 3189802216475, vstest.console.dll, GetTestExtensionFromType: Register extension with identifier data 'logger://Microsoft/TestPlatform/Extensions/Blame/v1' and type 'Microsoft.TestPlatform.Extensions.BlameDataCollector.BlameLogger, Microsoft.TestPlatform.Extensions.BlameDataCollector, Version=15.0.0.0, Culture=neutral, PublicKeyToken=b03f5f7f11d50a3a' inside file 'c:\program files\dotnet\sdk\6.0.302\Extensions\Microsoft.TestPlatform.Extensions.BlameDataCollector.dll'
TpTrace Verbose: 0 : 9672, 1, 2022/10/11, 11:33:42.599, 3189802218068, vstest.console.dll, MetadataReaderExtensionsHelper: Discovering extensions inside assembly 'Microsoft.TestPlatform.Extensions.EventLogCollector, Version=15.0.0.0, Culture=neutral, PublicKeyToken=b03f5f7f11d50a3a' file path 'c:\program files\dotnet\sdk\6.0.302\Extensions\Microsoft.TestPlatform.Extensions.EventLogCollector.dll'
TpTrace Verbose: 0 : 9672, 1, 2022/10/11, 11:33:42.599, 3189802224018, vstest.console.dll, MetadataReaderExtensionsHelper: Discovering extensions inside assembly 'Microsoft.TestPlatform.TestHostRuntimeProvider, Version=15.0.0.0, Culture=neutral, PublicKeyToken=b03f5f7f11d50a3a' file path 'c:\program files\dotnet\sdk\6.0.302\Extensions\Microsoft.TestPlatform.TestHostRuntimeProvider.dll'
TpTrace Verbose: 0 : 9672, 1, 2022/10/11, 11:33:42.600, 3189802229801, vstest.console.dll, MetadataReaderExtensionsHelper: Discovering extensions inside assembly 'Microsoft.VisualStudio.TestPlatform.Extensions.Html.TestLogger, Version=15.0.0.0, Culture=neutral, PublicKeyToken=b03f5f7f11d50a3a' file path 'c:\program files\dotnet\sdk\6.0.302\Extensions\Microsoft.VisualStudio.TestPlatform.Extensions.Html.TestLogger.dll'
TpTrace Information: 0 : 9672, 1, 2022/10/11, 11:33:42.600, 3189802235080, vstest.console.dll, GetTestExtensionFromType: Register extension with identifier data 'logger://Microsoft/TestPlatform/HtmlLogger/v1' and type 'Microsoft.VisualStudio.TestPlatform.Extensions.HtmlLogger.HtmlLogger, Microsoft.VisualStudio.TestPlatform.Extensions.Html.TestLogger, Version=15.0.0.0, Culture=neutral, PublicKeyToken=b03f5f7f11d50a3a' inside file 'c:\program files\dotnet\sdk\6.0.302\Extensions\Microsoft.VisualStudio.TestPlatform.Extensions.Html.TestLogger.dll'
TpTrace Verbose: 0 : 9672, 1, 2022/10/11, 11:33:42.600, 3189802236134, vstest.console.dll, MetadataReaderExtensionsHelper: Discovering extensions inside assembly 'Microsoft.VisualStudio.TestPlatform.Extensions.Trx.TestLogger, Version=15.0.0.0, Culture=neutral, PublicKeyToken=b03f5f7f11d50a3a' file path 'c:\program files\dotnet\sdk\6.0.302\Extensions\Microsoft.VisualStudio.TestPlatform.Extensions.Trx.TestLogger.dll'
TpTrace Information: 0 : 9672, 1, 2022/10/11, 11:33:42.601, 3189802243159, vstest.console.dll, GetTestExtensionFromType: Register extension with identifier data 'logger://Microsoft/TestPlatform/TrxLogger/v1' and type 'Microsoft.VisualStudio.TestPlatform.Extensions.TrxLogger.TrxLogger, Microsoft.VisualStudio.TestPlatform.Extensions.Trx.TestLogger, Version=15.0.0.0, Culture=neutral, PublicKeyToken=b03f5f7f11d50a3a' inside file 'c:\program files\dotnet\sdk\6.0.302\Extensions\Microsoft.VisualStudio.TestPlatform.Extensions.Trx.TestLogger.dll'
TpTrace Verbose: 0 : 9672, 1, 2022/10/11, 11:33:42.601, 3189802244330, vstest.console.dll, TestPluginCache: Discovered the extensions using extension path ''.
TpTrace Verbose: 0 : 9672, 1, 2022/10/11, 11:33:42.601, 3189802244800, vstest.console.dll, TestPluginCache: Discoverers are ''.
TpTrace Verbose: 0 : 9672, 1, 2022/10/11, 11:33:42.601, 3189802245249, vstest.console.dll, TestPluginCache: Executors are ''.
TpTrace Verbose: 0 : 9672, 1, 2022/10/11, 11:33:42.601, 3189802245578, vstest.console.dll, TestPluginCache: Executors2 are ''.
TpTrace Verbose: 0 : 9672, 1, 2022/10/11, 11:33:42.601, 3189802245893, vstest.console.dll, TestPluginCache: Setting providers are ''.
TpTrace Verbose: 0 : 9672, 1, 2022/10/11, 11:33:42.602, 3189802246785, vstest.console.dll, TestPluginCache: Loggers are 'logger://Microsoft/TestPlatform/Extensions/Blame/v1,logger://Microsoft/TestPlatform/HtmlLogger/v1,logger://Microsoft/TestPlatform/TrxLogger/v1'.
TpTrace Verbose: 0 : 9672, 1, 2022/10/11, 11:33:42.602, 3189802247616, vstest.console.dll, TestPluginCache: TestHosts are 'HostProvider://DefaultTestHost,HostProvider://DotnetTestHost'.
TpTrace Verbose: 0 : 9672, 1, 2022/10/11, 11:33:42.602, 3189802248058, vstest.console.dll, TestPluginCache: DataCollectors are ''.
TpTrace Information: 0 : 9672, 1, 2022/10/11, 11:33:42.603, 3189802256860, vstest.console.dll, TestPluginManager.CreateTestExtension: Attempting to load test extension: Microsoft.TestPlatform.Extensions.BlameDataCollector.BlameLogger
TpTrace Information: 0 : 9672, 1, 2022/10/11, 11:33:42.609, 3189802320473, vstest.console.dll, TestPluginManager.CreateTestExtension: Attempting to load test extension: Microsoft.VisualStudio.TestPlatform.CrossPlatEngine.Hosting.DefaultTestHostManager
TpTrace Information: 0 : 9672, 1, 2022/10/11, 11:33:42.611, 3189802339499, vstest.console.dll, TestPluginManager.CreateTestExtension: Attempting to load test extension: Microsoft.VisualStudio.TestPlatform.CrossPlatEngine.Hosting.DotnetTestHostManager
TpTrace Verbose: 0 : 9672, 1, 2022/10/11, 11:33:42.612, 3189802347004, vstest.console.dll, TestEngine: Initializing Parallel Execution as MaxCpuCount is set to: 1
TpTrace Information: 0 : 9672, 1, 2022/10/11, 11:33:42.612, 3189802354770, vstest.console.dll, InferRunSettingsHelper.IsTestSettingsEnabled: Unable to navigate to RunSettings/MSTest. Current node: RunSettings
TpTrace Verbose: 0 : 9672, 1, 2022/10/11, 11:33:42.614, 3189802370643, vstest.console.dll, TestRequestSender is acting as server.
TpTrace Verbose: 0 : 9672, 1, 2022/10/11, 11:33:42.615, 3189802385145, vstest.console.dll, TestEngine.GetExecutionManager: Chosen execution manager 'Microsoft.VisualStudio.TestPlatform.CrossPlatEngine.Client.Parallel.ParallelProxyExecutionManager, Microsoft.TestPlatform.CrossPlatEngine, Version=15.0.0.0, Culture=neutral, PublicKeyToken=b03f5f7f11d50a3a' ParallelLevel '1' Shared host 'False'
TpTrace Verbose: 0 : 9672, 5, 2022/10/11, 11:33:42.619, 3189802423018, vstest.console.dll, DataCollectionRequestSender.InitializeCommunication : Initialize communication. 
TpTrace Information: 0 : 9672, 5, 2022/10/11, 11:33:42.628, 3189802511162, vstest.console.dll, Listening on Endpoint : 127.0.0.1:53554
TpTrace Verbose: 0 : 9672, 5, 2022/10/11, 11:33:42.637, 3189802603552, vstest.console.dll, DotnetDataCollectionLauncher: Full path of dotnet.exe is c:\program files\dotnet\dotnet.exe
TpTrace Verbose: 0 : 9672, 5, 2022/10/11, 11:33:42.637, 3189802605673, vstest.console.dll, DotnetDataCollectionLauncher: Adding  --runtimeconfig "c:\program files\dotnet\sdk\6.0.302\datacollector.runtimeconfig.json" in args
TpTrace Verbose: 0 : 9672, 5, 2022/10/11, 11:33:42.638, 3189802606764, vstest.console.dll, DotnetDataCollectionLauncher: Adding  --depsfile "c:\program files\dotnet\sdk\6.0.302\datacollector.deps.json" in args
TpTrace Information: 0 : 9672, 5, 2022/10/11, 11:33:42.647, 3189802706603, vstest.console.dll, ProxyDataCollectionManager.Initialize: Launched datacollector processId: 25944 port: 53554
TpTrace Information: 0 : 9672, 5, 2022/10/11, 11:33:42.648, 3189802708233, vstest.console.dll, ProxyDataCollectionManager.Initialize: waiting for connection with timeout: 90 seconds
TpTrace Verbose: 0 : 9672, 5, 2022/10/11, 11:33:42.648, 3189802709406, vstest.console.dll, DataCollectionRequestSender.WaitForRequestHandlerConnection : Waiting for connection with timeout: 90000
TpTrace Information: 0 : 9672, 8, 2022/10/11, 11:33:42.838, 3189804616413, vstest.console.dll, Using the buffer size of 16384 bytes
TpTrace Verbose: 0 : 9672, 5, 2022/10/11, 11:33:42.839, 3189804616890, vstest.console.dll, SocketCommunicationManager.WaitForClientConnection took: 190 ms, with 90000 ms timeout, and finished with True.
TpTrace Information: 0 : 9672, 8, 2022/10/11, 11:33:42.839, 3189804617592, vstest.console.dll, Accepted Client request and set the flag
TpTrace Verbose: 0 : 9672, 5, 2022/10/11, 11:33:42.839, 3189804619193, vstest.console.dll, ProxyDataCollectionManager.InvokeDataCollectionServiceAction: Starting.
TpTrace Information: 0 : 9672, 5, 2022/10/11, 11:33:42.839, 3189804620518, vstest.console.dll, ProxyDataCollectionManager.BeforeTestRunStart: Get environment variable and port for datacollector processId: 25944 port: 53554
TpTrace Verbose: 0 : 9672, 5, 2022/10/11, 11:33:42.839, 3189804622057, vstest.console.dll, DataCollectionRequestSender.SendBeforeTestRunStartAndGetResult: Send BeforeTestRunStart message with settingsXml <RunSettings><RunConfiguration><ResultsDirectory>C:\Users\luisf\Desktop\Repositori B1 Dev\OrbitService\OrbitService\test\OrbitLibrary-Test\bin\Debug\netcoreapp3.1\fine-code-coverage\coverage-tool-output</ResultsDirectory><TargetPlatform>X64</TargetPlatform><TargetFrameworkVersion>.NETCoreApp,Version=v3.1</TargetFrameworkVersion><DesignMode>False</DesignMode><CollectSourceInformation>False</CollectSourceInformation><TestAdaptersPaths>c:\program files\dotnet\sdk\6.0.302\Extensions</TestAdaptersPaths></RunConfiguration><LoggerRunSettings><Loggers><Logger friendlyName="blame" enabled="True" /><Logger friendlyName="Console" uri="logger://microsoft/TestPlatform/ConsoleLogger/v1" assemblyQualifiedName="Microsoft.VisualStudio.TestPlatform.CommandLine.Internal.ConsoleLogger, vstest.console, Version=15.0.0.0, Culture=neutral, PublicKeyToken=b03f5f7f11d50a3a" codeBase="c:\program files\dotnet\sdk\6.0.302\vstest.console.dll" enabled="True" /></Loggers></LoggerRunSettings><DataCollectionRunSettings><DataCollectors><DataCollector friendlyName="blame" enabled="True"><Configuration><ResultsDirectory>C:\Users\luisf\Desktop\Repositori B1 Dev\OrbitService\OrbitService\test\OrbitLibrary-Test\bin\Debug\netcoreapp3.1\fine-code-coverage\coverage-tool-output</ResultsDirectory></Configuration></DataCollector></DataCollectors></DataCollectionRunSettings></RunSettings> and sources System.Linq.Enumerable+Concat2Iterator`1[System.String]: 
TpTrace Verbose: 0 : 9672, 5, 2022/10/11, 11:33:42.927, 3189805499909, vstest.console.dll, DataCollectionRequestSender.SendBeforeTestRunStartAndGetResult: Received message: (DataCollection.SendMessage) -> {
  "FriendlyName": null,
  "Uri": null,
  "TestCaseId": "00000000-0000-0000-0000-000000000000",
  "Message": "Logging DataCollector Diagnostics in file: C:\\Users\\luisf\\Desktop\\Repositori B1 Dev\\OrbitService\\OrbitService\\test\\OrbitLibrary-Test\\bin\\Debug\\netcoreapp3.1\\fine-code-coverage\\coverage-tool-output\\diagnostics.datacollector.22-10-11_11-33-42_63731_5.log",
  "Level": 0
}
TpTrace Verbose: 0 : 9672, 5, 2022/10/11, 11:33:43.029, 3189806522352, vstest.console.dll, DataCollectionRequestSender.SendBeforeTestRunStartAndGetResult: Received message: (DataCollection.BeforeTestRunStartResult) -> {
  "EnvironmentVariables": {},
  "DataCollectionEventsPort": 53556
}
TpTrace Information: 0 : 9672, 5, 2022/10/11, 11:33:43.036, 3189806589666, vstest.console.dll, ProxyDataCollectionManager.BeforeTestRunStart: SendBeforeTestRunStartAndGetResult successful, env variable from datacollector:   and testhost port: 53556
TpTrace Information: 0 : 9672, 5, 2022/10/11, 11:33:43.036, 3189806590561, vstest.console.dll, ProxyDataCollectionManager.InvokeDataCollectionServiceAction: Completed.
TpTrace Verbose: 0 : 9672, 1, 2022/10/11, 11:33:43.036, 3189806592204, vstest.console.dll, TestRunRequest.ExecuteAsync: Creating test run request.
TpTrace Verbose: 0 : 9672, 1, 2022/10/11, 11:33:43.036, 3189806595795, vstest.console.dll, TestRunRequest.ExecuteAsync: Starting.
TpTrace Information: 0 : 9672, 1, 2022/10/11, 11:33:43.037, 3189806600333, vstest.console.dll, TestRunRequest.ExecuteAsync: Starting run with settings:TestRunCriteria:
   KeepAlive=False,FrequencyOfRunStatsChangeEvent=10,RunStatsChangeEventTimeout=00:00:01.5000000,TestCaseFilter=,TestExecutorLauncher=
   Settingsxml=<RunSettings>
  <RunConfiguration>
    <ResultsDirectory>C:\Users\luisf\Desktop\Repositori B1 Dev\OrbitService\OrbitService\test\OrbitLibrary-Test\bin\Debug\netcoreapp3.1\fine-code-coverage\coverage-tool-output</ResultsDirectory>
    <TargetPlatform>X64</TargetPlatform>
    <TargetFrameworkVersion>.NETCoreApp,Version=v3.1</TargetFrameworkVersion>
    <DesignMode>False</DesignMode>
    <CollectSourceInformation>False</CollectSourceInformation>
  </RunConfiguration>
  <LoggerRunSettings>
    <Loggers>
      <Logger friendlyName="blame" enabled="True" />
      <Logger friendlyName="Console" uri="logger://microsoft/TestPlatform/ConsoleLogger/v1" assemblyQualifiedName="Microsoft.VisualStudio.TestPlatform.CommandLine.Internal.ConsoleLogger, vstest.console, Version=15.0.0.0, Culture=neutral, PublicKeyToken=b03f5f7f11d50a3a" codeBase="c:\program files\dotnet\sdk\6.0.302\vstest.console.dll" enabled="True" />
    </Loggers>
  </LoggerRunSettings>
  <DataCollectionRunSettings>
    <DataCollectors>
      <DataCollector friendlyName="blame" enabled="True">
        <Configuration>
          <ResultsDirectory>C:\Users\luisf\Desktop\Repositori B1 Dev\OrbitService\OrbitService\test\OrbitLibrary-Test\bin\Debug\netcoreapp3.1\fine-code-coverage\coverage-tool-output</ResultsDirectory>
        </Configuration>
      </DataCollector>
    </DataCollectors>
  </DataCollectionRunSettings>
</RunSettings>

TpTrace Verbose: 0 : 9672, 1, 2022/10/11, 11:33:43.037, 3189806601299, vstest.console.dll, TestRunRequest.ExecuteAsync: Wait for the first run request is over.
TpTrace Verbose: 0 : 9672, 1, 2022/10/11, 11:33:43.037, 3189806604635, vstest.console.dll, MulticastDelegateUtilities.SafeInvoke: TestRun.TestRunStart: Invoking callbacks was skipped because there are no subscribers.
TpTrace Verbose: 0 : 9672, 1, 2022/10/11, 11:33:43.038, 3189806607113, vstest.console.dll, ParallelProxyExecutionManager: Start execution. Total sources: 1
TpTrace Verbose: 0 : 9672, 4, 2022/10/11, 11:33:43.038, 3189806607510, vstest.console.dll, MulticastDelegateUtilities.SafeInvoke: InternalTestLoggerEvents.SendTestRunStart: Invoking callback 1/1 for Microsoft.VisualStudio.TestPlatform.CommandLine.Internal.ConsoleLogger.TestRunStartHandler, took 0 ms.
TpTrace Information: 0 : 9672, 1, 2022/10/11, 11:33:43.038, 3189806615100, vstest.console.dll, ProxyParallelExecutionManager: Triggering test run for next source: C:\Users\luisf\Desktop\Repositori B1 Dev\OrbitService\OrbitService\test\OrbitLibrary-Test\bin\Debug\netcoreapp3.1\fine-code-coverage\build-output\OrbitLibrary_Test.dll
TpTrace Verbose: 0 : 9672, 5, 2022/10/11, 11:33:43.039, 3189806617111, vstest.console.dll, ParallelProxyExecutionManager: Execution started. Started clients: 1
TpTrace Verbose: 0 : 9672, 1, 2022/10/11, 11:33:43.039, 3189806617655, vstest.console.dll, ProxyParallelExecutionManager: No sources available for execution.
TpTrace Information: 0 : 9672, 1, 2022/10/11, 11:33:43.039, 3189806618571, vstest.console.dll, TestRunRequest.ExecuteAsync: Started.
TpTrace Verbose: 0 : 9672, 1, 2022/10/11, 11:33:43.039, 3189806619562, vstest.console.dll, TestRunRequest.WaitForCompletion: Waiting with timeout -1.
TpTrace Verbose: 0 : 9672, 5, 2022/10/11, 11:33:43.039, 3189806622061, vstest.console.dll, TestRunRequest:SendTestRunMessage: Starting.
TpTrace Verbose: 0 : 9672, 5, 2022/10/11, 11:33:43.039, 3189806623962, vstest.console.dll, MulticastDelegateUtilities.SafeInvoke: TestRun.LogMessages: Invoking callback 1/1 for Microsoft.VisualStudio.TestPlatform.CommandLine.TestRunResultAggregator.TestRunMessageHandler, took 0 ms.
TpTrace Information: 0 : 9672, 5, 2022/10/11, 11:33:43.039, 3189806624530, vstest.console.dll, TestRunRequest:SendTestRunMessage: Completed.
TpTrace Verbose: 0 : 9672, 4, 2022/10/11, 11:33:43.039, 3189806624469, vstest.console.dll, MulticastDelegateUtilities.SafeInvoke: InternalTestLoggerEvents.SendTestRunMessage: Invoking callback 1/1 for Microsoft.VisualStudio.TestPlatform.CommandLine.Internal.ConsoleLogger.TestMessageHandler, took 0 ms.
TpTrace Verbose: 0 : 9672, 5, 2022/10/11, 11:33:43.040, 3189806627172, vstest.console.dll, ProxyExecutionManager: Test host is always Lazy initialize.
TpTrace Verbose: 0 : 9672, 5, 2022/10/11, 11:33:43.040, 3189806629992, vstest.console.dll, TestRequestSender.InitializeCommunication: initialize communication. 
TpTrace Information: 0 : 9672, 5, 2022/10/11, 11:33:43.040, 3189806636398, vstest.console.dll, SocketServer.Start: Listening on endpoint : 127.0.0.1:53557
TpTrace Verbose: 0 : 9672, 5, 2022/10/11, 11:33:43.041, 3189806644202, vstest.console.dll, DotnetTestHostmanager.GetTestHostProcessStartInfo: Platform environment 'X64' target architecture 'X64' framework '.NETCoreApp,Version=v3.1' OS 'Windows'
TpTrace Verbose: 0 : 9672, 5, 2022/10/11, 11:33:43.041, 3189806646571, vstest.console.dll, DotnetTestHostmanager: Adding  --runtimeconfig "C:\Users\luisf\Desktop\Repositori B1 Dev\OrbitService\OrbitService\test\OrbitLibrary-Test\bin\Debug\netcoreapp3.1\fine-code-coverage\build-output\OrbitLibrary_Test.runtimeconfig.json" in args
TpTrace Verbose: 0 : 9672, 5, 2022/10/11, 11:33:43.042, 3189806648201, vstest.console.dll, DotnetTestHostmanager: Adding  --depsfile "C:\Users\luisf\Desktop\Repositori B1 Dev\OrbitService\OrbitService\test\OrbitLibrary-Test\bin\Debug\netcoreapp3.1\fine-code-coverage\build-output\OrbitLibrary_Test.deps.json" in args
TpTrace Verbose: 0 : 9672, 5, 2022/10/11, 11:33:43.042, 3189806652363, vstest.console.dll, DotnetTestHostmanager.IsWinOnArm: Current PROCESSOR_ARCHITECTURE from environment variable 'AMD64'
TpTrace Verbose: 0 : 9672, 5, 2022/10/11, 11:33:43.042, 3189806653183, vstest.console.dll, DotnetTestHostmanager.IsWinOnArm: Is Windows on ARM 'False'
TpTrace Verbose: 0 : 9672, 5, 2022/10/11, 11:33:43.042, 3189806654439, vstest.console.dll, DotnetTestHostManager: testhost.exe found at path: C:\Users\luisf\Desktop\Repositori B1 Dev\OrbitService\OrbitService\test\OrbitLibrary-Test\bin\Debug\netcoreapp3.1\fine-code-coverage\build-output\testhost.exe
TpTrace Verbose: 0 : 9672, 5, 2022/10/11, 11:33:43.042, 3189806655735, vstest.console.dll, DotnetTestHostmanager: Full path of host exe is C:\Users\luisf\Desktop\Repositori B1 Dev\OrbitService\OrbitService\test\OrbitLibrary-Test\bin\Debug\netcoreapp3.1\fine-code-coverage\build-output\testhost.exe
TpTrace Verbose: 0 : 9672, 5, 2022/10/11, 11:33:43.043, 3189806657686, vstest.console.dll, DotnetTestHostmanager.LaunchTestHostAsync: Found 'VSTEST_WINAPPHOST_DOTNET_ROOT' in env variables, value 'c:\program files\dotnet', forwarding to 'DOTNET_ROOT'
TpTrace Verbose: 0 : 9672, 7, 2022/10/11, 11:33:43.044, 3189806667566, vstest.console.dll, DotnetTestHostManager: Starting process 'C:\Users\luisf\Desktop\Repositori B1 Dev\OrbitService\OrbitService\test\OrbitLibrary-Test\bin\Debug\netcoreapp3.1\fine-code-coverage\build-output\testhost.exe' with command line ' --runtimeconfig "C:\Users\luisf\Desktop\Repositori B1 Dev\OrbitService\OrbitService\test\OrbitLibrary-Test\bin\Debug\netcoreapp3.1\fine-code-coverage\build-output\OrbitLibrary_Test.runtimeconfig.json" --depsfile "C:\Users\luisf\Desktop\Repositori B1 Dev\OrbitService\OrbitService\test\OrbitLibrary-Test\bin\Debug\netcoreapp3.1\fine-code-coverage\build-output\OrbitLibrary_Test.deps.json" --port 53557 --endpoint 127.0.0.1:053557 --role client --parentprocessid 9672 --diag "C:\Users\luisf\Desktop\Repositori B1 Dev\OrbitService\OrbitService\test\OrbitLibrary-Test\bin\Debug\netcoreapp3.1\fine-code-coverage\coverage-tool-output\diagnostics.host.22-10-11_11-33-43_04140_5.log" --tracelevel 4 --datacollectionport 53556 --telemetryoptedin false'
TpTrace Verbose: 0 : 9672, 7, 2022/10/11, 11:33:43.050, 3189806736385, vstest.console.dll, MulticastDelegateUtilities.SafeInvoke: HostProviderEvents.OnHostLaunched: Invoking callback 1/2 for Microsoft.VisualStudio.TestPlatform.CrossPlatEngine.Client.ProxyExecutionManagerWithDataCollection.TestHostLaunchedHandler, took 1 ms.
TpTrace Verbose: 0 : 9672, 7, 2022/10/11, 11:33:43.051, 3189806737537, vstest.console.dll, Test Runtime launched
TpTrace Verbose: 0 : 9672, 7, 2022/10/11, 11:33:43.051, 3189806738475, vstest.console.dll, MulticastDelegateUtilities.SafeInvoke: HostProviderEvents.OnHostLaunched: Invoking callback 2/2 for Microsoft.VisualStudio.TestPlatform.CrossPlatEngine.Client.ProxyOperationManager.TestHostManagerHostLaunched, took 0 ms.
TpTrace Verbose: 0 : 9672, 5, 2022/10/11, 11:33:43.051, 3189806744584, vstest.console.dll, TestRequestSender.WaitForRequestHandlerConnection: waiting for connection with timeout: 90000.
TpTrace Verbose: 0 : 9672, 7, 2022/10/11, 11:33:43.298, 3189809210028, vstest.console.dll, MulticastDelegateUtilities.SafeInvoke: SocketServer: ClientConnected: Invoking callback 1/1 for Microsoft.VisualStudio.TestPlatform.CommunicationUtilities.TestRequestSender.<InitializeCommunication>b__23_0, took 0 ms.
TpTrace Verbose: 0 : 9672, 5, 2022/10/11, 11:33:43.298, 3189809209988, vstest.console.dll, TestRequestSender.WaitForRequestHandlerConnection: waiting took 246 ms, with timeout 90000 ms, and result 0, which is success.
TpTrace Verbose: 0 : 9672, 7, 2022/10/11, 11:33:43.298, 3189809211233, vstest.console.dll, SocketServer.OnClientConnected: Client connected for endPoint: 127.0.0.1:53557, starting MessageLoopAsync:
TpTrace Verbose: 0 : 9672, 14, 2022/10/11, 11:33:43.298, 3189809214606, vstest.console.dll, TcpClientExtensions.MessageLoopAsync: Polling on remoteEndPoint: 127.0.0.1:53558 localEndPoint: 127.0.0.1:53557
TpTrace Verbose: 0 : 9672, 5, 2022/10/11, 11:33:43.299, 3189809222258, vstest.console.dll, TestRequestSender.CheckVersionWithTestHost: Sending check version message: {"MessageType":"ProtocolVersion","Payload":6}
TpTrace Verbose: 0 : 9672, 14, 2022/10/11, 11:33:43.490, 3189811136392, vstest.console.dll, TcpClientExtensions.MessageLoopAsync: NotifyDataAvailable remoteEndPoint: 127.0.0.1:53558 localEndPoint: 127.0.0.1:53557
TpTrace Verbose: 0 : 9672, 14, 2022/10/11, 11:33:43.491, 3189811140429, vstest.console.dll, TestRequestSender.CheckVersionWithTestHost: onMessageReceived received message: (ProtocolVersion) -> 5
TpTrace Verbose: 0 : 9672, 14, 2022/10/11, 11:33:43.491, 3189811145744, vstest.console.dll, MulticastDelegateUtilities.SafeInvoke: LengthPrefixCommunicationChannel: MessageReceived: Invoking callback 1/1 for Microsoft.VisualStudio.TestPlatform.CommunicationUtilities.TestRequestSender+<>c__DisplayClass25_0.<CheckVersionWithTestHost>b__0, took 0 ms.
TpTrace Verbose: 0 : 9672, 5, 2022/10/11, 11:33:43.491, 3189811146616, vstest.console.dll, TestPluginCache.GetExtensionPaths: Filtered extension paths: 
TpTrace Verbose: 0 : 9672, 14, 2022/10/11, 11:33:43.492, 3189811146872, vstest.console.dll, TcpClientExtensions.MessageLoopAsync: Polling on remoteEndPoint: 127.0.0.1:53558 localEndPoint: 127.0.0.1:53557
TpTrace Verbose: 0 : 9672, 5, 2022/10/11, 11:33:43.492, 3189811147777, vstest.console.dll, TestPluginCache.GetExtensionPaths: Added default extension paths: c:\program files\dotnet\sdk\6.0.302\Extensions\DumpMinitool.exe
c:\program files\dotnet\sdk\6.0.302\Extensions\DumpMinitool.x86.exe
c:\program files\dotnet\sdk\6.0.302\Extensions\Microsoft.Diagnostics.NETCore.Client.dll
c:\program files\dotnet\sdk\6.0.302\Extensions\Microsoft.TestPlatform.Extensions.BlameDataCollector.dll
c:\program files\dotnet\sdk\6.0.302\Extensions\Microsoft.TestPlatform.Extensions.EventLogCollector.dll
c:\program files\dotnet\sdk\6.0.302\Extensions\Microsoft.TestPlatform.TestHostRuntimeProvider.dll
c:\program files\dotnet\sdk\6.0.302\Extensions\Microsoft.VisualStudio.TestPlatform.Extensions.Html.TestLogger.dll
c:\program files\dotnet\sdk\6.0.302\Extensions\Microsoft.VisualStudio.TestPlatform.Extensions.Trx.TestLogger.dll
TpTrace Verbose: 0 : 9672, 5, 2022/10/11, 11:33:43.492, 3189811149345, vstest.console.dll, TestPluginCache.GetExtensionPaths: Added unfilterableExtensionPaths: 
TpTrace Verbose: 0 : 9672, 5, 2022/10/11, 11:33:43.496, 3189811193191, vstest.console.dll, TestRequestSender.InitializeExecution: Sending initialize execution with message: {"Version":5,"MessageType":"TestExecution.Initialize","Payload":["C:\\Users\\luisf\\Desktop\\Repositori B1 Dev\\OrbitService\\OrbitService\\test\\OrbitLibrary-Test\\bin\\Debug\\netcoreapp3.1\\fine-code-coverage\\build-output\\xunit.runner.visualstudio.dotnetcore.testadapter.dll"]}
TpTrace Warning: 0 : 9672, 5, 2022/10/11, 11:33:43.497, 3189811198139, vstest.console.dll, InferRunSettingsHelper.MakeRunsettingsCompatible: Removing the following settings: TargetPlatform from RunSettings file. To use those settings please move to latest version of Microsoft.NET.Test.Sdk
TpTrace Verbose: 0 : 9672, 14, 2022/10/11, 11:33:43.506, 3189811289711, vstest.console.dll, TcpClientExtensions.MessageLoopAsync: NotifyDataAvailable remoteEndPoint: 127.0.0.1:53558 localEndPoint: 127.0.0.1:53557
TpTrace Verbose: 0 : 9672, 14, 2022/10/11, 11:33:43.506, 3189811291549, vstest.console.dll, TestRequestSender.OnExecutionMessageReceived: Received message: {"Version":5,"MessageType":"TestSession.Message","Payload":{"MessageLevel":0,"Message":"Logging TestHost Diagnostics in file: C:\\Users\\luisf\\Desktop\\Repositori B1 Dev\\OrbitService\\OrbitService\\test\\OrbitLibrary-Test\\bin\\Debug\\netcoreapp3.1\\fine-code-coverage\\coverage-tool-output\\diagnostics.host.22-10-11_11-33-43_04140_5.log"}}
TpTrace Verbose: 0 : 9672, 5, 2022/10/11, 11:33:43.507, 3189811304948, vstest.console.dll, TestRequestSender.StartTestRun: Sending test run with message: {"Version":5,"MessageType":"TestExecution.StartWithSources","Payload":{"AdapterSourceMap":{"_none_":["C:\\Users\\luisf\\Desktop\\Repositori B1 Dev\\OrbitService\\OrbitService\\test\\OrbitLibrary-Test\\bin\\Debug\\netcoreapp3.1\\fine-code-coverage\\build-output\\OrbitLibrary_Test.dll"]},"RunSettings":"<RunSettings>\r\n  <RunConfiguration>\r\n    <ResultsDirectory>C:\\Users\\luisf\\Desktop\\Repositori B1 Dev\\OrbitService\\OrbitService\\test\\OrbitLibrary-Test\\bin\\Debug\\netcoreapp3.1\\fine-code-coverage\\coverage-tool-output</ResultsDirectory>\r\n    <TargetFrameworkVersion>.NETCoreApp,Version=v3.1</TargetFrameworkVersion>\r\n    <DesignMode>False</DesignMode>\r\n    <CollectSourceInformation>False</CollectSourceInformation>\r\n  </RunConfiguration>\r\n  <LoggerRunSettings>\r\n    <Loggers>\r\n      <Logger friendlyName=\"blame\" enabled=\"True\" />\r\n      <Logger friendlyName=\"Console\" uri=\"logger://microsoft/TestPlatform/ConsoleLogger/v1\" assemblyQualifiedName=\"Microsoft.VisualStudio.TestPlatform.CommandLine.Internal.ConsoleLogger, vstest.console, Version=15.0.0.0, Culture=neutral, PublicKeyToken=b03f5f7f11d50a3a\" codeBase=\"c:\\program files\\dotnet\\sdk\\6.0.302\\vstest.console.dll\" enabled=\"True\" />\r\n    </Loggers>\r\n  </LoggerRunSettings>\r\n  <DataCollectionRunSettings>\r\n    <DataCollectors>\r\n      <DataCollector friendlyName=\"blame\" enabled=\"True\">\r\n        <Configuration>\r\n          <ResultsDirectory>C:\\Users\\luisf\\Desktop\\Repositori B1 Dev\\OrbitService\\OrbitService\\test\\OrbitLibrary-Test\\bin\\Debug\\netcoreapp3.1\\fine-code-coverage\\coverage-tool-output</ResultsDirectory>\r\n        </Configuration>\r\n      </DataCollector>\r\n    </DataCollectors>\r\n  </DataCollectionRunSettings>\r\n</RunSettings>","TestExecutionContext":{"FrequencyOfRunStatsChangeEvent":10,"RunStatsChangeEventTimeout":"00:00:01.5000000","InIsolation":false,"KeepAlive":false,"AreTestCaseLevelEventsRequired":false,"IsDebug":false,"TestCaseFilter":null,"FilterOptions":null},"Package":null}}
TpTrace Verbose: 0 : 9672, 14, 2022/10/11, 11:33:43.509, 3189811316958, vstest.console.dll, TestRunRequest:SendTestRunMessage: Starting.
TpTrace Verbose: 0 : 9672, 14, 2022/10/11, 11:33:43.509, 3189811318439, vstest.console.dll, MulticastDelegateUtilities.SafeInvoke: TestRun.LogMessages: Invoking callback 1/1 for Microsoft.VisualStudio.TestPlatform.CommandLine.TestRunResultAggregator.TestRunMessageHandler, took 0 ms.
TpTrace Information: 0 : 9672, 14, 2022/10/11, 11:33:43.509, 3189811319111, vstest.console.dll, TestRunRequest:SendTestRunMessage: Completed.
TpTrace Verbose: 0 : 9672, 4, 2022/10/11, 11:33:43.509, 3189811318796, vstest.console.dll, MulticastDelegateUtilities.SafeInvoke: InternalTestLoggerEvents.SendTestRunMessage: Invoking callback 1/1 for Microsoft.VisualStudio.TestPlatform.CommandLine.Internal.ConsoleLogger.TestMessageHandler, took 0 ms.
TpTrace Verbose: 0 : 9672, 14, 2022/10/11, 11:33:43.509, 3189811319913, vstest.console.dll, MulticastDelegateUtilities.SafeInvoke: LengthPrefixCommunicationChannel: MessageReceived: Invoking callback 1/1 for Microsoft.VisualStudio.TestPlatform.CommunicationUtilities.TestRequestSender+<>c__DisplayClass30_0.<StartTestRun>b__1, took 2 ms.
TpTrace Verbose: 0 : 9672, 14, 2022/10/11, 11:33:43.509, 3189811321047, vstest.console.dll, TcpClientExtensions.MessageLoopAsync: Polling on remoteEndPoint: 127.0.0.1:53558 localEndPoint: 127.0.0.1:53557
TpTrace Verbose: 0 : 9672, 14, 2022/10/11, 11:33:43.704, 3189813275105, vstest.console.dll, TcpClientExtensions.MessageLoopAsync: NotifyDataAvailable remoteEndPoint: 127.0.0.1:53558 localEndPoint: 127.0.0.1:53557
TpTrace Verbose: 0 : 9672, 14, 2022/10/11, 11:33:43.705, 3189813276772, vstest.console.dll, TestRequestSender.OnExecutionMessageReceived: Received message: {"Version":5,"MessageType":"TestSession.Message","Payload":{"MessageLevel":0,"Message":"[xUnit.net 00:00:00.00] xUnit.net VSTest Adapter v2.4.3+1b45f5407b (64-bit .NET Core 3.1.27)"}}
TpTrace Verbose: 0 : 9672, 14, 2022/10/11, 11:33:43.705, 3189813280758, vstest.console.dll, TestRunRequest:SendTestRunMessage: Starting.
TpTrace Verbose: 0 : 9672, 14, 2022/10/11, 11:33:43.705, 3189813281683, vstest.console.dll, MulticastDelegateUtilities.SafeInvoke: TestRun.LogMessages: Invoking callback 1/1 for Microsoft.VisualStudio.TestPlatform.CommandLine.TestRunResultAggregator.TestRunMessageHandler, took 0 ms.
TpTrace Information: 0 : 9672, 14, 2022/10/11, 11:33:43.705, 3189813282343, vstest.console.dll, TestRunRequest:SendTestRunMessage: Completed.
TpTrace Verbose: 0 : 9672, 4, 2022/10/11, 11:33:43.705, 3189813281992, vstest.console.dll, MulticastDelegateUtilities.SafeInvoke: InternalTestLoggerEvents.SendTestRunMessage: Invoking callback 1/1 for Microsoft.VisualStudio.TestPlatform.CommandLine.Internal.ConsoleLogger.TestMessageHandler, took 0 ms.
TpTrace Verbose: 0 : 9672, 14, 2022/10/11, 11:33:43.705, 3189813283004, vstest.console.dll, MulticastDelegateUtilities.SafeInvoke: LengthPrefixCommunicationChannel: MessageReceived: Invoking callback 1/1 for Microsoft.VisualStudio.TestPlatform.CommunicationUtilities.TestRequestSender+<>c__DisplayClass30_0.<StartTestRun>b__1, took 0 ms.
TpTrace Verbose: 0 : 9672, 14, 2022/10/11, 11:33:43.705, 3189813284539, vstest.console.dll, TcpClientExtensions.MessageLoopAsync: Polling on remoteEndPoint: 127.0.0.1:53558 localEndPoint: 127.0.0.1:53557
TpTrace Verbose: 0 : 9672, 14, 2022/10/11, 11:33:44.323, 3189819463194, vstest.console.dll, TcpClientExtensions.MessageLoopAsync: NotifyDataAvailable remoteEndPoint: 127.0.0.1:53558 localEndPoint: 127.0.0.1:53557
TpTrace Verbose: 0 : 9672, 14, 2022/10/11, 11:33:44.323, 3189819464787, vstest.console.dll, TestRequestSender.OnExecutionMessageReceived: Received message: {"Version":5,"MessageType":"TestSession.Message","Payload":{"MessageLevel":0,"Message":"[xUnit.net 00:00:00.62]   Discovering: OrbitLibrary_Test"}}
TpTrace Verbose: 0 : 9672, 14, 2022/10/11, 11:33:44.324, 3189819467353, vstest.console.dll, TestRunRequest:SendTestRunMessage: Starting.
TpTrace Verbose: 0 : 9672, 14, 2022/10/11, 11:33:44.324, 3189819468604, vstest.console.dll, MulticastDelegateUtilities.SafeInvoke: TestRun.LogMessages: Invoking callback 1/1 for Microsoft.VisualStudio.TestPlatform.CommandLine.TestRunResultAggregator.TestRunMessageHandler, took 0 ms.
TpTrace Information: 0 : 9672, 14, 2022/10/11, 11:33:44.324, 3189819469451, vstest.console.dll, TestRunRequest:SendTestRunMessage: Completed.
TpTrace Verbose: 0 : 9672, 4, 2022/10/11, 11:33:44.324, 3189819469051, vstest.console.dll, MulticastDelegateUtilities.SafeInvoke: InternalTestLoggerEvents.SendTestRunMessage: Invoking callback 1/1 for Microsoft.VisualStudio.TestPlatform.CommandLine.Internal.ConsoleLogger.TestMessageHandler, took 0 ms.
TpTrace Verbose: 0 : 9672, 14, 2022/10/11, 11:33:44.324, 3189819469889, vstest.console.dll, MulticastDelegateUtilities.SafeInvoke: LengthPrefixCommunicationChannel: MessageReceived: Invoking callback 1/1 for Microsoft.VisualStudio.TestPlatform.CommunicationUtilities.TestRequestSender+<>c__DisplayClass30_0.<StartTestRun>b__1, took 0 ms.
TpTrace Verbose: 0 : 9672, 14, 2022/10/11, 11:33:44.324, 3189819471202, vstest.console.dll, TcpClientExtensions.MessageLoopAsync: Polling on remoteEndPoint: 127.0.0.1:53558 localEndPoint: 127.0.0.1:53557
TpTrace Verbose: 0 : 9672, 14, 2022/10/11, 11:33:44.377, 3189819996913, vstest.console.dll, TcpClientExtensions.MessageLoopAsync: NotifyDataAvailable remoteEndPoint: 127.0.0.1:53558 localEndPoint: 127.0.0.1:53557
TpTrace Verbose: 0 : 9672, 14, 2022/10/11, 11:33:44.377, 3189819998499, vstest.console.dll, TestRequestSender.OnExecutionMessageReceived: Received message: {"Version":5,"MessageType":"TestSession.Message","Payload":{"MessageLevel":0,"Message":"[xUnit.net 00:00:00.67]   Discovered:  OrbitLibrary_Test"}}
TpTrace Verbose: 0 : 9672, 14, 2022/10/11, 11:33:44.377, 3189820000366, vstest.console.dll, TestRunRequest:SendTestRunMessage: Starting.
TpTrace Verbose: 0 : 9672, 14, 2022/10/11, 11:33:44.377, 3189820001395, vstest.console.dll, MulticastDelegateUtilities.SafeInvoke: TestRun.LogMessages: Invoking callback 1/1 for Microsoft.VisualStudio.TestPlatform.CommandLine.TestRunResultAggregator.TestRunMessageHandler, took 0 ms.
TpTrace Information: 0 : 9672, 14, 2022/10/11, 11:33:44.377, 3189820001815, vstest.console.dll, TestRunRequest:SendTestRunMessage: Completed.
TpTrace Verbose: 0 : 9672, 4, 2022/10/11, 11:33:44.377, 3189820001859, vstest.console.dll, MulticastDelegateUtilities.SafeInvoke: InternalTestLoggerEvents.SendTestRunMessage: Invoking callback 1/1 for Microsoft.VisualStudio.TestPlatform.CommandLine.Internal.ConsoleLogger.TestMessageHandler, took 0 ms.
TpTrace Verbose: 0 : 9672, 14, 2022/10/11, 11:33:44.377, 3189820002191, vstest.console.dll, MulticastDelegateUtilities.SafeInvoke: LengthPrefixCommunicationChannel: MessageReceived: Invoking callback 1/1 for Microsoft.VisualStudio.TestPlatform.CommunicationUtilities.TestRequestSender+<>c__DisplayClass30_0.<StartTestRun>b__1, took 0 ms.
TpTrace Verbose: 0 : 9672, 14, 2022/10/11, 11:33:44.377, 3189820003429, vstest.console.dll, TcpClientExtensions.MessageLoopAsync: Polling on remoteEndPoint: 127.0.0.1:53558 localEndPoint: 127.0.0.1:53557
TpTrace Verbose: 0 : 9672, 14, 2022/10/11, 11:33:44.380, 3189820028471, vstest.console.dll, TcpClientExtensions.MessageLoopAsync: NotifyDataAvailable remoteEndPoint: 127.0.0.1:53558 localEndPoint: 127.0.0.1:53557
TpTrace Verbose: 0 : 9672, 14, 2022/10/11, 11:33:44.380, 3189820029304, vstest.console.dll, TestRequestSender.OnExecutionMessageReceived: Received message: {"Version":5,"MessageType":"TestSession.Message","Payload":{"MessageLevel":0,"Message":"[xUnit.net 00:00:00.68]   Starting:    OrbitLibrary_Test"}}
TpTrace Verbose: 0 : 9672, 14, 2022/10/11, 11:33:44.380, 3189820031073, vstest.console.dll, TestRunRequest:SendTestRunMessage: Starting.
TpTrace Verbose: 0 : 9672, 14, 2022/10/11, 11:33:44.380, 3189820031811, vstest.console.dll, MulticastDelegateUtilities.SafeInvoke: TestRun.LogMessages: Invoking callback 1/1 for Microsoft.VisualStudio.TestPlatform.CommandLine.TestRunResultAggregator.TestRunMessageHandler, took 0 ms.
TpTrace Information: 0 : 9672, 14, 2022/10/11, 11:33:44.380, 3189820032299, vstest.console.dll, TestRunRequest:SendTestRunMessage: Completed.
TpTrace Verbose: 0 : 9672, 4, 2022/10/11, 11:33:44.380, 3189820032385, vstest.console.dll, MulticastDelegateUtilities.SafeInvoke: InternalTestLoggerEvents.SendTestRunMessage: Invoking callback 1/1 for Microsoft.VisualStudio.TestPlatform.CommandLine.Internal.ConsoleLogger.TestMessageHandler, took 0 ms.
TpTrace Verbose: 0 : 9672, 14, 2022/10/11, 11:33:44.380, 3189820032762, vstest.console.dll, MulticastDelegateUtilities.SafeInvoke: LengthPrefixCommunicationChannel: MessageReceived: Invoking callback 1/1 for Microsoft.VisualStudio.TestPlatform.CommunicationUtilities.TestRequestSender+<>c__DisplayClass30_0.<StartTestRun>b__1, took 0 ms.
TpTrace Verbose: 0 : 9672, 14, 2022/10/11, 11:33:44.380, 3189820033859, vstest.console.dll, TcpClientExtensions.MessageLoopAsync: Polling on remoteEndPoint: 127.0.0.1:53558 localEndPoint: 127.0.0.1:53557
TpTrace Verbose: 0 : 9672, 14, 2022/10/11, 11:33:44.520, 3189821433168, vstest.console.dll, TcpClientExtensions.MessageLoopAsync: NotifyDataAvailable remoteEndPoint: 127.0.0.1:53558 localEndPoint: 127.0.0.1:53557
TpTrace Verbose: 0 : 9672, 14, 2022/10/11, 11:33:44.520, 3189821435811, vstest.console.dll, TestRequestSender.OnExecutionMessageReceived: Received message: {"Version":5,"MessageType":"TestExecution.StatsChange","Payload":{"NewTestResults":[],"TestRunStatistics":{"ExecutedTests":0,"Stats":{}},"ActiveTests":[{"Id":"495a37a0-5d72-0684-f7a4-42a34d22944f","FullyQualifiedName":"OrbitLibrary_Test.Application.Builders.OperationRequestBuilderTest.ShouldNotPutBodyWithSomeMethods","DisplayName":"OrbitLibrary_Test.Application.Builders.OperationRequestBuilderTest.ShouldNotPutBodyWithSomeMethods","ExecutorUri":"executor://xunit/VsTestRunner2/netcoreapp","Source":"C:\\Users\\luisf\\Desktop\\Repositori B1 Dev\\OrbitService\\OrbitService\\test\\OrbitLibrary-Test\\bin\\Debug\\netcoreapp3.1\\fine-code-coverage\\build-output\\OrbitLibrary_Test.dll","CodeFilePath":null,"LineNumber":0,"Properties":[]},{"Id":"4ca77e96-0a7c-61b2-7318-6279b0bac4c5","FullyQualifiedName":"OrbitLibrary_Test.Utils.DefaultsTest.ShouldReturnsDefaultCredentialProvider","DisplayName":"OrbitLibrary_Test.Utils.DefaultsTest.ShouldReturnsDefaultCredentialProvider","ExecutorUri":"executor://xunit/VsTestRunner2/netcoreapp","Source":"C:\\Users\\luisf\\Desktop\\Repositori B1 Dev\\OrbitService\\OrbitService\\test\\OrbitLibrary-Test\\bin\\Debug\\netcoreapp3.1\\fine-code-coverage\\build-output\\OrbitLibrary_Test.dll","CodeFilePath":null,"LineNumber":0,"Properties":[]},{"Id":"5c1bf9da-862f-365f-6265-b2f586589e22","FullyQualifiedName":"OrbitLibrary_Test.Infrastructure.Repositories.DBServiceConfigurationRepositoryTest.ShouldReturnsAServiceConfigurationObject","DisplayName":"OrbitLibrary_Test.Infrastructure.Repositories.DBServiceConfigurationRepositoryTest.ShouldReturnsAServiceConfigurationObject","ExecutorUri":"executor://xunit/VsTestRunner2/netcoreapp","Source":"C:\\Users\\luisf\\Desktop\\Repositori B1 Dev\\OrbitService\\OrbitService\\test\\OrbitLibrary-Test\\bin\\Debug\\netcoreapp3.1\\fine-code-coverage\\build-output\\OrbitLibrary_Test.dll","CodeFilePath":null,"LineNumber":0,"Properties":[]},{"Id":"7e05f813-2a8d-012a-a000-c71d21cca60b","FullyQualifiedName":"OrbitLibrary_Test.Common.Domain.ServiceConfigurationTest.GetBaseURIWithoutLatestSlash","DisplayName":"OrbitLibrary_Test.Common.Domain.ServiceConfigurationTest.GetBaseURIWithoutLatestSlash","ExecutorUri":"executor://xunit/VsTestRunner2/netcoreapp","Source":"C:\\Users\\luisf\\Desktop\\Repositori B1 Dev\\OrbitService\\OrbitService\\test\\OrbitLibrary-Test\\bin\\Debug\\netcoreapp3.1\\fine-code-coverage\\build-output\\OrbitLibrary_Test.dll","CodeFilePath":null,"LineNumber":0,"Properties":[]},{"Id":"f0af5800-0cee-b62e-0898-b8796acf61da","FullyQualifiedName":"OrbitLibrary_Test.Common.Domain.OperationResponseTest.ShouldReturnContentTypeCamelCase","DisplayName":"OrbitLibrary_Test.Common.Domain.OperationResponseTest.ShouldReturnContentTypeCamelCase","ExecutorUri":"executor://xunit/VsTestRunner2/netcoreapp","Source":"C:\\Users\\luisf\\Desktop\\Repositori B1 Dev\\OrbitService\\OrbitService\\test\\OrbitLibrary-Test\\bin\\Debug\\netcoreapp3.1\\fine-code-coverage\\build-output\\OrbitLibrary_Test.dll","CodeFilePath":null,"LineNumber":0,"Properties":[]},{"Id":"f9d28803-4535-4149-63af-9cd71b882902","FullyQualifiedName":"OrbitLibrary_Test.Infrastructure.Handlers.JsonRequestBodySerializerTest.ShouldSerializeTheObjectToJson","DisplayName":"OrbitLibrary_Test.Infrastructure.Handlers.JsonRequestBodySerializerTest.ShouldSerializeTheObjectToJson","ExecutorUri":"executor://xunit/VsTestRunner2/netcoreapp","Source":"C:\\Users\\luisf\\Desktop\\Repositori B1 Dev\\OrbitService\\OrbitService\\test\\OrbitLibrary-Test\\bin\\Debug\\netcoreapp3.1\\fine-code-coverage\\build-output\\OrbitLibrary_Test.dll","CodeFilePath":null,"LineNumber":0,"Properties":[]},{"Id":"46b2215d-4b24-bcba-0b70-f46f4e09945a","FullyQualifiedName":"OrbitLibrary_Test.Common.Domain.OperationRequestTest.InstanceCreation","DisplayName":"OrbitLibrary_Test.Common.Domain.OperationRequestTest.InstanceCreation","ExecutorUri":"executor://xunit/VsTestRunner2/netcoreapp","Source":"C:\\Users\\luisf\\Desktop\\Repositori B1 Dev\\OrbitService\\OrbitService\\test\\OrbitLibrary-Test\\bin\\Debug\\netcoreapp3.1\\fine-code-coverage\\build-output\\OrbitLibrary_Test.dll","CodeFilePath":null,"LineNumber":0,"Properties":[]},{"Id":"56503ad5-3f2b-cbf9-fdea-3f78577c36c6","FullyQualifiedName":"OrbitLibrary_Test.Common.Domain.SessionCredentialsTest.shouldCreateAValidInstance","DisplayName":"OrbitLibrary_Test.Common.Domain.SessionCredentialsTest.shouldCreateAValidInstance","ExecutorUri":"executor://xunit/VsTestRunner2/netcoreapp","Source":"C:\\Users\\luisf\\Desktop\\Repositori B1 Dev\\OrbitService\\OrbitService\\test\\OrbitLibrary-Test\\bin\\Debug\\netcoreapp3.1\\fine-code-coverage\\build-output\\OrbitLibrary_Test.dll","CodeFilePath":null,"LineNumber":0,"Properties":[]},{"Id":"b6d62a7b-efad-aa1f-cd0e-176bdbef3844","FullyQualifiedName":"OrbitLibrary_Test.Data.DbWrapperTest.ShouldExecuteAQueryByString","DisplayName":"OrbitLibrary_Test.Data.DbWrapperTest.ShouldExecuteAQueryByString","ExecutorUri":"executor://xunit/VsTestRunner2/netcoreapp","Source":"C:\\Users\\luisf\\Desktop\\Repositori B1 Dev\\OrbitService\\OrbitService\\test\\OrbitLibrary-Test\\bin\\Debug\\netcoreapp3.1\\fine-code-coverage\\build-output\\OrbitLibrary_Test.dll","CodeFilePath":null,"LineNumber":0,"Properties":[]},{"Id":"29a7e4a2-b8d7-ba14-1eba-57e13edfd4d1","FullyQualifiedName":"OrbitLibrary_Test.Crypto.CryptoBase64Test.ShouldEncryptAStringBasedOnKeys","DisplayName":"OrbitLibrary_Test.Crypto.CryptoBase64Test.ShouldEncryptAStringBasedOnKeys","ExecutorUri":"executor://xunit/VsTestRunner2/netcoreapp","Source":"C:\\Users\\luisf\\Desktop\\Repositori B1 Dev\\OrbitService\\OrbitService\\test\\OrbitLibrary-Test\\bin\\Debug\\netcoreapp3.1\\fine-code-coverage\\build-output\\OrbitLibrary_Test.dll","CodeFilePath":null,"LineNumber":0,"Properties":[]}]}}
TpTrace Verbose: 0 : 9672, 14, 2022/10/11, 11:33:44.536, 3189821589270, vstest.console.dll, TestRunRequest:SendTestRunStatsChange: Starting.
TpTrace Verbose: 0 : 9672, 14, 2022/10/11, 11:33:44.536, 3189821590615, vstest.console.dll, InProgress is OrbitLibrary_Test.Application.Builders.OperationRequestBuilderTest.ShouldNotPutBodyWithSomeMethods
TpTrace Verbose: 0 : 9672, 14, 2022/10/11, 11:33:44.536, 3189821591083, vstest.console.dll, InProgress is OrbitLibrary_Test.Utils.DefaultsTest.ShouldReturnsDefaultCredentialProvider
TpTrace Verbose: 0 : 9672, 14, 2022/10/11, 11:33:44.536, 3189821591404, vstest.console.dll, InProgress is OrbitLibrary_Test.Infrastructure.Repositories.DBServiceConfigurationRepositoryTest.ShouldReturnsAServiceConfigurationObject
TpTrace Verbose: 0 : 9672, 14, 2022/10/11, 11:33:44.536, 3189821591800, vstest.console.dll, InProgress is OrbitLibrary_Test.Common.Domain.ServiceConfigurationTest.GetBaseURIWithoutLatestSlash
TpTrace Verbose: 0 : 9672, 14, 2022/10/11, 11:33:44.536, 3189821592092, vstest.console.dll, InProgress is OrbitLibrary_Test.Common.Domain.OperationResponseTest.ShouldReturnContentTypeCamelCase
TpTrace Verbose: 0 : 9672, 14, 2022/10/11, 11:33:44.536, 3189821592375, vstest.console.dll, InProgress is OrbitLibrary_Test.Infrastructure.Handlers.JsonRequestBodySerializerTest.ShouldSerializeTheObjectToJson
TpTrace Verbose: 0 : 9672, 14, 2022/10/11, 11:33:44.536, 3189821592659, vstest.console.dll, InProgress is OrbitLibrary_Test.Common.Domain.OperationRequestTest.InstanceCreation
TpTrace Verbose: 0 : 9672, 14, 2022/10/11, 11:33:44.536, 3189821592941, vstest.console.dll, InProgress is OrbitLibrary_Test.Common.Domain.SessionCredentialsTest.shouldCreateAValidInstance
TpTrace Verbose: 0 : 9672, 14, 2022/10/11, 11:33:44.536, 3189821593280, vstest.console.dll, InProgress is OrbitLibrary_Test.Data.DbWrapperTest.ShouldExecuteAQueryByString
TpTrace Verbose: 0 : 9672, 14, 2022/10/11, 11:33:44.536, 3189821593580, vstest.console.dll, InProgress is OrbitLibrary_Test.Crypto.CryptoBase64Test.ShouldEncryptAStringBasedOnKeys
TpTrace Verbose: 0 : 9672, 14, 2022/10/11, 11:33:44.536, 3189821594502, vstest.console.dll, MulticastDelegateUtilities.SafeInvoke: TestRun.RunStatsChanged: Invoking callbacks was skipped because there are no subscribers.
TpTrace Information: 0 : 9672, 14, 2022/10/11, 11:33:44.536, 3189821594925, vstest.console.dll, TestRunRequest:SendTestRunStatsChange: Completed.
TpTrace Verbose: 0 : 9672, 14, 2022/10/11, 11:33:44.536, 3189821595297, vstest.console.dll, MulticastDelegateUtilities.SafeInvoke: LengthPrefixCommunicationChannel: MessageReceived: Invoking callback 1/1 for Microsoft.VisualStudio.TestPlatform.CommunicationUtilities.TestRequestSender+<>c__DisplayClass30_0.<StartTestRun>b__1, took 15 ms.
TpTrace Verbose: 0 : 9672, 14, 2022/10/11, 11:33:44.536, 3189821595721, vstest.console.dll, TcpClientExtensions.MessageLoopAsync: Polling on remoteEndPoint: 127.0.0.1:53558 localEndPoint: 127.0.0.1:53557
TpTrace Verbose: 0 : 9672, 14, 2022/10/11, 11:33:44.565, 3189821878537, vstest.console.dll, TcpClientExtensions.MessageLoopAsync: NotifyDataAvailable remoteEndPoint: 127.0.0.1:53558 localEndPoint: 127.0.0.1:53557
TpTrace Verbose: 0 : 9672, 14, 2022/10/11, 11:33:44.565, 3189821881466, vstest.console.dll, TestRequestSender.OnExecutionMessageReceived: Received message: {"Version":5,"MessageType":"TestExecution.StatsChange","Payload":{"NewTestResults":[{"TestCase":{"Id":"f9d28803-4535-4149-63af-9cd71b882902","FullyQualifiedName":"OrbitLibrary_Test.Infrastructure.Handlers.JsonRequestBodySerializerTest.ShouldSerializeTheObjectToJson","DisplayName":"OrbitLibrary_Test.Infrastructure.Handlers.JsonRequestBodySerializerTest.ShouldSerializeTheObjectToJson","ExecutorUri":"executor://xunit/VsTestRunner2/netcoreapp","Source":"C:\\Users\\luisf\\Desktop\\Repositori B1 Dev\\OrbitService\\OrbitService\\test\\OrbitLibrary-Test\\bin\\Debug\\netcoreapp3.1\\fine-code-coverage\\build-output\\OrbitLibrary_Test.dll","CodeFilePath":null,"LineNumber":0,"Properties":[]},"Attachments":[],"Outcome":1,"ErrorMessage":null,"ErrorStackTrace":null,"DisplayName":"OrbitLibrary_Test.Infrastructure.Handlers.JsonRequestBodySerializerTest.ShouldSerializeTheObjectToJson","Messages":[],"ComputerName":"DESKTOP-P1UVUT9","Duration":"00:00:00.0062852","StartTime":"2022-10-11T14:33:44.5288123+00:00","EndTime":"2022-10-11T14:33:44.528909+00:00","Properties":[]},{"TestCase":{"Id":"2aff3748-6248-15ee-c5f3-1079dbff3120","FullyQualifiedName":"OrbitLibrary_Test.UnitTest1.Test1","DisplayName":"OrbitLibrary_Test.UnitTest1.Test1","ExecutorUri":"executor://xunit/VsTestRunner2/netcoreapp","Source":"C:\\Users\\luisf\\Desktop\\Repositori B1 Dev\\OrbitService\\OrbitService\\test\\OrbitLibrary-Test\\bin\\Debug\\netcoreapp3.1\\fine-code-coverage\\build-output\\OrbitLibrary_Test.dll","CodeFilePath":null,"LineNumber":0,"Properties":[]},"Attachments":[],"Outcome":1,"ErrorMessage":null,"ErrorStackTrace":null,"DisplayName":"OrbitLibrary_Test.UnitTest1.Test1","Messages":[],"ComputerName":"DESKTOP-P1UVUT9","Duration":"00:00:00.0034331","StartTime":"2022-10-11T14:33:44.5483467+00:00","EndTime":"2022-10-11T14:33:44.5483479+00:00","Properties":[]},{"TestCase":{"Id":"7e05f813-2a8d-012a-a000-c71d21cca60b","FullyQualifiedName":"OrbitLibrary_Test.Common.Domain.ServiceConfigurationTest.GetBaseURIWithoutLatestSlash","DisplayName":"OrbitLibrary_Test.Common.Domain.ServiceConfigurationTest.GetBaseURIWithoutLatestSlash","ExecutorUri":"executor://xunit/VsTestRunner2/netcoreapp","Source":"C:\\Users\\luisf\\Desktop\\Repositori B1 Dev\\OrbitService\\OrbitService\\test\\OrbitLibrary-Test\\bin\\Debug\\netcoreapp3.1\\fine-code-coverage\\build-output\\OrbitLibrary_Test.dll","CodeFilePath":null,"LineNumber":0,"Properties":[]},"Attachments":[],"Outcome":1,"ErrorMessage":null,"ErrorStackTrace":null,"DisplayName":"OrbitLibrary_Test.Common.Domain.ServiceConfigurationTest.GetBaseURIWithoutLatestSlash","Messages":[],"ComputerName":"DESKTOP-P1UVUT9","Duration":"00:00:00.0035902","StartTime":"2022-10-11T14:33:44.5495909+00:00","EndTime":"2022-10-11T14:33:44.5495915+00:00","Properties":[]},{"TestCase":{"Id":"56503ad5-3f2b-cbf9-fdea-3f78577c36c6","FullyQualifiedName":"OrbitLibrary_Test.Common.Domain.SessionCredentialsTest.shouldCreateAValidInstance","DisplayName":"OrbitLibrary_Test.Common.Domain.SessionCredentialsTest.shouldCreateAValidInstance","ExecutorUri":"executor://xunit/VsTestRunner2/netcoreapp","Source":"C:\\Users\\luisf\\Desktop\\Repositori B1 Dev\\OrbitService\\OrbitService\\test\\OrbitLibrary-Test\\bin\\Debug\\netcoreapp3.1\\fine-code-coverage\\build-output\\OrbitLibrary_Test.dll","CodeFilePath":null,"LineNumber":0,"Properties":[]},"Attachments":[],"Outcome":1,"ErrorMessage":null,"ErrorStackTrace":null,"DisplayName":"OrbitLibrary_Test.Common.Domain.SessionCredentialsTest.shouldCreateAValidInstance","Messages":[],"ComputerName":"DESKTOP-P1UVUT9","Duration":"00:00:00.0037143","StartTime":"2022-10-11T14:33:44.550679+00:00","EndTime":"2022-10-11T14:33:44.5506796+00:00","Properties":[]},{"TestCase":{"Id":"b45873bf-ac8e-85ca-bc01-20ff3aee7464","FullyQualifiedName":"OrbitLibrary_Test.Infrastructure.Handlers.JsonResponseBodyDeserializerTest.ShouldDeserializeJsonToObject","DisplayName":"OrbitLibrary_Test.Infrastructure.Handlers.JsonResponseBodyDeserializerTest.ShouldDeserializeJsonToObject","ExecutorUri":"executor://xunit/VsTestRunner2/netcoreapp","Source":"C:\\Users\\luisf\\Desktop\\Repositori B1 Dev\\OrbitService\\OrbitService\\test\\OrbitLibrary-Test\\bin\\Debug\\netcoreapp3.1\\fine-code-coverage\\build-output\\OrbitLibrary_Test.dll","CodeFilePath":null,"LineNumber":0,"Properties":[]},"Attachments":[],"Outcome":1,"ErrorMessage":null,"ErrorStackTrace":null,"DisplayName":"OrbitLibrary_Test.Infrastructure.Handlers.JsonResponseBodyDeserializerTest.ShouldDeserializeJsonToObject","Messages":[],"ComputerName":"DESKTOP-P1UVUT9","Duration":"00:00:00.0065805","StartTime":"2022-10-11T14:33:44.5517268+00:00","EndTime":"2022-10-11T14:33:44.5517274+00:00","Properties":[]},{"TestCase":{"Id":"8aeb1b30-6371-b884-2c49-a173c6eda8db","FullyQualifiedName":"OrbitLibrary_Test.Infrastructure.Data.ODBCDbFactoryTest.ShouldCreateAODBCDataAdapterObject","DisplayName":"OrbitLibrary_Test.Infrastructure.Data.ODBCDbFactoryTest.ShouldCreateAODBCDataAdapterObject","ExecutorUri":"executor://xunit/VsTestRunner2/netcoreapp","Source":"C:\\Users\\luisf\\Desktop\\Repositori B1 Dev\\OrbitService\\OrbitService\\test\\OrbitLibrary-Test\\bin\\Debug\\netcoreapp3.1\\fine-code-coverage\\build-output\\OrbitLibrary_Test.dll","CodeFilePath":null,"LineNumber":0,"Properties":[]},"Attachments":[],"Outcome":1,"ErrorMessage":null,"ErrorStackTrace":null,"DisplayName":"OrbitLibrary_Test.Infrastructure.Data.ODBCDbFactoryTest.ShouldCreateAODBCDataAdapterObject","Messages":[],"ComputerName":"DESKTOP-P1UVUT9","Duration":"00:00:00.0176487","StartTime":"2022-10-11T14:33:44.552644+00:00","EndTime":"2022-10-11T14:33:44.5526447+00:00","Properties":[]}],"TestRunStatistics":{"ExecutedTests":6,"Stats":{"Passed":6}},"ActiveTests":[{"Id":"bf452aa2-a6cd-f752-9ef4-b816b91fb342","FullyQualifiedName":"OrbitLibrary_Test.Common.BaseServiceTest.ShouldRetryRequestIfAuthenticationIsRequiredAndResponseIsUnauthorized","DisplayName":"OrbitLibrary_Test.Common.BaseServiceTest.ShouldRetryRequestIfAuthenticationIsRequiredAndResponseIsUnauthorized","ExecutorUri":"executor://xunit/VsTestRunner2/netcoreapp","Source":"C:\\Users\\luisf\\Desktop\\Repositori B1 Dev\\OrbitService\\OrbitService\\test\\OrbitLibrary-Test\\bin\\Debug\\netcoreapp3.1\\fine-code-coverage\\build-output\\OrbitLibrary_Test.dll","CodeFilePath":null,"LineNumber":0,"Properties":[]},{"Id":"708334d5-204f-a0eb-d742-228c36eb9f6d","FullyQualifiedName":"OrbitLibrary_Test.Utils.AppSettingsTest.ShouldReturnAListOfAppSettings","DisplayName":"OrbitLibrary_Test.Utils.AppSettingsTest.ShouldReturnAListOfAppSettings","ExecutorUri":"executor://xunit/VsTestRunner2/netcoreapp","Source":"C:\\Users\\luisf\\Desktop\\Repositori B1 Dev\\OrbitService\\OrbitService\\test\\OrbitLibrary-Test\\bin\\Debug\\netcoreapp3.1\\fine-code-coverage\\build-output\\OrbitLibrary_Test.dll","CodeFilePath":null,"LineNumber":0,"Properties":[]},{"Id":"05d86330-84da-419c-7278-9f6a645195af","FullyQualifiedName":"OrbitLibrary_Test.Infrastructure.Providers.OrbitCredentialProviderTest.ShouldReturnTheLastValidInstanceOfCredentialsWithoutCallCommunicationClientIfInstanceExists","DisplayName":"OrbitLibrary_Test.Infrastructure.Providers.OrbitCredentialProviderTest.ShouldReturnTheLastValidInstanceOfCredentialsWithoutCallCommunicationClientIfInstanceExists","ExecutorUri":"executor://xunit/VsTestRunner2/netcoreapp","Source":"C:\\Users\\luisf\\Desktop\\Repositori B1 Dev\\OrbitService\\OrbitService\\test\\OrbitLibrary-Test\\bin\\Debug\\netcoreapp3.1\\fine-code-coverage\\build-output\\OrbitLibrary_Test.dll","CodeFilePath":null,"LineNumber":0,"Properties":[]},{"Id":"ab6758ca-d543-e19d-7591-462326dc305b","FullyQualifiedName":"OrbitLibrary_Test.Common.Domain.ServiceConfigurationTest.ShouldSetCredentialsProvider","DisplayName":"OrbitLibrary_Test.Common.Domain.ServiceConfigurationTest.ShouldSetCredentialsProvider","ExecutorUri":"executor://xunit/VsTestRunner2/netcoreapp","Source":"C:\\Users\\luisf\\Desktop\\Repositori B1 Dev\\OrbitService\\OrbitService\\test\\OrbitLibrary-Test\\bin\\Debug\\netcoreapp3.1\\fine-code-coverage\\build-output\\OrbitLibrary_Test.dll","CodeFilePath":null,"LineNumber":0,"Properties":[]}]}}
TpTrace Verbose: 0 : 9672, 14, 2022/10/11, 11:33:44.578, 3189822015729, vstest.console.dll, TestRunRequest:SendTestRunStatsChange: Starting.
TpTrace Verbose: 0 : 9672, 14, 2022/10/11, 11:33:44.578, 3189822016539, vstest.console.dll, InProgress is OrbitLibrary_Test.Common.BaseServiceTest.ShouldRetryRequestIfAuthenticationIsRequiredAndResponseIsUnauthorized
TpTrace Verbose: 0 : 9672, 14, 2022/10/11, 11:33:44.579, 3189822016946, vstest.console.dll, InProgress is OrbitLibrary_Test.Utils.AppSettingsTest.ShouldReturnAListOfAppSettings
TpTrace Verbose: 0 : 9672, 14, 2022/10/11, 11:33:44.579, 3189822017350, vstest.console.dll, InProgress is OrbitLibrary_Test.Infrastructure.Providers.OrbitCredentialProviderTest.ShouldReturnTheLastValidInstanceOfCredentialsWithoutCallCommunicationClientIfInstanceExists
TpTrace Verbose: 0 : 9672, 14, 2022/10/11, 11:33:44.579, 3189822017682, vstest.console.dll, InProgress is OrbitLibrary_Test.Common.Domain.ServiceConfigurationTest.ShouldSetCredentialsProvider
TpTrace Verbose: 0 : 9672, 14, 2022/10/11, 11:33:44.579, 3189822019870, vstest.console.dll, MulticastDelegateUtilities.SafeInvoke: TestRun.RunStatsChanged: Invoking callbacks was skipped because there are no subscribers.
TpTrace Information: 0 : 9672, 14, 2022/10/11, 11:33:44.579, 3189822020342, vstest.console.dll, TestRunRequest:SendTestRunStatsChange: Completed.
TpTrace Verbose: 0 : 9672, 14, 2022/10/11, 11:33:44.579, 3189822021195, vstest.console.dll, MulticastDelegateUtilities.SafeInvoke: LengthPrefixCommunicationChannel: MessageReceived: Invoking callback 1/1 for Microsoft.VisualStudio.TestPlatform.CommunicationUtilities.TestRequestSender+<>c__DisplayClass30_0.<StartTestRun>b__1, took 14 ms.
TpTrace Verbose: 0 : 9672, 14, 2022/10/11, 11:33:44.579, 3189822021645, vstest.console.dll, TcpClientExtensions.MessageLoopAsync: Polling on remoteEndPoint: 127.0.0.1:53558 localEndPoint: 127.0.0.1:53557
TpTrace Verbose: 0 : 9672, 14, 2022/10/11, 11:33:44.582, 3189822050346, vstest.console.dll, TcpClientExtensions.MessageLoopAsync: NotifyDataAvailable remoteEndPoint: 127.0.0.1:53558 localEndPoint: 127.0.0.1:53557
TpTrace Verbose: 0 : 9672, 14, 2022/10/11, 11:33:44.582, 3189822053178, vstest.console.dll, TestRequestSender.OnExecutionMessageReceived: Received message: {"Version":5,"MessageType":"TestExecution.StatsChange","Payload":{"NewTestResults":[{"TestCase":{"Id":"67fdf7bb-4dda-8ec5-a1bc-cbfb91a327aa","FullyQualifiedName":"OrbitLibrary_Test.Infrastructure.Data.ODBCDbFactoryTest.ShouldReceiverDataBaseNameAndDataBaseType","DisplayName":"OrbitLibrary_Test.Infrastructure.Data.ODBCDbFactoryTest.ShouldReceiverDataBaseNameAndDataBaseType","ExecutorUri":"executor://xunit/VsTestRunner2/netcoreapp","Source":"C:\\Users\\luisf\\Desktop\\Repositori B1 Dev\\OrbitService\\OrbitService\\test\\OrbitLibrary-Test\\bin\\Debug\\netcoreapp3.1\\fine-code-coverage\\build-output\\OrbitLibrary_Test.dll","CodeFilePath":null,"LineNumber":0,"Properties":[]},"Attachments":[],"Outcome":1,"ErrorMessage":null,"ErrorStackTrace":null,"DisplayName":"OrbitLibrary_Test.Infrastructure.Data.ODBCDbFactoryTest.ShouldReceiverDataBaseNameAndDataBaseType","Messages":[],"ComputerName":"DESKTOP-P1UVUT9","Duration":"00:00:00.0003129","StartTime":"2022-10-11T14:33:44.5691186+00:00","EndTime":"2022-10-11T14:33:44.5691203+00:00","Properties":[]},{"TestCase":{"Id":"ce28d1fe-7d34-595b-2137-b506926e2abb","FullyQualifiedName":"OrbitLibrary_Test.Common.Domain.SessionCredentialsTest.shouldCreateAInvalidInstance","DisplayName":"OrbitLibrary_Test.Common.Domain.SessionCredentialsTest.shouldCreateAInvalidInstance","ExecutorUri":"executor://xunit/VsTestRunner2/netcoreapp","Source":"C:\\Users\\luisf\\Desktop\\Repositori B1 Dev\\OrbitService\\OrbitService\\test\\OrbitLibrary-Test\\bin\\Debug\\netcoreapp3.1\\fine-code-coverage\\build-output\\OrbitLibrary_Test.dll","CodeFilePath":null,"LineNumber":0,"Properties":[]},"Attachments":[],"Outcome":1,"ErrorMessage":null,"ErrorStackTrace":null,"DisplayName":"OrbitLibrary_Test.Common.Domain.SessionCredentialsTest.shouldCreateAInvalidInstance","Messages":[],"ComputerName":"DESKTOP-P1UVUT9","Duration":"00:00:00.0003840","StartTime":"2022-10-11T14:33:44.5711563+00:00","EndTime":"2022-10-11T14:33:44.571158+00:00","Properties":[]},{"TestCase":{"Id":"46b2215d-4b24-bcba-0b70-f46f4e09945a","FullyQualifiedName":"OrbitLibrary_Test.Common.Domain.OperationRequestTest.InstanceCreation","DisplayName":"OrbitLibrary_Test.Common.Domain.OperationRequestTest.InstanceCreation","ExecutorUri":"executor://xunit/VsTestRunner2/netcoreapp","Source":"C:\\Users\\luisf\\Desktop\\Repositori B1 Dev\\OrbitService\\OrbitService\\test\\OrbitLibrary-Test\\bin\\Debug\\netcoreapp3.1\\fine-code-coverage\\build-output\\OrbitLibrary_Test.dll","CodeFilePath":null,"LineNumber":0,"Properties":[]},"Attachments":[],"Outcome":1,"ErrorMessage":null,"ErrorStackTrace":null,"DisplayName":"OrbitLibrary_Test.Common.Domain.OperationRequestTest.InstanceCreation","Messages":[],"ComputerName":"DESKTOP-P1UVUT9","Duration":"00:00:00.0102216","StartTime":"2022-10-11T14:33:44.5722113+00:00","EndTime":"2022-10-11T14:33:44.5722125+00:00","Properties":[]},{"TestCase":{"Id":"466ff202-e153-1a1a-a010-a8107f615c1a","FullyQualifiedName":"OrbitLibrary_Test.Common.Domain.OperationRequestTest.PutBody","DisplayName":"OrbitLibrary_Test.Common.Domain.OperationRequestTest.PutBody","ExecutorUri":"executor://xunit/VsTestRunner2/netcoreapp","Source":"C:\\Users\\luisf\\Desktop\\Repositori B1 Dev\\OrbitService\\OrbitService\\test\\OrbitLibrary-Test\\bin\\Debug\\netcoreapp3.1\\fine-code-coverage\\build-output\\OrbitLibrary_Test.dll","CodeFilePath":null,"LineNumber":0,"Properties":[]},"Attachments":[],"Outcome":1,"ErrorMessage":null,"ErrorStackTrace":null,"DisplayName":"OrbitLibrary_Test.Common.Domain.OperationRequestTest.PutBody","Messages":[],"ComputerName":"DESKTOP-P1UVUT9","Duration":"00:00:00.0001823","StartTime":"2022-10-11T14:33:44.5743553+00:00","EndTime":"2022-10-11T14:33:44.5743568+00:00","Properties":[]},{"TestCase":{"Id":"cc63ed62-6a79-0981-6990-33f7af56bc45","FullyQualifiedName":"OrbitLibrary_Test.Infrastructure.Handlers.JsonRequestBodySerializerTest.ShouldSerializeObjectWithNullFields","DisplayName":"OrbitLibrary_Test.Infrastructure.Handlers.JsonRequestBodySerializerTest.ShouldSerializeObjectWithNullFields","ExecutorUri":"executor://xunit/VsTestRunner2/netcoreapp","Source":"C:\\Users\\luisf\\Desktop\\Repositori B1 Dev\\OrbitService\\OrbitService\\test\\OrbitLibrary-Test\\bin\\Debug\\netcoreapp3.1\\fine-code-coverage\\build-output\\OrbitLibrary_Test.dll","CodeFilePath":null,"LineNumber":0,"Properties":[]},"Attachments":[],"Outcome":1,"ErrorMessage":null,"ErrorStackTrace":null,"DisplayName":"OrbitLibrary_Test.Infrastructure.Handlers.JsonRequestBodySerializerTest.ShouldSerializeObjectWithNullFields","Messages":[],"ComputerName":"DESKTOP-P1UVUT9","Duration":"00:00:00.0018445","StartTime":"2022-10-11T14:33:44.5767331+00:00","EndTime":"2022-10-11T14:33:44.5767349+00:00","Properties":[]},{"TestCase":{"Id":"a0bda312-f161-15e1-b2bf-cb5ffe91113c","FullyQualifiedName":"OrbitLibrary_Test.Infrastructure.Handlers.JsonRequestBodySerializerTest.ShouldSerializeObjectWithoutNullFields","DisplayName":"OrbitLibrary_Test.Infrastructure.Handlers.JsonRequestBodySerializerTest.ShouldSerializeObjectWithoutNullFields","ExecutorUri":"executor://xunit/VsTestRunner2/netcoreapp","Source":"C:\\Users\\luisf\\Desktop\\Repositori B1 Dev\\OrbitService\\OrbitService\\test\\OrbitLibrary-Test\\bin\\Debug\\netcoreapp3.1\\fine-code-coverage\\build-output\\OrbitLibrary_Test.dll","CodeFilePath":null,"LineNumber":0,"Properties":[]},"Attachments":[],"Outcome":1,"ErrorMessage":null,"ErrorStackTrace":null,"DisplayName":"OrbitLibrary_Test.Infrastructure.Handlers.JsonRequestBodySerializerTest.ShouldSerializeObjectWithoutNullFields","Messages":[],"ComputerName":"DESKTOP-P1UVUT9","Duration":"00:00:00.0002148","StartTime":"2022-10-11T14:33:44.5787038+00:00","EndTime":"2022-10-11T14:33:44.5787052+00:00","Properties":[]},{"TestCase":{"Id":"29a7e4a2-b8d7-ba14-1eba-57e13edfd4d1","FullyQualifiedName":"OrbitLibrary_Test.Crypto.CryptoBase64Test.ShouldEncryptAStringBasedOnKeys","DisplayName":"OrbitLibrary_Test.Crypto.CryptoBase64Test.ShouldEncryptAStringBasedOnKeys","ExecutorUri":"executor://xunit/VsTestRunner2/netcoreapp","Source":"C:\\Users\\luisf\\Desktop\\Repositori B1 Dev\\OrbitService\\OrbitService\\test\\OrbitLibrary-Test\\bin\\Debug\\netcoreapp3.1\\fine-code-coverage\\build-output\\OrbitLibrary_Test.dll","CodeFilePath":null,"LineNumber":0,"Properties":[]},"Attachments":[],"Outcome":1,"ErrorMessage":null,"ErrorStackTrace":null,"DisplayName":"OrbitLibrary_Test.Crypto.CryptoBase64Test.ShouldEncryptAStringBasedOnKeys","Messages":[],"ComputerName":"DESKTOP-P1UVUT9","Duration":"00:00:00.0121321","StartTime":"2022-10-11T14:33:44.5800695+00:00","EndTime":"2022-10-11T14:33:44.5800709+00:00","Properties":[]}],"TestRunStatistics":{"ExecutedTests":13,"Stats":{"Passed":13}},"ActiveTests":[{"Id":"0ced9dd1-7c1b-dd8d-c5da-03dc61188ac7","FullyQualifiedName":"OrbitLibrary_Test.Infrastructure.Data.ODBCDbFactoryTest.ShouldCreateAODBCConnectionObject","DisplayName":"OrbitLibrary_Test.Infrastructure.Data.ODBCDbFactoryTest.ShouldCreateAODBCConnectionObject","ExecutorUri":"executor://xunit/VsTestRunner2/netcoreapp","Source":"C:\\Users\\luisf\\Desktop\\Repositori B1 Dev\\OrbitService\\OrbitService\\test\\OrbitLibrary-Test\\bin\\Debug\\netcoreapp3.1\\fine-code-coverage\\build-output\\OrbitLibrary_Test.dll","CodeFilePath":null,"LineNumber":0,"Properties":[]},{"Id":"f6ba47f7-be57-74b5-9fef-cff779d5964e","FullyQualifiedName":"OrbitLibrary_Test.Common.Domain.OperationRequestTest.AddingHeaders","DisplayName":"OrbitLibrary_Test.Common.Domain.OperationRequestTest.AddingHeaders","ExecutorUri":"executor://xunit/VsTestRunner2/netcoreapp","Source":"C:\\Users\\luisf\\Desktop\\Repositori B1 Dev\\OrbitService\\OrbitService\\test\\OrbitLibrary-Test\\bin\\Debug\\netcoreapp3.1\\fine-code-coverage\\build-output\\OrbitLibrary_Test.dll","CodeFilePath":null,"LineNumber":0,"Properties":[]},{"Id":"0f774bc4-cc2c-2a2d-4249-0667ca63a09f","FullyQualifiedName":"OrbitLibrary_Test.Crypto.CryptoBase64Test.ShouldDecryptValue","DisplayName":"OrbitLibrary_Test.Crypto.CryptoBase64Test.ShouldDecryptValue","ExecutorUri":"executor://xunit/VsTestRunner2/netcoreapp","Source":"C:\\Users\\luisf\\Desktop\\Repositori B1 Dev\\OrbitService\\OrbitService\\test\\OrbitLibrary-Test\\bin\\Debug\\netcoreapp3.1\\fine-code-coverage\\build-output\\OrbitLibrary_Test.dll","CodeFilePath":null,"LineNumber":0,"Properties":[]}]}}
TpTrace Verbose: 0 : 9672, 14, 2022/10/11, 11:33:44.584, 3189822073803, vstest.console.dll, TestRunRequest:SendTestRunStatsChange: Starting.
TpTrace Verbose: 0 : 9672, 14, 2022/10/11, 11:33:44.584, 3189822074437, vstest.console.dll, InProgress is OrbitLibrary_Test.Infrastructure.Data.ODBCDbFactoryTest.ShouldCreateAODBCConnectionObject
TpTrace Verbose: 0 : 9672, 14, 2022/10/11, 11:33:44.584, 3189822074811, vstest.console.dll, InProgress is OrbitLibrary_Test.Common.Domain.OperationRequestTest.AddingHeaders
TpTrace Verbose: 0 : 9672, 14, 2022/10/11, 11:33:44.584, 3189822075138, vstest.console.dll, InProgress is OrbitLibrary_Test.Crypto.CryptoBase64Test.ShouldDecryptValue
TpTrace Verbose: 0 : 9672, 14, 2022/10/11, 11:33:44.584, 3189822075738, vstest.console.dll, MulticastDelegateUtilities.SafeInvoke: TestRun.RunStatsChanged: Invoking callbacks was skipped because there are no subscribers.
TpTrace Information: 0 : 9672, 14, 2022/10/11, 11:33:44.584, 3189822076101, vstest.console.dll, TestRunRequest:SendTestRunStatsChange: Completed.
TpTrace Verbose: 0 : 9672, 14, 2022/10/11, 11:33:44.584, 3189822076457, vstest.console.dll, MulticastDelegateUtilities.SafeInvoke: LengthPrefixCommunicationChannel: MessageReceived: Invoking callback 1/1 for Microsoft.VisualStudio.TestPlatform.CommunicationUtilities.TestRequestSender+<>c__DisplayClass30_0.<StartTestRun>b__1, took 2 ms.
TpTrace Verbose: 0 : 9672, 14, 2022/10/11, 11:33:44.585, 3189822076805, vstest.console.dll, TcpClientExtensions.MessageLoopAsync: Polling on remoteEndPoint: 127.0.0.1:53558 localEndPoint: 127.0.0.1:53557
TpTrace Verbose: 0 : 9672, 4, 2022/10/11, 11:33:44.588, 3189822106838, vstest.console.dll, MulticastDelegateUtilities.SafeInvoke: InternalTestLoggerEvents.SendTestResult: Invoking callback 1/1 for Microsoft.VisualStudio.TestPlatform.CommandLine.Internal.ConsoleLogger.TestResultHandler, took 8 ms.
TpTrace Verbose: 0 : 9672, 4, 2022/10/11, 11:33:44.588, 3189822108272, vstest.console.dll, MulticastDelegateUtilities.SafeInvoke: InternalTestLoggerEvents.SendTestResult: Invoking callback 1/1 for Microsoft.VisualStudio.TestPlatform.CommandLine.Internal.ConsoleLogger.TestResultHandler, took 0 ms.
TpTrace Verbose: 0 : 9672, 4, 2022/10/11, 11:33:44.588, 3189822109245, vstest.console.dll, MulticastDelegateUtilities.SafeInvoke: InternalTestLoggerEvents.SendTestResult: Invoking callback 1/1 for Microsoft.VisualStudio.TestPlatform.CommandLine.Internal.ConsoleLogger.TestResultHandler, took 0 ms.
TpTrace Verbose: 0 : 9672, 4, 2022/10/11, 11:33:44.588, 3189822110445, vstest.console.dll, MulticastDelegateUtilities.SafeInvoke: InternalTestLoggerEvents.SendTestResult: Invoking callback 1/1 for Microsoft.VisualStudio.TestPlatform.CommandLine.Internal.ConsoleLogger.TestResultHandler, took 0 ms.
TpTrace Verbose: 0 : 9672, 4, 2022/10/11, 11:33:44.588, 3189822111090, vstest.console.dll, MulticastDelegateUtilities.SafeInvoke: InternalTestLoggerEvents.SendTestResult: Invoking callback 1/1 for Microsoft.VisualStudio.TestPlatform.CommandLine.Internal.ConsoleLogger.TestResultHandler, took 0 ms.
TpTrace Verbose: 0 : 9672, 4, 2022/10/11, 11:33:44.588, 3189822111634, vstest.console.dll, MulticastDelegateUtilities.SafeInvoke: InternalTestLoggerEvents.SendTestResult: Invoking callback 1/1 for Microsoft.VisualStudio.TestPlatform.CommandLine.Internal.ConsoleLogger.TestResultHandler, took 0 ms.
TpTrace Verbose: 0 : 9672, 4, 2022/10/11, 11:33:44.588, 3189822112681, vstest.console.dll, MulticastDelegateUtilities.SafeInvoke: InternalTestLoggerEvents.SendTestResult: Invoking callback 1/1 for Microsoft.VisualStudio.TestPlatform.CommandLine.Internal.ConsoleLogger.TestResultHandler, took 0 ms.
TpTrace Verbose: 0 : 9672, 4, 2022/10/11, 11:33:44.588, 3189822113308, vstest.console.dll, MulticastDelegateUtilities.SafeInvoke: InternalTestLoggerEvents.SendTestResult: Invoking callback 1/1 for Microsoft.VisualStudio.TestPlatform.CommandLine.Internal.ConsoleLogger.TestResultHandler, took 0 ms.
TpTrace Verbose: 0 : 9672, 4, 2022/10/11, 11:33:44.591, 3189822137518, vstest.console.dll, MulticastDelegateUtilities.SafeInvoke: InternalTestLoggerEvents.SendTestResult: Invoking callback 1/1 for Microsoft.VisualStudio.TestPlatform.CommandLine.Internal.ConsoleLogger.TestResultHandler, took 2 ms.
TpTrace Verbose: 0 : 9672, 4, 2022/10/11, 11:33:44.591, 3189822138503, vstest.console.dll, MulticastDelegateUtilities.SafeInvoke: InternalTestLoggerEvents.SendTestResult: Invoking callback 1/1 for Microsoft.VisualStudio.TestPlatform.CommandLine.Internal.ConsoleLogger.TestResultHandler, took 0 ms.
TpTrace Verbose: 0 : 9672, 4, 2022/10/11, 11:33:44.591, 3189822139211, vstest.console.dll, MulticastDelegateUtilities.SafeInvoke: InternalTestLoggerEvents.SendTestResult: Invoking callback 1/1 for Microsoft.VisualStudio.TestPlatform.CommandLine.Internal.ConsoleLogger.TestResultHandler, took 0 ms.
TpTrace Verbose: 0 : 9672, 4, 2022/10/11, 11:33:44.591, 3189822139781, vstest.console.dll, MulticastDelegateUtilities.SafeInvoke: InternalTestLoggerEvents.SendTestResult: Invoking callback 1/1 for Microsoft.VisualStudio.TestPlatform.CommandLine.Internal.ConsoleLogger.TestResultHandler, took 0 ms.
TpTrace Verbose: 0 : 9672, 4, 2022/10/11, 11:33:44.591, 3189822140314, vstest.console.dll, MulticastDelegateUtilities.SafeInvoke: InternalTestLoggerEvents.SendTestResult: Invoking callback 1/1 for Microsoft.VisualStudio.TestPlatform.CommandLine.Internal.ConsoleLogger.TestResultHandler, took 0 ms.
TpTrace Verbose: 0 : 9672, 14, 2022/10/11, 11:33:44.596, 3189822193601, vstest.console.dll, TcpClientExtensions.MessageLoopAsync: NotifyDataAvailable remoteEndPoint: 127.0.0.1:53558 localEndPoint: 127.0.0.1:53557
TpTrace Verbose: 0 : 9672, 14, 2022/10/11, 11:33:44.596, 3189822195911, vstest.console.dll, TestRequestSender.OnExecutionMessageReceived: Received message: {"Version":5,"MessageType":"TestExecution.StatsChange","Payload":{"NewTestResults":[{"TestCase":{"Id":"0f774bc4-cc2c-2a2d-4249-0667ca63a09f","FullyQualifiedName":"OrbitLibrary_Test.Crypto.CryptoBase64Test.ShouldDecryptValue","DisplayName":"OrbitLibrary_Test.Crypto.CryptoBase64Test.ShouldDecryptValue","ExecutorUri":"executor://xunit/VsTestRunner2/netcoreapp","Source":"C:\\Users\\luisf\\Desktop\\Repositori B1 Dev\\OrbitService\\OrbitService\\test\\OrbitLibrary-Test\\bin\\Debug\\netcoreapp3.1\\fine-code-coverage\\build-output\\OrbitLibrary_Test.dll","CodeFilePath":null,"LineNumber":0,"Properties":[]},"Attachments":[],"Outcome":1,"ErrorMessage":null,"ErrorStackTrace":null,"DisplayName":"OrbitLibrary_Test.Crypto.CryptoBase64Test.ShouldDecryptValue","Messages":[],"ComputerName":"DESKTOP-P1UVUT9","Duration":"00:00:00.0006179","StartTime":"2022-10-11T14:33:44.5833398+00:00","EndTime":"2022-10-11T14:33:44.5833414+00:00","Properties":[]},{"TestCase":{"Id":"708334d5-204f-a0eb-d742-228c36eb9f6d","FullyQualifiedName":"OrbitLibrary_Test.Utils.AppSettingsTest.ShouldReturnAListOfAppSettings","DisplayName":"OrbitLibrary_Test.Utils.AppSettingsTest.ShouldReturnAListOfAppSettings","ExecutorUri":"executor://xunit/VsTestRunner2/netcoreapp","Source":"C:\\Users\\luisf\\Desktop\\Repositori B1 Dev\\OrbitService\\OrbitService\\test\\OrbitLibrary-Test\\bin\\Debug\\netcoreapp3.1\\fine-code-coverage\\build-output\\OrbitLibrary_Test.dll","CodeFilePath":null,"LineNumber":0,"Properties":[]},"Attachments":[],"Outcome":1,"ErrorMessage":null,"ErrorStackTrace":null,"DisplayName":"OrbitLibrary_Test.Utils.AppSettingsTest.ShouldReturnAListOfAppSettings","Messages":[],"ComputerName":"DESKTOP-P1UVUT9","Duration":"00:00:00.0141340","StartTime":"2022-10-11T14:33:44.5846506+00:00","EndTime":"2022-10-11T14:33:44.5846519+00:00","Properties":[]},{"TestCase":{"Id":"f6ba47f7-be57-74b5-9fef-cff779d5964e","FullyQualifiedName":"OrbitLibrary_Test.Common.Domain.OperationRequestTest.AddingHeaders","DisplayName":"OrbitLibrary_Test.Common.Domain.OperationRequestTest.AddingHeaders","ExecutorUri":"executor://xunit/VsTestRunner2/netcoreapp","Source":"C:\\Users\\luisf\\Desktop\\Repositori B1 Dev\\OrbitService\\OrbitService\\test\\OrbitLibrary-Test\\bin\\Debug\\netcoreapp3.1\\fine-code-coverage\\build-output\\OrbitLibrary_Test.dll","CodeFilePath":null,"LineNumber":0,"Properties":[]},"Attachments":[],"Outcome":1,"ErrorMessage":null,"ErrorStackTrace":null,"DisplayName":"OrbitLibrary_Test.Common.Domain.OperationRequestTest.AddingHeaders","Messages":[],"ComputerName":"DESKTOP-P1UVUT9","Duration":"00:00:00.0041621","StartTime":"2022-10-11T14:33:44.5859263+00:00","EndTime":"2022-10-11T14:33:44.5859272+00:00","Properties":[]},{"TestCase":{"Id":"0ced9dd1-7c1b-dd8d-c5da-03dc61188ac7","FullyQualifiedName":"OrbitLibrary_Test.Infrastructure.Data.ODBCDbFactoryTest.ShouldCreateAODBCConnectionObject","DisplayName":"OrbitLibrary_Test.Infrastructure.Data.ODBCDbFactoryTest.ShouldCreateAODBCConnectionObject","ExecutorUri":"executor://xunit/VsTestRunner2/netcoreapp","Source":"C:\\Users\\luisf\\Desktop\\Repositori B1 Dev\\OrbitService\\OrbitService\\test\\OrbitLibrary-Test\\bin\\Debug\\netcoreapp3.1\\fine-code-coverage\\build-output\\OrbitLibrary_Test.dll","CodeFilePath":null,"LineNumber":0,"Properties":[]},"Attachments":[],"Outcome":1,"ErrorMessage":null,"ErrorStackTrace":null,"DisplayName":"OrbitLibrary_Test.Infrastructure.Data.ODBCDbFactoryTest.ShouldCreateAODBCConnectionObject","Messages":[],"ComputerName":"DESKTOP-P1UVUT9","Duration":"00:00:00.0114497","StartTime":"2022-10-11T14:33:44.5872044+00:00","EndTime":"2022-10-11T14:33:44.5872054+00:00","Properties":[]},{"TestCase":{"Id":"c24315ff-2655-e67b-8831-9d742f357bc5","FullyQualifiedName":"OrbitLibrary_Test.Infrastructure.Data.ODBCDbFactoryTest.ShouldCreateAODBCCommandObject","DisplayName":"OrbitLibrary_Test.Infrastructure.Data.ODBCDbFactoryTest.ShouldCreateAODBCCommandObject","ExecutorUri":"executor://xunit/VsTestRunner2/netcoreapp","Source":"C:\\Users\\luisf\\Desktop\\Repositori B1 Dev\\OrbitService\\OrbitService\\test\\OrbitLibrary-Test\\bin\\Debug\\netcoreapp3.1\\fine-code-coverage\\build-output\\OrbitLibrary_Test.dll","CodeFilePath":null,"LineNumber":0,"Properties":[]},"Attachments":[],"Outcome":1,"ErrorMessage":null,"ErrorStackTrace":null,"DisplayName":"OrbitLibrary_Test.Infrastructure.Data.ODBCDbFactoryTest.ShouldCreateAODBCCommandObject","Messages":[],"ComputerName":"DESKTOP-P1UVUT9","Duration":"00:00:00.0003378","StartTime":"2022-10-11T14:33:44.5894965+00:00","EndTime":"2022-10-11T14:33:44.589498+00:00","Properties":[]},{"TestCase":{"Id":"495a37a0-5d72-0684-f7a4-42a34d22944f","FullyQualifiedName":"OrbitLibrary_Test.Application.Builders.OperationRequestBuilderTest.ShouldNotPutBodyWithSomeMethods","DisplayName":"OrbitLibrary_Test.Application.Builders.OperationRequestBuilderTest.ShouldNotPutBodyWithSomeMethods","ExecutorUri":"executor://xunit/VsTestRunner2/netcoreapp","Source":"C:\\Users\\luisf\\Desktop\\Repositori B1 Dev\\OrbitService\\OrbitService\\test\\OrbitLibrary-Test\\bin\\Debug\\netcoreapp3.1\\fine-code-coverage\\build-output\\OrbitLibrary_Test.dll","CodeFilePath":null,"LineNumber":0,"Properties":[]},"Attachments":[],"Outcome":1,"ErrorMessage":null,"ErrorStackTrace":null,"DisplayName":"OrbitLibrary_Test.Application.Builders.OperationRequestBuilderTest.ShouldNotPutBodyWithSomeMethods","Messages":[],"ComputerName":"DESKTOP-P1UVUT9","Duration":"00:00:00.1070386","StartTime":"2022-10-11T14:33:44.5926803+00:00","EndTime":"2022-10-11T14:33:44.5926816+00:00","Properties":[]},{"TestCase":{"Id":"ab6758ca-d543-e19d-7591-462326dc305b","FullyQualifiedName":"OrbitLibrary_Test.Common.Domain.ServiceConfigurationTest.ShouldSetCredentialsProvider","DisplayName":"OrbitLibrary_Test.Common.Domain.ServiceConfigurationTest.ShouldSetCredentialsProvider","ExecutorUri":"executor://xunit/VsTestRunner2/netcoreapp","Source":"C:\\Users\\luisf\\Desktop\\Repositori B1 Dev\\OrbitService\\OrbitService\\test\\OrbitLibrary-Test\\bin\\Debug\\netcoreapp3.1\\fine-code-coverage\\build-output\\OrbitLibrary_Test.dll","CodeFilePath":null,"LineNumber":0,"Properties":[]},"Attachments":[],"Outcome":1,"ErrorMessage":null,"ErrorStackTrace":null,"DisplayName":"OrbitLibrary_Test.Common.Domain.ServiceConfigurationTest.ShouldSetCredentialsProvider","Messages":[],"ComputerName":"DESKTOP-P1UVUT9","Duration":"00:00:00.0798592","StartTime":"2022-10-11T14:33:44.5948355+00:00","EndTime":"2022-10-11T14:33:44.5948369+00:00","Properties":[]}],"TestRunStatistics":{"ExecutedTests":20,"Stats":{"Passed":20}},"ActiveTests":[{"Id":"37601c19-3666-21d8-8f4f-2dc9ace2cd66","FullyQualifiedName":"OrbitLibrary_Test.Services.Authentication.Session.LoginTest.LoginWithouParameters","DisplayName":"OrbitLibrary_Test.Services.Authentication.Session.LoginTest.LoginWithouParameters","ExecutorUri":"executor://xunit/VsTestRunner2/netcoreapp","Source":"C:\\Users\\luisf\\Desktop\\Repositori B1 Dev\\OrbitService\\OrbitService\\test\\OrbitLibrary-Test\\bin\\Debug\\netcoreapp3.1\\fine-code-coverage\\build-output\\OrbitLibrary_Test.dll","CodeFilePath":null,"LineNumber":0,"Properties":[]},{"Id":"4446ff8f-3de4-5987-a872-b904ef67c28e","FullyQualifiedName":"OrbitLibrary_Test.Infrastructure.Providers.HttpClientCommunicationProviderTest.ShouldCall","DisplayName":"OrbitLibrary_Test.Infrastructure.Providers.HttpClientCommunicationProviderTest.ShouldCall","ExecutorUri":"executor://xunit/VsTestRunner2/netcoreapp","Source":"C:\\Users\\luisf\\Desktop\\Repositori B1 Dev\\OrbitService\\OrbitService\\test\\OrbitLibrary-Test\\bin\\Debug\\netcoreapp3.1\\fine-code-coverage\\build-output\\OrbitLibrary_Test.dll","CodeFilePath":null,"LineNumber":0,"Properties":[]},{"Id":"c6ef3ba1-2db5-0c8c-a7c5-61576f1ef67c","FullyQualifiedName":"OrbitLibrary_Test.Application.Builders.OperationRequestBuilderTest.ShouldNotAddCredentialsHeadersIfCredentialsIsNull","DisplayName":"OrbitLibrary_Test.Application.Builders.OperationRequestBuilderTest.ShouldNotAddCredentialsHeadersIfCredentialsIsNull","ExecutorUri":"executor://xunit/VsTestRunner2/netcoreapp","Source":"C:\\Users\\luisf\\Desktop\\Repositori B1 Dev\\OrbitService\\OrbitService\\test\\OrbitLibrary-Test\\bin\\Debug\\netcoreapp3.1\\fine-code-coverage\\build-output\\OrbitLibrary_Test.dll","CodeFilePath":null,"LineNumber":0,"Properties":[]}]}}
TpTrace Verbose: 0 : 9672, 14, 2022/10/11, 11:33:44.598, 3189822213361, vstest.console.dll, TestRunRequest:SendTestRunStatsChange: Starting.
TpTrace Verbose: 0 : 9672, 14, 2022/10/11, 11:33:44.598, 3189822214032, vstest.console.dll, InProgress is OrbitLibrary_Test.Services.Authentication.Session.LoginTest.LoginWithouParameters
TpTrace Verbose: 0 : 9672, 14, 2022/10/11, 11:33:44.598, 3189822214845, vstest.console.dll, InProgress is OrbitLibrary_Test.Infrastructure.Providers.HttpClientCommunicationProviderTest.ShouldCall
TpTrace Verbose: 0 : 9672, 14, 2022/10/11, 11:33:44.598, 3189822215246, vstest.console.dll, InProgress is OrbitLibrary_Test.Application.Builders.OperationRequestBuilderTest.ShouldNotAddCredentialsHeadersIfCredentialsIsNull
TpTrace Verbose: 0 : 9672, 14, 2022/10/11, 11:33:44.598, 3189822215823, vstest.console.dll, MulticastDelegateUtilities.SafeInvoke: TestRun.RunStatsChanged: Invoking callbacks was skipped because there are no subscribers.
TpTrace Information: 0 : 9672, 14, 2022/10/11, 11:33:44.598, 3189822216161, vstest.console.dll, TestRunRequest:SendTestRunStatsChange: Completed.
TpTrace Verbose: 0 : 9672, 14, 2022/10/11, 11:33:44.598, 3189822216509, vstest.console.dll, MulticastDelegateUtilities.SafeInvoke: LengthPrefixCommunicationChannel: MessageReceived: Invoking callback 1/1 for Microsoft.VisualStudio.TestPlatform.CommunicationUtilities.TestRequestSender+<>c__DisplayClass30_0.<StartTestRun>b__1, took 2 ms.
TpTrace Verbose: 0 : 9672, 4, 2022/10/11, 11:33:44.598, 3189822216493, vstest.console.dll, MulticastDelegateUtilities.SafeInvoke: InternalTestLoggerEvents.SendTestResult: Invoking callback 1/1 for Microsoft.VisualStudio.TestPlatform.CommandLine.Internal.ConsoleLogger.TestResultHandler, took 0 ms.
TpTrace Verbose: 0 : 9672, 14, 2022/10/11, 11:33:44.599, 3189822216914, vstest.console.dll, TcpClientExtensions.MessageLoopAsync: Polling on remoteEndPoint: 127.0.0.1:53558 localEndPoint: 127.0.0.1:53557
TpTrace Verbose: 0 : 9672, 4, 2022/10/11, 11:33:44.599, 3189822217918, vstest.console.dll, MulticastDelegateUtilities.SafeInvoke: InternalTestLoggerEvents.SendTestResult: Invoking callback 1/1 for Microsoft.VisualStudio.TestPlatform.CommandLine.Internal.ConsoleLogger.TestResultHandler, took 0 ms.
TpTrace Verbose: 0 : 9672, 4, 2022/10/11, 11:33:44.599, 3189822219485, vstest.console.dll, MulticastDelegateUtilities.SafeInvoke: InternalTestLoggerEvents.SendTestResult: Invoking callback 1/1 for Microsoft.VisualStudio.TestPlatform.CommandLine.Internal.ConsoleLogger.TestResultHandler, took 0 ms.
TpTrace Verbose: 0 : 9672, 4, 2022/10/11, 11:33:44.599, 3189822220295, vstest.console.dll, MulticastDelegateUtilities.SafeInvoke: InternalTestLoggerEvents.SendTestResult: Invoking callback 1/1 for Microsoft.VisualStudio.TestPlatform.CommandLine.Internal.ConsoleLogger.TestResultHandler, took 0 ms.
TpTrace Verbose: 0 : 9672, 4, 2022/10/11, 11:33:44.599, 3189822220840, vstest.console.dll, MulticastDelegateUtilities.SafeInvoke: InternalTestLoggerEvents.SendTestResult: Invoking callback 1/1 for Microsoft.VisualStudio.TestPlatform.CommandLine.Internal.ConsoleLogger.TestResultHandler, took 0 ms.
TpTrace Verbose: 0 : 9672, 4, 2022/10/11, 11:33:44.599, 3189822221422, vstest.console.dll, MulticastDelegateUtilities.SafeInvoke: InternalTestLoggerEvents.SendTestResult: Invoking callback 1/1 for Microsoft.VisualStudio.TestPlatform.CommandLine.Internal.ConsoleLogger.TestResultHandler, took 0 ms.
TpTrace Verbose: 0 : 9672, 4, 2022/10/11, 11:33:44.599, 3189822221939, vstest.console.dll, MulticastDelegateUtilities.SafeInvoke: InternalTestLoggerEvents.SendTestResult: Invoking callback 1/1 for Microsoft.VisualStudio.TestPlatform.CommandLine.Internal.ConsoleLogger.TestResultHandler, took 0 ms.
TpTrace Verbose: 0 : 9672, 14, 2022/10/11, 11:33:44.610, 3189822334001, vstest.console.dll, TcpClientExtensions.MessageLoopAsync: NotifyDataAvailable remoteEndPoint: 127.0.0.1:53558 localEndPoint: 127.0.0.1:53557
TpTrace Verbose: 0 : 9672, 14, 2022/10/11, 11:33:44.610, 3189822336367, vstest.console.dll, TestRequestSender.OnExecutionMessageReceived: Received message: {"Version":5,"MessageType":"TestExecution.StatsChange","Payload":{"NewTestResults":[{"TestCase":{"Id":"f0af5800-0cee-b62e-0898-b8796acf61da","FullyQualifiedName":"OrbitLibrary_Test.Common.Domain.OperationResponseTest.ShouldReturnContentTypeCamelCase","DisplayName":"OrbitLibrary_Test.Common.Domain.OperationResponseTest.ShouldReturnContentTypeCamelCase","ExecutorUri":"executor://xunit/VsTestRunner2/netcoreapp","Source":"C:\\Users\\luisf\\Desktop\\Repositori B1 Dev\\OrbitService\\OrbitService\\test\\OrbitLibrary-Test\\bin\\Debug\\netcoreapp3.1\\fine-code-coverage\\build-output\\OrbitLibrary_Test.dll","CodeFilePath":null,"LineNumber":0,"Properties":[]},"Attachments":[],"Outcome":1,"ErrorMessage":null,"ErrorStackTrace":null,"DisplayName":"OrbitLibrary_Test.Common.Domain.OperationResponseTest.ShouldReturnContentTypeCamelCase","Messages":[],"ComputerName":"DESKTOP-P1UVUT9","Duration":"00:00:00.1085251","StartTime":"2022-10-11T14:33:44.5968445+00:00","EndTime":"2022-10-11T14:33:44.5968454+00:00","Properties":[]},{"TestCase":{"Id":"4ca77e96-0a7c-61b2-7318-6279b0bac4c5","FullyQualifiedName":"OrbitLibrary_Test.Utils.DefaultsTest.ShouldReturnsDefaultCredentialProvider","DisplayName":"OrbitLibrary_Test.Utils.DefaultsTest.ShouldReturnsDefaultCredentialProvider","ExecutorUri":"executor://xunit/VsTestRunner2/netcoreapp","Source":"C:\\Users\\luisf\\Desktop\\Repositori B1 Dev\\OrbitService\\OrbitService\\test\\OrbitLibrary-Test\\bin\\Debug\\netcoreapp3.1\\fine-code-coverage\\build-output\\OrbitLibrary_Test.dll","CodeFilePath":null,"LineNumber":0,"Properties":[]},"Attachments":[],"Outcome":1,"ErrorMessage":null,"ErrorStackTrace":null,"DisplayName":"OrbitLibrary_Test.Utils.DefaultsTest.ShouldReturnsDefaultCredentialProvider","Messages":[],"ComputerName":"DESKTOP-P1UVUT9","Duration":"00:00:00.1121737","StartTime":"2022-10-11T14:33:44.5990672+00:00","EndTime":"2022-10-11T14:33:44.5990686+00:00","Properties":[]},{"TestCase":{"Id":"5c1bf9da-862f-365f-6265-b2f586589e22","FullyQualifiedName":"OrbitLibrary_Test.Infrastructure.Repositories.DBServiceConfigurationRepositoryTest.ShouldReturnsAServiceConfigurationObject","DisplayName":"OrbitLibrary_Test.Infrastructure.Repositories.DBServiceConfigurationRepositoryTest.ShouldReturnsAServiceConfigurationObject","ExecutorUri":"executor://xunit/VsTestRunner2/netcoreapp","Source":"C:\\Users\\luisf\\Desktop\\Repositori B1 Dev\\OrbitService\\OrbitService\\test\\OrbitLibrary-Test\\bin\\Debug\\netcoreapp3.1\\fine-code-coverage\\build-output\\OrbitLibrary_Test.dll","CodeFilePath":null,"LineNumber":0,"Properties":[]},"Attachments":[],"Outcome":1,"ErrorMessage":null,"ErrorStackTrace":null,"DisplayName":"OrbitLibrary_Test.Infrastructure.Repositories.DBServiceConfigurationRepositoryTest.ShouldReturnsAServiceConfigurationObject","Messages":[],"ComputerName":"DESKTOP-P1UVUT9","Duration":"00:00:00.1223568","StartTime":"2022-10-11T14:33:44.6001765+00:00","EndTime":"2022-10-11T14:33:44.6001775+00:00","Properties":[]},{"TestCase":{"Id":"37601c19-3666-21d8-8f4f-2dc9ace2cd66","FullyQualifiedName":"OrbitLibrary_Test.Services.Authentication.Session.LoginTest.LoginWithouParameters","DisplayName":"OrbitLibrary_Test.Services.Authentication.Session.LoginTest.LoginWithouParameters","ExecutorUri":"executor://xunit/VsTestRunner2/netcoreapp","Source":"C:\\Users\\luisf\\Desktop\\Repositori B1 Dev\\OrbitService\\OrbitService\\test\\OrbitLibrary-Test\\bin\\Debug\\netcoreapp3.1\\fine-code-coverage\\build-output\\OrbitLibrary_Test.dll","CodeFilePath":null,"LineNumber":0,"Properties":[]},"Attachments":[],"Outcome":1,"ErrorMessage":null,"ErrorStackTrace":null,"DisplayName":"OrbitLibrary_Test.Services.Authentication.Session.LoginTest.LoginWithouParameters","Messages":[],"ComputerName":"DESKTOP-P1UVUT9","Duration":"00:00:00.0527650","StartTime":"2022-10-11T14:33:44.602283+00:00","EndTime":"2022-10-11T14:33:44.6022844+00:00","Properties":[]},{"TestCase":{"Id":"57bf5d9a-6e9f-b1fc-50f9-13af1071dd7b","FullyQualifiedName":"OrbitLibrary_Test.Infrastructure.Repositories.DBServiceConfigurationRepositoryTest.ShouldVerifyIfTableConfigAddonExistFalse","DisplayName":"OrbitLibrary_Test.Infrastructure.Repositories.DBServiceConfigurationRepositoryTest.ShouldVerifyIfTableConfigAddonExistFalse","ExecutorUri":"executor://xunit/VsTestRunner2/netcoreapp","Source":"C:\\Users\\luisf\\Desktop\\Repositori B1 Dev\\OrbitService\\OrbitService\\test\\OrbitLibrary-Test\\bin\\Debug\\netcoreapp3.1\\fine-code-coverage\\build-output\\OrbitLibrary_Test.dll","CodeFilePath":null,"LineNumber":0,"Properties":[]},"Attachments":[],"Outcome":1,"ErrorMessage":null,"ErrorStackTrace":null,"DisplayName":"OrbitLibrary_Test.Infrastructure.Repositories.DBServiceConfigurationRepositoryTest.ShouldVerifyIfTableConfigAddonExistFalse","Messages":[],"ComputerName":"DESKTOP-P1UVUT9","Duration":"00:00:00.0011182","StartTime":"2022-10-11T14:33:44.6034688+00:00","EndTime":"2022-10-11T14:33:44.6034697+00:00","Properties":[]},{"TestCase":{"Id":"e38d596e-ff47-9c26-0350-fbb9dbab72d5","FullyQualifiedName":"OrbitLibrary_Test.Infrastructure.Repositories.DBServiceConfigurationRepositoryTest.ShouldVerifyIfTableConfigAddonExistTrue","DisplayName":"OrbitLibrary_Test.Infrastructure.Repositories.DBServiceConfigurationRepositoryTest.ShouldVerifyIfTableConfigAddonExistTrue","ExecutorUri":"executor://xunit/VsTestRunner2/netcoreapp","Source":"C:\\Users\\luisf\\Desktop\\Repositori B1 Dev\\OrbitService\\OrbitService\\test\\OrbitLibrary-Test\\bin\\Debug\\netcoreapp3.1\\fine-code-coverage\\build-output\\OrbitLibrary_Test.dll","CodeFilePath":null,"LineNumber":0,"Properties":[]},"Attachments":[],"Outcome":1,"ErrorMessage":null,"ErrorStackTrace":null,"DisplayName":"OrbitLibrary_Test.Infrastructure.Repositories.DBServiceConfigurationRepositoryTest.ShouldVerifyIfTableConfigAddonExistTrue","Messages":[],"ComputerName":"DESKTOP-P1UVUT9","Duration":"00:00:00.0011222","StartTime":"2022-10-11T14:33:44.6055115+00:00","EndTime":"2022-10-11T14:33:44.605513+00:00","Properties":[]},{"TestCase":{"Id":"c6ef3ba1-2db5-0c8c-a7c5-61576f1ef67c","FullyQualifiedName":"OrbitLibrary_Test.Application.Builders.OperationRequestBuilderTest.ShouldNotAddCredentialsHeadersIfCredentialsIsNull","DisplayName":"OrbitLibrary_Test.Application.Builders.OperationRequestBuilderTest.ShouldNotAddCredentialsHeadersIfCredentialsIsNull","ExecutorUri":"executor://xunit/VsTestRunner2/netcoreapp","Source":"C:\\Users\\luisf\\Desktop\\Repositori B1 Dev\\OrbitService\\OrbitService\\test\\OrbitLibrary-Test\\bin\\Debug\\netcoreapp3.1\\fine-code-coverage\\build-output\\OrbitLibrary_Test.dll","CodeFilePath":null,"LineNumber":0,"Properties":[]},"Attachments":[],"Outcome":1,"ErrorMessage":null,"ErrorStackTrace":null,"DisplayName":"OrbitLibrary_Test.Application.Builders.OperationRequestBuilderTest.ShouldNotAddCredentialsHeadersIfCredentialsIsNull","Messages":[],"ComputerName":"DESKTOP-P1UVUT9","Duration":"00:00:00.0190714","StartTime":"2022-10-11T14:33:44.6066615+00:00","EndTime":"2022-10-11T14:33:44.6066627+00:00","Properties":[]},{"TestCase":{"Id":"b56812df-7eb9-4068-fdcf-25f2abbf5e41","FullyQualifiedName":"OrbitLibrary_Test.Common.Domain.OperationResponseTest.ShouldCallDeserializer","DisplayName":"OrbitLibrary_Test.Common.Domain.OperationResponseTest.ShouldCallDeserializer","ExecutorUri":"executor://xunit/VsTestRunner2/netcoreapp","Source":"C:\\Users\\luisf\\Desktop\\Repositori B1 Dev\\OrbitService\\OrbitService\\test\\OrbitLibrary-Test\\bin\\Debug\\netcoreapp3.1\\fine-code-coverage\\build-output\\OrbitLibrary_Test.dll","CodeFilePath":null,"LineNumber":0,"Properties":[]},"Attachments":[],"Outcome":1,"ErrorMessage":null,"ErrorStackTrace":null,"DisplayName":"OrbitLibrary_Test.Common.Domain.OperationResponseTest.ShouldCallDeserializer","Messages":[],"ComputerName":"DESKTOP-P1UVUT9","Duration":"00:00:00.0175184","StartTime":"2022-10-11T14:33:44.6077569+00:00","EndTime":"2022-10-11T14:33:44.6077578+00:00","Properties":[]}],"TestRunStatistics":{"ExecutedTests":28,"Stats":{"Passed":28}},"ActiveTests":[{"Id":"8a6ea0a0-e431-7522-58c2-d5e92c0a3447","FullyQualifiedName":"OrbitLibrary_Test.Application.Builders.OperationRequestBuilderTest.ShouldAddQueryParamsToUrl","DisplayName":"OrbitLibrary_Test.Application.Builders.OperationRequestBuilderTest.ShouldAddQueryParamsToUrl","ExecutorUri":"executor://xunit/VsTestRunner2/netcoreapp","Source":"C:\\Users\\luisf\\Desktop\\Repositori B1 Dev\\OrbitService\\OrbitService\\test\\OrbitLibrary-Test\\bin\\Debug\\netcoreapp3.1\\fine-code-coverage\\build-output\\OrbitLibrary_Test.dll","CodeFilePath":null,"LineNumber":0,"Properties":[]},{"Id":"1f2edf7b-785f-54b0-5620-242a98ae8bb4","FullyQualifiedName":"OrbitLibrary_Test.Common.Domain.OperationResponseTest.ShouldReturnsIsSuccessful","DisplayName":"OrbitLibrary_Test.Common.Domain.OperationResponseTest.ShouldReturnsIsSuccessful","ExecutorUri":"executor://xunit/VsTestRunner2/netcoreapp","Source":"C:\\Users\\luisf\\Desktop\\Repositori B1 Dev\\OrbitService\\OrbitService\\test\\OrbitLibrary-Test\\bin\\Debug\\netcoreapp3.1\\fine-code-coverage\\build-output\\OrbitLibrary_Test.dll","CodeFilePath":null,"LineNumber":0,"Properties":[]}]}}
TpTrace Verbose: 0 : 9672, 14, 2022/10/11, 11:33:44.612, 3189822354849, vstest.console.dll, TestRunRequest:SendTestRunStatsChange: Starting.
TpTrace Verbose: 0 : 9672, 14, 2022/10/11, 11:33:44.612, 3189822355857, vstest.console.dll, InProgress is OrbitLibrary_Test.Application.Builders.OperationRequestBuilderTest.ShouldAddQueryParamsToUrl
TpTrace Verbose: 0 : 9672, 14, 2022/10/11, 11:33:44.612, 3189822356409, vstest.console.dll, InProgress is OrbitLibrary_Test.Common.Domain.OperationResponseTest.ShouldReturnsIsSuccessful
TpTrace Verbose: 0 : 9672, 14, 2022/10/11, 11:33:44.613, 3189822356954, vstest.console.dll, MulticastDelegateUtilities.SafeInvoke: TestRun.RunStatsChanged: Invoking callbacks was skipped because there are no subscribers.
TpTrace Information: 0 : 9672, 14, 2022/10/11, 11:33:44.613, 3189822357332, vstest.console.dll, TestRunRequest:SendTestRunStatsChange: Completed.
TpTrace Verbose: 0 : 9672, 4, 2022/10/11, 11:33:44.613, 3189822357532, vstest.console.dll, MulticastDelegateUtilities.SafeInvoke: InternalTestLoggerEvents.SendTestResult: Invoking callback 1/1 for Microsoft.VisualStudio.TestPlatform.CommandLine.Internal.ConsoleLogger.TestResultHandler, took 0 ms.
TpTrace Verbose: 0 : 9672, 14, 2022/10/11, 11:33:44.613, 3189822357702, vstest.console.dll, MulticastDelegateUtilities.SafeInvoke: LengthPrefixCommunicationChannel: MessageReceived: Invoking callback 1/1 for Microsoft.VisualStudio.TestPlatform.CommunicationUtilities.TestRequestSender+<>c__DisplayClass30_0.<StartTestRun>b__1, took 2 ms.
TpTrace Verbose: 0 : 9672, 4, 2022/10/11, 11:33:44.613, 3189822358631, vstest.console.dll, MulticastDelegateUtilities.SafeInvoke: InternalTestLoggerEvents.SendTestResult: Invoking callback 1/1 for Microsoft.VisualStudio.TestPlatform.CommandLine.Internal.ConsoleLogger.TestResultHandler, took 0 ms.
TpTrace Verbose: 0 : 9672, 14, 2022/10/11, 11:33:44.613, 3189822358948, vstest.console.dll, TcpClientExtensions.MessageLoopAsync: Polling on remoteEndPoint: 127.0.0.1:53558 localEndPoint: 127.0.0.1:53557
TpTrace Verbose: 0 : 9672, 4, 2022/10/11, 11:33:44.613, 3189822359827, vstest.console.dll, MulticastDelegateUtilities.SafeInvoke: InternalTestLoggerEvents.SendTestResult: Invoking callback 1/1 for Microsoft.VisualStudio.TestPlatform.CommandLine.Internal.ConsoleLogger.TestResultHandler, took 0 ms.
TpTrace Verbose: 0 : 9672, 4, 2022/10/11, 11:33:44.613, 3189822360899, vstest.console.dll, MulticastDelegateUtilities.SafeInvoke: InternalTestLoggerEvents.SendTestResult: Invoking callback 1/1 for Microsoft.VisualStudio.TestPlatform.CommandLine.Internal.ConsoleLogger.TestResultHandler, took 0 ms.
TpTrace Verbose: 0 : 9672, 4, 2022/10/11, 11:33:44.613, 3189822361535, vstest.console.dll, MulticastDelegateUtilities.SafeInvoke: InternalTestLoggerEvents.SendTestResult: Invoking callback 1/1 for Microsoft.VisualStudio.TestPlatform.CommandLine.Internal.ConsoleLogger.TestResultHandler, took 0 ms.
TpTrace Verbose: 0 : 9672, 4, 2022/10/11, 11:33:44.613, 3189822362089, vstest.console.dll, MulticastDelegateUtilities.SafeInvoke: InternalTestLoggerEvents.SendTestResult: Invoking callback 1/1 for Microsoft.VisualStudio.TestPlatform.CommandLine.Internal.ConsoleLogger.TestResultHandler, took 0 ms.
TpTrace Verbose: 0 : 9672, 4, 2022/10/11, 11:33:44.613, 3189822363174, vstest.console.dll, MulticastDelegateUtilities.SafeInvoke: InternalTestLoggerEvents.SendTestResult: Invoking callback 1/1 for Microsoft.VisualStudio.TestPlatform.CommandLine.Internal.ConsoleLogger.TestResultHandler, took 0 ms.
TpTrace Verbose: 0 : 9672, 4, 2022/10/11, 11:33:44.613, 3189822364298, vstest.console.dll, MulticastDelegateUtilities.SafeInvoke: InternalTestLoggerEvents.SendTestResult: Invoking callback 1/1 for Microsoft.VisualStudio.TestPlatform.CommandLine.Internal.ConsoleLogger.TestResultHandler, took 0 ms.
TpTrace Verbose: 0 : 9672, 14, 2022/10/11, 11:33:44.623, 3189822463549, vstest.console.dll, TcpClientExtensions.MessageLoopAsync: NotifyDataAvailable remoteEndPoint: 127.0.0.1:53558 localEndPoint: 127.0.0.1:53557
TpTrace Verbose: 0 : 9672, 14, 2022/10/11, 11:33:44.623, 3189822465587, vstest.console.dll, TestRequestSender.OnExecutionMessageReceived: Received message: {"Version":5,"MessageType":"TestExecution.StatsChange","Payload":{"NewTestResults":[{"TestCase":{"Id":"bf452aa2-a6cd-f752-9ef4-b816b91fb342","FullyQualifiedName":"OrbitLibrary_Test.Common.BaseServiceTest.ShouldRetryRequestIfAuthenticationIsRequiredAndResponseIsUnauthorized","DisplayName":"OrbitLibrary_Test.Common.BaseServiceTest.ShouldRetryRequestIfAuthenticationIsRequiredAndResponseIsUnauthorized","ExecutorUri":"executor://xunit/VsTestRunner2/netcoreapp","Source":"C:\\Users\\luisf\\Desktop\\Repositori B1 Dev\\OrbitService\\OrbitService\\test\\OrbitLibrary-Test\\bin\\Debug\\netcoreapp3.1\\fine-code-coverage\\build-output\\OrbitLibrary_Test.dll","CodeFilePath":null,"LineNumber":0,"Properties":[]},"Attachments":[],"Outcome":1,"ErrorMessage":null,"ErrorStackTrace":null,"DisplayName":"OrbitLibrary_Test.Common.BaseServiceTest.ShouldRetryRequestIfAuthenticationIsRequiredAndResponseIsUnauthorized","Messages":[],"ComputerName":"DESKTOP-P1UVUT9","Duration":"00:00:00.1262432","StartTime":"2022-10-11T14:33:44.6116902+00:00","EndTime":"2022-10-11T14:33:44.6116916+00:00","Properties":[]},{"TestCase":{"Id":"8a6ea0a0-e431-7522-58c2-d5e92c0a3447","FullyQualifiedName":"OrbitLibrary_Test.Application.Builders.OperationRequestBuilderTest.ShouldAddQueryParamsToUrl","DisplayName":"OrbitLibrary_Test.Application.Builders.OperationRequestBuilderTest.ShouldAddQueryParamsToUrl","ExecutorUri":"executor://xunit/VsTestRunner2/netcoreapp","Source":"C:\\Users\\luisf\\Desktop\\Repositori B1 Dev\\OrbitService\\OrbitService\\test\\OrbitLibrary-Test\\bin\\Debug\\netcoreapp3.1\\fine-code-coverage\\build-output\\OrbitLibrary_Test.dll","CodeFilePath":null,"LineNumber":0,"Properties":[]},"Attachments":[],"Outcome":1,"ErrorMessage":null,"ErrorStackTrace":null,"DisplayName":"OrbitLibrary_Test.Application.Builders.OperationRequestBuilderTest.ShouldAddQueryParamsToUrl","Messages":[],"ComputerName":"DESKTOP-P1UVUT9","Duration":"00:00:00.0005352","StartTime":"2022-10-11T14:33:44.6138542+00:00","EndTime":"2022-10-11T14:33:44.6138675+00:00","Properties":[]},{"TestCase":{"Id":"1f2edf7b-785f-54b0-5620-242a98ae8bb4","FullyQualifiedName":"OrbitLibrary_Test.Common.Domain.OperationResponseTest.ShouldReturnsIsSuccessful","DisplayName":"OrbitLibrary_Test.Common.Domain.OperationResponseTest.ShouldReturnsIsSuccessful","ExecutorUri":"executor://xunit/VsTestRunner2/netcoreapp","Source":"C:\\Users\\luisf\\Desktop\\Repositori B1 Dev\\OrbitService\\OrbitService\\test\\OrbitLibrary-Test\\bin\\Debug\\netcoreapp3.1\\fine-code-coverage\\build-output\\OrbitLibrary_Test.dll","CodeFilePath":null,"LineNumber":0,"Properties":[]},"Attachments":[],"Outcome":1,"ErrorMessage":null,"ErrorStackTrace":null,"DisplayName":"OrbitLibrary_Test.Common.Domain.OperationResponseTest.ShouldReturnsIsSuccessful","Messages":[],"ComputerName":"DESKTOP-P1UVUT9","Duration":"00:00:00.0005380","StartTime":"2022-10-11T14:33:44.6149155+00:00","EndTime":"2022-10-11T14:33:44.6149164+00:00","Properties":[]},{"TestCase":{"Id":"1d603718-ea89-a5b0-bdf4-197b2f849c66","FullyQualifiedName":"OrbitLibrary_Test.Application.Builders.OperationRequestBuilderTest.ShouldPutBody","DisplayName":"OrbitLibrary_Test.Application.Builders.OperationRequestBuilderTest.ShouldPutBody","ExecutorUri":"executor://xunit/VsTestRunner2/netcoreapp","Source":"C:\\Users\\luisf\\Desktop\\Repositori B1 Dev\\OrbitService\\OrbitService\\test\\OrbitLibrary-Test\\bin\\Debug\\netcoreapp3.1\\fine-code-coverage\\build-output\\OrbitLibrary_Test.dll","CodeFilePath":null,"LineNumber":0,"Properties":[]},"Attachments":[],"Outcome":1,"ErrorMessage":null,"ErrorStackTrace":null,"DisplayName":"OrbitLibrary_Test.Application.Builders.OperationRequestBuilderTest.ShouldPutBody","Messages":[],"ComputerName":"DESKTOP-P1UVUT9","Duration":"00:00:00.0002546","StartTime":"2022-10-11T14:33:44.6177164+00:00","EndTime":"2022-10-11T14:33:44.6177178+00:00","Properties":[]},{"TestCase":{"Id":"9b5e751a-1d63-b90c-4333-9554b8878fc5","FullyQualifiedName":"OrbitLibrary_Test.Common.BaseServiceTest.ShouldBuildOperationRequestWithoutDeserializeHandleAndInvokeCommunicationClient","DisplayName":"OrbitLibrary_Test.Common.BaseServiceTest.ShouldBuildOperationRequestWithoutDeserializeHandleAndInvokeCommunicationClient","ExecutorUri":"executor://xunit/VsTestRunner2/netcoreapp","Source":"C:\\Users\\luisf\\Desktop\\Repositori B1 Dev\\OrbitService\\OrbitService\\test\\OrbitLibrary-Test\\bin\\Debug\\netcoreapp3.1\\fine-code-coverage\\build-output\\OrbitLibrary_Test.dll","CodeFilePath":null,"LineNumber":0,"Properties":[]},"Attachments":[],"Outcome":1,"ErrorMessage":null,"ErrorStackTrace":null,"DisplayName":"OrbitLibrary_Test.Common.BaseServiceTest.ShouldBuildOperationRequestWithoutDeserializeHandleAndInvokeCommunicationClient","Messages":[],"ComputerName":"DESKTOP-P1UVUT9","Duration":"00:00:00.0019242","StartTime":"2022-10-11T14:33:44.6197048+00:00","EndTime":"2022-10-11T14:33:44.6197062+00:00","Properties":[]},{"TestCase":{"Id":"b6d62a7b-efad-aa1f-cd0e-176bdbef3844","FullyQualifiedName":"OrbitLibrary_Test.Data.DbWrapperTest.ShouldExecuteAQueryByString","DisplayName":"OrbitLibrary_Test.Data.DbWrapperTest.ShouldExecuteAQueryByString","ExecutorUri":"executor://xunit/VsTestRunner2/netcoreapp","Source":"C:\\Users\\luisf\\Desktop\\Repositori B1 Dev\\OrbitService\\OrbitService\\test\\OrbitLibrary-Test\\bin\\Debug\\netcoreapp3.1\\fine-code-coverage\\build-output\\OrbitLibrary_Test.dll","CodeFilePath":null,"LineNumber":0,"Properties":[]},"Attachments":[],"Outcome":1,"ErrorMessage":null,"ErrorStackTrace":null,"DisplayName":"OrbitLibrary_Test.Data.DbWrapperTest.ShouldExecuteAQueryByString","Messages":[],"ComputerName":"DESKTOP-P1UVUT9","Duration":"00:00:00.1295293","StartTime":"2022-10-11T14:33:44.6217629+00:00","EndTime":"2022-10-11T14:33:44.6217642+00:00","Properties":[]}],"TestRunStatistics":{"ExecutedTests":34,"Stats":{"Passed":34}},"ActiveTests":[{"Id":"62ef852d-e67e-3ce9-0961-ed88b2e28ccb","FullyQualifiedName":"OrbitLibrary_Test.Common.Domain.OperationResponseTest.ShouldReturnsErrorResponse","DisplayName":"OrbitLibrary_Test.Common.Domain.OperationResponseTest.ShouldReturnsErrorResponse","ExecutorUri":"executor://xunit/VsTestRunner2/netcoreapp","Source":"C:\\Users\\luisf\\Desktop\\Repositori B1 Dev\\OrbitService\\OrbitService\\test\\OrbitLibrary-Test\\bin\\Debug\\netcoreapp3.1\\fine-code-coverage\\build-output\\OrbitLibrary_Test.dll","CodeFilePath":null,"LineNumber":0,"Properties":[]},{"Id":"b8d72ff7-bb12-0891-6440-355ab94a62f9","FullyQualifiedName":"OrbitLibrary_Test.Application.Builders.OperationRequestBuilderTest.ShouldSetOnePathParamToURL","DisplayName":"OrbitLibrary_Test.Application.Builders.OperationRequestBuilderTest.ShouldSetOnePathParamToURL","ExecutorUri":"executor://xunit/VsTestRunner2/netcoreapp","Source":"C:\\Users\\luisf\\Desktop\\Repositori B1 Dev\\OrbitService\\OrbitService\\test\\OrbitLibrary-Test\\bin\\Debug\\netcoreapp3.1\\fine-code-coverage\\build-output\\OrbitLibrary_Test.dll","CodeFilePath":null,"LineNumber":0,"Properties":[]},{"Id":"8d8d959e-20a8-563a-dfac-b2756f30802f","FullyQualifiedName":"OrbitLibrary_Test.Common.BaseServiceTest.ShouldNotRetryRequestIfAuthenticationIsNotRequired","DisplayName":"OrbitLibrary_Test.Common.BaseServiceTest.ShouldNotRetryRequestIfAuthenticationIsNotRequired","ExecutorUri":"executor://xunit/VsTestRunner2/netcoreapp","Source":"C:\\Users\\luisf\\Desktop\\Repositori B1 Dev\\OrbitService\\OrbitService\\test\\OrbitLibrary-Test\\bin\\Debug\\netcoreapp3.1\\fine-code-coverage\\build-output\\OrbitLibrary_Test.dll","CodeFilePath":null,"LineNumber":0,"Properties":[]},{"Id":"dde182f5-bcb8-626a-7e42-976d90ba0541","FullyQualifiedName":"OrbitLibrary_Test.Data.DbWrapperTest.ShouldReturnsCanConnectDB","DisplayName":"OrbitLibrary_Test.Data.DbWrapperTest.ShouldReturnsCanConnectDB","ExecutorUri":"executor://xunit/VsTestRunner2/netcoreapp","Source":"C:\\Users\\luisf\\Desktop\\Repositori B1 Dev\\OrbitService\\OrbitService\\test\\OrbitLibrary-Test\\bin\\Debug\\netcoreapp3.1\\fine-code-coverage\\build-output\\OrbitLibrary_Test.dll","CodeFilePath":null,"LineNumber":0,"Properties":[]}]}}
TpTrace Verbose: 0 : 9672, 14, 2022/10/11, 11:33:44.625, 3189822482433, vstest.console.dll, TestRunRequest:SendTestRunStatsChange: Starting.
TpTrace Verbose: 0 : 9672, 14, 2022/10/11, 11:33:44.625, 3189822483023, vstest.console.dll, InProgress is OrbitLibrary_Test.Common.Domain.OperationResponseTest.ShouldReturnsErrorResponse
TpTrace Verbose: 0 : 9672, 14, 2022/10/11, 11:33:44.625, 3189822483938, vstest.console.dll, InProgress is OrbitLibrary_Test.Application.Builders.OperationRequestBuilderTest.ShouldSetOnePathParamToURL
TpTrace Verbose: 0 : 9672, 14, 2022/10/11, 11:33:44.625, 3189822484333, vstest.console.dll, InProgress is OrbitLibrary_Test.Common.BaseServiceTest.ShouldNotRetryRequestIfAuthenticationIsNotRequired
TpTrace Verbose: 0 : 9672, 14, 2022/10/11, 11:33:44.625, 3189822484620, vstest.console.dll, InProgress is OrbitLibrary_Test.Data.DbWrapperTest.ShouldReturnsCanConnectDB
TpTrace Verbose: 0 : 9672, 14, 2022/10/11, 11:33:44.625, 3189822485276, vstest.console.dll, MulticastDelegateUtilities.SafeInvoke: TestRun.RunStatsChanged: Invoking callbacks was skipped because there are no subscribers.
TpTrace Information: 0 : 9672, 14, 2022/10/11, 11:33:44.625, 3189822485638, vstest.console.dll, TestRunRequest:SendTestRunStatsChange: Completed.
TpTrace Verbose: 0 : 9672, 4, 2022/10/11, 11:33:44.625, 3189822485530, vstest.console.dll, MulticastDelegateUtilities.SafeInvoke: InternalTestLoggerEvents.SendTestResult: Invoking callback 1/1 for Microsoft.VisualStudio.TestPlatform.CommandLine.Internal.ConsoleLogger.TestResultHandler, took 0 ms.
TpTrace Verbose: 0 : 9672, 14, 2022/10/11, 11:33:44.625, 3189822486329, vstest.console.dll, MulticastDelegateUtilities.SafeInvoke: LengthPrefixCommunicationChannel: MessageReceived: Invoking callback 1/1 for Microsoft.VisualStudio.TestPlatform.CommunicationUtilities.TestRequestSender+<>c__DisplayClass30_0.<StartTestRun>b__1, took 2 ms.
TpTrace Verbose: 0 : 9672, 4, 2022/10/11, 11:33:44.626, 3189822487513, vstest.console.dll, MulticastDelegateUtilities.SafeInvoke: InternalTestLoggerEvents.SendTestResult: Invoking callback 1/1 for Microsoft.VisualStudio.TestPlatform.CommandLine.Internal.ConsoleLogger.TestResultHandler, took 0 ms.
TpTrace Verbose: 0 : 9672, 14, 2022/10/11, 11:33:44.626, 3189822487781, vstest.console.dll, TcpClientExtensions.MessageLoopAsync: Polling on remoteEndPoint: 127.0.0.1:53558 localEndPoint: 127.0.0.1:53557
TpTrace Verbose: 0 : 9672, 4, 2022/10/11, 11:33:44.626, 3189822488617, vstest.console.dll, MulticastDelegateUtilities.SafeInvoke: InternalTestLoggerEvents.SendTestResult: Invoking callback 1/1 for Microsoft.VisualStudio.TestPlatform.CommandLine.Internal.ConsoleLogger.TestResultHandler, took 0 ms.
TpTrace Verbose: 0 : 9672, 4, 2022/10/11, 11:33:44.626, 3189822489792, vstest.console.dll, MulticastDelegateUtilities.SafeInvoke: InternalTestLoggerEvents.SendTestResult: Invoking callback 1/1 for Microsoft.VisualStudio.TestPlatform.CommandLine.Internal.ConsoleLogger.TestResultHandler, took 0 ms.
TpTrace Verbose: 0 : 9672, 4, 2022/10/11, 11:33:44.626, 3189822490398, vstest.console.dll, MulticastDelegateUtilities.SafeInvoke: InternalTestLoggerEvents.SendTestResult: Invoking callback 1/1 for Microsoft.VisualStudio.TestPlatform.CommandLine.Internal.ConsoleLogger.TestResultHandler, took 0 ms.
TpTrace Verbose: 0 : 9672, 4, 2022/10/11, 11:33:44.626, 3189822490990, vstest.console.dll, MulticastDelegateUtilities.SafeInvoke: InternalTestLoggerEvents.SendTestResult: Invoking callback 1/1 for Microsoft.VisualStudio.TestPlatform.CommandLine.Internal.ConsoleLogger.TestResultHandler, took 0 ms.
TpTrace Verbose: 0 : 9672, 14, 2022/10/11, 11:33:44.639, 3189822618117, vstest.console.dll, TcpClientExtensions.MessageLoopAsync: NotifyDataAvailable remoteEndPoint: 127.0.0.1:53558 localEndPoint: 127.0.0.1:53557
TpTrace Verbose: 0 : 9672, 14, 2022/10/11, 11:33:44.639, 3189822620535, vstest.console.dll, TestRequestSender.OnExecutionMessageReceived: Received message: {"Version":5,"MessageType":"TestExecution.StatsChange","Payload":{"NewTestResults":[{"TestCase":{"Id":"8d8d959e-20a8-563a-dfac-b2756f30802f","FullyQualifiedName":"OrbitLibrary_Test.Common.BaseServiceTest.ShouldNotRetryRequestIfAuthenticationIsNotRequired","DisplayName":"OrbitLibrary_Test.Common.BaseServiceTest.ShouldNotRetryRequestIfAuthenticationIsNotRequired","ExecutorUri":"executor://xunit/VsTestRunner2/netcoreapp","Source":"C:\\Users\\luisf\\Desktop\\Repositori B1 Dev\\OrbitService\\OrbitService\\test\\OrbitLibrary-Test\\bin\\Debug\\netcoreapp3.1\\fine-code-coverage\\build-output\\OrbitLibrary_Test.dll","CodeFilePath":null,"LineNumber":0,"Properties":[]},"Attachments":[],"Outcome":1,"ErrorMessage":null,"ErrorStackTrace":null,"DisplayName":"OrbitLibrary_Test.Common.BaseServiceTest.ShouldNotRetryRequestIfAuthenticationIsNotRequired","Messages":[],"ComputerName":"DESKTOP-P1UVUT9","Duration":"00:00:00.0012378","StartTime":"2022-10-11T14:33:44.6247023+00:00","EndTime":"2022-10-11T14:33:44.6247038+00:00","Properties":[]},{"TestCase":{"Id":"62ef852d-e67e-3ce9-0961-ed88b2e28ccb","FullyQualifiedName":"OrbitLibrary_Test.Common.Domain.OperationResponseTest.ShouldReturnsErrorResponse","DisplayName":"OrbitLibrary_Test.Common.Domain.OperationResponseTest.ShouldReturnsErrorResponse","ExecutorUri":"executor://xunit/VsTestRunner2/netcoreapp","Source":"C:\\Users\\luisf\\Desktop\\Repositori B1 Dev\\OrbitService\\OrbitService\\test\\OrbitLibrary-Test\\bin\\Debug\\netcoreapp3.1\\fine-code-coverage\\build-output\\OrbitLibrary_Test.dll","CodeFilePath":null,"LineNumber":0,"Properties":[]},"Attachments":[],"Outcome":1,"ErrorMessage":null,"ErrorStackTrace":null,"DisplayName":"OrbitLibrary_Test.Common.Domain.OperationResponseTest.ShouldReturnsErrorResponse","Messages":[],"ComputerName":"DESKTOP-P1UVUT9","Duration":"00:00:00.0030607","StartTime":"2022-10-11T14:33:44.6269508+00:00","EndTime":"2022-10-11T14:33:44.6269523+00:00","Properties":[]},{"TestCase":{"Id":"4446ff8f-3de4-5987-a872-b904ef67c28e","FullyQualifiedName":"OrbitLibrary_Test.Infrastructure.Providers.HttpClientCommunicationProviderTest.ShouldCall","DisplayName":"OrbitLibrary_Test.Infrastructure.Providers.HttpClientCommunicationProviderTest.ShouldCall","ExecutorUri":"executor://xunit/VsTestRunner2/netcoreapp","Source":"C:\\Users\\luisf\\Desktop\\Repositori B1 Dev\\OrbitService\\OrbitService\\test\\OrbitLibrary-Test\\bin\\Debug\\netcoreapp3.1\\fine-code-coverage\\build-output\\OrbitLibrary_Test.dll","CodeFilePath":null,"LineNumber":0,"Properties":[]},"Attachments":[],"Outcome":1,"ErrorMessage":null,"ErrorStackTrace":null,"DisplayName":"OrbitLibrary_Test.Infrastructure.Providers.HttpClientCommunicationProviderTest.ShouldCall","Messages":[],"ComputerName":"DESKTOP-P1UVUT9","Duration":"00:00:00.0258140","StartTime":"2022-10-11T14:33:44.6290552+00:00","EndTime":"2022-10-11T14:33:44.6290567+00:00","Properties":[]},{"TestCase":{"Id":"464deb26-290a-c426-4258-1a3bda3b4f85","FullyQualifiedName":"OrbitLibrary_Test.Common.BaseServiceTest.ShouldReturnsAValidOperationRequestBuilder","DisplayName":"OrbitLibrary_Test.Common.BaseServiceTest.ShouldReturnsAValidOperationRequestBuilder","ExecutorUri":"executor://xunit/VsTestRunner2/netcoreapp","Source":"C:\\Users\\luisf\\Desktop\\Repositori B1 Dev\\OrbitService\\OrbitService\\test\\OrbitLibrary-Test\\bin\\Debug\\netcoreapp3.1\\fine-code-coverage\\build-output\\OrbitLibrary_Test.dll","CodeFilePath":null,"LineNumber":0,"Properties":[]},"Attachments":[],"Outcome":1,"ErrorMessage":null,"ErrorStackTrace":null,"DisplayName":"OrbitLibrary_Test.Common.BaseServiceTest.ShouldReturnsAValidOperationRequestBuilder","Messages":[],"ComputerName":"DESKTOP-P1UVUT9","Duration":"00:00:00.0003067","StartTime":"2022-10-11T14:33:44.6302428+00:00","EndTime":"2022-10-11T14:33:44.6302438+00:00","Properties":[]},{"TestCase":{"Id":"3104f148-250f-bc60-ca40-518e3b11a716","FullyQualifiedName":"OrbitLibrary_Test.Common.BaseServiceTest.ShouldBuildOperationRequestWithDeserializeHandle","DisplayName":"OrbitLibrary_Test.Common.BaseServiceTest.ShouldBuildOperationRequestWithDeserializeHandle","ExecutorUri":"executor://xunit/VsTestRunner2/netcoreapp","Source":"C:\\Users\\luisf\\Desktop\\Repositori B1 Dev\\OrbitService\\OrbitService\\test\\OrbitLibrary-Test\\bin\\Debug\\netcoreapp3.1\\fine-code-coverage\\build-output\\OrbitLibrary_Test.dll","CodeFilePath":null,"LineNumber":0,"Properties":[]},"Attachments":[],"Outcome":1,"ErrorMessage":null,"ErrorStackTrace":null,"DisplayName":"OrbitLibrary_Test.Common.BaseServiceTest.ShouldBuildOperationRequestWithDeserializeHandle","Messages":[],"ComputerName":"DESKTOP-P1UVUT9","Duration":"00:00:00.0013991","StartTime":"2022-10-11T14:33:44.6322168+00:00","EndTime":"2022-10-11T14:33:44.6322181+00:00","Properties":[]},{"TestCase":{"Id":"b8d72ff7-bb12-0891-6440-355ab94a62f9","FullyQualifiedName":"OrbitLibrary_Test.Application.Builders.OperationRequestBuilderTest.ShouldSetOnePathParamToURL","DisplayName":"OrbitLibrary_Test.Application.Builders.OperationRequestBuilderTest.ShouldSetOnePathParamToURL","ExecutorUri":"executor://xunit/VsTestRunner2/netcoreapp","Source":"C:\\Users\\luisf\\Desktop\\Repositori B1 Dev\\OrbitService\\OrbitService\\test\\OrbitLibrary-Test\\bin\\Debug\\netcoreapp3.1\\fine-code-coverage\\build-output\\OrbitLibrary_Test.dll","CodeFilePath":null,"LineNumber":0,"Properties":[]},"Attachments":[],"Outcome":1,"ErrorMessage":null,"ErrorStackTrace":null,"DisplayName":"OrbitLibrary_Test.Application.Builders.OperationRequestBuilderTest.ShouldSetOnePathParamToURL","Messages":[],"ComputerName":"DESKTOP-P1UVUT9","Duration":"00:00:00.0044584","StartTime":"2022-10-11T14:33:44.633202+00:00","EndTime":"2022-10-11T14:33:44.6332029+00:00","Properties":[]},{"TestCase":{"Id":"7ed36faf-f98f-0f83-3e88-761cb5ae45d5","FullyQualifiedName":"OrbitLibrary_Test.Application.Builders.OperationRequestBuilderTest.ShouldNotHaveBody","DisplayName":"OrbitLibrary_Test.Application.Builders.OperationRequestBuilderTest.ShouldNotHaveBody","ExecutorUri":"executor://xunit/VsTestRunner2/netcoreapp","Source":"C:\\Users\\luisf\\Desktop\\Repositori B1 Dev\\OrbitService\\OrbitService\\test\\OrbitLibrary-Test\\bin\\Debug\\netcoreapp3.1\\fine-code-coverage\\build-output\\OrbitLibrary_Test.dll","CodeFilePath":null,"LineNumber":0,"Properties":[]},"Attachments":[],"Outcome":1,"ErrorMessage":null,"ErrorStackTrace":null,"DisplayName":"OrbitLibrary_Test.Application.Builders.OperationRequestBuilderTest.ShouldNotHaveBody","Messages":[],"ComputerName":"DESKTOP-P1UVUT9","Duration":"00:00:00.0002218","StartTime":"2022-10-11T14:33:44.6353168+00:00","EndTime":"2022-10-11T14:33:44.6353182+00:00","Properties":[]},{"TestCase":{"Id":"dde182f5-bcb8-626a-7e42-976d90ba0541","FullyQualifiedName":"OrbitLibrary_Test.Data.DbWrapperTest.ShouldReturnsCanConnectDB","DisplayName":"OrbitLibrary_Test.Data.DbWrapperTest.ShouldReturnsCanConnectDB","ExecutorUri":"executor://xunit/VsTestRunner2/netcoreapp","Source":"C:\\Users\\luisf\\Desktop\\Repositori B1 Dev\\OrbitService\\OrbitService\\test\\OrbitLibrary-Test\\bin\\Debug\\netcoreapp3.1\\fine-code-coverage\\build-output\\OrbitLibrary_Test.dll","CodeFilePath":null,"LineNumber":0,"Properties":[]},"Attachments":[],"Outcome":1,"ErrorMessage":null,"ErrorStackTrace":null,"DisplayName":"OrbitLibrary_Test.Data.DbWrapperTest.ShouldReturnsCanConnectDB","Messages":[],"ComputerName":"DESKTOP-P1UVUT9","Duration":"00:00:00.0024876","StartTime":"2022-10-11T14:33:44.6373272+00:00","EndTime":"2022-10-11T14:33:44.6373288+00:00","Properties":[]}],"TestRunStatistics":{"ExecutedTests":42,"Stats":{"Passed":42}},"ActiveTests":[{"Id":"0dce52fb-a0d7-f6e0-672d-bed898a81dab","FullyQualifiedName":"OrbitLibrary_Test.Common.Domain.OperationResponseTest.ShouldCreateResponseInstance","DisplayName":"OrbitLibrary_Test.Common.Domain.OperationResponseTest.ShouldCreateResponseInstance","ExecutorUri":"executor://xunit/VsTestRunner2/netcoreapp","Source":"C:\\Users\\luisf\\Desktop\\Repositori B1 Dev\\OrbitService\\OrbitService\\test\\OrbitLibrary-Test\\bin\\Debug\\netcoreapp3.1\\fine-code-coverage\\build-output\\OrbitLibrary_Test.dll","CodeFilePath":null,"LineNumber":0,"Properties":[]},{"Id":"0471c02d-4f96-288a-7d72-2a7bcd194af6","FullyQualifiedName":"OrbitLibrary_Test.Application.Builders.OperationRequestBuilderTest.ShouldAddParameters","DisplayName":"OrbitLibrary_Test.Application.Builders.OperationRequestBuilderTest.ShouldAddParameters","ExecutorUri":"executor://xunit/VsTestRunner2/netcoreapp","Source":"C:\\Users\\luisf\\Desktop\\Repositori B1 Dev\\OrbitService\\OrbitService\\test\\OrbitLibrary-Test\\bin\\Debug\\netcoreapp3.1\\fine-code-coverage\\build-output\\OrbitLibrary_Test.dll","CodeFilePath":null,"LineNumber":0,"Properties":[]}]}}
TpTrace Verbose: 0 : 9672, 14, 2022/10/11, 11:33:44.641, 3189822638784, vstest.console.dll, TestRunRequest:SendTestRunStatsChange: Starting.
TpTrace Verbose: 0 : 9672, 14, 2022/10/11, 11:33:44.641, 3189822640826, vstest.console.dll, InProgress is OrbitLibrary_Test.Common.Domain.OperationResponseTest.ShouldCreateResponseInstance
TpTrace Verbose: 0 : 9672, 14, 2022/10/11, 11:33:44.641, 3189822641203, vstest.console.dll, InProgress is OrbitLibrary_Test.Application.Builders.OperationRequestBuilderTest.ShouldAddParameters
TpTrace Verbose: 0 : 9672, 14, 2022/10/11, 11:33:44.641, 3189822641747, vstest.console.dll, MulticastDelegateUtilities.SafeInvoke: TestRun.RunStatsChanged: Invoking callbacks was skipped because there are no subscribers.
TpTrace Information: 0 : 9672, 14, 2022/10/11, 11:33:44.641, 3189822642092, vstest.console.dll, TestRunRequest:SendTestRunStatsChange: Completed.
TpTrace Verbose: 0 : 9672, 4, 2022/10/11, 11:33:44.641, 3189822642149, vstest.console.dll, MulticastDelegateUtilities.SafeInvoke: InternalTestLoggerEvents.SendTestResult: Invoking callback 1/1 for Microsoft.VisualStudio.TestPlatform.CommandLine.Internal.ConsoleLogger.TestResultHandler, took 0 ms.
TpTrace Verbose: 0 : 9672, 14, 2022/10/11, 11:33:44.641, 3189822642487, vstest.console.dll, MulticastDelegateUtilities.SafeInvoke: LengthPrefixCommunicationChannel: MessageReceived: Invoking callback 1/1 for Microsoft.VisualStudio.TestPlatform.CommunicationUtilities.TestRequestSender+<>c__DisplayClass30_0.<StartTestRun>b__1, took 2 ms.
TpTrace Verbose: 0 : 9672, 4, 2022/10/11, 11:33:44.641, 3189822643317, vstest.console.dll, MulticastDelegateUtilities.SafeInvoke: InternalTestLoggerEvents.SendTestResult: Invoking callback 1/1 for Microsoft.VisualStudio.TestPlatform.CommandLine.Internal.ConsoleLogger.TestResultHandler, took 0 ms.
TpTrace Verbose: 0 : 9672, 14, 2022/10/11, 11:33:44.641, 3189822643891, vstest.console.dll, TcpClientExtensions.MessageLoopAsync: Polling on remoteEndPoint: 127.0.0.1:53558 localEndPoint: 127.0.0.1:53557
TpTrace Verbose: 0 : 9672, 4, 2022/10/11, 11:33:44.641, 3189822644042, vstest.console.dll, MulticastDelegateUtilities.SafeInvoke: InternalTestLoggerEvents.SendTestResult: Invoking callback 1/1 for Microsoft.VisualStudio.TestPlatform.CommandLine.Internal.ConsoleLogger.TestResultHandler, took 0 ms.
TpTrace Verbose: 0 : 9672, 4, 2022/10/11, 11:33:44.641, 3189822645295, vstest.console.dll, MulticastDelegateUtilities.SafeInvoke: InternalTestLoggerEvents.SendTestResult: Invoking callback 1/1 for Microsoft.VisualStudio.TestPlatform.CommandLine.Internal.ConsoleLogger.TestResultHandler, took 0 ms.
TpTrace Verbose: 0 : 9672, 4, 2022/10/11, 11:33:44.641, 3189822645878, vstest.console.dll, MulticastDelegateUtilities.SafeInvoke: InternalTestLoggerEvents.SendTestResult: Invoking callback 1/1 for Microsoft.VisualStudio.TestPlatform.CommandLine.Internal.ConsoleLogger.TestResultHandler, took 0 ms.
TpTrace Verbose: 0 : 9672, 4, 2022/10/11, 11:33:44.641, 3189822646543, vstest.console.dll, MulticastDelegateUtilities.SafeInvoke: InternalTestLoggerEvents.SendTestResult: Invoking callback 1/1 for Microsoft.VisualStudio.TestPlatform.CommandLine.Internal.ConsoleLogger.TestResultHandler, took 0 ms.
TpTrace Verbose: 0 : 9672, 4, 2022/10/11, 11:33:44.642, 3189822647116, vstest.console.dll, MulticastDelegateUtilities.SafeInvoke: InternalTestLoggerEvents.SendTestResult: Invoking callback 1/1 for Microsoft.VisualStudio.TestPlatform.CommandLine.Internal.ConsoleLogger.TestResultHandler, took 0 ms.
TpTrace Verbose: 0 : 9672, 4, 2022/10/11, 11:33:44.642, 3189822647715, vstest.console.dll, MulticastDelegateUtilities.SafeInvoke: InternalTestLoggerEvents.SendTestResult: Invoking callback 1/1 for Microsoft.VisualStudio.TestPlatform.CommandLine.Internal.ConsoleLogger.TestResultHandler, took 0 ms.
TpTrace Verbose: 0 : 9672, 14, 2022/10/11, 11:33:44.652, 3189822751113, vstest.console.dll, TcpClientExtensions.MessageLoopAsync: NotifyDataAvailable remoteEndPoint: 127.0.0.1:53558 localEndPoint: 127.0.0.1:53557
TpTrace Verbose: 0 : 9672, 14, 2022/10/11, 11:33:44.652, 3189822753499, vstest.console.dll, TestRequestSender.OnExecutionMessageReceived: Received message: {"Version":5,"MessageType":"TestExecution.StatsChange","Payload":{"NewTestResults":[{"TestCase":{"Id":"0471c02d-4f96-288a-7d72-2a7bcd194af6","FullyQualifiedName":"OrbitLibrary_Test.Application.Builders.OperationRequestBuilderTest.ShouldAddParameters","DisplayName":"OrbitLibrary_Test.Application.Builders.OperationRequestBuilderTest.ShouldAddParameters","ExecutorUri":"executor://xunit/VsTestRunner2/netcoreapp","Source":"C:\\Users\\luisf\\Desktop\\Repositori B1 Dev\\OrbitService\\OrbitService\\test\\OrbitLibrary-Test\\bin\\Debug\\netcoreapp3.1\\fine-code-coverage\\build-output\\OrbitLibrary_Test.dll","CodeFilePath":null,"LineNumber":0,"Properties":[]},"Attachments":[],"Outcome":1,"ErrorMessage":null,"ErrorStackTrace":null,"DisplayName":"OrbitLibrary_Test.Application.Builders.OperationRequestBuilderTest.ShouldAddParameters","Messages":[],"ComputerName":"DESKTOP-P1UVUT9","Duration":"00:00:00.0005146","StartTime":"2022-10-11T14:33:44.640296+00:00","EndTime":"2022-10-11T14:33:44.6402974+00:00","Properties":[]},{"TestCase":{"Id":"0dce52fb-a0d7-f6e0-672d-bed898a81dab","FullyQualifiedName":"OrbitLibrary_Test.Common.Domain.OperationResponseTest.ShouldCreateResponseInstance","DisplayName":"OrbitLibrary_Test.Common.Domain.OperationResponseTest.ShouldCreateResponseInstance","ExecutorUri":"executor://xunit/VsTestRunner2/netcoreapp","Source":"C:\\Users\\luisf\\Desktop\\Repositori B1 Dev\\OrbitService\\OrbitService\\test\\OrbitLibrary-Test\\bin\\Debug\\netcoreapp3.1\\fine-code-coverage\\build-output\\OrbitLibrary_Test.dll","CodeFilePath":null,"LineNumber":0,"Properties":[]},"Attachments":[],"Outcome":1,"ErrorMessage":null,"ErrorStackTrace":null,"DisplayName":"OrbitLibrary_Test.Common.Domain.OperationResponseTest.ShouldCreateResponseInstance","Messages":[],"ComputerName":"DESKTOP-P1UVUT9","Duration":"00:00:00.0041836","StartTime":"2022-10-11T14:33:44.6422819+00:00","EndTime":"2022-10-11T14:33:44.6422833+00:00","Properties":[]},{"TestCase":{"Id":"862537a3-d5ba-0445-6b1f-97026044d8b8","FullyQualifiedName":"OrbitLibrary_Test.Common.Domain.OperationResponseTest.ShouldReturnContentTypeLowerCase","DisplayName":"OrbitLibrary_Test.Common.Domain.OperationResponseTest.ShouldReturnContentTypeLowerCase","ExecutorUri":"executor://xunit/VsTestRunner2/netcoreapp","Source":"C:\\Users\\luisf\\Desktop\\Repositori B1 Dev\\OrbitService\\OrbitService\\test\\OrbitLibrary-Test\\bin\\Debug\\netcoreapp3.1\\fine-code-coverage\\build-output\\OrbitLibrary_Test.dll","CodeFilePath":null,"LineNumber":0,"Properties":[]},"Attachments":[],"Outcome":1,"ErrorMessage":null,"ErrorStackTrace":null,"DisplayName":"OrbitLibrary_Test.Common.Domain.OperationResponseTest.ShouldReturnContentTypeLowerCase","Messages":[],"ComputerName":"DESKTOP-P1UVUT9","Duration":"00:00:00.0002794","StartTime":"2022-10-11T14:33:44.6443228+00:00","EndTime":"2022-10-11T14:33:44.6443243+00:00","Properties":[]},{"TestCase":{"Id":"05d86330-84da-419c-7278-9f6a645195af","FullyQualifiedName":"OrbitLibrary_Test.Infrastructure.Providers.OrbitCredentialProviderTest.ShouldReturnTheLastValidInstanceOfCredentialsWithoutCallCommunicationClientIfInstanceExists","DisplayName":"OrbitLibrary_Test.Infrastructure.Providers.OrbitCredentialProviderTest.ShouldReturnTheLastValidInstanceOfCredentialsWithoutCallCommunicationClientIfInstanceExists","ExecutorUri":"executor://xunit/VsTestRunner2/netcoreapp","Source":"C:\\Users\\luisf\\Desktop\\Repositori B1 Dev\\OrbitService\\OrbitService\\test\\OrbitLibrary-Test\\bin\\Debug\\netcoreapp3.1\\fine-code-coverage\\build-output\\OrbitLibrary_Test.dll","CodeFilePath":null,"LineNumber":0,"Properties":[]},"Attachments":[],"Outcome":1,"ErrorMessage":null,"ErrorStackTrace":null,"DisplayName":"OrbitLibrary_Test.Infrastructure.Providers.OrbitCredentialProviderTest.ShouldReturnTheLastValidInstanceOfCredentialsWithoutCallCommunicationClientIfInstanceExists","Messages":[],"ComputerName":"DESKTOP-P1UVUT9","Duration":"00:00:00.1346575","StartTime":"2022-10-11T14:33:44.646357+00:00","EndTime":"2022-10-11T14:33:44.6463584+00:00","Properties":[]},{"TestCase":{"Id":"2efca3e7-f4f8-41f5-092c-b4a275a9240b","FullyQualifiedName":"OrbitLibrary_Test.Application.Builders.OperationRequestBuilderTest.ShouldSetPathParamsToURL","DisplayName":"OrbitLibrary_Test.Application.Builders.OperationRequestBuilderTest.ShouldSetPathParamsToURL","ExecutorUri":"executor://xunit/VsTestRunner2/netcoreapp","Source":"C:\\Users\\luisf\\Desktop\\Repositori B1 Dev\\OrbitService\\OrbitService\\test\\OrbitLibrary-Test\\bin\\Debug\\netcoreapp3.1\\fine-code-coverage\\build-output\\OrbitLibrary_Test.dll","CodeFilePath":null,"LineNumber":0,"Properties":[]},"Attachments":[],"Outcome":1,"ErrorMessage":null,"ErrorStackTrace":null,"DisplayName":"OrbitLibrary_Test.Application.Builders.OperationRequestBuilderTest.ShouldSetPathParamsToURL","Messages":[],"ComputerName":"DESKTOP-P1UVUT9","Duration":"00:00:00.0030696","StartTime":"2022-10-11T14:33:44.6484713+00:00","EndTime":"2022-10-11T14:33:44.6484727+00:00","Properties":[]},{"TestCase":{"Id":"2ebe6407-8f2f-11fc-5a1e-af86697cb448","FullyQualifiedName":"OrbitLibrary_Test.Data.DbWrapperTest.ShouldReturnsCannotConnectDB","DisplayName":"OrbitLibrary_Test.Data.DbWrapperTest.ShouldReturnsCannotConnectDB","ExecutorUri":"executor://xunit/VsTestRunner2/netcoreapp","Source":"C:\\Users\\luisf\\Desktop\\Repositori B1 Dev\\OrbitService\\OrbitService\\test\\OrbitLibrary-Test\\bin\\Debug\\netcoreapp3.1\\fine-code-coverage\\build-output\\OrbitLibrary_Test.dll","CodeFilePath":null,"LineNumber":0,"Properties":[]},"Attachments":[],"Outcome":1,"ErrorMessage":null,"ErrorStackTrace":null,"DisplayName":"OrbitLibrary_Test.Data.DbWrapperTest.ShouldReturnsCannotConnectDB","Messages":[],"ComputerName":"DESKTOP-P1UVUT9","Duration":"00:00:00.0032967","StartTime":"2022-10-11T14:33:44.6495111+00:00","EndTime":"2022-10-11T14:33:44.6495121+00:00","Properties":[]}],"TestRunStatistics":{"ExecutedTests":48,"Stats":{"Passed":48}},"ActiveTests":[{"Id":"19d9414b-41a7-8047-6e1d-b4fe06c5c5c6","FullyQualifiedName":"OrbitLibrary_Test.Common.Domain.OperationResponseTest.ShouldReturnsSuccessResponse","DisplayName":"OrbitLibrary_Test.Common.Domain.OperationResponseTest.ShouldReturnsSuccessResponse","ExecutorUri":"executor://xunit/VsTestRunner2/netcoreapp","Source":"C:\\Users\\luisf\\Desktop\\Repositori B1 Dev\\OrbitService\\OrbitService\\test\\OrbitLibrary-Test\\bin\\Debug\\netcoreapp3.1\\fine-code-coverage\\build-output\\OrbitLibrary_Test.dll","CodeFilePath":null,"LineNumber":0,"Properties":[]},{"Id":"c94903a5-3e82-56a9-7637-a689e63828a3","FullyQualifiedName":"OrbitLibrary_Test.Infrastructure.Providers.OrbitCredentialProviderTest.ShouldReturnInvalidSessionWhenUserDoNotHasTheSelectedTenant","DisplayName":"OrbitLibrary_Test.Infrastructure.Providers.OrbitCredentialProviderTest.ShouldReturnInvalidSessionWhenUserDoNotHasTheSelectedTenant","ExecutorUri":"executor://xunit/VsTestRunner2/netcoreapp","Source":"C:\\Users\\luisf\\Desktop\\Repositori B1 Dev\\OrbitService\\OrbitService\\test\\OrbitLibrary-Test\\bin\\Debug\\netcoreapp3.1\\fine-code-coverage\\build-output\\OrbitLibrary_Test.dll","CodeFilePath":null,"LineNumber":0,"Properties":[]},{"Id":"22a6c17f-ea9d-004c-b465-298c44afa7f3","FullyQualifiedName":"OrbitLibrary_Test.Application.Builders.OperationRequestBuilderTest.ShouldReturnsIfShouldPutgAuthentication","DisplayName":"OrbitLibrary_Test.Application.Builders.OperationRequestBuilderTest.ShouldReturnsIfShouldPutgAuthentication","ExecutorUri":"executor://xunit/VsTestRunner2/netcoreapp","Source":"C:\\Users\\luisf\\Desktop\\Repositori B1 Dev\\OrbitService\\OrbitService\\test\\OrbitLibrary-Test\\bin\\Debug\\netcoreapp3.1\\fine-code-coverage\\build-output\\OrbitLibrary_Test.dll","CodeFilePath":null,"LineNumber":0,"Properties":[]},{"Id":"2da63de1-27ad-b49c-93db-b8ced05ca216","FullyQualifiedName":"OrbitLibrary_Test.Data.DbWrapperTest.ShouldExecuteNonQueryCommand","DisplayName":"OrbitLibrary_Test.Data.DbWrapperTest.ShouldExecuteNonQueryCommand","ExecutorUri":"executor://xunit/VsTestRunner2/netcoreapp","Source":"C:\\Users\\luisf\\Desktop\\Repositori B1 Dev\\OrbitService\\OrbitService\\test\\OrbitLibrary-Test\\bin\\Debug\\netcoreapp3.1\\fine-code-coverage\\build-output\\OrbitLibrary_Test.dll","CodeFilePath":null,"LineNumber":0,"Properties":[]}]}}
TpTrace Verbose: 0 : 9672, 14, 2022/10/11, 11:33:44.654, 3189822770080, vstest.console.dll, TestRunRequest:SendTestRunStatsChange: Starting.
TpTrace Verbose: 0 : 9672, 14, 2022/10/11, 11:33:44.654, 3189822771314, vstest.console.dll, InProgress is OrbitLibrary_Test.Common.Domain.OperationResponseTest.ShouldReturnsSuccessResponse
TpTrace Verbose: 0 : 9672, 14, 2022/10/11, 11:33:44.654, 3189822772147, vstest.console.dll, InProgress is OrbitLibrary_Test.Infrastructure.Providers.OrbitCredentialProviderTest.ShouldReturnInvalidSessionWhenUserDoNotHasTheSelectedTenant
TpTrace Verbose: 0 : 9672, 14, 2022/10/11, 11:33:44.654, 3189822772515, vstest.console.dll, InProgress is OrbitLibrary_Test.Application.Builders.OperationRequestBuilderTest.ShouldReturnsIfShouldPutgAuthentication
TpTrace Verbose: 0 : 9672, 14, 2022/10/11, 11:33:44.654, 3189822773100, vstest.console.dll, InProgress is OrbitLibrary_Test.Data.DbWrapperTest.ShouldExecuteNonQueryCommand
TpTrace Verbose: 0 : 9672, 14, 2022/10/11, 11:33:44.654, 3189822773718, vstest.console.dll, MulticastDelegateUtilities.SafeInvoke: TestRun.RunStatsChanged: Invoking callbacks was skipped because there are no subscribers.
TpTrace Information: 0 : 9672, 14, 2022/10/11, 11:33:44.654, 3189822774068, vstest.console.dll, TestRunRequest:SendTestRunStatsChange: Completed.
TpTrace Verbose: 0 : 9672, 4, 2022/10/11, 11:33:44.654, 3189822774396, vstest.console.dll, MulticastDelegateUtilities.SafeInvoke: InternalTestLoggerEvents.SendTestResult: Invoking callback 1/1 for Microsoft.VisualStudio.TestPlatform.CommandLine.Internal.ConsoleLogger.TestResultHandler, took 0 ms.
TpTrace Verbose: 0 : 9672, 14, 2022/10/11, 11:33:44.654, 3189822774428, vstest.console.dll, MulticastDelegateUtilities.SafeInvoke: LengthPrefixCommunicationChannel: MessageReceived: Invoking callback 1/1 for Microsoft.VisualStudio.TestPlatform.CommunicationUtilities.TestRequestSender+<>c__DisplayClass30_0.<StartTestRun>b__1, took 2 ms.
TpTrace Verbose: 0 : 9672, 4, 2022/10/11, 11:33:44.654, 3189822775275, vstest.console.dll, MulticastDelegateUtilities.SafeInvoke: InternalTestLoggerEvents.SendTestResult: Invoking callback 1/1 for Microsoft.VisualStudio.TestPlatform.CommandLine.Internal.ConsoleLogger.TestResultHandler, took 0 ms.
TpTrace Verbose: 0 : 9672, 14, 2022/10/11, 11:33:44.654, 3189822775619, vstest.console.dll, TcpClientExtensions.MessageLoopAsync: Polling on remoteEndPoint: 127.0.0.1:53558 localEndPoint: 127.0.0.1:53557
TpTrace Verbose: 0 : 9672, 4, 2022/10/11, 11:33:44.654, 3189822776472, vstest.console.dll, MulticastDelegateUtilities.SafeInvoke: InternalTestLoggerEvents.SendTestResult: Invoking callback 1/1 for Microsoft.VisualStudio.TestPlatform.CommandLine.Internal.ConsoleLogger.TestResultHandler, took 0 ms.
TpTrace Verbose: 0 : 9672, 4, 2022/10/11, 11:33:44.655, 3189822777302, vstest.console.dll, MulticastDelegateUtilities.SafeInvoke: InternalTestLoggerEvents.SendTestResult: Invoking callback 1/1 for Microsoft.VisualStudio.TestPlatform.CommandLine.Internal.ConsoleLogger.TestResultHandler, took 0 ms.
TpTrace Verbose: 0 : 9672, 4, 2022/10/11, 11:33:44.655, 3189822777969, vstest.console.dll, MulticastDelegateUtilities.SafeInvoke: InternalTestLoggerEvents.SendTestResult: Invoking callback 1/1 for Microsoft.VisualStudio.TestPlatform.CommandLine.Internal.ConsoleLogger.TestResultHandler, took 0 ms.
TpTrace Verbose: 0 : 9672, 4, 2022/10/11, 11:33:44.655, 3189822778606, vstest.console.dll, MulticastDelegateUtilities.SafeInvoke: InternalTestLoggerEvents.SendTestResult: Invoking callback 1/1 for Microsoft.VisualStudio.TestPlatform.CommandLine.Internal.ConsoleLogger.TestResultHandler, took 0 ms.
TpTrace Verbose: 0 : 9672, 14, 2022/10/11, 11:33:44.668, 3189822909645, vstest.console.dll, TcpClientExtensions.MessageLoopAsync: NotifyDataAvailable remoteEndPoint: 127.0.0.1:53558 localEndPoint: 127.0.0.1:53557
TpTrace Verbose: 0 : 9672, 14, 2022/10/11, 11:33:44.668, 3189822912344, vstest.console.dll, TestRequestSender.OnExecutionMessageReceived: Received message: {"Version":5,"MessageType":"TestExecution.StatsChange","Payload":{"NewTestResults":[{"TestCase":{"Id":"22a6c17f-ea9d-004c-b465-298c44afa7f3","FullyQualifiedName":"OrbitLibrary_Test.Application.Builders.OperationRequestBuilderTest.ShouldReturnsIfShouldPutgAuthentication","DisplayName":"OrbitLibrary_Test.Application.Builders.OperationRequestBuilderTest.ShouldReturnsIfShouldPutgAuthentication","ExecutorUri":"executor://xunit/VsTestRunner2/netcoreapp","Source":"C:\\Users\\luisf\\Desktop\\Repositori B1 Dev\\OrbitService\\OrbitService\\test\\OrbitLibrary-Test\\bin\\Debug\\netcoreapp3.1\\fine-code-coverage\\build-output\\OrbitLibrary_Test.dll","CodeFilePath":null,"LineNumber":0,"Properties":[]},"Attachments":[],"Outcome":1,"ErrorMessage":null,"ErrorStackTrace":null,"DisplayName":"OrbitLibrary_Test.Application.Builders.OperationRequestBuilderTest.ShouldReturnsIfShouldPutgAuthentication","Messages":[],"ComputerName":"DESKTOP-P1UVUT9","Duration":"00:00:00.0002378","StartTime":"2022-10-11T14:33:44.6534343+00:00","EndTime":"2022-10-11T14:33:44.6534357+00:00","Properties":[]},{"TestCase":{"Id":"c94903a5-3e82-56a9-7637-a689e63828a3","FullyQualifiedName":"OrbitLibrary_Test.Infrastructure.Providers.OrbitCredentialProviderTest.ShouldReturnInvalidSessionWhenUserDoNotHasTheSelectedTenant","DisplayName":"OrbitLibrary_Test.Infrastructure.Providers.OrbitCredentialProviderTest.ShouldReturnInvalidSessionWhenUserDoNotHasTheSelectedTenant","ExecutorUri":"executor://xunit/VsTestRunner2/netcoreapp","Source":"C:\\Users\\luisf\\Desktop\\Repositori B1 Dev\\OrbitService\\OrbitService\\test\\OrbitLibrary-Test\\bin\\Debug\\netcoreapp3.1\\fine-code-coverage\\build-output\\OrbitLibrary_Test.dll","CodeFilePath":null,"LineNumber":0,"Properties":[]},"Attachments":[],"Outcome":1,"ErrorMessage":null,"ErrorStackTrace":null,"DisplayName":"OrbitLibrary_Test.Infrastructure.Providers.OrbitCredentialProviderTest.ShouldReturnInvalidSessionWhenUserDoNotHasTheSelectedTenant","Messages":[],"ComputerName":"DESKTOP-P1UVUT9","Duration":"00:00:00.0012437","StartTime":"2022-10-11T14:33:44.6557638+00:00","EndTime":"2022-10-11T14:33:44.6557652+00:00","Properties":[]},{"TestCase":{"Id":"c8cb52fd-7043-248e-6124-ea47e8ac693d","FullyQualifiedName":"OrbitLibrary_Test.Application.Builders.OperationRequestBuilderTest.ShouldOneAddQueryParamToUrl","DisplayName":"OrbitLibrary_Test.Application.Builders.OperationRequestBuilderTest.ShouldOneAddQueryParamToUrl","ExecutorUri":"executor://xunit/VsTestRunner2/netcoreapp","Source":"C:\\Users\\luisf\\Desktop\\Repositori B1 Dev\\OrbitService\\OrbitService\\test\\OrbitLibrary-Test\\bin\\Debug\\netcoreapp3.1\\fine-code-coverage\\build-output\\OrbitLibrary_Test.dll","CodeFilePath":null,"LineNumber":0,"Properties":[]},"Attachments":[],"Outcome":1,"ErrorMessage":null,"ErrorStackTrace":null,"DisplayName":"OrbitLibrary_Test.Application.Builders.OperationRequestBuilderTest.ShouldOneAddQueryParamToUrl","Messages":[],"ComputerName":"DESKTOP-P1UVUT9","Duration":"00:00:00.0002419","StartTime":"2022-10-11T14:33:44.6577362+00:00","EndTime":"2022-10-11T14:33:44.6577375+00:00","Properties":[]},{"TestCase":{"Id":"19d9414b-41a7-8047-6e1d-b4fe06c5c5c6","FullyQualifiedName":"OrbitLibrary_Test.Common.Domain.OperationResponseTest.ShouldReturnsSuccessResponse","DisplayName":"OrbitLibrary_Test.Common.Domain.OperationResponseTest.ShouldReturnsSuccessResponse","ExecutorUri":"executor://xunit/VsTestRunner2/netcoreapp","Source":"C:\\Users\\luisf\\Desktop\\Repositori B1 Dev\\OrbitService\\OrbitService\\test\\OrbitLibrary-Test\\bin\\Debug\\netcoreapp3.1\\fine-code-coverage\\build-output\\OrbitLibrary_Test.dll","CodeFilePath":null,"LineNumber":0,"Properties":[]},"Attachments":[],"Outcome":1,"ErrorMessage":null,"ErrorStackTrace":null,"DisplayName":"OrbitLibrary_Test.Common.Domain.OperationResponseTest.ShouldReturnsSuccessResponse","Messages":[],"ComputerName":"DESKTOP-P1UVUT9","Duration":"00:00:00.0016909","StartTime":"2022-10-11T14:33:44.6596301+00:00","EndTime":"2022-10-11T14:33:44.6596314+00:00","Properties":[]},{"TestCase":{"Id":"03a3f5fc-0c52-dcaa-e01f-8f73e04826c1","FullyQualifiedName":"OrbitLibrary_Test.Infrastructure.Providers.OrbitCredentialProviderTest.ShouldReturnInvalidSessionWhenUserDoNotHaveTenants","DisplayName":"OrbitLibrary_Test.Infrastructure.Providers.OrbitCredentialProviderTest.ShouldReturnInvalidSessionWhenUserDoNotHaveTenants","ExecutorUri":"executor://xunit/VsTestRunner2/netcoreapp","Source":"C:\\Users\\luisf\\Desktop\\Repositori B1 Dev\\OrbitService\\OrbitService\\test\\OrbitLibrary-Test\\bin\\Debug\\netcoreapp3.1\\fine-code-coverage\\build-output\\OrbitLibrary_Test.dll","CodeFilePath":null,"LineNumber":0,"Properties":[]},"Attachments":[],"Outcome":1,"ErrorMessage":null,"ErrorStackTrace":null,"DisplayName":"OrbitLibrary_Test.Infrastructure.Providers.OrbitCredentialProviderTest.ShouldReturnInvalidSessionWhenUserDoNotHaveTenants","Messages":[],"ComputerName":"DESKTOP-P1UVUT9","Duration":"00:00:00.0009209","StartTime":"2022-10-11T14:33:44.6606201+00:00","EndTime":"2022-10-11T14:33:44.6606209+00:00","Properties":[]},{"TestCase":{"Id":"ef72de87-7108-6f8f-6913-3b9212db6fef","FullyQualifiedName":"OrbitLibrary_Test.Application.Builders.OperationRequestBuilderTest.ShouldAddCredentialsHeaders","DisplayName":"OrbitLibrary_Test.Application.Builders.OperationRequestBuilderTest.ShouldAddCredentialsHeaders","ExecutorUri":"executor://xunit/VsTestRunner2/netcoreapp","Source":"C:\\Users\\luisf\\Desktop\\Repositori B1 Dev\\OrbitService\\OrbitService\\test\\OrbitLibrary-Test\\bin\\Debug\\netcoreapp3.1\\fine-code-coverage\\build-output\\OrbitLibrary_Test.dll","CodeFilePath":null,"LineNumber":0,"Properties":[]},"Attachments":[],"Outcome":1,"ErrorMessage":null,"ErrorStackTrace":null,"DisplayName":"OrbitLibrary_Test.Application.Builders.OperationRequestBuilderTest.ShouldAddCredentialsHeaders","Messages":[],"ComputerName":"DESKTOP-P1UVUT9","Duration":"00:00:00.0011552","StartTime":"2022-10-11T14:33:44.6624963+00:00","EndTime":"2022-10-11T14:33:44.6624977+00:00","Properties":[]},{"TestCase":{"Id":"7344e423-5c13-dba4-9c6d-a480cbfe25b7","FullyQualifiedName":"OrbitLibrary_Test.Infrastructure.Providers.OrbitCredentialProviderTest.ShouldCallCommunicationClientAndReturnValidSessionCredential","DisplayName":"OrbitLibrary_Test.Infrastructure.Providers.OrbitCredentialProviderTest.ShouldCallCommunicationClientAndReturnValidSessionCredential","ExecutorUri":"executor://xunit/VsTestRunner2/netcoreapp","Source":"C:\\Users\\luisf\\Desktop\\Repositori B1 Dev\\OrbitService\\OrbitService\\test\\OrbitLibrary-Test\\bin\\Debug\\netcoreapp3.1\\fine-code-coverage\\build-output\\OrbitLibrary_Test.dll","CodeFilePath":null,"LineNumber":0,"Properties":[]},"Attachments":[],"Outcome":1,"ErrorMessage":null,"ErrorStackTrace":null,"DisplayName":"OrbitLibrary_Test.Infrastructure.Providers.OrbitCredentialProviderTest.ShouldCallCommunicationClientAndReturnValidSessionCredential","Messages":[],"ComputerName":"DESKTOP-P1UVUT9","Duration":"00:00:00.0010062","StartTime":"2022-10-11T14:33:44.6645092+00:00","EndTime":"2022-10-11T14:33:44.6645106+00:00","Properties":[]},{"TestCase":{"Id":"2da63de1-27ad-b49c-93db-b8ced05ca216","FullyQualifiedName":"OrbitLibrary_Test.Data.DbWrapperTest.ShouldExecuteNonQueryCommand","DisplayName":"OrbitLibrary_Test.Data.DbWrapperTest.ShouldExecuteNonQueryCommand","ExecutorUri":"executor://xunit/VsTestRunner2/netcoreapp","Source":"C:\\Users\\luisf\\Desktop\\Repositori B1 Dev\\OrbitService\\OrbitService\\test\\OrbitLibrary-Test\\bin\\Debug\\netcoreapp3.1\\fine-code-coverage\\build-output\\OrbitLibrary_Test.dll","CodeFilePath":null,"LineNumber":0,"Properties":[]},"Attachments":[],"Outcome":1,"ErrorMessage":null,"ErrorStackTrace":null,"DisplayName":"OrbitLibrary_Test.Data.DbWrapperTest.ShouldExecuteNonQueryCommand","Messages":[],"ComputerName":"DESKTOP-P1UVUT9","Duration":"00:00:00.0037177","StartTime":"2022-10-11T14:33:44.6665549+00:00","EndTime":"2022-10-11T14:33:44.6665564+00:00","Properties":[]}],"TestRunStatistics":{"ExecutedTests":56,"Stats":{"Passed":56}},"ActiveTests":[{"Id":"f49e9f35-72fb-7ab1-aee1-301849b7c12a","FullyQualifiedName":"OrbitLibrary_Test.Application.Builders.OperationRequestBuilderTest.ShouldCallBodySerializer","DisplayName":"OrbitLibrary_Test.Application.Builders.OperationRequestBuilderTest.ShouldCallBodySerializer","ExecutorUri":"executor://xunit/VsTestRunner2/netcoreapp","Source":"C:\\Users\\luisf\\Desktop\\Repositori B1 Dev\\OrbitService\\OrbitService\\test\\OrbitLibrary-Test\\bin\\Debug\\netcoreapp3.1\\fine-code-coverage\\build-output\\OrbitLibrary_Test.dll","CodeFilePath":null,"LineNumber":0,"Properties":[]},{"Id":"4378a395-235f-b48f-9d83-6550b579643d","FullyQualifiedName":"OrbitLibrary_Test.Infrastructure.Providers.OrbitCredentialProviderTest.ShouldCallAuthenticationServiceWhenForceNewAuthenticationParameterIsTrue","DisplayName":"OrbitLibrary_Test.Infrastructure.Providers.OrbitCredentialProviderTest.ShouldCallAuthenticationServiceWhenForceNewAuthenticationParameterIsTrue","ExecutorUri":"executor://xunit/VsTestRunner2/netcoreapp","Source":"C:\\Users\\luisf\\Desktop\\Repositori B1 Dev\\OrbitService\\OrbitService\\test\\OrbitLibrary-Test\\bin\\Debug\\netcoreapp3.1\\fine-code-coverage\\build-output\\OrbitLibrary_Test.dll","CodeFilePath":null,"LineNumber":0,"Properties":[]}]}}
TpTrace Verbose: 0 : 9672, 14, 2022/10/11, 11:33:44.670, 3189822932314, vstest.console.dll, TestRunRequest:SendTestRunStatsChange: Starting.
TpTrace Verbose: 0 : 9672, 14, 2022/10/11, 11:33:44.670, 3189822932903, vstest.console.dll, InProgress is OrbitLibrary_Test.Application.Builders.OperationRequestBuilderTest.ShouldCallBodySerializer
TpTrace Verbose: 0 : 9672, 14, 2022/10/11, 11:33:44.670, 3189822933256, vstest.console.dll, InProgress is OrbitLibrary_Test.Infrastructure.Providers.OrbitCredentialProviderTest.ShouldCallAuthenticationServiceWhenForceNewAuthenticationParameterIsTrue
TpTrace Verbose: 0 : 9672, 14, 2022/10/11, 11:33:44.670, 3189822933751, vstest.console.dll, MulticastDelegateUtilities.SafeInvoke: TestRun.RunStatsChanged: Invoking callbacks was skipped because there are no subscribers.
TpTrace Information: 0 : 9672, 14, 2022/10/11, 11:33:44.670, 3189822934174, vstest.console.dll, TestRunRequest:SendTestRunStatsChange: Completed.
TpTrace Verbose: 0 : 9672, 4, 2022/10/11, 11:33:44.670, 3189822934185, vstest.console.dll, MulticastDelegateUtilities.SafeInvoke: InternalTestLoggerEvents.SendTestResult: Invoking callback 1/1 for Microsoft.VisualStudio.TestPlatform.CommandLine.Internal.ConsoleLogger.TestResultHandler, took 0 ms.
TpTrace Verbose: 0 : 9672, 14, 2022/10/11, 11:33:44.670, 3189822934582, vstest.console.dll, MulticastDelegateUtilities.SafeInvoke: LengthPrefixCommunicationChannel: MessageReceived: Invoking callback 1/1 for Microsoft.VisualStudio.TestPlatform.CommunicationUtilities.TestRequestSender+<>c__DisplayClass30_0.<StartTestRun>b__1, took 2 ms.
TpTrace Verbose: 0 : 9672, 4, 2022/10/11, 11:33:44.670, 3189822935682, vstest.console.dll, MulticastDelegateUtilities.SafeInvoke: InternalTestLoggerEvents.SendTestResult: Invoking callback 1/1 for Microsoft.VisualStudio.TestPlatform.CommandLine.Internal.ConsoleLogger.TestResultHandler, took 0 ms.
TpTrace Verbose: 0 : 9672, 14, 2022/10/11, 11:33:44.670, 3189822935709, vstest.console.dll, TcpClientExtensions.MessageLoopAsync: Polling on remoteEndPoint: 127.0.0.1:53558 localEndPoint: 127.0.0.1:53557
TpTrace Verbose: 0 : 9672, 4, 2022/10/11, 11:33:44.670, 3189822936668, vstest.console.dll, MulticastDelegateUtilities.SafeInvoke: InternalTestLoggerEvents.SendTestResult: Invoking callback 1/1 for Microsoft.VisualStudio.TestPlatform.CommandLine.Internal.ConsoleLogger.TestResultHandler, took 0 ms.
TpTrace Verbose: 0 : 9672, 4, 2022/10/11, 11:33:44.671, 3189822937389, vstest.console.dll, MulticastDelegateUtilities.SafeInvoke: InternalTestLoggerEvents.SendTestResult: Invoking callback 1/1 for Microsoft.VisualStudio.TestPlatform.CommandLine.Internal.ConsoleLogger.TestResultHandler, took 0 ms.
TpTrace Verbose: 0 : 9672, 4, 2022/10/11, 11:33:44.671, 3189822937963, vstest.console.dll, MulticastDelegateUtilities.SafeInvoke: InternalTestLoggerEvents.SendTestResult: Invoking callback 1/1 for Microsoft.VisualStudio.TestPlatform.CommandLine.Internal.ConsoleLogger.TestResultHandler, took 0 ms.
TpTrace Verbose: 0 : 9672, 4, 2022/10/11, 11:33:44.671, 3189822938565, vstest.console.dll, MulticastDelegateUtilities.SafeInvoke: InternalTestLoggerEvents.SendTestResult: Invoking callback 1/1 for Microsoft.VisualStudio.TestPlatform.CommandLine.Internal.ConsoleLogger.TestResultHandler, took 0 ms.
TpTrace Verbose: 0 : 9672, 4, 2022/10/11, 11:33:44.671, 3189822939737, vstest.console.dll, MulticastDelegateUtilities.SafeInvoke: InternalTestLoggerEvents.SendTestResult: Invoking callback 1/1 for Microsoft.VisualStudio.TestPlatform.CommandLine.Internal.ConsoleLogger.TestResultHandler, took 0 ms.
TpTrace Verbose: 0 : 9672, 4, 2022/10/11, 11:33:44.671, 3189822940414, vstest.console.dll, MulticastDelegateUtilities.SafeInvoke: InternalTestLoggerEvents.SendTestResult: Invoking callback 1/1 for Microsoft.VisualStudio.TestPlatform.CommandLine.Internal.ConsoleLogger.TestResultHandler, took 0 ms.
TpTrace Verbose: 0 : 9672, 14, 2022/10/11, 11:33:44.684, 3189823070150, vstest.console.dll, TcpClientExtensions.MessageLoopAsync: NotifyDataAvailable remoteEndPoint: 127.0.0.1:53558 localEndPoint: 127.0.0.1:53557
TpTrace Verbose: 0 : 9672, 14, 2022/10/11, 11:33:44.684, 3189823072833, vstest.console.dll, TestRequestSender.OnExecutionMessageReceived: Received message: {"Version":5,"MessageType":"TestExecution.StatsChange","Payload":{"NewTestResults":[{"TestCase":{"Id":"4378a395-235f-b48f-9d83-6550b579643d","FullyQualifiedName":"OrbitLibrary_Test.Infrastructure.Providers.OrbitCredentialProviderTest.ShouldCallAuthenticationServiceWhenForceNewAuthenticationParameterIsTrue","DisplayName":"OrbitLibrary_Test.Infrastructure.Providers.OrbitCredentialProviderTest.ShouldCallAuthenticationServiceWhenForceNewAuthenticationParameterIsTrue","ExecutorUri":"executor://xunit/VsTestRunner2/netcoreapp","Source":"C:\\Users\\luisf\\Desktop\\Repositori B1 Dev\\OrbitService\\OrbitService\\test\\OrbitLibrary-Test\\bin\\Debug\\netcoreapp3.1\\fine-code-coverage\\build-output\\OrbitLibrary_Test.dll","CodeFilePath":null,"LineNumber":0,"Properties":[]},"Attachments":[],"Outcome":1,"ErrorMessage":null,"ErrorStackTrace":null,"DisplayName":"OrbitLibrary_Test.Infrastructure.Providers.OrbitCredentialProviderTest.ShouldCallAuthenticationServiceWhenForceNewAuthenticationParameterIsTrue","Messages":[],"ComputerName":"DESKTOP-P1UVUT9","Duration":"00:00:00.0014393","StartTime":"2022-10-11T14:33:44.6694714+00:00","EndTime":"2022-10-11T14:33:44.6694728+00:00","Properties":[]},{"TestCase":{"Id":"f49e9f35-72fb-7ab1-aee1-301849b7c12a","FullyQualifiedName":"OrbitLibrary_Test.Application.Builders.OperationRequestBuilderTest.ShouldCallBodySerializer","DisplayName":"OrbitLibrary_Test.Application.Builders.OperationRequestBuilderTest.ShouldCallBodySerializer","ExecutorUri":"executor://xunit/VsTestRunner2/netcoreapp","Source":"C:\\Users\\luisf\\Desktop\\Repositori B1 Dev\\OrbitService\\OrbitService\\test\\OrbitLibrary-Test\\bin\\Debug\\netcoreapp3.1\\fine-code-coverage\\build-output\\OrbitLibrary_Test.dll","CodeFilePath":null,"LineNumber":0,"Properties":[]},"Attachments":[],"Outcome":1,"ErrorMessage":null,"ErrorStackTrace":null,"DisplayName":"OrbitLibrary_Test.Application.Builders.OperationRequestBuilderTest.ShouldCallBodySerializer","Messages":[],"ComputerName":"DESKTOP-P1UVUT9","Duration":"00:00:00.0031413","StartTime":"2022-10-11T14:33:44.6717251+00:00","EndTime":"2022-10-11T14:33:44.6717265+00:00","Properties":[]},{"TestCase":{"Id":"df2d54a4-20f4-d2be-25bd-09885165e722","FullyQualifiedName":"OrbitLibrary_Test.Application.Builders.OperationRequestBuilderTest.ShouldCreateSimpleGETRequest","DisplayName":"OrbitLibrary_Test.Application.Builders.OperationRequestBuilderTest.ShouldCreateSimpleGETRequest","ExecutorUri":"executor://xunit/VsTestRunner2/netcoreapp","Source":"C:\\Users\\luisf\\Desktop\\Repositori B1 Dev\\OrbitService\\OrbitService\\test\\OrbitLibrary-Test\\bin\\Debug\\netcoreapp3.1\\fine-code-coverage\\build-output\\OrbitLibrary_Test.dll","CodeFilePath":null,"LineNumber":0,"Properties":[]},"Attachments":[],"Outcome":1,"ErrorMessage":null,"ErrorStackTrace":null,"DisplayName":"OrbitLibrary_Test.Application.Builders.OperationRequestBuilderTest.ShouldCreateSimpleGETRequest","Messages":[],"ComputerName":"DESKTOP-P1UVUT9","Duration":"00:00:00.0002795","StartTime":"2022-10-11T14:33:44.6737574+00:00","EndTime":"2022-10-11T14:33:44.6737587+00:00","Properties":[]},{"TestCase":{"Id":"22634217-c7bd-99d7-1e40-bb588c1cbb45","FullyQualifiedName":"OrbitLibrary_Test.Data.DbWrapperTest.ShouldExecuteQueryCommand","DisplayName":"OrbitLibrary_Test.Data.DbWrapperTest.ShouldExecuteQueryCommand","ExecutorUri":"executor://xunit/VsTestRunner2/netcoreapp","Source":"C:\\Users\\luisf\\Desktop\\Repositori B1 Dev\\OrbitService\\OrbitService\\test\\OrbitLibrary-Test\\bin\\Debug\\netcoreapp3.1\\fine-code-coverage\\build-output\\OrbitLibrary_Test.dll","CodeFilePath":null,"LineNumber":0,"Properties":[]},"Attachments":[],"Outcome":1,"ErrorMessage":null,"ErrorStackTrace":null,"DisplayName":"OrbitLibrary_Test.Data.DbWrapperTest.ShouldExecuteQueryCommand","Messages":[],"ComputerName":"DESKTOP-P1UVUT9","Duration":"00:00:00.0025696","StartTime":"2022-10-11T14:33:44.6756784+00:00","EndTime":"2022-10-11T14:33:44.6756798+00:00","Properties":[]},{"TestCase":{"Id":"1fbd8544-c9cc-40c7-472e-840aae6fdc59","FullyQualifiedName":"OrbitLibrary_Test.Application.Builders.OperationRequestBuilderTest.ShouldCallCredentialsProviderWithForceNewAuthentication","DisplayName":"OrbitLibrary_Test.Application.Builders.OperationRequestBuilderTest.ShouldCallCredentialsProviderWithForceNewAuthentication","ExecutorUri":"executor://xunit/VsTestRunner2/netcoreapp","Source":"C:\\Users\\luisf\\Desktop\\Repositori B1 Dev\\OrbitService\\OrbitService\\test\\OrbitLibrary-Test\\bin\\Debug\\netcoreapp3.1\\fine-code-coverage\\build-output\\OrbitLibrary_Test.dll","CodeFilePath":null,"LineNumber":0,"Properties":[]},"Attachments":[],"Outcome":1,"ErrorMessage":null,"ErrorStackTrace":null,"DisplayName":"OrbitLibrary_Test.Application.Builders.OperationRequestBuilderTest.ShouldCallCredentialsProviderWithForceNewAuthentication","Messages":[],"ComputerName":"DESKTOP-P1UVUT9","Duration":"00:00:00.0011243","StartTime":"2022-10-11T14:33:44.6776157+00:00","EndTime":"2022-10-11T14:33:44.677617+00:00","Properties":[]},{"TestCase":{"Id":"8721c1ba-cdb2-ef60-dcb5-ec011c63e06f","FullyQualifiedName":"OrbitLibrary_Test.Data.DbWrapperTest.ShouldReceiverDatabaseNameAndDataBaseType","DisplayName":"OrbitLibrary_Test.Data.DbWrapperTest.ShouldReceiverDatabaseNameAndDataBaseType","ExecutorUri":"executor://xunit/VsTestRunner2/netcoreapp","Source":"C:\\Users\\luisf\\Desktop\\Repositori B1 Dev\\OrbitService\\OrbitService\\test\\OrbitLibrary-Test\\bin\\Debug\\netcoreapp3.1\\fine-code-coverage\\build-output\\OrbitLibrary_Test.dll","CodeFilePath":null,"LineNumber":0,"Properties":[]},"Attachments":[],"Outcome":1,"ErrorMessage":null,"ErrorStackTrace":null,"DisplayName":"OrbitLibrary_Test.Data.DbWrapperTest.ShouldReceiverDatabaseNameAndDataBaseType","Messages":[],"ComputerName":"DESKTOP-P1UVUT9","Duration":"00:00:00.0005754","StartTime":"2022-10-11T14:33:44.6785687+00:00","EndTime":"2022-10-11T14:33:44.6785695+00:00","Properties":[]},{"TestCase":{"Id":"4e67d92b-dca1-6c1f-a442-b427fa79fa31","FullyQualifiedName":"OrbitLibrary_Test.Infrastructure.Providers.OrbitCredentialProviderTest.ShouldReturnUnauthorizedError","DisplayName":"OrbitLibrary_Test.Infrastructure.Providers.OrbitCredentialProviderTest.ShouldReturnUnauthorizedError","ExecutorUri":"executor://xunit/VsTestRunner2/netcoreapp","Source":"C:\\Users\\luisf\\Desktop\\Repositori B1 Dev\\OrbitService\\OrbitService\\test\\OrbitLibrary-Test\\bin\\Debug\\netcoreapp3.1\\fine-code-coverage\\build-output\\OrbitLibrary_Test.dll","CodeFilePath":null,"LineNumber":0,"Properties":[]},"Attachments":[],"Outcome":1,"ErrorMessage":null,"ErrorStackTrace":null,"DisplayName":"OrbitLibrary_Test.Infrastructure.Providers.OrbitCredentialProviderTest.ShouldReturnUnauthorizedError","Messages":[],"ComputerName":"DESKTOP-P1UVUT9","Duration":"00:00:00.0031332","StartTime":"2022-10-11T14:33:44.6805382+00:00","EndTime":"2022-10-11T14:33:44.6805395+00:00","Properties":[]},{"TestCase":{"Id":"d921787a-d7c7-c273-f540-26d4db590c55","FullyQualifiedName":"OrbitLibrary_Test.Data.DbWrapperTest.ExecuteQueryCommand_ShouldThrowExceptionWhenTheCommandObjectIsNull","DisplayName":"OrbitLibrary_Test.Data.DbWrapperTest.ExecuteQueryCommand_ShouldThrowExceptionWhenTheCommandObjectIsNull","ExecutorUri":"executor://xunit/VsTestRunner2/netcoreapp","Source":"C:\\Users\\luisf\\Desktop\\Repositori B1 Dev\\OrbitService\\OrbitService\\test\\OrbitLibrary-Test\\bin\\Debug\\netcoreapp3.1\\fine-code-coverage\\build-output\\OrbitLibrary_Test.dll","CodeFilePath":null,"LineNumber":0,"Properties":[]},"Attachments":[],"Outcome":1,"ErrorMessage":null,"ErrorStackTrace":null,"DisplayName":"OrbitLibrary_Test.Data.DbWrapperTest.ExecuteQueryCommand_ShouldThrowExceptionWhenTheCommandObjectIsNull","Messages":[],"ComputerName":"DESKTOP-P1UVUT9","Duration":"00:00:00.0008648","StartTime":"2022-10-11T14:33:44.682344+00:00","EndTime":"2022-10-11T14:33:44.6823455+00:00","Properties":[]}],"TestRunStatistics":{"ExecutedTests":64,"Stats":{"Passed":64}},"ActiveTests":[{"Id":"ed69ce9c-cd7d-1a1d-a064-691130823b00","FullyQualifiedName":"OrbitLibrary_Test.Infrastructure.Providers.OrbitCredentialProviderTest.ShouldReturnAnInvalidSessionIfTheResponseBodyHasAnUnknownStructure","DisplayName":"OrbitLibrary_Test.Infrastructure.Providers.OrbitCredentialProviderTest.ShouldReturnAnInvalidSessionIfTheResponseBodyHasAnUnknownStructure","ExecutorUri":"executor://xunit/VsTestRunner2/netcoreapp","Source":"C:\\Users\\luisf\\Desktop\\Repositori B1 Dev\\OrbitService\\OrbitService\\test\\OrbitLibrary-Test\\bin\\Debug\\netcoreapp3.1\\fine-code-coverage\\build-output\\OrbitLibrary_Test.dll","CodeFilePath":null,"LineNumber":0,"Properties":[]},{"Id":"550e400d-3b09-5531-7818-7122598b245a","FullyQualifiedName":"OrbitLibrary_Test.Data.DbWrapperTest.ShouldExecuteNonQueryByString","DisplayName":"OrbitLibrary_Test.Data.DbWrapperTest.ShouldExecuteNonQueryByString","ExecutorUri":"executor://xunit/VsTestRunner2/netcoreapp","Source":"C:\\Users\\luisf\\Desktop\\Repositori B1 Dev\\OrbitService\\OrbitService\\test\\OrbitLibrary-Test\\bin\\Debug\\netcoreapp3.1\\fine-code-coverage\\build-output\\OrbitLibrary_Test.dll","CodeFilePath":null,"LineNumber":0,"Properties":[]}]}}
TpTrace Verbose: 0 : 9672, 14, 2022/10/11, 11:33:44.686, 3189823092803, vstest.console.dll, TestRunRequest:SendTestRunStatsChange: Starting.
TpTrace Verbose: 0 : 9672, 14, 2022/10/11, 11:33:44.686, 3189823093408, vstest.console.dll, InProgress is OrbitLibrary_Test.Infrastructure.Providers.OrbitCredentialProviderTest.ShouldReturnAnInvalidSessionIfTheResponseBodyHasAnUnknownStructure
TpTrace Verbose: 0 : 9672, 14, 2022/10/11, 11:33:44.686, 3189823093749, vstest.console.dll, InProgress is OrbitLibrary_Test.Data.DbWrapperTest.ShouldExecuteNonQueryByString
TpTrace Verbose: 0 : 9672, 14, 2022/10/11, 11:33:44.686, 3189823094687, vstest.console.dll, MulticastDelegateUtilities.SafeInvoke: TestRun.RunStatsChanged: Invoking callbacks was skipped because there are no subscribers.
TpTrace Information: 0 : 9672, 14, 2022/10/11, 11:33:44.686, 3189823095211, vstest.console.dll, TestRunRequest:SendTestRunStatsChange: Completed.
TpTrace Verbose: 0 : 9672, 4, 2022/10/11, 11:33:44.686, 3189823095360, vstest.console.dll, MulticastDelegateUtilities.SafeInvoke: InternalTestLoggerEvents.SendTestResult: Invoking callback 1/1 for Microsoft.VisualStudio.TestPlatform.CommandLine.Internal.ConsoleLogger.TestResultHandler, took 0 ms.
TpTrace Verbose: 0 : 9672, 14, 2022/10/11, 11:33:44.686, 3189823095608, vstest.console.dll, MulticastDelegateUtilities.SafeInvoke: LengthPrefixCommunicationChannel: MessageReceived: Invoking callback 1/1 for Microsoft.VisualStudio.TestPlatform.CommunicationUtilities.TestRequestSender+<>c__DisplayClass30_0.<StartTestRun>b__1, took 2 ms.
TpTrace Verbose: 0 : 9672, 4, 2022/10/11, 11:33:44.686, 3189823096525, vstest.console.dll, MulticastDelegateUtilities.SafeInvoke: InternalTestLoggerEvents.SendTestResult: Invoking callback 1/1 for Microsoft.VisualStudio.TestPlatform.CommandLine.Internal.ConsoleLogger.TestResultHandler, took 0 ms.
TpTrace Verbose: 0 : 9672, 14, 2022/10/11, 11:33:44.687, 3189823097400, vstest.console.dll, TcpClientExtensions.MessageLoopAsync: Polling on remoteEndPoint: 127.0.0.1:53558 localEndPoint: 127.0.0.1:53557
TpTrace Verbose: 0 : 9672, 4, 2022/10/11, 11:33:44.687, 3189823098245, vstest.console.dll, MulticastDelegateUtilities.SafeInvoke: InternalTestLoggerEvents.SendTestResult: Invoking callback 1/1 for Microsoft.VisualStudio.TestPlatform.CommandLine.Internal.ConsoleLogger.TestResultHandler, took 0 ms.
TpTrace Verbose: 0 : 9672, 4, 2022/10/11, 11:33:44.687, 3189823098963, vstest.console.dll, MulticastDelegateUtilities.SafeInvoke: InternalTestLoggerEvents.SendTestResult: Invoking callback 1/1 for Microsoft.VisualStudio.TestPlatform.CommandLine.Internal.ConsoleLogger.TestResultHandler, took 0 ms.
TpTrace Verbose: 0 : 9672, 4, 2022/10/11, 11:33:44.687, 3189823099502, vstest.console.dll, MulticastDelegateUtilities.SafeInvoke: InternalTestLoggerEvents.SendTestResult: Invoking callback 1/1 for Microsoft.VisualStudio.TestPlatform.CommandLine.Internal.ConsoleLogger.TestResultHandler, took 0 ms.
TpTrace Verbose: 0 : 9672, 4, 2022/10/11, 11:33:44.687, 3189823100647, vstest.console.dll, MulticastDelegateUtilities.SafeInvoke: InternalTestLoggerEvents.SendTestResult: Invoking callback 1/1 for Microsoft.VisualStudio.TestPlatform.CommandLine.Internal.ConsoleLogger.TestResultHandler, took 0 ms.
TpTrace Verbose: 0 : 9672, 4, 2022/10/11, 11:33:44.687, 3189823101241, vstest.console.dll, MulticastDelegateUtilities.SafeInvoke: InternalTestLoggerEvents.SendTestResult: Invoking callback 1/1 for Microsoft.VisualStudio.TestPlatform.CommandLine.Internal.ConsoleLogger.TestResultHandler, took 0 ms.
TpTrace Verbose: 0 : 9672, 4, 2022/10/11, 11:33:44.687, 3189823101828, vstest.console.dll, MulticastDelegateUtilities.SafeInvoke: InternalTestLoggerEvents.SendTestResult: Invoking callback 1/1 for Microsoft.VisualStudio.TestPlatform.CommandLine.Internal.ConsoleLogger.TestResultHandler, took 0 ms.
TpTrace Verbose: 0 : 9672, 14, 2022/10/11, 11:33:44.691, 3189823141147, vstest.console.dll, TcpClientExtensions.MessageLoopAsync: NotifyDataAvailable remoteEndPoint: 127.0.0.1:53558 localEndPoint: 127.0.0.1:53557
TpTrace Verbose: 0 : 9672, 14, 2022/10/11, 11:33:44.691, 3189823142105, vstest.console.dll, TestRequestSender.OnExecutionMessageReceived: Received message: {"Version":5,"MessageType":"TestSession.Message","Payload":{"MessageLevel":0,"Message":"[xUnit.net 00:00:00.99]   Finished:    OrbitLibrary_Test"}}
TpTrace Verbose: 0 : 9672, 14, 2022/10/11, 11:33:44.691, 3189823143444, vstest.console.dll, TestRunRequest:SendTestRunMessage: Starting.
TpTrace Verbose: 0 : 9672, 14, 2022/10/11, 11:33:44.691, 3189823144140, vstest.console.dll, MulticastDelegateUtilities.SafeInvoke: TestRun.LogMessages: Invoking callback 1/1 for Microsoft.VisualStudio.TestPlatform.CommandLine.TestRunResultAggregator.TestRunMessageHandler, took 0 ms.
TpTrace Verbose: 0 : 9672, 4, 2022/10/11, 11:33:44.691, 3189823144362, vstest.console.dll, MulticastDelegateUtilities.SafeInvoke: InternalTestLoggerEvents.SendTestRunMessage: Invoking callback 1/1 for Microsoft.VisualStudio.TestPlatform.CommandLine.Internal.ConsoleLogger.TestMessageHandler, took 0 ms.
TpTrace Information: 0 : 9672, 14, 2022/10/11, 11:33:44.691, 3189823145403, vstest.console.dll, TestRunRequest:SendTestRunMessage: Completed.
TpTrace Verbose: 0 : 9672, 14, 2022/10/11, 11:33:44.692, 3189823146826, vstest.console.dll, MulticastDelegateUtilities.SafeInvoke: LengthPrefixCommunicationChannel: MessageReceived: Invoking callback 1/1 for Microsoft.VisualStudio.TestPlatform.CommunicationUtilities.TestRequestSender+<>c__DisplayClass30_0.<StartTestRun>b__1, took 0 ms.
TpTrace Verbose: 0 : 9672, 14, 2022/10/11, 11:33:44.692, 3189823147247, vstest.console.dll, TcpClientExtensions.MessageLoopAsync: Polling on remoteEndPoint: 127.0.0.1:53558 localEndPoint: 127.0.0.1:53557
TpTrace Verbose: 0 : 9672, 14, 2022/10/11, 11:33:44.710, 3189823329514, vstest.console.dll, TcpClientExtensions.MessageLoopAsync: NotifyDataAvailable remoteEndPoint: 127.0.0.1:53558 localEndPoint: 127.0.0.1:53557
TpTrace Verbose: 0 : 9672, 14, 2022/10/11, 11:33:44.710, 3189823331357, vstest.console.dll, TestRequestSender.OnExecutionMessageReceived: Received message: {"Version":5,"MessageType":"TestExecution.Completed","Payload":{"TestRunCompleteArgs":{"TestRunStatistics":{"ExecutedTests":67,"Stats":{"Passed":67}},"IsCanceled":false,"IsAborted":false,"Error":null,"AttachmentSets":[],"ElapsedTimeInRunningTests":"00:00:01.0039600","Metrics":{}},"LastRunTests":{"NewTestResults":[{"TestCase":{"Id":"ed69ce9c-cd7d-1a1d-a064-691130823b00","FullyQualifiedName":"OrbitLibrary_Test.Infrastructure.Providers.OrbitCredentialProviderTest.ShouldReturnAnInvalidSessionIfTheResponseBodyHasAnUnknownStructure","DisplayName":"OrbitLibrary_Test.Infrastructure.Providers.OrbitCredentialProviderTest.ShouldReturnAnInvalidSessionIfTheResponseBodyHasAnUnknownStructure","ExecutorUri":"executor://xunit/VsTestRunner2/netcoreapp","Source":"C:\\Users\\luisf\\Desktop\\Repositori B1 Dev\\OrbitService\\OrbitService\\test\\OrbitLibrary-Test\\bin\\Debug\\netcoreapp3.1\\fine-code-coverage\\build-output\\OrbitLibrary_Test.dll","CodeFilePath":null,"LineNumber":0,"Properties":[]},"Attachments":[],"Outcome":1,"ErrorMessage":null,"ErrorStackTrace":null,"DisplayName":"OrbitLibrary_Test.Infrastructure.Providers.OrbitCredentialProviderTest.ShouldReturnAnInvalidSessionIfTheResponseBodyHasAnUnknownStructure","Messages":[],"ComputerName":"DESKTOP-P1UVUT9","Duration":"00:00:00.0014410","StartTime":"2022-10-11T14:33:44.6853556+00:00","EndTime":"2022-10-11T14:33:44.6853571+00:00","Properties":[]},{"TestCase":{"Id":"550e400d-3b09-5531-7818-7122598b245a","FullyQualifiedName":"OrbitLibrary_Test.Data.DbWrapperTest.ShouldExecuteNonQueryByString","DisplayName":"OrbitLibrary_Test.Data.DbWrapperTest.ShouldExecuteNonQueryByString","ExecutorUri":"executor://xunit/VsTestRunner2/netcoreapp","Source":"C:\\Users\\luisf\\Desktop\\Repositori B1 Dev\\OrbitService\\OrbitService\\test\\OrbitLibrary-Test\\bin\\Debug\\netcoreapp3.1\\fine-code-coverage\\build-output\\OrbitLibrary_Test.dll","CodeFilePath":null,"LineNumber":0,"Properties":[]},"Attachments":[],"Outcome":1,"ErrorMessage":null,"ErrorStackTrace":null,"DisplayName":"OrbitLibrary_Test.Data.DbWrapperTest.ShouldExecuteNonQueryByString","Messages":[],"ComputerName":"DESKTOP-P1UVUT9","Duration":"00:00:00.0011405","StartTime":"2022-10-11T14:33:44.6865034+00:00","EndTime":"2022-10-11T14:33:44.6865045+00:00","Properties":[]},{"TestCase":{"Id":"22ec9a82-820e-5813-7460-b29ce62df907","FullyQualifiedName":"OrbitLibrary_Test.Data.DbWrapperTest.ExecuteNonQueryCommand_ShouldThrowExceptionWhenTheCommandObjectIsNull","DisplayName":"OrbitLibrary_Test.Data.DbWrapperTest.ExecuteNonQueryCommand_ShouldThrowExceptionWhenTheCommandObjectIsNull","ExecutorUri":"executor://xunit/VsTestRunner2/netcoreapp","Source":"C:\\Users\\luisf\\Desktop\\Repositori B1 Dev\\OrbitService\\OrbitService\\test\\OrbitLibrary-Test\\bin\\Debug\\netcoreapp3.1\\fine-code-coverage\\build-output\\OrbitLibrary_Test.dll","CodeFilePath":null,"LineNumber":0,"Properties":[]},"Attachments":[],"Outcome":1,"ErrorMessage":null,"ErrorStackTrace":null,"DisplayName":"OrbitLibrary_Test.Data.DbWrapperTest.ExecuteNonQueryCommand_ShouldThrowExceptionWhenTheCommandObjectIsNull","Messages":[],"ComputerName":"DESKTOP-P1UVUT9","Duration":"00:00:00.0004577","StartTime":"2022-10-11T14:33:44.6886569+00:00","EndTime":"2022-10-11T14:33:44.6886583+00:00","Properties":[]}],"TestRunStatistics":{"ExecutedTests":67,"Stats":{"Passed":67}},"ActiveTests":[]},"RunAttachments":[],"ExecutorUris":["executor://xunit/VsTestRunner2/netcoreapp"]}}
TpTrace Verbose: 0 : 9672, 14, 2022/10/11, 11:33:44.710, 3189823335015, vstest.console.dll, TestRequestSender.EndSession: Sending end session.
TpTrace Verbose: 0 : 9672, 14, 2022/10/11, 11:33:44.711, 3189823336831, vstest.console.dll, ProxyOperationManager.Close: waiting for test host to exit for 100 ms
TpTrace Warning: 0 : 9672, 13, 2022/10/11, 11:33:44.732, 3189823556318, vstest.console.dll, TestHostManagerCallbacks.ErrorReceivedCallback Test host standard error line: 
TpTrace Verbose: 0 : 9672, 13, 2022/10/11, 11:33:44.749, 3189823722796, vstest.console.dll, TestHostProvider.ExitCallBack: Host exited starting callback.
TpTrace Information: 0 : 9672, 13, 2022/10/11, 11:33:44.750, 3189823728580, vstest.console.dll, TestHostManagerCallbacks.ExitCallBack: Testhost processId: 4748 exited with exitcode: 0 error: ''
TpTrace Verbose: 0 : 9672, 13, 2022/10/11, 11:33:44.750, 3189823729241, vstest.console.dll, DotnetTestHostManager.OnHostExited: invoking OnHostExited callback
TpTrace Verbose: 0 : 9672, 13, 2022/10/11, 11:33:44.750, 3189823730209, vstest.console.dll, CrossPlatEngine.TestHostManagerHostExited: calling on client process exit callback.
TpTrace Information: 0 : 9672, 13, 2022/10/11, 11:33:44.750, 3189823731147, vstest.console.dll, TestRequestSender.OnClientProcessExit: Test host process exited. Standard error: 
TpTrace Information: 0 : 9672, 14, 2022/10/11, 11:33:44.750, 3189823731551, vstest.console.dll, SocketServer.Stop: Stop server endPoint: 127.0.0.1:53557
TpTrace Information: 0 : 9672, 13, 2022/10/11, 11:33:44.750, 3189823731654, vstest.console.dll, SocketServer.Stop: Stop server endPoint: 127.0.0.1:53557
TpTrace Information: 0 : 9672, 14, 2022/10/11, 11:33:44.750, 3189823732266, vstest.console.dll, SocketServer.Stop: Cancellation requested. Stopping message loop.
TpTrace Information: 0 : 9672, 13, 2022/10/11, 11:33:44.750, 3189823732872, vstest.console.dll, SocketServer.Stop: Cancellation requested. Stopping message loop.
TpTrace Information: 0 : 9672, 14, 2022/10/11, 11:33:44.750, 3189823734320, vstest.console.dll, Closing the connection
TpTrace Verbose: 0 : 9672, 13, 2022/10/11, 11:33:44.750, 3189823734052, vstest.console.dll, MulticastDelegateUtilities.SafeInvoke: HostProviderEvents.OnHostExited: Invoking callback 1/1 for Microsoft.VisualStudio.TestPlatform.CrossPlatEngine.Client.ProxyOperationManager.TestHostManagerHostExited, took 0 ms.
TpTrace Verbose: 0 : 9672, 14, 2022/10/11, 11:33:44.751, 3189823739372, vstest.console.dll, ProxyDataCollectionManager.InvokeDataCollectionServiceAction: Starting.
TpTrace Information: 0 : 9672, 14, 2022/10/11, 11:33:44.751, 3189823740063, vstest.console.dll, ProxyDataCollectionManager.AfterTestRunEnd: Get attachment set and invoked data collectors processId: 25944 port: 53554
TpTrace Verbose: 0 : 9672, 14, 2022/10/11, 11:33:44.751, 3189823740725, vstest.console.dll, DataCollectionRequestSender.SendAfterTestRunStartAndGetResult: Send AfterTestRunEnd message with isCancelled: False
TpTrace Verbose: 0 : 9672, 14, 2022/10/11, 11:33:44.759, 3189823825521, vstest.console.dll, DataCollectionRequestSender.SendAfterTestRunStartAndGetResult: Received message: (DataCollection.AfterTestRunEndResult) -> {
  "AttachmentSets": [],
  "InvokedDataCollectors": [
    {
      "Uri": "datacollector://Microsoft/TestPlatform/Extensions/Blame/v1",
      "FriendlyName": "Blame",
      "AssemblyQualifiedName": "Microsoft.TestPlatform.Extensions.BlameDataCollector.BlameCollector, Microsoft.TestPlatform.Extensions.BlameDataCollector, Version=15.0.0.0, Culture=neutral, PublicKeyToken=b03f5f7f11d50a3a",
      "FilePath": "c:\\program files\\dotnet\\sdk\\6.0.302\\Extensions\\Microsoft.TestPlatform.Extensions.BlameDataCollector.dll",
      "HasAttachmentProcessor": false
    }
  ],
  "Metrics": {}
}
TpTrace Warning: 0 : 9672, 10, 2022/10/11, 11:33:44.765, 3189823877817, vstest.console.dll, DataCollectionLauncher.ErrorReceivedCallback datacollector standard error line: 
TpTrace Information: 0 : 9672, 14, 2022/10/11, 11:33:44.765, 3189823884303, vstest.console.dll, ProxyDataCollectionManager.InvokeDataCollectionServiceAction: Completed.
TpTrace Information: 0 : 9672, 10, 2022/10/11, 11:33:44.771, 3189823943145, vstest.console.dll, DataCollectionLauncher.ExitCallBack: Data collector exited with exitcode: 0 error: ''
TpTrace Verbose: 0 : 9672, 14, 2022/10/11, 11:33:44.797, 3189824200026, vstest.console.dll, TestRunRequest:SendTestRunStatsChange: Starting.
TpTrace Verbose: 0 : 9672, 14, 2022/10/11, 11:33:44.797, 3189824201205, vstest.console.dll, MulticastDelegateUtilities.SafeInvoke: TestRun.RunStatsChanged: Invoking callbacks was skipped because there are no subscribers.
TpTrace Information: 0 : 9672, 14, 2022/10/11, 11:33:44.797, 3189824201934, vstest.console.dll, TestRunRequest:SendTestRunStatsChange: Completed.
TpTrace Verbose: 0 : 9672, 4, 2022/10/11, 11:33:44.797, 3189824202346, vstest.console.dll, MulticastDelegateUtilities.SafeInvoke: InternalTestLoggerEvents.SendTestResult: Invoking callback 1/1 for Microsoft.VisualStudio.TestPlatform.CommandLine.Internal.ConsoleLogger.TestResultHandler, took 0 ms.
TpTrace Verbose: 0 : 9672, 4, 2022/10/11, 11:33:44.797, 3189824203237, vstest.console.dll, MulticastDelegateUtilities.SafeInvoke: InternalTestLoggerEvents.SendTestResult: Invoking callback 1/1 for Microsoft.VisualStudio.TestPlatform.CommandLine.Internal.ConsoleLogger.TestResultHandler, took 0 ms.
TpTrace Verbose: 0 : 9672, 4, 2022/10/11, 11:33:44.797, 3189824203782, vstest.console.dll, MulticastDelegateUtilities.SafeInvoke: InternalTestLoggerEvents.SendTestResult: Invoking callback 1/1 for Microsoft.VisualStudio.TestPlatform.CommandLine.Internal.ConsoleLogger.TestResultHandler, took 0 ms.
TpTrace Verbose: 0 : 9672, 14, 2022/10/11, 11:33:44.797, 3189824204369, vstest.console.dll, ParallelProxyExecutionManager: HandlePartialRunComplete: Total completed clients = 1, Run complete = True, Run canceled: False.
TpTrace Verbose: 0 : 9672, 4, 2022/10/11, 11:33:44.810, 3189824327589, vstest.console.dll, MulticastDelegateUtilities.SafeInvoke: InternalTestLoggerEvents.SendTestRunComplete: Invoking callback 1/2 for Microsoft.TestPlatform.Extensions.BlameDataCollector.BlameLogger.TestRunCompleteHandler, took 0 ms.
TpTrace Verbose: 0 : 9672, 4, 2022/10/11, 11:33:44.816, 3189824396132, vstest.console.dll, MulticastDelegateUtilities.SafeInvoke: InternalTestLoggerEvents.SendTestRunComplete: Invoking callback 2/2 for Microsoft.VisualStudio.TestPlatform.CommandLine.Internal.ConsoleLogger.TestRunCompleteHandler, took 6 ms.
TpTrace Verbose: 0 : 9672, 14, 2022/10/11, 11:33:44.817, 3189824398910, vstest.console.dll, TestRunRequest:TestRunComplete: Starting. IsAborted:False IsCanceled:False.
TpTrace Verbose: 0 : 9672, 14, 2022/10/11, 11:33:44.817, 3189824406526, vstest.console.dll, TestLoggerManager.HandleTestRunComplete: Ignoring as the object is disposed.
TpTrace Verbose: 0 : 9672, 14, 2022/10/11, 11:33:44.818, 3189824409232, vstest.console.dll, MulticastDelegateUtilities.SafeInvoke: TestRun.TestRunComplete: Invoking callback 1/2 for Microsoft.VisualStudio.TestPlatform.CommandLine.TestRunResultAggregator.TestRunCompletionHandler, took 0 ms.
TpTrace Verbose: 0 : 9672, 14, 2022/10/11, 11:33:44.818, 3189824410208, vstest.console.dll, MulticastDelegateUtilities.SafeInvoke: TestRun.TestRunComplete: Invoking callback 2/2 for Microsoft.VisualStudio.TestPlatform.CommandLine.Processors.RunTestsArgumentExecutor+TestRunRequestEventsRegistrar.TestRunRequest_OnRunCompletion, took 0 ms.
TpTrace Information: 0 : 9672, 14, 2022/10/11, 11:33:44.818, 3189824411485, vstest.console.dll, TestRunRequest:TestRunComplete: Completed.
TpTrace Verbose: 0 : 9672, 14, 2022/10/11, 11:33:44.818, 3189824412165, vstest.console.dll, TestRequestSender.SetOperationComplete: Setting operation complete.
TpTrace Verbose: 0 : 9672, 1, 2022/10/11, 11:33:44.818, 3189824412150, vstest.console.dll, TestRunRequest.Dispose: Starting.
TpTrace Information: 0 : 9672, 14, 2022/10/11, 11:33:44.818, 3189824412569, vstest.console.dll, SocketServer.Stop: Stop server endPoint: 127.0.0.1:53557
TpTrace Information: 0 : 9672, 1, 2022/10/11, 11:33:44.818, 3189824413381, vstest.console.dll, TestRunRequest.Dispose: Completed.
TpTrace Information: 0 : 9672, 14, 2022/10/11, 11:33:44.818, 3189824413759, vstest.console.dll, SocketServer.Stop: Cancellation requested. Stopping message loop.
TpTrace Information: 0 : 9672, 1, 2022/10/11, 11:33:44.818, 3189824414461, vstest.console.dll, TestRequestManager.RunTests: run tests completed.
TpTrace Verbose: 0 : 9672, 14, 2022/10/11, 11:33:44.818, 3189824415025, vstest.console.dll, MulticastDelegateUtilities.SafeInvoke: LengthPrefixCommunicationChannel: MessageReceived: Invoking callback 1/1 for Microsoft.VisualStudio.TestPlatform.CommunicationUtilities.TestRequestSender+<>c__DisplayClass30_0.<StartTestRun>b__1, took 108 ms.
TpTrace Information: 0 : 9672, 1, 2022/10/11, 11:33:44.818, 3189824415623, vstest.console.dll, RunTestsArgumentProcessor:Execute: Test run is completed.
TpTrace Information: 0 : 9672, 14, 2022/10/11, 11:33:44.818, 3189824415856, vstest.console.dll, SocketServer.PrivateStop: Stopping server endPoint: 127.0.0.1:53557 error: 
TpTrace Verbose: 0 : 9672, 1, 2022/10/11, 11:33:44.819, 3189824418262, vstest.console.dll, Executor.Execute: Exiting with exit code of 0
TpTrace Verbose: 0 : 9672, 14, 2022/10/11, 11:33:44.819, 3189824421717, vstest.console.dll, LengthPrefixCommunicationChannel.Dispose: Dispose reader and writer.
TpTrace Information: 0 : 9672, 14, 2022/10/11, 11:33:44.819, 3189824422570, vstest.console.dll, SocketServer.Stop: Raise disconnected event endPoint: 127.0.0.1:53557 error: 
TpTrace Verbose: 0 : 9672, 14, 2022/10/11, 11:33:44.819, 3189824423248, vstest.console.dll, TestRequestSender: OnTestRunAbort: Operation is already complete. Skip error message.
