TpTrace Verbose: 0 : 21752, 1, 2022/10/11, 11:48:29.389, 3198670120089, vstest.console.dll, Version: 17.2.0-release-20220408-11 Current process architecture: X64
TpTrace Information: 0 : 21752, 1, 2022/10/11, 11:48:29.399, 3198670225304, vstest.console.dll, FilePatternParser: The given file C:\Users\luisf\Desktop\Repositori B1 Dev\OrbitService\OrbitService\test\Envia-NFe-Test\bin\Debug\netcoreapp3.1\fine-code-coverage\build-output\OrbitService_Test.dll is a full path.
TpTrace Verbose: 0 : 21752, 1, 2022/10/11, 11:48:29.407, 3198670305194, vstest.console.dll, TestPluginCache.DiscoverTestExtensions: finding test extensions in assemblies ends with: RuntimeProvider.dll TPluginInfo: Microsoft.VisualStudio.TestPlatform.Common.ExtensionFramework.Utilities.TestRuntimePluginInformation TExtension: Microsoft.VisualStudio.TestPlatform.ObjectModel.Host.ITestRuntimeProvider
TpTrace Verbose: 0 : 21752, 1, 2022/10/11, 11:48:29.408, 3198670309577, vstest.console.dll, TestPluginCache.GetExtensionPaths: Filtered extension paths: 
TpTrace Verbose: 0 : 21752, 1, 2022/10/11, 11:48:29.408, 3198670311406, vstest.console.dll, TestPluginCache.GetExtensionPaths: Added default extension paths: c:\program files\dotnet\sdk\6.0.302\Extensions\DumpMinitool.exe
c:\program files\dotnet\sdk\6.0.302\Extensions\DumpMinitool.x86.exe
c:\program files\dotnet\sdk\6.0.302\Extensions\Microsoft.Diagnostics.NETCore.Client.dll
c:\program files\dotnet\sdk\6.0.302\Extensions\Microsoft.TestPlatform.Extensions.BlameDataCollector.dll
c:\program files\dotnet\sdk\6.0.302\Extensions\Microsoft.TestPlatform.Extensions.EventLogCollector.dll
c:\program files\dotnet\sdk\6.0.302\Extensions\Microsoft.TestPlatform.TestHostRuntimeProvider.dll
c:\program files\dotnet\sdk\6.0.302\Extensions\Microsoft.VisualStudio.TestPlatform.Extensions.Html.TestLogger.dll
c:\program files\dotnet\sdk\6.0.302\Extensions\Microsoft.VisualStudio.TestPlatform.Extensions.Trx.TestLogger.dll
TpTrace Verbose: 0 : 21752, 1, 2022/10/11, 11:48:29.408, 3198670312085, vstest.console.dll, TestPluginCache.GetExtensionPaths: Added unfilterableExtensionPaths: 
TpTrace Information: 0 : 21752, 1, 2022/10/11, 11:48:29.409, 3198670320165, vstest.console.dll, AssemblyResolver.ctor: Creating AssemblyResolver with searchDirectories c:\program files\dotnet\sdk\6.0.302\Extensions,c:\program files\dotnet\sdk\6.0.302
TpTrace Verbose: 0 : 21752, 1, 2022/10/11, 11:48:29.410, 3198670333770, vstest.console.dll, TestPluginCache.DiscoverTestExtensions: Discovering the extensions using extension path.
TpTrace Verbose: 0 : 21752, 1, 2022/10/11, 11:48:29.410, 3198670335233, vstest.console.dll, TestPluginCache.GetExtensionPaths: Filtered extension paths: 
TpTrace Verbose: 0 : 21752, 1, 2022/10/11, 11:48:29.410, 3198670335802, vstest.console.dll, TestPluginCache.GetExtensionPaths: Added default extension paths: c:\program files\dotnet\sdk\6.0.302\Extensions\DumpMinitool.exe
c:\program files\dotnet\sdk\6.0.302\Extensions\DumpMinitool.x86.exe
c:\program files\dotnet\sdk\6.0.302\Extensions\Microsoft.Diagnostics.NETCore.Client.dll
c:\program files\dotnet\sdk\6.0.302\Extensions\Microsoft.TestPlatform.Extensions.BlameDataCollector.dll
c:\program files\dotnet\sdk\6.0.302\Extensions\Microsoft.TestPlatform.Extensions.EventLogCollector.dll
c:\program files\dotnet\sdk\6.0.302\Extensions\Microsoft.TestPlatform.TestHostRuntimeProvider.dll
c:\program files\dotnet\sdk\6.0.302\Extensions\Microsoft.VisualStudio.TestPlatform.Extensions.Html.TestLogger.dll
c:\program files\dotnet\sdk\6.0.302\Extensions\Microsoft.VisualStudio.TestPlatform.Extensions.Trx.TestLogger.dll
TpTrace Verbose: 0 : 21752, 1, 2022/10/11, 11:48:29.410, 3198670336365, vstest.console.dll, TestPluginCache.GetExtensionPaths: Added unfilterableExtensionPaths: 
TpTrace Verbose: 0 : 21752, 1, 2022/10/11, 11:48:29.411, 3198670337543, vstest.console.dll, TestPluginCache.DiscoverTestExtensions: Discovering the extensions using allExtensionPaths: c:\program files\dotnet\sdk\6.0.302\Extensions\DumpMinitool.exe
c:\program files\dotnet\sdk\6.0.302\Extensions\DumpMinitool.x86.exe
c:\program files\dotnet\sdk\6.0.302\Extensions\Microsoft.Diagnostics.NETCore.Client.dll
c:\program files\dotnet\sdk\6.0.302\Extensions\Microsoft.TestPlatform.Extensions.BlameDataCollector.dll
c:\program files\dotnet\sdk\6.0.302\Extensions\Microsoft.TestPlatform.Extensions.EventLogCollector.dll
c:\program files\dotnet\sdk\6.0.302\Extensions\Microsoft.TestPlatform.TestHostRuntimeProvider.dll
c:\program files\dotnet\sdk\6.0.302\Extensions\Microsoft.VisualStudio.TestPlatform.Extensions.Html.TestLogger.dll
c:\program files\dotnet\sdk\6.0.302\Extensions\Microsoft.VisualStudio.TestPlatform.Extensions.Trx.TestLogger.dll
TpTrace Information: 0 : 21752, 1, 2022/10/11, 11:48:29.411, 3198670339400, vstest.console.dll, AssemblyResolver.AddSearchDirectories: Adding more searchDirectories c:\program files\dotnet\sdk\6.0.302\Extensions,c:\program files\dotnet\sdk\6.0.302
TpTrace Information: 0 : 21752, 1, 2022/10/11, 11:48:29.411, 3198670340295, vstest.console.dll, AssemblyResolver.AddSearchDirectories: Adding more searchDirectories c:\program files\dotnet\sdk\6.0.302\Extensions,c:\program files\dotnet\sdk\6.0.302
TpTrace Information: 0 : 21752, 1, 2022/10/11, 11:48:29.411, 3198670340976, vstest.console.dll, AssemblyResolver.AddSearchDirectories: Adding more searchDirectories c:\program files\dotnet\sdk\6.0.302\Extensions,c:\program files\dotnet\sdk\6.0.302
TpTrace Information: 0 : 21752, 1, 2022/10/11, 11:48:29.411, 3198670341388, vstest.console.dll, AssemblyResolver.AddSearchDirectories: Adding more searchDirectories c:\program files\dotnet\sdk\6.0.302\Extensions,c:\program files\dotnet\sdk\6.0.302
TpTrace Information: 0 : 21752, 1, 2022/10/11, 11:48:29.411, 3198670341782, vstest.console.dll, AssemblyResolver.AddSearchDirectories: Adding more searchDirectories c:\program files\dotnet\sdk\6.0.302\Extensions,c:\program files\dotnet\sdk\6.0.302
TpTrace Information: 0 : 21752, 1, 2022/10/11, 11:48:29.411, 3198670342236, vstest.console.dll, AssemblyResolver.AddSearchDirectories: Adding more searchDirectories c:\program files\dotnet\sdk\6.0.302\Extensions,c:\program files\dotnet\sdk\6.0.302
TpTrace Information: 0 : 21752, 1, 2022/10/11, 11:48:29.411, 3198670342642, vstest.console.dll, AssemblyResolver.AddSearchDirectories: Adding more searchDirectories c:\program files\dotnet\sdk\6.0.302\Extensions,c:\program files\dotnet\sdk\6.0.302
TpTrace Information: 0 : 21752, 1, 2022/10/11, 11:48:29.411, 3198670343028, vstest.console.dll, AssemblyResolver.AddSearchDirectories: Adding more searchDirectories c:\program files\dotnet\sdk\6.0.302\Extensions,c:\program files\dotnet\sdk\6.0.302
TpTrace Information: 0 : 21752, 1, 2022/10/11, 11:48:29.412, 3198670347079, vstest.console.dll, AssemblyResolver.OnResolve: DumpMinitool: Resolving assembly.
TpTrace Information: 0 : 21752, 1, 2022/10/11, 11:48:29.412, 3198670347968, vstest.console.dll, AssemblyResolver.OnResolve: DumpMinitool: Searching in: 'c:\program files\dotnet\sdk\6.0.302\Extensions'.
TpTrace Information: 0 : 21752, 1, 2022/10/11, 11:48:29.412, 3198670349208, vstest.console.dll, AssemblyResolver.OnResolve: DumpMinitool: Assembly path does not exist: 'c:\program files\dotnet\sdk\6.0.302\Extensions\DumpMinitool.dll', returning.
TpTrace Information: 0 : 21752, 1, 2022/10/11, 11:48:29.412, 3198670355672, vstest.console.dll, AssemblyResolver.OnResolve: DumpMinitool: Loading assembly 'c:\program files\dotnet\sdk\6.0.302\Extensions\DumpMinitool.exe'.
TpTrace Information: 0 : 21752, 1, 2022/10/11, 11:48:29.414, 3198670367303, vstest.console.dll, AssemblyResolver.OnResolve: Resolved assembly: DumpMinitool, from path: c:\program files\dotnet\sdk\6.0.302\Extensions\DumpMinitool.exe
TpTrace Verbose: 0 : 21752, 1, 2022/10/11, 11:48:29.420, 3198670432017, vstest.console.dll, MetadataReaderExtensionsHelper: Discovering extensions inside assembly 'DumpMinitool, Version=15.0.0.0, Culture=neutral, PublicKeyToken=b03f5f7f11d50a3a' file path 'c:\program files\dotnet\sdk\6.0.302\Extensions\DumpMinitool.exe'
TpTrace Information: 0 : 21752, 1, 2022/10/11, 11:48:29.428, 3198670515165, vstest.console.dll, AssemblyResolver.OnResolve: DumpMinitool.x86: Resolving assembly.
TpTrace Information: 0 : 21752, 1, 2022/10/11, 11:48:29.428, 3198670516279, vstest.console.dll, AssemblyResolver.OnResolve: DumpMinitool.x86: Searching in: 'c:\program files\dotnet\sdk\6.0.302\Extensions'.
TpTrace Information: 0 : 21752, 1, 2022/10/11, 11:48:29.429, 3198670517332, vstest.console.dll, AssemblyResolver.OnResolve: DumpMinitool.x86: Assembly path does not exist: 'c:\program files\dotnet\sdk\6.0.302\Extensions\DumpMinitool.x86.dll', returning.
TpTrace Information: 0 : 21752, 1, 2022/10/11, 11:48:29.429, 3198670522774, vstest.console.dll, AssemblyResolver.OnResolve: DumpMinitool.x86: Loading assembly 'c:\program files\dotnet\sdk\6.0.302\Extensions\DumpMinitool.x86.exe'.
TpTrace Information: 0 : 21752, 1, 2022/10/11, 11:48:29.430, 3198670533952, vstest.console.dll, AssemblyResolver.OnResolve: Resolved assembly: DumpMinitool.x86, from path: c:\program files\dotnet\sdk\6.0.302\Extensions\DumpMinitool.x86.exe
TpTrace Verbose: 0 : 21752, 1, 2022/10/11, 11:48:29.430, 3198670535037, vstest.console.dll, MetadataReaderExtensionsHelper: Discovering extensions inside assembly 'DumpMinitool.x86, Version=15.0.0.0, Culture=neutral, PublicKeyToken=b03f5f7f11d50a3a' file path 'c:\program files\dotnet\sdk\6.0.302\Extensions\DumpMinitool.x86.exe'
TpTrace Information: 0 : 21752, 1, 2022/10/11, 11:48:29.431, 3198670543807, vstest.console.dll, AssemblyResolver.OnResolve: Microsoft.Diagnostics.NETCore.Client: Resolving assembly.
TpTrace Information: 0 : 21752, 1, 2022/10/11, 11:48:29.431, 3198670544679, vstest.console.dll, AssemblyResolver.OnResolve: Microsoft.Diagnostics.NETCore.Client: Searching in: 'c:\program files\dotnet\sdk\6.0.302\Extensions'.
TpTrace Information: 0 : 21752, 1, 2022/10/11, 11:48:29.432, 3198670549720, vstest.console.dll, AssemblyResolver.OnResolve: Microsoft.Diagnostics.NETCore.Client: Loading assembly 'c:\program files\dotnet\sdk\6.0.302\Extensions\Microsoft.Diagnostics.NETCore.Client.dll'.
TpTrace Information: 0 : 21752, 1, 2022/10/11, 11:48:29.433, 3198670561428, vstest.console.dll, AssemblyResolver.OnResolve: Resolved assembly: Microsoft.Diagnostics.NETCore.Client, from path: c:\program files\dotnet\sdk\6.0.302\Extensions\Microsoft.Diagnostics.NETCore.Client.dll
TpTrace Verbose: 0 : 21752, 1, 2022/10/11, 11:48:29.433, 3198670562204, vstest.console.dll, MetadataReaderExtensionsHelper: Discovering extensions inside assembly 'Microsoft.Diagnostics.NETCore.Client, Version=0.2.5.801, Culture=neutral, PublicKeyToken=31bf3856ad364e35' file path 'c:\program files\dotnet\sdk\6.0.302\Extensions\Microsoft.Diagnostics.NETCore.Client.dll'
TpTrace Information: 0 : 21752, 1, 2022/10/11, 11:48:29.441, 3198670642852, vstest.console.dll, AssemblyResolver.OnResolve: Microsoft.Bcl.AsyncInterfaces: Resolving assembly.
TpTrace Information: 0 : 21752, 1, 2022/10/11, 11:48:29.441, 3198670643574, vstest.console.dll, AssemblyResolver.OnResolve: Microsoft.Bcl.AsyncInterfaces: Searching in: 'c:\program files\dotnet\sdk\6.0.302\Extensions'.
TpTrace Information: 0 : 21752, 1, 2022/10/11, 11:48:29.441, 3198670644517, vstest.console.dll, AssemblyResolver.OnResolve: Microsoft.Bcl.AsyncInterfaces: Assembly path does not exist: 'c:\program files\dotnet\sdk\6.0.302\Extensions\Microsoft.Bcl.AsyncInterfaces.dll', returning.
TpTrace Information: 0 : 21752, 1, 2022/10/11, 11:48:29.441, 3198670645442, vstest.console.dll, AssemblyResolver.OnResolve: Microsoft.Bcl.AsyncInterfaces: Assembly path does not exist: 'c:\program files\dotnet\sdk\6.0.302\Extensions\Microsoft.Bcl.AsyncInterfaces.exe', returning.
TpTrace Information: 0 : 21752, 1, 2022/10/11, 11:48:29.441, 3198670645858, vstest.console.dll, AssemblyResolver.OnResolve: Microsoft.Bcl.AsyncInterfaces: Searching in: 'c:\program files\dotnet\sdk\6.0.302'.
TpTrace Information: 0 : 21752, 1, 2022/10/11, 11:48:29.441, 3198670646635, vstest.console.dll, AssemblyResolver.OnResolve: Microsoft.Bcl.AsyncInterfaces: Assembly path does not exist: 'c:\program files\dotnet\sdk\6.0.302\Microsoft.Bcl.AsyncInterfaces.dll', returning.
TpTrace Information: 0 : 21752, 1, 2022/10/11, 11:48:29.442, 3198670647460, vstest.console.dll, AssemblyResolver.OnResolve: Microsoft.Bcl.AsyncInterfaces: Assembly path does not exist: 'c:\program files\dotnet\sdk\6.0.302\Microsoft.Bcl.AsyncInterfaces.exe', returning.
TpTrace Information: 0 : 21752, 1, 2022/10/11, 11:48:29.442, 3198670647956, vstest.console.dll, AssemblyResolver.OnResolve: Microsoft.Bcl.AsyncInterfaces: Failed to load assembly.
TpTrace Verbose: 0 : 21752, 1, 2022/10/11, 11:48:29.442, 3198670648433, vstest.console.dll, CurrentDomainAssemblyResolve: Resolving assembly 'Microsoft.Bcl.AsyncInterfaces'.
TpTrace Information: 0 : 21752, 1, 2022/10/11, 11:48:29.442, 3198670649106, vstest.console.dll, AssemblyResolver.OnResolve: Microsoft.Bcl.AsyncInterfaces: Resolving assembly.
TpTrace Information: 0 : 21752, 1, 2022/10/11, 11:48:29.442, 3198670649581, vstest.console.dll, AssemblyResolver.OnResolve: Microsoft.Bcl.AsyncInterfaces: Resolved from cache.
TpTrace Verbose: 0 : 21752, 1, 2022/10/11, 11:48:29.442, 3198670650161, vstest.console.dll, CurrentDomainAssemblyResolve: Resolving assembly 'Microsoft.Bcl.AsyncInterfaces'.
TpTrace Verbose: 0 : 21752, 1, 2022/10/11, 11:48:29.442, 3198670650843, vstest.console.dll, CurrentDomainAssemblyResolve: Failed to resolve assembly 'Microsoft.Bcl.AsyncInterfaces'.
TpTrace Verbose: 0 : 21752, 1, 2022/10/11, 11:48:29.442, 3198670655890, vstest.console.dll, CurrentDomainAssemblyResolve: Failed to resolve assembly 'Microsoft.Bcl.AsyncInterfaces'.
TpTrace Warning: 0 : 21752, 1, 2022/10/11, 11:48:29.456, 3198670796508, vstest.console.dll, TestPluginDiscoverer: Failed to get types from assembly 'Microsoft.Diagnostics.NETCore.Client, Version=0.2.5.801, Culture=neutral, PublicKeyToken=31bf3856ad364e35'. Error: System.Reflection.ReflectionTypeLoadException: Unable to load one or more of the requested types.
Could not load file or assembly 'Microsoft.Bcl.AsyncInterfaces, Version=1.0.0.0, Culture=neutral, PublicKeyToken=cc7b13ffcd2ddd51'. O sistema não pode encontrar o arquivo especificado.
   at System.Reflection.RuntimeModule.GetTypes(RuntimeModule module)
   at System.Reflection.Assembly.GetTypes()
   at Microsoft.VisualStudio.TestPlatform.Common.ExtensionFramework.TestPluginDiscoverer.GetTestExtensionsFromAssembly[TPluginInfo,TExtension](Assembly assembly, Dictionary`2 pluginInfos, String filePath)
System.IO.FileNotFoundException: Could not load file or assembly 'Microsoft.Bcl.AsyncInterfaces, Version=1.0.0.0, Culture=neutral, PublicKeyToken=cc7b13ffcd2ddd51'. O sistema não pode encontrar o arquivo especificado.
File name: 'Microsoft.Bcl.AsyncInterfaces, Version=1.0.0.0, Culture=neutral, PublicKeyToken=cc7b13ffcd2ddd51'
 ---> System.IO.FileNotFoundException: Could not load file or assembly 'Microsoft.Bcl.AsyncInterfaces, Culture=neutral, PublicKeyToken=null'. O sistema não pode encontrar o arquivo especificado.
File name: 'Microsoft.Bcl.AsyncInterfaces, Culture=neutral, PublicKeyToken=null'
   at System.Reflection.RuntimeAssembly.InternalLoad(ObjectHandleOnStack assemblyName, ObjectHandleOnStack requestingAssembly, StackCrawlMarkHandle stackMark, Boolean throwOnFileNotFound, ObjectHandleOnStack assemblyLoadContext, ObjectHandleOnStack retAssembly)
   at System.Reflection.RuntimeAssembly.InternalLoad(AssemblyName assemblyName, RuntimeAssembly requestingAssembly, StackCrawlMark& stackMark, Boolean throwOnFileNotFound, AssemblyLoadContext assemblyLoadContext)
   at System.Reflection.Assembly.Load(AssemblyName assemblyRef)
   at Microsoft.VisualStudio.TestPlatform.Common.ExtensionFramework.TestPluginCache.CurrentDomainAssemblyResolve(Object sender, AssemblyResolveEventArgs args)
   at Microsoft.VisualStudio.TestPlatform.PlatformAbstractions.PlatformAssemblyResolver.AssemblyResolverEvent(Object sender, Object eventArgs)
   at System.Runtime.Loader.AssemblyLoadContext.GetFirstResolvedAssemblyFromResolvingEvent(AssemblyName assemblyName)
   at System.Runtime.Loader.AssemblyLoadContext.ResolveUsingEvent(AssemblyName assemblyName)
   at System.Runtime.Loader.AssemblyLoadContext.ResolveUsingResolvingEvent(IntPtr gchManagedAssemblyLoadContext, AssemblyName assemblyName)
TpTrace Warning: 0 : 21752, 1, 2022/10/11, 11:48:29.457, 3198670799887, vstest.console.dll, LoaderExceptions: System.IO.FileNotFoundException: Could not load file or assembly 'Microsoft.Bcl.AsyncInterfaces, Version=1.0.0.0, Culture=neutral, PublicKeyToken=cc7b13ffcd2ddd51'. O sistema não pode encontrar o arquivo especificado.
File name: 'Microsoft.Bcl.AsyncInterfaces, Version=1.0.0.0, Culture=neutral, PublicKeyToken=cc7b13ffcd2ddd51'
 ---> System.IO.FileNotFoundException: Could not load file or assembly 'Microsoft.Bcl.AsyncInterfaces, Culture=neutral, PublicKeyToken=null'. O sistema não pode encontrar o arquivo especificado.
File name: 'Microsoft.Bcl.AsyncInterfaces, Culture=neutral, PublicKeyToken=null'
   at System.Reflection.RuntimeAssembly.InternalLoad(ObjectHandleOnStack assemblyName, ObjectHandleOnStack requestingAssembly, StackCrawlMarkHandle stackMark, Boolean throwOnFileNotFound, ObjectHandleOnStack assemblyLoadContext, ObjectHandleOnStack retAssembly)
   at System.Reflection.RuntimeAssembly.InternalLoad(AssemblyName assemblyName, RuntimeAssembly requestingAssembly, StackCrawlMark& stackMark, Boolean throwOnFileNotFound, AssemblyLoadContext assemblyLoadContext)
   at System.Reflection.Assembly.Load(AssemblyName assemblyRef)
   at Microsoft.VisualStudio.TestPlatform.Common.ExtensionFramework.TestPluginCache.CurrentDomainAssemblyResolve(Object sender, AssemblyResolveEventArgs args)
   at Microsoft.VisualStudio.TestPlatform.PlatformAbstractions.PlatformAssemblyResolver.AssemblyResolverEvent(Object sender, Object eventArgs)
   at System.Runtime.Loader.AssemblyLoadContext.GetFirstResolvedAssemblyFromResolvingEvent(AssemblyName assemblyName)
   at System.Runtime.Loader.AssemblyLoadContext.ResolveUsingEvent(AssemblyName assemblyName)
   at System.Runtime.Loader.AssemblyLoadContext.ResolveUsingResolvingEvent(IntPtr gchManagedAssemblyLoadContext, AssemblyName assemblyName)
TpTrace Information: 0 : 21752, 1, 2022/10/11, 11:48:29.457, 3198670801594, vstest.console.dll, AssemblyResolver.OnResolve: Microsoft.TestPlatform.Extensions.BlameDataCollector: Resolving assembly.
TpTrace Information: 0 : 21752, 1, 2022/10/11, 11:48:29.457, 3198670802192, vstest.console.dll, AssemblyResolver.OnResolve: Microsoft.TestPlatform.Extensions.BlameDataCollector: Searching in: 'c:\program files\dotnet\sdk\6.0.302\Extensions'.
TpTrace Information: 0 : 21752, 1, 2022/10/11, 11:48:29.458, 3198670807085, vstest.console.dll, AssemblyResolver.OnResolve: Microsoft.TestPlatform.Extensions.BlameDataCollector: Loading assembly 'c:\program files\dotnet\sdk\6.0.302\Extensions\Microsoft.TestPlatform.Extensions.BlameDataCollector.dll'.
TpTrace Information: 0 : 21752, 1, 2022/10/11, 11:48:29.459, 3198670817947, vstest.console.dll, AssemblyResolver.OnResolve: Resolved assembly: Microsoft.TestPlatform.Extensions.BlameDataCollector, from path: c:\program files\dotnet\sdk\6.0.302\Extensions\Microsoft.TestPlatform.Extensions.BlameDataCollector.dll
TpTrace Verbose: 0 : 21752, 1, 2022/10/11, 11:48:29.459, 3198670818921, vstest.console.dll, MetadataReaderExtensionsHelper: Discovering extensions inside assembly 'Microsoft.TestPlatform.Extensions.BlameDataCollector, Version=15.0.0.0, Culture=neutral, PublicKeyToken=b03f5f7f11d50a3a' file path 'c:\program files\dotnet\sdk\6.0.302\Extensions\Microsoft.TestPlatform.Extensions.BlameDataCollector.dll'
TpTrace Information: 0 : 21752, 1, 2022/10/11, 11:48:29.460, 3198670833944, vstest.console.dll, AssemblyResolver.OnResolve: Microsoft.TestPlatform.Extensions.EventLogCollector: Resolving assembly.
TpTrace Information: 0 : 21752, 1, 2022/10/11, 11:48:29.460, 3198670834698, vstest.console.dll, AssemblyResolver.OnResolve: Microsoft.TestPlatform.Extensions.EventLogCollector: Searching in: 'c:\program files\dotnet\sdk\6.0.302\Extensions'.
TpTrace Information: 0 : 21752, 1, 2022/10/11, 11:48:29.461, 3198670839814, vstest.console.dll, AssemblyResolver.OnResolve: Microsoft.TestPlatform.Extensions.EventLogCollector: Loading assembly 'c:\program files\dotnet\sdk\6.0.302\Extensions\Microsoft.TestPlatform.Extensions.EventLogCollector.dll'.
TpTrace Information: 0 : 21752, 1, 2022/10/11, 11:48:29.461, 3198670846644, vstest.console.dll, AssemblyResolver.OnResolve: Resolved assembly: Microsoft.TestPlatform.Extensions.EventLogCollector, from path: c:\program files\dotnet\sdk\6.0.302\Extensions\Microsoft.TestPlatform.Extensions.EventLogCollector.dll
TpTrace Verbose: 0 : 21752, 1, 2022/10/11, 11:48:29.462, 3198670847490, vstest.console.dll, MetadataReaderExtensionsHelper: Discovering extensions inside assembly 'Microsoft.TestPlatform.Extensions.EventLogCollector, Version=15.0.0.0, Culture=neutral, PublicKeyToken=b03f5f7f11d50a3a' file path 'c:\program files\dotnet\sdk\6.0.302\Extensions\Microsoft.TestPlatform.Extensions.EventLogCollector.dll'
TpTrace Information: 0 : 21752, 1, 2022/10/11, 11:48:29.463, 3198670864306, vstest.console.dll, AssemblyResolver.OnResolve: Microsoft.TestPlatform.TestHostRuntimeProvider: Resolving assembly.
TpTrace Information: 0 : 21752, 1, 2022/10/11, 11:48:29.463, 3198670865082, vstest.console.dll, AssemblyResolver.OnResolve: Microsoft.TestPlatform.TestHostRuntimeProvider: Searching in: 'c:\program files\dotnet\sdk\6.0.302\Extensions'.
TpTrace Information: 0 : 21752, 1, 2022/10/11, 11:48:29.464, 3198670869805, vstest.console.dll, AssemblyResolver.OnResolve: Microsoft.TestPlatform.TestHostRuntimeProvider: Loading assembly 'c:\program files\dotnet\sdk\6.0.302\Extensions\Microsoft.TestPlatform.TestHostRuntimeProvider.dll'.
TpTrace Information: 0 : 21752, 1, 2022/10/11, 11:48:29.465, 3198670880126, vstest.console.dll, AssemblyResolver.OnResolve: Resolved assembly: Microsoft.TestPlatform.TestHostRuntimeProvider, from path: c:\program files\dotnet\sdk\6.0.302\Extensions\Microsoft.TestPlatform.TestHostRuntimeProvider.dll
TpTrace Verbose: 0 : 21752, 1, 2022/10/11, 11:48:29.465, 3198670880981, vstest.console.dll, MetadataReaderExtensionsHelper: Discovering extensions inside assembly 'Microsoft.TestPlatform.TestHostRuntimeProvider, Version=15.0.0.0, Culture=neutral, PublicKeyToken=b03f5f7f11d50a3a' file path 'c:\program files\dotnet\sdk\6.0.302\Extensions\Microsoft.TestPlatform.TestHostRuntimeProvider.dll'
TpTrace Information: 0 : 21752, 1, 2022/10/11, 11:48:29.467, 3198670902748, vstest.console.dll, GetTestExtensionFromType: Register extension with identifier data 'HostProvider://DefaultTestHost' and type 'Microsoft.VisualStudio.TestPlatform.CrossPlatEngine.Hosting.DefaultTestHostManager, Microsoft.TestPlatform.TestHostRuntimeProvider, Version=15.0.0.0, Culture=neutral, PublicKeyToken=b03f5f7f11d50a3a' inside file 'c:\program files\dotnet\sdk\6.0.302\Extensions\Microsoft.TestPlatform.TestHostRuntimeProvider.dll'
TpTrace Information: 0 : 21752, 1, 2022/10/11, 11:48:29.467, 3198670903781, vstest.console.dll, GetTestExtensionFromType: Register extension with identifier data 'HostProvider://DotnetTestHost' and type 'Microsoft.VisualStudio.TestPlatform.CrossPlatEngine.Hosting.DotnetTestHostManager, Microsoft.TestPlatform.TestHostRuntimeProvider, Version=15.0.0.0, Culture=neutral, PublicKeyToken=b03f5f7f11d50a3a' inside file 'c:\program files\dotnet\sdk\6.0.302\Extensions\Microsoft.TestPlatform.TestHostRuntimeProvider.dll'
TpTrace Information: 0 : 21752, 1, 2022/10/11, 11:48:29.467, 3198670904977, vstest.console.dll, AssemblyResolver.OnResolve: Microsoft.VisualStudio.TestPlatform.Extensions.Html.TestLogger: Resolving assembly.
TpTrace Information: 0 : 21752, 1, 2022/10/11, 11:48:29.467, 3198670905484, vstest.console.dll, AssemblyResolver.OnResolve: Microsoft.VisualStudio.TestPlatform.Extensions.Html.TestLogger: Searching in: 'c:\program files\dotnet\sdk\6.0.302\Extensions'.
TpTrace Information: 0 : 21752, 1, 2022/10/11, 11:48:29.468, 3198670910619, vstest.console.dll, AssemblyResolver.OnResolve: Microsoft.VisualStudio.TestPlatform.Extensions.Html.TestLogger: Loading assembly 'c:\program files\dotnet\sdk\6.0.302\Extensions\Microsoft.VisualStudio.TestPlatform.Extensions.Html.TestLogger.dll'.
TpTrace Information: 0 : 21752, 1, 2022/10/11, 11:48:29.469, 3198670920972, vstest.console.dll, AssemblyResolver.OnResolve: Resolved assembly: Microsoft.VisualStudio.TestPlatform.Extensions.Html.TestLogger, from path: c:\program files\dotnet\sdk\6.0.302\Extensions\Microsoft.VisualStudio.TestPlatform.Extensions.Html.TestLogger.dll
TpTrace Verbose: 0 : 21752, 1, 2022/10/11, 11:48:29.469, 3198670921957, vstest.console.dll, MetadataReaderExtensionsHelper: Discovering extensions inside assembly 'Microsoft.VisualStudio.TestPlatform.Extensions.Html.TestLogger, Version=15.0.0.0, Culture=neutral, PublicKeyToken=b03f5f7f11d50a3a' file path 'c:\program files\dotnet\sdk\6.0.302\Extensions\Microsoft.VisualStudio.TestPlatform.Extensions.Html.TestLogger.dll'
TpTrace Information: 0 : 21752, 1, 2022/10/11, 11:48:29.470, 3198670929605, vstest.console.dll, AssemblyResolver.OnResolve: Microsoft.VisualStudio.TestPlatform.Extensions.Trx.TestLogger: Resolving assembly.
TpTrace Information: 0 : 21752, 1, 2022/10/11, 11:48:29.470, 3198670930475, vstest.console.dll, AssemblyResolver.OnResolve: Microsoft.VisualStudio.TestPlatform.Extensions.Trx.TestLogger: Searching in: 'c:\program files\dotnet\sdk\6.0.302\Extensions'.
TpTrace Information: 0 : 21752, 1, 2022/10/11, 11:48:29.470, 3198670935162, vstest.console.dll, AssemblyResolver.OnResolve: Microsoft.VisualStudio.TestPlatform.Extensions.Trx.TestLogger: Loading assembly 'c:\program files\dotnet\sdk\6.0.302\Extensions\Microsoft.VisualStudio.TestPlatform.Extensions.Trx.TestLogger.dll'.
TpTrace Information: 0 : 21752, 1, 2022/10/11, 11:48:29.471, 3198670945488, vstest.console.dll, AssemblyResolver.OnResolve: Resolved assembly: Microsoft.VisualStudio.TestPlatform.Extensions.Trx.TestLogger, from path: c:\program files\dotnet\sdk\6.0.302\Extensions\Microsoft.VisualStudio.TestPlatform.Extensions.Trx.TestLogger.dll
TpTrace Verbose: 0 : 21752, 1, 2022/10/11, 11:48:29.471, 3198670946319, vstest.console.dll, MetadataReaderExtensionsHelper: Discovering extensions inside assembly 'Microsoft.VisualStudio.TestPlatform.Extensions.Trx.TestLogger, Version=15.0.0.0, Culture=neutral, PublicKeyToken=b03f5f7f11d50a3a' file path 'c:\program files\dotnet\sdk\6.0.302\Extensions\Microsoft.VisualStudio.TestPlatform.Extensions.Trx.TestLogger.dll'
TpTrace Verbose: 0 : 21752, 1, 2022/10/11, 11:48:29.473, 3198670958767, vstest.console.dll, TestPluginCache: Discovered the extensions using extension path ''.
TpTrace Verbose: 0 : 21752, 1, 2022/10/11, 11:48:29.473, 3198670959520, vstest.console.dll, TestPluginCache: Discoverers are ''.
TpTrace Verbose: 0 : 21752, 1, 2022/10/11, 11:48:29.473, 3198670960017, vstest.console.dll, TestPluginCache: Executors are ''.
TpTrace Verbose: 0 : 21752, 1, 2022/10/11, 11:48:29.473, 3198670960373, vstest.console.dll, TestPluginCache: Executors2 are ''.
TpTrace Verbose: 0 : 21752, 1, 2022/10/11, 11:48:29.473, 3198670960700, vstest.console.dll, TestPluginCache: Setting providers are ''.
TpTrace Verbose: 0 : 21752, 1, 2022/10/11, 11:48:29.473, 3198670961023, vstest.console.dll, TestPluginCache: Loggers are ''.
TpTrace Verbose: 0 : 21752, 1, 2022/10/11, 11:48:29.473, 3198670963281, vstest.console.dll, TestPluginCache: TestHosts are 'HostProvider://DefaultTestHost,HostProvider://DotnetTestHost'.
TpTrace Verbose: 0 : 21752, 1, 2022/10/11, 11:48:29.473, 3198670963760, vstest.console.dll, TestPluginCache: DataCollectors are ''.
TpTrace Information: 0 : 21752, 1, 2022/10/11, 11:48:29.487, 3198671106445, vstest.console.dll, RunTestsArgumentProcessor:Execute: Test run is starting.
TpTrace Verbose: 0 : 21752, 1, 2022/10/11, 11:48:29.488, 3198671107185, vstest.console.dll, RunTestsArgumentProcessor:Execute: Queuing Test run.
TpTrace Information: 0 : 21752, 1, 2022/10/11, 11:48:29.488, 3198671109551, vstest.console.dll, TestRequestManager.RunTests: run tests started.
TpTrace Information: 0 : 21752, 1, 2022/10/11, 11:48:29.490, 3198671134024, vstest.console.dll, AssemblyMetadataProvider.GetFrameWork: Determined framework:'.NETCoreApp,Version=v3.1' for source: 'C:\Users\luisf\Desktop\Repositori B1 Dev\OrbitService\OrbitService\test\Envia-NFe-Test\bin\Debug\netcoreapp3.1\fine-code-coverage\build-output\OrbitService_Test.dll'
TpTrace Information: 0 : 21752, 1, 2022/10/11, 11:48:29.490, 3198671135525, vstest.console.dll, Determined framework for all sources: .NETCoreApp,Version=v3.1
TpTrace Verbose: 0 : 21752, 1, 2022/10/11, 11:48:29.491, 3198671139509, vstest.console.dll, TestRequestManager.UpdateRunSettingsIfRequired: Default architecture: X64 IsDefaultTargetArchitecture: True, Current process architecture: X64 OperatingSystem: Windows.
TpTrace Information: 0 : 21752, 1, 2022/10/11, 11:48:29.491, 3198671142529, vstest.console.dll, AssemblyMetadataProvider.GetArchitecture: Determined architecture:AnyCPU info for assembly: C:\Users\luisf\Desktop\Repositori B1 Dev\OrbitService\OrbitService\test\Envia-NFe-Test\bin\Debug\netcoreapp3.1\fine-code-coverage\build-output\OrbitService_Test.dll
TpTrace Information: 0 : 21752, 1, 2022/10/11, 11:48:29.491, 3198671143089, vstest.console.dll, Determined platform for source 'C:\Users\luisf\Desktop\Repositori B1 Dev\OrbitService\OrbitService\test\Envia-NFe-Test\bin\Debug\netcoreapp3.1\fine-code-coverage\build-output\OrbitService_Test.dll' is 'AnyCPU'
TpTrace Information: 0 : 21752, 1, 2022/10/11, 11:48:29.493, 3198671162866, vstest.console.dll, Determined platform for all sources: X64
TpTrace Information: 0 : 21752, 1, 2022/10/11, 11:48:29.493, 3198671163682, vstest.console.dll, Infered platform 'X64'.
TpTrace Information: 0 : 21752, 1, 2022/10/11, 11:48:29.493, 3198671164235, vstest.console.dll, Platform update to 'X64' required.
TpTrace Information: 0 : 21752, 1, 2022/10/11, 11:48:29.496, 3198671195641, vstest.console.dll, Compatible sources list: 
TpTrace Information: 0 : 21752, 1, 2022/10/11, 11:48:29.496, 3198671196452, vstest.console.dll, C:\Users\luisf\Desktop\Repositori B1 Dev\OrbitService\OrbitService\test\Envia-NFe-Test\bin\Debug\netcoreapp3.1\fine-code-coverage\build-output\OrbitService_Test.dll
TpTrace Information: 0 : 21752, 1, 2022/10/11, 11:48:29.499, 3198671225163, vstest.console.dll, InferRunSettingsHelper.IsTestSettingsEnabled: Unable to navigate to RunSettings/MSTest. Current node: RunSettings
TpTrace Information: 0 : 21752, 1, 2022/10/11, 11:48:29.500, 3198671232296, vstest.console.dll, AssemblyResolver.OnResolve: Microsoft.VisualStudio.TestPlatform.Fakes: Resolving assembly.
TpTrace Information: 0 : 21752, 1, 2022/10/11, 11:48:29.500, 3198671233073, vstest.console.dll, AssemblyResolver.OnResolve: Microsoft.VisualStudio.TestPlatform.Fakes: Searching in: 'c:\program files\dotnet\sdk\6.0.302\Extensions'.
TpTrace Information: 0 : 21752, 1, 2022/10/11, 11:48:29.500, 3198671234182, vstest.console.dll, AssemblyResolver.OnResolve: Microsoft.VisualStudio.TestPlatform.Fakes: Assembly path does not exist: 'c:\program files\dotnet\sdk\6.0.302\Extensions\Microsoft.VisualStudio.TestPlatform.Fakes.dll', returning.
TpTrace Information: 0 : 21752, 1, 2022/10/11, 11:48:29.500, 3198671235101, vstest.console.dll, AssemblyResolver.OnResolve: Microsoft.VisualStudio.TestPlatform.Fakes: Assembly path does not exist: 'c:\program files\dotnet\sdk\6.0.302\Extensions\Microsoft.VisualStudio.TestPlatform.Fakes.exe', returning.
TpTrace Information: 0 : 21752, 1, 2022/10/11, 11:48:29.500, 3198671235511, vstest.console.dll, AssemblyResolver.OnResolve: Microsoft.VisualStudio.TestPlatform.Fakes: Searching in: 'c:\program files\dotnet\sdk\6.0.302'.
TpTrace Information: 0 : 21752, 1, 2022/10/11, 11:48:29.500, 3198671236257, vstest.console.dll, AssemblyResolver.OnResolve: Microsoft.VisualStudio.TestPlatform.Fakes: Assembly path does not exist: 'c:\program files\dotnet\sdk\6.0.302\Microsoft.VisualStudio.TestPlatform.Fakes.dll', returning.
TpTrace Information: 0 : 21752, 1, 2022/10/11, 11:48:29.501, 3198671237063, vstest.console.dll, AssemblyResolver.OnResolve: Microsoft.VisualStudio.TestPlatform.Fakes: Assembly path does not exist: 'c:\program files\dotnet\sdk\6.0.302\Microsoft.VisualStudio.TestPlatform.Fakes.exe', returning.
TpTrace Information: 0 : 21752, 1, 2022/10/11, 11:48:29.501, 3198671237520, vstest.console.dll, AssemblyResolver.OnResolve: Microsoft.VisualStudio.TestPlatform.Fakes: Failed to load assembly.
TpTrace Information: 0 : 21752, 1, 2022/10/11, 11:48:29.501, 3198671240132, vstest.console.dll, Failed to load assembly Microsoft.VisualStudio.TestPlatform.Fakes, Version=17.0.0.0, Culture=neutral. Reason:System.IO.FileNotFoundException: Could not load file or assembly 'Microsoft.VisualStudio.TestPlatform.Fakes, Version=17.0.0.0, Culture=neutral, PublicKeyToken=null'. O sistema não pode encontrar o arquivo especificado.
File name: 'Microsoft.VisualStudio.TestPlatform.Fakes, Version=17.0.0.0, Culture=neutral, PublicKeyToken=null'
   at System.Reflection.RuntimeAssembly.InternalLoad(ObjectHandleOnStack assemblyName, ObjectHandleOnStack requestingAssembly, StackCrawlMarkHandle stackMark, Boolean throwOnFileNotFound, ObjectHandleOnStack assemblyLoadContext, ObjectHandleOnStack retAssembly)
   at System.Reflection.RuntimeAssembly.InternalLoad(AssemblyName assemblyName, RuntimeAssembly requestingAssembly, StackCrawlMark& stackMark, Boolean throwOnFileNotFound, AssemblyLoadContext assemblyLoadContext)
   at System.Reflection.Assembly.Load(AssemblyName assemblyRef)
   at Microsoft.VisualStudio.TestPlatform.Common.Utilities.FakesUtilities.LoadTestPlatformAssembly()
TpTrace Verbose: 0 : 21752, 1, 2022/10/11, 11:48:29.505, 3198671280613, vstest.console.dll, TestPluginCache.DiscoverTestExtensions: finding test extensions in assemblies ends with: TestLogger.dll TPluginInfo: Microsoft.VisualStudio.TestPlatform.Common.ExtensionFramework.Utilities.TestLoggerPluginInformation TExtension: Microsoft.VisualStudio.TestPlatform.ObjectModel.Client.ITestLogger
TpTrace Verbose: 0 : 21752, 1, 2022/10/11, 11:48:29.505, 3198671281571, vstest.console.dll, TestPluginCache.GetExtensionPaths: Filtered extension paths: 
TpTrace Verbose: 0 : 21752, 1, 2022/10/11, 11:48:29.505, 3198671282072, vstest.console.dll, TestPluginCache.GetExtensionPaths: Added default extension paths: c:\program files\dotnet\sdk\6.0.302\Extensions\DumpMinitool.exe
c:\program files\dotnet\sdk\6.0.302\Extensions\DumpMinitool.x86.exe
c:\program files\dotnet\sdk\6.0.302\Extensions\Microsoft.Diagnostics.NETCore.Client.dll
c:\program files\dotnet\sdk\6.0.302\Extensions\Microsoft.TestPlatform.Extensions.BlameDataCollector.dll
c:\program files\dotnet\sdk\6.0.302\Extensions\Microsoft.TestPlatform.Extensions.EventLogCollector.dll
c:\program files\dotnet\sdk\6.0.302\Extensions\Microsoft.TestPlatform.TestHostRuntimeProvider.dll
c:\program files\dotnet\sdk\6.0.302\Extensions\Microsoft.VisualStudio.TestPlatform.Extensions.Html.TestLogger.dll
c:\program files\dotnet\sdk\6.0.302\Extensions\Microsoft.VisualStudio.TestPlatform.Extensions.Trx.TestLogger.dll
TpTrace Verbose: 0 : 21752, 1, 2022/10/11, 11:48:29.505, 3198671282576, vstest.console.dll, TestPluginCache.GetExtensionPaths: Added unfilterableExtensionPaths: 
TpTrace Information: 0 : 21752, 1, 2022/10/11, 11:48:29.505, 3198671284169, vstest.console.dll, AssemblyResolver.AddSearchDirectories: Adding more searchDirectories c:\program files\dotnet\sdk\6.0.302\Extensions,c:\program files\dotnet\sdk\6.0.302
TpTrace Verbose: 0 : 21752, 1, 2022/10/11, 11:48:29.505, 3198671284731, vstest.console.dll, TestPluginCache.DiscoverTestExtensions: Discovering the extensions using extension path.
TpTrace Verbose: 0 : 21752, 1, 2022/10/11, 11:48:29.505, 3198671285279, vstest.console.dll, TestPluginCache.GetExtensionPaths: Filtered extension paths: 
TpTrace Verbose: 0 : 21752, 1, 2022/10/11, 11:48:29.505, 3198671285651, vstest.console.dll, TestPluginCache.GetExtensionPaths: Added default extension paths: c:\program files\dotnet\sdk\6.0.302\Extensions\DumpMinitool.exe
c:\program files\dotnet\sdk\6.0.302\Extensions\DumpMinitool.x86.exe
c:\program files\dotnet\sdk\6.0.302\Extensions\Microsoft.Diagnostics.NETCore.Client.dll
c:\program files\dotnet\sdk\6.0.302\Extensions\Microsoft.TestPlatform.Extensions.BlameDataCollector.dll
c:\program files\dotnet\sdk\6.0.302\Extensions\Microsoft.TestPlatform.Extensions.EventLogCollector.dll
c:\program files\dotnet\sdk\6.0.302\Extensions\Microsoft.TestPlatform.TestHostRuntimeProvider.dll
c:\program files\dotnet\sdk\6.0.302\Extensions\Microsoft.VisualStudio.TestPlatform.Extensions.Html.TestLogger.dll
c:\program files\dotnet\sdk\6.0.302\Extensions\Microsoft.VisualStudio.TestPlatform.Extensions.Trx.TestLogger.dll
TpTrace Verbose: 0 : 21752, 1, 2022/10/11, 11:48:29.505, 3198671286131, vstest.console.dll, TestPluginCache.GetExtensionPaths: Added unfilterableExtensionPaths: 
TpTrace Verbose: 0 : 21752, 1, 2022/10/11, 11:48:29.505, 3198671286548, vstest.console.dll, TestPluginCache.DiscoverTestExtensions: Discovering the extensions using allExtensionPaths: c:\program files\dotnet\sdk\6.0.302\Extensions\DumpMinitool.exe
c:\program files\dotnet\sdk\6.0.302\Extensions\DumpMinitool.x86.exe
c:\program files\dotnet\sdk\6.0.302\Extensions\Microsoft.Diagnostics.NETCore.Client.dll
c:\program files\dotnet\sdk\6.0.302\Extensions\Microsoft.TestPlatform.Extensions.BlameDataCollector.dll
c:\program files\dotnet\sdk\6.0.302\Extensions\Microsoft.TestPlatform.Extensions.EventLogCollector.dll
c:\program files\dotnet\sdk\6.0.302\Extensions\Microsoft.TestPlatform.TestHostRuntimeProvider.dll
c:\program files\dotnet\sdk\6.0.302\Extensions\Microsoft.VisualStudio.TestPlatform.Extensions.Html.TestLogger.dll
c:\program files\dotnet\sdk\6.0.302\Extensions\Microsoft.VisualStudio.TestPlatform.Extensions.Trx.TestLogger.dll
TpTrace Information: 0 : 21752, 1, 2022/10/11, 11:48:29.506, 3198671287187, vstest.console.dll, AssemblyResolver.AddSearchDirectories: Adding more searchDirectories c:\program files\dotnet\sdk\6.0.302\Extensions,c:\program files\dotnet\sdk\6.0.302
TpTrace Information: 0 : 21752, 1, 2022/10/11, 11:48:29.506, 3198671287628, vstest.console.dll, AssemblyResolver.AddSearchDirectories: Adding more searchDirectories c:\program files\dotnet\sdk\6.0.302\Extensions,c:\program files\dotnet\sdk\6.0.302
TpTrace Information: 0 : 21752, 1, 2022/10/11, 11:48:29.506, 3198671288004, vstest.console.dll, AssemblyResolver.AddSearchDirectories: Adding more searchDirectories c:\program files\dotnet\sdk\6.0.302\Extensions,c:\program files\dotnet\sdk\6.0.302
TpTrace Information: 0 : 21752, 1, 2022/10/11, 11:48:29.506, 3198671288467, vstest.console.dll, AssemblyResolver.AddSearchDirectories: Adding more searchDirectories c:\program files\dotnet\sdk\6.0.302\Extensions,c:\program files\dotnet\sdk\6.0.302
TpTrace Information: 0 : 21752, 1, 2022/10/11, 11:48:29.506, 3198671288829, vstest.console.dll, AssemblyResolver.AddSearchDirectories: Adding more searchDirectories c:\program files\dotnet\sdk\6.0.302\Extensions,c:\program files\dotnet\sdk\6.0.302
TpTrace Information: 0 : 21752, 1, 2022/10/11, 11:48:29.506, 3198671289184, vstest.console.dll, AssemblyResolver.AddSearchDirectories: Adding more searchDirectories c:\program files\dotnet\sdk\6.0.302\Extensions,c:\program files\dotnet\sdk\6.0.302
TpTrace Information: 0 : 21752, 1, 2022/10/11, 11:48:29.506, 3198671289775, vstest.console.dll, AssemblyResolver.AddSearchDirectories: Adding more searchDirectories c:\program files\dotnet\sdk\6.0.302\Extensions,c:\program files\dotnet\sdk\6.0.302
TpTrace Information: 0 : 21752, 1, 2022/10/11, 11:48:29.506, 3198671290374, vstest.console.dll, AssemblyResolver.AddSearchDirectories: Adding more searchDirectories c:\program files\dotnet\sdk\6.0.302\Extensions,c:\program files\dotnet\sdk\6.0.302
TpTrace Verbose: 0 : 21752, 1, 2022/10/11, 11:48:29.506, 3198671291915, vstest.console.dll, MetadataReaderExtensionsHelper: Discovering extensions inside assembly 'DumpMinitool, Version=15.0.0.0, Culture=neutral, PublicKeyToken=b03f5f7f11d50a3a' file path 'c:\program files\dotnet\sdk\6.0.302\Extensions\DumpMinitool.exe'
TpTrace Verbose: 0 : 21752, 1, 2022/10/11, 11:48:29.507, 3198671297325, vstest.console.dll, MetadataReaderExtensionsHelper: Discovering extensions inside assembly 'DumpMinitool.x86, Version=15.0.0.0, Culture=neutral, PublicKeyToken=b03f5f7f11d50a3a' file path 'c:\program files\dotnet\sdk\6.0.302\Extensions\DumpMinitool.x86.exe'
TpTrace Verbose: 0 : 21752, 1, 2022/10/11, 11:48:29.507, 3198671303017, vstest.console.dll, MetadataReaderExtensionsHelper: Discovering extensions inside assembly 'Microsoft.Diagnostics.NETCore.Client, Version=0.2.5.801, Culture=neutral, PublicKeyToken=31bf3856ad364e35' file path 'c:\program files\dotnet\sdk\6.0.302\Extensions\Microsoft.Diagnostics.NETCore.Client.dll'
TpTrace Information: 0 : 21752, 1, 2022/10/11, 11:48:29.508, 3198671309502, vstest.console.dll, AssemblyResolver.OnResolve: Microsoft.Bcl.AsyncInterfaces: Resolving assembly.
TpTrace Information: 0 : 21752, 1, 2022/10/11, 11:48:29.508, 3198671310392, vstest.console.dll, AssemblyResolver.OnResolve: Microsoft.Bcl.AsyncInterfaces: Resolved from cache.
TpTrace Verbose: 0 : 21752, 1, 2022/10/11, 11:48:29.508, 3198671310913, vstest.console.dll, CurrentDomainAssemblyResolve: Resolving assembly 'Microsoft.Bcl.AsyncInterfaces'.
TpTrace Information: 0 : 21752, 1, 2022/10/11, 11:48:29.508, 3198671311531, vstest.console.dll, AssemblyResolver.OnResolve: Microsoft.Bcl.AsyncInterfaces: Resolving assembly.
TpTrace Information: 0 : 21752, 1, 2022/10/11, 11:48:29.508, 3198671311958, vstest.console.dll, AssemblyResolver.OnResolve: Microsoft.Bcl.AsyncInterfaces: Resolved from cache.
TpTrace Verbose: 0 : 21752, 1, 2022/10/11, 11:48:29.508, 3198671312357, vstest.console.dll, CurrentDomainAssemblyResolve: Resolving assembly 'Microsoft.Bcl.AsyncInterfaces'.
TpTrace Verbose: 0 : 21752, 1, 2022/10/11, 11:48:29.508, 3198671312820, vstest.console.dll, CurrentDomainAssemblyResolve: Failed to resolve assembly 'Microsoft.Bcl.AsyncInterfaces'.
TpTrace Verbose: 0 : 21752, 1, 2022/10/11, 11:48:29.508, 3198671314627, vstest.console.dll, CurrentDomainAssemblyResolve: Failed to resolve assembly 'Microsoft.Bcl.AsyncInterfaces'.
TpTrace Warning: 0 : 21752, 1, 2022/10/11, 11:48:29.509, 3198671318884, vstest.console.dll, TestPluginDiscoverer: Failed to get types from assembly 'Microsoft.Diagnostics.NETCore.Client, Version=0.2.5.801, Culture=neutral, PublicKeyToken=31bf3856ad364e35'. Error: System.Reflection.ReflectionTypeLoadException: Unable to load one or more of the requested types.
Could not load file or assembly 'Microsoft.Bcl.AsyncInterfaces, Version=1.0.0.0, Culture=neutral, PublicKeyToken=cc7b13ffcd2ddd51'. O sistema não pode encontrar o arquivo especificado.
   at System.Reflection.RuntimeModule.GetTypes(RuntimeModule module)
   at System.Reflection.Assembly.GetTypes()
   at Microsoft.VisualStudio.TestPlatform.Common.ExtensionFramework.TestPluginDiscoverer.GetTestExtensionsFromAssembly[TPluginInfo,TExtension](Assembly assembly, Dictionary`2 pluginInfos, String filePath)
System.IO.FileNotFoundException: Could not load file or assembly 'Microsoft.Bcl.AsyncInterfaces, Version=1.0.0.0, Culture=neutral, PublicKeyToken=cc7b13ffcd2ddd51'. O sistema não pode encontrar o arquivo especificado.
File name: 'Microsoft.Bcl.AsyncInterfaces, Version=1.0.0.0, Culture=neutral, PublicKeyToken=cc7b13ffcd2ddd51'
 ---> System.IO.FileNotFoundException: Could not load file or assembly 'Microsoft.Bcl.AsyncInterfaces, Culture=neutral, PublicKeyToken=null'. O sistema não pode encontrar o arquivo especificado.
File name: 'Microsoft.Bcl.AsyncInterfaces, Culture=neutral, PublicKeyToken=null'
   at System.Reflection.RuntimeAssembly.InternalLoad(ObjectHandleOnStack assemblyName, ObjectHandleOnStack requestingAssembly, StackCrawlMarkHandle stackMark, Boolean throwOnFileNotFound, ObjectHandleOnStack assemblyLoadContext, ObjectHandleOnStack retAssembly)
   at System.Reflection.RuntimeAssembly.InternalLoad(AssemblyName assemblyName, RuntimeAssembly requestingAssembly, StackCrawlMark& stackMark, Boolean throwOnFileNotFound, AssemblyLoadContext assemblyLoadContext)
   at System.Reflection.Assembly.Load(AssemblyName assemblyRef)
   at Microsoft.VisualStudio.TestPlatform.Common.ExtensionFramework.TestPluginCache.CurrentDomainAssemblyResolve(Object sender, AssemblyResolveEventArgs args)
   at Microsoft.VisualStudio.TestPlatform.PlatformAbstractions.PlatformAssemblyResolver.AssemblyResolverEvent(Object sender, Object eventArgs)
   at System.Runtime.Loader.AssemblyLoadContext.GetFirstResolvedAssemblyFromResolvingEvent(AssemblyName assemblyName)
   at System.Runtime.Loader.AssemblyLoadContext.ResolveUsingEvent(AssemblyName assemblyName)
   at System.Runtime.Loader.AssemblyLoadContext.ResolveUsingResolvingEvent(IntPtr gchManagedAssemblyLoadContext, AssemblyName assemblyName)
TpTrace Warning: 0 : 21752, 1, 2022/10/11, 11:48:29.509, 3198671321358, vstest.console.dll, LoaderExceptions: System.IO.FileNotFoundException: Could not load file or assembly 'Microsoft.Bcl.AsyncInterfaces, Version=1.0.0.0, Culture=neutral, PublicKeyToken=cc7b13ffcd2ddd51'. O sistema não pode encontrar o arquivo especificado.
File name: 'Microsoft.Bcl.AsyncInterfaces, Version=1.0.0.0, Culture=neutral, PublicKeyToken=cc7b13ffcd2ddd51'
 ---> System.IO.FileNotFoundException: Could not load file or assembly 'Microsoft.Bcl.AsyncInterfaces, Culture=neutral, PublicKeyToken=null'. O sistema não pode encontrar o arquivo especificado.
File name: 'Microsoft.Bcl.AsyncInterfaces, Culture=neutral, PublicKeyToken=null'
   at System.Reflection.RuntimeAssembly.InternalLoad(ObjectHandleOnStack assemblyName, ObjectHandleOnStack requestingAssembly, StackCrawlMarkHandle stackMark, Boolean throwOnFileNotFound, ObjectHandleOnStack assemblyLoadContext, ObjectHandleOnStack retAssembly)
   at System.Reflection.RuntimeAssembly.InternalLoad(AssemblyName assemblyName, RuntimeAssembly requestingAssembly, StackCrawlMark& stackMark, Boolean throwOnFileNotFound, AssemblyLoadContext assemblyLoadContext)
   at System.Reflection.Assembly.Load(AssemblyName assemblyRef)
   at Microsoft.VisualStudio.TestPlatform.Common.ExtensionFramework.TestPluginCache.CurrentDomainAssemblyResolve(Object sender, AssemblyResolveEventArgs args)
   at Microsoft.VisualStudio.TestPlatform.PlatformAbstractions.PlatformAssemblyResolver.AssemblyResolverEvent(Object sender, Object eventArgs)
   at System.Runtime.Loader.AssemblyLoadContext.GetFirstResolvedAssemblyFromResolvingEvent(AssemblyName assemblyName)
   at System.Runtime.Loader.AssemblyLoadContext.ResolveUsingEvent(AssemblyName assemblyName)
   at System.Runtime.Loader.AssemblyLoadContext.ResolveUsingResolvingEvent(IntPtr gchManagedAssemblyLoadContext, AssemblyName assemblyName)
TpTrace Verbose: 0 : 21752, 1, 2022/10/11, 11:48:29.509, 3198671322741, vstest.console.dll, MetadataReaderExtensionsHelper: Discovering extensions inside assembly 'Microsoft.TestPlatform.Extensions.BlameDataCollector, Version=15.0.0.0, Culture=neutral, PublicKeyToken=b03f5f7f11d50a3a' file path 'c:\program files\dotnet\sdk\6.0.302\Extensions\Microsoft.TestPlatform.Extensions.BlameDataCollector.dll'
TpTrace Information: 0 : 21752, 1, 2022/10/11, 11:48:29.510, 3198671329115, vstest.console.dll, GetTestExtensionFromType: Register extension with identifier data 'logger://Microsoft/TestPlatform/Extensions/Blame/v1' and type 'Microsoft.TestPlatform.Extensions.BlameDataCollector.BlameLogger, Microsoft.TestPlatform.Extensions.BlameDataCollector, Version=15.0.0.0, Culture=neutral, PublicKeyToken=b03f5f7f11d50a3a' inside file 'c:\program files\dotnet\sdk\6.0.302\Extensions\Microsoft.TestPlatform.Extensions.BlameDataCollector.dll'
TpTrace Verbose: 0 : 21752, 1, 2022/10/11, 11:48:29.510, 3198671329951, vstest.console.dll, MetadataReaderExtensionsHelper: Discovering extensions inside assembly 'Microsoft.TestPlatform.Extensions.EventLogCollector, Version=15.0.0.0, Culture=neutral, PublicKeyToken=b03f5f7f11d50a3a' file path 'c:\program files\dotnet\sdk\6.0.302\Extensions\Microsoft.TestPlatform.Extensions.EventLogCollector.dll'
TpTrace Verbose: 0 : 21752, 1, 2022/10/11, 11:48:29.510, 3198671335689, vstest.console.dll, MetadataReaderExtensionsHelper: Discovering extensions inside assembly 'Microsoft.TestPlatform.TestHostRuntimeProvider, Version=15.0.0.0, Culture=neutral, PublicKeyToken=b03f5f7f11d50a3a' file path 'c:\program files\dotnet\sdk\6.0.302\Extensions\Microsoft.TestPlatform.TestHostRuntimeProvider.dll'
TpTrace Verbose: 0 : 21752, 1, 2022/10/11, 11:48:29.511, 3198671341181, vstest.console.dll, MetadataReaderExtensionsHelper: Discovering extensions inside assembly 'Microsoft.VisualStudio.TestPlatform.Extensions.Html.TestLogger, Version=15.0.0.0, Culture=neutral, PublicKeyToken=b03f5f7f11d50a3a' file path 'c:\program files\dotnet\sdk\6.0.302\Extensions\Microsoft.VisualStudio.TestPlatform.Extensions.Html.TestLogger.dll'
TpTrace Information: 0 : 21752, 1, 2022/10/11, 11:48:29.511, 3198671345945, vstest.console.dll, GetTestExtensionFromType: Register extension with identifier data 'logger://Microsoft/TestPlatform/HtmlLogger/v1' and type 'Microsoft.VisualStudio.TestPlatform.Extensions.HtmlLogger.HtmlLogger, Microsoft.VisualStudio.TestPlatform.Extensions.Html.TestLogger, Version=15.0.0.0, Culture=neutral, PublicKeyToken=b03f5f7f11d50a3a' inside file 'c:\program files\dotnet\sdk\6.0.302\Extensions\Microsoft.VisualStudio.TestPlatform.Extensions.Html.TestLogger.dll'
TpTrace Verbose: 0 : 21752, 1, 2022/10/11, 11:48:29.512, 3198671346753, vstest.console.dll, MetadataReaderExtensionsHelper: Discovering extensions inside assembly 'Microsoft.VisualStudio.TestPlatform.Extensions.Trx.TestLogger, Version=15.0.0.0, Culture=neutral, PublicKeyToken=b03f5f7f11d50a3a' file path 'c:\program files\dotnet\sdk\6.0.302\Extensions\Microsoft.VisualStudio.TestPlatform.Extensions.Trx.TestLogger.dll'
TpTrace Information: 0 : 21752, 1, 2022/10/11, 11:48:29.512, 3198671352410, vstest.console.dll, GetTestExtensionFromType: Register extension with identifier data 'logger://Microsoft/TestPlatform/TrxLogger/v1' and type 'Microsoft.VisualStudio.TestPlatform.Extensions.TrxLogger.TrxLogger, Microsoft.VisualStudio.TestPlatform.Extensions.Trx.TestLogger, Version=15.0.0.0, Culture=neutral, PublicKeyToken=b03f5f7f11d50a3a' inside file 'c:\program files\dotnet\sdk\6.0.302\Extensions\Microsoft.VisualStudio.TestPlatform.Extensions.Trx.TestLogger.dll'
TpTrace Verbose: 0 : 21752, 1, 2022/10/11, 11:48:29.512, 3198671353281, vstest.console.dll, TestPluginCache: Discovered the extensions using extension path ''.
TpTrace Verbose: 0 : 21752, 1, 2022/10/11, 11:48:29.512, 3198671353726, vstest.console.dll, TestPluginCache: Discoverers are ''.
TpTrace Verbose: 0 : 21752, 1, 2022/10/11, 11:48:29.512, 3198671354180, vstest.console.dll, TestPluginCache: Executors are ''.
TpTrace Verbose: 0 : 21752, 1, 2022/10/11, 11:48:29.512, 3198671354494, vstest.console.dll, TestPluginCache: Executors2 are ''.
TpTrace Verbose: 0 : 21752, 1, 2022/10/11, 11:48:29.512, 3198671354922, vstest.console.dll, TestPluginCache: Setting providers are ''.
TpTrace Verbose: 0 : 21752, 1, 2022/10/11, 11:48:29.512, 3198671355967, vstest.console.dll, TestPluginCache: Loggers are 'logger://Microsoft/TestPlatform/Extensions/Blame/v1,logger://Microsoft/TestPlatform/HtmlLogger/v1,logger://Microsoft/TestPlatform/TrxLogger/v1'.
TpTrace Verbose: 0 : 21752, 1, 2022/10/11, 11:48:29.513, 3198671356836, vstest.console.dll, TestPluginCache: TestHosts are 'HostProvider://DefaultTestHost,HostProvider://DotnetTestHost'.
TpTrace Verbose: 0 : 21752, 1, 2022/10/11, 11:48:29.513, 3198671357223, vstest.console.dll, TestPluginCache: DataCollectors are ''.
TpTrace Information: 0 : 21752, 1, 2022/10/11, 11:48:29.513, 3198671365356, vstest.console.dll, TestPluginManager.CreateTestExtension: Attempting to load test extension: Microsoft.TestPlatform.Extensions.BlameDataCollector.BlameLogger
TpTrace Information: 0 : 21752, 1, 2022/10/11, 11:48:29.519, 3198671422599, vstest.console.dll, TestPluginManager.CreateTestExtension: Attempting to load test extension: Microsoft.VisualStudio.TestPlatform.CrossPlatEngine.Hosting.DefaultTestHostManager
TpTrace Information: 0 : 21752, 1, 2022/10/11, 11:48:29.521, 3198671438913, vstest.console.dll, TestPluginManager.CreateTestExtension: Attempting to load test extension: Microsoft.VisualStudio.TestPlatform.CrossPlatEngine.Hosting.DotnetTestHostManager
TpTrace Verbose: 0 : 21752, 1, 2022/10/11, 11:48:29.521, 3198671445425, vstest.console.dll, TestEngine: Initializing Parallel Execution as MaxCpuCount is set to: 1
TpTrace Information: 0 : 21752, 1, 2022/10/11, 11:48:29.522, 3198671451825, vstest.console.dll, InferRunSettingsHelper.IsTestSettingsEnabled: Unable to navigate to RunSettings/MSTest. Current node: RunSettings
TpTrace Verbose: 0 : 21752, 1, 2022/10/11, 11:48:29.523, 3198671465528, vstest.console.dll, TestRequestSender is acting as server.
TpTrace Verbose: 0 : 21752, 1, 2022/10/11, 11:48:29.525, 3198671478866, vstest.console.dll, TestEngine.GetExecutionManager: Chosen execution manager 'Microsoft.VisualStudio.TestPlatform.CrossPlatEngine.Client.Parallel.ParallelProxyExecutionManager, Microsoft.TestPlatform.CrossPlatEngine, Version=15.0.0.0, Culture=neutral, PublicKeyToken=b03f5f7f11d50a3a' ParallelLevel '1' Shared host 'False'
TpTrace Verbose: 0 : 21752, 5, 2022/10/11, 11:48:29.528, 3198671513610, vstest.console.dll, DataCollectionRequestSender.InitializeCommunication : Initialize communication. 
TpTrace Information: 0 : 21752, 5, 2022/10/11, 11:48:29.537, 3198671599241, vstest.console.dll, Listening on Endpoint : 127.0.0.1:53359
TpTrace Verbose: 0 : 21752, 5, 2022/10/11, 11:48:29.546, 3198671687120, vstest.console.dll, DotnetDataCollectionLauncher: Full path of dotnet.exe is c:\program files\dotnet\dotnet.exe
TpTrace Verbose: 0 : 21752, 5, 2022/10/11, 11:48:29.546, 3198671688878, vstest.console.dll, DotnetDataCollectionLauncher: Adding  --runtimeconfig "c:\program files\dotnet\sdk\6.0.302\datacollector.runtimeconfig.json" in args
TpTrace Verbose: 0 : 21752, 5, 2022/10/11, 11:48:29.546, 3198671690043, vstest.console.dll, DotnetDataCollectionLauncher: Adding  --depsfile "c:\program files\dotnet\sdk\6.0.302\datacollector.deps.json" in args
TpTrace Information: 0 : 21752, 5, 2022/10/11, 11:48:29.555, 3198671784510, vstest.console.dll, ProxyDataCollectionManager.Initialize: Launched datacollector processId: 11832 port: 53359
TpTrace Information: 0 : 21752, 5, 2022/10/11, 11:48:29.555, 3198671785800, vstest.console.dll, ProxyDataCollectionManager.Initialize: waiting for connection with timeout: 90 seconds
TpTrace Verbose: 0 : 21752, 5, 2022/10/11, 11:48:29.555, 3198671786482, vstest.console.dll, DataCollectionRequestSender.WaitForRequestHandlerConnection : Waiting for connection with timeout: 90000
TpTrace Information: 0 : 21752, 8, 2022/10/11, 11:48:29.742, 3198673647410, vstest.console.dll, Using the buffer size of 16384 bytes
TpTrace Verbose: 0 : 21752, 5, 2022/10/11, 11:48:29.742, 3198673647891, vstest.console.dll, SocketCommunicationManager.WaitForClientConnection took: 186 ms, with 90000 ms timeout, and finished with True.
TpTrace Information: 0 : 21752, 8, 2022/10/11, 11:48:29.742, 3198673649310, vstest.console.dll, Accepted Client request and set the flag
TpTrace Verbose: 0 : 21752, 5, 2022/10/11, 11:48:29.742, 3198673649883, vstest.console.dll, ProxyDataCollectionManager.InvokeDataCollectionServiceAction: Starting.
TpTrace Information: 0 : 21752, 5, 2022/10/11, 11:48:29.742, 3198673651211, vstest.console.dll, ProxyDataCollectionManager.BeforeTestRunStart: Get environment variable and port for datacollector processId: 11832 port: 53359
TpTrace Verbose: 0 : 21752, 5, 2022/10/11, 11:48:29.742, 3198673652724, vstest.console.dll, DataCollectionRequestSender.SendBeforeTestRunStartAndGetResult: Send BeforeTestRunStart message with settingsXml <RunSettings><RunConfiguration><ResultsDirectory>C:\Users\luisf\Desktop\Repositori B1 Dev\OrbitService\OrbitService\test\Envia-NFe-Test\bin\Debug\netcoreapp3.1\fine-code-coverage\coverage-tool-output</ResultsDirectory><TargetPlatform>X64</TargetPlatform><TargetFrameworkVersion>.NETCoreApp,Version=v3.1</TargetFrameworkVersion><DesignMode>False</DesignMode><CollectSourceInformation>False</CollectSourceInformation><TestAdaptersPaths>c:\program files\dotnet\sdk\6.0.302\Extensions</TestAdaptersPaths></RunConfiguration><LoggerRunSettings><Loggers><Logger friendlyName="blame" enabled="True" /><Logger friendlyName="Console" uri="logger://microsoft/TestPlatform/ConsoleLogger/v1" assemblyQualifiedName="Microsoft.VisualStudio.TestPlatform.CommandLine.Internal.ConsoleLogger, vstest.console, Version=15.0.0.0, Culture=neutral, PublicKeyToken=b03f5f7f11d50a3a" codeBase="c:\program files\dotnet\sdk\6.0.302\vstest.console.dll" enabled="True" /></Loggers></LoggerRunSettings><DataCollectionRunSettings><DataCollectors><DataCollector friendlyName="blame" enabled="True"><Configuration><ResultsDirectory>C:\Users\luisf\Desktop\Repositori B1 Dev\OrbitService\OrbitService\test\Envia-NFe-Test\bin\Debug\netcoreapp3.1\fine-code-coverage\coverage-tool-output</ResultsDirectory></Configuration></DataCollector></DataCollectors></DataCollectionRunSettings></RunSettings> and sources System.Linq.Enumerable+Concat2Iterator`1[System.String]: 
TpTrace Verbose: 0 : 21752, 5, 2022/10/11, 11:48:29.828, 3198674512465, vstest.console.dll, DataCollectionRequestSender.SendBeforeTestRunStartAndGetResult: Received message: (DataCollection.SendMessage) -> {
  "FriendlyName": null,
  "Uri": null,
  "TestCaseId": "00000000-0000-0000-0000-000000000000",
  "Message": "Logging DataCollector Diagnostics in file: C:\\Users\\luisf\\Desktop\\Repositori B1 Dev\\OrbitService\\OrbitService\\test\\Envia-NFe-Test\\bin\\Debug\\netcoreapp3.1\\fine-code-coverage\\coverage-tool-output\\diagnostics.datacollector.22-10-11_11-48-29_54569_5.log",
  "Level": 0
}
TpTrace Verbose: 0 : 21752, 5, 2022/10/11, 11:48:29.930, 3198675527588, vstest.console.dll, DataCollectionRequestSender.SendBeforeTestRunStartAndGetResult: Received message: (DataCollection.BeforeTestRunStartResult) -> {
  "EnvironmentVariables": {},
  "DataCollectionEventsPort": 53361
}
TpTrace Information: 0 : 21752, 5, 2022/10/11, 11:48:29.936, 3198675596037, vstest.console.dll, ProxyDataCollectionManager.BeforeTestRunStart: SendBeforeTestRunStartAndGetResult successful, env variable from datacollector:   and testhost port: 53361
TpTrace Information: 0 : 21752, 5, 2022/10/11, 11:48:29.937, 3198675596888, vstest.console.dll, ProxyDataCollectionManager.InvokeDataCollectionServiceAction: Completed.
TpTrace Verbose: 0 : 21752, 1, 2022/10/11, 11:48:29.937, 3198675598557, vstest.console.dll, TestRunRequest.ExecuteAsync: Creating test run request.
TpTrace Verbose: 0 : 21752, 1, 2022/10/11, 11:48:29.937, 3198675602327, vstest.console.dll, TestRunRequest.ExecuteAsync: Starting.
TpTrace Information: 0 : 21752, 1, 2022/10/11, 11:48:29.937, 3198675606598, vstest.console.dll, TestRunRequest.ExecuteAsync: Starting run with settings:TestRunCriteria:
   KeepAlive=False,FrequencyOfRunStatsChangeEvent=10,RunStatsChangeEventTimeout=00:00:01.5000000,TestCaseFilter=,TestExecutorLauncher=
   Settingsxml=<RunSettings>
  <RunConfiguration>
    <ResultsDirectory>C:\Users\luisf\Desktop\Repositori B1 Dev\OrbitService\OrbitService\test\Envia-NFe-Test\bin\Debug\netcoreapp3.1\fine-code-coverage\coverage-tool-output</ResultsDirectory>
    <TargetPlatform>X64</TargetPlatform>
    <TargetFrameworkVersion>.NETCoreApp,Version=v3.1</TargetFrameworkVersion>
    <DesignMode>False</DesignMode>
    <CollectSourceInformation>False</CollectSourceInformation>
  </RunConfiguration>
  <LoggerRunSettings>
    <Loggers>
      <Logger friendlyName="blame" enabled="True" />
      <Logger friendlyName="Console" uri="logger://microsoft/TestPlatform/ConsoleLogger/v1" assemblyQualifiedName="Microsoft.VisualStudio.TestPlatform.CommandLine.Internal.ConsoleLogger, vstest.console, Version=15.0.0.0, Culture=neutral, PublicKeyToken=b03f5f7f11d50a3a" codeBase="c:\program files\dotnet\sdk\6.0.302\vstest.console.dll" enabled="True" />
    </Loggers>
  </LoggerRunSettings>
  <DataCollectionRunSettings>
    <DataCollectors>
      <DataCollector friendlyName="blame" enabled="True">
        <Configuration>
          <ResultsDirectory>C:\Users\luisf\Desktop\Repositori B1 Dev\OrbitService\OrbitService\test\Envia-NFe-Test\bin\Debug\netcoreapp3.1\fine-code-coverage\coverage-tool-output</ResultsDirectory>
        </Configuration>
      </DataCollector>
    </DataCollectors>
  </DataCollectionRunSettings>
</RunSettings>

TpTrace Verbose: 0 : 21752, 1, 2022/10/11, 11:48:29.938, 3198675607334, vstest.console.dll, TestRunRequest.ExecuteAsync: Wait for the first run request is over.
TpTrace Verbose: 0 : 21752, 1, 2022/10/11, 11:48:29.938, 3198675611274, vstest.console.dll, MulticastDelegateUtilities.SafeInvoke: TestRun.TestRunStart: Invoking callbacks was skipped because there are no subscribers.
TpTrace Verbose: 0 : 21752, 1, 2022/10/11, 11:48:29.938, 3198675613936, vstest.console.dll, ParallelProxyExecutionManager: Start execution. Total sources: 1
TpTrace Verbose: 0 : 21752, 4, 2022/10/11, 11:48:29.938, 3198675614060, vstest.console.dll, MulticastDelegateUtilities.SafeInvoke: InternalTestLoggerEvents.SendTestRunStart: Invoking callback 1/1 for Microsoft.VisualStudio.TestPlatform.CommandLine.Internal.ConsoleLogger.TestRunStartHandler, took 0 ms.
TpTrace Information: 0 : 21752, 1, 2022/10/11, 11:48:29.939, 3198675622303, vstest.console.dll, ProxyParallelExecutionManager: Triggering test run for next source: C:\Users\luisf\Desktop\Repositori B1 Dev\OrbitService\OrbitService\test\Envia-NFe-Test\bin\Debug\netcoreapp3.1\fine-code-coverage\build-output\OrbitService_Test.dll
TpTrace Verbose: 0 : 21752, 5, 2022/10/11, 11:48:29.939, 3198675624432, vstest.console.dll, ParallelProxyExecutionManager: Execution started. Started clients: 1
TpTrace Verbose: 0 : 21752, 1, 2022/10/11, 11:48:29.939, 3198675624580, vstest.console.dll, ProxyParallelExecutionManager: No sources available for execution.
TpTrace Information: 0 : 21752, 1, 2022/10/11, 11:48:29.939, 3198675625947, vstest.console.dll, TestRunRequest.ExecuteAsync: Started.
TpTrace Verbose: 0 : 21752, 1, 2022/10/11, 11:48:29.940, 3198675627020, vstest.console.dll, TestRunRequest.WaitForCompletion: Waiting with timeout -1.
TpTrace Verbose: 0 : 21752, 5, 2022/10/11, 11:48:29.940, 3198675628025, vstest.console.dll, TestRunRequest:SendTestRunMessage: Starting.
TpTrace Verbose: 0 : 21752, 5, 2022/10/11, 11:48:29.940, 3198675630105, vstest.console.dll, MulticastDelegateUtilities.SafeInvoke: TestRun.LogMessages: Invoking callback 1/1 for Microsoft.VisualStudio.TestPlatform.CommandLine.TestRunResultAggregator.TestRunMessageHandler, took 0 ms.
TpTrace Verbose: 0 : 21752, 4, 2022/10/11, 11:48:29.940, 3198675630550, vstest.console.dll, MulticastDelegateUtilities.SafeInvoke: InternalTestLoggerEvents.SendTestRunMessage: Invoking callback 1/1 for Microsoft.VisualStudio.TestPlatform.CommandLine.Internal.ConsoleLogger.TestMessageHandler, took 0 ms.
TpTrace Information: 0 : 21752, 5, 2022/10/11, 11:48:29.940, 3198675630715, vstest.console.dll, TestRunRequest:SendTestRunMessage: Completed.
TpTrace Verbose: 0 : 21752, 5, 2022/10/11, 11:48:29.940, 3198675634576, vstest.console.dll, ProxyExecutionManager: Test host is always Lazy initialize.
TpTrace Verbose: 0 : 21752, 5, 2022/10/11, 11:48:29.941, 3198675637251, vstest.console.dll, TestRequestSender.InitializeCommunication: initialize communication. 
TpTrace Information: 0 : 21752, 5, 2022/10/11, 11:48:29.941, 3198675643963, vstest.console.dll, SocketServer.Start: Listening on endpoint : 127.0.0.1:53362
TpTrace Verbose: 0 : 21752, 5, 2022/10/11, 11:48:29.942, 3198675652061, vstest.console.dll, DotnetTestHostmanager.GetTestHostProcessStartInfo: Platform environment 'X64' target architecture 'X64' framework '.NETCoreApp,Version=v3.1' OS 'Windows'
TpTrace Verbose: 0 : 21752, 5, 2022/10/11, 11:48:29.942, 3198675655139, vstest.console.dll, DotnetTestHostmanager: Adding  --runtimeconfig "C:\Users\luisf\Desktop\Repositori B1 Dev\OrbitService\OrbitService\test\Envia-NFe-Test\bin\Debug\netcoreapp3.1\fine-code-coverage\build-output\OrbitService_Test.runtimeconfig.json" in args
TpTrace Verbose: 0 : 21752, 5, 2022/10/11, 11:48:29.942, 3198675656399, vstest.console.dll, DotnetTestHostmanager: Adding  --depsfile "C:\Users\luisf\Desktop\Repositori B1 Dev\OrbitService\OrbitService\test\Envia-NFe-Test\bin\Debug\netcoreapp3.1\fine-code-coverage\build-output\OrbitService_Test.deps.json" in args
TpTrace Verbose: 0 : 21752, 5, 2022/10/11, 11:48:29.943, 3198675660595, vstest.console.dll, DotnetTestHostmanager.IsWinOnArm: Current PROCESSOR_ARCHITECTURE from environment variable 'AMD64'
TpTrace Verbose: 0 : 21752, 5, 2022/10/11, 11:48:29.943, 3198675661467, vstest.console.dll, DotnetTestHostmanager.IsWinOnArm: Is Windows on ARM 'False'
TpTrace Verbose: 0 : 21752, 5, 2022/10/11, 11:48:29.943, 3198675663566, vstest.console.dll, DotnetTestHostManager: testhost.exe found at path: C:\Users\luisf\Desktop\Repositori B1 Dev\OrbitService\OrbitService\test\Envia-NFe-Test\bin\Debug\netcoreapp3.1\fine-code-coverage\build-output\testhost.exe
TpTrace Verbose: 0 : 21752, 5, 2022/10/11, 11:48:29.943, 3198675664260, vstest.console.dll, DotnetTestHostmanager: Full path of host exe is C:\Users\luisf\Desktop\Repositori B1 Dev\OrbitService\OrbitService\test\Envia-NFe-Test\bin\Debug\netcoreapp3.1\fine-code-coverage\build-output\testhost.exe
TpTrace Verbose: 0 : 21752, 5, 2022/10/11, 11:48:29.943, 3198675665852, vstest.console.dll, DotnetTestHostmanager.LaunchTestHostAsync: Found 'VSTEST_WINAPPHOST_DOTNET_ROOT' in env variables, value 'c:\program files\dotnet', forwarding to 'DOTNET_ROOT'
TpTrace Verbose: 0 : 21752, 7, 2022/10/11, 11:48:29.944, 3198675675543, vstest.console.dll, DotnetTestHostManager: Starting process 'C:\Users\luisf\Desktop\Repositori B1 Dev\OrbitService\OrbitService\test\Envia-NFe-Test\bin\Debug\netcoreapp3.1\fine-code-coverage\build-output\testhost.exe' with command line ' --runtimeconfig "C:\Users\luisf\Desktop\Repositori B1 Dev\OrbitService\OrbitService\test\Envia-NFe-Test\bin\Debug\netcoreapp3.1\fine-code-coverage\build-output\OrbitService_Test.runtimeconfig.json" --depsfile "C:\Users\luisf\Desktop\Repositori B1 Dev\OrbitService\OrbitService\test\Envia-NFe-Test\bin\Debug\netcoreapp3.1\fine-code-coverage\build-output\OrbitService_Test.deps.json" --port 53362 --endpoint 127.0.0.1:053362 --role client --parentprocessid 21752 --diag "C:\Users\luisf\Desktop\Repositori B1 Dev\OrbitService\OrbitService\test\Envia-NFe-Test\bin\Debug\netcoreapp3.1\fine-code-coverage\coverage-tool-output\diagnostics.host.22-10-11_11-48-29_94212_5.log" --tracelevel 4 --datacollectionport 53361 --telemetryoptedin false'
TpTrace Verbose: 0 : 21752, 7, 2022/10/11, 11:48:29.951, 3198675746350, vstest.console.dll, MulticastDelegateUtilities.SafeInvoke: HostProviderEvents.OnHostLaunched: Invoking callback 1/2 for Microsoft.VisualStudio.TestPlatform.CrossPlatEngine.Client.ProxyExecutionManagerWithDataCollection.TestHostLaunchedHandler, took 1 ms.
TpTrace Verbose: 0 : 21752, 7, 2022/10/11, 11:48:29.952, 3198675747268, vstest.console.dll, Test Runtime launched
TpTrace Verbose: 0 : 21752, 7, 2022/10/11, 11:48:29.952, 3198675748034, vstest.console.dll, MulticastDelegateUtilities.SafeInvoke: HostProviderEvents.OnHostLaunched: Invoking callback 2/2 for Microsoft.VisualStudio.TestPlatform.CrossPlatEngine.Client.ProxyOperationManager.TestHostManagerHostLaunched, took 0 ms.
TpTrace Verbose: 0 : 21752, 5, 2022/10/11, 11:48:29.952, 3198675754114, vstest.console.dll, TestRequestSender.WaitForRequestHandlerConnection: waiting for connection with timeout: 90000.
TpTrace Verbose: 0 : 21752, 5, 2022/10/11, 11:48:30.208, 3198678310148, vstest.console.dll, TestRequestSender.WaitForRequestHandlerConnection: waiting took 255 ms, with timeout 90000 ms, and result 0, which is success.
TpTrace Verbose: 0 : 21752, 7, 2022/10/11, 11:48:30.208, 3198678310147, vstest.console.dll, MulticastDelegateUtilities.SafeInvoke: SocketServer: ClientConnected: Invoking callback 1/1 for Microsoft.VisualStudio.TestPlatform.CommunicationUtilities.TestRequestSender.<InitializeCommunication>b__23_0, took 0 ms.
TpTrace Verbose: 0 : 21752, 7, 2022/10/11, 11:48:30.208, 3198678312091, vstest.console.dll, SocketServer.OnClientConnected: Client connected for endPoint: 127.0.0.1:53362, starting MessageLoopAsync:
TpTrace Verbose: 0 : 21752, 14, 2022/10/11, 11:48:30.208, 3198678314295, vstest.console.dll, TcpClientExtensions.MessageLoopAsync: Polling on remoteEndPoint: 127.0.0.1:53364 localEndPoint: 127.0.0.1:53362
TpTrace Verbose: 0 : 21752, 5, 2022/10/11, 11:48:30.209, 3198678322794, vstest.console.dll, TestRequestSender.CheckVersionWithTestHost: Sending check version message: {"MessageType":"ProtocolVersion","Payload":6}
TpTrace Verbose: 0 : 21752, 14, 2022/10/11, 11:48:30.407, 3198680298490, vstest.console.dll, TcpClientExtensions.MessageLoopAsync: NotifyDataAvailable remoteEndPoint: 127.0.0.1:53364 localEndPoint: 127.0.0.1:53362
TpTrace Verbose: 0 : 21752, 14, 2022/10/11, 11:48:30.407, 3198680304502, vstest.console.dll, TestRequestSender.CheckVersionWithTestHost: onMessageReceived received message: (ProtocolVersion) -> 5
TpTrace Verbose: 0 : 21752, 14, 2022/10/11, 11:48:30.408, 3198680312490, vstest.console.dll, MulticastDelegateUtilities.SafeInvoke: LengthPrefixCommunicationChannel: MessageReceived: Invoking callback 1/1 for Microsoft.VisualStudio.TestPlatform.CommunicationUtilities.TestRequestSender+<>c__DisplayClass25_0.<CheckVersionWithTestHost>b__0, took 1 ms.
TpTrace Verbose: 0 : 21752, 14, 2022/10/11, 11:48:30.408, 3198680313515, vstest.console.dll, TcpClientExtensions.MessageLoopAsync: Polling on remoteEndPoint: 127.0.0.1:53364 localEndPoint: 127.0.0.1:53362
TpTrace Verbose: 0 : 21752, 5, 2022/10/11, 11:48:30.408, 3198680313719, vstest.console.dll, TestPluginCache.GetExtensionPaths: Filtered extension paths: 
TpTrace Verbose: 0 : 21752, 5, 2022/10/11, 11:48:30.408, 3198680314839, vstest.console.dll, TestPluginCache.GetExtensionPaths: Added default extension paths: c:\program files\dotnet\sdk\6.0.302\Extensions\DumpMinitool.exe
c:\program files\dotnet\sdk\6.0.302\Extensions\DumpMinitool.x86.exe
c:\program files\dotnet\sdk\6.0.302\Extensions\Microsoft.Diagnostics.NETCore.Client.dll
c:\program files\dotnet\sdk\6.0.302\Extensions\Microsoft.TestPlatform.Extensions.BlameDataCollector.dll
c:\program files\dotnet\sdk\6.0.302\Extensions\Microsoft.TestPlatform.Extensions.EventLogCollector.dll
c:\program files\dotnet\sdk\6.0.302\Extensions\Microsoft.TestPlatform.TestHostRuntimeProvider.dll
c:\program files\dotnet\sdk\6.0.302\Extensions\Microsoft.VisualStudio.TestPlatform.Extensions.Html.TestLogger.dll
c:\program files\dotnet\sdk\6.0.302\Extensions\Microsoft.VisualStudio.TestPlatform.Extensions.Trx.TestLogger.dll
TpTrace Verbose: 0 : 21752, 5, 2022/10/11, 11:48:30.408, 3198680315423, vstest.console.dll, TestPluginCache.GetExtensionPaths: Added unfilterableExtensionPaths: 
TpTrace Verbose: 0 : 21752, 5, 2022/10/11, 11:48:30.413, 3198680361161, vstest.console.dll, TestRequestSender.InitializeExecution: Sending initialize execution with message: {"Version":5,"MessageType":"TestExecution.Initialize","Payload":["C:\\Users\\luisf\\Desktop\\Repositori B1 Dev\\OrbitService\\OrbitService\\test\\Envia-NFe-Test\\bin\\Debug\\netcoreapp3.1\\fine-code-coverage\\build-output\\xunit.runner.visualstudio.dotnetcore.testadapter.dll"]}
TpTrace Warning: 0 : 21752, 5, 2022/10/11, 11:48:30.413, 3198680365885, vstest.console.dll, InferRunSettingsHelper.MakeRunsettingsCompatible: Removing the following settings: TargetPlatform from RunSettings file. To use those settings please move to latest version of Microsoft.NET.Test.Sdk
TpTrace Verbose: 0 : 21752, 14, 2022/10/11, 11:48:30.422, 3198680452189, vstest.console.dll, TcpClientExtensions.MessageLoopAsync: NotifyDataAvailable remoteEndPoint: 127.0.0.1:53364 localEndPoint: 127.0.0.1:53362
TpTrace Verbose: 0 : 21752, 14, 2022/10/11, 11:48:30.422, 3198680454224, vstest.console.dll, TestRequestSender.OnExecutionMessageReceived: Received message: {"Version":5,"MessageType":"TestSession.Message","Payload":{"MessageLevel":0,"Message":"Logging TestHost Diagnostics in file: C:\\Users\\luisf\\Desktop\\Repositori B1 Dev\\OrbitService\\OrbitService\\test\\Envia-NFe-Test\\bin\\Debug\\netcoreapp3.1\\fine-code-coverage\\coverage-tool-output\\diagnostics.host.22-10-11_11-48-29_94212_5.log"}}
TpTrace Verbose: 0 : 21752, 5, 2022/10/11, 11:48:30.424, 3198680468541, vstest.console.dll, TestRequestSender.StartTestRun: Sending test run with message: {"Version":5,"MessageType":"TestExecution.StartWithSources","Payload":{"AdapterSourceMap":{"_none_":["C:\\Users\\luisf\\Desktop\\Repositori B1 Dev\\OrbitService\\OrbitService\\test\\Envia-NFe-Test\\bin\\Debug\\netcoreapp3.1\\fine-code-coverage\\build-output\\OrbitService_Test.dll"]},"RunSettings":"<RunSettings>\r\n  <RunConfiguration>\r\n    <ResultsDirectory>C:\\Users\\luisf\\Desktop\\Repositori B1 Dev\\OrbitService\\OrbitService\\test\\Envia-NFe-Test\\bin\\Debug\\netcoreapp3.1\\fine-code-coverage\\coverage-tool-output</ResultsDirectory>\r\n    <TargetFrameworkVersion>.NETCoreApp,Version=v3.1</TargetFrameworkVersion>\r\n    <DesignMode>False</DesignMode>\r\n    <CollectSourceInformation>False</CollectSourceInformation>\r\n  </RunConfiguration>\r\n  <LoggerRunSettings>\r\n    <Loggers>\r\n      <Logger friendlyName=\"blame\" enabled=\"True\" />\r\n      <Logger friendlyName=\"Console\" uri=\"logger://microsoft/TestPlatform/ConsoleLogger/v1\" assemblyQualifiedName=\"Microsoft.VisualStudio.TestPlatform.CommandLine.Internal.ConsoleLogger, vstest.console, Version=15.0.0.0, Culture=neutral, PublicKeyToken=b03f5f7f11d50a3a\" codeBase=\"c:\\program files\\dotnet\\sdk\\6.0.302\\vstest.console.dll\" enabled=\"True\" />\r\n    </Loggers>\r\n  </LoggerRunSettings>\r\n  <DataCollectionRunSettings>\r\n    <DataCollectors>\r\n      <DataCollector friendlyName=\"blame\" enabled=\"True\">\r\n        <Configuration>\r\n          <ResultsDirectory>C:\\Users\\luisf\\Desktop\\Repositori B1 Dev\\OrbitService\\OrbitService\\test\\Envia-NFe-Test\\bin\\Debug\\netcoreapp3.1\\fine-code-coverage\\coverage-tool-output</ResultsDirectory>\r\n        </Configuration>\r\n      </DataCollector>\r\n    </DataCollectors>\r\n  </DataCollectionRunSettings>\r\n</RunSettings>","TestExecutionContext":{"FrequencyOfRunStatsChangeEvent":10,"RunStatsChangeEventTimeout":"00:00:01.5000000","InIsolation":false,"KeepAlive":false,"AreTestCaseLevelEventsRequired":false,"IsDebug":false,"TestCaseFilter":null,"FilterOptions":null},"Package":null}}
TpTrace Verbose: 0 : 21752, 14, 2022/10/11, 11:48:30.425, 3198680483577, vstest.console.dll, TestRunRequest:SendTestRunMessage: Starting.
TpTrace Verbose: 0 : 21752, 14, 2022/10/11, 11:48:30.425, 3198680485253, vstest.console.dll, MulticastDelegateUtilities.SafeInvoke: TestRun.LogMessages: Invoking callback 1/1 for Microsoft.VisualStudio.TestPlatform.CommandLine.TestRunResultAggregator.TestRunMessageHandler, took 0 ms.
TpTrace Verbose: 0 : 21752, 4, 2022/10/11, 11:48:30.425, 3198680485518, vstest.console.dll, MulticastDelegateUtilities.SafeInvoke: InternalTestLoggerEvents.SendTestRunMessage: Invoking callback 1/1 for Microsoft.VisualStudio.TestPlatform.CommandLine.Internal.ConsoleLogger.TestMessageHandler, took 0 ms.
TpTrace Information: 0 : 21752, 14, 2022/10/11, 11:48:30.425, 3198680486120, vstest.console.dll, TestRunRequest:SendTestRunMessage: Completed.
TpTrace Verbose: 0 : 21752, 14, 2022/10/11, 11:48:30.426, 3198680487764, vstest.console.dll, MulticastDelegateUtilities.SafeInvoke: LengthPrefixCommunicationChannel: MessageReceived: Invoking callback 1/1 for Microsoft.VisualStudio.TestPlatform.CommunicationUtilities.TestRequestSender+<>c__DisplayClass30_0.<StartTestRun>b__1, took 3 ms.
TpTrace Verbose: 0 : 21752, 14, 2022/10/11, 11:48:30.426, 3198680488286, vstest.console.dll, TcpClientExtensions.MessageLoopAsync: Polling on remoteEndPoint: 127.0.0.1:53364 localEndPoint: 127.0.0.1:53362
TpTrace Verbose: 0 : 21752, 14, 2022/10/11, 11:48:30.609, 3198682325075, vstest.console.dll, TcpClientExtensions.MessageLoopAsync: NotifyDataAvailable remoteEndPoint: 127.0.0.1:53364 localEndPoint: 127.0.0.1:53362
TpTrace Verbose: 0 : 21752, 14, 2022/10/11, 11:48:30.609, 3198682326549, vstest.console.dll, TestRequestSender.OnExecutionMessageReceived: Received message: {"Version":5,"MessageType":"TestSession.Message","Payload":{"MessageLevel":0,"Message":"[xUnit.net 00:00:00.00] xUnit.net VSTest Adapter v2.4.3+1b45f5407b (64-bit .NET Core 3.1.27)"}}
TpTrace Verbose: 0 : 21752, 14, 2022/10/11, 11:48:30.610, 3198682330305, vstest.console.dll, TestRunRequest:SendTestRunMessage: Starting.
TpTrace Verbose: 0 : 21752, 14, 2022/10/11, 11:48:30.610, 3198682331180, vstest.console.dll, MulticastDelegateUtilities.SafeInvoke: TestRun.LogMessages: Invoking callback 1/1 for Microsoft.VisualStudio.TestPlatform.CommandLine.TestRunResultAggregator.TestRunMessageHandler, took 0 ms.
TpTrace Verbose: 0 : 21752, 4, 2022/10/11, 11:48:30.610, 3198682331513, vstest.console.dll, MulticastDelegateUtilities.SafeInvoke: InternalTestLoggerEvents.SendTestRunMessage: Invoking callback 1/1 for Microsoft.VisualStudio.TestPlatform.CommandLine.Internal.ConsoleLogger.TestMessageHandler, took 0 ms.
TpTrace Information: 0 : 21752, 14, 2022/10/11, 11:48:30.610, 3198682331680, vstest.console.dll, TestRunRequest:SendTestRunMessage: Completed.
TpTrace Verbose: 0 : 21752, 14, 2022/10/11, 11:48:30.610, 3198682333038, vstest.console.dll, MulticastDelegateUtilities.SafeInvoke: LengthPrefixCommunicationChannel: MessageReceived: Invoking callback 1/1 for Microsoft.VisualStudio.TestPlatform.CommunicationUtilities.TestRequestSender+<>c__DisplayClass30_0.<StartTestRun>b__1, took 0 ms.
TpTrace Verbose: 0 : 21752, 14, 2022/10/11, 11:48:30.610, 3198682333655, vstest.console.dll, TcpClientExtensions.MessageLoopAsync: Polling on remoteEndPoint: 127.0.0.1:53364 localEndPoint: 127.0.0.1:53362
TpTrace Verbose: 0 : 21752, 14, 2022/10/11, 11:48:31.616, 3198692390829, vstest.console.dll, TcpClientExtensions.MessageLoopAsync: Polling on remoteEndPoint: 127.0.0.1:53364 localEndPoint: 127.0.0.1:53362
TpTrace Verbose: 0 : 21752, 14, 2022/10/11, 11:48:31.825, 3198694484991, vstest.console.dll, TcpClientExtensions.MessageLoopAsync: NotifyDataAvailable remoteEndPoint: 127.0.0.1:53364 localEndPoint: 127.0.0.1:53362
TpTrace Verbose: 0 : 21752, 14, 2022/10/11, 11:48:31.825, 3198694486427, vstest.console.dll, TestRequestSender.OnExecutionMessageReceived: Received message: {"Version":5,"MessageType":"TestSession.Message","Payload":{"MessageLevel":0,"Message":"[xUnit.net 00:00:01.22]   Discovering: OrbitService_Test"}}
TpTrace Verbose: 0 : 21752, 14, 2022/10/11, 11:48:31.826, 3198694488883, vstest.console.dll, TestRunRequest:SendTestRunMessage: Starting.
TpTrace Verbose: 0 : 21752, 14, 2022/10/11, 11:48:31.826, 3198694489711, vstest.console.dll, MulticastDelegateUtilities.SafeInvoke: TestRun.LogMessages: Invoking callback 1/1 for Microsoft.VisualStudio.TestPlatform.CommandLine.TestRunResultAggregator.TestRunMessageHandler, took 0 ms.
TpTrace Information: 0 : 21752, 14, 2022/10/11, 11:48:31.826, 3198694490108, vstest.console.dll, TestRunRequest:SendTestRunMessage: Completed.
TpTrace Verbose: 0 : 21752, 4, 2022/10/11, 11:48:31.826, 3198694490234, vstest.console.dll, MulticastDelegateUtilities.SafeInvoke: InternalTestLoggerEvents.SendTestRunMessage: Invoking callback 1/1 for Microsoft.VisualStudio.TestPlatform.CommandLine.Internal.ConsoleLogger.TestMessageHandler, took 0 ms.
TpTrace Verbose: 0 : 21752, 14, 2022/10/11, 11:48:31.826, 3198694490544, vstest.console.dll, MulticastDelegateUtilities.SafeInvoke: LengthPrefixCommunicationChannel: MessageReceived: Invoking callback 1/1 for Microsoft.VisualStudio.TestPlatform.CommunicationUtilities.TestRequestSender+<>c__DisplayClass30_0.<StartTestRun>b__1, took 0 ms.
TpTrace Verbose: 0 : 21752, 14, 2022/10/11, 11:48:31.826, 3198694491660, vstest.console.dll, TcpClientExtensions.MessageLoopAsync: Polling on remoteEndPoint: 127.0.0.1:53364 localEndPoint: 127.0.0.1:53362
TpTrace Verbose: 0 : 21752, 14, 2022/10/11, 11:48:31.870, 3198694931496, vstest.console.dll, TcpClientExtensions.MessageLoopAsync: NotifyDataAvailable remoteEndPoint: 127.0.0.1:53364 localEndPoint: 127.0.0.1:53362
TpTrace Verbose: 0 : 21752, 14, 2022/10/11, 11:48:31.870, 3198694932711, vstest.console.dll, TestRequestSender.OnExecutionMessageReceived: Received message: {"Version":5,"MessageType":"TestSession.Message","Payload":{"MessageLevel":0,"Message":"[xUnit.net 00:00:01.26]   Discovered:  OrbitService_Test"}}
TpTrace Verbose: 0 : 21752, 14, 2022/10/11, 11:48:31.870, 3198694934524, vstest.console.dll, TestRunRequest:SendTestRunMessage: Starting.
TpTrace Verbose: 0 : 21752, 14, 2022/10/11, 11:48:31.870, 3198694935270, vstest.console.dll, MulticastDelegateUtilities.SafeInvoke: TestRun.LogMessages: Invoking callback 1/1 for Microsoft.VisualStudio.TestPlatform.CommandLine.TestRunResultAggregator.TestRunMessageHandler, took 0 ms.
TpTrace Verbose: 0 : 21752, 4, 2022/10/11, 11:48:31.870, 3198694935635, vstest.console.dll, MulticastDelegateUtilities.SafeInvoke: InternalTestLoggerEvents.SendTestRunMessage: Invoking callback 1/1 for Microsoft.VisualStudio.TestPlatform.CommandLine.Internal.ConsoleLogger.TestMessageHandler, took 0 ms.
TpTrace Information: 0 : 21752, 14, 2022/10/11, 11:48:31.870, 3198694935711, vstest.console.dll, TestRunRequest:SendTestRunMessage: Completed.
TpTrace Verbose: 0 : 21752, 14, 2022/10/11, 11:48:31.871, 3198694936981, vstest.console.dll, MulticastDelegateUtilities.SafeInvoke: LengthPrefixCommunicationChannel: MessageReceived: Invoking callback 1/1 for Microsoft.VisualStudio.TestPlatform.CommunicationUtilities.TestRequestSender+<>c__DisplayClass30_0.<StartTestRun>b__1, took 0 ms.
TpTrace Verbose: 0 : 21752, 14, 2022/10/11, 11:48:31.871, 3198694937447, vstest.console.dll, TcpClientExtensions.MessageLoopAsync: Polling on remoteEndPoint: 127.0.0.1:53364 localEndPoint: 127.0.0.1:53362
TpTrace Verbose: 0 : 21752, 14, 2022/10/11, 11:48:31.873, 3198694962376, vstest.console.dll, TcpClientExtensions.MessageLoopAsync: NotifyDataAvailable remoteEndPoint: 127.0.0.1:53364 localEndPoint: 127.0.0.1:53362
TpTrace Verbose: 0 : 21752, 14, 2022/10/11, 11:48:31.873, 3198694963161, vstest.console.dll, TestRequestSender.OnExecutionMessageReceived: Received message: {"Version":5,"MessageType":"TestSession.Message","Payload":{"MessageLevel":0,"Message":"[xUnit.net 00:00:01.26]   Starting:    OrbitService_Test"}}
TpTrace Verbose: 0 : 21752, 14, 2022/10/11, 11:48:31.873, 3198694964563, vstest.console.dll, TestRunRequest:SendTestRunMessage: Starting.
TpTrace Verbose: 0 : 21752, 14, 2022/10/11, 11:48:31.873, 3198694965312, vstest.console.dll, MulticastDelegateUtilities.SafeInvoke: TestRun.LogMessages: Invoking callback 1/1 for Microsoft.VisualStudio.TestPlatform.CommandLine.TestRunResultAggregator.TestRunMessageHandler, took 0 ms.
TpTrace Information: 0 : 21752, 14, 2022/10/11, 11:48:31.873, 3198694965682, vstest.console.dll, TestRunRequest:SendTestRunMessage: Completed.
TpTrace Verbose: 0 : 21752, 4, 2022/10/11, 11:48:31.873, 3198694965690, vstest.console.dll, MulticastDelegateUtilities.SafeInvoke: InternalTestLoggerEvents.SendTestRunMessage: Invoking callback 1/1 for Microsoft.VisualStudio.TestPlatform.CommandLine.Internal.ConsoleLogger.TestMessageHandler, took 0 ms.
TpTrace Verbose: 0 : 21752, 14, 2022/10/11, 11:48:31.873, 3198694966044, vstest.console.dll, MulticastDelegateUtilities.SafeInvoke: LengthPrefixCommunicationChannel: MessageReceived: Invoking callback 1/1 for Microsoft.VisualStudio.TestPlatform.CommunicationUtilities.TestRequestSender+<>c__DisplayClass30_0.<StartTestRun>b__1, took 0 ms.
TpTrace Verbose: 0 : 21752, 14, 2022/10/11, 11:48:31.874, 3198694967099, vstest.console.dll, TcpClientExtensions.MessageLoopAsync: Polling on remoteEndPoint: 127.0.0.1:53364 localEndPoint: 127.0.0.1:53362
TpTrace Verbose: 0 : 21752, 14, 2022/10/11, 11:48:32.066, 3198696890430, vstest.console.dll, TcpClientExtensions.MessageLoopAsync: NotifyDataAvailable remoteEndPoint: 127.0.0.1:53364 localEndPoint: 127.0.0.1:53362
TpTrace Verbose: 0 : 21752, 14, 2022/10/11, 11:48:32.066, 3198696893180, vstest.console.dll, TestRequestSender.OnExecutionMessageReceived: Received message: {"Version":5,"MessageType":"TestExecution.StatsChange","Payload":{"NewTestResults":[{"TestCase":{"Id":"b395c1ba-cae5-3476-1236-0bddd4a4a13f","FullyQualifiedName":"OrbitService_Test.OutboundDFe.services.OutboundNFeRegister.FactoryOutboundNFeRegisterTest.ShouldInboundNFeRegisterInput","DisplayName":"OrbitService_Test.OutboundDFe.services.OutboundNFeRegister.FactoryOutboundNFeRegisterTest.ShouldInboundNFeRegisterInput","ExecutorUri":"executor://xunit/VsTestRunner2/netcoreapp","Source":"C:\\Users\\luisf\\Desktop\\Repositori B1 Dev\\OrbitService\\OrbitService\\test\\Envia-NFe-Test\\bin\\Debug\\netcoreapp3.1\\fine-code-coverage\\build-output\\OrbitService_Test.dll","CodeFilePath":null,"LineNumber":0,"Properties":[]},"Attachments":[],"Outcome":1,"ErrorMessage":null,"ErrorStackTrace":null,"DisplayName":"OrbitService_Test.OutboundDFe.services.OutboundNFeRegister.FactoryOutboundNFeRegisterTest.ShouldInboundNFeRegisterInput","Messages":[],"ComputerName":"DESKTOP-P1UVUT9","Duration":"00:00:00.0064981","StartTime":"2022-10-11T14:48:31.9809169+00:00","EndTime":"2022-10-11T14:48:31.9810084+00:00","Properties":[]}],"TestRunStatistics":{"ExecutedTests":1,"Stats":{"Passed":1}},"ActiveTests":[{"Id":"869c66df-2eb6-e959-9833-151e661212a0","FullyQualifiedName":"OrbitService_Test.OutboundDFe.services.OutboundNFeRegister.OutboundNFeDocumentRegisterServiceTest.ShouldRegisterAValidNFeDocumentRequest","DisplayName":"OrbitService_Test.OutboundDFe.services.OutboundNFeRegister.OutboundNFeDocumentRegisterServiceTest.ShouldRegisterAValidNFeDocumentRequest","ExecutorUri":"executor://xunit/VsTestRunner2/netcoreapp","Source":"C:\\Users\\luisf\\Desktop\\Repositori B1 Dev\\OrbitService\\OrbitService\\test\\Envia-NFe-Test\\bin\\Debug\\netcoreapp3.1\\fine-code-coverage\\build-output\\OrbitService_Test.dll","CodeFilePath":null,"LineNumber":0,"Properties":[]},{"Id":"d37f38be-b054-24d9-22fa-c5370e03da14","FullyQualifiedName":"OrbitService_Test.OutboundDFe.mappers.OutboundNFe.MapperOutboundNFeTeste.ShouldConvertInvoiceB1ToInboundNFeInput","DisplayName":"OrbitService_Test.OutboundDFe.mappers.OutboundNFe.MapperOutboundNFeTeste.ShouldConvertInvoiceB1ToInboundNFeInput","ExecutorUri":"executor://xunit/VsTestRunner2/netcoreapp","Source":"C:\\Users\\luisf\\Desktop\\Repositori B1 Dev\\OrbitService\\OrbitService\\test\\Envia-NFe-Test\\bin\\Debug\\netcoreapp3.1\\fine-code-coverage\\build-output\\OrbitService_Test.dll","CodeFilePath":null,"LineNumber":0,"Properties":[]},{"Id":"2a87b73e-b226-6fb9-43ec-e6195fd058a2","FullyQualifiedName":"OrbitService_Test.OutboundDFe.usecases.OutboundNFeRegisterUseCaseTest.ShouldRegisterInboundNFeRegisterWithSuccessAndStatusOrbitSucesso","DisplayName":"OrbitService_Test.OutboundDFe.usecases.OutboundNFeRegisterUseCaseTest.ShouldRegisterInboundNFeRegisterWithSuccessAndStatusOrbitSucesso","ExecutorUri":"executor://xunit/VsTestRunner2/netcoreapp","Source":"C:\\Users\\luisf\\Desktop\\Repositori B1 Dev\\OrbitService\\OrbitService\\test\\Envia-NFe-Test\\bin\\Debug\\netcoreapp3.1\\fine-code-coverage\\build-output\\OrbitService_Test.dll","CodeFilePath":null,"LineNumber":0,"Properties":[]}]}}
TpTrace Verbose: 0 : 21752, 14, 2022/10/11, 11:48:32.091, 3198697141028, vstest.console.dll, TestRunRequest:SendTestRunStatsChange: Starting.
TpTrace Verbose: 0 : 21752, 14, 2022/10/11, 11:48:32.091, 3198697142350, vstest.console.dll, InProgress is OrbitService_Test.OutboundDFe.services.OutboundNFeRegister.OutboundNFeDocumentRegisterServiceTest.ShouldRegisterAValidNFeDocumentRequest
TpTrace Verbose: 0 : 21752, 14, 2022/10/11, 11:48:32.091, 3198697142816, vstest.console.dll, InProgress is OrbitService_Test.OutboundDFe.mappers.OutboundNFe.MapperOutboundNFeTeste.ShouldConvertInvoiceB1ToInboundNFeInput
TpTrace Verbose: 0 : 21752, 14, 2022/10/11, 11:48:32.091, 3198697143291, vstest.console.dll, InProgress is OrbitService_Test.OutboundDFe.usecases.OutboundNFeRegisterUseCaseTest.ShouldRegisterInboundNFeRegisterWithSuccessAndStatusOrbitSucesso
TpTrace Verbose: 0 : 21752, 14, 2022/10/11, 11:48:32.091, 3198697145318, vstest.console.dll, MulticastDelegateUtilities.SafeInvoke: TestRun.RunStatsChanged: Invoking callbacks was skipped because there are no subscribers.
TpTrace Information: 0 : 21752, 14, 2022/10/11, 11:48:32.091, 3198697145805, vstest.console.dll, TestRunRequest:SendTestRunStatsChange: Completed.
TpTrace Verbose: 0 : 21752, 14, 2022/10/11, 11:48:32.091, 3198697146193, vstest.console.dll, MulticastDelegateUtilities.SafeInvoke: LengthPrefixCommunicationChannel: MessageReceived: Invoking callback 1/1 for Microsoft.VisualStudio.TestPlatform.CommunicationUtilities.TestRequestSender+<>c__DisplayClass30_0.<StartTestRun>b__1, took 25 ms.
TpTrace Verbose: 0 : 21752, 14, 2022/10/11, 11:48:32.091, 3198697146635, vstest.console.dll, TcpClientExtensions.MessageLoopAsync: Polling on remoteEndPoint: 127.0.0.1:53364 localEndPoint: 127.0.0.1:53362
TpTrace Verbose: 0 : 21752, 4, 2022/10/11, 11:48:32.100, 3198697229707, vstest.console.dll, MulticastDelegateUtilities.SafeInvoke: InternalTestLoggerEvents.SendTestResult: Invoking callback 1/1 for Microsoft.VisualStudio.TestPlatform.CommandLine.Internal.ConsoleLogger.TestResultHandler, took 8 ms.
TpTrace Verbose: 0 : 21752, 14, 2022/10/11, 11:48:32.195, 3198698184039, vstest.console.dll, TcpClientExtensions.MessageLoopAsync: NotifyDataAvailable remoteEndPoint: 127.0.0.1:53364 localEndPoint: 127.0.0.1:53362
TpTrace Verbose: 0 : 21752, 14, 2022/10/11, 11:48:32.195, 3198698185451, vstest.console.dll, TestRequestSender.OnExecutionMessageReceived: Received message: {"Version":5,"MessageType":"TestSession.Message","Payload":{"MessageLevel":0,"Message":"[xUnit.net 00:00:01.59]   Finished:    OrbitService_Test"}}
TpTrace Verbose: 0 : 21752, 14, 2022/10/11, 11:48:32.196, 3198698187188, vstest.console.dll, TestRunRequest:SendTestRunMessage: Starting.
TpTrace Verbose: 0 : 21752, 14, 2022/10/11, 11:48:32.196, 3198698187992, vstest.console.dll, MulticastDelegateUtilities.SafeInvoke: TestRun.LogMessages: Invoking callback 1/1 for Microsoft.VisualStudio.TestPlatform.CommandLine.TestRunResultAggregator.TestRunMessageHandler, took 0 ms.
TpTrace Information: 0 : 21752, 14, 2022/10/11, 11:48:32.196, 3198698188696, vstest.console.dll, TestRunRequest:SendTestRunMessage: Completed.
TpTrace Verbose: 0 : 21752, 4, 2022/10/11, 11:48:32.196, 3198698188781, vstest.console.dll, MulticastDelegateUtilities.SafeInvoke: InternalTestLoggerEvents.SendTestRunMessage: Invoking callback 1/1 for Microsoft.VisualStudio.TestPlatform.CommandLine.Internal.ConsoleLogger.TestMessageHandler, took 0 ms.
TpTrace Verbose: 0 : 21752, 14, 2022/10/11, 11:48:32.196, 3198698189344, vstest.console.dll, MulticastDelegateUtilities.SafeInvoke: LengthPrefixCommunicationChannel: MessageReceived: Invoking callback 1/1 for Microsoft.VisualStudio.TestPlatform.CommunicationUtilities.TestRequestSender+<>c__DisplayClass30_0.<StartTestRun>b__1, took 0 ms.
TpTrace Verbose: 0 : 21752, 14, 2022/10/11, 11:48:32.196, 3198698190654, vstest.console.dll, TcpClientExtensions.MessageLoopAsync: Polling on remoteEndPoint: 127.0.0.1:53364 localEndPoint: 127.0.0.1:53362
TpTrace Verbose: 0 : 21752, 14, 2022/10/11, 11:48:32.230, 3198698534659, vstest.console.dll, TcpClientExtensions.MessageLoopAsync: NotifyDataAvailable remoteEndPoint: 127.0.0.1:53364 localEndPoint: 127.0.0.1:53362
TpTrace Verbose: 0 : 21752, 14, 2022/10/11, 11:48:32.231, 3198698537514, vstest.console.dll, TestRequestSender.OnExecutionMessageReceived: Received message: {"Version":5,"MessageType":"TestExecution.Completed","Payload":{"TestRunCompleteArgs":{"TestRunStatistics":{"ExecutedTests":9,"Stats":{"Passed":9}},"IsCanceled":false,"IsAborted":false,"Error":null,"AttachmentSets":[],"ElapsedTimeInRunningTests":"00:00:01.6026484","Metrics":{}},"LastRunTests":{"NewTestResults":[{"TestCase":{"Id":"d37f38be-b054-24d9-22fa-c5370e03da14","FullyQualifiedName":"OrbitService_Test.OutboundDFe.mappers.OutboundNFe.MapperOutboundNFeTeste.ShouldConvertInvoiceB1ToInboundNFeInput","DisplayName":"OrbitService_Test.OutboundDFe.mappers.OutboundNFe.MapperOutboundNFeTeste.ShouldConvertInvoiceB1ToInboundNFeInput","ExecutorUri":"executor://xunit/VsTestRunner2/netcoreapp","Source":"C:\\Users\\luisf\\Desktop\\Repositori B1 Dev\\OrbitService\\OrbitService\\test\\Envia-NFe-Test\\bin\\Debug\\netcoreapp3.1\\fine-code-coverage\\build-output\\OrbitService_Test.dll","CodeFilePath":null,"LineNumber":0,"Properties":[]},"Attachments":[],"Outcome":1,"ErrorMessage":null,"ErrorStackTrace":null,"DisplayName":"OrbitService_Test.OutboundDFe.mappers.OutboundNFe.MapperOutboundNFeTeste.ShouldConvertInvoiceB1ToInboundNFeInput","Messages":[],"ComputerName":"DESKTOP-P1UVUT9","Duration":"00:00:00.1557336","StartTime":"2022-10-11T14:48:32.1129701+00:00","EndTime":"2022-10-11T14:48:32.1129725+00:00","Properties":[]},{"TestCase":{"Id":"869c66df-2eb6-e959-9833-151e661212a0","FullyQualifiedName":"OrbitService_Test.OutboundDFe.services.OutboundNFeRegister.OutboundNFeDocumentRegisterServiceTest.ShouldRegisterAValidNFeDocumentRequest","DisplayName":"OrbitService_Test.OutboundDFe.services.OutboundNFeRegister.OutboundNFeDocumentRegisterServiceTest.ShouldRegisterAValidNFeDocumentRequest","ExecutorUri":"executor://xunit/VsTestRunner2/netcoreapp","Source":"C:\\Users\\luisf\\Desktop\\Repositori B1 Dev\\OrbitService\\OrbitService\\test\\Envia-NFe-Test\\bin\\Debug\\netcoreapp3.1\\fine-code-coverage\\build-output\\OrbitService_Test.dll","CodeFilePath":null,"LineNumber":0,"Properties":[]},"Attachments":[],"Outcome":1,"ErrorMessage":null,"ErrorStackTrace":null,"DisplayName":"OrbitService_Test.OutboundDFe.services.OutboundNFeRegister.OutboundNFeDocumentRegisterServiceTest.ShouldRegisterAValidNFeDocumentRequest","Messages":[],"ComputerName":"DESKTOP-P1UVUT9","Duration":"00:00:00.1578975","StartTime":"2022-10-11T14:48:32.1160456+00:00","EndTime":"2022-10-11T14:48:32.1160471+00:00","Properties":[]},{"TestCase":{"Id":"2a87b73e-b226-6fb9-43ec-e6195fd058a2","FullyQualifiedName":"OrbitService_Test.OutboundDFe.usecases.OutboundNFeRegisterUseCaseTest.ShouldRegisterInboundNFeRegisterWithSuccessAndStatusOrbitSucesso","DisplayName":"OrbitService_Test.OutboundDFe.usecases.OutboundNFeRegisterUseCaseTest.ShouldRegisterInboundNFeRegisterWithSuccessAndStatusOrbitSucesso","ExecutorUri":"executor://xunit/VsTestRunner2/netcoreapp","Source":"C:\\Users\\luisf\\Desktop\\Repositori B1 Dev\\OrbitService\\OrbitService\\test\\Envia-NFe-Test\\bin\\Debug\\netcoreapp3.1\\fine-code-coverage\\build-output\\OrbitService_Test.dll","CodeFilePath":null,"LineNumber":0,"Properties":[]},"Attachments":[],"Outcome":1,"ErrorMessage":null,"ErrorStackTrace":null,"DisplayName":"OrbitService_Test.OutboundDFe.usecases.OutboundNFeRegisterUseCaseTest.ShouldRegisterInboundNFeRegisterWithSuccessAndStatusOrbitSucesso","Messages":[],"ComputerName":"DESKTOP-P1UVUT9","Duration":"00:00:00.1696681","StartTime":"2022-10-11T14:48:32.1268714+00:00","EndTime":"2022-10-11T14:48:32.1268728+00:00","Properties":[]},{"TestCase":{"Id":"7306ab1d-3f1c-3eb8-3a2b-03d9db7b8ff8","FullyQualifiedName":"OrbitService_Test.OutboundDFe.mappers.OutboundNFe.MapperOutboundNFeTeste.ShouldToDocumentStatusResponseWithAListError","DisplayName":"OrbitService_Test.OutboundDFe.mappers.OutboundNFe.MapperOutboundNFeTeste.ShouldToDocumentStatusResponseWithAListError","ExecutorUri":"executor://xunit/VsTestRunner2/netcoreapp","Source":"C:\\Users\\luisf\\Desktop\\Repositori B1 Dev\\OrbitService\\OrbitService\\test\\Envia-NFe-Test\\bin\\Debug\\netcoreapp3.1\\fine-code-coverage\\build-output\\OrbitService_Test.dll","CodeFilePath":null,"LineNumber":0,"Properties":[]},"Attachments":[],"Outcome":1,"ErrorMessage":null,"ErrorStackTrace":null,"DisplayName":"OrbitService_Test.OutboundDFe.mappers.OutboundNFe.MapperOutboundNFeTeste.ShouldToDocumentStatusResponseWithAListError","Messages":[],"ComputerName":"DESKTOP-P1UVUT9","Duration":"00:00:00.0711533","StartTime":"2022-10-11T14:48:32.1842175+00:00","EndTime":"2022-10-11T14:48:32.1842192+00:00","Properties":[]},{"TestCase":{"Id":"7554aaaa-7a67-55e7-66e8-949f18505daf","FullyQualifiedName":"OrbitService_Test.OutboundDFe.mappers.OutboundNFe.MapperOutboundNFeTeste.ShouldReturnListDetInboundNFe","DisplayName":"OrbitService_Test.OutboundDFe.mappers.OutboundNFe.MapperOutboundNFeTeste.ShouldReturnListDetInboundNFe","ExecutorUri":"executor://xunit/VsTestRunner2/netcoreapp","Source":"C:\\Users\\luisf\\Desktop\\Repositori B1 Dev\\OrbitService\\OrbitService\\test\\Envia-NFe-Test\\bin\\Debug\\netcoreapp3.1\\fine-code-coverage\\build-output\\OrbitService_Test.dll","CodeFilePath":null,"LineNumber":0,"Properties":[]},"Attachments":[],"Outcome":1,"ErrorMessage":null,"ErrorStackTrace":null,"DisplayName":"OrbitService_Test.OutboundDFe.mappers.OutboundNFe.MapperOutboundNFeTeste.ShouldReturnListDetInboundNFe","Messages":[],"ComputerName":"DESKTOP-P1UVUT9","Duration":"00:00:00.0028022","StartTime":"2022-10-11T14:48:32.1870973+00:00","EndTime":"2022-10-11T14:48:32.1870987+00:00","Properties":[]},{"TestCase":{"Id":"a86e4af0-0e81-d319-6070-e1510e37c918","FullyQualifiedName":"OrbitService_Test.OutboundDFe.mappers.OutboundNFe.MapperOutboundNFeTeste.ShouldToDocumentStatusResponseSucessful","DisplayName":"OrbitService_Test.OutboundDFe.mappers.OutboundNFe.MapperOutboundNFeTeste.ShouldToDocumentStatusResponseSucessful","ExecutorUri":"executor://xunit/VsTestRunner2/netcoreapp","Source":"C:\\Users\\luisf\\Desktop\\Repositori B1 Dev\\OrbitService\\OrbitService\\test\\Envia-NFe-Test\\bin\\Debug\\netcoreapp3.1\\fine-code-coverage\\build-output\\OrbitService_Test.dll","CodeFilePath":null,"LineNumber":0,"Properties":[]},"Attachments":[],"Outcome":1,"ErrorMessage":null,"ErrorStackTrace":null,"DisplayName":"OrbitService_Test.OutboundDFe.mappers.OutboundNFe.MapperOutboundNFeTeste.ShouldToDocumentStatusResponseSucessful","Messages":[],"ComputerName":"DESKTOP-P1UVUT9","Duration":"00:00:00.0006406","StartTime":"2022-10-11T14:48:32.1894775+00:00","EndTime":"2022-10-11T14:48:32.1894789+00:00","Properties":[]},{"TestCase":{"Id":"77b21d67-33cd-fda2-1402-23d14300def7","FullyQualifiedName":"OrbitService_Test.OutboundDFe.usecases.OutboundNFeRegisterUseCaseTest.ShouldRegisterInboundNFeRegisterWithErro","DisplayName":"OrbitService_Test.OutboundDFe.usecases.OutboundNFeRegisterUseCaseTest.ShouldRegisterInboundNFeRegisterWithErro","ExecutorUri":"executor://xunit/VsTestRunner2/netcoreapp","Source":"C:\\Users\\luisf\\Desktop\\Repositori B1 Dev\\OrbitService\\OrbitService\\test\\Envia-NFe-Test\\bin\\Debug\\netcoreapp3.1\\fine-code-coverage\\build-output\\OrbitService_Test.dll","CodeFilePath":null,"LineNumber":0,"Properties":[]},"Attachments":[],"Outcome":1,"ErrorMessage":null,"ErrorStackTrace":null,"DisplayName":"OrbitService_Test.OutboundDFe.usecases.OutboundNFeRegisterUseCaseTest.ShouldRegisterInboundNFeRegisterWithErro","Messages":[],"ComputerName":"DESKTOP-P1UVUT9","Duration":"00:00:00.0627147","StartTime":"2022-10-11T14:48:32.1910601+00:00","EndTime":"2022-10-11T14:48:32.1910611+00:00","Properties":[]},{"TestCase":{"Id":"fbf687ec-a551-290a-f190-27dc71cf9d50","FullyQualifiedName":"OrbitService_Test.OutboundDFe.usecases.OutboundNFeRegisterUseCaseTest.ShouldRegisterInboundNFeRegisterWithSuccessAndStatusOrbitErro","DisplayName":"OrbitService_Test.OutboundDFe.usecases.OutboundNFeRegisterUseCaseTest.ShouldRegisterInboundNFeRegisterWithSuccessAndStatusOrbitErro","ExecutorUri":"executor://xunit/VsTestRunner2/netcoreapp","Source":"C:\\Users\\luisf\\Desktop\\Repositori B1 Dev\\OrbitService\\OrbitService\\test\\Envia-NFe-Test\\bin\\Debug\\netcoreapp3.1\\fine-code-coverage\\build-output\\OrbitService_Test.dll","CodeFilePath":null,"LineNumber":0,"Properties":[]},"Attachments":[],"Outcome":1,"ErrorMessage":null,"ErrorStackTrace":null,"DisplayName":"OrbitService_Test.OutboundDFe.usecases.OutboundNFeRegisterUseCaseTest.ShouldRegisterInboundNFeRegisterWithSuccessAndStatusOrbitErro","Messages":[],"ComputerName":"DESKTOP-P1UVUT9","Duration":"00:00:00.0030025","StartTime":"2022-10-11T14:48:32.1931221+00:00","EndTime":"2022-10-11T14:48:32.1931235+00:00","Properties":[]}],"TestRunStatistics":{"ExecutedTests":9,"Stats":{"Passed":9}},"ActiveTests":[]},"RunAttachments":[],"ExecutorUris":["executor://xunit/VsTestRunner2/netcoreapp"]}}
TpTrace Verbose: 0 : 21752, 14, 2022/10/11, 11:48:32.231, 3198698543150, vstest.console.dll, TestRequestSender.EndSession: Sending end session.
TpTrace Verbose: 0 : 21752, 14, 2022/10/11, 11:48:32.231, 3198698545029, vstest.console.dll, ProxyOperationManager.Close: waiting for test host to exit for 100 ms
TpTrace Warning: 0 : 21752, 13, 2022/10/11, 11:48:32.260, 3198698836077, vstest.console.dll, TestHostManagerCallbacks.ErrorReceivedCallback Test host standard error line: 
TpTrace Verbose: 0 : 21752, 13, 2022/10/11, 11:48:32.277, 3198699002965, vstest.console.dll, TestHostProvider.ExitCallBack: Host exited starting callback.
TpTrace Information: 0 : 21752, 13, 2022/10/11, 11:48:32.278, 3198699007759, vstest.console.dll, TestHostManagerCallbacks.ExitCallBack: Testhost processId: 42324 exited with exitcode: 0 error: ''
TpTrace Verbose: 0 : 21752, 13, 2022/10/11, 11:48:32.278, 3198699008316, vstest.console.dll, DotnetTestHostManager.OnHostExited: invoking OnHostExited callback
TpTrace Verbose: 0 : 21752, 13, 2022/10/11, 11:48:32.278, 3198699009001, vstest.console.dll, CrossPlatEngine.TestHostManagerHostExited: calling on client process exit callback.
TpTrace Information: 0 : 21752, 13, 2022/10/11, 11:48:32.278, 3198699010025, vstest.console.dll, TestRequestSender.OnClientProcessExit: Test host process exited. Standard error: 
TpTrace Information: 0 : 21752, 13, 2022/10/11, 11:48:32.278, 3198699010552, vstest.console.dll, SocketServer.Stop: Stop server endPoint: 127.0.0.1:53362
TpTrace Information: 0 : 21752, 13, 2022/10/11, 11:48:32.278, 3198699010943, vstest.console.dll, SocketServer.Stop: Cancellation requested. Stopping message loop.
TpTrace Information: 0 : 21752, 14, 2022/10/11, 11:48:32.278, 3198699010672, vstest.console.dll, SocketServer.Stop: Stop server endPoint: 127.0.0.1:53362
TpTrace Information: 0 : 21752, 14, 2022/10/11, 11:48:32.278, 3198699011901, vstest.console.dll, SocketServer.Stop: Cancellation requested. Stopping message loop.
TpTrace Verbose: 0 : 21752, 13, 2022/10/11, 11:48:32.278, 3198699012192, vstest.console.dll, MulticastDelegateUtilities.SafeInvoke: HostProviderEvents.OnHostExited: Invoking callback 1/1 for Microsoft.VisualStudio.TestPlatform.CrossPlatEngine.Client.ProxyOperationManager.TestHostManagerHostExited, took 0 ms.
TpTrace Information: 0 : 21752, 14, 2022/10/11, 11:48:32.278, 3198699012459, vstest.console.dll, Closing the connection
TpTrace Verbose: 0 : 21752, 14, 2022/10/11, 11:48:32.279, 3198699019147, vstest.console.dll, ProxyDataCollectionManager.InvokeDataCollectionServiceAction: Starting.
TpTrace Information: 0 : 21752, 14, 2022/10/11, 11:48:32.279, 3198699019914, vstest.console.dll, ProxyDataCollectionManager.AfterTestRunEnd: Get attachment set and invoked data collectors processId: 11832 port: 53359
TpTrace Verbose: 0 : 21752, 14, 2022/10/11, 11:48:32.279, 3198699020643, vstest.console.dll, DataCollectionRequestSender.SendAfterTestRunStartAndGetResult: Send AfterTestRunEnd message with isCancelled: False
TpTrace Verbose: 0 : 21752, 14, 2022/10/11, 11:48:32.287, 3198699102776, vstest.console.dll, DataCollectionRequestSender.SendAfterTestRunStartAndGetResult: Received message: (DataCollection.AfterTestRunEndResult) -> {
  "AttachmentSets": [],
  "InvokedDataCollectors": [
    {
      "Uri": "datacollector://Microsoft/TestPlatform/Extensions/Blame/v1",
      "FriendlyName": "Blame",
      "AssemblyQualifiedName": "Microsoft.TestPlatform.Extensions.BlameDataCollector.BlameCollector, Microsoft.TestPlatform.Extensions.BlameDataCollector, Version=15.0.0.0, Culture=neutral, PublicKeyToken=b03f5f7f11d50a3a",
      "FilePath": "c:\\program files\\dotnet\\sdk\\6.0.302\\Extensions\\Microsoft.TestPlatform.Extensions.BlameDataCollector.dll",
      "HasAttachmentProcessor": false
    }
  ],
  "Metrics": {}
}
TpTrace Information: 0 : 21752, 14, 2022/10/11, 11:48:32.293, 3198699158848, vstest.console.dll, ProxyDataCollectionManager.InvokeDataCollectionServiceAction: Completed.
TpTrace Warning: 0 : 21752, 10, 2022/10/11, 11:48:32.293, 3198699162029, vstest.console.dll, DataCollectionLauncher.ErrorReceivedCallback datacollector standard error line: 
TpTrace Information: 0 : 21752, 10, 2022/10/11, 11:48:32.299, 3198699221336, vstest.console.dll, DataCollectionLauncher.ExitCallBack: Data collector exited with exitcode: 0 error: ''
TpTrace Verbose: 0 : 21752, 14, 2022/10/11, 11:48:32.327, 3198699497269, vstest.console.dll, TestRunRequest:SendTestRunStatsChange: Starting.
TpTrace Verbose: 0 : 21752, 14, 2022/10/11, 11:48:32.327, 3198699498446, vstest.console.dll, MulticastDelegateUtilities.SafeInvoke: TestRun.RunStatsChanged: Invoking callbacks was skipped because there are no subscribers.
TpTrace Information: 0 : 21752, 14, 2022/10/11, 11:48:32.327, 3198699498867, vstest.console.dll, TestRunRequest:SendTestRunStatsChange: Completed.
TpTrace Verbose: 0 : 21752, 4, 2022/10/11, 11:48:32.327, 3198699499613, vstest.console.dll, MulticastDelegateUtilities.SafeInvoke: InternalTestLoggerEvents.SendTestResult: Invoking callback 1/1 for Microsoft.VisualStudio.TestPlatform.CommandLine.Internal.ConsoleLogger.TestResultHandler, took 0 ms.
TpTrace Verbose: 0 : 21752, 4, 2022/10/11, 11:48:32.327, 3198699500720, vstest.console.dll, MulticastDelegateUtilities.SafeInvoke: InternalTestLoggerEvents.SendTestResult: Invoking callback 1/1 for Microsoft.VisualStudio.TestPlatform.CommandLine.Internal.ConsoleLogger.TestResultHandler, took 0 ms.
TpTrace Verbose: 0 : 21752, 4, 2022/10/11, 11:48:32.327, 3198699501371, vstest.console.dll, MulticastDelegateUtilities.SafeInvoke: InternalTestLoggerEvents.SendTestResult: Invoking callback 1/1 for Microsoft.VisualStudio.TestPlatform.CommandLine.Internal.ConsoleLogger.TestResultHandler, took 0 ms.
TpTrace Verbose: 0 : 21752, 14, 2022/10/11, 11:48:32.327, 3198699501535, vstest.console.dll, ParallelProxyExecutionManager: HandlePartialRunComplete: Total completed clients = 1, Run complete = True, Run canceled: False.
TpTrace Verbose: 0 : 21752, 4, 2022/10/11, 11:48:32.327, 3198699501961, vstest.console.dll, MulticastDelegateUtilities.SafeInvoke: InternalTestLoggerEvents.SendTestResult: Invoking callback 1/1 for Microsoft.VisualStudio.TestPlatform.CommandLine.Internal.ConsoleLogger.TestResultHandler, took 0 ms.
TpTrace Verbose: 0 : 21752, 4, 2022/10/11, 11:48:32.327, 3198699503210, vstest.console.dll, MulticastDelegateUtilities.SafeInvoke: InternalTestLoggerEvents.SendTestResult: Invoking callback 1/1 for Microsoft.VisualStudio.TestPlatform.CommandLine.Internal.ConsoleLogger.TestResultHandler, took 0 ms.
TpTrace Verbose: 0 : 21752, 4, 2022/10/11, 11:48:32.327, 3198699503925, vstest.console.dll, MulticastDelegateUtilities.SafeInvoke: InternalTestLoggerEvents.SendTestResult: Invoking callback 1/1 for Microsoft.VisualStudio.TestPlatform.CommandLine.Internal.ConsoleLogger.TestResultHandler, took 0 ms.
TpTrace Verbose: 0 : 21752, 4, 2022/10/11, 11:48:32.327, 3198699504458, vstest.console.dll, MulticastDelegateUtilities.SafeInvoke: InternalTestLoggerEvents.SendTestResult: Invoking callback 1/1 for Microsoft.VisualStudio.TestPlatform.CommandLine.Internal.ConsoleLogger.TestResultHandler, took 0 ms.
TpTrace Verbose: 0 : 21752, 4, 2022/10/11, 11:48:32.327, 3198699505226, vstest.console.dll, MulticastDelegateUtilities.SafeInvoke: InternalTestLoggerEvents.SendTestResult: Invoking callback 1/1 for Microsoft.VisualStudio.TestPlatform.CommandLine.Internal.ConsoleLogger.TestResultHandler, took 0 ms.
TpTrace Verbose: 0 : 21752, 4, 2022/10/11, 11:48:32.338, 3198699613160, vstest.console.dll, MulticastDelegateUtilities.SafeInvoke: InternalTestLoggerEvents.SendTestRunComplete: Invoking callback 1/2 for Microsoft.TestPlatform.Extensions.BlameDataCollector.BlameLogger.TestRunCompleteHandler, took 0 ms.
TpTrace Verbose: 0 : 21752, 4, 2022/10/11, 11:48:32.345, 3198699679329, vstest.console.dll, MulticastDelegateUtilities.SafeInvoke: InternalTestLoggerEvents.SendTestRunComplete: Invoking callback 2/2 for Microsoft.VisualStudio.TestPlatform.CommandLine.Internal.ConsoleLogger.TestRunCompleteHandler, took 6 ms.
TpTrace Verbose: 0 : 21752, 14, 2022/10/11, 11:48:32.345, 3198699682723, vstest.console.dll, TestRunRequest:TestRunComplete: Starting. IsAborted:False IsCanceled:False.
TpTrace Verbose: 0 : 21752, 14, 2022/10/11, 11:48:32.346, 3198699694482, vstest.console.dll, TestLoggerManager.HandleTestRunComplete: Ignoring as the object is disposed.
TpTrace Verbose: 0 : 21752, 14, 2022/10/11, 11:48:32.347, 3198699697240, vstest.console.dll, MulticastDelegateUtilities.SafeInvoke: TestRun.TestRunComplete: Invoking callback 1/2 for Microsoft.VisualStudio.TestPlatform.CommandLine.TestRunResultAggregator.TestRunCompletionHandler, took 0 ms.
TpTrace Verbose: 0 : 21752, 14, 2022/10/11, 11:48:32.347, 3198699698227, vstest.console.dll, MulticastDelegateUtilities.SafeInvoke: TestRun.TestRunComplete: Invoking callback 2/2 for Microsoft.VisualStudio.TestPlatform.CommandLine.Processors.RunTestsArgumentExecutor+TestRunRequestEventsRegistrar.TestRunRequest_OnRunCompletion, took 0 ms.
TpTrace Information: 0 : 21752, 14, 2022/10/11, 11:48:32.347, 3198699699491, vstest.console.dll, TestRunRequest:TestRunComplete: Completed.
TpTrace Verbose: 0 : 21752, 1, 2022/10/11, 11:48:32.347, 3198699699798, vstest.console.dll, TestRunRequest.Dispose: Starting.
TpTrace Verbose: 0 : 21752, 14, 2022/10/11, 11:48:32.347, 3198699700210, vstest.console.dll, TestRequestSender.SetOperationComplete: Setting operation complete.
TpTrace Information: 0 : 21752, 1, 2022/10/11, 11:48:32.347, 3198699701023, vstest.console.dll, TestRunRequest.Dispose: Completed.
TpTrace Information: 0 : 21752, 14, 2022/10/11, 11:48:32.347, 3198699701378, vstest.console.dll, SocketServer.Stop: Stop server endPoint: 127.0.0.1:53362
TpTrace Information: 0 : 21752, 14, 2022/10/11, 11:48:32.347, 3198699702482, vstest.console.dll, SocketServer.Stop: Cancellation requested. Stopping message loop.
TpTrace Information: 0 : 21752, 1, 2022/10/11, 11:48:32.347, 3198699702186, vstest.console.dll, TestRequestManager.RunTests: run tests completed.
TpTrace Verbose: 0 : 21752, 14, 2022/10/11, 11:48:32.347, 3198699702936, vstest.console.dll, MulticastDelegateUtilities.SafeInvoke: LengthPrefixCommunicationChannel: MessageReceived: Invoking callback 1/1 for Microsoft.VisualStudio.TestPlatform.CommunicationUtilities.TestRequestSender+<>c__DisplayClass30_0.<StartTestRun>b__1, took 116 ms.
TpTrace Information: 0 : 21752, 14, 2022/10/11, 11:48:32.347, 3198699703996, vstest.console.dll, SocketServer.PrivateStop: Stopping server endPoint: 127.0.0.1:53362 error: 
TpTrace Information: 0 : 21752, 1, 2022/10/11, 11:48:32.347, 3198699703989, vstest.console.dll, RunTestsArgumentProcessor:Execute: Test run is completed.
TpTrace Verbose: 0 : 21752, 1, 2022/10/11, 11:48:32.347, 3198699706477, vstest.console.dll, Executor.Execute: Exiting with exit code of 0
TpTrace Verbose: 0 : 21752, 14, 2022/10/11, 11:48:32.348, 3198699709672, vstest.console.dll, LengthPrefixCommunicationChannel.Dispose: Dispose reader and writer.
TpTrace Information: 0 : 21752, 14, 2022/10/11, 11:48:32.348, 3198699710669, vstest.console.dll, SocketServer.Stop: Raise disconnected event endPoint: 127.0.0.1:53362 error: 
TpTrace Verbose: 0 : 21752, 14, 2022/10/11, 11:48:32.348, 3198699711360, vstest.console.dll, TestRequestSender: OnTestRunAbort: Operation is already complete. Skip error message.
TpTrace Verbose: 0 : 21752, 14, 2022/10/11, 11:48:32.348, 3198699711888, vstest.console.dll, MulticastDelegateUtilities.SafeInvoke: SocketServer: ClientDisconnected: Invoking callback 1/1 for Microsoft.VisualStudio.TestPlatform.CommunicationUtilities.TestRequestSender.<InitializeCommunication>b__23_1, took 0 ms.
TpTrace Verbose: 0 : 21752, 14, 2022/10/11, 11:48:32.348, 3198699712324, vstest.console.dll, TcpClientExtensions.MessageLoopAsync: exiting MessageLoopAsync remoteEndPoint: 127.0.0.1:53364 localEndPoint: 127.0.0.1:53362
