TpTrace Verbose: 0 : 39548, 1, 2022/10/11, 11:48:51.003, 3198886259211, vstest.console.dll, Version: 17.2.0-release-20220408-11 Current process architecture: X64
TpTrace Information: 0 : 39548, 1, 2022/10/11, 11:48:51.013, 3198886362108, vstest.console.dll, FilePatternParser: The given file C:\Users\luisf\Desktop\Repositori B1 Dev\OrbitService\OrbitService\test\Inbound-NFSe-Test\bin\Debug\netcoreapp3.1\fine-code-coverage\build-output\OrbitService_Test.dll is a full path.
TpTrace Verbose: 0 : 39548, 1, 2022/10/11, 11:48:51.021, 3198886442478, vstest.console.dll, TestPluginCache.DiscoverTestExtensions: finding test extensions in assemblies ends with: RuntimeProvider.dll TPluginInfo: Microsoft.VisualStudio.TestPlatform.Common.ExtensionFramework.Utilities.TestRuntimePluginInformation TExtension: Microsoft.VisualStudio.TestPlatform.ObjectModel.Host.ITestRuntimeProvider
TpTrace Verbose: 0 : 39548, 1, 2022/10/11, 11:48:51.021, 3198886446309, vstest.console.dll, TestPluginCache.GetExtensionPaths: Filtered extension paths: 
TpTrace Verbose: 0 : 39548, 1, 2022/10/11, 11:48:51.022, 3198886447921, vstest.console.dll, TestPluginCache.GetExtensionPaths: Added default extension paths: c:\program files\dotnet\sdk\6.0.302\Extensions\DumpMinitool.exe
c:\program files\dotnet\sdk\6.0.302\Extensions\DumpMinitool.x86.exe
c:\program files\dotnet\sdk\6.0.302\Extensions\Microsoft.Diagnostics.NETCore.Client.dll
c:\program files\dotnet\sdk\6.0.302\Extensions\Microsoft.TestPlatform.Extensions.BlameDataCollector.dll
c:\program files\dotnet\sdk\6.0.302\Extensions\Microsoft.TestPlatform.Extensions.EventLogCollector.dll
c:\program files\dotnet\sdk\6.0.302\Extensions\Microsoft.TestPlatform.TestHostRuntimeProvider.dll
c:\program files\dotnet\sdk\6.0.302\Extensions\Microsoft.VisualStudio.TestPlatform.Extensions.Html.TestLogger.dll
c:\program files\dotnet\sdk\6.0.302\Extensions\Microsoft.VisualStudio.TestPlatform.Extensions.Trx.TestLogger.dll
TpTrace Verbose: 0 : 39548, 1, 2022/10/11, 11:48:51.022, 3198886448581, vstest.console.dll, TestPluginCache.GetExtensionPaths: Added unfilterableExtensionPaths: 
TpTrace Information: 0 : 39548, 1, 2022/10/11, 11:48:51.022, 3198886455955, vstest.console.dll, AssemblyResolver.ctor: Creating AssemblyResolver with searchDirectories c:\program files\dotnet\sdk\6.0.302\Extensions,c:\program files\dotnet\sdk\6.0.302
TpTrace Verbose: 0 : 39548, 1, 2022/10/11, 11:48:51.024, 3198886468305, vstest.console.dll, TestPluginCache.DiscoverTestExtensions: Discovering the extensions using extension path.
TpTrace Verbose: 0 : 39548, 1, 2022/10/11, 11:48:51.024, 3198886469739, vstest.console.dll, TestPluginCache.GetExtensionPaths: Filtered extension paths: 
TpTrace Verbose: 0 : 39548, 1, 2022/10/11, 11:48:51.024, 3198886470329, vstest.console.dll, TestPluginCache.GetExtensionPaths: Added default extension paths: c:\program files\dotnet\sdk\6.0.302\Extensions\DumpMinitool.exe
c:\program files\dotnet\sdk\6.0.302\Extensions\DumpMinitool.x86.exe
c:\program files\dotnet\sdk\6.0.302\Extensions\Microsoft.Diagnostics.NETCore.Client.dll
c:\program files\dotnet\sdk\6.0.302\Extensions\Microsoft.TestPlatform.Extensions.BlameDataCollector.dll
c:\program files\dotnet\sdk\6.0.302\Extensions\Microsoft.TestPlatform.Extensions.EventLogCollector.dll
c:\program files\dotnet\sdk\6.0.302\Extensions\Microsoft.TestPlatform.TestHostRuntimeProvider.dll
c:\program files\dotnet\sdk\6.0.302\Extensions\Microsoft.VisualStudio.TestPlatform.Extensions.Html.TestLogger.dll
c:\program files\dotnet\sdk\6.0.302\Extensions\Microsoft.VisualStudio.TestPlatform.Extensions.Trx.TestLogger.dll
TpTrace Verbose: 0 : 39548, 1, 2022/10/11, 11:48:51.024, 3198886470846, vstest.console.dll, TestPluginCache.GetExtensionPaths: Added unfilterableExtensionPaths: 
TpTrace Verbose: 0 : 39548, 1, 2022/10/11, 11:48:51.024, 3198886471759, vstest.console.dll, TestPluginCache.DiscoverTestExtensions: Discovering the extensions using allExtensionPaths: c:\program files\dotnet\sdk\6.0.302\Extensions\DumpMinitool.exe
c:\program files\dotnet\sdk\6.0.302\Extensions\DumpMinitool.x86.exe
c:\program files\dotnet\sdk\6.0.302\Extensions\Microsoft.Diagnostics.NETCore.Client.dll
c:\program files\dotnet\sdk\6.0.302\Extensions\Microsoft.TestPlatform.Extensions.BlameDataCollector.dll
c:\program files\dotnet\sdk\6.0.302\Extensions\Microsoft.TestPlatform.Extensions.EventLogCollector.dll
c:\program files\dotnet\sdk\6.0.302\Extensions\Microsoft.TestPlatform.TestHostRuntimeProvider.dll
c:\program files\dotnet\sdk\6.0.302\Extensions\Microsoft.VisualStudio.TestPlatform.Extensions.Html.TestLogger.dll
c:\program files\dotnet\sdk\6.0.302\Extensions\Microsoft.VisualStudio.TestPlatform.Extensions.Trx.TestLogger.dll
TpTrace Information: 0 : 39548, 1, 2022/10/11, 11:48:51.024, 3198886473819, vstest.console.dll, AssemblyResolver.AddSearchDirectories: Adding more searchDirectories c:\program files\dotnet\sdk\6.0.302\Extensions,c:\program files\dotnet\sdk\6.0.302
TpTrace Information: 0 : 39548, 1, 2022/10/11, 11:48:51.024, 3198886474502, vstest.console.dll, AssemblyResolver.AddSearchDirectories: Adding more searchDirectories c:\program files\dotnet\sdk\6.0.302\Extensions,c:\program files\dotnet\sdk\6.0.302
TpTrace Information: 0 : 39548, 1, 2022/10/11, 11:48:51.024, 3198886475020, vstest.console.dll, AssemblyResolver.AddSearchDirectories: Adding more searchDirectories c:\program files\dotnet\sdk\6.0.302\Extensions,c:\program files\dotnet\sdk\6.0.302
TpTrace Information: 0 : 39548, 1, 2022/10/11, 11:48:51.024, 3198886475401, vstest.console.dll, AssemblyResolver.AddSearchDirectories: Adding more searchDirectories c:\program files\dotnet\sdk\6.0.302\Extensions,c:\program files\dotnet\sdk\6.0.302
TpTrace Information: 0 : 39548, 1, 2022/10/11, 11:48:51.024, 3198886475759, vstest.console.dll, AssemblyResolver.AddSearchDirectories: Adding more searchDirectories c:\program files\dotnet\sdk\6.0.302\Extensions,c:\program files\dotnet\sdk\6.0.302
TpTrace Information: 0 : 39548, 1, 2022/10/11, 11:48:51.024, 3198886476178, vstest.console.dll, AssemblyResolver.AddSearchDirectories: Adding more searchDirectories c:\program files\dotnet\sdk\6.0.302\Extensions,c:\program files\dotnet\sdk\6.0.302
TpTrace Information: 0 : 39548, 1, 2022/10/11, 11:48:51.024, 3198886476545, vstest.console.dll, AssemblyResolver.AddSearchDirectories: Adding more searchDirectories c:\program files\dotnet\sdk\6.0.302\Extensions,c:\program files\dotnet\sdk\6.0.302
TpTrace Information: 0 : 39548, 1, 2022/10/11, 11:48:51.025, 3198886477256, vstest.console.dll, AssemblyResolver.AddSearchDirectories: Adding more searchDirectories c:\program files\dotnet\sdk\6.0.302\Extensions,c:\program files\dotnet\sdk\6.0.302
TpTrace Information: 0 : 39548, 1, 2022/10/11, 11:48:51.025, 3198886481425, vstest.console.dll, AssemblyResolver.OnResolve: DumpMinitool: Resolving assembly.
TpTrace Information: 0 : 39548, 1, 2022/10/11, 11:48:51.025, 3198886482301, vstest.console.dll, AssemblyResolver.OnResolve: DumpMinitool: Searching in: 'c:\program files\dotnet\sdk\6.0.302\Extensions'.
TpTrace Information: 0 : 39548, 1, 2022/10/11, 11:48:51.025, 3198886483513, vstest.console.dll, AssemblyResolver.OnResolve: DumpMinitool: Assembly path does not exist: 'c:\program files\dotnet\sdk\6.0.302\Extensions\DumpMinitool.dll', returning.
TpTrace Information: 0 : 39548, 1, 2022/10/11, 11:48:51.026, 3198886489680, vstest.console.dll, AssemblyResolver.OnResolve: DumpMinitool: Loading assembly 'c:\program files\dotnet\sdk\6.0.302\Extensions\DumpMinitool.exe'.
TpTrace Information: 0 : 39548, 1, 2022/10/11, 11:48:51.027, 3198886500112, vstest.console.dll, AssemblyResolver.OnResolve: Resolved assembly: DumpMinitool, from path: c:\program files\dotnet\sdk\6.0.302\Extensions\DumpMinitool.exe
TpTrace Verbose: 0 : 39548, 1, 2022/10/11, 11:48:51.033, 3198886563071, vstest.console.dll, MetadataReaderExtensionsHelper: Discovering extensions inside assembly 'DumpMinitool, Version=15.0.0.0, Culture=neutral, PublicKeyToken=b03f5f7f11d50a3a' file path 'c:\program files\dotnet\sdk\6.0.302\Extensions\DumpMinitool.exe'
TpTrace Information: 0 : 39548, 1, 2022/10/11, 11:48:51.041, 3198886646084, vstest.console.dll, AssemblyResolver.OnResolve: DumpMinitool.x86: Resolving assembly.
TpTrace Information: 0 : 39548, 1, 2022/10/11, 11:48:51.042, 3198886647218, vstest.console.dll, AssemblyResolver.OnResolve: DumpMinitool.x86: Searching in: 'c:\program files\dotnet\sdk\6.0.302\Extensions'.
TpTrace Information: 0 : 39548, 1, 2022/10/11, 11:48:51.042, 3198886648251, vstest.console.dll, AssemblyResolver.OnResolve: DumpMinitool.x86: Assembly path does not exist: 'c:\program files\dotnet\sdk\6.0.302\Extensions\DumpMinitool.x86.dll', returning.
TpTrace Information: 0 : 39548, 1, 2022/10/11, 11:48:51.042, 3198886652698, vstest.console.dll, AssemblyResolver.OnResolve: DumpMinitool.x86: Loading assembly 'c:\program files\dotnet\sdk\6.0.302\Extensions\DumpMinitool.x86.exe'.
TpTrace Information: 0 : 39548, 1, 2022/10/11, 11:48:51.043, 3198886662025, vstest.console.dll, AssemblyResolver.OnResolve: Resolved assembly: DumpMinitool.x86, from path: c:\program files\dotnet\sdk\6.0.302\Extensions\DumpMinitool.x86.exe
TpTrace Verbose: 0 : 39548, 1, 2022/10/11, 11:48:51.043, 3198886662878, vstest.console.dll, MetadataReaderExtensionsHelper: Discovering extensions inside assembly 'DumpMinitool.x86, Version=15.0.0.0, Culture=neutral, PublicKeyToken=b03f5f7f11d50a3a' file path 'c:\program files\dotnet\sdk\6.0.302\Extensions\DumpMinitool.x86.exe'
TpTrace Information: 0 : 39548, 1, 2022/10/11, 11:48:51.044, 3198886671374, vstest.console.dll, AssemblyResolver.OnResolve: Microsoft.Diagnostics.NETCore.Client: Resolving assembly.
TpTrace Information: 0 : 39548, 1, 2022/10/11, 11:48:51.044, 3198886672265, vstest.console.dll, AssemblyResolver.OnResolve: Microsoft.Diagnostics.NETCore.Client: Searching in: 'c:\program files\dotnet\sdk\6.0.302\Extensions'.
TpTrace Information: 0 : 39548, 1, 2022/10/11, 11:48:51.045, 3198886677212, vstest.console.dll, AssemblyResolver.OnResolve: Microsoft.Diagnostics.NETCore.Client: Loading assembly 'c:\program files\dotnet\sdk\6.0.302\Extensions\Microsoft.Diagnostics.NETCore.Client.dll'.
TpTrace Information: 0 : 39548, 1, 2022/10/11, 11:48:51.046, 3198886687780, vstest.console.dll, AssemblyResolver.OnResolve: Resolved assembly: Microsoft.Diagnostics.NETCore.Client, from path: c:\program files\dotnet\sdk\6.0.302\Extensions\Microsoft.Diagnostics.NETCore.Client.dll
TpTrace Verbose: 0 : 39548, 1, 2022/10/11, 11:48:51.046, 3198886688678, vstest.console.dll, MetadataReaderExtensionsHelper: Discovering extensions inside assembly 'Microsoft.Diagnostics.NETCore.Client, Version=0.2.5.801, Culture=neutral, PublicKeyToken=31bf3856ad364e35' file path 'c:\program files\dotnet\sdk\6.0.302\Extensions\Microsoft.Diagnostics.NETCore.Client.dll'
TpTrace Information: 0 : 39548, 1, 2022/10/11, 11:48:51.054, 3198886771232, vstest.console.dll, AssemblyResolver.OnResolve: Microsoft.Bcl.AsyncInterfaces: Resolving assembly.
TpTrace Information: 0 : 39548, 1, 2022/10/11, 11:48:51.054, 3198886772233, vstest.console.dll, AssemblyResolver.OnResolve: Microsoft.Bcl.AsyncInterfaces: Searching in: 'c:\program files\dotnet\sdk\6.0.302\Extensions'.
TpTrace Information: 0 : 39548, 1, 2022/10/11, 11:48:51.054, 3198886773298, vstest.console.dll, AssemblyResolver.OnResolve: Microsoft.Bcl.AsyncInterfaces: Assembly path does not exist: 'c:\program files\dotnet\sdk\6.0.302\Extensions\Microsoft.Bcl.AsyncInterfaces.dll', returning.
TpTrace Information: 0 : 39548, 1, 2022/10/11, 11:48:51.054, 3198886774295, vstest.console.dll, AssemblyResolver.OnResolve: Microsoft.Bcl.AsyncInterfaces: Assembly path does not exist: 'c:\program files\dotnet\sdk\6.0.302\Extensions\Microsoft.Bcl.AsyncInterfaces.exe', returning.
TpTrace Information: 0 : 39548, 1, 2022/10/11, 11:48:51.054, 3198886774732, vstest.console.dll, AssemblyResolver.OnResolve: Microsoft.Bcl.AsyncInterfaces: Searching in: 'c:\program files\dotnet\sdk\6.0.302'.
TpTrace Information: 0 : 39548, 1, 2022/10/11, 11:48:51.054, 3198886775564, vstest.console.dll, AssemblyResolver.OnResolve: Microsoft.Bcl.AsyncInterfaces: Assembly path does not exist: 'c:\program files\dotnet\sdk\6.0.302\Microsoft.Bcl.AsyncInterfaces.dll', returning.
TpTrace Information: 0 : 39548, 1, 2022/10/11, 11:48:51.054, 3198886776454, vstest.console.dll, AssemblyResolver.OnResolve: Microsoft.Bcl.AsyncInterfaces: Assembly path does not exist: 'c:\program files\dotnet\sdk\6.0.302\Microsoft.Bcl.AsyncInterfaces.exe', returning.
TpTrace Information: 0 : 39548, 1, 2022/10/11, 11:48:51.055, 3198886777241, vstest.console.dll, AssemblyResolver.OnResolve: Microsoft.Bcl.AsyncInterfaces: Failed to load assembly.
TpTrace Verbose: 0 : 39548, 1, 2022/10/11, 11:48:51.055, 3198886777785, vstest.console.dll, CurrentDomainAssemblyResolve: Resolving assembly 'Microsoft.Bcl.AsyncInterfaces'.
TpTrace Information: 0 : 39548, 1, 2022/10/11, 11:48:51.055, 3198886778610, vstest.console.dll, AssemblyResolver.OnResolve: Microsoft.Bcl.AsyncInterfaces: Resolving assembly.
TpTrace Information: 0 : 39548, 1, 2022/10/11, 11:48:51.055, 3198886779170, vstest.console.dll, AssemblyResolver.OnResolve: Microsoft.Bcl.AsyncInterfaces: Resolved from cache.
TpTrace Verbose: 0 : 39548, 1, 2022/10/11, 11:48:51.055, 3198886779696, vstest.console.dll, CurrentDomainAssemblyResolve: Resolving assembly 'Microsoft.Bcl.AsyncInterfaces'.
TpTrace Verbose: 0 : 39548, 1, 2022/10/11, 11:48:51.055, 3198886780282, vstest.console.dll, CurrentDomainAssemblyResolve: Failed to resolve assembly 'Microsoft.Bcl.AsyncInterfaces'.
TpTrace Verbose: 0 : 39548, 1, 2022/10/11, 11:48:51.055, 3198886785221, vstest.console.dll, CurrentDomainAssemblyResolve: Failed to resolve assembly 'Microsoft.Bcl.AsyncInterfaces'.
TpTrace Warning: 0 : 39548, 1, 2022/10/11, 11:48:51.070, 3198886930844, vstest.console.dll, TestPluginDiscoverer: Failed to get types from assembly 'Microsoft.Diagnostics.NETCore.Client, Version=0.2.5.801, Culture=neutral, PublicKeyToken=31bf3856ad364e35'. Error: System.Reflection.ReflectionTypeLoadException: Unable to load one or more of the requested types.
Could not load file or assembly 'Microsoft.Bcl.AsyncInterfaces, Version=1.0.0.0, Culture=neutral, PublicKeyToken=cc7b13ffcd2ddd51'. O sistema não pode encontrar o arquivo especificado.
   at System.Reflection.RuntimeModule.GetTypes(RuntimeModule module)
   at System.Reflection.Assembly.GetTypes()
   at Microsoft.VisualStudio.TestPlatform.Common.ExtensionFramework.TestPluginDiscoverer.GetTestExtensionsFromAssembly[TPluginInfo,TExtension](Assembly assembly, Dictionary`2 pluginInfos, String filePath)
System.IO.FileNotFoundException: Could not load file or assembly 'Microsoft.Bcl.AsyncInterfaces, Version=1.0.0.0, Culture=neutral, PublicKeyToken=cc7b13ffcd2ddd51'. O sistema não pode encontrar o arquivo especificado.
File name: 'Microsoft.Bcl.AsyncInterfaces, Version=1.0.0.0, Culture=neutral, PublicKeyToken=cc7b13ffcd2ddd51'
 ---> System.IO.FileNotFoundException: Could not load file or assembly 'Microsoft.Bcl.AsyncInterfaces, Culture=neutral, PublicKeyToken=null'. O sistema não pode encontrar o arquivo especificado.
File name: 'Microsoft.Bcl.AsyncInterfaces, Culture=neutral, PublicKeyToken=null'
   at System.Reflection.RuntimeAssembly.InternalLoad(ObjectHandleOnStack assemblyName, ObjectHandleOnStack requestingAssembly, StackCrawlMarkHandle stackMark, Boolean throwOnFileNotFound, ObjectHandleOnStack assemblyLoadContext, ObjectHandleOnStack retAssembly)
   at System.Reflection.RuntimeAssembly.InternalLoad(AssemblyName assemblyName, RuntimeAssembly requestingAssembly, StackCrawlMark& stackMark, Boolean throwOnFileNotFound, AssemblyLoadContext assemblyLoadContext)
   at System.Reflection.Assembly.Load(AssemblyName assemblyRef)
   at Microsoft.VisualStudio.TestPlatform.Common.ExtensionFramework.TestPluginCache.CurrentDomainAssemblyResolve(Object sender, AssemblyResolveEventArgs args)
   at Microsoft.VisualStudio.TestPlatform.PlatformAbstractions.PlatformAssemblyResolver.AssemblyResolverEvent(Object sender, Object eventArgs)
   at System.Runtime.Loader.AssemblyLoadContext.GetFirstResolvedAssemblyFromResolvingEvent(AssemblyName assemblyName)
   at System.Runtime.Loader.AssemblyLoadContext.ResolveUsingEvent(AssemblyName assemblyName)
   at System.Runtime.Loader.AssemblyLoadContext.ResolveUsingResolvingEvent(IntPtr gchManagedAssemblyLoadContext, AssemblyName assemblyName)
TpTrace Warning: 0 : 39548, 1, 2022/10/11, 11:48:51.070, 3198886934555, vstest.console.dll, LoaderExceptions: System.IO.FileNotFoundException: Could not load file or assembly 'Microsoft.Bcl.AsyncInterfaces, Version=1.0.0.0, Culture=neutral, PublicKeyToken=cc7b13ffcd2ddd51'. O sistema não pode encontrar o arquivo especificado.
File name: 'Microsoft.Bcl.AsyncInterfaces, Version=1.0.0.0, Culture=neutral, PublicKeyToken=cc7b13ffcd2ddd51'
 ---> System.IO.FileNotFoundException: Could not load file or assembly 'Microsoft.Bcl.AsyncInterfaces, Culture=neutral, PublicKeyToken=null'. O sistema não pode encontrar o arquivo especificado.
File name: 'Microsoft.Bcl.AsyncInterfaces, Culture=neutral, PublicKeyToken=null'
   at System.Reflection.RuntimeAssembly.InternalLoad(ObjectHandleOnStack assemblyName, ObjectHandleOnStack requestingAssembly, StackCrawlMarkHandle stackMark, Boolean throwOnFileNotFound, ObjectHandleOnStack assemblyLoadContext, ObjectHandleOnStack retAssembly)
   at System.Reflection.RuntimeAssembly.InternalLoad(AssemblyName assemblyName, RuntimeAssembly requestingAssembly, StackCrawlMark& stackMark, Boolean throwOnFileNotFound, AssemblyLoadContext assemblyLoadContext)
   at System.Reflection.Assembly.Load(AssemblyName assemblyRef)
   at Microsoft.VisualStudio.TestPlatform.Common.ExtensionFramework.TestPluginCache.CurrentDomainAssemblyResolve(Object sender, AssemblyResolveEventArgs args)
   at Microsoft.VisualStudio.TestPlatform.PlatformAbstractions.PlatformAssemblyResolver.AssemblyResolverEvent(Object sender, Object eventArgs)
   at System.Runtime.Loader.AssemblyLoadContext.GetFirstResolvedAssemblyFromResolvingEvent(AssemblyName assemblyName)
   at System.Runtime.Loader.AssemblyLoadContext.ResolveUsingEvent(AssemblyName assemblyName)
   at System.Runtime.Loader.AssemblyLoadContext.ResolveUsingResolvingEvent(IntPtr gchManagedAssemblyLoadContext, AssemblyName assemblyName)
TpTrace Information: 0 : 39548, 1, 2022/10/11, 11:48:51.070, 3198886935968, vstest.console.dll, AssemblyResolver.OnResolve: Microsoft.TestPlatform.Extensions.BlameDataCollector: Resolving assembly.
TpTrace Information: 0 : 39548, 1, 2022/10/11, 11:48:51.070, 3198886936488, vstest.console.dll, AssemblyResolver.OnResolve: Microsoft.TestPlatform.Extensions.BlameDataCollector: Searching in: 'c:\program files\dotnet\sdk\6.0.302\Extensions'.
TpTrace Information: 0 : 39548, 1, 2022/10/11, 11:48:51.071, 3198886941600, vstest.console.dll, AssemblyResolver.OnResolve: Microsoft.TestPlatform.Extensions.BlameDataCollector: Loading assembly 'c:\program files\dotnet\sdk\6.0.302\Extensions\Microsoft.TestPlatform.Extensions.BlameDataCollector.dll'.
TpTrace Information: 0 : 39548, 1, 2022/10/11, 11:48:51.072, 3198886951994, vstest.console.dll, AssemblyResolver.OnResolve: Resolved assembly: Microsoft.TestPlatform.Extensions.BlameDataCollector, from path: c:\program files\dotnet\sdk\6.0.302\Extensions\Microsoft.TestPlatform.Extensions.BlameDataCollector.dll
TpTrace Verbose: 0 : 39548, 1, 2022/10/11, 11:48:51.072, 3198886952803, vstest.console.dll, MetadataReaderExtensionsHelper: Discovering extensions inside assembly 'Microsoft.TestPlatform.Extensions.BlameDataCollector, Version=15.0.0.0, Culture=neutral, PublicKeyToken=b03f5f7f11d50a3a' file path 'c:\program files\dotnet\sdk\6.0.302\Extensions\Microsoft.TestPlatform.Extensions.BlameDataCollector.dll'
TpTrace Information: 0 : 39548, 1, 2022/10/11, 11:48:51.074, 3198886968686, vstest.console.dll, AssemblyResolver.OnResolve: Microsoft.TestPlatform.Extensions.EventLogCollector: Resolving assembly.
TpTrace Information: 0 : 39548, 1, 2022/10/11, 11:48:51.074, 3198886969429, vstest.console.dll, AssemblyResolver.OnResolve: Microsoft.TestPlatform.Extensions.EventLogCollector: Searching in: 'c:\program files\dotnet\sdk\6.0.302\Extensions'.
TpTrace Information: 0 : 39548, 1, 2022/10/11, 11:48:51.074, 3198886974258, vstest.console.dll, AssemblyResolver.OnResolve: Microsoft.TestPlatform.Extensions.EventLogCollector: Loading assembly 'c:\program files\dotnet\sdk\6.0.302\Extensions\Microsoft.TestPlatform.Extensions.EventLogCollector.dll'.
TpTrace Information: 0 : 39548, 1, 2022/10/11, 11:48:51.075, 3198886980415, vstest.console.dll, AssemblyResolver.OnResolve: Resolved assembly: Microsoft.TestPlatform.Extensions.EventLogCollector, from path: c:\program files\dotnet\sdk\6.0.302\Extensions\Microsoft.TestPlatform.Extensions.EventLogCollector.dll
TpTrace Verbose: 0 : 39548, 1, 2022/10/11, 11:48:51.075, 3198886981509, vstest.console.dll, MetadataReaderExtensionsHelper: Discovering extensions inside assembly 'Microsoft.TestPlatform.Extensions.EventLogCollector, Version=15.0.0.0, Culture=neutral, PublicKeyToken=b03f5f7f11d50a3a' file path 'c:\program files\dotnet\sdk\6.0.302\Extensions\Microsoft.TestPlatform.Extensions.EventLogCollector.dll'
TpTrace Information: 0 : 39548, 1, 2022/10/11, 11:48:51.077, 3198886999398, vstest.console.dll, AssemblyResolver.OnResolve: Microsoft.TestPlatform.TestHostRuntimeProvider: Resolving assembly.
TpTrace Information: 0 : 39548, 1, 2022/10/11, 11:48:51.077, 3198887000235, vstest.console.dll, AssemblyResolver.OnResolve: Microsoft.TestPlatform.TestHostRuntimeProvider: Searching in: 'c:\program files\dotnet\sdk\6.0.302\Extensions'.
TpTrace Information: 0 : 39548, 1, 2022/10/11, 11:48:51.077, 3198887005255, vstest.console.dll, AssemblyResolver.OnResolve: Microsoft.TestPlatform.TestHostRuntimeProvider: Loading assembly 'c:\program files\dotnet\sdk\6.0.302\Extensions\Microsoft.TestPlatform.TestHostRuntimeProvider.dll'.
TpTrace Information: 0 : 39548, 1, 2022/10/11, 11:48:51.078, 3198887016285, vstest.console.dll, AssemblyResolver.OnResolve: Resolved assembly: Microsoft.TestPlatform.TestHostRuntimeProvider, from path: c:\program files\dotnet\sdk\6.0.302\Extensions\Microsoft.TestPlatform.TestHostRuntimeProvider.dll
TpTrace Verbose: 0 : 39548, 1, 2022/10/11, 11:48:51.079, 3198887017220, vstest.console.dll, MetadataReaderExtensionsHelper: Discovering extensions inside assembly 'Microsoft.TestPlatform.TestHostRuntimeProvider, Version=15.0.0.0, Culture=neutral, PublicKeyToken=b03f5f7f11d50a3a' file path 'c:\program files\dotnet\sdk\6.0.302\Extensions\Microsoft.TestPlatform.TestHostRuntimeProvider.dll'
TpTrace Information: 0 : 39548, 1, 2022/10/11, 11:48:51.081, 3198887041043, vstest.console.dll, GetTestExtensionFromType: Register extension with identifier data 'HostProvider://DefaultTestHost' and type 'Microsoft.VisualStudio.TestPlatform.CrossPlatEngine.Hosting.DefaultTestHostManager, Microsoft.TestPlatform.TestHostRuntimeProvider, Version=15.0.0.0, Culture=neutral, PublicKeyToken=b03f5f7f11d50a3a' inside file 'c:\program files\dotnet\sdk\6.0.302\Extensions\Microsoft.TestPlatform.TestHostRuntimeProvider.dll'
TpTrace Information: 0 : 39548, 1, 2022/10/11, 11:48:51.081, 3198887041939, vstest.console.dll, GetTestExtensionFromType: Register extension with identifier data 'HostProvider://DotnetTestHost' and type 'Microsoft.VisualStudio.TestPlatform.CrossPlatEngine.Hosting.DotnetTestHostManager, Microsoft.TestPlatform.TestHostRuntimeProvider, Version=15.0.0.0, Culture=neutral, PublicKeyToken=b03f5f7f11d50a3a' inside file 'c:\program files\dotnet\sdk\6.0.302\Extensions\Microsoft.TestPlatform.TestHostRuntimeProvider.dll'
TpTrace Information: 0 : 39548, 1, 2022/10/11, 11:48:51.081, 3198887042819, vstest.console.dll, AssemblyResolver.OnResolve: Microsoft.VisualStudio.TestPlatform.Extensions.Html.TestLogger: Resolving assembly.
TpTrace Information: 0 : 39548, 1, 2022/10/11, 11:48:51.081, 3198887043295, vstest.console.dll, AssemblyResolver.OnResolve: Microsoft.VisualStudio.TestPlatform.Extensions.Html.TestLogger: Searching in: 'c:\program files\dotnet\sdk\6.0.302\Extensions'.
TpTrace Information: 0 : 39548, 1, 2022/10/11, 11:48:51.082, 3198887047884, vstest.console.dll, AssemblyResolver.OnResolve: Microsoft.VisualStudio.TestPlatform.Extensions.Html.TestLogger: Loading assembly 'c:\program files\dotnet\sdk\6.0.302\Extensions\Microsoft.VisualStudio.TestPlatform.Extensions.Html.TestLogger.dll'.
TpTrace Information: 0 : 39548, 1, 2022/10/11, 11:48:51.083, 3198887059119, vstest.console.dll, AssemblyResolver.OnResolve: Resolved assembly: Microsoft.VisualStudio.TestPlatform.Extensions.Html.TestLogger, from path: c:\program files\dotnet\sdk\6.0.302\Extensions\Microsoft.VisualStudio.TestPlatform.Extensions.Html.TestLogger.dll
TpTrace Verbose: 0 : 39548, 1, 2022/10/11, 11:48:51.083, 3198887060297, vstest.console.dll, MetadataReaderExtensionsHelper: Discovering extensions inside assembly 'Microsoft.VisualStudio.TestPlatform.Extensions.Html.TestLogger, Version=15.0.0.0, Culture=neutral, PublicKeyToken=b03f5f7f11d50a3a' file path 'c:\program files\dotnet\sdk\6.0.302\Extensions\Microsoft.VisualStudio.TestPlatform.Extensions.Html.TestLogger.dll'
TpTrace Information: 0 : 39548, 1, 2022/10/11, 11:48:51.084, 3198887069364, vstest.console.dll, AssemblyResolver.OnResolve: Microsoft.VisualStudio.TestPlatform.Extensions.Trx.TestLogger: Resolving assembly.
TpTrace Information: 0 : 39548, 1, 2022/10/11, 11:48:51.084, 3198887070171, vstest.console.dll, AssemblyResolver.OnResolve: Microsoft.VisualStudio.TestPlatform.Extensions.Trx.TestLogger: Searching in: 'c:\program files\dotnet\sdk\6.0.302\Extensions'.
TpTrace Information: 0 : 39548, 1, 2022/10/11, 11:48:51.084, 3198887075320, vstest.console.dll, AssemblyResolver.OnResolve: Microsoft.VisualStudio.TestPlatform.Extensions.Trx.TestLogger: Loading assembly 'c:\program files\dotnet\sdk\6.0.302\Extensions\Microsoft.VisualStudio.TestPlatform.Extensions.Trx.TestLogger.dll'.
TpTrace Information: 0 : 39548, 1, 2022/10/11, 11:48:51.086, 3198887086704, vstest.console.dll, AssemblyResolver.OnResolve: Resolved assembly: Microsoft.VisualStudio.TestPlatform.Extensions.Trx.TestLogger, from path: c:\program files\dotnet\sdk\6.0.302\Extensions\Microsoft.VisualStudio.TestPlatform.Extensions.Trx.TestLogger.dll
TpTrace Verbose: 0 : 39548, 1, 2022/10/11, 11:48:51.086, 3198887087630, vstest.console.dll, MetadataReaderExtensionsHelper: Discovering extensions inside assembly 'Microsoft.VisualStudio.TestPlatform.Extensions.Trx.TestLogger, Version=15.0.0.0, Culture=neutral, PublicKeyToken=b03f5f7f11d50a3a' file path 'c:\program files\dotnet\sdk\6.0.302\Extensions\Microsoft.VisualStudio.TestPlatform.Extensions.Trx.TestLogger.dll'
TpTrace Verbose: 0 : 39548, 1, 2022/10/11, 11:48:51.087, 3198887099627, vstest.console.dll, TestPluginCache: Discovered the extensions using extension path ''.
TpTrace Verbose: 0 : 39548, 1, 2022/10/11, 11:48:51.087, 3198887100385, vstest.console.dll, TestPluginCache: Discoverers are ''.
TpTrace Verbose: 0 : 39548, 1, 2022/10/11, 11:48:51.087, 3198887100775, vstest.console.dll, TestPluginCache: Executors are ''.
TpTrace Verbose: 0 : 39548, 1, 2022/10/11, 11:48:51.087, 3198887101075, vstest.console.dll, TestPluginCache: Executors2 are ''.
TpTrace Verbose: 0 : 39548, 1, 2022/10/11, 11:48:51.087, 3198887101362, vstest.console.dll, TestPluginCache: Setting providers are ''.
TpTrace Verbose: 0 : 39548, 1, 2022/10/11, 11:48:51.087, 3198887101641, vstest.console.dll, TestPluginCache: Loggers are ''.
TpTrace Verbose: 0 : 39548, 1, 2022/10/11, 11:48:51.087, 3198887103239, vstest.console.dll, TestPluginCache: TestHosts are 'HostProvider://DefaultTestHost,HostProvider://DotnetTestHost'.
TpTrace Verbose: 0 : 39548, 1, 2022/10/11, 11:48:51.087, 3198887103721, vstest.console.dll, TestPluginCache: DataCollectors are ''.
TpTrace Information: 0 : 39548, 1, 2022/10/11, 11:48:51.101, 3198887243839, vstest.console.dll, RunTestsArgumentProcessor:Execute: Test run is starting.
TpTrace Verbose: 0 : 39548, 1, 2022/10/11, 11:48:51.101, 3198887244447, vstest.console.dll, RunTestsArgumentProcessor:Execute: Queuing Test run.
TpTrace Information: 0 : 39548, 1, 2022/10/11, 11:48:51.101, 3198887246445, vstest.console.dll, TestRequestManager.RunTests: run tests started.
TpTrace Information: 0 : 39548, 1, 2022/10/11, 11:48:51.104, 3198887268380, vstest.console.dll, AssemblyMetadataProvider.GetFrameWork: Determined framework:'.NETCoreApp,Version=v3.1' for source: 'C:\Users\luisf\Desktop\Repositori B1 Dev\OrbitService\OrbitService\test\Inbound-NFSe-Test\bin\Debug\netcoreapp3.1\fine-code-coverage\build-output\OrbitService_Test.dll'
TpTrace Information: 0 : 39548, 1, 2022/10/11, 11:48:51.104, 3198887270242, vstest.console.dll, Determined framework for all sources: .NETCoreApp,Version=v3.1
TpTrace Verbose: 0 : 39548, 1, 2022/10/11, 11:48:51.104, 3198887275115, vstest.console.dll, TestRequestManager.UpdateRunSettingsIfRequired: Default architecture: X64 IsDefaultTargetArchitecture: True, Current process architecture: X64 OperatingSystem: Windows.
TpTrace Information: 0 : 39548, 1, 2022/10/11, 11:48:51.105, 3198887278592, vstest.console.dll, AssemblyMetadataProvider.GetArchitecture: Determined architecture:AnyCPU info for assembly: C:\Users\luisf\Desktop\Repositori B1 Dev\OrbitService\OrbitService\test\Inbound-NFSe-Test\bin\Debug\netcoreapp3.1\fine-code-coverage\build-output\OrbitService_Test.dll
TpTrace Information: 0 : 39548, 1, 2022/10/11, 11:48:51.105, 3198887279316, vstest.console.dll, Determined platform for source 'C:\Users\luisf\Desktop\Repositori B1 Dev\OrbitService\OrbitService\test\Inbound-NFSe-Test\bin\Debug\netcoreapp3.1\fine-code-coverage\build-output\OrbitService_Test.dll' is 'AnyCPU'
TpTrace Information: 0 : 39548, 1, 2022/10/11, 11:48:51.107, 3198887300582, vstest.console.dll, Determined platform for all sources: X64
TpTrace Information: 0 : 39548, 1, 2022/10/11, 11:48:51.107, 3198887301403, vstest.console.dll, Infered platform 'X64'.
TpTrace Information: 0 : 39548, 1, 2022/10/11, 11:48:51.107, 3198887301976, vstest.console.dll, Platform update to 'X64' required.
TpTrace Information: 0 : 39548, 1, 2022/10/11, 11:48:51.110, 3198887332855, vstest.console.dll, Compatible sources list: 
TpTrace Information: 0 : 39548, 1, 2022/10/11, 11:48:51.110, 3198887333571, vstest.console.dll, C:\Users\luisf\Desktop\Repositori B1 Dev\OrbitService\OrbitService\test\Inbound-NFSe-Test\bin\Debug\netcoreapp3.1\fine-code-coverage\build-output\OrbitService_Test.dll
TpTrace Information: 0 : 39548, 1, 2022/10/11, 11:48:51.113, 3198887362800, vstest.console.dll, InferRunSettingsHelper.IsTestSettingsEnabled: Unable to navigate to RunSettings/MSTest. Current node: RunSettings
TpTrace Information: 0 : 39548, 1, 2022/10/11, 11:48:51.114, 3198887371074, vstest.console.dll, AssemblyResolver.OnResolve: Microsoft.VisualStudio.TestPlatform.Fakes: Resolving assembly.
TpTrace Information: 0 : 39548, 1, 2022/10/11, 11:48:51.114, 3198887371982, vstest.console.dll, AssemblyResolver.OnResolve: Microsoft.VisualStudio.TestPlatform.Fakes: Searching in: 'c:\program files\dotnet\sdk\6.0.302\Extensions'.
TpTrace Information: 0 : 39548, 1, 2022/10/11, 11:48:51.114, 3198887373120, vstest.console.dll, AssemblyResolver.OnResolve: Microsoft.VisualStudio.TestPlatform.Fakes: Assembly path does not exist: 'c:\program files\dotnet\sdk\6.0.302\Extensions\Microsoft.VisualStudio.TestPlatform.Fakes.dll', returning.
TpTrace Information: 0 : 39548, 1, 2022/10/11, 11:48:51.114, 3198887374011, vstest.console.dll, AssemblyResolver.OnResolve: Microsoft.VisualStudio.TestPlatform.Fakes: Assembly path does not exist: 'c:\program files\dotnet\sdk\6.0.302\Extensions\Microsoft.VisualStudio.TestPlatform.Fakes.exe', returning.
TpTrace Information: 0 : 39548, 1, 2022/10/11, 11:48:51.114, 3198887374523, vstest.console.dll, AssemblyResolver.OnResolve: Microsoft.VisualStudio.TestPlatform.Fakes: Searching in: 'c:\program files\dotnet\sdk\6.0.302'.
TpTrace Information: 0 : 39548, 1, 2022/10/11, 11:48:51.114, 3198887375313, vstest.console.dll, AssemblyResolver.OnResolve: Microsoft.VisualStudio.TestPlatform.Fakes: Assembly path does not exist: 'c:\program files\dotnet\sdk\6.0.302\Microsoft.VisualStudio.TestPlatform.Fakes.dll', returning.
TpTrace Information: 0 : 39548, 1, 2022/10/11, 11:48:51.114, 3198887376137, vstest.console.dll, AssemblyResolver.OnResolve: Microsoft.VisualStudio.TestPlatform.Fakes: Assembly path does not exist: 'c:\program files\dotnet\sdk\6.0.302\Microsoft.VisualStudio.TestPlatform.Fakes.exe', returning.
TpTrace Information: 0 : 39548, 1, 2022/10/11, 11:48:51.114, 3198887376550, vstest.console.dll, AssemblyResolver.OnResolve: Microsoft.VisualStudio.TestPlatform.Fakes: Failed to load assembly.
TpTrace Information: 0 : 39548, 1, 2022/10/11, 11:48:51.115, 3198887380575, vstest.console.dll, Failed to load assembly Microsoft.VisualStudio.TestPlatform.Fakes, Version=17.0.0.0, Culture=neutral. Reason:System.IO.FileNotFoundException: Could not load file or assembly 'Microsoft.VisualStudio.TestPlatform.Fakes, Version=17.0.0.0, Culture=neutral, PublicKeyToken=null'. O sistema não pode encontrar o arquivo especificado.
File name: 'Microsoft.VisualStudio.TestPlatform.Fakes, Version=17.0.0.0, Culture=neutral, PublicKeyToken=null'
   at System.Reflection.RuntimeAssembly.InternalLoad(ObjectHandleOnStack assemblyName, ObjectHandleOnStack requestingAssembly, StackCrawlMarkHandle stackMark, Boolean throwOnFileNotFound, ObjectHandleOnStack assemblyLoadContext, ObjectHandleOnStack retAssembly)
   at System.Reflection.RuntimeAssembly.InternalLoad(AssemblyName assemblyName, RuntimeAssembly requestingAssembly, StackCrawlMark& stackMark, Boolean throwOnFileNotFound, AssemblyLoadContext assemblyLoadContext)
   at System.Reflection.Assembly.Load(AssemblyName assemblyRef)
   at Microsoft.VisualStudio.TestPlatform.Common.Utilities.FakesUtilities.LoadTestPlatformAssembly()
TpTrace Verbose: 0 : 39548, 1, 2022/10/11, 11:48:51.119, 3198887421727, vstest.console.dll, TestPluginCache.DiscoverTestExtensions: finding test extensions in assemblies ends with: TestLogger.dll TPluginInfo: Microsoft.VisualStudio.TestPlatform.Common.ExtensionFramework.Utilities.TestLoggerPluginInformation TExtension: Microsoft.VisualStudio.TestPlatform.ObjectModel.Client.ITestLogger
TpTrace Verbose: 0 : 39548, 1, 2022/10/11, 11:48:51.119, 3198887422872, vstest.console.dll, TestPluginCache.GetExtensionPaths: Filtered extension paths: 
TpTrace Verbose: 0 : 39548, 1, 2022/10/11, 11:48:51.119, 3198887423312, vstest.console.dll, TestPluginCache.GetExtensionPaths: Added default extension paths: c:\program files\dotnet\sdk\6.0.302\Extensions\DumpMinitool.exe
c:\program files\dotnet\sdk\6.0.302\Extensions\DumpMinitool.x86.exe
c:\program files\dotnet\sdk\6.0.302\Extensions\Microsoft.Diagnostics.NETCore.Client.dll
c:\program files\dotnet\sdk\6.0.302\Extensions\Microsoft.TestPlatform.Extensions.BlameDataCollector.dll
c:\program files\dotnet\sdk\6.0.302\Extensions\Microsoft.TestPlatform.Extensions.EventLogCollector.dll
c:\program files\dotnet\sdk\6.0.302\Extensions\Microsoft.TestPlatform.TestHostRuntimeProvider.dll
c:\program files\dotnet\sdk\6.0.302\Extensions\Microsoft.VisualStudio.TestPlatform.Extensions.Html.TestLogger.dll
c:\program files\dotnet\sdk\6.0.302\Extensions\Microsoft.VisualStudio.TestPlatform.Extensions.Trx.TestLogger.dll
TpTrace Verbose: 0 : 39548, 1, 2022/10/11, 11:48:51.119, 3198887423770, vstest.console.dll, TestPluginCache.GetExtensionPaths: Added unfilterableExtensionPaths: 
TpTrace Information: 0 : 39548, 1, 2022/10/11, 11:48:51.119, 3198887425109, vstest.console.dll, AssemblyResolver.AddSearchDirectories: Adding more searchDirectories c:\program files\dotnet\sdk\6.0.302\Extensions,c:\program files\dotnet\sdk\6.0.302
TpTrace Verbose: 0 : 39548, 1, 2022/10/11, 11:48:51.119, 3198887425668, vstest.console.dll, TestPluginCache.DiscoverTestExtensions: Discovering the extensions using extension path.
TpTrace Verbose: 0 : 39548, 1, 2022/10/11, 11:48:51.119, 3198887426203, vstest.console.dll, TestPluginCache.GetExtensionPaths: Filtered extension paths: 
TpTrace Verbose: 0 : 39548, 1, 2022/10/11, 11:48:51.120, 3198887426824, vstest.console.dll, TestPluginCache.GetExtensionPaths: Added default extension paths: c:\program files\dotnet\sdk\6.0.302\Extensions\DumpMinitool.exe
c:\program files\dotnet\sdk\6.0.302\Extensions\DumpMinitool.x86.exe
c:\program files\dotnet\sdk\6.0.302\Extensions\Microsoft.Diagnostics.NETCore.Client.dll
c:\program files\dotnet\sdk\6.0.302\Extensions\Microsoft.TestPlatform.Extensions.BlameDataCollector.dll
c:\program files\dotnet\sdk\6.0.302\Extensions\Microsoft.TestPlatform.Extensions.EventLogCollector.dll
c:\program files\dotnet\sdk\6.0.302\Extensions\Microsoft.TestPlatform.TestHostRuntimeProvider.dll
c:\program files\dotnet\sdk\6.0.302\Extensions\Microsoft.VisualStudio.TestPlatform.Extensions.Html.TestLogger.dll
c:\program files\dotnet\sdk\6.0.302\Extensions\Microsoft.VisualStudio.TestPlatform.Extensions.Trx.TestLogger.dll
TpTrace Verbose: 0 : 39548, 1, 2022/10/11, 11:48:51.120, 3198887427864, vstest.console.dll, TestPluginCache.GetExtensionPaths: Added unfilterableExtensionPaths: 
TpTrace Verbose: 0 : 39548, 1, 2022/10/11, 11:48:51.120, 3198887428399, vstest.console.dll, TestPluginCache.DiscoverTestExtensions: Discovering the extensions using allExtensionPaths: c:\program files\dotnet\sdk\6.0.302\Extensions\DumpMinitool.exe
c:\program files\dotnet\sdk\6.0.302\Extensions\DumpMinitool.x86.exe
c:\program files\dotnet\sdk\6.0.302\Extensions\Microsoft.Diagnostics.NETCore.Client.dll
c:\program files\dotnet\sdk\6.0.302\Extensions\Microsoft.TestPlatform.Extensions.BlameDataCollector.dll
c:\program files\dotnet\sdk\6.0.302\Extensions\Microsoft.TestPlatform.Extensions.EventLogCollector.dll
c:\program files\dotnet\sdk\6.0.302\Extensions\Microsoft.TestPlatform.TestHostRuntimeProvider.dll
c:\program files\dotnet\sdk\6.0.302\Extensions\Microsoft.VisualStudio.TestPlatform.Extensions.Html.TestLogger.dll
c:\program files\dotnet\sdk\6.0.302\Extensions\Microsoft.VisualStudio.TestPlatform.Extensions.Trx.TestLogger.dll
TpTrace Information: 0 : 39548, 1, 2022/10/11, 11:48:51.120, 3198887429098, vstest.console.dll, AssemblyResolver.AddSearchDirectories: Adding more searchDirectories c:\program files\dotnet\sdk\6.0.302\Extensions,c:\program files\dotnet\sdk\6.0.302
TpTrace Information: 0 : 39548, 1, 2022/10/11, 11:48:51.120, 3198887429595, vstest.console.dll, AssemblyResolver.AddSearchDirectories: Adding more searchDirectories c:\program files\dotnet\sdk\6.0.302\Extensions,c:\program files\dotnet\sdk\6.0.302
TpTrace Information: 0 : 39548, 1, 2022/10/11, 11:48:51.120, 3198887429994, vstest.console.dll, AssemblyResolver.AddSearchDirectories: Adding more searchDirectories c:\program files\dotnet\sdk\6.0.302\Extensions,c:\program files\dotnet\sdk\6.0.302
TpTrace Information: 0 : 39548, 1, 2022/10/11, 11:48:51.120, 3198887430444, vstest.console.dll, AssemblyResolver.AddSearchDirectories: Adding more searchDirectories c:\program files\dotnet\sdk\6.0.302\Extensions,c:\program files\dotnet\sdk\6.0.302
TpTrace Information: 0 : 39548, 1, 2022/10/11, 11:48:51.120, 3198887430839, vstest.console.dll, AssemblyResolver.AddSearchDirectories: Adding more searchDirectories c:\program files\dotnet\sdk\6.0.302\Extensions,c:\program files\dotnet\sdk\6.0.302
TpTrace Information: 0 : 39548, 1, 2022/10/11, 11:48:51.120, 3198887431334, vstest.console.dll, AssemblyResolver.AddSearchDirectories: Adding more searchDirectories c:\program files\dotnet\sdk\6.0.302\Extensions,c:\program files\dotnet\sdk\6.0.302
TpTrace Information: 0 : 39548, 1, 2022/10/11, 11:48:51.120, 3198887431942, vstest.console.dll, AssemblyResolver.AddSearchDirectories: Adding more searchDirectories c:\program files\dotnet\sdk\6.0.302\Extensions,c:\program files\dotnet\sdk\6.0.302
TpTrace Information: 0 : 39548, 1, 2022/10/11, 11:48:51.120, 3198887432533, vstest.console.dll, AssemblyResolver.AddSearchDirectories: Adding more searchDirectories c:\program files\dotnet\sdk\6.0.302\Extensions,c:\program files\dotnet\sdk\6.0.302
TpTrace Verbose: 0 : 39548, 1, 2022/10/11, 11:48:51.120, 3198887433841, vstest.console.dll, MetadataReaderExtensionsHelper: Discovering extensions inside assembly 'DumpMinitool, Version=15.0.0.0, Culture=neutral, PublicKeyToken=b03f5f7f11d50a3a' file path 'c:\program files\dotnet\sdk\6.0.302\Extensions\DumpMinitool.exe'
TpTrace Verbose: 0 : 39548, 1, 2022/10/11, 11:48:51.121, 3198887439163, vstest.console.dll, MetadataReaderExtensionsHelper: Discovering extensions inside assembly 'DumpMinitool.x86, Version=15.0.0.0, Culture=neutral, PublicKeyToken=b03f5f7f11d50a3a' file path 'c:\program files\dotnet\sdk\6.0.302\Extensions\DumpMinitool.x86.exe'
TpTrace Verbose: 0 : 39548, 1, 2022/10/11, 11:48:51.121, 3198887444006, vstest.console.dll, MetadataReaderExtensionsHelper: Discovering extensions inside assembly 'Microsoft.Diagnostics.NETCore.Client, Version=0.2.5.801, Culture=neutral, PublicKeyToken=31bf3856ad364e35' file path 'c:\program files\dotnet\sdk\6.0.302\Extensions\Microsoft.Diagnostics.NETCore.Client.dll'
TpTrace Information: 0 : 39548, 1, 2022/10/11, 11:48:51.122, 3198887450366, vstest.console.dll, AssemblyResolver.OnResolve: Microsoft.Bcl.AsyncInterfaces: Resolving assembly.
TpTrace Information: 0 : 39548, 1, 2022/10/11, 11:48:51.122, 3198887450961, vstest.console.dll, AssemblyResolver.OnResolve: Microsoft.Bcl.AsyncInterfaces: Resolved from cache.
TpTrace Verbose: 0 : 39548, 1, 2022/10/11, 11:48:51.122, 3198887451577, vstest.console.dll, CurrentDomainAssemblyResolve: Resolving assembly 'Microsoft.Bcl.AsyncInterfaces'.
TpTrace Information: 0 : 39548, 1, 2022/10/11, 11:48:51.122, 3198887452272, vstest.console.dll, AssemblyResolver.OnResolve: Microsoft.Bcl.AsyncInterfaces: Resolving assembly.
TpTrace Information: 0 : 39548, 1, 2022/10/11, 11:48:51.122, 3198887452680, vstest.console.dll, AssemblyResolver.OnResolve: Microsoft.Bcl.AsyncInterfaces: Resolved from cache.
TpTrace Verbose: 0 : 39548, 1, 2022/10/11, 11:48:51.122, 3198887453048, vstest.console.dll, CurrentDomainAssemblyResolve: Resolving assembly 'Microsoft.Bcl.AsyncInterfaces'.
TpTrace Verbose: 0 : 39548, 1, 2022/10/11, 11:48:51.122, 3198887453478, vstest.console.dll, CurrentDomainAssemblyResolve: Failed to resolve assembly 'Microsoft.Bcl.AsyncInterfaces'.
TpTrace Verbose: 0 : 39548, 1, 2022/10/11, 11:48:51.122, 3198887455159, vstest.console.dll, CurrentDomainAssemblyResolve: Failed to resolve assembly 'Microsoft.Bcl.AsyncInterfaces'.
TpTrace Warning: 0 : 39548, 1, 2022/10/11, 11:48:51.123, 3198887459867, vstest.console.dll, TestPluginDiscoverer: Failed to get types from assembly 'Microsoft.Diagnostics.NETCore.Client, Version=0.2.5.801, Culture=neutral, PublicKeyToken=31bf3856ad364e35'. Error: System.Reflection.ReflectionTypeLoadException: Unable to load one or more of the requested types.
Could not load file or assembly 'Microsoft.Bcl.AsyncInterfaces, Version=1.0.0.0, Culture=neutral, PublicKeyToken=cc7b13ffcd2ddd51'. O sistema não pode encontrar o arquivo especificado.
   at System.Reflection.RuntimeModule.GetTypes(RuntimeModule module)
   at System.Reflection.Assembly.GetTypes()
   at Microsoft.VisualStudio.TestPlatform.Common.ExtensionFramework.TestPluginDiscoverer.GetTestExtensionsFromAssembly[TPluginInfo,TExtension](Assembly assembly, Dictionary`2 pluginInfos, String filePath)
System.IO.FileNotFoundException: Could not load file or assembly 'Microsoft.Bcl.AsyncInterfaces, Version=1.0.0.0, Culture=neutral, PublicKeyToken=cc7b13ffcd2ddd51'. O sistema não pode encontrar o arquivo especificado.
File name: 'Microsoft.Bcl.AsyncInterfaces, Version=1.0.0.0, Culture=neutral, PublicKeyToken=cc7b13ffcd2ddd51'
 ---> System.IO.FileNotFoundException: Could not load file or assembly 'Microsoft.Bcl.AsyncInterfaces, Culture=neutral, PublicKeyToken=null'. O sistema não pode encontrar o arquivo especificado.
File name: 'Microsoft.Bcl.AsyncInterfaces, Culture=neutral, PublicKeyToken=null'
   at System.Reflection.RuntimeAssembly.InternalLoad(ObjectHandleOnStack assemblyName, ObjectHandleOnStack requestingAssembly, StackCrawlMarkHandle stackMark, Boolean throwOnFileNotFound, ObjectHandleOnStack assemblyLoadContext, ObjectHandleOnStack retAssembly)
   at System.Reflection.RuntimeAssembly.InternalLoad(AssemblyName assemblyName, RuntimeAssembly requestingAssembly, StackCrawlMark& stackMark, Boolean throwOnFileNotFound, AssemblyLoadContext assemblyLoadContext)
   at System.Reflection.Assembly.Load(AssemblyName assemblyRef)
   at Microsoft.VisualStudio.TestPlatform.Common.ExtensionFramework.TestPluginCache.CurrentDomainAssemblyResolve(Object sender, AssemblyResolveEventArgs args)
   at Microsoft.VisualStudio.TestPlatform.PlatformAbstractions.PlatformAssemblyResolver.AssemblyResolverEvent(Object sender, Object eventArgs)
   at System.Runtime.Loader.AssemblyLoadContext.GetFirstResolvedAssemblyFromResolvingEvent(AssemblyName assemblyName)
   at System.Runtime.Loader.AssemblyLoadContext.ResolveUsingEvent(AssemblyName assemblyName)
   at System.Runtime.Loader.AssemblyLoadContext.ResolveUsingResolvingEvent(IntPtr gchManagedAssemblyLoadContext, AssemblyName assemblyName)
TpTrace Warning: 0 : 39548, 1, 2022/10/11, 11:48:51.123, 3198887462952, vstest.console.dll, LoaderExceptions: System.IO.FileNotFoundException: Could not load file or assembly 'Microsoft.Bcl.AsyncInterfaces, Version=1.0.0.0, Culture=neutral, PublicKeyToken=cc7b13ffcd2ddd51'. O sistema não pode encontrar o arquivo especificado.
File name: 'Microsoft.Bcl.AsyncInterfaces, Version=1.0.0.0, Culture=neutral, PublicKeyToken=cc7b13ffcd2ddd51'
 ---> System.IO.FileNotFoundException: Could not load file or assembly 'Microsoft.Bcl.AsyncInterfaces, Culture=neutral, PublicKeyToken=null'. O sistema não pode encontrar o arquivo especificado.
File name: 'Microsoft.Bcl.AsyncInterfaces, Culture=neutral, PublicKeyToken=null'
   at System.Reflection.RuntimeAssembly.InternalLoad(ObjectHandleOnStack assemblyName, ObjectHandleOnStack requestingAssembly, StackCrawlMarkHandle stackMark, Boolean throwOnFileNotFound, ObjectHandleOnStack assemblyLoadContext, ObjectHandleOnStack retAssembly)
   at System.Reflection.RuntimeAssembly.InternalLoad(AssemblyName assemblyName, RuntimeAssembly requestingAssembly, StackCrawlMark& stackMark, Boolean throwOnFileNotFound, AssemblyLoadContext assemblyLoadContext)
   at System.Reflection.Assembly.Load(AssemblyName assemblyRef)
   at Microsoft.VisualStudio.TestPlatform.Common.ExtensionFramework.TestPluginCache.CurrentDomainAssemblyResolve(Object sender, AssemblyResolveEventArgs args)
   at Microsoft.VisualStudio.TestPlatform.PlatformAbstractions.PlatformAssemblyResolver.AssemblyResolverEvent(Object sender, Object eventArgs)
   at System.Runtime.Loader.AssemblyLoadContext.GetFirstResolvedAssemblyFromResolvingEvent(AssemblyName assemblyName)
   at System.Runtime.Loader.AssemblyLoadContext.ResolveUsingEvent(AssemblyName assemblyName)
   at System.Runtime.Loader.AssemblyLoadContext.ResolveUsingResolvingEvent(IntPtr gchManagedAssemblyLoadContext, AssemblyName assemblyName)
TpTrace Verbose: 0 : 39548, 1, 2022/10/11, 11:48:51.123, 3198887463931, vstest.console.dll, MetadataReaderExtensionsHelper: Discovering extensions inside assembly 'Microsoft.TestPlatform.Extensions.BlameDataCollector, Version=15.0.0.0, Culture=neutral, PublicKeyToken=b03f5f7f11d50a3a' file path 'c:\program files\dotnet\sdk\6.0.302\Extensions\Microsoft.TestPlatform.Extensions.BlameDataCollector.dll'
TpTrace Information: 0 : 39548, 1, 2022/10/11, 11:48:51.124, 3198887470332, vstest.console.dll, GetTestExtensionFromType: Register extension with identifier data 'logger://Microsoft/TestPlatform/Extensions/Blame/v1' and type 'Microsoft.TestPlatform.Extensions.BlameDataCollector.BlameLogger, Microsoft.TestPlatform.Extensions.BlameDataCollector, Version=15.0.0.0, Culture=neutral, PublicKeyToken=b03f5f7f11d50a3a' inside file 'c:\program files\dotnet\sdk\6.0.302\Extensions\Microsoft.TestPlatform.Extensions.BlameDataCollector.dll'
TpTrace Verbose: 0 : 39548, 1, 2022/10/11, 11:48:51.124, 3198887471239, vstest.console.dll, MetadataReaderExtensionsHelper: Discovering extensions inside assembly 'Microsoft.TestPlatform.Extensions.EventLogCollector, Version=15.0.0.0, Culture=neutral, PublicKeyToken=b03f5f7f11d50a3a' file path 'c:\program files\dotnet\sdk\6.0.302\Extensions\Microsoft.TestPlatform.Extensions.EventLogCollector.dll'
TpTrace Verbose: 0 : 39548, 1, 2022/10/11, 11:48:51.125, 3198887476718, vstest.console.dll, MetadataReaderExtensionsHelper: Discovering extensions inside assembly 'Microsoft.TestPlatform.TestHostRuntimeProvider, Version=15.0.0.0, Culture=neutral, PublicKeyToken=b03f5f7f11d50a3a' file path 'c:\program files\dotnet\sdk\6.0.302\Extensions\Microsoft.TestPlatform.TestHostRuntimeProvider.dll'
TpTrace Verbose: 0 : 39548, 1, 2022/10/11, 11:48:51.125, 3198887482524, vstest.console.dll, MetadataReaderExtensionsHelper: Discovering extensions inside assembly 'Microsoft.VisualStudio.TestPlatform.Extensions.Html.TestLogger, Version=15.0.0.0, Culture=neutral, PublicKeyToken=b03f5f7f11d50a3a' file path 'c:\program files\dotnet\sdk\6.0.302\Extensions\Microsoft.VisualStudio.TestPlatform.Extensions.Html.TestLogger.dll'
TpTrace Information: 0 : 39548, 1, 2022/10/11, 11:48:51.126, 3198887487966, vstest.console.dll, GetTestExtensionFromType: Register extension with identifier data 'logger://Microsoft/TestPlatform/HtmlLogger/v1' and type 'Microsoft.VisualStudio.TestPlatform.Extensions.HtmlLogger.HtmlLogger, Microsoft.VisualStudio.TestPlatform.Extensions.Html.TestLogger, Version=15.0.0.0, Culture=neutral, PublicKeyToken=b03f5f7f11d50a3a' inside file 'c:\program files\dotnet\sdk\6.0.302\Extensions\Microsoft.VisualStudio.TestPlatform.Extensions.Html.TestLogger.dll'
TpTrace Verbose: 0 : 39548, 1, 2022/10/11, 11:48:51.126, 3198887488878, vstest.console.dll, MetadataReaderExtensionsHelper: Discovering extensions inside assembly 'Microsoft.VisualStudio.TestPlatform.Extensions.Trx.TestLogger, Version=15.0.0.0, Culture=neutral, PublicKeyToken=b03f5f7f11d50a3a' file path 'c:\program files\dotnet\sdk\6.0.302\Extensions\Microsoft.VisualStudio.TestPlatform.Extensions.Trx.TestLogger.dll'
TpTrace Information: 0 : 39548, 1, 2022/10/11, 11:48:51.126, 3198887494619, vstest.console.dll, GetTestExtensionFromType: Register extension with identifier data 'logger://Microsoft/TestPlatform/TrxLogger/v1' and type 'Microsoft.VisualStudio.TestPlatform.Extensions.TrxLogger.TrxLogger, Microsoft.VisualStudio.TestPlatform.Extensions.Trx.TestLogger, Version=15.0.0.0, Culture=neutral, PublicKeyToken=b03f5f7f11d50a3a' inside file 'c:\program files\dotnet\sdk\6.0.302\Extensions\Microsoft.VisualStudio.TestPlatform.Extensions.Trx.TestLogger.dll'
TpTrace Verbose: 0 : 39548, 1, 2022/10/11, 11:48:51.126, 3198887495545, vstest.console.dll, TestPluginCache: Discovered the extensions using extension path ''.
TpTrace Verbose: 0 : 39548, 1, 2022/10/11, 11:48:51.126, 3198887495943, vstest.console.dll, TestPluginCache: Discoverers are ''.
TpTrace Verbose: 0 : 39548, 1, 2022/10/11, 11:48:51.126, 3198887496252, vstest.console.dll, TestPluginCache: Executors are ''.
TpTrace Verbose: 0 : 39548, 1, 2022/10/11, 11:48:51.126, 3198887496539, vstest.console.dll, TestPluginCache: Executors2 are ''.
TpTrace Verbose: 0 : 39548, 1, 2022/10/11, 11:48:51.127, 3198887497020, vstest.console.dll, TestPluginCache: Setting providers are ''.
TpTrace Verbose: 0 : 39548, 1, 2022/10/11, 11:48:51.127, 3198887497901, vstest.console.dll, TestPluginCache: Loggers are 'logger://Microsoft/TestPlatform/Extensions/Blame/v1,logger://Microsoft/TestPlatform/HtmlLogger/v1,logger://Microsoft/TestPlatform/TrxLogger/v1'.
TpTrace Verbose: 0 : 39548, 1, 2022/10/11, 11:48:51.127, 3198887498554, vstest.console.dll, TestPluginCache: TestHosts are 'HostProvider://DefaultTestHost,HostProvider://DotnetTestHost'.
TpTrace Verbose: 0 : 39548, 1, 2022/10/11, 11:48:51.127, 3198887498947, vstest.console.dll, TestPluginCache: DataCollectors are ''.
TpTrace Information: 0 : 39548, 1, 2022/10/11, 11:48:51.127, 3198887506349, vstest.console.dll, TestPluginManager.CreateTestExtension: Attempting to load test extension: Microsoft.TestPlatform.Extensions.BlameDataCollector.BlameLogger
TpTrace Information: 0 : 39548, 1, 2022/10/11, 11:48:51.133, 3198887561510, vstest.console.dll, TestPluginManager.CreateTestExtension: Attempting to load test extension: Microsoft.VisualStudio.TestPlatform.CrossPlatEngine.Hosting.DefaultTestHostManager
TpTrace Information: 0 : 39548, 1, 2022/10/11, 11:48:51.135, 3198887577257, vstest.console.dll, TestPluginManager.CreateTestExtension: Attempting to load test extension: Microsoft.VisualStudio.TestPlatform.CrossPlatEngine.Hosting.DotnetTestHostManager
TpTrace Verbose: 0 : 39548, 1, 2022/10/11, 11:48:51.135, 3198887584329, vstest.console.dll, TestEngine: Initializing Parallel Execution as MaxCpuCount is set to: 1
TpTrace Information: 0 : 39548, 1, 2022/10/11, 11:48:51.136, 3198887590855, vstest.console.dll, InferRunSettingsHelper.IsTestSettingsEnabled: Unable to navigate to RunSettings/MSTest. Current node: RunSettings
TpTrace Verbose: 0 : 39548, 1, 2022/10/11, 11:48:51.137, 3198887604326, vstest.console.dll, TestRequestSender is acting as server.
TpTrace Verbose: 0 : 39548, 1, 2022/10/11, 11:48:51.139, 3198887618523, vstest.console.dll, TestEngine.GetExecutionManager: Chosen execution manager 'Microsoft.VisualStudio.TestPlatform.CrossPlatEngine.Client.Parallel.ParallelProxyExecutionManager, Microsoft.TestPlatform.CrossPlatEngine, Version=15.0.0.0, Culture=neutral, PublicKeyToken=b03f5f7f11d50a3a' ParallelLevel '1' Shared host 'False'
TpTrace Verbose: 0 : 39548, 5, 2022/10/11, 11:48:51.142, 3198887653149, vstest.console.dll, DataCollectionRequestSender.InitializeCommunication : Initialize communication. 
TpTrace Information: 0 : 39548, 5, 2022/10/11, 11:48:51.151, 3198887737083, vstest.console.dll, Listening on Endpoint : 127.0.0.1:53390
TpTrace Verbose: 0 : 39548, 5, 2022/10/11, 11:48:51.159, 3198887824945, vstest.console.dll, DotnetDataCollectionLauncher: Full path of dotnet.exe is c:\program files\dotnet\dotnet.exe
TpTrace Verbose: 0 : 39548, 5, 2022/10/11, 11:48:51.160, 3198887826739, vstest.console.dll, DotnetDataCollectionLauncher: Adding  --runtimeconfig "c:\program files\dotnet\sdk\6.0.302\datacollector.runtimeconfig.json" in args
TpTrace Verbose: 0 : 39548, 5, 2022/10/11, 11:48:51.160, 3198887828042, vstest.console.dll, DotnetDataCollectionLauncher: Adding  --depsfile "c:\program files\dotnet\sdk\6.0.302\datacollector.deps.json" in args
TpTrace Information: 0 : 39548, 5, 2022/10/11, 11:48:51.169, 3198887920735, vstest.console.dll, ProxyDataCollectionManager.Initialize: Launched datacollector processId: 7296 port: 53390
TpTrace Information: 0 : 39548, 5, 2022/10/11, 11:48:51.169, 3198887922044, vstest.console.dll, ProxyDataCollectionManager.Initialize: waiting for connection with timeout: 90 seconds
TpTrace Verbose: 0 : 39548, 5, 2022/10/11, 11:48:51.169, 3198887922740, vstest.console.dll, DataCollectionRequestSender.WaitForRequestHandlerConnection : Waiting for connection with timeout: 90000
TpTrace Information: 0 : 39548, 8, 2022/10/11, 11:48:51.353, 3198889765571, vstest.console.dll, Using the buffer size of 16384 bytes
TpTrace Verbose: 0 : 39548, 5, 2022/10/11, 11:48:51.353, 3198889765914, vstest.console.dll, SocketCommunicationManager.WaitForClientConnection took: 184 ms, with 90000 ms timeout, and finished with True.
TpTrace Information: 0 : 39548, 8, 2022/10/11, 11:48:51.354, 3198889766760, vstest.console.dll, Accepted Client request and set the flag
TpTrace Verbose: 0 : 39548, 5, 2022/10/11, 11:48:51.354, 3198889768166, vstest.console.dll, ProxyDataCollectionManager.InvokeDataCollectionServiceAction: Starting.
TpTrace Information: 0 : 39548, 5, 2022/10/11, 11:48:51.354, 3198889769463, vstest.console.dll, ProxyDataCollectionManager.BeforeTestRunStart: Get environment variable and port for datacollector processId: 7296 port: 53390
TpTrace Verbose: 0 : 39548, 5, 2022/10/11, 11:48:51.354, 3198889771026, vstest.console.dll, DataCollectionRequestSender.SendBeforeTestRunStartAndGetResult: Send BeforeTestRunStart message with settingsXml <RunSettings><RunConfiguration><ResultsDirectory>C:\Users\luisf\Desktop\Repositori B1 Dev\OrbitService\OrbitService\test\Inbound-NFSe-Test\bin\Debug\netcoreapp3.1\fine-code-coverage\coverage-tool-output</ResultsDirectory><TargetPlatform>X64</TargetPlatform><TargetFrameworkVersion>.NETCoreApp,Version=v3.1</TargetFrameworkVersion><DesignMode>False</DesignMode><CollectSourceInformation>False</CollectSourceInformation><TestAdaptersPaths>c:\program files\dotnet\sdk\6.0.302\Extensions</TestAdaptersPaths></RunConfiguration><LoggerRunSettings><Loggers><Logger friendlyName="blame" enabled="True" /><Logger friendlyName="Console" uri="logger://microsoft/TestPlatform/ConsoleLogger/v1" assemblyQualifiedName="Microsoft.VisualStudio.TestPlatform.CommandLine.Internal.ConsoleLogger, vstest.console, Version=15.0.0.0, Culture=neutral, PublicKeyToken=b03f5f7f11d50a3a" codeBase="c:\program files\dotnet\sdk\6.0.302\vstest.console.dll" enabled="True" /></Loggers></LoggerRunSettings><DataCollectionRunSettings><DataCollectors><DataCollector friendlyName="blame" enabled="True"><Configuration><ResultsDirectory>C:\Users\luisf\Desktop\Repositori B1 Dev\OrbitService\OrbitService\test\Inbound-NFSe-Test\bin\Debug\netcoreapp3.1\fine-code-coverage\coverage-tool-output</ResultsDirectory></Configuration></DataCollector></DataCollectors></DataCollectionRunSettings></RunSettings> and sources System.Linq.Enumerable+Concat2Iterator`1[System.String]: 
TpTrace Verbose: 0 : 39548, 5, 2022/10/11, 11:48:51.439, 3198890624049, vstest.console.dll, DataCollectionRequestSender.SendBeforeTestRunStartAndGetResult: Received message: (DataCollection.SendMessage) -> {
  "FriendlyName": null,
  "Uri": null,
  "TestCaseId": "00000000-0000-0000-0000-000000000000",
  "Message": "Logging DataCollector Diagnostics in file: C:\\Users\\luisf\\Desktop\\Repositori B1 Dev\\OrbitService\\OrbitService\\test\\Inbound-NFSe-Test\\bin\\Debug\\netcoreapp3.1\\fine-code-coverage\\coverage-tool-output\\diagnostics.datacollector.22-10-11_11-48-51_15948_5.log",
  "Level": 0
}
TpTrace Verbose: 0 : 39548, 5, 2022/10/11, 11:48:51.538, 3198891614228, vstest.console.dll, DataCollectionRequestSender.SendBeforeTestRunStartAndGetResult: Received message: (DataCollection.BeforeTestRunStartResult) -> {
  "EnvironmentVariables": {},
  "DataCollectionEventsPort": 53392
}
TpTrace Information: 0 : 39548, 5, 2022/10/11, 11:48:51.545, 3198891684074, vstest.console.dll, ProxyDataCollectionManager.BeforeTestRunStart: SendBeforeTestRunStartAndGetResult successful, env variable from datacollector:   and testhost port: 53392
TpTrace Information: 0 : 39548, 5, 2022/10/11, 11:48:51.545, 3198891684911, vstest.console.dll, ProxyDataCollectionManager.InvokeDataCollectionServiceAction: Completed.
TpTrace Verbose: 0 : 39548, 1, 2022/10/11, 11:48:51.545, 3198891686581, vstest.console.dll, TestRunRequest.ExecuteAsync: Creating test run request.
TpTrace Verbose: 0 : 39548, 1, 2022/10/11, 11:48:51.546, 3198891690387, vstest.console.dll, TestRunRequest.ExecuteAsync: Starting.
TpTrace Information: 0 : 39548, 1, 2022/10/11, 11:48:51.546, 3198891694967, vstest.console.dll, TestRunRequest.ExecuteAsync: Starting run with settings:TestRunCriteria:
   KeepAlive=False,FrequencyOfRunStatsChangeEvent=10,RunStatsChangeEventTimeout=00:00:01.5000000,TestCaseFilter=,TestExecutorLauncher=
   Settingsxml=<RunSettings>
  <RunConfiguration>
    <ResultsDirectory>C:\Users\luisf\Desktop\Repositori B1 Dev\OrbitService\OrbitService\test\Inbound-NFSe-Test\bin\Debug\netcoreapp3.1\fine-code-coverage\coverage-tool-output</ResultsDirectory>
    <TargetPlatform>X64</TargetPlatform>
    <TargetFrameworkVersion>.NETCoreApp,Version=v3.1</TargetFrameworkVersion>
    <DesignMode>False</DesignMode>
    <CollectSourceInformation>False</CollectSourceInformation>
  </RunConfiguration>
  <LoggerRunSettings>
    <Loggers>
      <Logger friendlyName="blame" enabled="True" />
      <Logger friendlyName="Console" uri="logger://microsoft/TestPlatform/ConsoleLogger/v1" assemblyQualifiedName="Microsoft.VisualStudio.TestPlatform.CommandLine.Internal.ConsoleLogger, vstest.console, Version=15.0.0.0, Culture=neutral, PublicKeyToken=b03f5f7f11d50a3a" codeBase="c:\program files\dotnet\sdk\6.0.302\vstest.console.dll" enabled="True" />
    </Loggers>
  </LoggerRunSettings>
  <DataCollectionRunSettings>
    <DataCollectors>
      <DataCollector friendlyName="blame" enabled="True">
        <Configuration>
          <ResultsDirectory>C:\Users\luisf\Desktop\Repositori B1 Dev\OrbitService\OrbitService\test\Inbound-NFSe-Test\bin\Debug\netcoreapp3.1\fine-code-coverage\coverage-tool-output</ResultsDirectory>
        </Configuration>
      </DataCollector>
    </DataCollectors>
  </DataCollectionRunSettings>
</RunSettings>

TpTrace Verbose: 0 : 39548, 1, 2022/10/11, 11:48:51.546, 3198891695773, vstest.console.dll, TestRunRequest.ExecuteAsync: Wait for the first run request is over.
TpTrace Verbose: 0 : 39548, 1, 2022/10/11, 11:48:51.547, 3198891699701, vstest.console.dll, MulticastDelegateUtilities.SafeInvoke: TestRun.TestRunStart: Invoking callbacks was skipped because there are no subscribers.
TpTrace Verbose: 0 : 39548, 1, 2022/10/11, 11:48:51.547, 3198891702299, vstest.console.dll, ParallelProxyExecutionManager: Start execution. Total sources: 1
TpTrace Verbose: 0 : 39548, 4, 2022/10/11, 11:48:51.547, 3198891702543, vstest.console.dll, MulticastDelegateUtilities.SafeInvoke: InternalTestLoggerEvents.SendTestRunStart: Invoking callback 1/1 for Microsoft.VisualStudio.TestPlatform.CommandLine.Internal.ConsoleLogger.TestRunStartHandler, took 0 ms.
TpTrace Information: 0 : 39548, 1, 2022/10/11, 11:48:51.548, 3198891711078, vstest.console.dll, ProxyParallelExecutionManager: Triggering test run for next source: C:\Users\luisf\Desktop\Repositori B1 Dev\OrbitService\OrbitService\test\Inbound-NFSe-Test\bin\Debug\netcoreapp3.1\fine-code-coverage\build-output\OrbitService_Test.dll
TpTrace Verbose: 0 : 39548, 5, 2022/10/11, 11:48:51.548, 3198891713540, vstest.console.dll, ParallelProxyExecutionManager: Execution started. Started clients: 1
TpTrace Verbose: 0 : 39548, 1, 2022/10/11, 11:48:51.548, 3198891713765, vstest.console.dll, ProxyParallelExecutionManager: No sources available for execution.
TpTrace Information: 0 : 39548, 1, 2022/10/11, 11:48:51.548, 3198891715025, vstest.console.dll, TestRunRequest.ExecuteAsync: Started.
TpTrace Verbose: 0 : 39548, 1, 2022/10/11, 11:48:51.548, 3198891716095, vstest.console.dll, TestRunRequest.WaitForCompletion: Waiting with timeout -1.
TpTrace Verbose: 0 : 39548, 5, 2022/10/11, 11:48:51.549, 3198891717593, vstest.console.dll, TestRunRequest:SendTestRunMessage: Starting.
TpTrace Verbose: 0 : 39548, 5, 2022/10/11, 11:48:51.549, 3198891719347, vstest.console.dll, MulticastDelegateUtilities.SafeInvoke: TestRun.LogMessages: Invoking callback 1/1 for Microsoft.VisualStudio.TestPlatform.CommandLine.TestRunResultAggregator.TestRunMessageHandler, took 0 ms.
TpTrace Verbose: 0 : 39548, 4, 2022/10/11, 11:48:51.549, 3198891719539, vstest.console.dll, MulticastDelegateUtilities.SafeInvoke: InternalTestLoggerEvents.SendTestRunMessage: Invoking callback 1/1 for Microsoft.VisualStudio.TestPlatform.CommandLine.Internal.ConsoleLogger.TestMessageHandler, took 0 ms.
TpTrace Information: 0 : 39548, 5, 2022/10/11, 11:48:51.549, 3198891719983, vstest.console.dll, TestRunRequest:SendTestRunMessage: Completed.
TpTrace Verbose: 0 : 39548, 5, 2022/10/11, 11:48:51.549, 3198891723584, vstest.console.dll, ProxyExecutionManager: Test host is always Lazy initialize.
TpTrace Verbose: 0 : 39548, 5, 2022/10/11, 11:48:51.549, 3198891726448, vstest.console.dll, TestRequestSender.InitializeCommunication: initialize communication. 
TpTrace Information: 0 : 39548, 5, 2022/10/11, 11:48:51.550, 3198891732777, vstest.console.dll, SocketServer.Start: Listening on endpoint : 127.0.0.1:53393
TpTrace Verbose: 0 : 39548, 5, 2022/10/11, 11:48:51.551, 3198891741008, vstest.console.dll, DotnetTestHostmanager.GetTestHostProcessStartInfo: Platform environment 'X64' target architecture 'X64' framework '.NETCoreApp,Version=v3.1' OS 'Windows'
TpTrace Verbose: 0 : 39548, 5, 2022/10/11, 11:48:51.551, 3198891743317, vstest.console.dll, DotnetTestHostmanager: Adding  --runtimeconfig "C:\Users\luisf\Desktop\Repositori B1 Dev\OrbitService\OrbitService\test\Inbound-NFSe-Test\bin\Debug\netcoreapp3.1\fine-code-coverage\build-output\OrbitService_Test.runtimeconfig.json" in args
TpTrace Verbose: 0 : 39548, 5, 2022/10/11, 11:48:51.551, 3198891744519, vstest.console.dll, DotnetTestHostmanager: Adding  --depsfile "C:\Users\luisf\Desktop\Repositori B1 Dev\OrbitService\OrbitService\test\Inbound-NFSe-Test\bin\Debug\netcoreapp3.1\fine-code-coverage\build-output\OrbitService_Test.deps.json" in args
TpTrace Verbose: 0 : 39548, 5, 2022/10/11, 11:48:51.552, 3198891748368, vstest.console.dll, DotnetTestHostmanager.IsWinOnArm: Current PROCESSOR_ARCHITECTURE from environment variable 'AMD64'
TpTrace Verbose: 0 : 39548, 5, 2022/10/11, 11:48:51.552, 3198891749236, vstest.console.dll, DotnetTestHostmanager.IsWinOnArm: Is Windows on ARM 'False'
TpTrace Verbose: 0 : 39548, 5, 2022/10/11, 11:48:51.552, 3198891750479, vstest.console.dll, DotnetTestHostManager: testhost.exe found at path: C:\Users\luisf\Desktop\Repositori B1 Dev\OrbitService\OrbitService\test\Inbound-NFSe-Test\bin\Debug\netcoreapp3.1\fine-code-coverage\build-output\testhost.exe
TpTrace Verbose: 0 : 39548, 5, 2022/10/11, 11:48:51.552, 3198891751087, vstest.console.dll, DotnetTestHostmanager: Full path of host exe is C:\Users\luisf\Desktop\Repositori B1 Dev\OrbitService\OrbitService\test\Inbound-NFSe-Test\bin\Debug\netcoreapp3.1\fine-code-coverage\build-output\testhost.exe
TpTrace Verbose: 0 : 39548, 5, 2022/10/11, 11:48:51.552, 3198891752637, vstest.console.dll, DotnetTestHostmanager.LaunchTestHostAsync: Found 'VSTEST_WINAPPHOST_DOTNET_ROOT' in env variables, value 'c:\program files\dotnet', forwarding to 'DOTNET_ROOT'
TpTrace Verbose: 0 : 39548, 7, 2022/10/11, 11:48:51.553, 3198891762418, vstest.console.dll, DotnetTestHostManager: Starting process 'C:\Users\luisf\Desktop\Repositori B1 Dev\OrbitService\OrbitService\test\Inbound-NFSe-Test\bin\Debug\netcoreapp3.1\fine-code-coverage\build-output\testhost.exe' with command line ' --runtimeconfig "C:\Users\luisf\Desktop\Repositori B1 Dev\OrbitService\OrbitService\test\Inbound-NFSe-Test\bin\Debug\netcoreapp3.1\fine-code-coverage\build-output\OrbitService_Test.runtimeconfig.json" --depsfile "C:\Users\luisf\Desktop\Repositori B1 Dev\OrbitService\OrbitService\test\Inbound-NFSe-Test\bin\Debug\netcoreapp3.1\fine-code-coverage\build-output\OrbitService_Test.deps.json" --port 53393 --endpoint 127.0.0.1:053393 --role client --parentprocessid 39548 --diag "C:\Users\luisf\Desktop\Repositori B1 Dev\OrbitService\OrbitService\test\Inbound-NFSe-Test\bin\Debug\netcoreapp3.1\fine-code-coverage\coverage-tool-output\diagnostics.host.22-10-11_11-48-51_55097_5.log" --tracelevel 4 --datacollectionport 53392 --telemetryoptedin false'
TpTrace Verbose: 0 : 39548, 7, 2022/10/11, 11:48:51.564, 3198891869472, vstest.console.dll, MulticastDelegateUtilities.SafeInvoke: HostProviderEvents.OnHostLaunched: Invoking callback 1/2 for Microsoft.VisualStudio.TestPlatform.CrossPlatEngine.Client.ProxyExecutionManagerWithDataCollection.TestHostLaunchedHandler, took 1 ms.
TpTrace Verbose: 0 : 39548, 7, 2022/10/11, 11:48:51.564, 3198891870562, vstest.console.dll, Test Runtime launched
TpTrace Verbose: 0 : 39548, 7, 2022/10/11, 11:48:51.564, 3198891871239, vstest.console.dll, MulticastDelegateUtilities.SafeInvoke: HostProviderEvents.OnHostLaunched: Invoking callback 2/2 for Microsoft.VisualStudio.TestPlatform.CrossPlatEngine.Client.ProxyOperationManager.TestHostManagerHostLaunched, took 0 ms.
TpTrace Verbose: 0 : 39548, 5, 2022/10/11, 11:48:51.565, 3198891877598, vstest.console.dll, TestRequestSender.WaitForRequestHandlerConnection: waiting for connection with timeout: 90000.
TpTrace Verbose: 0 : 39548, 5, 2022/10/11, 11:48:51.823, 3198894456858, vstest.console.dll, TestRequestSender.WaitForRequestHandlerConnection: waiting took 257 ms, with timeout 90000 ms, and result 0, which is success.
TpTrace Verbose: 0 : 39548, 7, 2022/10/11, 11:48:51.823, 3198894456885, vstest.console.dll, MulticastDelegateUtilities.SafeInvoke: SocketServer: ClientConnected: Invoking callback 1/1 for Microsoft.VisualStudio.TestPlatform.CommunicationUtilities.TestRequestSender.<InitializeCommunication>b__23_0, took 0 ms.
TpTrace Verbose: 0 : 39548, 7, 2022/10/11, 11:48:51.823, 3198894458691, vstest.console.dll, SocketServer.OnClientConnected: Client connected for endPoint: 127.0.0.1:53393, starting MessageLoopAsync:
TpTrace Verbose: 0 : 39548, 14, 2022/10/11, 11:48:51.823, 3198894460927, vstest.console.dll, TcpClientExtensions.MessageLoopAsync: Polling on remoteEndPoint: 127.0.0.1:53394 localEndPoint: 127.0.0.1:53393
TpTrace Verbose: 0 : 39548, 5, 2022/10/11, 11:48:51.824, 3198894469056, vstest.console.dll, TestRequestSender.CheckVersionWithTestHost: Sending check version message: {"MessageType":"ProtocolVersion","Payload":6}
TpTrace Verbose: 0 : 39548, 14, 2022/10/11, 11:48:52.016, 3198896389680, vstest.console.dll, TcpClientExtensions.MessageLoopAsync: NotifyDataAvailable remoteEndPoint: 127.0.0.1:53394 localEndPoint: 127.0.0.1:53393
TpTrace Verbose: 0 : 39548, 14, 2022/10/11, 11:48:52.016, 3198896392898, vstest.console.dll, TestRequestSender.CheckVersionWithTestHost: onMessageReceived received message: (ProtocolVersion) -> 5
TpTrace Verbose: 0 : 39548, 14, 2022/10/11, 11:48:52.017, 3198896398042, vstest.console.dll, MulticastDelegateUtilities.SafeInvoke: LengthPrefixCommunicationChannel: MessageReceived: Invoking callback 1/1 for Microsoft.VisualStudio.TestPlatform.CommunicationUtilities.TestRequestSender+<>c__DisplayClass25_0.<CheckVersionWithTestHost>b__0, took 0 ms.
TpTrace Verbose: 0 : 39548, 14, 2022/10/11, 11:48:52.017, 3198896399076, vstest.console.dll, TcpClientExtensions.MessageLoopAsync: Polling on remoteEndPoint: 127.0.0.1:53394 localEndPoint: 127.0.0.1:53393
TpTrace Verbose: 0 : 39548, 5, 2022/10/11, 11:48:52.017, 3198896399042, vstest.console.dll, TestPluginCache.GetExtensionPaths: Filtered extension paths: 
TpTrace Verbose: 0 : 39548, 5, 2022/10/11, 11:48:52.017, 3198896400377, vstest.console.dll, TestPluginCache.GetExtensionPaths: Added default extension paths: c:\program files\dotnet\sdk\6.0.302\Extensions\DumpMinitool.exe
c:\program files\dotnet\sdk\6.0.302\Extensions\DumpMinitool.x86.exe
c:\program files\dotnet\sdk\6.0.302\Extensions\Microsoft.Diagnostics.NETCore.Client.dll
c:\program files\dotnet\sdk\6.0.302\Extensions\Microsoft.TestPlatform.Extensions.BlameDataCollector.dll
c:\program files\dotnet\sdk\6.0.302\Extensions\Microsoft.TestPlatform.Extensions.EventLogCollector.dll
c:\program files\dotnet\sdk\6.0.302\Extensions\Microsoft.TestPlatform.TestHostRuntimeProvider.dll
c:\program files\dotnet\sdk\6.0.302\Extensions\Microsoft.VisualStudio.TestPlatform.Extensions.Html.TestLogger.dll
c:\program files\dotnet\sdk\6.0.302\Extensions\Microsoft.VisualStudio.TestPlatform.Extensions.Trx.TestLogger.dll
TpTrace Verbose: 0 : 39548, 5, 2022/10/11, 11:48:52.017, 3198896400887, vstest.console.dll, TestPluginCache.GetExtensionPaths: Added unfilterableExtensionPaths: 
TpTrace Verbose: 0 : 39548, 5, 2022/10/11, 11:48:52.021, 3198896443403, vstest.console.dll, TestRequestSender.InitializeExecution: Sending initialize execution with message: {"Version":5,"MessageType":"TestExecution.Initialize","Payload":["C:\\Users\\luisf\\Desktop\\Repositori B1 Dev\\OrbitService\\OrbitService\\test\\Inbound-NFSe-Test\\bin\\Debug\\netcoreapp3.1\\fine-code-coverage\\build-output\\xunit.runner.visualstudio.dotnetcore.testadapter.dll"]}
TpTrace Warning: 0 : 39548, 5, 2022/10/11, 11:48:52.022, 3198896447849, vstest.console.dll, InferRunSettingsHelper.MakeRunsettingsCompatible: Removing the following settings: TargetPlatform from RunSettings file. To use those settings please move to latest version of Microsoft.NET.Test.Sdk
TpTrace Verbose: 0 : 39548, 14, 2022/10/11, 11:48:52.031, 3198896541692, vstest.console.dll, TcpClientExtensions.MessageLoopAsync: NotifyDataAvailable remoteEndPoint: 127.0.0.1:53394 localEndPoint: 127.0.0.1:53393
TpTrace Verbose: 0 : 39548, 14, 2022/10/11, 11:48:52.031, 3198896543100, vstest.console.dll, TestRequestSender.OnExecutionMessageReceived: Received message: {"Version":5,"MessageType":"TestSession.Message","Payload":{"MessageLevel":0,"Message":"Logging TestHost Diagnostics in file: C:\\Users\\luisf\\Desktop\\Repositori B1 Dev\\OrbitService\\OrbitService\\test\\Inbound-NFSe-Test\\bin\\Debug\\netcoreapp3.1\\fine-code-coverage\\coverage-tool-output\\diagnostics.host.22-10-11_11-48-51_55097_5.log"}}
TpTrace Verbose: 0 : 39548, 5, 2022/10/11, 11:48:52.032, 3198896549168, vstest.console.dll, TestRequestSender.StartTestRun: Sending test run with message: {"Version":5,"MessageType":"TestExecution.StartWithSources","Payload":{"AdapterSourceMap":{"_none_":["C:\\Users\\luisf\\Desktop\\Repositori B1 Dev\\OrbitService\\OrbitService\\test\\Inbound-NFSe-Test\\bin\\Debug\\netcoreapp3.1\\fine-code-coverage\\build-output\\OrbitService_Test.dll"]},"RunSettings":"<RunSettings>\r\n  <RunConfiguration>\r\n    <ResultsDirectory>C:\\Users\\luisf\\Desktop\\Repositori B1 Dev\\OrbitService\\OrbitService\\test\\Inbound-NFSe-Test\\bin\\Debug\\netcoreapp3.1\\fine-code-coverage\\coverage-tool-output</ResultsDirectory>\r\n    <TargetFrameworkVersion>.NETCoreApp,Version=v3.1</TargetFrameworkVersion>\r\n    <DesignMode>False</DesignMode>\r\n    <CollectSourceInformation>False</CollectSourceInformation>\r\n  </RunConfiguration>\r\n  <LoggerRunSettings>\r\n    <Loggers>\r\n      <Logger friendlyName=\"blame\" enabled=\"True\" />\r\n      <Logger friendlyName=\"Console\" uri=\"logger://microsoft/TestPlatform/ConsoleLogger/v1\" assemblyQualifiedName=\"Microsoft.VisualStudio.TestPlatform.CommandLine.Internal.ConsoleLogger, vstest.console, Version=15.0.0.0, Culture=neutral, PublicKeyToken=b03f5f7f11d50a3a\" codeBase=\"c:\\program files\\dotnet\\sdk\\6.0.302\\vstest.console.dll\" enabled=\"True\" />\r\n    </Loggers>\r\n  </LoggerRunSettings>\r\n  <DataCollectionRunSettings>\r\n    <DataCollectors>\r\n      <DataCollector friendlyName=\"blame\" enabled=\"True\">\r\n        <Configuration>\r\n          <ResultsDirectory>C:\\Users\\luisf\\Desktop\\Repositori B1 Dev\\OrbitService\\OrbitService\\test\\Inbound-NFSe-Test\\bin\\Debug\\netcoreapp3.1\\fine-code-coverage\\coverage-tool-output</ResultsDirectory>\r\n        </Configuration>\r\n      </DataCollector>\r\n    </DataCollectors>\r\n  </DataCollectionRunSettings>\r\n</RunSettings>","TestExecutionContext":{"FrequencyOfRunStatsChangeEvent":10,"RunStatsChangeEventTimeout":"00:00:01.5000000","InIsolation":false,"KeepAlive":false,"AreTestCaseLevelEventsRequired":false,"IsDebug":false,"TestCaseFilter":null,"FilterOptions":null},"Package":null}}
TpTrace Verbose: 0 : 39548, 14, 2022/10/11, 11:48:52.033, 3198896566046, vstest.console.dll, TestRunRequest:SendTestRunMessage: Starting.
TpTrace Verbose: 0 : 39548, 14, 2022/10/11, 11:48:52.034, 3198896568324, vstest.console.dll, MulticastDelegateUtilities.SafeInvoke: TestRun.LogMessages: Invoking callback 1/1 for Microsoft.VisualStudio.TestPlatform.CommandLine.TestRunResultAggregator.TestRunMessageHandler, took 0 ms.
TpTrace Verbose: 0 : 39548, 4, 2022/10/11, 11:48:52.034, 3198896568685, vstest.console.dll, MulticastDelegateUtilities.SafeInvoke: InternalTestLoggerEvents.SendTestRunMessage: Invoking callback 1/1 for Microsoft.VisualStudio.TestPlatform.CommandLine.Internal.ConsoleLogger.TestMessageHandler, took 0 ms.
TpTrace Information: 0 : 39548, 14, 2022/10/11, 11:48:52.034, 3198896568867, vstest.console.dll, TestRunRequest:SendTestRunMessage: Completed.
TpTrace Verbose: 0 : 39548, 14, 2022/10/11, 11:48:52.034, 3198896570395, vstest.console.dll, MulticastDelegateUtilities.SafeInvoke: LengthPrefixCommunicationChannel: MessageReceived: Invoking callback 1/1 for Microsoft.VisualStudio.TestPlatform.CommunicationUtilities.TestRequestSender+<>c__DisplayClass30_0.<StartTestRun>b__1, took 2 ms.
TpTrace Verbose: 0 : 39548, 14, 2022/10/11, 11:48:52.034, 3198896570873, vstest.console.dll, TcpClientExtensions.MessageLoopAsync: Polling on remoteEndPoint: 127.0.0.1:53394 localEndPoint: 127.0.0.1:53393
TpTrace Verbose: 0 : 39548, 14, 2022/10/11, 11:48:52.218, 3198898415139, vstest.console.dll, TcpClientExtensions.MessageLoopAsync: NotifyDataAvailable remoteEndPoint: 127.0.0.1:53394 localEndPoint: 127.0.0.1:53393
TpTrace Verbose: 0 : 39548, 14, 2022/10/11, 11:48:52.218, 3198898416569, vstest.console.dll, TestRequestSender.OnExecutionMessageReceived: Received message: {"Version":5,"MessageType":"TestSession.Message","Payload":{"MessageLevel":0,"Message":"[xUnit.net 00:00:00.00] xUnit.net VSTest Adapter v2.4.3+1b45f5407b (64-bit .NET Core 3.1.27)"}}
TpTrace Verbose: 0 : 39548, 14, 2022/10/11, 11:48:52.219, 3198898420609, vstest.console.dll, TestRunRequest:SendTestRunMessage: Starting.
TpTrace Verbose: 0 : 39548, 14, 2022/10/11, 11:48:52.219, 3198898421459, vstest.console.dll, MulticastDelegateUtilities.SafeInvoke: TestRun.LogMessages: Invoking callback 1/1 for Microsoft.VisualStudio.TestPlatform.CommandLine.TestRunResultAggregator.TestRunMessageHandler, took 0 ms.
TpTrace Information: 0 : 39548, 14, 2022/10/11, 11:48:52.219, 3198898421969, vstest.console.dll, TestRunRequest:SendTestRunMessage: Completed.
TpTrace Verbose: 0 : 39548, 4, 2022/10/11, 11:48:52.219, 3198898421735, vstest.console.dll, MulticastDelegateUtilities.SafeInvoke: InternalTestLoggerEvents.SendTestRunMessage: Invoking callback 1/1 for Microsoft.VisualStudio.TestPlatform.CommandLine.Internal.ConsoleLogger.TestMessageHandler, took 0 ms.
TpTrace Verbose: 0 : 39548, 14, 2022/10/11, 11:48:52.219, 3198898422435, vstest.console.dll, MulticastDelegateUtilities.SafeInvoke: LengthPrefixCommunicationChannel: MessageReceived: Invoking callback 1/1 for Microsoft.VisualStudio.TestPlatform.CommunicationUtilities.TestRequestSender+<>c__DisplayClass30_0.<StartTestRun>b__1, took 0 ms.
TpTrace Verbose: 0 : 39548, 14, 2022/10/11, 11:48:52.219, 3198898423605, vstest.console.dll, TcpClientExtensions.MessageLoopAsync: Polling on remoteEndPoint: 127.0.0.1:53394 localEndPoint: 127.0.0.1:53393
TpTrace Verbose: 0 : 39548, 14, 2022/10/11, 11:48:53.222, 3198908448759, vstest.console.dll, TcpClientExtensions.MessageLoopAsync: Polling on remoteEndPoint: 127.0.0.1:53394 localEndPoint: 127.0.0.1:53393
TpTrace Verbose: 0 : 39548, 14, 2022/10/11, 11:48:53.471, 3198910946645, vstest.console.dll, TcpClientExtensions.MessageLoopAsync: NotifyDataAvailable remoteEndPoint: 127.0.0.1:53394 localEndPoint: 127.0.0.1:53393
TpTrace Verbose: 0 : 39548, 14, 2022/10/11, 11:48:53.472, 3198910948547, vstest.console.dll, TestRequestSender.OnExecutionMessageReceived: Received message: {"Version":5,"MessageType":"TestSession.Message","Payload":{"MessageLevel":0,"Message":"[xUnit.net 00:00:01.25]   Discovering: OrbitService_Test"}}
TpTrace Verbose: 0 : 39548, 14, 2022/10/11, 11:48:53.472, 3198910951227, vstest.console.dll, TestRunRequest:SendTestRunMessage: Starting.
TpTrace Verbose: 0 : 39548, 14, 2022/10/11, 11:48:53.472, 3198910952012, vstest.console.dll, MulticastDelegateUtilities.SafeInvoke: TestRun.LogMessages: Invoking callback 1/1 for Microsoft.VisualStudio.TestPlatform.CommandLine.TestRunResultAggregator.TestRunMessageHandler, took 0 ms.
TpTrace Verbose: 0 : 39548, 4, 2022/10/11, 11:48:53.472, 3198910952329, vstest.console.dll, MulticastDelegateUtilities.SafeInvoke: InternalTestLoggerEvents.SendTestRunMessage: Invoking callback 1/1 for Microsoft.VisualStudio.TestPlatform.CommandLine.Internal.ConsoleLogger.TestMessageHandler, took 0 ms.
TpTrace Information: 0 : 39548, 14, 2022/10/11, 11:48:53.472, 3198910952468, vstest.console.dll, TestRunRequest:SendTestRunMessage: Completed.
TpTrace Verbose: 0 : 39548, 14, 2022/10/11, 11:48:53.472, 3198910953628, vstest.console.dll, MulticastDelegateUtilities.SafeInvoke: LengthPrefixCommunicationChannel: MessageReceived: Invoking callback 1/1 for Microsoft.VisualStudio.TestPlatform.CommunicationUtilities.TestRequestSender+<>c__DisplayClass30_0.<StartTestRun>b__1, took 0 ms.
TpTrace Verbose: 0 : 39548, 14, 2022/10/11, 11:48:53.472, 3198910954086, vstest.console.dll, TcpClientExtensions.MessageLoopAsync: Polling on remoteEndPoint: 127.0.0.1:53394 localEndPoint: 127.0.0.1:53393
TpTrace Verbose: 0 : 39548, 14, 2022/10/11, 11:48:53.516, 3198911391993, vstest.console.dll, TcpClientExtensions.MessageLoopAsync: NotifyDataAvailable remoteEndPoint: 127.0.0.1:53394 localEndPoint: 127.0.0.1:53393
TpTrace Verbose: 0 : 39548, 14, 2022/10/11, 11:48:53.516, 3198911393220, vstest.console.dll, TestRequestSender.OnExecutionMessageReceived: Received message: {"Version":5,"MessageType":"TestSession.Message","Payload":{"MessageLevel":0,"Message":"[xUnit.net 00:00:01.30]   Discovered:  OrbitService_Test"}}
TpTrace Verbose: 0 : 39548, 14, 2022/10/11, 11:48:53.516, 3198911394942, vstest.console.dll, TestRunRequest:SendTestRunMessage: Starting.
TpTrace Verbose: 0 : 39548, 14, 2022/10/11, 11:48:53.516, 3198911395667, vstest.console.dll, MulticastDelegateUtilities.SafeInvoke: TestRun.LogMessages: Invoking callback 1/1 for Microsoft.VisualStudio.TestPlatform.CommandLine.TestRunResultAggregator.TestRunMessageHandler, took 0 ms.
TpTrace Information: 0 : 39548, 14, 2022/10/11, 11:48:53.516, 3198911396102, vstest.console.dll, TestRunRequest:SendTestRunMessage: Completed.
TpTrace Verbose: 0 : 39548, 4, 2022/10/11, 11:48:53.516, 3198911396265, vstest.console.dll, MulticastDelegateUtilities.SafeInvoke: InternalTestLoggerEvents.SendTestRunMessage: Invoking callback 1/1 for Microsoft.VisualStudio.TestPlatform.CommandLine.Internal.ConsoleLogger.TestMessageHandler, took 0 ms.
TpTrace Verbose: 0 : 39548, 14, 2022/10/11, 11:48:53.516, 3198911396504, vstest.console.dll, MulticastDelegateUtilities.SafeInvoke: LengthPrefixCommunicationChannel: MessageReceived: Invoking callback 1/1 for Microsoft.VisualStudio.TestPlatform.CommunicationUtilities.TestRequestSender+<>c__DisplayClass30_0.<StartTestRun>b__1, took 0 ms.
TpTrace Verbose: 0 : 39548, 14, 2022/10/11, 11:48:53.517, 3198911397637, vstest.console.dll, TcpClientExtensions.MessageLoopAsync: Polling on remoteEndPoint: 127.0.0.1:53394 localEndPoint: 127.0.0.1:53393
TpTrace Verbose: 0 : 39548, 14, 2022/10/11, 11:48:53.519, 3198911423947, vstest.console.dll, TcpClientExtensions.MessageLoopAsync: NotifyDataAvailable remoteEndPoint: 127.0.0.1:53394 localEndPoint: 127.0.0.1:53393
TpTrace Verbose: 0 : 39548, 14, 2022/10/11, 11:48:53.519, 3198911424801, vstest.console.dll, TestRequestSender.OnExecutionMessageReceived: Received message: {"Version":5,"MessageType":"TestSession.Message","Payload":{"MessageLevel":0,"Message":"[xUnit.net 00:00:01.30]   Starting:    OrbitService_Test"}}
TpTrace Verbose: 0 : 39548, 14, 2022/10/11, 11:48:53.519, 3198911426272, vstest.console.dll, TestRunRequest:SendTestRunMessage: Starting.
TpTrace Verbose: 0 : 39548, 14, 2022/10/11, 11:48:53.520, 3198911427002, vstest.console.dll, MulticastDelegateUtilities.SafeInvoke: TestRun.LogMessages: Invoking callback 1/1 for Microsoft.VisualStudio.TestPlatform.CommandLine.TestRunResultAggregator.TestRunMessageHandler, took 0 ms.
TpTrace Information: 0 : 39548, 14, 2022/10/11, 11:48:53.520, 3198911427378, vstest.console.dll, TestRunRequest:SendTestRunMessage: Completed.
TpTrace Verbose: 0 : 39548, 4, 2022/10/11, 11:48:53.520, 3198911427506, vstest.console.dll, MulticastDelegateUtilities.SafeInvoke: InternalTestLoggerEvents.SendTestRunMessage: Invoking callback 1/1 for Microsoft.VisualStudio.TestPlatform.CommandLine.Internal.ConsoleLogger.TestMessageHandler, took 0 ms.
TpTrace Verbose: 0 : 39548, 14, 2022/10/11, 11:48:53.520, 3198911427785, vstest.console.dll, MulticastDelegateUtilities.SafeInvoke: LengthPrefixCommunicationChannel: MessageReceived: Invoking callback 1/1 for Microsoft.VisualStudio.TestPlatform.CommunicationUtilities.TestRequestSender+<>c__DisplayClass30_0.<StartTestRun>b__1, took 0 ms.
TpTrace Verbose: 0 : 39548, 14, 2022/10/11, 11:48:53.520, 3198911428840, vstest.console.dll, TcpClientExtensions.MessageLoopAsync: Polling on remoteEndPoint: 127.0.0.1:53394 localEndPoint: 127.0.0.1:53393
TpTrace Verbose: 0 : 39548, 14, 2022/10/11, 11:48:53.651, 3198912739985, vstest.console.dll, TcpClientExtensions.MessageLoopAsync: NotifyDataAvailable remoteEndPoint: 127.0.0.1:53394 localEndPoint: 127.0.0.1:53393
TpTrace Verbose: 0 : 39548, 14, 2022/10/11, 11:48:53.651, 3198912742237, vstest.console.dll, TestRequestSender.OnExecutionMessageReceived: Received message: {"Version":5,"MessageType":"TestExecution.StatsChange","Payload":{"NewTestResults":[],"TestRunStatistics":{"ExecutedTests":0,"Stats":{}},"ActiveTests":[{"Id":"efc9b698-755d-6668-1e59-1c537ee93760","FullyQualifiedName":"OrbitService_Test.FiscalBrasil.services.NFSeDocumentRegisterServiceTest.ShouldRegisterAValidOtherDocumentRequest","DisplayName":"OrbitService_Test.FiscalBrasil.services.NFSeDocumentRegisterServiceTest.ShouldRegisterAValidOtherDocumentRequest","ExecutorUri":"executor://xunit/VsTestRunner2/netcoreapp","Source":"C:\\Users\\luisf\\Desktop\\Repositori B1 Dev\\OrbitService\\OrbitService\\test\\Inbound-NFSe-Test\\bin\\Debug\\netcoreapp3.1\\fine-code-coverage\\build-output\\OrbitService_Test.dll","CodeFilePath":null,"LineNumber":0,"Properties":[]},{"Id":"85ac7eb5-cfb9-9321-292d-887ac9826790","FullyQualifiedName":"OrbitService_Test.FiscalBrasil.usecases.NFSeDocumentsRegisterUseCaseTest.ShouldRegisterAOtherDocumentWithSuccess","DisplayName":"OrbitService_Test.FiscalBrasil.usecases.NFSeDocumentsRegisterUseCaseTest.ShouldRegisterAOtherDocumentWithSuccess","ExecutorUri":"executor://xunit/VsTestRunner2/netcoreapp","Source":"C:\\Users\\luisf\\Desktop\\Repositori B1 Dev\\OrbitService\\OrbitService\\test\\Inbound-NFSe-Test\\bin\\Debug\\netcoreapp3.1\\fine-code-coverage\\build-output\\OrbitService_Test.dll","CodeFilePath":null,"LineNumber":0,"Properties":[]}]}}
TpTrace Verbose: 0 : 39548, 14, 2022/10/11, 11:48:53.665, 3198912884123, vstest.console.dll, TestRunRequest:SendTestRunStatsChange: Starting.
TpTrace Verbose: 0 : 39548, 14, 2022/10/11, 11:48:53.665, 3198912885512, vstest.console.dll, InProgress is OrbitService_Test.FiscalBrasil.services.NFSeDocumentRegisterServiceTest.ShouldRegisterAValidOtherDocumentRequest
TpTrace Verbose: 0 : 39548, 14, 2022/10/11, 11:48:53.665, 3198912886024, vstest.console.dll, InProgress is OrbitService_Test.FiscalBrasil.usecases.NFSeDocumentsRegisterUseCaseTest.ShouldRegisterAOtherDocumentWithSuccess
TpTrace Verbose: 0 : 39548, 14, 2022/10/11, 11:48:53.666, 3198912887101, vstest.console.dll, MulticastDelegateUtilities.SafeInvoke: TestRun.RunStatsChanged: Invoking callbacks was skipped because there are no subscribers.
TpTrace Information: 0 : 39548, 14, 2022/10/11, 11:48:53.666, 3198912887557, vstest.console.dll, TestRunRequest:SendTestRunStatsChange: Completed.
TpTrace Verbose: 0 : 39548, 14, 2022/10/11, 11:48:53.666, 3198912888005, vstest.console.dll, MulticastDelegateUtilities.SafeInvoke: LengthPrefixCommunicationChannel: MessageReceived: Invoking callback 1/1 for Microsoft.VisualStudio.TestPlatform.CommunicationUtilities.TestRequestSender+<>c__DisplayClass30_0.<StartTestRun>b__1, took 14 ms.
TpTrace Verbose: 0 : 39548, 14, 2022/10/11, 11:48:53.666, 3198912888443, vstest.console.dll, TcpClientExtensions.MessageLoopAsync: Polling on remoteEndPoint: 127.0.0.1:53394 localEndPoint: 127.0.0.1:53393
TpTrace Verbose: 0 : 39548, 14, 2022/10/11, 11:48:53.817, 3198914405857, vstest.console.dll, TcpClientExtensions.MessageLoopAsync: NotifyDataAvailable remoteEndPoint: 127.0.0.1:53394 localEndPoint: 127.0.0.1:53393
TpTrace Verbose: 0 : 39548, 14, 2022/10/11, 11:48:53.818, 3198914407119, vstest.console.dll, TestRequestSender.OnExecutionMessageReceived: Received message: {"Version":5,"MessageType":"TestSession.Message","Payload":{"MessageLevel":0,"Message":"[xUnit.net 00:00:01.60]   Finished:    OrbitService_Test"}}
TpTrace Verbose: 0 : 39548, 14, 2022/10/11, 11:48:53.818, 3198914409190, vstest.console.dll, TestRunRequest:SendTestRunMessage: Starting.
TpTrace Verbose: 0 : 39548, 14, 2022/10/11, 11:48:53.818, 3198914409932, vstest.console.dll, MulticastDelegateUtilities.SafeInvoke: TestRun.LogMessages: Invoking callback 1/1 for Microsoft.VisualStudio.TestPlatform.CommandLine.TestRunResultAggregator.TestRunMessageHandler, took 0 ms.
TpTrace Verbose: 0 : 39548, 4, 2022/10/11, 11:48:53.818, 3198914410263, vstest.console.dll, MulticastDelegateUtilities.SafeInvoke: InternalTestLoggerEvents.SendTestRunMessage: Invoking callback 1/1 for Microsoft.VisualStudio.TestPlatform.CommandLine.Internal.ConsoleLogger.TestMessageHandler, took 0 ms.
TpTrace Information: 0 : 39548, 14, 2022/10/11, 11:48:53.818, 3198914410333, vstest.console.dll, TestRunRequest:SendTestRunMessage: Completed.
TpTrace Verbose: 0 : 39548, 14, 2022/10/11, 11:48:53.818, 3198914411824, vstest.console.dll, MulticastDelegateUtilities.SafeInvoke: LengthPrefixCommunicationChannel: MessageReceived: Invoking callback 1/1 for Microsoft.VisualStudio.TestPlatform.CommunicationUtilities.TestRequestSender+<>c__DisplayClass30_0.<StartTestRun>b__1, took 0 ms.
TpTrace Verbose: 0 : 39548, 14, 2022/10/11, 11:48:53.818, 3198914412254, vstest.console.dll, TcpClientExtensions.MessageLoopAsync: Polling on remoteEndPoint: 127.0.0.1:53394 localEndPoint: 127.0.0.1:53393
TpTrace Verbose: 0 : 39548, 14, 2022/10/11, 11:48:53.846, 3198914694745, vstest.console.dll, TcpClientExtensions.MessageLoopAsync: NotifyDataAvailable remoteEndPoint: 127.0.0.1:53394 localEndPoint: 127.0.0.1:53393
TpTrace Verbose: 0 : 39548, 14, 2022/10/11, 11:48:53.847, 3198914696934, vstest.console.dll, TestRequestSender.OnExecutionMessageReceived: Received message: {"Version":5,"MessageType":"TestExecution.Completed","Payload":{"TestRunCompleteArgs":{"TestRunStatistics":{"ExecutedTests":5,"Stats":{"Passed":5}},"IsCanceled":false,"IsAborted":false,"Error":null,"AttachmentSets":[],"ElapsedTimeInRunningTests":"00:00:01.6163438","Metrics":{}},"LastRunTests":{"NewTestResults":[{"TestCase":{"Id":"65a55677-45ec-3281-c957-2f829e3516d4","FullyQualifiedName":"OrbitService_Test.FiscalBrazil.services.FactoryTest.ShouldCreateNFSeDocumentRegisterInputInstance","DisplayName":"OrbitService_Test.FiscalBrazil.services.FactoryTest.ShouldCreateNFSeDocumentRegisterInputInstance","ExecutorUri":"executor://xunit/VsTestRunner2/netcoreapp","Source":"C:\\Users\\luisf\\Desktop\\Repositori B1 Dev\\OrbitService\\OrbitService\\test\\Inbound-NFSe-Test\\bin\\Debug\\netcoreapp3.1\\fine-code-coverage\\build-output\\OrbitService_Test.dll","CodeFilePath":null,"LineNumber":0,"Properties":[]},"Attachments":[],"Outcome":1,"ErrorMessage":null,"ErrorStackTrace":null,"DisplayName":"OrbitService_Test.FiscalBrazil.services.FactoryTest.ShouldCreateNFSeDocumentRegisterInputInstance","Messages":[],"ComputerName":"DESKTOP-P1UVUT9","Duration":"00:00:00.0072756","StartTime":"2022-10-11T14:48:53.6569189+00:00","EndTime":"2022-10-11T14:48:53.6570169+00:00","Properties":[]},{"TestCase":{"Id":"5bbd94b9-5e4a-a8f1-828c-95c8e004d2f9","FullyQualifiedName":"OrbitService_Test.FiscalBrasil.mappers.MapperNFSeDocumentTest.ShouldConvertInvoiceB1ToOtherDocumentRegisterInput","DisplayName":"OrbitService_Test.FiscalBrasil.mappers.MapperNFSeDocumentTest.ShouldConvertInvoiceB1ToOtherDocumentRegisterInput","ExecutorUri":"executor://xunit/VsTestRunner2/netcoreapp","Source":"C:\\Users\\luisf\\Desktop\\Repositori B1 Dev\\OrbitService\\OrbitService\\test\\Inbound-NFSe-Test\\bin\\Debug\\netcoreapp3.1\\fine-code-coverage\\build-output\\OrbitService_Test.dll","CodeFilePath":null,"LineNumber":0,"Properties":[]},"Attachments":[],"Outcome":1,"ErrorMessage":null,"ErrorStackTrace":null,"DisplayName":"OrbitService_Test.FiscalBrasil.mappers.MapperNFSeDocumentTest.ShouldConvertInvoiceB1ToOtherDocumentRegisterInput","Messages":[],"ComputerName":"DESKTOP-P1UVUT9","Duration":"00:00:00.0361526","StartTime":"2022-10-11T14:48:53.6765528+00:00","EndTime":"2022-10-11T14:48:53.6765547+00:00","Properties":[]},{"TestCase":{"Id":"6228119d-e51a-4498-c212-b0de0f535ba0","FullyQualifiedName":"OrbitService_Test.FiscalBrasil.mappers.MapperNFSeDocumentTest.ShouldConvertOtherDocumentsRegisterOutputToInvoiceB1","DisplayName":"OrbitService_Test.FiscalBrasil.mappers.MapperNFSeDocumentTest.ShouldConvertOtherDocumentsRegisterOutputToInvoiceB1","ExecutorUri":"executor://xunit/VsTestRunner2/netcoreapp","Source":"C:\\Users\\luisf\\Desktop\\Repositori B1 Dev\\OrbitService\\OrbitService\\test\\Inbound-NFSe-Test\\bin\\Debug\\netcoreapp3.1\\fine-code-coverage\\build-output\\OrbitService_Test.dll","CodeFilePath":null,"LineNumber":0,"Properties":[]},"Attachments":[],"Outcome":1,"ErrorMessage":null,"ErrorStackTrace":null,"DisplayName":"OrbitService_Test.FiscalBrasil.mappers.MapperNFSeDocumentTest.ShouldConvertOtherDocumentsRegisterOutputToInvoiceB1","Messages":[],"ComputerName":"DESKTOP-P1UVUT9","Duration":"00:00:00.0035935","StartTime":"2022-10-11T14:48:53.6789783+00:00","EndTime":"2022-10-11T14:48:53.6789797+00:00","Properties":[]},{"TestCase":{"Id":"efc9b698-755d-6668-1e59-1c537ee93760","FullyQualifiedName":"OrbitService_Test.FiscalBrasil.services.NFSeDocumentRegisterServiceTest.ShouldRegisterAValidOtherDocumentRequest","DisplayName":"OrbitService_Test.FiscalBrasil.services.NFSeDocumentRegisterServiceTest.ShouldRegisterAValidOtherDocumentRequest","ExecutorUri":"executor://xunit/VsTestRunner2/netcoreapp","Source":"C:\\Users\\luisf\\Desktop\\Repositori B1 Dev\\OrbitService\\OrbitService\\test\\Inbound-NFSe-Test\\bin\\Debug\\netcoreapp3.1\\fine-code-coverage\\build-output\\OrbitService_Test.dll","CodeFilePath":null,"LineNumber":0,"Properties":[]},"Attachments":[],"Outcome":1,"ErrorMessage":null,"ErrorStackTrace":null,"DisplayName":"OrbitService_Test.FiscalBrasil.services.NFSeDocumentRegisterServiceTest.ShouldRegisterAValidOtherDocumentRequest","Messages":[],"ComputerName":"DESKTOP-P1UVUT9","Duration":"00:00:00.1411964","StartTime":"2022-10-11T14:48:53.7458912+00:00","EndTime":"2022-10-11T14:48:53.7458935+00:00","Properties":[]},{"TestCase":{"Id":"85ac7eb5-cfb9-9321-292d-887ac9826790","FullyQualifiedName":"OrbitService_Test.FiscalBrasil.usecases.NFSeDocumentsRegisterUseCaseTest.ShouldRegisterAOtherDocumentWithSuccess","DisplayName":"OrbitService_Test.FiscalBrasil.usecases.NFSeDocumentsRegisterUseCaseTest.ShouldRegisterAOtherDocumentWithSuccess","ExecutorUri":"executor://xunit/VsTestRunner2/netcoreapp","Source":"C:\\Users\\luisf\\Desktop\\Repositori B1 Dev\\OrbitService\\OrbitService\\test\\Inbound-NFSe-Test\\bin\\Debug\\netcoreapp3.1\\fine-code-coverage\\build-output\\OrbitService_Test.dll","CodeFilePath":null,"LineNumber":0,"Properties":[]},"Attachments":[],"Outcome":1,"ErrorMessage":null,"ErrorStackTrace":null,"DisplayName":"OrbitService_Test.FiscalBrasil.usecases.NFSeDocumentsRegisterUseCaseTest.ShouldRegisterAOtherDocumentWithSuccess","Messages":[],"ComputerName":"DESKTOP-P1UVUT9","Duration":"00:00:00.2103193","StartTime":"2022-10-11T14:48:53.815026+00:00","EndTime":"2022-10-11T14:48:53.8150278+00:00","Properties":[]}],"TestRunStatistics":{"ExecutedTests":5,"Stats":{"Passed":5}},"ActiveTests":[]},"RunAttachments":[],"ExecutorUris":["executor://xunit/VsTestRunner2/netcoreapp"]}}
TpTrace Verbose: 0 : 39548, 14, 2022/10/11, 11:48:53.848, 3198914714780, vstest.console.dll, TestRequestSender.EndSession: Sending end session.
TpTrace Verbose: 0 : 39548, 14, 2022/10/11, 11:48:53.848, 3198914716495, vstest.console.dll, ProxyOperationManager.Close: waiting for test host to exit for 100 ms
TpTrace Warning: 0 : 39548, 13, 2022/10/11, 11:48:53.877, 3198915005596, vstest.console.dll, TestHostManagerCallbacks.ErrorReceivedCallback Test host standard error line: 
TpTrace Verbose: 0 : 39548, 13, 2022/10/11, 11:48:53.894, 3198915170186, vstest.console.dll, TestHostProvider.ExitCallBack: Host exited starting callback.
TpTrace Information: 0 : 39548, 13, 2022/10/11, 11:48:53.894, 3198915175169, vstest.console.dll, TestHostManagerCallbacks.ExitCallBack: Testhost processId: 27764 exited with exitcode: 0 error: ''
TpTrace Verbose: 0 : 39548, 13, 2022/10/11, 11:48:53.894, 3198915175752, vstest.console.dll, DotnetTestHostManager.OnHostExited: invoking OnHostExited callback
TpTrace Verbose: 0 : 39548, 13, 2022/10/11, 11:48:53.894, 3198915176367, vstest.console.dll, CrossPlatEngine.TestHostManagerHostExited: calling on client process exit callback.
TpTrace Information: 0 : 39548, 13, 2022/10/11, 11:48:53.895, 3198915177087, vstest.console.dll, TestRequestSender.OnClientProcessExit: Test host process exited. Standard error: 
TpTrace Information: 0 : 39548, 13, 2022/10/11, 11:48:53.895, 3198915177740, vstest.console.dll, SocketServer.Stop: Stop server endPoint: 127.0.0.1:53393
TpTrace Information: 0 : 39548, 14, 2022/10/11, 11:48:53.895, 3198915177938, vstest.console.dll, SocketServer.Stop: Stop server endPoint: 127.0.0.1:53393
TpTrace Information: 0 : 39548, 13, 2022/10/11, 11:48:53.895, 3198915178064, vstest.console.dll, SocketServer.Stop: Cancellation requested. Stopping message loop.
TpTrace Information: 0 : 39548, 14, 2022/10/11, 11:48:53.895, 3198915178695, vstest.console.dll, SocketServer.Stop: Cancellation requested. Stopping message loop.
TpTrace Information: 0 : 39548, 14, 2022/10/11, 11:48:53.895, 3198915179854, vstest.console.dll, Closing the connection
TpTrace Verbose: 0 : 39548, 13, 2022/10/11, 11:48:53.895, 3198915180169, vstest.console.dll, MulticastDelegateUtilities.SafeInvoke: HostProviderEvents.OnHostExited: Invoking callback 1/1 for Microsoft.VisualStudio.TestPlatform.CrossPlatEngine.Client.ProxyOperationManager.TestHostManagerHostExited, took 0 ms.
TpTrace Verbose: 0 : 39548, 14, 2022/10/11, 11:48:53.895, 3198915185020, vstest.console.dll, ProxyDataCollectionManager.InvokeDataCollectionServiceAction: Starting.
TpTrace Information: 0 : 39548, 14, 2022/10/11, 11:48:53.895, 3198915185834, vstest.console.dll, ProxyDataCollectionManager.AfterTestRunEnd: Get attachment set and invoked data collectors processId: 7296 port: 53390
TpTrace Verbose: 0 : 39548, 14, 2022/10/11, 11:48:53.895, 3198915186390, vstest.console.dll, DataCollectionRequestSender.SendAfterTestRunStartAndGetResult: Send AfterTestRunEnd message with isCancelled: False
TpTrace Verbose: 0 : 39548, 14, 2022/10/11, 11:48:53.904, 3198915270462, vstest.console.dll, DataCollectionRequestSender.SendAfterTestRunStartAndGetResult: Received message: (DataCollection.AfterTestRunEndResult) -> {
  "AttachmentSets": [],
  "InvokedDataCollectors": [
    {
      "Uri": "datacollector://Microsoft/TestPlatform/Extensions/Blame/v1",
      "FriendlyName": "Blame",
      "AssemblyQualifiedName": "Microsoft.TestPlatform.Extensions.BlameDataCollector.BlameCollector, Microsoft.TestPlatform.Extensions.BlameDataCollector, Version=15.0.0.0, Culture=neutral, PublicKeyToken=b03f5f7f11d50a3a",
      "FilePath": "c:\\program files\\dotnet\\sdk\\6.0.302\\Extensions\\Microsoft.TestPlatform.Extensions.BlameDataCollector.dll",
      "HasAttachmentProcessor": false
    }
  ],
  "Metrics": {}
}
TpTrace Warning: 0 : 39548, 10, 2022/10/11, 11:48:53.909, 3198915319882, vstest.console.dll, DataCollectionLauncher.ErrorReceivedCallback datacollector standard error line: 
TpTrace Information: 0 : 39548, 14, 2022/10/11, 11:48:53.910, 3198915336297, vstest.console.dll, ProxyDataCollectionManager.InvokeDataCollectionServiceAction: Completed.
TpTrace Information: 0 : 39548, 10, 2022/10/11, 11:48:53.915, 3198915378137, vstest.console.dll, DataCollectionLauncher.ExitCallBack: Data collector exited with exitcode: 0 error: ''
TpTrace Verbose: 0 : 39548, 14, 2022/10/11, 11:48:53.958, 3198915813154, vstest.console.dll, TestRunRequest:SendTestRunStatsChange: Starting.
TpTrace Verbose: 0 : 39548, 14, 2022/10/11, 11:48:53.958, 3198915815039, vstest.console.dll, MulticastDelegateUtilities.SafeInvoke: TestRun.RunStatsChanged: Invoking callbacks was skipped because there are no subscribers.
TpTrace Information: 0 : 39548, 14, 2022/10/11, 11:48:53.958, 3198915815629, vstest.console.dll, TestRunRequest:SendTestRunStatsChange: Completed.
TpTrace Verbose: 0 : 39548, 14, 2022/10/11, 11:48:53.959, 3198915818200, vstest.console.dll, ParallelProxyExecutionManager: HandlePartialRunComplete: Total completed clients = 1, Run complete = True, Run canceled: False.
TpTrace Verbose: 0 : 39548, 4, 2022/10/11, 11:48:53.961, 3198915843194, vstest.console.dll, MulticastDelegateUtilities.SafeInvoke: InternalTestLoggerEvents.SendTestResult: Invoking callback 1/1 for Microsoft.VisualStudio.TestPlatform.CommandLine.Internal.ConsoleLogger.TestResultHandler, took 2 ms.
TpTrace Verbose: 0 : 39548, 4, 2022/10/11, 11:48:53.961, 3198915844500, vstest.console.dll, MulticastDelegateUtilities.SafeInvoke: InternalTestLoggerEvents.SendTestResult: Invoking callback 1/1 for Microsoft.VisualStudio.TestPlatform.CommandLine.Internal.ConsoleLogger.TestResultHandler, took 0 ms.
TpTrace Verbose: 0 : 39548, 4, 2022/10/11, 11:48:53.961, 3198915845255, vstest.console.dll, MulticastDelegateUtilities.SafeInvoke: InternalTestLoggerEvents.SendTestResult: Invoking callback 1/1 for Microsoft.VisualStudio.TestPlatform.CommandLine.Internal.ConsoleLogger.TestResultHandler, took 0 ms.
TpTrace Verbose: 0 : 39548, 4, 2022/10/11, 11:48:53.961, 3198915845861, vstest.console.dll, MulticastDelegateUtilities.SafeInvoke: InternalTestLoggerEvents.SendTestResult: Invoking callback 1/1 for Microsoft.VisualStudio.TestPlatform.CommandLine.Internal.ConsoleLogger.TestResultHandler, took 0 ms.
TpTrace Verbose: 0 : 39548, 4, 2022/10/11, 11:48:53.964, 3198915869758, vstest.console.dll, MulticastDelegateUtilities.SafeInvoke: InternalTestLoggerEvents.SendTestResult: Invoking callback 1/1 for Microsoft.VisualStudio.TestPlatform.CommandLine.Internal.ConsoleLogger.TestResultHandler, took 2 ms.
TpTrace Verbose: 0 : 39548, 4, 2022/10/11, 11:48:53.970, 3198915934991, vstest.console.dll, MulticastDelegateUtilities.SafeInvoke: InternalTestLoggerEvents.SendTestRunComplete: Invoking callback 1/2 for Microsoft.TestPlatform.Extensions.BlameDataCollector.BlameLogger.TestRunCompleteHandler, took 0 ms.
TpTrace Verbose: 0 : 39548, 4, 2022/10/11, 11:48:53.977, 3198915998652, vstest.console.dll, MulticastDelegateUtilities.SafeInvoke: InternalTestLoggerEvents.SendTestRunComplete: Invoking callback 2/2 for Microsoft.VisualStudio.TestPlatform.CommandLine.Internal.ConsoleLogger.TestRunCompleteHandler, took 6 ms.
TpTrace Verbose: 0 : 39548, 14, 2022/10/11, 11:48:53.977, 3198916001013, vstest.console.dll, TestRunRequest:TestRunComplete: Starting. IsAborted:False IsCanceled:False.
TpTrace Verbose: 0 : 39548, 14, 2022/10/11, 11:48:53.978, 3198916008543, vstest.console.dll, TestLoggerManager.HandleTestRunComplete: Ignoring as the object is disposed.
TpTrace Verbose: 0 : 39548, 14, 2022/10/11, 11:48:53.978, 3198916010797, vstest.console.dll, MulticastDelegateUtilities.SafeInvoke: TestRun.TestRunComplete: Invoking callback 1/2 for Microsoft.VisualStudio.TestPlatform.CommandLine.TestRunResultAggregator.TestRunCompletionHandler, took 0 ms.
TpTrace Verbose: 0 : 39548, 14, 2022/10/11, 11:48:53.978, 3198916011892, vstest.console.dll, MulticastDelegateUtilities.SafeInvoke: TestRun.TestRunComplete: Invoking callback 2/2 for Microsoft.VisualStudio.TestPlatform.CommandLine.Processors.RunTestsArgumentExecutor+TestRunRequestEventsRegistrar.TestRunRequest_OnRunCompletion, took 0 ms.
TpTrace Information: 0 : 39548, 14, 2022/10/11, 11:48:53.978, 3198916012937, vstest.console.dll, TestRunRequest:TestRunComplete: Completed.
TpTrace Verbose: 0 : 39548, 14, 2022/10/11, 11:48:53.978, 3198916013392, vstest.console.dll, TestRequestSender.SetOperationComplete: Setting operation complete.
TpTrace Verbose: 0 : 39548, 1, 2022/10/11, 11:48:53.978, 3198916013379, vstest.console.dll, TestRunRequest.Dispose: Starting.
TpTrace Information: 0 : 39548, 14, 2022/10/11, 11:48:53.978, 3198916013751, vstest.console.dll, SocketServer.Stop: Stop server endPoint: 127.0.0.1:53393
TpTrace Information: 0 : 39548, 1, 2022/10/11, 11:48:53.978, 3198916014461, vstest.console.dll, TestRunRequest.Dispose: Completed.
TpTrace Information: 0 : 39548, 14, 2022/10/11, 11:48:53.978, 3198916014972, vstest.console.dll, SocketServer.Stop: Cancellation requested. Stopping message loop.
TpTrace Information: 0 : 39548, 1, 2022/10/11, 11:48:53.978, 3198916015095, vstest.console.dll, TestRequestManager.RunTests: run tests completed.
TpTrace Verbose: 0 : 39548, 14, 2022/10/11, 11:48:53.978, 3198916015528, vstest.console.dll, MulticastDelegateUtilities.SafeInvoke: LengthPrefixCommunicationChannel: MessageReceived: Invoking callback 1/1 for Microsoft.VisualStudio.TestPlatform.CommunicationUtilities.TestRequestSender+<>c__DisplayClass30_0.<StartTestRun>b__1, took 131 ms.
TpTrace Information: 0 : 39548, 14, 2022/10/11, 11:48:53.978, 3198916016501, vstest.console.dll, SocketServer.PrivateStop: Stopping server endPoint: 127.0.0.1:53393 error: 
TpTrace Information: 0 : 39548, 1, 2022/10/11, 11:48:53.978, 3198916016533, vstest.console.dll, RunTestsArgumentProcessor:Execute: Test run is completed.
TpTrace Verbose: 0 : 39548, 1, 2022/10/11, 11:48:53.979, 3198916019228, vstest.console.dll, Executor.Execute: Exiting with exit code of 0
TpTrace Verbose: 0 : 39548, 14, 2022/10/11, 11:48:53.979, 3198916022196, vstest.console.dll, LengthPrefixCommunicationChannel.Dispose: Dispose reader and writer.
TpTrace Information: 0 : 39548, 14, 2022/10/11, 11:48:53.979, 3198916023060, vstest.console.dll, SocketServer.Stop: Raise disconnected event endPoint: 127.0.0.1:53393 error: 
TpTrace Verbose: 0 : 39548, 14, 2022/10/11, 11:48:53.979, 3198916023707, vstest.console.dll, TestRequestSender: OnTestRunAbort: Operation is already complete. Skip error message.
TpTrace Verbose: 0 : 39548, 14, 2022/10/11, 11:48:53.979, 3198916024252, vstest.console.dll, MulticastDelegateUtilities.SafeInvoke: SocketServer: ClientDisconnected: Invoking callback 1/1 for Microsoft.VisualStudio.TestPlatform.CommunicationUtilities.TestRequestSender.<InitializeCommunication>b__23_1, took 0 ms.
TpTrace Verbose: 0 : 39548, 14, 2022/10/11, 11:48:53.979, 3198916024630, vstest.console.dll, TcpClientExtensions.MessageLoopAsync: exiting MessageLoopAsync remoteEndPoint: 127.0.0.1:53394 localEndPoint: 127.0.0.1:53393
