TpTrace Verbose: 0 : 31180, 1, 2022/10/10, 09:01:04.154, 2234078668216, vstest.console.dll, Version: 17.2.0-release-20220408-11 Current process architecture: X64
TpTrace Information: 0 : 31180, 1, 2022/10/10, 09:01:04.165, 2234078775268, vstest.console.dll, FilePatternParser: The given file C:\Users\luisf\Desktop\Repositori B1 Dev\OrbitService\OrbitService\test\Inbound-NFe-Test\bin\Debug\netcoreapp3.1\fine-code-coverage\build-output\OrbitService_Test.dll is a full path.
TpTrace Verbose: 0 : 31180, 1, 2022/10/10, 09:01:04.174, 2234078861223, vstest.console.dll, TestPluginCache.DiscoverTestExtensions: finding test extensions in assemblies ends with: RuntimeProvider.dll TPluginInfo: Microsoft.VisualStudio.TestPlatform.Common.ExtensionFramework.Utilities.TestRuntimePluginInformation TExtension: Microsoft.VisualStudio.TestPlatform.ObjectModel.Host.ITestRuntimeProvider
TpTrace Verbose: 0 : 31180, 1, 2022/10/10, 09:01:04.174, 2234078866777, vstest.console.dll, TestPluginCache.GetExtensionPaths: Filtered extension paths: 
TpTrace Verbose: 0 : 31180, 1, 2022/10/10, 09:01:04.174, 2234078868066, vstest.console.dll, TestPluginCache.GetExtensionPaths: Added default extension paths: c:\program files\dotnet\sdk\6.0.302\Extensions\DumpMinitool.exe
c:\program files\dotnet\sdk\6.0.302\Extensions\DumpMinitool.x86.exe
c:\program files\dotnet\sdk\6.0.302\Extensions\Microsoft.Diagnostics.NETCore.Client.dll
c:\program files\dotnet\sdk\6.0.302\Extensions\Microsoft.TestPlatform.Extensions.BlameDataCollector.dll
c:\program files\dotnet\sdk\6.0.302\Extensions\Microsoft.TestPlatform.Extensions.EventLogCollector.dll
c:\program files\dotnet\sdk\6.0.302\Extensions\Microsoft.TestPlatform.TestHostRuntimeProvider.dll
c:\program files\dotnet\sdk\6.0.302\Extensions\Microsoft.VisualStudio.TestPlatform.Extensions.Html.TestLogger.dll
c:\program files\dotnet\sdk\6.0.302\Extensions\Microsoft.VisualStudio.TestPlatform.Extensions.Trx.TestLogger.dll
TpTrace Verbose: 0 : 31180, 1, 2022/10/10, 09:01:04.174, 2234078868637, vstest.console.dll, TestPluginCache.GetExtensionPaths: Added unfilterableExtensionPaths: 
TpTrace Information: 0 : 31180, 1, 2022/10/10, 09:01:04.175, 2234078877151, vstest.console.dll, AssemblyResolver.ctor: Creating AssemblyResolver with searchDirectories c:\program files\dotnet\sdk\6.0.302\Extensions,c:\program files\dotnet\sdk\6.0.302
TpTrace Verbose: 0 : 31180, 1, 2022/10/10, 09:01:04.176, 2234078890457, vstest.console.dll, TestPluginCache.DiscoverTestExtensions: Discovering the extensions using extension path.
TpTrace Verbose: 0 : 31180, 1, 2022/10/10, 09:01:04.177, 2234078892015, vstest.console.dll, TestPluginCache.GetExtensionPaths: Filtered extension paths: 
TpTrace Verbose: 0 : 31180, 1, 2022/10/10, 09:01:04.177, 2234078892545, vstest.console.dll, TestPluginCache.GetExtensionPaths: Added default extension paths: c:\program files\dotnet\sdk\6.0.302\Extensions\DumpMinitool.exe
c:\program files\dotnet\sdk\6.0.302\Extensions\DumpMinitool.x86.exe
c:\program files\dotnet\sdk\6.0.302\Extensions\Microsoft.Diagnostics.NETCore.Client.dll
c:\program files\dotnet\sdk\6.0.302\Extensions\Microsoft.TestPlatform.Extensions.BlameDataCollector.dll
c:\program files\dotnet\sdk\6.0.302\Extensions\Microsoft.TestPlatform.Extensions.EventLogCollector.dll
c:\program files\dotnet\sdk\6.0.302\Extensions\Microsoft.TestPlatform.TestHostRuntimeProvider.dll
c:\program files\dotnet\sdk\6.0.302\Extensions\Microsoft.VisualStudio.TestPlatform.Extensions.Html.TestLogger.dll
c:\program files\dotnet\sdk\6.0.302\Extensions\Microsoft.VisualStudio.TestPlatform.Extensions.Trx.TestLogger.dll
TpTrace Verbose: 0 : 31180, 1, 2022/10/10, 09:01:04.177, 2234078893002, vstest.console.dll, TestPluginCache.GetExtensionPaths: Added unfilterableExtensionPaths: 
TpTrace Verbose: 0 : 31180, 1, 2022/10/10, 09:01:04.177, 2234078893804, vstest.console.dll, TestPluginCache.DiscoverTestExtensions: Discovering the extensions using allExtensionPaths: c:\program files\dotnet\sdk\6.0.302\Extensions\DumpMinitool.exe
c:\program files\dotnet\sdk\6.0.302\Extensions\DumpMinitool.x86.exe
c:\program files\dotnet\sdk\6.0.302\Extensions\Microsoft.Diagnostics.NETCore.Client.dll
c:\program files\dotnet\sdk\6.0.302\Extensions\Microsoft.TestPlatform.Extensions.BlameDataCollector.dll
c:\program files\dotnet\sdk\6.0.302\Extensions\Microsoft.TestPlatform.Extensions.EventLogCollector.dll
c:\program files\dotnet\sdk\6.0.302\Extensions\Microsoft.TestPlatform.TestHostRuntimeProvider.dll
c:\program files\dotnet\sdk\6.0.302\Extensions\Microsoft.VisualStudio.TestPlatform.Extensions.Html.TestLogger.dll
c:\program files\dotnet\sdk\6.0.302\Extensions\Microsoft.VisualStudio.TestPlatform.Extensions.Trx.TestLogger.dll
TpTrace Information: 0 : 31180, 1, 2022/10/10, 09:01:04.177, 2234078896075, vstest.console.dll, AssemblyResolver.AddSearchDirectories: Adding more searchDirectories c:\program files\dotnet\sdk\6.0.302\Extensions,c:\program files\dotnet\sdk\6.0.302
TpTrace Information: 0 : 31180, 1, 2022/10/10, 09:01:04.177, 2234078896761, vstest.console.dll, AssemblyResolver.AddSearchDirectories: Adding more searchDirectories c:\program files\dotnet\sdk\6.0.302\Extensions,c:\program files\dotnet\sdk\6.0.302
TpTrace Information: 0 : 31180, 1, 2022/10/10, 09:01:04.177, 2234078897272, vstest.console.dll, AssemblyResolver.AddSearchDirectories: Adding more searchDirectories c:\program files\dotnet\sdk\6.0.302\Extensions,c:\program files\dotnet\sdk\6.0.302
TpTrace Information: 0 : 31180, 1, 2022/10/10, 09:01:04.177, 2234078897627, vstest.console.dll, AssemblyResolver.AddSearchDirectories: Adding more searchDirectories c:\program files\dotnet\sdk\6.0.302\Extensions,c:\program files\dotnet\sdk\6.0.302
TpTrace Information: 0 : 31180, 1, 2022/10/10, 09:01:04.177, 2234078897953, vstest.console.dll, AssemblyResolver.AddSearchDirectories: Adding more searchDirectories c:\program files\dotnet\sdk\6.0.302\Extensions,c:\program files\dotnet\sdk\6.0.302
TpTrace Information: 0 : 31180, 1, 2022/10/10, 09:01:04.177, 2234078898339, vstest.console.dll, AssemblyResolver.AddSearchDirectories: Adding more searchDirectories c:\program files\dotnet\sdk\6.0.302\Extensions,c:\program files\dotnet\sdk\6.0.302
TpTrace Information: 0 : 31180, 1, 2022/10/10, 09:01:04.177, 2234078898674, vstest.console.dll, AssemblyResolver.AddSearchDirectories: Adding more searchDirectories c:\program files\dotnet\sdk\6.0.302\Extensions,c:\program files\dotnet\sdk\6.0.302
TpTrace Information: 0 : 31180, 1, 2022/10/10, 09:01:04.177, 2234078898988, vstest.console.dll, AssemblyResolver.AddSearchDirectories: Adding more searchDirectories c:\program files\dotnet\sdk\6.0.302\Extensions,c:\program files\dotnet\sdk\6.0.302
TpTrace Information: 0 : 31180, 1, 2022/10/10, 09:01:04.178, 2234078903148, vstest.console.dll, AssemblyResolver.OnResolve: DumpMinitool: Resolving assembly.
TpTrace Information: 0 : 31180, 1, 2022/10/10, 09:01:04.178, 2234078904026, vstest.console.dll, AssemblyResolver.OnResolve: DumpMinitool: Searching in: 'c:\program files\dotnet\sdk\6.0.302\Extensions'.
TpTrace Information: 0 : 31180, 1, 2022/10/10, 09:01:04.178, 2234078905347, vstest.console.dll, AssemblyResolver.OnResolve: DumpMinitool: Assembly path does not exist: 'c:\program files\dotnet\sdk\6.0.302\Extensions\DumpMinitool.dll', returning.
TpTrace Information: 0 : 31180, 1, 2022/10/10, 09:01:04.179, 2234078911357, vstest.console.dll, AssemblyResolver.OnResolve: DumpMinitool: Loading assembly 'c:\program files\dotnet\sdk\6.0.302\Extensions\DumpMinitool.exe'.
TpTrace Information: 0 : 31180, 1, 2022/10/10, 09:01:04.180, 2234078921125, vstest.console.dll, AssemblyResolver.OnResolve: Resolved assembly: DumpMinitool, from path: c:\program files\dotnet\sdk\6.0.302\Extensions\DumpMinitool.exe
TpTrace Verbose: 0 : 31180, 1, 2022/10/10, 09:01:04.186, 2234078985705, vstest.console.dll, MetadataReaderExtensionsHelper: Discovering extensions inside assembly 'DumpMinitool, Version=15.0.0.0, Culture=neutral, PublicKeyToken=b03f5f7f11d50a3a' file path 'c:\program files\dotnet\sdk\6.0.302\Extensions\DumpMinitool.exe'
TpTrace Information: 0 : 31180, 1, 2022/10/10, 09:01:04.194, 2234079070475, vstest.console.dll, AssemblyResolver.OnResolve: DumpMinitool.x86: Resolving assembly.
TpTrace Information: 0 : 31180, 1, 2022/10/10, 09:01:04.195, 2234079071904, vstest.console.dll, AssemblyResolver.OnResolve: DumpMinitool.x86: Searching in: 'c:\program files\dotnet\sdk\6.0.302\Extensions'.
TpTrace Information: 0 : 31180, 1, 2022/10/10, 09:01:04.195, 2234079073030, vstest.console.dll, AssemblyResolver.OnResolve: DumpMinitool.x86: Assembly path does not exist: 'c:\program files\dotnet\sdk\6.0.302\Extensions\DumpMinitool.x86.dll', returning.
TpTrace Information: 0 : 31180, 1, 2022/10/10, 09:01:04.195, 2234079077721, vstest.console.dll, AssemblyResolver.OnResolve: DumpMinitool.x86: Loading assembly 'c:\program files\dotnet\sdk\6.0.302\Extensions\DumpMinitool.x86.exe'.
TpTrace Information: 0 : 31180, 1, 2022/10/10, 09:01:04.196, 2234079086416, vstest.console.dll, AssemblyResolver.OnResolve: Resolved assembly: DumpMinitool.x86, from path: c:\program files\dotnet\sdk\6.0.302\Extensions\DumpMinitool.x86.exe
TpTrace Verbose: 0 : 31180, 1, 2022/10/10, 09:01:04.196, 2234079087245, vstest.console.dll, MetadataReaderExtensionsHelper: Discovering extensions inside assembly 'DumpMinitool.x86, Version=15.0.0.0, Culture=neutral, PublicKeyToken=b03f5f7f11d50a3a' file path 'c:\program files\dotnet\sdk\6.0.302\Extensions\DumpMinitool.x86.exe'
TpTrace Information: 0 : 31180, 1, 2022/10/10, 09:01:04.197, 2234079095519, vstest.console.dll, AssemblyResolver.OnResolve: Microsoft.Diagnostics.NETCore.Client: Resolving assembly.
TpTrace Information: 0 : 31180, 1, 2022/10/10, 09:01:04.197, 2234079096285, vstest.console.dll, AssemblyResolver.OnResolve: Microsoft.Diagnostics.NETCore.Client: Searching in: 'c:\program files\dotnet\sdk\6.0.302\Extensions'.
TpTrace Information: 0 : 31180, 1, 2022/10/10, 09:01:04.198, 2234079101320, vstest.console.dll, AssemblyResolver.OnResolve: Microsoft.Diagnostics.NETCore.Client: Loading assembly 'c:\program files\dotnet\sdk\6.0.302\Extensions\Microsoft.Diagnostics.NETCore.Client.dll'.
TpTrace Information: 0 : 31180, 1, 2022/10/10, 09:01:04.198, 2234079109972, vstest.console.dll, AssemblyResolver.OnResolve: Resolved assembly: Microsoft.Diagnostics.NETCore.Client, from path: c:\program files\dotnet\sdk\6.0.302\Extensions\Microsoft.Diagnostics.NETCore.Client.dll
TpTrace Verbose: 0 : 31180, 1, 2022/10/10, 09:01:04.199, 2234079110826, vstest.console.dll, MetadataReaderExtensionsHelper: Discovering extensions inside assembly 'Microsoft.Diagnostics.NETCore.Client, Version=0.2.5.801, Culture=neutral, PublicKeyToken=31bf3856ad364e35' file path 'c:\program files\dotnet\sdk\6.0.302\Extensions\Microsoft.Diagnostics.NETCore.Client.dll'
TpTrace Information: 0 : 31180, 1, 2022/10/10, 09:01:04.207, 2234079192205, vstest.console.dll, AssemblyResolver.OnResolve: Microsoft.Bcl.AsyncInterfaces: Resolving assembly.
TpTrace Information: 0 : 31180, 1, 2022/10/10, 09:01:04.207, 2234079193113, vstest.console.dll, AssemblyResolver.OnResolve: Microsoft.Bcl.AsyncInterfaces: Searching in: 'c:\program files\dotnet\sdk\6.0.302\Extensions'.
TpTrace Information: 0 : 31180, 1, 2022/10/10, 09:01:04.207, 2234079194184, vstest.console.dll, AssemblyResolver.OnResolve: Microsoft.Bcl.AsyncInterfaces: Assembly path does not exist: 'c:\program files\dotnet\sdk\6.0.302\Extensions\Microsoft.Bcl.AsyncInterfaces.dll', returning.
TpTrace Information: 0 : 31180, 1, 2022/10/10, 09:01:04.207, 2234079195058, vstest.console.dll, AssemblyResolver.OnResolve: Microsoft.Bcl.AsyncInterfaces: Assembly path does not exist: 'c:\program files\dotnet\sdk\6.0.302\Extensions\Microsoft.Bcl.AsyncInterfaces.exe', returning.
TpTrace Information: 0 : 31180, 1, 2022/10/10, 09:01:04.207, 2234079195526, vstest.console.dll, AssemblyResolver.OnResolve: Microsoft.Bcl.AsyncInterfaces: Searching in: 'c:\program files\dotnet\sdk\6.0.302'.
TpTrace Information: 0 : 31180, 1, 2022/10/10, 09:01:04.207, 2234079196594, vstest.console.dll, AssemblyResolver.OnResolve: Microsoft.Bcl.AsyncInterfaces: Assembly path does not exist: 'c:\program files\dotnet\sdk\6.0.302\Microsoft.Bcl.AsyncInterfaces.dll', returning.
TpTrace Information: 0 : 31180, 1, 2022/10/10, 09:01:04.207, 2234079198129, vstest.console.dll, AssemblyResolver.OnResolve: Microsoft.Bcl.AsyncInterfaces: Assembly path does not exist: 'c:\program files\dotnet\sdk\6.0.302\Microsoft.Bcl.AsyncInterfaces.exe', returning.
TpTrace Information: 0 : 31180, 1, 2022/10/10, 09:01:04.207, 2234079198584, vstest.console.dll, AssemblyResolver.OnResolve: Microsoft.Bcl.AsyncInterfaces: Failed to load assembly.
TpTrace Verbose: 0 : 31180, 1, 2022/10/10, 09:01:04.207, 2234079199067, vstest.console.dll, CurrentDomainAssemblyResolve: Resolving assembly 'Microsoft.Bcl.AsyncInterfaces'.
TpTrace Information: 0 : 31180, 1, 2022/10/10, 09:01:04.207, 2234079199848, vstest.console.dll, AssemblyResolver.OnResolve: Microsoft.Bcl.AsyncInterfaces: Resolving assembly.
TpTrace Information: 0 : 31180, 1, 2022/10/10, 09:01:04.207, 2234079200346, vstest.console.dll, AssemblyResolver.OnResolve: Microsoft.Bcl.AsyncInterfaces: Resolved from cache.
TpTrace Verbose: 0 : 31180, 1, 2022/10/10, 09:01:04.208, 2234079200723, vstest.console.dll, CurrentDomainAssemblyResolve: Resolving assembly 'Microsoft.Bcl.AsyncInterfaces'.
TpTrace Verbose: 0 : 31180, 1, 2022/10/10, 09:01:04.208, 2234079201160, vstest.console.dll, CurrentDomainAssemblyResolve: Failed to resolve assembly 'Microsoft.Bcl.AsyncInterfaces'.
TpTrace Verbose: 0 : 31180, 1, 2022/10/10, 09:01:04.208, 2234079205978, vstest.console.dll, CurrentDomainAssemblyResolve: Failed to resolve assembly 'Microsoft.Bcl.AsyncInterfaces'.
TpTrace Warning: 0 : 31180, 1, 2022/10/10, 09:01:04.222, 2234079349435, vstest.console.dll, TestPluginDiscoverer: Failed to get types from assembly 'Microsoft.Diagnostics.NETCore.Client, Version=0.2.5.801, Culture=neutral, PublicKeyToken=31bf3856ad364e35'. Error: System.Reflection.ReflectionTypeLoadException: Unable to load one or more of the requested types.
Could not load file or assembly 'Microsoft.Bcl.AsyncInterfaces, Version=1.0.0.0, Culture=neutral, PublicKeyToken=cc7b13ffcd2ddd51'. O sistema não pode encontrar o arquivo especificado.
   at System.Reflection.RuntimeModule.GetTypes(RuntimeModule module)
   at System.Reflection.Assembly.GetTypes()
   at Microsoft.VisualStudio.TestPlatform.Common.ExtensionFramework.TestPluginDiscoverer.GetTestExtensionsFromAssembly[TPluginInfo,TExtension](Assembly assembly, Dictionary`2 pluginInfos, String filePath)
System.IO.FileNotFoundException: Could not load file or assembly 'Microsoft.Bcl.AsyncInterfaces, Version=1.0.0.0, Culture=neutral, PublicKeyToken=cc7b13ffcd2ddd51'. O sistema não pode encontrar o arquivo especificado.
File name: 'Microsoft.Bcl.AsyncInterfaces, Version=1.0.0.0, Culture=neutral, PublicKeyToken=cc7b13ffcd2ddd51'
 ---> System.IO.FileNotFoundException: Could not load file or assembly 'Microsoft.Bcl.AsyncInterfaces, Culture=neutral, PublicKeyToken=null'. O sistema não pode encontrar o arquivo especificado.
File name: 'Microsoft.Bcl.AsyncInterfaces, Culture=neutral, PublicKeyToken=null'
   at System.Reflection.RuntimeAssembly.InternalLoad(ObjectHandleOnStack assemblyName, ObjectHandleOnStack requestingAssembly, StackCrawlMarkHandle stackMark, Boolean throwOnFileNotFound, ObjectHandleOnStack assemblyLoadContext, ObjectHandleOnStack retAssembly)
   at System.Reflection.RuntimeAssembly.InternalLoad(AssemblyName assemblyName, RuntimeAssembly requestingAssembly, StackCrawlMark& stackMark, Boolean throwOnFileNotFound, AssemblyLoadContext assemblyLoadContext)
   at System.Reflection.Assembly.Load(AssemblyName assemblyRef)
   at Microsoft.VisualStudio.TestPlatform.Common.ExtensionFramework.TestPluginCache.CurrentDomainAssemblyResolve(Object sender, AssemblyResolveEventArgs args)
   at Microsoft.VisualStudio.TestPlatform.PlatformAbstractions.PlatformAssemblyResolver.AssemblyResolverEvent(Object sender, Object eventArgs)
   at System.Runtime.Loader.AssemblyLoadContext.GetFirstResolvedAssemblyFromResolvingEvent(AssemblyName assemblyName)
   at System.Runtime.Loader.AssemblyLoadContext.ResolveUsingEvent(AssemblyName assemblyName)
   at System.Runtime.Loader.AssemblyLoadContext.ResolveUsingResolvingEvent(IntPtr gchManagedAssemblyLoadContext, AssemblyName assemblyName)
TpTrace Warning: 0 : 31180, 1, 2022/10/10, 09:01:04.223, 2234079352673, vstest.console.dll, LoaderExceptions: System.IO.FileNotFoundException: Could not load file or assembly 'Microsoft.Bcl.AsyncInterfaces, Version=1.0.0.0, Culture=neutral, PublicKeyToken=cc7b13ffcd2ddd51'. O sistema não pode encontrar o arquivo especificado.
File name: 'Microsoft.Bcl.AsyncInterfaces, Version=1.0.0.0, Culture=neutral, PublicKeyToken=cc7b13ffcd2ddd51'
 ---> System.IO.FileNotFoundException: Could not load file or assembly 'Microsoft.Bcl.AsyncInterfaces, Culture=neutral, PublicKeyToken=null'. O sistema não pode encontrar o arquivo especificado.
File name: 'Microsoft.Bcl.AsyncInterfaces, Culture=neutral, PublicKeyToken=null'
   at System.Reflection.RuntimeAssembly.InternalLoad(ObjectHandleOnStack assemblyName, ObjectHandleOnStack requestingAssembly, StackCrawlMarkHandle stackMark, Boolean throwOnFileNotFound, ObjectHandleOnStack assemblyLoadContext, ObjectHandleOnStack retAssembly)
   at System.Reflection.RuntimeAssembly.InternalLoad(AssemblyName assemblyName, RuntimeAssembly requestingAssembly, StackCrawlMark& stackMark, Boolean throwOnFileNotFound, AssemblyLoadContext assemblyLoadContext)
   at System.Reflection.Assembly.Load(AssemblyName assemblyRef)
   at Microsoft.VisualStudio.TestPlatform.Common.ExtensionFramework.TestPluginCache.CurrentDomainAssemblyResolve(Object sender, AssemblyResolveEventArgs args)
   at Microsoft.VisualStudio.TestPlatform.PlatformAbstractions.PlatformAssemblyResolver.AssemblyResolverEvent(Object sender, Object eventArgs)
   at System.Runtime.Loader.AssemblyLoadContext.GetFirstResolvedAssemblyFromResolvingEvent(AssemblyName assemblyName)
   at System.Runtime.Loader.AssemblyLoadContext.ResolveUsingEvent(AssemblyName assemblyName)
   at System.Runtime.Loader.AssemblyLoadContext.ResolveUsingResolvingEvent(IntPtr gchManagedAssemblyLoadContext, AssemblyName assemblyName)
TpTrace Information: 0 : 31180, 1, 2022/10/10, 09:01:04.223, 2234079354400, vstest.console.dll, AssemblyResolver.OnResolve: Microsoft.TestPlatform.Extensions.BlameDataCollector: Resolving assembly.
TpTrace Information: 0 : 31180, 1, 2022/10/10, 09:01:04.223, 2234079354905, vstest.console.dll, AssemblyResolver.OnResolve: Microsoft.TestPlatform.Extensions.BlameDataCollector: Searching in: 'c:\program files\dotnet\sdk\6.0.302\Extensions'.
TpTrace Information: 0 : 31180, 1, 2022/10/10, 09:01:04.223, 2234079359970, vstest.console.dll, AssemblyResolver.OnResolve: Microsoft.TestPlatform.Extensions.BlameDataCollector: Loading assembly 'c:\program files\dotnet\sdk\6.0.302\Extensions\Microsoft.TestPlatform.Extensions.BlameDataCollector.dll'.
TpTrace Information: 0 : 31180, 1, 2022/10/10, 09:01:04.224, 2234079369328, vstest.console.dll, AssemblyResolver.OnResolve: Resolved assembly: Microsoft.TestPlatform.Extensions.BlameDataCollector, from path: c:\program files\dotnet\sdk\6.0.302\Extensions\Microsoft.TestPlatform.Extensions.BlameDataCollector.dll
TpTrace Verbose: 0 : 31180, 1, 2022/10/10, 09:01:04.224, 2234079370151, vstest.console.dll, MetadataReaderExtensionsHelper: Discovering extensions inside assembly 'Microsoft.TestPlatform.Extensions.BlameDataCollector, Version=15.0.0.0, Culture=neutral, PublicKeyToken=b03f5f7f11d50a3a' file path 'c:\program files\dotnet\sdk\6.0.302\Extensions\Microsoft.TestPlatform.Extensions.BlameDataCollector.dll'
TpTrace Information: 0 : 31180, 1, 2022/10/10, 09:01:04.226, 2234079386398, vstest.console.dll, AssemblyResolver.OnResolve: Microsoft.TestPlatform.Extensions.EventLogCollector: Resolving assembly.
TpTrace Information: 0 : 31180, 1, 2022/10/10, 09:01:04.226, 2234079387038, vstest.console.dll, AssemblyResolver.OnResolve: Microsoft.TestPlatform.Extensions.EventLogCollector: Searching in: 'c:\program files\dotnet\sdk\6.0.302\Extensions'.
TpTrace Information: 0 : 31180, 1, 2022/10/10, 09:01:04.227, 2234079391394, vstest.console.dll, AssemblyResolver.OnResolve: Microsoft.TestPlatform.Extensions.EventLogCollector: Loading assembly 'c:\program files\dotnet\sdk\6.0.302\Extensions\Microsoft.TestPlatform.Extensions.EventLogCollector.dll'.
TpTrace Information: 0 : 31180, 1, 2022/10/10, 09:01:04.227, 2234079396973, vstest.console.dll, AssemblyResolver.OnResolve: Resolved assembly: Microsoft.TestPlatform.Extensions.EventLogCollector, from path: c:\program files\dotnet\sdk\6.0.302\Extensions\Microsoft.TestPlatform.Extensions.EventLogCollector.dll
TpTrace Verbose: 0 : 31180, 1, 2022/10/10, 09:01:04.227, 2234079397796, vstest.console.dll, MetadataReaderExtensionsHelper: Discovering extensions inside assembly 'Microsoft.TestPlatform.Extensions.EventLogCollector, Version=15.0.0.0, Culture=neutral, PublicKeyToken=b03f5f7f11d50a3a' file path 'c:\program files\dotnet\sdk\6.0.302\Extensions\Microsoft.TestPlatform.Extensions.EventLogCollector.dll'
TpTrace Information: 0 : 31180, 1, 2022/10/10, 09:01:04.229, 2234079414865, vstest.console.dll, AssemblyResolver.OnResolve: Microsoft.TestPlatform.TestHostRuntimeProvider: Resolving assembly.
TpTrace Information: 0 : 31180, 1, 2022/10/10, 09:01:04.229, 2234079415560, vstest.console.dll, AssemblyResolver.OnResolve: Microsoft.TestPlatform.TestHostRuntimeProvider: Searching in: 'c:\program files\dotnet\sdk\6.0.302\Extensions'.
TpTrace Information: 0 : 31180, 1, 2022/10/10, 09:01:04.229, 2234079420025, vstest.console.dll, AssemblyResolver.OnResolve: Microsoft.TestPlatform.TestHostRuntimeProvider: Loading assembly 'c:\program files\dotnet\sdk\6.0.302\Extensions\Microsoft.TestPlatform.TestHostRuntimeProvider.dll'.
TpTrace Information: 0 : 31180, 1, 2022/10/10, 09:01:04.230, 2234079428567, vstest.console.dll, AssemblyResolver.OnResolve: Resolved assembly: Microsoft.TestPlatform.TestHostRuntimeProvider, from path: c:\program files\dotnet\sdk\6.0.302\Extensions\Microsoft.TestPlatform.TestHostRuntimeProvider.dll
TpTrace Verbose: 0 : 31180, 1, 2022/10/10, 09:01:04.230, 2234079429370, vstest.console.dll, MetadataReaderExtensionsHelper: Discovering extensions inside assembly 'Microsoft.TestPlatform.TestHostRuntimeProvider, Version=15.0.0.0, Culture=neutral, PublicKeyToken=b03f5f7f11d50a3a' file path 'c:\program files\dotnet\sdk\6.0.302\Extensions\Microsoft.TestPlatform.TestHostRuntimeProvider.dll'
TpTrace Information: 0 : 31180, 1, 2022/10/10, 09:01:04.233, 2234079453506, vstest.console.dll, GetTestExtensionFromType: Register extension with identifier data 'HostProvider://DefaultTestHost' and type 'Microsoft.VisualStudio.TestPlatform.CrossPlatEngine.Hosting.DefaultTestHostManager, Microsoft.TestPlatform.TestHostRuntimeProvider, Version=15.0.0.0, Culture=neutral, PublicKeyToken=b03f5f7f11d50a3a' inside file 'c:\program files\dotnet\sdk\6.0.302\Extensions\Microsoft.TestPlatform.TestHostRuntimeProvider.dll'
TpTrace Information: 0 : 31180, 1, 2022/10/10, 09:01:04.233, 2234079454605, vstest.console.dll, GetTestExtensionFromType: Register extension with identifier data 'HostProvider://DotnetTestHost' and type 'Microsoft.VisualStudio.TestPlatform.CrossPlatEngine.Hosting.DotnetTestHostManager, Microsoft.TestPlatform.TestHostRuntimeProvider, Version=15.0.0.0, Culture=neutral, PublicKeyToken=b03f5f7f11d50a3a' inside file 'c:\program files\dotnet\sdk\6.0.302\Extensions\Microsoft.TestPlatform.TestHostRuntimeProvider.dll'
TpTrace Information: 0 : 31180, 1, 2022/10/10, 09:01:04.233, 2234079455597, vstest.console.dll, AssemblyResolver.OnResolve: Microsoft.VisualStudio.TestPlatform.Extensions.Html.TestLogger: Resolving assembly.
TpTrace Information: 0 : 31180, 1, 2022/10/10, 09:01:04.233, 2234079456074, vstest.console.dll, AssemblyResolver.OnResolve: Microsoft.VisualStudio.TestPlatform.Extensions.Html.TestLogger: Searching in: 'c:\program files\dotnet\sdk\6.0.302\Extensions'.
TpTrace Information: 0 : 31180, 1, 2022/10/10, 09:01:04.234, 2234079461483, vstest.console.dll, AssemblyResolver.OnResolve: Microsoft.VisualStudio.TestPlatform.Extensions.Html.TestLogger: Loading assembly 'c:\program files\dotnet\sdk\6.0.302\Extensions\Microsoft.VisualStudio.TestPlatform.Extensions.Html.TestLogger.dll'.
TpTrace Information: 0 : 31180, 1, 2022/10/10, 09:01:04.234, 2234079470073, vstest.console.dll, AssemblyResolver.OnResolve: Resolved assembly: Microsoft.VisualStudio.TestPlatform.Extensions.Html.TestLogger, from path: c:\program files\dotnet\sdk\6.0.302\Extensions\Microsoft.VisualStudio.TestPlatform.Extensions.Html.TestLogger.dll
TpTrace Verbose: 0 : 31180, 1, 2022/10/10, 09:01:04.235, 2234079471336, vstest.console.dll, MetadataReaderExtensionsHelper: Discovering extensions inside assembly 'Microsoft.VisualStudio.TestPlatform.Extensions.Html.TestLogger, Version=15.0.0.0, Culture=neutral, PublicKeyToken=b03f5f7f11d50a3a' file path 'c:\program files\dotnet\sdk\6.0.302\Extensions\Microsoft.VisualStudio.TestPlatform.Extensions.Html.TestLogger.dll'
TpTrace Information: 0 : 31180, 1, 2022/10/10, 09:01:04.236, 2234079480822, vstest.console.dll, AssemblyResolver.OnResolve: Microsoft.VisualStudio.TestPlatform.Extensions.Trx.TestLogger: Resolving assembly.
TpTrace Information: 0 : 31180, 1, 2022/10/10, 09:01:04.236, 2234079481569, vstest.console.dll, AssemblyResolver.OnResolve: Microsoft.VisualStudio.TestPlatform.Extensions.Trx.TestLogger: Searching in: 'c:\program files\dotnet\sdk\6.0.302\Extensions'.
TpTrace Information: 0 : 31180, 1, 2022/10/10, 09:01:04.236, 2234079486258, vstest.console.dll, AssemblyResolver.OnResolve: Microsoft.VisualStudio.TestPlatform.Extensions.Trx.TestLogger: Loading assembly 'c:\program files\dotnet\sdk\6.0.302\Extensions\Microsoft.VisualStudio.TestPlatform.Extensions.Trx.TestLogger.dll'.
TpTrace Information: 0 : 31180, 1, 2022/10/10, 09:01:04.237, 2234079495159, vstest.console.dll, AssemblyResolver.OnResolve: Resolved assembly: Microsoft.VisualStudio.TestPlatform.Extensions.Trx.TestLogger, from path: c:\program files\dotnet\sdk\6.0.302\Extensions\Microsoft.VisualStudio.TestPlatform.Extensions.Trx.TestLogger.dll
TpTrace Verbose: 0 : 31180, 1, 2022/10/10, 09:01:04.237, 2234079495994, vstest.console.dll, MetadataReaderExtensionsHelper: Discovering extensions inside assembly 'Microsoft.VisualStudio.TestPlatform.Extensions.Trx.TestLogger, Version=15.0.0.0, Culture=neutral, PublicKeyToken=b03f5f7f11d50a3a' file path 'c:\program files\dotnet\sdk\6.0.302\Extensions\Microsoft.VisualStudio.TestPlatform.Extensions.Trx.TestLogger.dll'
TpTrace Verbose: 0 : 31180, 1, 2022/10/10, 09:01:04.238, 2234079509299, vstest.console.dll, TestPluginCache: Discovered the extensions using extension path ''.
TpTrace Verbose: 0 : 31180, 1, 2022/10/10, 09:01:04.238, 2234079510010, vstest.console.dll, TestPluginCache: Discoverers are ''.
TpTrace Verbose: 0 : 31180, 1, 2022/10/10, 09:01:04.238, 2234079510402, vstest.console.dll, TestPluginCache: Executors are ''.
TpTrace Verbose: 0 : 31180, 1, 2022/10/10, 09:01:04.239, 2234079510763, vstest.console.dll, TestPluginCache: Executors2 are ''.
TpTrace Verbose: 0 : 31180, 1, 2022/10/10, 09:01:04.239, 2234079511028, vstest.console.dll, TestPluginCache: Setting providers are ''.
TpTrace Verbose: 0 : 31180, 1, 2022/10/10, 09:01:04.239, 2234079511278, vstest.console.dll, TestPluginCache: Loggers are ''.
TpTrace Verbose: 0 : 31180, 1, 2022/10/10, 09:01:04.239, 2234079513027, vstest.console.dll, TestPluginCache: TestHosts are 'HostProvider://DefaultTestHost,HostProvider://DotnetTestHost'.
TpTrace Verbose: 0 : 31180, 1, 2022/10/10, 09:01:04.239, 2234079513491, vstest.console.dll, TestPluginCache: DataCollectors are ''.
TpTrace Information: 0 : 31180, 1, 2022/10/10, 09:01:04.253, 2234079652129, vstest.console.dll, RunTestsArgumentProcessor:Execute: Test run is starting.
TpTrace Verbose: 0 : 31180, 1, 2022/10/10, 09:01:04.253, 2234079653105, vstest.console.dll, RunTestsArgumentProcessor:Execute: Queuing Test run.
TpTrace Information: 0 : 31180, 1, 2022/10/10, 09:01:04.253, 2234079655514, vstest.console.dll, TestRequestManager.RunTests: run tests started.
TpTrace Information: 0 : 31180, 1, 2022/10/10, 09:01:04.256, 2234079686459, vstest.console.dll, AssemblyMetadataProvider.GetFrameWork: Determined framework:'.NETCoreApp,Version=v3.1' for source: 'C:\Users\luisf\Desktop\Repositori B1 Dev\OrbitService\OrbitService\test\Inbound-NFe-Test\bin\Debug\netcoreapp3.1\fine-code-coverage\build-output\OrbitService_Test.dll'
TpTrace Information: 0 : 31180, 1, 2022/10/10, 09:01:04.256, 2234079688517, vstest.console.dll, Determined framework for all sources: .NETCoreApp,Version=v3.1
TpTrace Verbose: 0 : 31180, 1, 2022/10/10, 09:01:04.257, 2234079693323, vstest.console.dll, TestRequestManager.UpdateRunSettingsIfRequired: Default architecture: X64 IsDefaultTargetArchitecture: True, Current process architecture: X64 OperatingSystem: Windows.
TpTrace Information: 0 : 31180, 1, 2022/10/10, 09:01:04.257, 2234079696757, vstest.console.dll, AssemblyMetadataProvider.GetArchitecture: Determined architecture:AnyCPU info for assembly: C:\Users\luisf\Desktop\Repositori B1 Dev\OrbitService\OrbitService\test\Inbound-NFe-Test\bin\Debug\netcoreapp3.1\fine-code-coverage\build-output\OrbitService_Test.dll
TpTrace Information: 0 : 31180, 1, 2022/10/10, 09:01:04.257, 2234079697317, vstest.console.dll, Determined platform for source 'C:\Users\luisf\Desktop\Repositori B1 Dev\OrbitService\OrbitService\test\Inbound-NFe-Test\bin\Debug\netcoreapp3.1\fine-code-coverage\build-output\OrbitService_Test.dll' is 'AnyCPU'
TpTrace Information: 0 : 31180, 1, 2022/10/10, 09:01:04.259, 2234079719345, vstest.console.dll, Determined platform for all sources: X64
TpTrace Information: 0 : 31180, 1, 2022/10/10, 09:01:04.259, 2234079720010, vstest.console.dll, Infered platform 'X64'.
TpTrace Information: 0 : 31180, 1, 2022/10/10, 09:01:04.259, 2234079720389, vstest.console.dll, Platform update to 'X64' required.
TpTrace Information: 0 : 31180, 1, 2022/10/10, 09:01:04.263, 2234079752510, vstest.console.dll, Compatible sources list: 
TpTrace Information: 0 : 31180, 1, 2022/10/10, 09:01:04.263, 2234079753384, vstest.console.dll, C:\Users\luisf\Desktop\Repositori B1 Dev\OrbitService\OrbitService\test\Inbound-NFe-Test\bin\Debug\netcoreapp3.1\fine-code-coverage\build-output\OrbitService_Test.dll
TpTrace Information: 0 : 31180, 1, 2022/10/10, 09:01:04.266, 2234079783978, vstest.console.dll, InferRunSettingsHelper.IsTestSettingsEnabled: Unable to navigate to RunSettings/MSTest. Current node: RunSettings
TpTrace Information: 0 : 31180, 1, 2022/10/10, 09:01:04.267, 2234079792408, vstest.console.dll, AssemblyResolver.OnResolve: Microsoft.VisualStudio.TestPlatform.Fakes: Resolving assembly.
TpTrace Information: 0 : 31180, 1, 2022/10/10, 09:01:04.267, 2234079793136, vstest.console.dll, AssemblyResolver.OnResolve: Microsoft.VisualStudio.TestPlatform.Fakes: Searching in: 'c:\program files\dotnet\sdk\6.0.302\Extensions'.
TpTrace Information: 0 : 31180, 1, 2022/10/10, 09:01:04.267, 2234079794354, vstest.console.dll, AssemblyResolver.OnResolve: Microsoft.VisualStudio.TestPlatform.Fakes: Assembly path does not exist: 'c:\program files\dotnet\sdk\6.0.302\Extensions\Microsoft.VisualStudio.TestPlatform.Fakes.dll', returning.
TpTrace Information: 0 : 31180, 1, 2022/10/10, 09:01:04.267, 2234079795337, vstest.console.dll, AssemblyResolver.OnResolve: Microsoft.VisualStudio.TestPlatform.Fakes: Assembly path does not exist: 'c:\program files\dotnet\sdk\6.0.302\Extensions\Microsoft.VisualStudio.TestPlatform.Fakes.exe', returning.
TpTrace Information: 0 : 31180, 1, 2022/10/10, 09:01:04.267, 2234079795841, vstest.console.dll, AssemblyResolver.OnResolve: Microsoft.VisualStudio.TestPlatform.Fakes: Searching in: 'c:\program files\dotnet\sdk\6.0.302'.
TpTrace Information: 0 : 31180, 1, 2022/10/10, 09:01:04.267, 2234079796818, vstest.console.dll, AssemblyResolver.OnResolve: Microsoft.VisualStudio.TestPlatform.Fakes: Assembly path does not exist: 'c:\program files\dotnet\sdk\6.0.302\Microsoft.VisualStudio.TestPlatform.Fakes.dll', returning.
TpTrace Information: 0 : 31180, 1, 2022/10/10, 09:01:04.267, 2234079797776, vstest.console.dll, AssemblyResolver.OnResolve: Microsoft.VisualStudio.TestPlatform.Fakes: Assembly path does not exist: 'c:\program files\dotnet\sdk\6.0.302\Microsoft.VisualStudio.TestPlatform.Fakes.exe', returning.
TpTrace Information: 0 : 31180, 1, 2022/10/10, 09:01:04.267, 2234079798197, vstest.console.dll, AssemblyResolver.OnResolve: Microsoft.VisualStudio.TestPlatform.Fakes: Failed to load assembly.
TpTrace Information: 0 : 31180, 1, 2022/10/10, 09:01:04.268, 2234079802096, vstest.console.dll, Failed to load assembly Microsoft.VisualStudio.TestPlatform.Fakes, Version=17.0.0.0, Culture=neutral. Reason:System.IO.FileNotFoundException: Could not load file or assembly 'Microsoft.VisualStudio.TestPlatform.Fakes, Version=17.0.0.0, Culture=neutral, PublicKeyToken=null'. O sistema não pode encontrar o arquivo especificado.
File name: 'Microsoft.VisualStudio.TestPlatform.Fakes, Version=17.0.0.0, Culture=neutral, PublicKeyToken=null'
   at System.Reflection.RuntimeAssembly.InternalLoad(ObjectHandleOnStack assemblyName, ObjectHandleOnStack requestingAssembly, StackCrawlMarkHandle stackMark, Boolean throwOnFileNotFound, ObjectHandleOnStack assemblyLoadContext, ObjectHandleOnStack retAssembly)
   at System.Reflection.RuntimeAssembly.InternalLoad(AssemblyName assemblyName, RuntimeAssembly requestingAssembly, StackCrawlMark& stackMark, Boolean throwOnFileNotFound, AssemblyLoadContext assemblyLoadContext)
   at System.Reflection.Assembly.Load(AssemblyName assemblyRef)
   at Microsoft.VisualStudio.TestPlatform.Common.Utilities.FakesUtilities.LoadTestPlatformAssembly()
TpTrace Verbose: 0 : 31180, 1, 2022/10/10, 09:01:04.272, 2234079844518, vstest.console.dll, TestPluginCache.DiscoverTestExtensions: finding test extensions in assemblies ends with: TestLogger.dll TPluginInfo: Microsoft.VisualStudio.TestPlatform.Common.ExtensionFramework.Utilities.TestLoggerPluginInformation TExtension: Microsoft.VisualStudio.TestPlatform.ObjectModel.Client.ITestLogger
TpTrace Verbose: 0 : 31180, 1, 2022/10/10, 09:01:04.272, 2234079845466, vstest.console.dll, TestPluginCache.GetExtensionPaths: Filtered extension paths: 
TpTrace Verbose: 0 : 31180, 1, 2022/10/10, 09:01:04.272, 2234079845902, vstest.console.dll, TestPluginCache.GetExtensionPaths: Added default extension paths: c:\program files\dotnet\sdk\6.0.302\Extensions\DumpMinitool.exe
c:\program files\dotnet\sdk\6.0.302\Extensions\DumpMinitool.x86.exe
c:\program files\dotnet\sdk\6.0.302\Extensions\Microsoft.Diagnostics.NETCore.Client.dll
c:\program files\dotnet\sdk\6.0.302\Extensions\Microsoft.TestPlatform.Extensions.BlameDataCollector.dll
c:\program files\dotnet\sdk\6.0.302\Extensions\Microsoft.TestPlatform.Extensions.EventLogCollector.dll
c:\program files\dotnet\sdk\6.0.302\Extensions\Microsoft.TestPlatform.TestHostRuntimeProvider.dll
c:\program files\dotnet\sdk\6.0.302\Extensions\Microsoft.VisualStudio.TestPlatform.Extensions.Html.TestLogger.dll
c:\program files\dotnet\sdk\6.0.302\Extensions\Microsoft.VisualStudio.TestPlatform.Extensions.Trx.TestLogger.dll
TpTrace Verbose: 0 : 31180, 1, 2022/10/10, 09:01:04.272, 2234079846332, vstest.console.dll, TestPluginCache.GetExtensionPaths: Added unfilterableExtensionPaths: 
TpTrace Information: 0 : 31180, 1, 2022/10/10, 09:01:04.272, 2234079847731, vstest.console.dll, AssemblyResolver.AddSearchDirectories: Adding more searchDirectories c:\program files\dotnet\sdk\6.0.302\Extensions,c:\program files\dotnet\sdk\6.0.302
TpTrace Verbose: 0 : 31180, 1, 2022/10/10, 09:01:04.272, 2234079848295, vstest.console.dll, TestPluginCache.DiscoverTestExtensions: Discovering the extensions using extension path.
TpTrace Verbose: 0 : 31180, 1, 2022/10/10, 09:01:04.272, 2234079848764, vstest.console.dll, TestPluginCache.GetExtensionPaths: Filtered extension paths: 
TpTrace Verbose: 0 : 31180, 1, 2022/10/10, 09:01:04.272, 2234079849098, vstest.console.dll, TestPluginCache.GetExtensionPaths: Added default extension paths: c:\program files\dotnet\sdk\6.0.302\Extensions\DumpMinitool.exe
c:\program files\dotnet\sdk\6.0.302\Extensions\DumpMinitool.x86.exe
c:\program files\dotnet\sdk\6.0.302\Extensions\Microsoft.Diagnostics.NETCore.Client.dll
c:\program files\dotnet\sdk\6.0.302\Extensions\Microsoft.TestPlatform.Extensions.BlameDataCollector.dll
c:\program files\dotnet\sdk\6.0.302\Extensions\Microsoft.TestPlatform.Extensions.EventLogCollector.dll
c:\program files\dotnet\sdk\6.0.302\Extensions\Microsoft.TestPlatform.TestHostRuntimeProvider.dll
c:\program files\dotnet\sdk\6.0.302\Extensions\Microsoft.VisualStudio.TestPlatform.Extensions.Html.TestLogger.dll
c:\program files\dotnet\sdk\6.0.302\Extensions\Microsoft.VisualStudio.TestPlatform.Extensions.Trx.TestLogger.dll
TpTrace Verbose: 0 : 31180, 1, 2022/10/10, 09:01:04.272, 2234079849552, vstest.console.dll, TestPluginCache.GetExtensionPaths: Added unfilterableExtensionPaths: 
TpTrace Verbose: 0 : 31180, 1, 2022/10/10, 09:01:04.272, 2234079849933, vstest.console.dll, TestPluginCache.DiscoverTestExtensions: Discovering the extensions using allExtensionPaths: c:\program files\dotnet\sdk\6.0.302\Extensions\DumpMinitool.exe
c:\program files\dotnet\sdk\6.0.302\Extensions\DumpMinitool.x86.exe
c:\program files\dotnet\sdk\6.0.302\Extensions\Microsoft.Diagnostics.NETCore.Client.dll
c:\program files\dotnet\sdk\6.0.302\Extensions\Microsoft.TestPlatform.Extensions.BlameDataCollector.dll
c:\program files\dotnet\sdk\6.0.302\Extensions\Microsoft.TestPlatform.Extensions.EventLogCollector.dll
c:\program files\dotnet\sdk\6.0.302\Extensions\Microsoft.TestPlatform.TestHostRuntimeProvider.dll
c:\program files\dotnet\sdk\6.0.302\Extensions\Microsoft.VisualStudio.TestPlatform.Extensions.Html.TestLogger.dll
c:\program files\dotnet\sdk\6.0.302\Extensions\Microsoft.VisualStudio.TestPlatform.Extensions.Trx.TestLogger.dll
TpTrace Information: 0 : 31180, 1, 2022/10/10, 09:01:04.272, 2234079850522, vstest.console.dll, AssemblyResolver.AddSearchDirectories: Adding more searchDirectories c:\program files\dotnet\sdk\6.0.302\Extensions,c:\program files\dotnet\sdk\6.0.302
TpTrace Information: 0 : 31180, 1, 2022/10/10, 09:01:04.273, 2234079850939, vstest.console.dll, AssemblyResolver.AddSearchDirectories: Adding more searchDirectories c:\program files\dotnet\sdk\6.0.302\Extensions,c:\program files\dotnet\sdk\6.0.302
TpTrace Information: 0 : 31180, 1, 2022/10/10, 09:01:04.273, 2234079851353, vstest.console.dll, AssemblyResolver.AddSearchDirectories: Adding more searchDirectories c:\program files\dotnet\sdk\6.0.302\Extensions,c:\program files\dotnet\sdk\6.0.302
TpTrace Information: 0 : 31180, 1, 2022/10/10, 09:01:04.273, 2234079851761, vstest.console.dll, AssemblyResolver.AddSearchDirectories: Adding more searchDirectories c:\program files\dotnet\sdk\6.0.302\Extensions,c:\program files\dotnet\sdk\6.0.302
TpTrace Information: 0 : 31180, 1, 2022/10/10, 09:01:04.273, 2234079852089, vstest.console.dll, AssemblyResolver.AddSearchDirectories: Adding more searchDirectories c:\program files\dotnet\sdk\6.0.302\Extensions,c:\program files\dotnet\sdk\6.0.302
TpTrace Information: 0 : 31180, 1, 2022/10/10, 09:01:04.273, 2234079852404, vstest.console.dll, AssemblyResolver.AddSearchDirectories: Adding more searchDirectories c:\program files\dotnet\sdk\6.0.302\Extensions,c:\program files\dotnet\sdk\6.0.302
TpTrace Information: 0 : 31180, 1, 2022/10/10, 09:01:04.273, 2234079852840, vstest.console.dll, AssemblyResolver.AddSearchDirectories: Adding more searchDirectories c:\program files\dotnet\sdk\6.0.302\Extensions,c:\program files\dotnet\sdk\6.0.302
TpTrace Information: 0 : 31180, 1, 2022/10/10, 09:01:04.273, 2234079853166, vstest.console.dll, AssemblyResolver.AddSearchDirectories: Adding more searchDirectories c:\program files\dotnet\sdk\6.0.302\Extensions,c:\program files\dotnet\sdk\6.0.302
TpTrace Verbose: 0 : 31180, 1, 2022/10/10, 09:01:04.273, 2234079855050, vstest.console.dll, MetadataReaderExtensionsHelper: Discovering extensions inside assembly 'DumpMinitool, Version=15.0.0.0, Culture=neutral, PublicKeyToken=b03f5f7f11d50a3a' file path 'c:\program files\dotnet\sdk\6.0.302\Extensions\DumpMinitool.exe'
TpTrace Verbose: 0 : 31180, 1, 2022/10/10, 09:01:04.274, 2234079861489, vstest.console.dll, MetadataReaderExtensionsHelper: Discovering extensions inside assembly 'DumpMinitool.x86, Version=15.0.0.0, Culture=neutral, PublicKeyToken=b03f5f7f11d50a3a' file path 'c:\program files\dotnet\sdk\6.0.302\Extensions\DumpMinitool.x86.exe'
TpTrace Verbose: 0 : 31180, 1, 2022/10/10, 09:01:04.274, 2234079866050, vstest.console.dll, MetadataReaderExtensionsHelper: Discovering extensions inside assembly 'Microsoft.Diagnostics.NETCore.Client, Version=0.2.5.801, Culture=neutral, PublicKeyToken=31bf3856ad364e35' file path 'c:\program files\dotnet\sdk\6.0.302\Extensions\Microsoft.Diagnostics.NETCore.Client.dll'
TpTrace Information: 0 : 31180, 1, 2022/10/10, 09:01:04.275, 2234079872529, vstest.console.dll, AssemblyResolver.OnResolve: Microsoft.Bcl.AsyncInterfaces: Resolving assembly.
TpTrace Information: 0 : 31180, 1, 2022/10/10, 09:01:04.275, 2234079873202, vstest.console.dll, AssemblyResolver.OnResolve: Microsoft.Bcl.AsyncInterfaces: Resolved from cache.
TpTrace Verbose: 0 : 31180, 1, 2022/10/10, 09:01:04.275, 2234079873666, vstest.console.dll, CurrentDomainAssemblyResolve: Resolving assembly 'Microsoft.Bcl.AsyncInterfaces'.
TpTrace Information: 0 : 31180, 1, 2022/10/10, 09:01:04.275, 2234079874227, vstest.console.dll, AssemblyResolver.OnResolve: Microsoft.Bcl.AsyncInterfaces: Resolving assembly.
TpTrace Information: 0 : 31180, 1, 2022/10/10, 09:01:04.275, 2234079874584, vstest.console.dll, AssemblyResolver.OnResolve: Microsoft.Bcl.AsyncInterfaces: Resolved from cache.
TpTrace Verbose: 0 : 31180, 1, 2022/10/10, 09:01:04.275, 2234079874915, vstest.console.dll, CurrentDomainAssemblyResolve: Resolving assembly 'Microsoft.Bcl.AsyncInterfaces'.
TpTrace Verbose: 0 : 31180, 1, 2022/10/10, 09:01:04.275, 2234079875209, vstest.console.dll, CurrentDomainAssemblyResolve: Failed to resolve assembly 'Microsoft.Bcl.AsyncInterfaces'.
TpTrace Verbose: 0 : 31180, 1, 2022/10/10, 09:01:04.275, 2234079876953, vstest.console.dll, CurrentDomainAssemblyResolve: Failed to resolve assembly 'Microsoft.Bcl.AsyncInterfaces'.
TpTrace Warning: 0 : 31180, 1, 2022/10/10, 09:01:04.276, 2234079881213, vstest.console.dll, TestPluginDiscoverer: Failed to get types from assembly 'Microsoft.Diagnostics.NETCore.Client, Version=0.2.5.801, Culture=neutral, PublicKeyToken=31bf3856ad364e35'. Error: System.Reflection.ReflectionTypeLoadException: Unable to load one or more of the requested types.
Could not load file or assembly 'Microsoft.Bcl.AsyncInterfaces, Version=1.0.0.0, Culture=neutral, PublicKeyToken=cc7b13ffcd2ddd51'. O sistema não pode encontrar o arquivo especificado.
   at System.Reflection.RuntimeModule.GetTypes(RuntimeModule module)
   at System.Reflection.Assembly.GetTypes()
   at Microsoft.VisualStudio.TestPlatform.Common.ExtensionFramework.TestPluginDiscoverer.GetTestExtensionsFromAssembly[TPluginInfo,TExtension](Assembly assembly, Dictionary`2 pluginInfos, String filePath)
System.IO.FileNotFoundException: Could not load file or assembly 'Microsoft.Bcl.AsyncInterfaces, Version=1.0.0.0, Culture=neutral, PublicKeyToken=cc7b13ffcd2ddd51'. O sistema não pode encontrar o arquivo especificado.
File name: 'Microsoft.Bcl.AsyncInterfaces, Version=1.0.0.0, Culture=neutral, PublicKeyToken=cc7b13ffcd2ddd51'
 ---> System.IO.FileNotFoundException: Could not load file or assembly 'Microsoft.Bcl.AsyncInterfaces, Culture=neutral, PublicKeyToken=null'. O sistema não pode encontrar o arquivo especificado.
File name: 'Microsoft.Bcl.AsyncInterfaces, Culture=neutral, PublicKeyToken=null'
   at System.Reflection.RuntimeAssembly.InternalLoad(ObjectHandleOnStack assemblyName, ObjectHandleOnStack requestingAssembly, StackCrawlMarkHandle stackMark, Boolean throwOnFileNotFound, ObjectHandleOnStack assemblyLoadContext, ObjectHandleOnStack retAssembly)
   at System.Reflection.RuntimeAssembly.InternalLoad(AssemblyName assemblyName, RuntimeAssembly requestingAssembly, StackCrawlMark& stackMark, Boolean throwOnFileNotFound, AssemblyLoadContext assemblyLoadContext)
   at System.Reflection.Assembly.Load(AssemblyName assemblyRef)
   at Microsoft.VisualStudio.TestPlatform.Common.ExtensionFramework.TestPluginCache.CurrentDomainAssemblyResolve(Object sender, AssemblyResolveEventArgs args)
   at Microsoft.VisualStudio.TestPlatform.PlatformAbstractions.PlatformAssemblyResolver.AssemblyResolverEvent(Object sender, Object eventArgs)
   at System.Runtime.Loader.AssemblyLoadContext.GetFirstResolvedAssemblyFromResolvingEvent(AssemblyName assemblyName)
   at System.Runtime.Loader.AssemblyLoadContext.ResolveUsingEvent(AssemblyName assemblyName)
   at System.Runtime.Loader.AssemblyLoadContext.ResolveUsingResolvingEvent(IntPtr gchManagedAssemblyLoadContext, AssemblyName assemblyName)
TpTrace Warning: 0 : 31180, 1, 2022/10/10, 09:01:04.276, 2234079883927, vstest.console.dll, LoaderExceptions: System.IO.FileNotFoundException: Could not load file or assembly 'Microsoft.Bcl.AsyncInterfaces, Version=1.0.0.0, Culture=neutral, PublicKeyToken=cc7b13ffcd2ddd51'. O sistema não pode encontrar o arquivo especificado.
File name: 'Microsoft.Bcl.AsyncInterfaces, Version=1.0.0.0, Culture=neutral, PublicKeyToken=cc7b13ffcd2ddd51'
 ---> System.IO.FileNotFoundException: Could not load file or assembly 'Microsoft.Bcl.AsyncInterfaces, Culture=neutral, PublicKeyToken=null'. O sistema não pode encontrar o arquivo especificado.
File name: 'Microsoft.Bcl.AsyncInterfaces, Culture=neutral, PublicKeyToken=null'
   at System.Reflection.RuntimeAssembly.InternalLoad(ObjectHandleOnStack assemblyName, ObjectHandleOnStack requestingAssembly, StackCrawlMarkHandle stackMark, Boolean throwOnFileNotFound, ObjectHandleOnStack assemblyLoadContext, ObjectHandleOnStack retAssembly)
   at System.Reflection.RuntimeAssembly.InternalLoad(AssemblyName assemblyName, RuntimeAssembly requestingAssembly, StackCrawlMark& stackMark, Boolean throwOnFileNotFound, AssemblyLoadContext assemblyLoadContext)
   at System.Reflection.Assembly.Load(AssemblyName assemblyRef)
   at Microsoft.VisualStudio.TestPlatform.Common.ExtensionFramework.TestPluginCache.CurrentDomainAssemblyResolve(Object sender, AssemblyResolveEventArgs args)
   at Microsoft.VisualStudio.TestPlatform.PlatformAbstractions.PlatformAssemblyResolver.AssemblyResolverEvent(Object sender, Object eventArgs)
   at System.Runtime.Loader.AssemblyLoadContext.GetFirstResolvedAssemblyFromResolvingEvent(AssemblyName assemblyName)
   at System.Runtime.Loader.AssemblyLoadContext.ResolveUsingEvent(AssemblyName assemblyName)
   at System.Runtime.Loader.AssemblyLoadContext.ResolveUsingResolvingEvent(IntPtr gchManagedAssemblyLoadContext, AssemblyName assemblyName)
TpTrace Verbose: 0 : 31180, 1, 2022/10/10, 09:01:04.276, 2234079884946, vstest.console.dll, MetadataReaderExtensionsHelper: Discovering extensions inside assembly 'Microsoft.TestPlatform.Extensions.BlameDataCollector, Version=15.0.0.0, Culture=neutral, PublicKeyToken=b03f5f7f11d50a3a' file path 'c:\program files\dotnet\sdk\6.0.302\Extensions\Microsoft.TestPlatform.Extensions.BlameDataCollector.dll'
TpTrace Information: 0 : 31180, 1, 2022/10/10, 09:01:04.277, 2234079891671, vstest.console.dll, GetTestExtensionFromType: Register extension with identifier data 'logger://Microsoft/TestPlatform/Extensions/Blame/v1' and type 'Microsoft.TestPlatform.Extensions.BlameDataCollector.BlameLogger, Microsoft.TestPlatform.Extensions.BlameDataCollector, Version=15.0.0.0, Culture=neutral, PublicKeyToken=b03f5f7f11d50a3a' inside file 'c:\program files\dotnet\sdk\6.0.302\Extensions\Microsoft.TestPlatform.Extensions.BlameDataCollector.dll'
TpTrace Verbose: 0 : 31180, 1, 2022/10/10, 09:01:04.277, 2234079892626, vstest.console.dll, MetadataReaderExtensionsHelper: Discovering extensions inside assembly 'Microsoft.TestPlatform.Extensions.EventLogCollector, Version=15.0.0.0, Culture=neutral, PublicKeyToken=b03f5f7f11d50a3a' file path 'c:\program files\dotnet\sdk\6.0.302\Extensions\Microsoft.TestPlatform.Extensions.EventLogCollector.dll'
TpTrace Verbose: 0 : 31180, 1, 2022/10/10, 09:01:04.277, 2234079898526, vstest.console.dll, MetadataReaderExtensionsHelper: Discovering extensions inside assembly 'Microsoft.TestPlatform.TestHostRuntimeProvider, Version=15.0.0.0, Culture=neutral, PublicKeyToken=b03f5f7f11d50a3a' file path 'c:\program files\dotnet\sdk\6.0.302\Extensions\Microsoft.TestPlatform.TestHostRuntimeProvider.dll'
TpTrace Verbose: 0 : 31180, 1, 2022/10/10, 09:01:04.278, 2234079904154, vstest.console.dll, MetadataReaderExtensionsHelper: Discovering extensions inside assembly 'Microsoft.VisualStudio.TestPlatform.Extensions.Html.TestLogger, Version=15.0.0.0, Culture=neutral, PublicKeyToken=b03f5f7f11d50a3a' file path 'c:\program files\dotnet\sdk\6.0.302\Extensions\Microsoft.VisualStudio.TestPlatform.Extensions.Html.TestLogger.dll'
TpTrace Information: 0 : 31180, 1, 2022/10/10, 09:01:04.278, 2234079909455, vstest.console.dll, GetTestExtensionFromType: Register extension with identifier data 'logger://Microsoft/TestPlatform/HtmlLogger/v1' and type 'Microsoft.VisualStudio.TestPlatform.Extensions.HtmlLogger.HtmlLogger, Microsoft.VisualStudio.TestPlatform.Extensions.Html.TestLogger, Version=15.0.0.0, Culture=neutral, PublicKeyToken=b03f5f7f11d50a3a' inside file 'c:\program files\dotnet\sdk\6.0.302\Extensions\Microsoft.VisualStudio.TestPlatform.Extensions.Html.TestLogger.dll'
TpTrace Verbose: 0 : 31180, 1, 2022/10/10, 09:01:04.278, 2234079910358, vstest.console.dll, MetadataReaderExtensionsHelper: Discovering extensions inside assembly 'Microsoft.VisualStudio.TestPlatform.Extensions.Trx.TestLogger, Version=15.0.0.0, Culture=neutral, PublicKeyToken=b03f5f7f11d50a3a' file path 'c:\program files\dotnet\sdk\6.0.302\Extensions\Microsoft.VisualStudio.TestPlatform.Extensions.Trx.TestLogger.dll'
TpTrace Information: 0 : 31180, 1, 2022/10/10, 09:01:04.279, 2234079916050, vstest.console.dll, GetTestExtensionFromType: Register extension with identifier data 'logger://Microsoft/TestPlatform/TrxLogger/v1' and type 'Microsoft.VisualStudio.TestPlatform.Extensions.TrxLogger.TrxLogger, Microsoft.VisualStudio.TestPlatform.Extensions.Trx.TestLogger, Version=15.0.0.0, Culture=neutral, PublicKeyToken=b03f5f7f11d50a3a' inside file 'c:\program files\dotnet\sdk\6.0.302\Extensions\Microsoft.VisualStudio.TestPlatform.Extensions.Trx.TestLogger.dll'
TpTrace Verbose: 0 : 31180, 1, 2022/10/10, 09:01:04.279, 2234079916933, vstest.console.dll, TestPluginCache: Discovered the extensions using extension path ''.
TpTrace Verbose: 0 : 31180, 1, 2022/10/10, 09:01:04.279, 2234079917318, vstest.console.dll, TestPluginCache: Discoverers are ''.
TpTrace Verbose: 0 : 31180, 1, 2022/10/10, 09:01:04.279, 2234079917600, vstest.console.dll, TestPluginCache: Executors are ''.
TpTrace Verbose: 0 : 31180, 1, 2022/10/10, 09:01:04.279, 2234079917861, vstest.console.dll, TestPluginCache: Executors2 are ''.
TpTrace Verbose: 0 : 31180, 1, 2022/10/10, 09:01:04.279, 2234079918115, vstest.console.dll, TestPluginCache: Setting providers are ''.
TpTrace Verbose: 0 : 31180, 1, 2022/10/10, 09:01:04.279, 2234079918987, vstest.console.dll, TestPluginCache: Loggers are 'logger://Microsoft/TestPlatform/Extensions/Blame/v1,logger://Microsoft/TestPlatform/HtmlLogger/v1,logger://Microsoft/TestPlatform/TrxLogger/v1'.
TpTrace Verbose: 0 : 31180, 1, 2022/10/10, 09:01:04.279, 2234079919605, vstest.console.dll, TestPluginCache: TestHosts are 'HostProvider://DefaultTestHost,HostProvider://DotnetTestHost'.
TpTrace Verbose: 0 : 31180, 1, 2022/10/10, 09:01:04.279, 2234079919954, vstest.console.dll, TestPluginCache: DataCollectors are ''.
TpTrace Information: 0 : 31180, 1, 2022/10/10, 09:01:04.280, 2234079928167, vstest.console.dll, TestPluginManager.CreateTestExtension: Attempting to load test extension: Microsoft.TestPlatform.Extensions.BlameDataCollector.BlameLogger
TpTrace Information: 0 : 31180, 1, 2022/10/10, 09:01:04.286, 2234079989698, vstest.console.dll, TestPluginManager.CreateTestExtension: Attempting to load test extension: Microsoft.VisualStudio.TestPlatform.CrossPlatEngine.Hosting.DefaultTestHostManager
TpTrace Information: 0 : 31180, 1, 2022/10/10, 09:01:04.288, 2234080006463, vstest.console.dll, TestPluginManager.CreateTestExtension: Attempting to load test extension: Microsoft.VisualStudio.TestPlatform.CrossPlatEngine.Hosting.DotnetTestHostManager
TpTrace Verbose: 0 : 31180, 1, 2022/10/10, 09:01:04.289, 2234080014061, vstest.console.dll, TestEngine: Initializing Parallel Execution as MaxCpuCount is set to: 1
TpTrace Information: 0 : 31180, 1, 2022/10/10, 09:01:04.290, 2234080021307, vstest.console.dll, InferRunSettingsHelper.IsTestSettingsEnabled: Unable to navigate to RunSettings/MSTest. Current node: RunSettings
TpTrace Verbose: 0 : 31180, 1, 2022/10/10, 09:01:04.291, 2234080033937, vstest.console.dll, TestRequestSender is acting as server.
TpTrace Verbose: 0 : 31180, 1, 2022/10/10, 09:01:04.292, 2234080047541, vstest.console.dll, TestEngine.GetExecutionManager: Chosen execution manager 'Microsoft.VisualStudio.TestPlatform.CrossPlatEngine.Client.Parallel.ParallelProxyExecutionManager, Microsoft.TestPlatform.CrossPlatEngine, Version=15.0.0.0, Culture=neutral, PublicKeyToken=b03f5f7f11d50a3a' ParallelLevel '1' Shared host 'False'
TpTrace Verbose: 0 : 31180, 5, 2022/10/10, 09:01:04.296, 2234080081356, vstest.console.dll, DataCollectionRequestSender.InitializeCommunication : Initialize communication. 
TpTrace Information: 0 : 31180, 5, 2022/10/10, 09:01:04.303, 2234080154869, vstest.console.dll, Listening on Endpoint : 127.0.0.1:50395
TpTrace Verbose: 0 : 31180, 5, 2022/10/10, 09:01:04.312, 2234080244647, vstest.console.dll, DotnetDataCollectionLauncher: Full path of dotnet.exe is c:\program files\dotnet\dotnet.exe
TpTrace Verbose: 0 : 31180, 5, 2022/10/10, 09:01:04.312, 2234080246959, vstest.console.dll, DotnetDataCollectionLauncher: Adding  --runtimeconfig "c:\program files\dotnet\sdk\6.0.302\datacollector.runtimeconfig.json" in args
TpTrace Verbose: 0 : 31180, 5, 2022/10/10, 09:01:04.312, 2234080248021, vstest.console.dll, DotnetDataCollectionLauncher: Adding  --depsfile "c:\program files\dotnet\sdk\6.0.302\datacollector.deps.json" in args
TpTrace Information: 0 : 31180, 5, 2022/10/10, 09:01:04.321, 2234080339953, vstest.console.dll, ProxyDataCollectionManager.Initialize: Launched datacollector processId: 14624 port: 50395
TpTrace Information: 0 : 31180, 5, 2022/10/10, 09:01:04.322, 2234080341457, vstest.console.dll, ProxyDataCollectionManager.Initialize: waiting for connection with timeout: 90 seconds
TpTrace Verbose: 0 : 31180, 5, 2022/10/10, 09:01:04.322, 2234080342105, vstest.console.dll, DataCollectionRequestSender.WaitForRequestHandlerConnection : Waiting for connection with timeout: 90000
TpTrace Information: 0 : 31180, 8, 2022/10/10, 09:01:04.496, 2234082086438, vstest.console.dll, Using the buffer size of 16384 bytes
TpTrace Verbose: 0 : 31180, 5, 2022/10/10, 09:01:04.496, 2234082086737, vstest.console.dll, SocketCommunicationManager.WaitForClientConnection took: 174 ms, with 90000 ms timeout, and finished with True.
TpTrace Information: 0 : 31180, 8, 2022/10/10, 09:01:04.496, 2234082087837, vstest.console.dll, Accepted Client request and set the flag
TpTrace Verbose: 0 : 31180, 5, 2022/10/10, 09:01:04.496, 2234082089148, vstest.console.dll, ProxyDataCollectionManager.InvokeDataCollectionServiceAction: Starting.
TpTrace Information: 0 : 31180, 5, 2022/10/10, 09:01:04.496, 2234082090358, vstest.console.dll, ProxyDataCollectionManager.BeforeTestRunStart: Get environment variable and port for datacollector processId: 14624 port: 50395
TpTrace Verbose: 0 : 31180, 5, 2022/10/10, 09:01:04.497, 2234082091743, vstest.console.dll, DataCollectionRequestSender.SendBeforeTestRunStartAndGetResult: Send BeforeTestRunStart message with settingsXml <RunSettings><RunConfiguration><ResultsDirectory>C:\Users\luisf\Desktop\Repositori B1 Dev\OrbitService\OrbitService\test\Inbound-NFe-Test\bin\Debug\netcoreapp3.1\fine-code-coverage\coverage-tool-output</ResultsDirectory><TargetPlatform>X64</TargetPlatform><TargetFrameworkVersion>.NETCoreApp,Version=v3.1</TargetFrameworkVersion><DesignMode>False</DesignMode><CollectSourceInformation>False</CollectSourceInformation><TestAdaptersPaths>c:\program files\dotnet\sdk\6.0.302\Extensions</TestAdaptersPaths></RunConfiguration><LoggerRunSettings><Loggers><Logger friendlyName="blame" enabled="True" /><Logger friendlyName="Console" uri="logger://microsoft/TestPlatform/ConsoleLogger/v1" assemblyQualifiedName="Microsoft.VisualStudio.TestPlatform.CommandLine.Internal.ConsoleLogger, vstest.console, Version=15.0.0.0, Culture=neutral, PublicKeyToken=b03f5f7f11d50a3a" codeBase="c:\program files\dotnet\sdk\6.0.302\vstest.console.dll" enabled="True" /></Loggers></LoggerRunSettings><DataCollectionRunSettings><DataCollectors><DataCollector friendlyName="blame" enabled="True"><Configuration><ResultsDirectory>C:\Users\luisf\Desktop\Repositori B1 Dev\OrbitService\OrbitService\test\Inbound-NFe-Test\bin\Debug\netcoreapp3.1\fine-code-coverage\coverage-tool-output</ResultsDirectory></Configuration></DataCollector></DataCollectors></DataCollectionRunSettings></RunSettings> and sources System.Linq.Enumerable+Concat2Iterator`1[System.String]: 
TpTrace Verbose: 0 : 31180, 5, 2022/10/10, 09:01:04.593, 2234083051279, vstest.console.dll, DataCollectionRequestSender.SendBeforeTestRunStartAndGetResult: Received message: (DataCollection.SendMessage) -> {
  "FriendlyName": null,
  "Uri": null,
  "TestCaseId": "00000000-0000-0000-0000-000000000000",
  "Message": "Logging DataCollector Diagnostics in file: C:\\Users\\luisf\\Desktop\\Repositori B1 Dev\\OrbitService\\OrbitService\\test\\Inbound-NFe-Test\\bin\\Debug\\netcoreapp3.1\\fine-code-coverage\\coverage-tool-output\\diagnostics.datacollector.22-10-10_09-01-04_31209_5.log",
  "Level": 0
}
TpTrace Verbose: 0 : 31180, 5, 2022/10/10, 09:01:04.691, 2234084039831, vstest.console.dll, DataCollectionRequestSender.SendBeforeTestRunStartAndGetResult: Received message: (DataCollection.BeforeTestRunStartResult) -> {
  "EnvironmentVariables": {},
  "DataCollectionEventsPort": 50397
}
TpTrace Information: 0 : 31180, 5, 2022/10/10, 09:01:04.698, 2234084105854, vstest.console.dll, ProxyDataCollectionManager.BeforeTestRunStart: SendBeforeTestRunStartAndGetResult successful, env variable from datacollector:   and testhost port: 50397
TpTrace Information: 0 : 31180, 5, 2022/10/10, 09:01:04.698, 2234084106669, vstest.console.dll, ProxyDataCollectionManager.InvokeDataCollectionServiceAction: Completed.
TpTrace Verbose: 0 : 31180, 1, 2022/10/10, 09:01:04.698, 2234084108555, vstest.console.dll, TestRunRequest.ExecuteAsync: Creating test run request.
TpTrace Verbose: 0 : 31180, 1, 2022/10/10, 09:01:04.699, 2234084112284, vstest.console.dll, TestRunRequest.ExecuteAsync: Starting.
TpTrace Information: 0 : 31180, 1, 2022/10/10, 09:01:04.699, 2234084116576, vstest.console.dll, TestRunRequest.ExecuteAsync: Starting run with settings:TestRunCriteria:
   KeepAlive=False,FrequencyOfRunStatsChangeEvent=10,RunStatsChangeEventTimeout=00:00:01.5000000,TestCaseFilter=,TestExecutorLauncher=
   Settingsxml=<RunSettings>
  <RunConfiguration>
    <ResultsDirectory>C:\Users\luisf\Desktop\Repositori B1 Dev\OrbitService\OrbitService\test\Inbound-NFe-Test\bin\Debug\netcoreapp3.1\fine-code-coverage\coverage-tool-output</ResultsDirectory>
    <TargetPlatform>X64</TargetPlatform>
    <TargetFrameworkVersion>.NETCoreApp,Version=v3.1</TargetFrameworkVersion>
    <DesignMode>False</DesignMode>
    <CollectSourceInformation>False</CollectSourceInformation>
  </RunConfiguration>
  <LoggerRunSettings>
    <Loggers>
      <Logger friendlyName="blame" enabled="True" />
      <Logger friendlyName="Console" uri="logger://microsoft/TestPlatform/ConsoleLogger/v1" assemblyQualifiedName="Microsoft.VisualStudio.TestPlatform.CommandLine.Internal.ConsoleLogger, vstest.console, Version=15.0.0.0, Culture=neutral, PublicKeyToken=b03f5f7f11d50a3a" codeBase="c:\program files\dotnet\sdk\6.0.302\vstest.console.dll" enabled="True" />
    </Loggers>
  </LoggerRunSettings>
  <DataCollectionRunSettings>
    <DataCollectors>
      <DataCollector friendlyName="blame" enabled="True">
        <Configuration>
          <ResultsDirectory>C:\Users\luisf\Desktop\Repositori B1 Dev\OrbitService\OrbitService\test\Inbound-NFe-Test\bin\Debug\netcoreapp3.1\fine-code-coverage\coverage-tool-output</ResultsDirectory>
        </Configuration>
      </DataCollector>
    </DataCollectors>
  </DataCollectionRunSettings>
</RunSettings>

TpTrace Verbose: 0 : 31180, 1, 2022/10/10, 09:01:04.699, 2234084117241, vstest.console.dll, TestRunRequest.ExecuteAsync: Wait for the first run request is over.
TpTrace Verbose: 0 : 31180, 1, 2022/10/10, 09:01:04.700, 2234084120819, vstest.console.dll, MulticastDelegateUtilities.SafeInvoke: TestRun.TestRunStart: Invoking callbacks was skipped because there are no subscribers.
TpTrace Verbose: 0 : 31180, 1, 2022/10/10, 09:01:04.700, 2234084123289, vstest.console.dll, ParallelProxyExecutionManager: Start execution. Total sources: 1
TpTrace Verbose: 0 : 31180, 4, 2022/10/10, 09:01:04.700, 2234084123724, vstest.console.dll, MulticastDelegateUtilities.SafeInvoke: InternalTestLoggerEvents.SendTestRunStart: Invoking callback 1/1 for Microsoft.VisualStudio.TestPlatform.CommandLine.Internal.ConsoleLogger.TestRunStartHandler, took 0 ms.
TpTrace Information: 0 : 31180, 1, 2022/10/10, 09:01:04.701, 2234084130917, vstest.console.dll, ProxyParallelExecutionManager: Triggering test run for next source: C:\Users\luisf\Desktop\Repositori B1 Dev\OrbitService\OrbitService\test\Inbound-NFe-Test\bin\Debug\netcoreapp3.1\fine-code-coverage\build-output\OrbitService_Test.dll
TpTrace Verbose: 0 : 31180, 5, 2022/10/10, 09:01:04.701, 2234084132957, vstest.console.dll, ParallelProxyExecutionManager: Execution started. Started clients: 1
TpTrace Verbose: 0 : 31180, 1, 2022/10/10, 09:01:04.701, 2234084133174, vstest.console.dll, ProxyParallelExecutionManager: No sources available for execution.
TpTrace Information: 0 : 31180, 1, 2022/10/10, 09:01:04.701, 2234084134249, vstest.console.dll, TestRunRequest.ExecuteAsync: Started.
TpTrace Verbose: 0 : 31180, 1, 2022/10/10, 09:01:04.701, 2234084135433, vstest.console.dll, TestRunRequest.WaitForCompletion: Waiting with timeout -1.
TpTrace Verbose: 0 : 31180, 5, 2022/10/10, 09:01:04.701, 2234084136787, vstest.console.dll, TestRunRequest:SendTestRunMessage: Starting.
TpTrace Verbose: 0 : 31180, 5, 2022/10/10, 09:01:04.701, 2234084138337, vstest.console.dll, MulticastDelegateUtilities.SafeInvoke: TestRun.LogMessages: Invoking callback 1/1 for Microsoft.VisualStudio.TestPlatform.CommandLine.TestRunResultAggregator.TestRunMessageHandler, took 0 ms.
TpTrace Verbose: 0 : 31180, 4, 2022/10/10, 09:01:04.701, 2234084138491, vstest.console.dll, MulticastDelegateUtilities.SafeInvoke: InternalTestLoggerEvents.SendTestRunMessage: Invoking callback 1/1 for Microsoft.VisualStudio.TestPlatform.CommandLine.Internal.ConsoleLogger.TestMessageHandler, took 0 ms.
TpTrace Information: 0 : 31180, 5, 2022/10/10, 09:01:04.701, 2234084138886, vstest.console.dll, TestRunRequest:SendTestRunMessage: Completed.
TpTrace Verbose: 0 : 31180, 5, 2022/10/10, 09:01:04.702, 2234084142583, vstest.console.dll, ProxyExecutionManager: Test host is always Lazy initialize.
TpTrace Verbose: 0 : 31180, 5, 2022/10/10, 09:01:04.702, 2234084145163, vstest.console.dll, TestRequestSender.InitializeCommunication: initialize communication. 
TpTrace Information: 0 : 31180, 5, 2022/10/10, 09:01:04.703, 2234084151501, vstest.console.dll, SocketServer.Start: Listening on endpoint : 127.0.0.1:50398
TpTrace Verbose: 0 : 31180, 5, 2022/10/10, 09:01:04.703, 2234084159037, vstest.console.dll, DotnetTestHostmanager.GetTestHostProcessStartInfo: Platform environment 'X64' target architecture 'X64' framework '.NETCoreApp,Version=v3.1' OS 'Windows'
TpTrace Verbose: 0 : 31180, 5, 2022/10/10, 09:01:04.704, 2234084161436, vstest.console.dll, DotnetTestHostmanager: Adding  --runtimeconfig "C:\Users\luisf\Desktop\Repositori B1 Dev\OrbitService\OrbitService\test\Inbound-NFe-Test\bin\Debug\netcoreapp3.1\fine-code-coverage\build-output\OrbitService_Test.runtimeconfig.json" in args
TpTrace Verbose: 0 : 31180, 5, 2022/10/10, 09:01:04.704, 2234084162654, vstest.console.dll, DotnetTestHostmanager: Adding  --depsfile "C:\Users\luisf\Desktop\Repositori B1 Dev\OrbitService\OrbitService\test\Inbound-NFe-Test\bin\Debug\netcoreapp3.1\fine-code-coverage\build-output\OrbitService_Test.deps.json" in args
TpTrace Verbose: 0 : 31180, 5, 2022/10/10, 09:01:04.704, 2234084166687, vstest.console.dll, DotnetTestHostmanager.IsWinOnArm: Current PROCESSOR_ARCHITECTURE from environment variable 'AMD64'
TpTrace Verbose: 0 : 31180, 5, 2022/10/10, 09:01:04.704, 2234084167448, vstest.console.dll, DotnetTestHostmanager.IsWinOnArm: Is Windows on ARM 'False'
TpTrace Verbose: 0 : 31180, 5, 2022/10/10, 09:01:04.704, 2234084169263, vstest.console.dll, DotnetTestHostManager: testhost.exe found at path: C:\Users\luisf\Desktop\Repositori B1 Dev\OrbitService\OrbitService\test\Inbound-NFe-Test\bin\Debug\netcoreapp3.1\fine-code-coverage\build-output\testhost.exe
TpTrace Verbose: 0 : 31180, 5, 2022/10/10, 09:01:04.704, 2234084169902, vstest.console.dll, DotnetTestHostmanager: Full path of host exe is C:\Users\luisf\Desktop\Repositori B1 Dev\OrbitService\OrbitService\test\Inbound-NFe-Test\bin\Debug\netcoreapp3.1\fine-code-coverage\build-output\testhost.exe
TpTrace Verbose: 0 : 31180, 5, 2022/10/10, 09:01:04.705, 2234084171494, vstest.console.dll, DotnetTestHostmanager.LaunchTestHostAsync: Found 'VSTEST_WINAPPHOST_DOTNET_ROOT' in env variables, value 'c:\program files\dotnet', forwarding to 'DOTNET_ROOT'
TpTrace Verbose: 0 : 31180, 7, 2022/10/10, 09:01:04.706, 2234084181603, vstest.console.dll, DotnetTestHostManager: Starting process 'C:\Users\luisf\Desktop\Repositori B1 Dev\OrbitService\OrbitService\test\Inbound-NFe-Test\bin\Debug\netcoreapp3.1\fine-code-coverage\build-output\testhost.exe' with command line ' --runtimeconfig "C:\Users\luisf\Desktop\Repositori B1 Dev\OrbitService\OrbitService\test\Inbound-NFe-Test\bin\Debug\netcoreapp3.1\fine-code-coverage\build-output\OrbitService_Test.runtimeconfig.json" --depsfile "C:\Users\luisf\Desktop\Repositori B1 Dev\OrbitService\OrbitService\test\Inbound-NFe-Test\bin\Debug\netcoreapp3.1\fine-code-coverage\build-output\OrbitService_Test.deps.json" --port 50398 --endpoint 127.0.0.1:050398 --role client --parentprocessid 31180 --diag "C:\Users\luisf\Desktop\Repositori B1 Dev\OrbitService\OrbitService\test\Inbound-NFe-Test\bin\Debug\netcoreapp3.1\fine-code-coverage\coverage-tool-output\diagnostics.host.22-10-10_09-01-04_70347_5.log" --tracelevel 4 --datacollectionport 50397 --telemetryoptedin false'
TpTrace Verbose: 0 : 31180, 7, 2022/10/10, 09:01:04.752, 2234084642759, vstest.console.dll, MulticastDelegateUtilities.SafeInvoke: HostProviderEvents.OnHostLaunched: Invoking callback 1/2 for Microsoft.VisualStudio.TestPlatform.CrossPlatEngine.Client.ProxyExecutionManagerWithDataCollection.TestHostLaunchedHandler, took 1 ms.
TpTrace Verbose: 0 : 31180, 7, 2022/10/10, 09:01:04.752, 2234084643956, vstest.console.dll, Test Runtime launched
TpTrace Verbose: 0 : 31180, 7, 2022/10/10, 09:01:04.752, 2234084644499, vstest.console.dll, MulticastDelegateUtilities.SafeInvoke: HostProviderEvents.OnHostLaunched: Invoking callback 2/2 for Microsoft.VisualStudio.TestPlatform.CrossPlatEngine.Client.ProxyOperationManager.TestHostManagerHostLaunched, took 0 ms.
TpTrace Verbose: 0 : 31180, 5, 2022/10/10, 09:01:04.753, 2234084651489, vstest.console.dll, TestRequestSender.WaitForRequestHandlerConnection: waiting for connection with timeout: 90000.
TpTrace Verbose: 0 : 31180, 5, 2022/10/10, 09:01:05.004, 2234087160831, vstest.console.dll, TestRequestSender.WaitForRequestHandlerConnection: waiting took 250 ms, with timeout 90000 ms, and result 0, which is success.
TpTrace Verbose: 0 : 31180, 7, 2022/10/10, 09:01:05.004, 2234087160859, vstest.console.dll, MulticastDelegateUtilities.SafeInvoke: SocketServer: ClientConnected: Invoking callback 1/1 for Microsoft.VisualStudio.TestPlatform.CommunicationUtilities.TestRequestSender.<InitializeCommunication>b__23_0, took 0 ms.
TpTrace Verbose: 0 : 31180, 7, 2022/10/10, 09:01:05.004, 2234087162971, vstest.console.dll, SocketServer.OnClientConnected: Client connected for endPoint: 127.0.0.1:50398, starting MessageLoopAsync:
TpTrace Verbose: 0 : 31180, 7, 2022/10/10, 09:01:05.004, 2234087164945, vstest.console.dll, TcpClientExtensions.MessageLoopAsync: Polling on remoteEndPoint: 127.0.0.1:50400 localEndPoint: 127.0.0.1:50398
TpTrace Verbose: 0 : 31180, 5, 2022/10/10, 09:01:05.005, 2234087172747, vstest.console.dll, TestRequestSender.CheckVersionWithTestHost: Sending check version message: {"MessageType":"ProtocolVersion","Payload":6}
TpTrace Verbose: 0 : 31180, 7, 2022/10/10, 09:01:05.201, 2234089136893, vstest.console.dll, TcpClientExtensions.MessageLoopAsync: NotifyDataAvailable remoteEndPoint: 127.0.0.1:50400 localEndPoint: 127.0.0.1:50398
TpTrace Verbose: 0 : 31180, 7, 2022/10/10, 09:01:05.201, 2234089140509, vstest.console.dll, TestRequestSender.CheckVersionWithTestHost: onMessageReceived received message: (ProtocolVersion) -> 5
TpTrace Verbose: 0 : 31180, 7, 2022/10/10, 09:01:05.202, 2234089146049, vstest.console.dll, MulticastDelegateUtilities.SafeInvoke: LengthPrefixCommunicationChannel: MessageReceived: Invoking callback 1/1 for Microsoft.VisualStudio.TestPlatform.CommunicationUtilities.TestRequestSender+<>c__DisplayClass25_0.<CheckVersionWithTestHost>b__0, took 0 ms.
TpTrace Verbose: 0 : 31180, 5, 2022/10/10, 09:01:05.202, 2234089146830, vstest.console.dll, TestPluginCache.GetExtensionPaths: Filtered extension paths: 
TpTrace Verbose: 0 : 31180, 7, 2022/10/10, 09:01:05.202, 2234089147027, vstest.console.dll, TcpClientExtensions.MessageLoopAsync: Polling on remoteEndPoint: 127.0.0.1:50400 localEndPoint: 127.0.0.1:50398
TpTrace Verbose: 0 : 31180, 5, 2022/10/10, 09:01:05.202, 2234089147811, vstest.console.dll, TestPluginCache.GetExtensionPaths: Added default extension paths: c:\program files\dotnet\sdk\6.0.302\Extensions\DumpMinitool.exe
c:\program files\dotnet\sdk\6.0.302\Extensions\DumpMinitool.x86.exe
c:\program files\dotnet\sdk\6.0.302\Extensions\Microsoft.Diagnostics.NETCore.Client.dll
c:\program files\dotnet\sdk\6.0.302\Extensions\Microsoft.TestPlatform.Extensions.BlameDataCollector.dll
c:\program files\dotnet\sdk\6.0.302\Extensions\Microsoft.TestPlatform.Extensions.EventLogCollector.dll
c:\program files\dotnet\sdk\6.0.302\Extensions\Microsoft.TestPlatform.TestHostRuntimeProvider.dll
c:\program files\dotnet\sdk\6.0.302\Extensions\Microsoft.VisualStudio.TestPlatform.Extensions.Html.TestLogger.dll
c:\program files\dotnet\sdk\6.0.302\Extensions\Microsoft.VisualStudio.TestPlatform.Extensions.Trx.TestLogger.dll
TpTrace Verbose: 0 : 31180, 5, 2022/10/10, 09:01:05.202, 2234089148437, vstest.console.dll, TestPluginCache.GetExtensionPaths: Added unfilterableExtensionPaths: 
TpTrace Verbose: 0 : 31180, 5, 2022/10/10, 09:01:05.207, 2234089192446, vstest.console.dll, TestRequestSender.InitializeExecution: Sending initialize execution with message: {"Version":5,"MessageType":"TestExecution.Initialize","Payload":["C:\\Users\\luisf\\Desktop\\Repositori B1 Dev\\OrbitService\\OrbitService\\test\\Inbound-NFe-Test\\bin\\Debug\\netcoreapp3.1\\fine-code-coverage\\build-output\\xunit.runner.visualstudio.dotnetcore.testadapter.dll"]}
TpTrace Warning: 0 : 31180, 5, 2022/10/10, 09:01:05.207, 2234089196626, vstest.console.dll, InferRunSettingsHelper.MakeRunsettingsCompatible: Removing the following settings: TargetPlatform from RunSettings file. To use those settings please move to latest version of Microsoft.NET.Test.Sdk
TpTrace Verbose: 0 : 31180, 7, 2022/10/10, 09:01:05.216, 2234089288820, vstest.console.dll, TcpClientExtensions.MessageLoopAsync: NotifyDataAvailable remoteEndPoint: 127.0.0.1:50400 localEndPoint: 127.0.0.1:50398
TpTrace Verbose: 0 : 31180, 7, 2022/10/10, 09:01:05.216, 2234089290701, vstest.console.dll, TestRequestSender.OnExecutionMessageReceived: Received message: {"Version":5,"MessageType":"TestSession.Message","Payload":{"MessageLevel":0,"Message":"Logging TestHost Diagnostics in file: C:\\Users\\luisf\\Desktop\\Repositori B1 Dev\\OrbitService\\OrbitService\\test\\Inbound-NFe-Test\\bin\\Debug\\netcoreapp3.1\\fine-code-coverage\\coverage-tool-output\\diagnostics.host.22-10-10_09-01-04_70347_5.log"}}
TpTrace Verbose: 0 : 31180, 5, 2022/10/10, 09:01:05.217, 2234089300512, vstest.console.dll, TestRequestSender.StartTestRun: Sending test run with message: {"Version":5,"MessageType":"TestExecution.StartWithSources","Payload":{"AdapterSourceMap":{"_none_":["C:\\Users\\luisf\\Desktop\\Repositori B1 Dev\\OrbitService\\OrbitService\\test\\Inbound-NFe-Test\\bin\\Debug\\netcoreapp3.1\\fine-code-coverage\\build-output\\OrbitService_Test.dll"]},"RunSettings":"<RunSettings>\r\n  <RunConfiguration>\r\n    <ResultsDirectory>C:\\Users\\luisf\\Desktop\\Repositori B1 Dev\\OrbitService\\OrbitService\\test\\Inbound-NFe-Test\\bin\\Debug\\netcoreapp3.1\\fine-code-coverage\\coverage-tool-output</ResultsDirectory>\r\n    <TargetFrameworkVersion>.NETCoreApp,Version=v3.1</TargetFrameworkVersion>\r\n    <DesignMode>False</DesignMode>\r\n    <CollectSourceInformation>False</CollectSourceInformation>\r\n  </RunConfiguration>\r\n  <LoggerRunSettings>\r\n    <Loggers>\r\n      <Logger friendlyName=\"blame\" enabled=\"True\" />\r\n      <Logger friendlyName=\"Console\" uri=\"logger://microsoft/TestPlatform/ConsoleLogger/v1\" assemblyQualifiedName=\"Microsoft.VisualStudio.TestPlatform.CommandLine.Internal.ConsoleLogger, vstest.console, Version=15.0.0.0, Culture=neutral, PublicKeyToken=b03f5f7f11d50a3a\" codeBase=\"c:\\program files\\dotnet\\sdk\\6.0.302\\vstest.console.dll\" enabled=\"True\" />\r\n    </Loggers>\r\n  </LoggerRunSettings>\r\n  <DataCollectionRunSettings>\r\n    <DataCollectors>\r\n      <DataCollector friendlyName=\"blame\" enabled=\"True\">\r\n        <Configuration>\r\n          <ResultsDirectory>C:\\Users\\luisf\\Desktop\\Repositori B1 Dev\\OrbitService\\OrbitService\\test\\Inbound-NFe-Test\\bin\\Debug\\netcoreapp3.1\\fine-code-coverage\\coverage-tool-output</ResultsDirectory>\r\n        </Configuration>\r\n      </DataCollector>\r\n    </DataCollectors>\r\n  </DataCollectionRunSettings>\r\n</RunSettings>","TestExecutionContext":{"FrequencyOfRunStatsChangeEvent":10,"RunStatsChangeEventTimeout":"00:00:01.5000000","InIsolation":false,"KeepAlive":false,"AreTestCaseLevelEventsRequired":false,"IsDebug":false,"TestCaseFilter":null,"FilterOptions":null},"Package":null}}
TpTrace Verbose: 0 : 31180, 7, 2022/10/10, 09:01:05.219, 2234089314794, vstest.console.dll, TestRunRequest:SendTestRunMessage: Starting.
TpTrace Verbose: 0 : 31180, 7, 2022/10/10, 09:01:05.219, 2234089315918, vstest.console.dll, MulticastDelegateUtilities.SafeInvoke: TestRun.LogMessages: Invoking callback 1/1 for Microsoft.VisualStudio.TestPlatform.CommandLine.TestRunResultAggregator.TestRunMessageHandler, took 0 ms.
TpTrace Verbose: 0 : 31180, 4, 2022/10/10, 09:01:05.219, 2234089316179, vstest.console.dll, MulticastDelegateUtilities.SafeInvoke: InternalTestLoggerEvents.SendTestRunMessage: Invoking callback 1/1 for Microsoft.VisualStudio.TestPlatform.CommandLine.Internal.ConsoleLogger.TestMessageHandler, took 0 ms.
TpTrace Information: 0 : 31180, 7, 2022/10/10, 09:01:05.219, 2234089316465, vstest.console.dll, TestRunRequest:SendTestRunMessage: Completed.
TpTrace Verbose: 0 : 31180, 7, 2022/10/10, 09:01:05.219, 2234089318020, vstest.console.dll, MulticastDelegateUtilities.SafeInvoke: LengthPrefixCommunicationChannel: MessageReceived: Invoking callback 1/1 for Microsoft.VisualStudio.TestPlatform.CommunicationUtilities.TestRequestSender+<>c__DisplayClass30_0.<StartTestRun>b__1, took 2 ms.
TpTrace Verbose: 0 : 31180, 7, 2022/10/10, 09:01:05.219, 2234089318466, vstest.console.dll, TcpClientExtensions.MessageLoopAsync: Polling on remoteEndPoint: 127.0.0.1:50400 localEndPoint: 127.0.0.1:50398
TpTrace Verbose: 0 : 31180, 7, 2022/10/10, 09:01:05.409, 2234091217878, vstest.console.dll, TcpClientExtensions.MessageLoopAsync: NotifyDataAvailable remoteEndPoint: 127.0.0.1:50400 localEndPoint: 127.0.0.1:50398
TpTrace Verbose: 0 : 31180, 7, 2022/10/10, 09:01:05.409, 2234091219578, vstest.console.dll, TestRequestSender.OnExecutionMessageReceived: Received message: {"Version":5,"MessageType":"TestSession.Message","Payload":{"MessageLevel":0,"Message":"[xUnit.net 00:00:00.00] xUnit.net VSTest Adapter v2.4.3+1b45f5407b (64-bit .NET Core 3.1.27)"}}
TpTrace Verbose: 0 : 31180, 7, 2022/10/10, 09:01:05.410, 2234091223066, vstest.console.dll, TestRunRequest:SendTestRunMessage: Starting.
TpTrace Verbose: 0 : 31180, 7, 2022/10/10, 09:01:05.410, 2234091223944, vstest.console.dll, MulticastDelegateUtilities.SafeInvoke: TestRun.LogMessages: Invoking callback 1/1 for Microsoft.VisualStudio.TestPlatform.CommandLine.TestRunResultAggregator.TestRunMessageHandler, took 0 ms.
TpTrace Verbose: 0 : 31180, 4, 2022/10/10, 09:01:05.410, 2234091224273, vstest.console.dll, MulticastDelegateUtilities.SafeInvoke: InternalTestLoggerEvents.SendTestRunMessage: Invoking callback 1/1 for Microsoft.VisualStudio.TestPlatform.CommandLine.Internal.ConsoleLogger.TestMessageHandler, took 0 ms.
TpTrace Information: 0 : 31180, 7, 2022/10/10, 09:01:05.410, 2234091224472, vstest.console.dll, TestRunRequest:SendTestRunMessage: Completed.
TpTrace Verbose: 0 : 31180, 7, 2022/10/10, 09:01:05.410, 2234091225978, vstest.console.dll, MulticastDelegateUtilities.SafeInvoke: LengthPrefixCommunicationChannel: MessageReceived: Invoking callback 1/1 for Microsoft.VisualStudio.TestPlatform.CommunicationUtilities.TestRequestSender+<>c__DisplayClass30_0.<StartTestRun>b__1, took 0 ms.
TpTrace Verbose: 0 : 31180, 7, 2022/10/10, 09:01:05.410, 2234091226559, vstest.console.dll, TcpClientExtensions.MessageLoopAsync: Polling on remoteEndPoint: 127.0.0.1:50400 localEndPoint: 127.0.0.1:50398
TpTrace Verbose: 0 : 31180, 7, 2022/10/10, 09:01:06.416, 2234101288750, vstest.console.dll, TcpClientExtensions.MessageLoopAsync: Polling on remoteEndPoint: 127.0.0.1:50400 localEndPoint: 127.0.0.1:50398
TpTrace Verbose: 0 : 31180, 7, 2022/10/10, 09:01:06.767, 2234104795159, vstest.console.dll, TcpClientExtensions.MessageLoopAsync: NotifyDataAvailable remoteEndPoint: 127.0.0.1:50400 localEndPoint: 127.0.0.1:50398
TpTrace Verbose: 0 : 31180, 7, 2022/10/10, 09:01:06.767, 2234104796709, vstest.console.dll, TestRequestSender.OnExecutionMessageReceived: Received message: {"Version":5,"MessageType":"TestSession.Message","Payload":{"MessageLevel":0,"Message":"[xUnit.net 00:00:01.36]   Discovering: OrbitService_Test"}}
TpTrace Verbose: 0 : 31180, 7, 2022/10/10, 09:01:06.767, 2234104799599, vstest.console.dll, TestRunRequest:SendTestRunMessage: Starting.
TpTrace Verbose: 0 : 31180, 7, 2022/10/10, 09:01:06.767, 2234104800603, vstest.console.dll, MulticastDelegateUtilities.SafeInvoke: TestRun.LogMessages: Invoking callback 1/1 for Microsoft.VisualStudio.TestPlatform.CommandLine.TestRunResultAggregator.TestRunMessageHandler, took 0 ms.
TpTrace Verbose: 0 : 31180, 4, 2022/10/10, 09:01:06.768, 2234104800822, vstest.console.dll, MulticastDelegateUtilities.SafeInvoke: InternalTestLoggerEvents.SendTestRunMessage: Invoking callback 1/1 for Microsoft.VisualStudio.TestPlatform.CommandLine.Internal.ConsoleLogger.TestMessageHandler, took 0 ms.
TpTrace Information: 0 : 31180, 7, 2022/10/10, 09:01:06.768, 2234104801293, vstest.console.dll, TestRunRequest:SendTestRunMessage: Completed.
TpTrace Verbose: 0 : 31180, 7, 2022/10/10, 09:01:06.768, 2234104802639, vstest.console.dll, MulticastDelegateUtilities.SafeInvoke: LengthPrefixCommunicationChannel: MessageReceived: Invoking callback 1/1 for Microsoft.VisualStudio.TestPlatform.CommunicationUtilities.TestRequestSender+<>c__DisplayClass30_0.<StartTestRun>b__1, took 0 ms.
TpTrace Verbose: 0 : 31180, 7, 2022/10/10, 09:01:06.768, 2234104803032, vstest.console.dll, TcpClientExtensions.MessageLoopAsync: Polling on remoteEndPoint: 127.0.0.1:50400 localEndPoint: 127.0.0.1:50398
TpTrace Verbose: 0 : 31180, 7, 2022/10/10, 09:01:06.813, 2234105257345, vstest.console.dll, TcpClientExtensions.MessageLoopAsync: NotifyDataAvailable remoteEndPoint: 127.0.0.1:50400 localEndPoint: 127.0.0.1:50398
TpTrace Verbose: 0 : 31180, 7, 2022/10/10, 09:01:06.813, 2234105258745, vstest.console.dll, TestRequestSender.OnExecutionMessageReceived: Received message: {"Version":5,"MessageType":"TestSession.Message","Payload":{"MessageLevel":0,"Message":"[xUnit.net 00:00:01.40]   Discovered:  OrbitService_Test"}}
TpTrace Verbose: 0 : 31180, 7, 2022/10/10, 09:01:06.814, 2234105260764, vstest.console.dll, TestRunRequest:SendTestRunMessage: Starting.
TpTrace Verbose: 0 : 31180, 7, 2022/10/10, 09:01:06.814, 2234105261471, vstest.console.dll, MulticastDelegateUtilities.SafeInvoke: TestRun.LogMessages: Invoking callback 1/1 for Microsoft.VisualStudio.TestPlatform.CommandLine.TestRunResultAggregator.TestRunMessageHandler, took 0 ms.
TpTrace Information: 0 : 31180, 7, 2022/10/10, 09:01:06.814, 2234105261877, vstest.console.dll, TestRunRequest:SendTestRunMessage: Completed.
TpTrace Verbose: 0 : 31180, 4, 2022/10/10, 09:01:06.814, 2234105262067, vstest.console.dll, MulticastDelegateUtilities.SafeInvoke: InternalTestLoggerEvents.SendTestRunMessage: Invoking callback 1/1 for Microsoft.VisualStudio.TestPlatform.CommandLine.Internal.ConsoleLogger.TestMessageHandler, took 0 ms.
TpTrace Verbose: 0 : 31180, 7, 2022/10/10, 09:01:06.814, 2234105262301, vstest.console.dll, MulticastDelegateUtilities.SafeInvoke: LengthPrefixCommunicationChannel: MessageReceived: Invoking callback 1/1 for Microsoft.VisualStudio.TestPlatform.CommunicationUtilities.TestRequestSender+<>c__DisplayClass30_0.<StartTestRun>b__1, took 0 ms.
TpTrace Verbose: 0 : 31180, 7, 2022/10/10, 09:01:06.814, 2234105263185, vstest.console.dll, TcpClientExtensions.MessageLoopAsync: Polling on remoteEndPoint: 127.0.0.1:50400 localEndPoint: 127.0.0.1:50398
TpTrace Verbose: 0 : 31180, 7, 2022/10/10, 09:01:06.816, 2234105288833, vstest.console.dll, TcpClientExtensions.MessageLoopAsync: NotifyDataAvailable remoteEndPoint: 127.0.0.1:50400 localEndPoint: 127.0.0.1:50398
TpTrace Verbose: 0 : 31180, 7, 2022/10/10, 09:01:06.816, 2234105289608, vstest.console.dll, TestRequestSender.OnExecutionMessageReceived: Received message: {"Version":5,"MessageType":"TestSession.Message","Payload":{"MessageLevel":0,"Message":"[xUnit.net 00:00:01.41]   Starting:    OrbitService_Test"}}
TpTrace Verbose: 0 : 31180, 7, 2022/10/10, 09:01:06.817, 2234105291081, vstest.console.dll, TestRunRequest:SendTestRunMessage: Starting.
TpTrace Verbose: 0 : 31180, 7, 2022/10/10, 09:01:06.817, 2234105291682, vstest.console.dll, MulticastDelegateUtilities.SafeInvoke: TestRun.LogMessages: Invoking callback 1/1 for Microsoft.VisualStudio.TestPlatform.CommandLine.TestRunResultAggregator.TestRunMessageHandler, took 0 ms.
TpTrace Information: 0 : 31180, 7, 2022/10/10, 09:01:06.817, 2234105292017, vstest.console.dll, TestRunRequest:SendTestRunMessage: Completed.
TpTrace Verbose: 0 : 31180, 4, 2022/10/10, 09:01:06.817, 2234105292169, vstest.console.dll, MulticastDelegateUtilities.SafeInvoke: InternalTestLoggerEvents.SendTestRunMessage: Invoking callback 1/1 for Microsoft.VisualStudio.TestPlatform.CommandLine.Internal.ConsoleLogger.TestMessageHandler, took 0 ms.
TpTrace Verbose: 0 : 31180, 7, 2022/10/10, 09:01:06.817, 2234105292348, vstest.console.dll, MulticastDelegateUtilities.SafeInvoke: LengthPrefixCommunicationChannel: MessageReceived: Invoking callback 1/1 for Microsoft.VisualStudio.TestPlatform.CommunicationUtilities.TestRequestSender+<>c__DisplayClass30_0.<StartTestRun>b__1, took 0 ms.
TpTrace Verbose: 0 : 31180, 7, 2022/10/10, 09:01:06.817, 2234105293171, vstest.console.dll, TcpClientExtensions.MessageLoopAsync: Polling on remoteEndPoint: 127.0.0.1:50400 localEndPoint: 127.0.0.1:50398
TpTrace Verbose: 0 : 31180, 7, 2022/10/10, 09:01:06.910, 2234106222793, vstest.console.dll, TcpClientExtensions.MessageLoopAsync: NotifyDataAvailable remoteEndPoint: 127.0.0.1:50400 localEndPoint: 127.0.0.1:50398
TpTrace Verbose: 0 : 31180, 7, 2022/10/10, 09:01:06.910, 2234106224507, vstest.console.dll, TestRequestSender.OnExecutionMessageReceived: Received message: {"Version":5,"MessageType":"TestExecution.StatsChange","Payload":{"NewTestResults":[],"TestRunStatistics":{"ExecutedTests":0,"Stats":{}},"ActiveTests":[{"Id":"14730415-17fa-5337-949c-056258e66815","FullyQualifiedName":"OrbitService_Test.FiscalBrasil.services.InboundNFeRegister.FactoryInboundNFeRegisterTest.ShouldInboundNFeRegisterInput","DisplayName":"OrbitService_Test.FiscalBrasil.services.InboundNFeRegister.FactoryInboundNFeRegisterTest.ShouldInboundNFeRegisterInput","ExecutorUri":"executor://xunit/VsTestRunner2/netcoreapp","Source":"C:\\Users\\luisf\\Desktop\\Repositori B1 Dev\\OrbitService\\OrbitService\\test\\Inbound-NFe-Test\\bin\\Debug\\netcoreapp3.1\\fine-code-coverage\\build-output\\OrbitService_Test.dll","CodeFilePath":null,"LineNumber":0,"Properties":[]}]}}
TpTrace Verbose: 0 : 31180, 7, 2022/10/10, 09:01:06.930, 2234106430427, vstest.console.dll, TestRunRequest:SendTestRunStatsChange: Starting.
TpTrace Verbose: 0 : 31180, 7, 2022/10/10, 09:01:06.931, 2234106432487, vstest.console.dll, InProgress is OrbitService_Test.FiscalBrasil.services.InboundNFeRegister.FactoryInboundNFeRegisterTest.ShouldInboundNFeRegisterInput
TpTrace Verbose: 0 : 31180, 7, 2022/10/10, 09:01:06.931, 2234106434096, vstest.console.dll, MulticastDelegateUtilities.SafeInvoke: TestRun.RunStatsChanged: Invoking callbacks was skipped because there are no subscribers.
TpTrace Information: 0 : 31180, 7, 2022/10/10, 09:01:06.931, 2234106434752, vstest.console.dll, TestRunRequest:SendTestRunStatsChange: Completed.
TpTrace Verbose: 0 : 31180, 7, 2022/10/10, 09:01:06.931, 2234106435397, vstest.console.dll, MulticastDelegateUtilities.SafeInvoke: LengthPrefixCommunicationChannel: MessageReceived: Invoking callback 1/1 for Microsoft.VisualStudio.TestPlatform.CommunicationUtilities.TestRequestSender+<>c__DisplayClass30_0.<StartTestRun>b__1, took 21 ms.
TpTrace Verbose: 0 : 31180, 7, 2022/10/10, 09:01:06.931, 2234106436047, vstest.console.dll, TcpClientExtensions.MessageLoopAsync: Polling on remoteEndPoint: 127.0.0.1:50400 localEndPoint: 127.0.0.1:50398
TpTrace Verbose: 0 : 31180, 7, 2022/10/10, 09:01:07.106, 2234108182516, vstest.console.dll, TcpClientExtensions.MessageLoopAsync: NotifyDataAvailable remoteEndPoint: 127.0.0.1:50400 localEndPoint: 127.0.0.1:50398
TpTrace Verbose: 0 : 31180, 7, 2022/10/10, 09:01:07.106, 2234108183701, vstest.console.dll, TestRequestSender.OnExecutionMessageReceived: Received message: {"Version":5,"MessageType":"TestSession.Message","Payload":{"MessageLevel":0,"Message":"[xUnit.net 00:00:01.70]   Finished:    OrbitService_Test"}}
TpTrace Verbose: 0 : 31180, 7, 2022/10/10, 09:01:07.106, 2234108185284, vstest.console.dll, TestRunRequest:SendTestRunMessage: Starting.
TpTrace Verbose: 0 : 31180, 7, 2022/10/10, 09:01:07.106, 2234108185980, vstest.console.dll, MulticastDelegateUtilities.SafeInvoke: TestRun.LogMessages: Invoking callback 1/1 for Microsoft.VisualStudio.TestPlatform.CommandLine.TestRunResultAggregator.TestRunMessageHandler, took 0 ms.
TpTrace Verbose: 0 : 31180, 4, 2022/10/10, 09:01:07.106, 2234108186240, vstest.console.dll, MulticastDelegateUtilities.SafeInvoke: InternalTestLoggerEvents.SendTestRunMessage: Invoking callback 1/1 for Microsoft.VisualStudio.TestPlatform.CommandLine.Internal.ConsoleLogger.TestMessageHandler, took 0 ms.
TpTrace Information: 0 : 31180, 7, 2022/10/10, 09:01:07.106, 2234108186323, vstest.console.dll, TestRunRequest:SendTestRunMessage: Completed.
TpTrace Verbose: 0 : 31180, 7, 2022/10/10, 09:01:07.106, 2234108187386, vstest.console.dll, MulticastDelegateUtilities.SafeInvoke: LengthPrefixCommunicationChannel: MessageReceived: Invoking callback 1/1 for Microsoft.VisualStudio.TestPlatform.CommunicationUtilities.TestRequestSender+<>c__DisplayClass30_0.<StartTestRun>b__1, took 0 ms.
TpTrace Verbose: 0 : 31180, 7, 2022/10/10, 09:01:07.106, 2234108187684, vstest.console.dll, TcpClientExtensions.MessageLoopAsync: Polling on remoteEndPoint: 127.0.0.1:50400 localEndPoint: 127.0.0.1:50398
TpTrace Verbose: 0 : 31180, 7, 2022/10/10, 09:01:07.137, 2234108493036, vstest.console.dll, TcpClientExtensions.MessageLoopAsync: NotifyDataAvailable remoteEndPoint: 127.0.0.1:50400 localEndPoint: 127.0.0.1:50398
TpTrace Verbose: 0 : 31180, 7, 2022/10/10, 09:01:07.137, 2234108495252, vstest.console.dll, TestRequestSender.OnExecutionMessageReceived: Received message: {"Version":5,"MessageType":"TestExecution.Completed","Payload":{"TestRunCompleteArgs":{"TestRunStatistics":{"ExecutedTests":7,"Stats":{"Passed":7}},"IsCanceled":false,"IsAborted":false,"Error":null,"AttachmentSets":[],"ElapsedTimeInRunningTests":"00:00:01.7145851","Metrics":{}},"LastRunTests":{"NewTestResults":[{"TestCase":{"Id":"14730415-17fa-5337-949c-056258e66815","FullyQualifiedName":"OrbitService_Test.FiscalBrasil.services.InboundNFeRegister.FactoryInboundNFeRegisterTest.ShouldInboundNFeRegisterInput","DisplayName":"OrbitService_Test.FiscalBrasil.services.InboundNFeRegister.FactoryInboundNFeRegisterTest.ShouldInboundNFeRegisterInput","ExecutorUri":"executor://xunit/VsTestRunner2/netcoreapp","Source":"C:\\Users\\luisf\\Desktop\\Repositori B1 Dev\\OrbitService\\OrbitService\\test\\Inbound-NFe-Test\\bin\\Debug\\netcoreapp3.1\\fine-code-coverage\\build-output\\OrbitService_Test.dll","CodeFilePath":null,"LineNumber":0,"Properties":[]},"Attachments":[],"Outcome":1,"ErrorMessage":null,"ErrorStackTrace":null,"DisplayName":"OrbitService_Test.FiscalBrasil.services.InboundNFeRegister.FactoryInboundNFeRegisterTest.ShouldInboundNFeRegisterInput","Messages":[],"ComputerName":"DESKTOP-P1UVUT9","Duration":"00:00:00.0063872","StartTime":"2022-10-10T12:01:06.9592399+00:00","EndTime":"2022-10-10T12:01:06.9593487+00:00","Properties":[]},{"TestCase":{"Id":"31edf950-f053-3a04-c382-4b59cd0b033c","FullyQualifiedName":"OrbitService_Test.FiscalBrasil.mappers.MapperInboundNFeTeste.ShouldReturnListDetInboundNFe","DisplayName":"OrbitService_Test.FiscalBrasil.mappers.MapperInboundNFeTeste.ShouldReturnListDetInboundNFe","ExecutorUri":"executor://xunit/VsTestRunner2/netcoreapp","Source":"C:\\Users\\luisf\\Desktop\\Repositori B1 Dev\\OrbitService\\OrbitService\\test\\Inbound-NFe-Test\\bin\\Debug\\netcoreapp3.1\\fine-code-coverage\\build-output\\OrbitService_Test.dll","CodeFilePath":null,"LineNumber":0,"Properties":[]},"Attachments":[],"Outcome":1,"ErrorMessage":null,"ErrorStackTrace":null,"DisplayName":"OrbitService_Test.FiscalBrasil.mappers.MapperInboundNFeTeste.ShouldReturnListDetInboundNFe","Messages":[],"ComputerName":"DESKTOP-P1UVUT9","Duration":"00:00:00.0189188","StartTime":"2022-10-10T12:01:06.9821655+00:00","EndTime":"2022-10-10T12:01:06.9821674+00:00","Properties":[]},{"TestCase":{"Id":"80f0f5f7-ff09-1afe-c461-ef87a89d55cf","FullyQualifiedName":"OrbitService_Test.FiscalBrasil.mappers.MapperInboundNFeTeste.ShouldConvertInvoiceB1ToInboundNFeInput","DisplayName":"OrbitService_Test.FiscalBrasil.mappers.MapperInboundNFeTeste.ShouldConvertInvoiceB1ToInboundNFeInput","ExecutorUri":"executor://xunit/VsTestRunner2/netcoreapp","Source":"C:\\Users\\luisf\\Desktop\\Repositori B1 Dev\\OrbitService\\OrbitService\\test\\Inbound-NFe-Test\\bin\\Debug\\netcoreapp3.1\\fine-code-coverage\\build-output\\OrbitService_Test.dll","CodeFilePath":null,"LineNumber":0,"Properties":[]},"Attachments":[],"Outcome":1,"ErrorMessage":null,"ErrorStackTrace":null,"DisplayName":"OrbitService_Test.FiscalBrasil.mappers.MapperInboundNFeTeste.ShouldConvertInvoiceB1ToInboundNFeInput","Messages":[],"ComputerName":"DESKTOP-P1UVUT9","Duration":"00:00:00.1594614","StartTime":"2022-10-10T12:01:07.0721136+00:00","EndTime":"2022-10-10T12:01:07.0721176+00:00","Properties":[]},{"TestCase":{"Id":"c63d91d5-d023-f018-971f-30347b84fb7e","FullyQualifiedName":"OrbitService_Test.FiscalBrasil.services.InboundNFeRegister.InboundNFeRegisterServiceTest.ShouldRegisterAValidOtherDocumentRequest","DisplayName":"OrbitService_Test.FiscalBrasil.services.InboundNFeRegister.InboundNFeRegisterServiceTest.ShouldRegisterAValidOtherDocumentRequest","ExecutorUri":"executor://xunit/VsTestRunner2/netcoreapp","Source":"C:\\Users\\luisf\\Desktop\\Repositori B1 Dev\\OrbitService\\OrbitService\\test\\Inbound-NFe-Test\\bin\\Debug\\netcoreapp3.1\\fine-code-coverage\\build-output\\OrbitService_Test.dll","CodeFilePath":null,"LineNumber":0,"Properties":[]},"Attachments":[],"Outcome":1,"ErrorMessage":null,"ErrorStackTrace":null,"DisplayName":"OrbitService_Test.FiscalBrasil.services.InboundNFeRegister.InboundNFeRegisterServiceTest.ShouldRegisterAValidOtherDocumentRequest","Messages":[],"ComputerName":"DESKTOP-P1UVUT9","Duration":"00:00:00.1803186","StartTime":"2022-10-10T12:01:07.0738544+00:00","EndTime":"2022-10-10T12:01:07.0738558+00:00","Properties":[]},{"TestCase":{"Id":"87adee27-0e38-e98e-28ae-e11150e07f10","FullyQualifiedName":"OrbitService_Test.FiscalBrasil.usecases.InboundNFeRegisterUseCaseTest.ShouldRegisterInboundNFeRegisterWithErro","DisplayName":"OrbitService_Test.FiscalBrasil.usecases.InboundNFeRegisterUseCaseTest.ShouldRegisterInboundNFeRegisterWithErro","ExecutorUri":"executor://xunit/VsTestRunner2/netcoreapp","Source":"C:\\Users\\luisf\\Desktop\\Repositori B1 Dev\\OrbitService\\OrbitService\\test\\Inbound-NFe-Test\\bin\\Debug\\netcoreapp3.1\\fine-code-coverage\\build-output\\OrbitService_Test.dll","CodeFilePath":null,"LineNumber":0,"Properties":[]},"Attachments":[],"Outcome":1,"ErrorMessage":null,"ErrorStackTrace":null,"DisplayName":"OrbitService_Test.FiscalBrasil.usecases.InboundNFeRegisterUseCaseTest.ShouldRegisterInboundNFeRegisterWithErro","Messages":[],"ComputerName":"DESKTOP-P1UVUT9","Duration":"00:00:00.1958060","StartTime":"2022-10-10T12:01:07.0893868+00:00","EndTime":"2022-10-10T12:01:07.0893896+00:00","Properties":[]},{"TestCase":{"Id":"2749a9e9-3119-a585-79e5-08d9532341ff","FullyQualifiedName":"OrbitService_Test.FiscalBrasil.usecases.InboundNFeRegisterUseCaseTest.ShouldRegisterInboundNFeRegisterWithSuccessAndStatusOrbitErro","DisplayName":"OrbitService_Test.FiscalBrasil.usecases.InboundNFeRegisterUseCaseTest.ShouldRegisterInboundNFeRegisterWithSuccessAndStatusOrbitErro","ExecutorUri":"executor://xunit/VsTestRunner2/netcoreapp","Source":"C:\\Users\\luisf\\Desktop\\Repositori B1 Dev\\OrbitService\\OrbitService\\test\\Inbound-NFe-Test\\bin\\Debug\\netcoreapp3.1\\fine-code-coverage\\build-output\\OrbitService_Test.dll","CodeFilePath":null,"LineNumber":0,"Properties":[]},"Attachments":[],"Outcome":1,"ErrorMessage":null,"ErrorStackTrace":null,"DisplayName":"OrbitService_Test.FiscalBrasil.usecases.InboundNFeRegisterUseCaseTest.ShouldRegisterInboundNFeRegisterWithSuccessAndStatusOrbitErro","Messages":[],"ComputerName":"DESKTOP-P1UVUT9","Duration":"00:00:00.0095252","StartTime":"2022-10-10T12:01:07.0990548+00:00","EndTime":"2022-10-10T12:01:07.0990572+00:00","Properties":[]},{"TestCase":{"Id":"2dfa9317-5721-5967-115b-72e59d048c3b","FullyQualifiedName":"OrbitService_Test.FiscalBrasil.usecases.InboundNFeRegisterUseCaseTest.ShouldRegisterInboundNFeRegisterWithSuccessAndStatusOrbitSucesso","DisplayName":"OrbitService_Test.FiscalBrasil.usecases.InboundNFeRegisterUseCaseTest.ShouldRegisterInboundNFeRegisterWithSuccessAndStatusOrbitSucesso","ExecutorUri":"executor://xunit/VsTestRunner2/netcoreapp","Source":"C:\\Users\\luisf\\Desktop\\Repositori B1 Dev\\OrbitService\\OrbitService\\test\\Inbound-NFe-Test\\bin\\Debug\\netcoreapp3.1\\fine-code-coverage\\build-output\\OrbitService_Test.dll","CodeFilePath":null,"LineNumber":0,"Properties":[]},"Attachments":[],"Outcome":1,"ErrorMessage":null,"ErrorStackTrace":null,"DisplayName":"OrbitService_Test.FiscalBrasil.usecases.InboundNFeRegisterUseCaseTest.ShouldRegisterInboundNFeRegisterWithSuccessAndStatusOrbitSucesso","Messages":[],"ComputerName":"DESKTOP-P1UVUT9","Duration":"00:00:00.0037803","StartTime":"2022-10-10T12:01:07.1029423+00:00","EndTime":"2022-10-10T12:01:07.1029442+00:00","Properties":[]}],"TestRunStatistics":{"ExecutedTests":7,"Stats":{"Passed":7}},"ActiveTests":[]},"RunAttachments":[],"ExecutorUris":["executor://xunit/VsTestRunner2/netcoreapp"]}}
TpTrace Verbose: 0 : 31180, 7, 2022/10/10, 09:01:07.139, 2234108512071, vstest.console.dll, TestRequestSender.EndSession: Sending end session.
TpTrace Verbose: 0 : 31180, 7, 2022/10/10, 09:01:07.139, 2234108513905, vstest.console.dll, ProxyOperationManager.Close: waiting for test host to exit for 100 ms
TpTrace Warning: 0 : 31180, 13, 2022/10/10, 09:01:07.171, 2234108839929, vstest.console.dll, TestHostManagerCallbacks.ErrorReceivedCallback Test host standard error line: 
TpTrace Verbose: 0 : 31180, 13, 2022/10/10, 09:01:07.187, 2234109000183, vstest.console.dll, TestHostProvider.ExitCallBack: Host exited starting callback.
TpTrace Information: 0 : 31180, 13, 2022/10/10, 09:01:07.188, 2234109005619, vstest.console.dll, TestHostManagerCallbacks.ExitCallBack: Testhost processId: 23128 exited with exitcode: 0 error: ''
TpTrace Verbose: 0 : 31180, 13, 2022/10/10, 09:01:07.188, 2234109006235, vstest.console.dll, DotnetTestHostManager.OnHostExited: invoking OnHostExited callback
TpTrace Verbose: 0 : 31180, 13, 2022/10/10, 09:01:07.188, 2234109006929, vstest.console.dll, CrossPlatEngine.TestHostManagerHostExited: calling on client process exit callback.
TpTrace Information: 0 : 31180, 13, 2022/10/10, 09:01:07.188, 2234109007627, vstest.console.dll, TestRequestSender.OnClientProcessExit: Test host process exited. Standard error: 
TpTrace Information: 0 : 31180, 13, 2022/10/10, 09:01:07.188, 2234109008090, vstest.console.dll, SocketServer.Stop: Stop server endPoint: 127.0.0.1:50398
TpTrace Information: 0 : 31180, 7, 2022/10/10, 09:01:07.188, 2234109008232, vstest.console.dll, SocketServer.Stop: Stop server endPoint: 127.0.0.1:50398
TpTrace Information: 0 : 31180, 13, 2022/10/10, 09:01:07.188, 2234109008367, vstest.console.dll, SocketServer.Stop: Cancellation requested. Stopping message loop.
TpTrace Information: 0 : 31180, 7, 2022/10/10, 09:01:07.188, 2234109008926, vstest.console.dll, SocketServer.Stop: Cancellation requested. Stopping message loop.
TpTrace Information: 0 : 31180, 7, 2022/10/10, 09:01:07.188, 2234109010378, vstest.console.dll, Closing the connection
TpTrace Verbose: 0 : 31180, 13, 2022/10/10, 09:01:07.189, 2234109010832, vstest.console.dll, MulticastDelegateUtilities.SafeInvoke: HostProviderEvents.OnHostExited: Invoking callback 1/1 for Microsoft.VisualStudio.TestPlatform.CrossPlatEngine.Client.ProxyOperationManager.TestHostManagerHostExited, took 0 ms.
TpTrace Verbose: 0 : 31180, 7, 2022/10/10, 09:01:07.189, 2234109016061, vstest.console.dll, ProxyDataCollectionManager.InvokeDataCollectionServiceAction: Starting.
TpTrace Information: 0 : 31180, 7, 2022/10/10, 09:01:07.189, 2234109016624, vstest.console.dll, ProxyDataCollectionManager.AfterTestRunEnd: Get attachment set and invoked data collectors processId: 14624 port: 50395
TpTrace Verbose: 0 : 31180, 7, 2022/10/10, 09:01:07.189, 2234109017236, vstest.console.dll, DataCollectionRequestSender.SendAfterTestRunStartAndGetResult: Send AfterTestRunEnd message with isCancelled: False
TpTrace Verbose: 0 : 31180, 7, 2022/10/10, 09:01:07.198, 2234109108734, vstest.console.dll, DataCollectionRequestSender.SendAfterTestRunStartAndGetResult: Received message: (DataCollection.AfterTestRunEndResult) -> {
  "AttachmentSets": [],
  "InvokedDataCollectors": [
    {
      "Uri": "datacollector://Microsoft/TestPlatform/Extensions/Blame/v1",
      "FriendlyName": "Blame",
      "AssemblyQualifiedName": "Microsoft.TestPlatform.Extensions.BlameDataCollector.BlameCollector, Microsoft.TestPlatform.Extensions.BlameDataCollector, Version=15.0.0.0, Culture=neutral, PublicKeyToken=b03f5f7f11d50a3a",
      "FilePath": "c:\\program files\\dotnet\\sdk\\6.0.302\\Extensions\\Microsoft.TestPlatform.Extensions.BlameDataCollector.dll",
      "HasAttachmentProcessor": false
    }
  ],
  "Metrics": {}
}
TpTrace Warning: 0 : 31180, 10, 2022/10/10, 09:01:07.204, 2234109162065, vstest.console.dll, DataCollectionLauncher.ErrorReceivedCallback datacollector standard error line: 
TpTrace Information: 0 : 31180, 7, 2022/10/10, 09:01:07.207, 2234109197981, vstest.console.dll, ProxyDataCollectionManager.InvokeDataCollectionServiceAction: Completed.
TpTrace Information: 0 : 31180, 10, 2022/10/10, 09:01:07.210, 2234109222368, vstest.console.dll, DataCollectionLauncher.ExitCallBack: Data collector exited with exitcode: 0 error: ''
TpTrace Verbose: 0 : 31180, 7, 2022/10/10, 09:01:07.260, 2234109727235, vstest.console.dll, TestRunRequest:SendTestRunStatsChange: Starting.
TpTrace Verbose: 0 : 31180, 7, 2022/10/10, 09:01:07.260, 2234109729302, vstest.console.dll, MulticastDelegateUtilities.SafeInvoke: TestRun.RunStatsChanged: Invoking callbacks was skipped because there are no subscribers.
TpTrace Information: 0 : 31180, 7, 2022/10/10, 09:01:07.260, 2234109729734, vstest.console.dll, TestRunRequest:SendTestRunStatsChange: Completed.
TpTrace Verbose: 0 : 31180, 7, 2022/10/10, 09:01:07.261, 2234109732383, vstest.console.dll, ParallelProxyExecutionManager: HandlePartialRunComplete: Total completed clients = 1, Run complete = True, Run canceled: False.
TpTrace Verbose: 0 : 31180, 4, 2022/10/10, 09:01:07.263, 2234109757293, vstest.console.dll, MulticastDelegateUtilities.SafeInvoke: InternalTestLoggerEvents.SendTestResult: Invoking callback 1/1 for Microsoft.VisualStudio.TestPlatform.CommandLine.Internal.ConsoleLogger.TestResultHandler, took 2 ms.
TpTrace Verbose: 0 : 31180, 4, 2022/10/10, 09:01:07.263, 2234109758408, vstest.console.dll, MulticastDelegateUtilities.SafeInvoke: InternalTestLoggerEvents.SendTestResult: Invoking callback 1/1 for Microsoft.VisualStudio.TestPlatform.CommandLine.Internal.ConsoleLogger.TestResultHandler, took 0 ms.
TpTrace Verbose: 0 : 31180, 4, 2022/10/10, 09:01:07.263, 2234109759135, vstest.console.dll, MulticastDelegateUtilities.SafeInvoke: InternalTestLoggerEvents.SendTestResult: Invoking callback 1/1 for Microsoft.VisualStudio.TestPlatform.CommandLine.Internal.ConsoleLogger.TestResultHandler, took 0 ms.
TpTrace Verbose: 0 : 31180, 4, 2022/10/10, 09:01:07.266, 2234109782474, vstest.console.dll, MulticastDelegateUtilities.SafeInvoke: InternalTestLoggerEvents.SendTestResult: Invoking callback 1/1 for Microsoft.VisualStudio.TestPlatform.CommandLine.Internal.ConsoleLogger.TestResultHandler, took 2 ms.
TpTrace Verbose: 0 : 31180, 4, 2022/10/10, 09:01:07.266, 2234109783334, vstest.console.dll, MulticastDelegateUtilities.SafeInvoke: InternalTestLoggerEvents.SendTestResult: Invoking callback 1/1 for Microsoft.VisualStudio.TestPlatform.CommandLine.Internal.ConsoleLogger.TestResultHandler, took 0 ms.
TpTrace Verbose: 0 : 31180, 4, 2022/10/10, 09:01:07.266, 2234109783978, vstest.console.dll, MulticastDelegateUtilities.SafeInvoke: InternalTestLoggerEvents.SendTestResult: Invoking callback 1/1 for Microsoft.VisualStudio.TestPlatform.CommandLine.Internal.ConsoleLogger.TestResultHandler, took 0 ms.
TpTrace Verbose: 0 : 31180, 4, 2022/10/10, 09:01:07.266, 2234109784482, vstest.console.dll, MulticastDelegateUtilities.SafeInvoke: InternalTestLoggerEvents.SendTestResult: Invoking callback 1/1 for Microsoft.VisualStudio.TestPlatform.CommandLine.Internal.ConsoleLogger.TestResultHandler, took 0 ms.
TpTrace Verbose: 0 : 31180, 4, 2022/10/10, 09:01:07.272, 2234109848409, vstest.console.dll, MulticastDelegateUtilities.SafeInvoke: InternalTestLoggerEvents.SendTestRunComplete: Invoking callback 1/2 for Microsoft.TestPlatform.Extensions.BlameDataCollector.BlameLogger.TestRunCompleteHandler, took 0 ms.
TpTrace Verbose: 0 : 31180, 4, 2022/10/10, 09:01:07.279, 2234109914468, vstest.console.dll, MulticastDelegateUtilities.SafeInvoke: InternalTestLoggerEvents.SendTestRunComplete: Invoking callback 2/2 for Microsoft.VisualStudio.TestPlatform.CommandLine.Internal.ConsoleLogger.TestRunCompleteHandler, took 6 ms.
TpTrace Verbose: 0 : 31180, 7, 2022/10/10, 09:01:07.279, 2234109917051, vstest.console.dll, TestRunRequest:TestRunComplete: Starting. IsAborted:False IsCanceled:False.
TpTrace Verbose: 0 : 31180, 7, 2022/10/10, 09:01:07.280, 2234109924784, vstest.console.dll, TestLoggerManager.HandleTestRunComplete: Ignoring as the object is disposed.
TpTrace Verbose: 0 : 31180, 7, 2022/10/10, 09:01:07.280, 2234109926917, vstest.console.dll, MulticastDelegateUtilities.SafeInvoke: TestRun.TestRunComplete: Invoking callback 1/2 for Microsoft.VisualStudio.TestPlatform.CommandLine.TestRunResultAggregator.TestRunCompletionHandler, took 0 ms.
TpTrace Verbose: 0 : 31180, 7, 2022/10/10, 09:01:07.280, 2234109927900, vstest.console.dll, MulticastDelegateUtilities.SafeInvoke: TestRun.TestRunComplete: Invoking callback 2/2 for Microsoft.VisualStudio.TestPlatform.CommandLine.Processors.RunTestsArgumentExecutor+TestRunRequestEventsRegistrar.TestRunRequest_OnRunCompletion, took 0 ms.
TpTrace Information: 0 : 31180, 7, 2022/10/10, 09:01:07.280, 2234109929075, vstest.console.dll, TestRunRequest:TestRunComplete: Completed.
TpTrace Verbose: 0 : 31180, 7, 2022/10/10, 09:01:07.280, 2234109929522, vstest.console.dll, TestRequestSender.SetOperationComplete: Setting operation complete.
TpTrace Verbose: 0 : 31180, 1, 2022/10/10, 09:01:07.280, 2234109929550, vstest.console.dll, TestRunRequest.Dispose: Starting.
TpTrace Information: 0 : 31180, 7, 2022/10/10, 09:01:07.280, 2234109929820, vstest.console.dll, SocketServer.Stop: Stop server endPoint: 127.0.0.1:50398
TpTrace Information: 0 : 31180, 1, 2022/10/10, 09:01:07.280, 2234109930527, vstest.console.dll, TestRunRequest.Dispose: Completed.
TpTrace Information: 0 : 31180, 7, 2022/10/10, 09:01:07.281, 2234109931048, vstest.console.dll, SocketServer.Stop: Cancellation requested. Stopping message loop.
TpTrace Information: 0 : 31180, 1, 2022/10/10, 09:01:07.281, 2234109931180, vstest.console.dll, TestRequestManager.RunTests: run tests completed.
TpTrace Verbose: 0 : 31180, 7, 2022/10/10, 09:01:07.281, 2234109931496, vstest.console.dll, MulticastDelegateUtilities.SafeInvoke: LengthPrefixCommunicationChannel: MessageReceived: Invoking callback 1/1 for Microsoft.VisualStudio.TestPlatform.CommunicationUtilities.TestRequestSender+<>c__DisplayClass30_0.<StartTestRun>b__1, took 143 ms.
TpTrace Information: 0 : 31180, 1, 2022/10/10, 09:01:07.281, 2234109932592, vstest.console.dll, RunTestsArgumentProcessor:Execute: Test run is completed.
TpTrace Information: 0 : 31180, 7, 2022/10/10, 09:01:07.281, 2234109932699, vstest.console.dll, SocketServer.PrivateStop: Stopping server endPoint: 127.0.0.1:50398 error: 
TpTrace Verbose: 0 : 31180, 1, 2022/10/10, 09:01:07.281, 2234109934683, vstest.console.dll, Executor.Execute: Exiting with exit code of 0
TpTrace Verbose: 0 : 31180, 7, 2022/10/10, 09:01:07.281, 2234109938213, vstest.console.dll, LengthPrefixCommunicationChannel.Dispose: Dispose reader and writer.
TpTrace Information: 0 : 31180, 7, 2022/10/10, 09:01:07.281, 2234109939039, vstest.console.dll, SocketServer.Stop: Raise disconnected event endPoint: 127.0.0.1:50398 error: 
TpTrace Verbose: 0 : 31180, 7, 2022/10/10, 09:01:07.281, 2234109939656, vstest.console.dll, TestRequestSender: OnTestRunAbort: Operation is already complete. Skip error message.
TpTrace Verbose: 0 : 31180, 7, 2022/10/10, 09:01:07.281, 2234109940164, vstest.console.dll, MulticastDelegateUtilities.SafeInvoke: SocketServer: ClientDisconnected: Invoking callback 1/1 for Microsoft.VisualStudio.TestPlatform.CommunicationUtilities.TestRequestSender.<InitializeCommunication>b__23_1, took 0 ms.
TpTrace Verbose: 0 : 31180, 7, 2022/10/10, 09:01:07.281, 2234109940458, vstest.console.dll, TcpClientExtensions.MessageLoopAsync: exiting MessageLoopAsync remoteEndPoint: 127.0.0.1:50400 localEndPoint: 127.0.0.1:50398
