TpTrace Verbose: 0 : 34692, 1, 2022/10/11, 11:48:40.741, 3198783644120, vstest.console.dll, Version: 17.2.0-release-20220408-11 Current process architecture: X64
TpTrace Information: 0 : 34692, 1, 2022/10/11, 11:48:40.752, 3198783748300, vstest.console.dll, FilePatternParser: The given file C:\Users\luisf\Desktop\Repositori B1 Dev\OrbitService\OrbitService\test\Cancel-NFSe-Test\bin\Debug\netcoreapp3.1\fine-code-coverage\build-output\OrbitService_Test_Cancel_NFSe.dll is a full path.
TpTrace Verbose: 0 : 34692, 1, 2022/10/11, 11:48:40.760, 3198783827830, vstest.console.dll, TestPluginCache.DiscoverTestExtensions: finding test extensions in assemblies ends with: RuntimeProvider.dll TPluginInfo: Microsoft.VisualStudio.TestPlatform.Common.ExtensionFramework.Utilities.TestRuntimePluginInformation TExtension: Microsoft.VisualStudio.TestPlatform.ObjectModel.Host.ITestRuntimeProvider
TpTrace Verbose: 0 : 34692, 1, 2022/10/11, 11:48:40.760, 3198783833570, vstest.console.dll, TestPluginCache.GetExtensionPaths: Filtered extension paths: 
TpTrace Verbose: 0 : 34692, 1, 2022/10/11, 11:48:40.760, 3198783835042, vstest.console.dll, TestPluginCache.GetExtensionPaths: Added default extension paths: c:\program files\dotnet\sdk\6.0.302\Extensions\DumpMinitool.exe
c:\program files\dotnet\sdk\6.0.302\Extensions\DumpMinitool.x86.exe
c:\program files\dotnet\sdk\6.0.302\Extensions\Microsoft.Diagnostics.NETCore.Client.dll
c:\program files\dotnet\sdk\6.0.302\Extensions\Microsoft.TestPlatform.Extensions.BlameDataCollector.dll
c:\program files\dotnet\sdk\6.0.302\Extensions\Microsoft.TestPlatform.Extensions.EventLogCollector.dll
c:\program files\dotnet\sdk\6.0.302\Extensions\Microsoft.TestPlatform.TestHostRuntimeProvider.dll
c:\program files\dotnet\sdk\6.0.302\Extensions\Microsoft.VisualStudio.TestPlatform.Extensions.Html.TestLogger.dll
c:\program files\dotnet\sdk\6.0.302\Extensions\Microsoft.VisualStudio.TestPlatform.Extensions.Trx.TestLogger.dll
TpTrace Verbose: 0 : 34692, 1, 2022/10/11, 11:48:40.760, 3198783835782, vstest.console.dll, TestPluginCache.GetExtensionPaths: Added unfilterableExtensionPaths: 
TpTrace Information: 0 : 34692, 1, 2022/10/11, 11:48:40.761, 3198783843710, vstest.console.dll, AssemblyResolver.ctor: Creating AssemblyResolver with searchDirectories c:\program files\dotnet\sdk\6.0.302\Extensions,c:\program files\dotnet\sdk\6.0.302
TpTrace Verbose: 0 : 34692, 1, 2022/10/11, 11:48:40.762, 3198783856610, vstest.console.dll, TestPluginCache.DiscoverTestExtensions: Discovering the extensions using extension path.
TpTrace Verbose: 0 : 34692, 1, 2022/10/11, 11:48:40.763, 3198783857962, vstest.console.dll, TestPluginCache.GetExtensionPaths: Filtered extension paths: 
TpTrace Verbose: 0 : 34692, 1, 2022/10/11, 11:48:40.763, 3198783858606, vstest.console.dll, TestPluginCache.GetExtensionPaths: Added default extension paths: c:\program files\dotnet\sdk\6.0.302\Extensions\DumpMinitool.exe
c:\program files\dotnet\sdk\6.0.302\Extensions\DumpMinitool.x86.exe
c:\program files\dotnet\sdk\6.0.302\Extensions\Microsoft.Diagnostics.NETCore.Client.dll
c:\program files\dotnet\sdk\6.0.302\Extensions\Microsoft.TestPlatform.Extensions.BlameDataCollector.dll
c:\program files\dotnet\sdk\6.0.302\Extensions\Microsoft.TestPlatform.Extensions.EventLogCollector.dll
c:\program files\dotnet\sdk\6.0.302\Extensions\Microsoft.TestPlatform.TestHostRuntimeProvider.dll
c:\program files\dotnet\sdk\6.0.302\Extensions\Microsoft.VisualStudio.TestPlatform.Extensions.Html.TestLogger.dll
c:\program files\dotnet\sdk\6.0.302\Extensions\Microsoft.VisualStudio.TestPlatform.Extensions.Trx.TestLogger.dll
TpTrace Verbose: 0 : 34692, 1, 2022/10/11, 11:48:40.763, 3198783859167, vstest.console.dll, TestPluginCache.GetExtensionPaths: Added unfilterableExtensionPaths: 
TpTrace Verbose: 0 : 34692, 1, 2022/10/11, 11:48:40.763, 3198783860023, vstest.console.dll, TestPluginCache.DiscoverTestExtensions: Discovering the extensions using allExtensionPaths: c:\program files\dotnet\sdk\6.0.302\Extensions\DumpMinitool.exe
c:\program files\dotnet\sdk\6.0.302\Extensions\DumpMinitool.x86.exe
c:\program files\dotnet\sdk\6.0.302\Extensions\Microsoft.Diagnostics.NETCore.Client.dll
c:\program files\dotnet\sdk\6.0.302\Extensions\Microsoft.TestPlatform.Extensions.BlameDataCollector.dll
c:\program files\dotnet\sdk\6.0.302\Extensions\Microsoft.TestPlatform.Extensions.EventLogCollector.dll
c:\program files\dotnet\sdk\6.0.302\Extensions\Microsoft.TestPlatform.TestHostRuntimeProvider.dll
c:\program files\dotnet\sdk\6.0.302\Extensions\Microsoft.VisualStudio.TestPlatform.Extensions.Html.TestLogger.dll
c:\program files\dotnet\sdk\6.0.302\Extensions\Microsoft.VisualStudio.TestPlatform.Extensions.Trx.TestLogger.dll
TpTrace Information: 0 : 34692, 1, 2022/10/11, 11:48:40.763, 3198783861928, vstest.console.dll, AssemblyResolver.AddSearchDirectories: Adding more searchDirectories c:\program files\dotnet\sdk\6.0.302\Extensions,c:\program files\dotnet\sdk\6.0.302
TpTrace Information: 0 : 34692, 1, 2022/10/11, 11:48:40.763, 3198783862753, vstest.console.dll, AssemblyResolver.AddSearchDirectories: Adding more searchDirectories c:\program files\dotnet\sdk\6.0.302\Extensions,c:\program files\dotnet\sdk\6.0.302
TpTrace Information: 0 : 34692, 1, 2022/10/11, 11:48:40.763, 3198783863304, vstest.console.dll, AssemblyResolver.AddSearchDirectories: Adding more searchDirectories c:\program files\dotnet\sdk\6.0.302\Extensions,c:\program files\dotnet\sdk\6.0.302
TpTrace Information: 0 : 34692, 1, 2022/10/11, 11:48:40.763, 3198783863951, vstest.console.dll, AssemblyResolver.AddSearchDirectories: Adding more searchDirectories c:\program files\dotnet\sdk\6.0.302\Extensions,c:\program files\dotnet\sdk\6.0.302
TpTrace Information: 0 : 34692, 1, 2022/10/11, 11:48:40.763, 3198783864356, vstest.console.dll, AssemblyResolver.AddSearchDirectories: Adding more searchDirectories c:\program files\dotnet\sdk\6.0.302\Extensions,c:\program files\dotnet\sdk\6.0.302
TpTrace Information: 0 : 34692, 1, 2022/10/11, 11:48:40.763, 3198783864833, vstest.console.dll, AssemblyResolver.AddSearchDirectories: Adding more searchDirectories c:\program files\dotnet\sdk\6.0.302\Extensions,c:\program files\dotnet\sdk\6.0.302
TpTrace Information: 0 : 34692, 1, 2022/10/11, 11:48:40.763, 3198783865237, vstest.console.dll, AssemblyResolver.AddSearchDirectories: Adding more searchDirectories c:\program files\dotnet\sdk\6.0.302\Extensions,c:\program files\dotnet\sdk\6.0.302
TpTrace Information: 0 : 34692, 1, 2022/10/11, 11:48:40.763, 3198783865628, vstest.console.dll, AssemblyResolver.AddSearchDirectories: Adding more searchDirectories c:\program files\dotnet\sdk\6.0.302\Extensions,c:\program files\dotnet\sdk\6.0.302
TpTrace Information: 0 : 34692, 1, 2022/10/11, 11:48:40.764, 3198783870588, vstest.console.dll, AssemblyResolver.OnResolve: DumpMinitool: Resolving assembly.
TpTrace Information: 0 : 34692, 1, 2022/10/11, 11:48:40.764, 3198783871573, vstest.console.dll, AssemblyResolver.OnResolve: DumpMinitool: Searching in: 'c:\program files\dotnet\sdk\6.0.302\Extensions'.
TpTrace Information: 0 : 34692, 1, 2022/10/11, 11:48:40.764, 3198783872946, vstest.console.dll, AssemblyResolver.OnResolve: DumpMinitool: Assembly path does not exist: 'c:\program files\dotnet\sdk\6.0.302\Extensions\DumpMinitool.dll', returning.
TpTrace Information: 0 : 34692, 1, 2022/10/11, 11:48:40.765, 3198783878889, vstest.console.dll, AssemblyResolver.OnResolve: DumpMinitool: Loading assembly 'c:\program files\dotnet\sdk\6.0.302\Extensions\DumpMinitool.exe'.
TpTrace Information: 0 : 34692, 1, 2022/10/11, 11:48:40.766, 3198783888780, vstest.console.dll, AssemblyResolver.OnResolve: Resolved assembly: DumpMinitool, from path: c:\program files\dotnet\sdk\6.0.302\Extensions\DumpMinitool.exe
TpTrace Verbose: 0 : 34692, 1, 2022/10/11, 11:48:40.772, 3198783953016, vstest.console.dll, MetadataReaderExtensionsHelper: Discovering extensions inside assembly 'DumpMinitool, Version=15.0.0.0, Culture=neutral, PublicKeyToken=b03f5f7f11d50a3a' file path 'c:\program files\dotnet\sdk\6.0.302\Extensions\DumpMinitool.exe'
TpTrace Information: 0 : 34692, 1, 2022/10/11, 11:48:40.781, 3198784044770, vstest.console.dll, AssemblyResolver.OnResolve: DumpMinitool.x86: Resolving assembly.
TpTrace Information: 0 : 34692, 1, 2022/10/11, 11:48:40.781, 3198784046347, vstest.console.dll, AssemblyResolver.OnResolve: DumpMinitool.x86: Searching in: 'c:\program files\dotnet\sdk\6.0.302\Extensions'.
TpTrace Information: 0 : 34692, 1, 2022/10/11, 11:48:40.782, 3198784047966, vstest.console.dll, AssemblyResolver.OnResolve: DumpMinitool.x86: Assembly path does not exist: 'c:\program files\dotnet\sdk\6.0.302\Extensions\DumpMinitool.x86.dll', returning.
TpTrace Information: 0 : 34692, 1, 2022/10/11, 11:48:40.782, 3198784053754, vstest.console.dll, AssemblyResolver.OnResolve: DumpMinitool.x86: Loading assembly 'c:\program files\dotnet\sdk\6.0.302\Extensions\DumpMinitool.x86.exe'.
TpTrace Information: 0 : 34692, 1, 2022/10/11, 11:48:40.783, 3198784063330, vstest.console.dll, AssemblyResolver.OnResolve: Resolved assembly: DumpMinitool.x86, from path: c:\program files\dotnet\sdk\6.0.302\Extensions\DumpMinitool.x86.exe
TpTrace Verbose: 0 : 34692, 1, 2022/10/11, 11:48:40.783, 3198784064249, vstest.console.dll, MetadataReaderExtensionsHelper: Discovering extensions inside assembly 'DumpMinitool.x86, Version=15.0.0.0, Culture=neutral, PublicKeyToken=b03f5f7f11d50a3a' file path 'c:\program files\dotnet\sdk\6.0.302\Extensions\DumpMinitool.x86.exe'
TpTrace Information: 0 : 34692, 1, 2022/10/11, 11:48:40.784, 3198784073013, vstest.console.dll, AssemblyResolver.OnResolve: Microsoft.Diagnostics.NETCore.Client: Resolving assembly.
TpTrace Information: 0 : 34692, 1, 2022/10/11, 11:48:40.784, 3198784073820, vstest.console.dll, AssemblyResolver.OnResolve: Microsoft.Diagnostics.NETCore.Client: Searching in: 'c:\program files\dotnet\sdk\6.0.302\Extensions'.
TpTrace Information: 0 : 34692, 1, 2022/10/11, 11:48:40.785, 3198784078392, vstest.console.dll, AssemblyResolver.OnResolve: Microsoft.Diagnostics.NETCore.Client: Loading assembly 'c:\program files\dotnet\sdk\6.0.302\Extensions\Microsoft.Diagnostics.NETCore.Client.dll'.
TpTrace Information: 0 : 34692, 1, 2022/10/11, 11:48:40.786, 3198784088883, vstest.console.dll, AssemblyResolver.OnResolve: Resolved assembly: Microsoft.Diagnostics.NETCore.Client, from path: c:\program files\dotnet\sdk\6.0.302\Extensions\Microsoft.Diagnostics.NETCore.Client.dll
TpTrace Verbose: 0 : 34692, 1, 2022/10/11, 11:48:40.786, 3198784089746, vstest.console.dll, MetadataReaderExtensionsHelper: Discovering extensions inside assembly 'Microsoft.Diagnostics.NETCore.Client, Version=0.2.5.801, Culture=neutral, PublicKeyToken=31bf3856ad364e35' file path 'c:\program files\dotnet\sdk\6.0.302\Extensions\Microsoft.Diagnostics.NETCore.Client.dll'
TpTrace Information: 0 : 34692, 1, 2022/10/11, 11:48:40.794, 3198784171643, vstest.console.dll, AssemblyResolver.OnResolve: Microsoft.Bcl.AsyncInterfaces: Resolving assembly.
TpTrace Information: 0 : 34692, 1, 2022/10/11, 11:48:40.794, 3198784172454, vstest.console.dll, AssemblyResolver.OnResolve: Microsoft.Bcl.AsyncInterfaces: Searching in: 'c:\program files\dotnet\sdk\6.0.302\Extensions'.
TpTrace Information: 0 : 34692, 1, 2022/10/11, 11:48:40.794, 3198784173604, vstest.console.dll, AssemblyResolver.OnResolve: Microsoft.Bcl.AsyncInterfaces: Assembly path does not exist: 'c:\program files\dotnet\sdk\6.0.302\Extensions\Microsoft.Bcl.AsyncInterfaces.dll', returning.
TpTrace Information: 0 : 34692, 1, 2022/10/11, 11:48:40.794, 3198784174617, vstest.console.dll, AssemblyResolver.OnResolve: Microsoft.Bcl.AsyncInterfaces: Assembly path does not exist: 'c:\program files\dotnet\sdk\6.0.302\Extensions\Microsoft.Bcl.AsyncInterfaces.exe', returning.
TpTrace Information: 0 : 34692, 1, 2022/10/11, 11:48:40.794, 3198784175071, vstest.console.dll, AssemblyResolver.OnResolve: Microsoft.Bcl.AsyncInterfaces: Searching in: 'c:\program files\dotnet\sdk\6.0.302'.
TpTrace Information: 0 : 34692, 1, 2022/10/11, 11:48:40.794, 3198784175904, vstest.console.dll, AssemblyResolver.OnResolve: Microsoft.Bcl.AsyncInterfaces: Assembly path does not exist: 'c:\program files\dotnet\sdk\6.0.302\Microsoft.Bcl.AsyncInterfaces.dll', returning.
TpTrace Information: 0 : 34692, 1, 2022/10/11, 11:48:40.795, 3198784176809, vstest.console.dll, AssemblyResolver.OnResolve: Microsoft.Bcl.AsyncInterfaces: Assembly path does not exist: 'c:\program files\dotnet\sdk\6.0.302\Microsoft.Bcl.AsyncInterfaces.exe', returning.
TpTrace Information: 0 : 34692, 1, 2022/10/11, 11:48:40.795, 3198784177343, vstest.console.dll, AssemblyResolver.OnResolve: Microsoft.Bcl.AsyncInterfaces: Failed to load assembly.
TpTrace Verbose: 0 : 34692, 1, 2022/10/11, 11:48:40.795, 3198784177857, vstest.console.dll, CurrentDomainAssemblyResolve: Resolving assembly 'Microsoft.Bcl.AsyncInterfaces'.
TpTrace Information: 0 : 34692, 1, 2022/10/11, 11:48:40.795, 3198784178803, vstest.console.dll, AssemblyResolver.OnResolve: Microsoft.Bcl.AsyncInterfaces: Resolving assembly.
TpTrace Information: 0 : 34692, 1, 2022/10/11, 11:48:40.795, 3198784179376, vstest.console.dll, AssemblyResolver.OnResolve: Microsoft.Bcl.AsyncInterfaces: Resolved from cache.
TpTrace Verbose: 0 : 34692, 1, 2022/10/11, 11:48:40.795, 3198784179821, vstest.console.dll, CurrentDomainAssemblyResolve: Resolving assembly 'Microsoft.Bcl.AsyncInterfaces'.
TpTrace Verbose: 0 : 34692, 1, 2022/10/11, 11:48:40.795, 3198784180386, vstest.console.dll, CurrentDomainAssemblyResolve: Failed to resolve assembly 'Microsoft.Bcl.AsyncInterfaces'.
TpTrace Verbose: 0 : 34692, 1, 2022/10/11, 11:48:40.795, 3198784185494, vstest.console.dll, CurrentDomainAssemblyResolve: Failed to resolve assembly 'Microsoft.Bcl.AsyncInterfaces'.
TpTrace Warning: 0 : 34692, 1, 2022/10/11, 11:48:40.809, 3198784326357, vstest.console.dll, TestPluginDiscoverer: Failed to get types from assembly 'Microsoft.Diagnostics.NETCore.Client, Version=0.2.5.801, Culture=neutral, PublicKeyToken=31bf3856ad364e35'. Error: System.Reflection.ReflectionTypeLoadException: Unable to load one or more of the requested types.
Could not load file or assembly 'Microsoft.Bcl.AsyncInterfaces, Version=1.0.0.0, Culture=neutral, PublicKeyToken=cc7b13ffcd2ddd51'. O sistema não pode encontrar o arquivo especificado.
   at System.Reflection.RuntimeModule.GetTypes(RuntimeModule module)
   at System.Reflection.Assembly.GetTypes()
   at Microsoft.VisualStudio.TestPlatform.Common.ExtensionFramework.TestPluginDiscoverer.GetTestExtensionsFromAssembly[TPluginInfo,TExtension](Assembly assembly, Dictionary`2 pluginInfos, String filePath)
System.IO.FileNotFoundException: Could not load file or assembly 'Microsoft.Bcl.AsyncInterfaces, Version=1.0.0.0, Culture=neutral, PublicKeyToken=cc7b13ffcd2ddd51'. O sistema não pode encontrar o arquivo especificado.
File name: 'Microsoft.Bcl.AsyncInterfaces, Version=1.0.0.0, Culture=neutral, PublicKeyToken=cc7b13ffcd2ddd51'
 ---> System.IO.FileNotFoundException: Could not load file or assembly 'Microsoft.Bcl.AsyncInterfaces, Culture=neutral, PublicKeyToken=null'. O sistema não pode encontrar o arquivo especificado.
File name: 'Microsoft.Bcl.AsyncInterfaces, Culture=neutral, PublicKeyToken=null'
   at System.Reflection.RuntimeAssembly.InternalLoad(ObjectHandleOnStack assemblyName, ObjectHandleOnStack requestingAssembly, StackCrawlMarkHandle stackMark, Boolean throwOnFileNotFound, ObjectHandleOnStack assemblyLoadContext, ObjectHandleOnStack retAssembly)
   at System.Reflection.RuntimeAssembly.InternalLoad(AssemblyName assemblyName, RuntimeAssembly requestingAssembly, StackCrawlMark& stackMark, Boolean throwOnFileNotFound, AssemblyLoadContext assemblyLoadContext)
   at System.Reflection.Assembly.Load(AssemblyName assemblyRef)
   at Microsoft.VisualStudio.TestPlatform.Common.ExtensionFramework.TestPluginCache.CurrentDomainAssemblyResolve(Object sender, AssemblyResolveEventArgs args)
   at Microsoft.VisualStudio.TestPlatform.PlatformAbstractions.PlatformAssemblyResolver.AssemblyResolverEvent(Object sender, Object eventArgs)
   at System.Runtime.Loader.AssemblyLoadContext.GetFirstResolvedAssemblyFromResolvingEvent(AssemblyName assemblyName)
   at System.Runtime.Loader.AssemblyLoadContext.ResolveUsingEvent(AssemblyName assemblyName)
   at System.Runtime.Loader.AssemblyLoadContext.ResolveUsingResolvingEvent(IntPtr gchManagedAssemblyLoadContext, AssemblyName assemblyName)
TpTrace Warning: 0 : 34692, 1, 2022/10/11, 11:48:40.810, 3198784330512, vstest.console.dll, LoaderExceptions: System.IO.FileNotFoundException: Could not load file or assembly 'Microsoft.Bcl.AsyncInterfaces, Version=1.0.0.0, Culture=neutral, PublicKeyToken=cc7b13ffcd2ddd51'. O sistema não pode encontrar o arquivo especificado.
File name: 'Microsoft.Bcl.AsyncInterfaces, Version=1.0.0.0, Culture=neutral, PublicKeyToken=cc7b13ffcd2ddd51'
 ---> System.IO.FileNotFoundException: Could not load file or assembly 'Microsoft.Bcl.AsyncInterfaces, Culture=neutral, PublicKeyToken=null'. O sistema não pode encontrar o arquivo especificado.
File name: 'Microsoft.Bcl.AsyncInterfaces, Culture=neutral, PublicKeyToken=null'
   at System.Reflection.RuntimeAssembly.InternalLoad(ObjectHandleOnStack assemblyName, ObjectHandleOnStack requestingAssembly, StackCrawlMarkHandle stackMark, Boolean throwOnFileNotFound, ObjectHandleOnStack assemblyLoadContext, ObjectHandleOnStack retAssembly)
   at System.Reflection.RuntimeAssembly.InternalLoad(AssemblyName assemblyName, RuntimeAssembly requestingAssembly, StackCrawlMark& stackMark, Boolean throwOnFileNotFound, AssemblyLoadContext assemblyLoadContext)
   at System.Reflection.Assembly.Load(AssemblyName assemblyRef)
   at Microsoft.VisualStudio.TestPlatform.Common.ExtensionFramework.TestPluginCache.CurrentDomainAssemblyResolve(Object sender, AssemblyResolveEventArgs args)
   at Microsoft.VisualStudio.TestPlatform.PlatformAbstractions.PlatformAssemblyResolver.AssemblyResolverEvent(Object sender, Object eventArgs)
   at System.Runtime.Loader.AssemblyLoadContext.GetFirstResolvedAssemblyFromResolvingEvent(AssemblyName assemblyName)
   at System.Runtime.Loader.AssemblyLoadContext.ResolveUsingEvent(AssemblyName assemblyName)
   at System.Runtime.Loader.AssemblyLoadContext.ResolveUsingResolvingEvent(IntPtr gchManagedAssemblyLoadContext, AssemblyName assemblyName)
TpTrace Information: 0 : 34692, 1, 2022/10/11, 11:48:40.810, 3198784332052, vstest.console.dll, AssemblyResolver.OnResolve: Microsoft.TestPlatform.Extensions.BlameDataCollector: Resolving assembly.
TpTrace Information: 0 : 34692, 1, 2022/10/11, 11:48:40.810, 3198784332742, vstest.console.dll, AssemblyResolver.OnResolve: Microsoft.TestPlatform.Extensions.BlameDataCollector: Searching in: 'c:\program files\dotnet\sdk\6.0.302\Extensions'.
TpTrace Information: 0 : 34692, 1, 2022/10/11, 11:48:40.811, 3198784338025, vstest.console.dll, AssemblyResolver.OnResolve: Microsoft.TestPlatform.Extensions.BlameDataCollector: Loading assembly 'c:\program files\dotnet\sdk\6.0.302\Extensions\Microsoft.TestPlatform.Extensions.BlameDataCollector.dll'.
TpTrace Information: 0 : 34692, 1, 2022/10/11, 11:48:40.812, 3198784348188, vstest.console.dll, AssemblyResolver.OnResolve: Resolved assembly: Microsoft.TestPlatform.Extensions.BlameDataCollector, from path: c:\program files\dotnet\sdk\6.0.302\Extensions\Microsoft.TestPlatform.Extensions.BlameDataCollector.dll
TpTrace Verbose: 0 : 34692, 1, 2022/10/11, 11:48:40.812, 3198784349315, vstest.console.dll, MetadataReaderExtensionsHelper: Discovering extensions inside assembly 'Microsoft.TestPlatform.Extensions.BlameDataCollector, Version=15.0.0.0, Culture=neutral, PublicKeyToken=b03f5f7f11d50a3a' file path 'c:\program files\dotnet\sdk\6.0.302\Extensions\Microsoft.TestPlatform.Extensions.BlameDataCollector.dll'
TpTrace Information: 0 : 34692, 1, 2022/10/11, 11:48:40.813, 3198784363926, vstest.console.dll, AssemblyResolver.OnResolve: Microsoft.TestPlatform.Extensions.EventLogCollector: Resolving assembly.
TpTrace Information: 0 : 34692, 1, 2022/10/11, 11:48:40.813, 3198784364671, vstest.console.dll, AssemblyResolver.OnResolve: Microsoft.TestPlatform.Extensions.EventLogCollector: Searching in: 'c:\program files\dotnet\sdk\6.0.302\Extensions'.
TpTrace Information: 0 : 34692, 1, 2022/10/11, 11:48:40.814, 3198784370397, vstest.console.dll, AssemblyResolver.OnResolve: Microsoft.TestPlatform.Extensions.EventLogCollector: Loading assembly 'c:\program files\dotnet\sdk\6.0.302\Extensions\Microsoft.TestPlatform.Extensions.EventLogCollector.dll'.
TpTrace Information: 0 : 34692, 1, 2022/10/11, 11:48:40.814, 3198784376616, vstest.console.dll, AssemblyResolver.OnResolve: Resolved assembly: Microsoft.TestPlatform.Extensions.EventLogCollector, from path: c:\program files\dotnet\sdk\6.0.302\Extensions\Microsoft.TestPlatform.Extensions.EventLogCollector.dll
TpTrace Verbose: 0 : 34692, 1, 2022/10/11, 11:48:40.815, 3198784377597, vstest.console.dll, MetadataReaderExtensionsHelper: Discovering extensions inside assembly 'Microsoft.TestPlatform.Extensions.EventLogCollector, Version=15.0.0.0, Culture=neutral, PublicKeyToken=b03f5f7f11d50a3a' file path 'c:\program files\dotnet\sdk\6.0.302\Extensions\Microsoft.TestPlatform.Extensions.EventLogCollector.dll'
TpTrace Information: 0 : 34692, 1, 2022/10/11, 11:48:40.816, 3198784395263, vstest.console.dll, AssemblyResolver.OnResolve: Microsoft.TestPlatform.TestHostRuntimeProvider: Resolving assembly.
TpTrace Information: 0 : 34692, 1, 2022/10/11, 11:48:40.816, 3198784396070, vstest.console.dll, AssemblyResolver.OnResolve: Microsoft.TestPlatform.TestHostRuntimeProvider: Searching in: 'c:\program files\dotnet\sdk\6.0.302\Extensions'.
TpTrace Information: 0 : 34692, 1, 2022/10/11, 11:48:40.817, 3198784400444, vstest.console.dll, AssemblyResolver.OnResolve: Microsoft.TestPlatform.TestHostRuntimeProvider: Loading assembly 'c:\program files\dotnet\sdk\6.0.302\Extensions\Microsoft.TestPlatform.TestHostRuntimeProvider.dll'.
TpTrace Information: 0 : 34692, 1, 2022/10/11, 11:48:40.818, 3198784410453, vstest.console.dll, AssemblyResolver.OnResolve: Resolved assembly: Microsoft.TestPlatform.TestHostRuntimeProvider, from path: c:\program files\dotnet\sdk\6.0.302\Extensions\Microsoft.TestPlatform.TestHostRuntimeProvider.dll
TpTrace Verbose: 0 : 34692, 1, 2022/10/11, 11:48:40.818, 3198784411321, vstest.console.dll, MetadataReaderExtensionsHelper: Discovering extensions inside assembly 'Microsoft.TestPlatform.TestHostRuntimeProvider, Version=15.0.0.0, Culture=neutral, PublicKeyToken=b03f5f7f11d50a3a' file path 'c:\program files\dotnet\sdk\6.0.302\Extensions\Microsoft.TestPlatform.TestHostRuntimeProvider.dll'
TpTrace Information: 0 : 34692, 1, 2022/10/11, 11:48:40.820, 3198784434240, vstest.console.dll, GetTestExtensionFromType: Register extension with identifier data 'HostProvider://DefaultTestHost' and type 'Microsoft.VisualStudio.TestPlatform.CrossPlatEngine.Hosting.DefaultTestHostManager, Microsoft.TestPlatform.TestHostRuntimeProvider, Version=15.0.0.0, Culture=neutral, PublicKeyToken=b03f5f7f11d50a3a' inside file 'c:\program files\dotnet\sdk\6.0.302\Extensions\Microsoft.TestPlatform.TestHostRuntimeProvider.dll'
TpTrace Information: 0 : 34692, 1, 2022/10/11, 11:48:40.820, 3198784435183, vstest.console.dll, GetTestExtensionFromType: Register extension with identifier data 'HostProvider://DotnetTestHost' and type 'Microsoft.VisualStudio.TestPlatform.CrossPlatEngine.Hosting.DotnetTestHostManager, Microsoft.TestPlatform.TestHostRuntimeProvider, Version=15.0.0.0, Culture=neutral, PublicKeyToken=b03f5f7f11d50a3a' inside file 'c:\program files\dotnet\sdk\6.0.302\Extensions\Microsoft.TestPlatform.TestHostRuntimeProvider.dll'
TpTrace Information: 0 : 34692, 1, 2022/10/11, 11:48:40.820, 3198784436124, vstest.console.dll, AssemblyResolver.OnResolve: Microsoft.VisualStudio.TestPlatform.Extensions.Html.TestLogger: Resolving assembly.
TpTrace Information: 0 : 34692, 1, 2022/10/11, 11:48:40.820, 3198784436631, vstest.console.dll, AssemblyResolver.OnResolve: Microsoft.VisualStudio.TestPlatform.Extensions.Html.TestLogger: Searching in: 'c:\program files\dotnet\sdk\6.0.302\Extensions'.
TpTrace Information: 0 : 34692, 1, 2022/10/11, 11:48:40.821, 3198784441857, vstest.console.dll, AssemblyResolver.OnResolve: Microsoft.VisualStudio.TestPlatform.Extensions.Html.TestLogger: Loading assembly 'c:\program files\dotnet\sdk\6.0.302\Extensions\Microsoft.VisualStudio.TestPlatform.Extensions.Html.TestLogger.dll'.
TpTrace Information: 0 : 34692, 1, 2022/10/11, 11:48:40.822, 3198784452657, vstest.console.dll, AssemblyResolver.OnResolve: Resolved assembly: Microsoft.VisualStudio.TestPlatform.Extensions.Html.TestLogger, from path: c:\program files\dotnet\sdk\6.0.302\Extensions\Microsoft.VisualStudio.TestPlatform.Extensions.Html.TestLogger.dll
TpTrace Verbose: 0 : 34692, 1, 2022/10/11, 11:48:40.822, 3198784453652, vstest.console.dll, MetadataReaderExtensionsHelper: Discovering extensions inside assembly 'Microsoft.VisualStudio.TestPlatform.Extensions.Html.TestLogger, Version=15.0.0.0, Culture=neutral, PublicKeyToken=b03f5f7f11d50a3a' file path 'c:\program files\dotnet\sdk\6.0.302\Extensions\Microsoft.VisualStudio.TestPlatform.Extensions.Html.TestLogger.dll'
TpTrace Information: 0 : 34692, 1, 2022/10/11, 11:48:40.823, 3198784462242, vstest.console.dll, AssemblyResolver.OnResolve: Microsoft.VisualStudio.TestPlatform.Extensions.Trx.TestLogger: Resolving assembly.
TpTrace Information: 0 : 34692, 1, 2022/10/11, 11:48:40.823, 3198784463189, vstest.console.dll, AssemblyResolver.OnResolve: Microsoft.VisualStudio.TestPlatform.Extensions.Trx.TestLogger: Searching in: 'c:\program files\dotnet\sdk\6.0.302\Extensions'.
TpTrace Information: 0 : 34692, 1, 2022/10/11, 11:48:40.824, 3198784468196, vstest.console.dll, AssemblyResolver.OnResolve: Microsoft.VisualStudio.TestPlatform.Extensions.Trx.TestLogger: Loading assembly 'c:\program files\dotnet\sdk\6.0.302\Extensions\Microsoft.VisualStudio.TestPlatform.Extensions.Trx.TestLogger.dll'.
TpTrace Information: 0 : 34692, 1, 2022/10/11, 11:48:40.825, 3198784478657, vstest.console.dll, AssemblyResolver.OnResolve: Resolved assembly: Microsoft.VisualStudio.TestPlatform.Extensions.Trx.TestLogger, from path: c:\program files\dotnet\sdk\6.0.302\Extensions\Microsoft.VisualStudio.TestPlatform.Extensions.Trx.TestLogger.dll
TpTrace Verbose: 0 : 34692, 1, 2022/10/11, 11:48:40.825, 3198784479599, vstest.console.dll, MetadataReaderExtensionsHelper: Discovering extensions inside assembly 'Microsoft.VisualStudio.TestPlatform.Extensions.Trx.TestLogger, Version=15.0.0.0, Culture=neutral, PublicKeyToken=b03f5f7f11d50a3a' file path 'c:\program files\dotnet\sdk\6.0.302\Extensions\Microsoft.VisualStudio.TestPlatform.Extensions.Trx.TestLogger.dll'
TpTrace Verbose: 0 : 34692, 1, 2022/10/11, 11:48:40.826, 3198784492051, vstest.console.dll, TestPluginCache: Discovered the extensions using extension path ''.
TpTrace Verbose: 0 : 34692, 1, 2022/10/11, 11:48:40.826, 3198784492892, vstest.console.dll, TestPluginCache: Discoverers are ''.
TpTrace Verbose: 0 : 34692, 1, 2022/10/11, 11:48:40.826, 3198784493322, vstest.console.dll, TestPluginCache: Executors are ''.
TpTrace Verbose: 0 : 34692, 1, 2022/10/11, 11:48:40.826, 3198784493660, vstest.console.dll, TestPluginCache: Executors2 are ''.
TpTrace Verbose: 0 : 34692, 1, 2022/10/11, 11:48:40.826, 3198784493976, vstest.console.dll, TestPluginCache: Setting providers are ''.
TpTrace Verbose: 0 : 34692, 1, 2022/10/11, 11:48:40.826, 3198784494288, vstest.console.dll, TestPluginCache: Loggers are ''.
TpTrace Verbose: 0 : 34692, 1, 2022/10/11, 11:48:40.826, 3198784496099, vstest.console.dll, TestPluginCache: TestHosts are 'HostProvider://DefaultTestHost,HostProvider://DotnetTestHost'.
TpTrace Verbose: 0 : 34692, 1, 2022/10/11, 11:48:40.827, 3198784496737, vstest.console.dll, TestPluginCache: DataCollectors are ''.
TpTrace Information: 0 : 34692, 1, 2022/10/11, 11:48:40.841, 3198784640555, vstest.console.dll, RunTestsArgumentProcessor:Execute: Test run is starting.
TpTrace Verbose: 0 : 34692, 1, 2022/10/11, 11:48:40.841, 3198784641262, vstest.console.dll, RunTestsArgumentProcessor:Execute: Queuing Test run.
TpTrace Information: 0 : 34692, 1, 2022/10/11, 11:48:40.841, 3198784643493, vstest.console.dll, TestRequestManager.RunTests: run tests started.
TpTrace Information: 0 : 34692, 1, 2022/10/11, 11:48:40.843, 3198784665497, vstest.console.dll, AssemblyMetadataProvider.GetFrameWork: Determined framework:'.NETCoreApp,Version=v3.1' for source: 'C:\Users\luisf\Desktop\Repositori B1 Dev\OrbitService\OrbitService\test\Cancel-NFSe-Test\bin\Debug\netcoreapp3.1\fine-code-coverage\build-output\OrbitService_Test_Cancel_NFSe.dll'
TpTrace Information: 0 : 34692, 1, 2022/10/11, 11:48:40.844, 3198784667352, vstest.console.dll, Determined framework for all sources: .NETCoreApp,Version=v3.1
TpTrace Verbose: 0 : 34692, 1, 2022/10/11, 11:48:40.844, 3198784672464, vstest.console.dll, TestRequestManager.UpdateRunSettingsIfRequired: Default architecture: X64 IsDefaultTargetArchitecture: True, Current process architecture: X64 OperatingSystem: Windows.
TpTrace Information: 0 : 34692, 1, 2022/10/11, 11:48:40.844, 3198784675843, vstest.console.dll, AssemblyMetadataProvider.GetArchitecture: Determined architecture:AnyCPU info for assembly: C:\Users\luisf\Desktop\Repositori B1 Dev\OrbitService\OrbitService\test\Cancel-NFSe-Test\bin\Debug\netcoreapp3.1\fine-code-coverage\build-output\OrbitService_Test_Cancel_NFSe.dll
TpTrace Information: 0 : 34692, 1, 2022/10/11, 11:48:40.844, 3198784676554, vstest.console.dll, Determined platform for source 'C:\Users\luisf\Desktop\Repositori B1 Dev\OrbitService\OrbitService\test\Cancel-NFSe-Test\bin\Debug\netcoreapp3.1\fine-code-coverage\build-output\OrbitService_Test_Cancel_NFSe.dll' is 'AnyCPU'
TpTrace Information: 0 : 34692, 1, 2022/10/11, 11:48:40.847, 3198784697578, vstest.console.dll, Determined platform for all sources: X64
TpTrace Information: 0 : 34692, 1, 2022/10/11, 11:48:40.847, 3198784698340, vstest.console.dll, Infered platform 'X64'.
TpTrace Information: 0 : 34692, 1, 2022/10/11, 11:48:40.847, 3198784698887, vstest.console.dll, Platform update to 'X64' required.
TpTrace Information: 0 : 34692, 1, 2022/10/11, 11:48:40.850, 3198784730311, vstest.console.dll, Compatible sources list: 
TpTrace Information: 0 : 34692, 1, 2022/10/11, 11:48:40.850, 3198784731110, vstest.console.dll, C:\Users\luisf\Desktop\Repositori B1 Dev\OrbitService\OrbitService\test\Cancel-NFSe-Test\bin\Debug\netcoreapp3.1\fine-code-coverage\build-output\OrbitService_Test_Cancel_NFSe.dll
TpTrace Information: 0 : 34692, 1, 2022/10/11, 11:48:40.853, 3198784759925, vstest.console.dll, InferRunSettingsHelper.IsTestSettingsEnabled: Unable to navigate to RunSettings/MSTest. Current node: RunSettings
TpTrace Information: 0 : 34692, 1, 2022/10/11, 11:48:40.854, 3198784769187, vstest.console.dll, AssemblyResolver.OnResolve: Microsoft.VisualStudio.TestPlatform.Fakes: Resolving assembly.
TpTrace Information: 0 : 34692, 1, 2022/10/11, 11:48:40.854, 3198784769980, vstest.console.dll, AssemblyResolver.OnResolve: Microsoft.VisualStudio.TestPlatform.Fakes: Searching in: 'c:\program files\dotnet\sdk\6.0.302\Extensions'.
TpTrace Information: 0 : 34692, 1, 2022/10/11, 11:48:40.854, 3198784771175, vstest.console.dll, AssemblyResolver.OnResolve: Microsoft.VisualStudio.TestPlatform.Fakes: Assembly path does not exist: 'c:\program files\dotnet\sdk\6.0.302\Extensions\Microsoft.VisualStudio.TestPlatform.Fakes.dll', returning.
TpTrace Information: 0 : 34692, 1, 2022/10/11, 11:48:40.854, 3198784772215, vstest.console.dll, AssemblyResolver.OnResolve: Microsoft.VisualStudio.TestPlatform.Fakes: Assembly path does not exist: 'c:\program files\dotnet\sdk\6.0.302\Extensions\Microsoft.VisualStudio.TestPlatform.Fakes.exe', returning.
TpTrace Information: 0 : 34692, 1, 2022/10/11, 11:48:40.854, 3198784772691, vstest.console.dll, AssemblyResolver.OnResolve: Microsoft.VisualStudio.TestPlatform.Fakes: Searching in: 'c:\program files\dotnet\sdk\6.0.302'.
TpTrace Information: 0 : 34692, 1, 2022/10/11, 11:48:40.854, 3198784773672, vstest.console.dll, AssemblyResolver.OnResolve: Microsoft.VisualStudio.TestPlatform.Fakes: Assembly path does not exist: 'c:\program files\dotnet\sdk\6.0.302\Microsoft.VisualStudio.TestPlatform.Fakes.dll', returning.
TpTrace Information: 0 : 34692, 1, 2022/10/11, 11:48:40.854, 3198784774599, vstest.console.dll, AssemblyResolver.OnResolve: Microsoft.VisualStudio.TestPlatform.Fakes: Assembly path does not exist: 'c:\program files\dotnet\sdk\6.0.302\Microsoft.VisualStudio.TestPlatform.Fakes.exe', returning.
TpTrace Information: 0 : 34692, 1, 2022/10/11, 11:48:40.854, 3198784775501, vstest.console.dll, AssemblyResolver.OnResolve: Microsoft.VisualStudio.TestPlatform.Fakes: Failed to load assembly.
TpTrace Information: 0 : 34692, 1, 2022/10/11, 11:48:40.855, 3198784778615, vstest.console.dll, Failed to load assembly Microsoft.VisualStudio.TestPlatform.Fakes, Version=17.0.0.0, Culture=neutral. Reason:System.IO.FileNotFoundException: Could not load file or assembly 'Microsoft.VisualStudio.TestPlatform.Fakes, Version=17.0.0.0, Culture=neutral, PublicKeyToken=null'. O sistema não pode encontrar o arquivo especificado.
File name: 'Microsoft.VisualStudio.TestPlatform.Fakes, Version=17.0.0.0, Culture=neutral, PublicKeyToken=null'
   at System.Reflection.RuntimeAssembly.InternalLoad(ObjectHandleOnStack assemblyName, ObjectHandleOnStack requestingAssembly, StackCrawlMarkHandle stackMark, Boolean throwOnFileNotFound, ObjectHandleOnStack assemblyLoadContext, ObjectHandleOnStack retAssembly)
   at System.Reflection.RuntimeAssembly.InternalLoad(AssemblyName assemblyName, RuntimeAssembly requestingAssembly, StackCrawlMark& stackMark, Boolean throwOnFileNotFound, AssemblyLoadContext assemblyLoadContext)
   at System.Reflection.Assembly.Load(AssemblyName assemblyRef)
   at Microsoft.VisualStudio.TestPlatform.Common.Utilities.FakesUtilities.LoadTestPlatformAssembly()
TpTrace Verbose: 0 : 34692, 1, 2022/10/11, 11:48:40.859, 3198784821247, vstest.console.dll, TestPluginCache.DiscoverTestExtensions: finding test extensions in assemblies ends with: TestLogger.dll TPluginInfo: Microsoft.VisualStudio.TestPlatform.Common.ExtensionFramework.Utilities.TestLoggerPluginInformation TExtension: Microsoft.VisualStudio.TestPlatform.ObjectModel.Client.ITestLogger
TpTrace Verbose: 0 : 34692, 1, 2022/10/11, 11:48:40.859, 3198784822529, vstest.console.dll, TestPluginCache.GetExtensionPaths: Filtered extension paths: 
TpTrace Verbose: 0 : 34692, 1, 2022/10/11, 11:48:40.859, 3198784823098, vstest.console.dll, TestPluginCache.GetExtensionPaths: Added default extension paths: c:\program files\dotnet\sdk\6.0.302\Extensions\DumpMinitool.exe
c:\program files\dotnet\sdk\6.0.302\Extensions\DumpMinitool.x86.exe
c:\program files\dotnet\sdk\6.0.302\Extensions\Microsoft.Diagnostics.NETCore.Client.dll
c:\program files\dotnet\sdk\6.0.302\Extensions\Microsoft.TestPlatform.Extensions.BlameDataCollector.dll
c:\program files\dotnet\sdk\6.0.302\Extensions\Microsoft.TestPlatform.Extensions.EventLogCollector.dll
c:\program files\dotnet\sdk\6.0.302\Extensions\Microsoft.TestPlatform.TestHostRuntimeProvider.dll
c:\program files\dotnet\sdk\6.0.302\Extensions\Microsoft.VisualStudio.TestPlatform.Extensions.Html.TestLogger.dll
c:\program files\dotnet\sdk\6.0.302\Extensions\Microsoft.VisualStudio.TestPlatform.Extensions.Trx.TestLogger.dll
TpTrace Verbose: 0 : 34692, 1, 2022/10/11, 11:48:40.859, 3198784823839, vstest.console.dll, TestPluginCache.GetExtensionPaths: Added unfilterableExtensionPaths: 
TpTrace Information: 0 : 34692, 1, 2022/10/11, 11:48:40.859, 3198784825315, vstest.console.dll, AssemblyResolver.AddSearchDirectories: Adding more searchDirectories c:\program files\dotnet\sdk\6.0.302\Extensions,c:\program files\dotnet\sdk\6.0.302
TpTrace Verbose: 0 : 34692, 1, 2022/10/11, 11:48:40.859, 3198784825930, vstest.console.dll, TestPluginCache.DiscoverTestExtensions: Discovering the extensions using extension path.
TpTrace Verbose: 0 : 34692, 1, 2022/10/11, 11:48:40.859, 3198784826477, vstest.console.dll, TestPluginCache.GetExtensionPaths: Filtered extension paths: 
TpTrace Verbose: 0 : 34692, 1, 2022/10/11, 11:48:40.860, 3198784826875, vstest.console.dll, TestPluginCache.GetExtensionPaths: Added default extension paths: c:\program files\dotnet\sdk\6.0.302\Extensions\DumpMinitool.exe
c:\program files\dotnet\sdk\6.0.302\Extensions\DumpMinitool.x86.exe
c:\program files\dotnet\sdk\6.0.302\Extensions\Microsoft.Diagnostics.NETCore.Client.dll
c:\program files\dotnet\sdk\6.0.302\Extensions\Microsoft.TestPlatform.Extensions.BlameDataCollector.dll
c:\program files\dotnet\sdk\6.0.302\Extensions\Microsoft.TestPlatform.Extensions.EventLogCollector.dll
c:\program files\dotnet\sdk\6.0.302\Extensions\Microsoft.TestPlatform.TestHostRuntimeProvider.dll
c:\program files\dotnet\sdk\6.0.302\Extensions\Microsoft.VisualStudio.TestPlatform.Extensions.Html.TestLogger.dll
c:\program files\dotnet\sdk\6.0.302\Extensions\Microsoft.VisualStudio.TestPlatform.Extensions.Trx.TestLogger.dll
TpTrace Verbose: 0 : 34692, 1, 2022/10/11, 11:48:40.860, 3198784827385, vstest.console.dll, TestPluginCache.GetExtensionPaths: Added unfilterableExtensionPaths: 
TpTrace Verbose: 0 : 34692, 1, 2022/10/11, 11:48:40.860, 3198784827841, vstest.console.dll, TestPluginCache.DiscoverTestExtensions: Discovering the extensions using allExtensionPaths: c:\program files\dotnet\sdk\6.0.302\Extensions\DumpMinitool.exe
c:\program files\dotnet\sdk\6.0.302\Extensions\DumpMinitool.x86.exe
c:\program files\dotnet\sdk\6.0.302\Extensions\Microsoft.Diagnostics.NETCore.Client.dll
c:\program files\dotnet\sdk\6.0.302\Extensions\Microsoft.TestPlatform.Extensions.BlameDataCollector.dll
c:\program files\dotnet\sdk\6.0.302\Extensions\Microsoft.TestPlatform.Extensions.EventLogCollector.dll
c:\program files\dotnet\sdk\6.0.302\Extensions\Microsoft.TestPlatform.TestHostRuntimeProvider.dll
c:\program files\dotnet\sdk\6.0.302\Extensions\Microsoft.VisualStudio.TestPlatform.Extensions.Html.TestLogger.dll
c:\program files\dotnet\sdk\6.0.302\Extensions\Microsoft.VisualStudio.TestPlatform.Extensions.Trx.TestLogger.dll
TpTrace Information: 0 : 34692, 1, 2022/10/11, 11:48:40.860, 3198784828569, vstest.console.dll, AssemblyResolver.AddSearchDirectories: Adding more searchDirectories c:\program files\dotnet\sdk\6.0.302\Extensions,c:\program files\dotnet\sdk\6.0.302
TpTrace Information: 0 : 34692, 1, 2022/10/11, 11:48:40.860, 3198784829050, vstest.console.dll, AssemblyResolver.AddSearchDirectories: Adding more searchDirectories c:\program files\dotnet\sdk\6.0.302\Extensions,c:\program files\dotnet\sdk\6.0.302
TpTrace Information: 0 : 34692, 1, 2022/10/11, 11:48:40.860, 3198784829656, vstest.console.dll, AssemblyResolver.AddSearchDirectories: Adding more searchDirectories c:\program files\dotnet\sdk\6.0.302\Extensions,c:\program files\dotnet\sdk\6.0.302
TpTrace Information: 0 : 34692, 1, 2022/10/11, 11:48:40.860, 3198784830181, vstest.console.dll, AssemblyResolver.AddSearchDirectories: Adding more searchDirectories c:\program files\dotnet\sdk\6.0.302\Extensions,c:\program files\dotnet\sdk\6.0.302
TpTrace Information: 0 : 34692, 1, 2022/10/11, 11:48:40.860, 3198784830551, vstest.console.dll, AssemblyResolver.AddSearchDirectories: Adding more searchDirectories c:\program files\dotnet\sdk\6.0.302\Extensions,c:\program files\dotnet\sdk\6.0.302
TpTrace Information: 0 : 34692, 1, 2022/10/11, 11:48:40.860, 3198784830915, vstest.console.dll, AssemblyResolver.AddSearchDirectories: Adding more searchDirectories c:\program files\dotnet\sdk\6.0.302\Extensions,c:\program files\dotnet\sdk\6.0.302
TpTrace Information: 0 : 34692, 1, 2022/10/11, 11:48:40.860, 3198784831445, vstest.console.dll, AssemblyResolver.AddSearchDirectories: Adding more searchDirectories c:\program files\dotnet\sdk\6.0.302\Extensions,c:\program files\dotnet\sdk\6.0.302
TpTrace Information: 0 : 34692, 1, 2022/10/11, 11:48:40.860, 3198784831915, vstest.console.dll, AssemblyResolver.AddSearchDirectories: Adding more searchDirectories c:\program files\dotnet\sdk\6.0.302\Extensions,c:\program files\dotnet\sdk\6.0.302
TpTrace Verbose: 0 : 34692, 1, 2022/10/11, 11:48:40.860, 3198784833237, vstest.console.dll, MetadataReaderExtensionsHelper: Discovering extensions inside assembly 'DumpMinitool, Version=15.0.0.0, Culture=neutral, PublicKeyToken=b03f5f7f11d50a3a' file path 'c:\program files\dotnet\sdk\6.0.302\Extensions\DumpMinitool.exe'
TpTrace Verbose: 0 : 34692, 1, 2022/10/11, 11:48:40.861, 3198784839136, vstest.console.dll, MetadataReaderExtensionsHelper: Discovering extensions inside assembly 'DumpMinitool.x86, Version=15.0.0.0, Culture=neutral, PublicKeyToken=b03f5f7f11d50a3a' file path 'c:\program files\dotnet\sdk\6.0.302\Extensions\DumpMinitool.x86.exe'
TpTrace Verbose: 0 : 34692, 1, 2022/10/11, 11:48:40.861, 3198784843978, vstest.console.dll, MetadataReaderExtensionsHelper: Discovering extensions inside assembly 'Microsoft.Diagnostics.NETCore.Client, Version=0.2.5.801, Culture=neutral, PublicKeyToken=31bf3856ad364e35' file path 'c:\program files\dotnet\sdk\6.0.302\Extensions\Microsoft.Diagnostics.NETCore.Client.dll'
TpTrace Information: 0 : 34692, 1, 2022/10/11, 11:48:40.862, 3198784850398, vstest.console.dll, AssemblyResolver.OnResolve: Microsoft.Bcl.AsyncInterfaces: Resolving assembly.
TpTrace Information: 0 : 34692, 1, 2022/10/11, 11:48:40.862, 3198784851077, vstest.console.dll, AssemblyResolver.OnResolve: Microsoft.Bcl.AsyncInterfaces: Resolved from cache.
TpTrace Verbose: 0 : 34692, 1, 2022/10/11, 11:48:40.862, 3198784851509, vstest.console.dll, CurrentDomainAssemblyResolve: Resolving assembly 'Microsoft.Bcl.AsyncInterfaces'.
TpTrace Information: 0 : 34692, 1, 2022/10/11, 11:48:40.862, 3198784852407, vstest.console.dll, AssemblyResolver.OnResolve: Microsoft.Bcl.AsyncInterfaces: Resolving assembly.
TpTrace Information: 0 : 34692, 1, 2022/10/11, 11:48:40.862, 3198784852780, vstest.console.dll, AssemblyResolver.OnResolve: Microsoft.Bcl.AsyncInterfaces: Resolved from cache.
TpTrace Verbose: 0 : 34692, 1, 2022/10/11, 11:48:40.862, 3198784853117, vstest.console.dll, CurrentDomainAssemblyResolve: Resolving assembly 'Microsoft.Bcl.AsyncInterfaces'.
TpTrace Verbose: 0 : 34692, 1, 2022/10/11, 11:48:40.862, 3198784853478, vstest.console.dll, CurrentDomainAssemblyResolve: Failed to resolve assembly 'Microsoft.Bcl.AsyncInterfaces'.
TpTrace Verbose: 0 : 34692, 1, 2022/10/11, 11:48:40.862, 3198784854913, vstest.console.dll, CurrentDomainAssemblyResolve: Failed to resolve assembly 'Microsoft.Bcl.AsyncInterfaces'.
TpTrace Warning: 0 : 34692, 1, 2022/10/11, 11:48:40.863, 3198784858809, vstest.console.dll, TestPluginDiscoverer: Failed to get types from assembly 'Microsoft.Diagnostics.NETCore.Client, Version=0.2.5.801, Culture=neutral, PublicKeyToken=31bf3856ad364e35'. Error: System.Reflection.ReflectionTypeLoadException: Unable to load one or more of the requested types.
Could not load file or assembly 'Microsoft.Bcl.AsyncInterfaces, Version=1.0.0.0, Culture=neutral, PublicKeyToken=cc7b13ffcd2ddd51'. O sistema não pode encontrar o arquivo especificado.
   at System.Reflection.RuntimeModule.GetTypes(RuntimeModule module)
   at System.Reflection.Assembly.GetTypes()
   at Microsoft.VisualStudio.TestPlatform.Common.ExtensionFramework.TestPluginDiscoverer.GetTestExtensionsFromAssembly[TPluginInfo,TExtension](Assembly assembly, Dictionary`2 pluginInfos, String filePath)
System.IO.FileNotFoundException: Could not load file or assembly 'Microsoft.Bcl.AsyncInterfaces, Version=1.0.0.0, Culture=neutral, PublicKeyToken=cc7b13ffcd2ddd51'. O sistema não pode encontrar o arquivo especificado.
File name: 'Microsoft.Bcl.AsyncInterfaces, Version=1.0.0.0, Culture=neutral, PublicKeyToken=cc7b13ffcd2ddd51'
 ---> System.IO.FileNotFoundException: Could not load file or assembly 'Microsoft.Bcl.AsyncInterfaces, Culture=neutral, PublicKeyToken=null'. O sistema não pode encontrar o arquivo especificado.
File name: 'Microsoft.Bcl.AsyncInterfaces, Culture=neutral, PublicKeyToken=null'
   at System.Reflection.RuntimeAssembly.InternalLoad(ObjectHandleOnStack assemblyName, ObjectHandleOnStack requestingAssembly, StackCrawlMarkHandle stackMark, Boolean throwOnFileNotFound, ObjectHandleOnStack assemblyLoadContext, ObjectHandleOnStack retAssembly)
   at System.Reflection.RuntimeAssembly.InternalLoad(AssemblyName assemblyName, RuntimeAssembly requestingAssembly, StackCrawlMark& stackMark, Boolean throwOnFileNotFound, AssemblyLoadContext assemblyLoadContext)
   at System.Reflection.Assembly.Load(AssemblyName assemblyRef)
   at Microsoft.VisualStudio.TestPlatform.Common.ExtensionFramework.TestPluginCache.CurrentDomainAssemblyResolve(Object sender, AssemblyResolveEventArgs args)
   at Microsoft.VisualStudio.TestPlatform.PlatformAbstractions.PlatformAssemblyResolver.AssemblyResolverEvent(Object sender, Object eventArgs)
   at System.Runtime.Loader.AssemblyLoadContext.GetFirstResolvedAssemblyFromResolvingEvent(AssemblyName assemblyName)
   at System.Runtime.Loader.AssemblyLoadContext.ResolveUsingEvent(AssemblyName assemblyName)
   at System.Runtime.Loader.AssemblyLoadContext.ResolveUsingResolvingEvent(IntPtr gchManagedAssemblyLoadContext, AssemblyName assemblyName)
TpTrace Warning: 0 : 34692, 1, 2022/10/11, 11:48:40.863, 3198784860915, vstest.console.dll, LoaderExceptions: System.IO.FileNotFoundException: Could not load file or assembly 'Microsoft.Bcl.AsyncInterfaces, Version=1.0.0.0, Culture=neutral, PublicKeyToken=cc7b13ffcd2ddd51'. O sistema não pode encontrar o arquivo especificado.
File name: 'Microsoft.Bcl.AsyncInterfaces, Version=1.0.0.0, Culture=neutral, PublicKeyToken=cc7b13ffcd2ddd51'
 ---> System.IO.FileNotFoundException: Could not load file or assembly 'Microsoft.Bcl.AsyncInterfaces, Culture=neutral, PublicKeyToken=null'. O sistema não pode encontrar o arquivo especificado.
File name: 'Microsoft.Bcl.AsyncInterfaces, Culture=neutral, PublicKeyToken=null'
   at System.Reflection.RuntimeAssembly.InternalLoad(ObjectHandleOnStack assemblyName, ObjectHandleOnStack requestingAssembly, StackCrawlMarkHandle stackMark, Boolean throwOnFileNotFound, ObjectHandleOnStack assemblyLoadContext, ObjectHandleOnStack retAssembly)
   at System.Reflection.RuntimeAssembly.InternalLoad(AssemblyName assemblyName, RuntimeAssembly requestingAssembly, StackCrawlMark& stackMark, Boolean throwOnFileNotFound, AssemblyLoadContext assemblyLoadContext)
   at System.Reflection.Assembly.Load(AssemblyName assemblyRef)
   at Microsoft.VisualStudio.TestPlatform.Common.ExtensionFramework.TestPluginCache.CurrentDomainAssemblyResolve(Object sender, AssemblyResolveEventArgs args)
   at Microsoft.VisualStudio.TestPlatform.PlatformAbstractions.PlatformAssemblyResolver.AssemblyResolverEvent(Object sender, Object eventArgs)
   at System.Runtime.Loader.AssemblyLoadContext.GetFirstResolvedAssemblyFromResolvingEvent(AssemblyName assemblyName)
   at System.Runtime.Loader.AssemblyLoadContext.ResolveUsingEvent(AssemblyName assemblyName)
   at System.Runtime.Loader.AssemblyLoadContext.ResolveUsingResolvingEvent(IntPtr gchManagedAssemblyLoadContext, AssemblyName assemblyName)
TpTrace Verbose: 0 : 34692, 1, 2022/10/11, 11:48:40.863, 3198784861950, vstest.console.dll, MetadataReaderExtensionsHelper: Discovering extensions inside assembly 'Microsoft.TestPlatform.Extensions.BlameDataCollector, Version=15.0.0.0, Culture=neutral, PublicKeyToken=b03f5f7f11d50a3a' file path 'c:\program files\dotnet\sdk\6.0.302\Extensions\Microsoft.TestPlatform.Extensions.BlameDataCollector.dll'
TpTrace Information: 0 : 34692, 1, 2022/10/11, 11:48:40.864, 3198784868953, vstest.console.dll, GetTestExtensionFromType: Register extension with identifier data 'logger://Microsoft/TestPlatform/Extensions/Blame/v1' and type 'Microsoft.TestPlatform.Extensions.BlameDataCollector.BlameLogger, Microsoft.TestPlatform.Extensions.BlameDataCollector, Version=15.0.0.0, Culture=neutral, PublicKeyToken=b03f5f7f11d50a3a' inside file 'c:\program files\dotnet\sdk\6.0.302\Extensions\Microsoft.TestPlatform.Extensions.BlameDataCollector.dll'
TpTrace Verbose: 0 : 34692, 1, 2022/10/11, 11:48:40.864, 3198784870073, vstest.console.dll, MetadataReaderExtensionsHelper: Discovering extensions inside assembly 'Microsoft.TestPlatform.Extensions.EventLogCollector, Version=15.0.0.0, Culture=neutral, PublicKeyToken=b03f5f7f11d50a3a' file path 'c:\program files\dotnet\sdk\6.0.302\Extensions\Microsoft.TestPlatform.Extensions.EventLogCollector.dll'
TpTrace Verbose: 0 : 34692, 1, 2022/10/11, 11:48:40.864, 3198784875726, vstest.console.dll, MetadataReaderExtensionsHelper: Discovering extensions inside assembly 'Microsoft.TestPlatform.TestHostRuntimeProvider, Version=15.0.0.0, Culture=neutral, PublicKeyToken=b03f5f7f11d50a3a' file path 'c:\program files\dotnet\sdk\6.0.302\Extensions\Microsoft.TestPlatform.TestHostRuntimeProvider.dll'
TpTrace Verbose: 0 : 34692, 1, 2022/10/11, 11:48:40.865, 3198784881259, vstest.console.dll, MetadataReaderExtensionsHelper: Discovering extensions inside assembly 'Microsoft.VisualStudio.TestPlatform.Extensions.Html.TestLogger, Version=15.0.0.0, Culture=neutral, PublicKeyToken=b03f5f7f11d50a3a' file path 'c:\program files\dotnet\sdk\6.0.302\Extensions\Microsoft.VisualStudio.TestPlatform.Extensions.Html.TestLogger.dll'
TpTrace Information: 0 : 34692, 1, 2022/10/11, 11:48:40.865, 3198784886358, vstest.console.dll, GetTestExtensionFromType: Register extension with identifier data 'logger://Microsoft/TestPlatform/HtmlLogger/v1' and type 'Microsoft.VisualStudio.TestPlatform.Extensions.HtmlLogger.HtmlLogger, Microsoft.VisualStudio.TestPlatform.Extensions.Html.TestLogger, Version=15.0.0.0, Culture=neutral, PublicKeyToken=b03f5f7f11d50a3a' inside file 'c:\program files\dotnet\sdk\6.0.302\Extensions\Microsoft.VisualStudio.TestPlatform.Extensions.Html.TestLogger.dll'
TpTrace Verbose: 0 : 34692, 1, 2022/10/11, 11:48:40.866, 3198784887250, vstest.console.dll, MetadataReaderExtensionsHelper: Discovering extensions inside assembly 'Microsoft.VisualStudio.TestPlatform.Extensions.Trx.TestLogger, Version=15.0.0.0, Culture=neutral, PublicKeyToken=b03f5f7f11d50a3a' file path 'c:\program files\dotnet\sdk\6.0.302\Extensions\Microsoft.VisualStudio.TestPlatform.Extensions.Trx.TestLogger.dll'
TpTrace Information: 0 : 34692, 1, 2022/10/11, 11:48:40.866, 3198784892790, vstest.console.dll, GetTestExtensionFromType: Register extension with identifier data 'logger://Microsoft/TestPlatform/TrxLogger/v1' and type 'Microsoft.VisualStudio.TestPlatform.Extensions.TrxLogger.TrxLogger, Microsoft.VisualStudio.TestPlatform.Extensions.Trx.TestLogger, Version=15.0.0.0, Culture=neutral, PublicKeyToken=b03f5f7f11d50a3a' inside file 'c:\program files\dotnet\sdk\6.0.302\Extensions\Microsoft.VisualStudio.TestPlatform.Extensions.Trx.TestLogger.dll'
TpTrace Verbose: 0 : 34692, 1, 2022/10/11, 11:48:40.866, 3198784893675, vstest.console.dll, TestPluginCache: Discovered the extensions using extension path ''.
TpTrace Verbose: 0 : 34692, 1, 2022/10/11, 11:48:40.866, 3198784894117, vstest.console.dll, TestPluginCache: Discoverers are ''.
TpTrace Verbose: 0 : 34692, 1, 2022/10/11, 11:48:40.866, 3198784894453, vstest.console.dll, TestPluginCache: Executors are ''.
TpTrace Verbose: 0 : 34692, 1, 2022/10/11, 11:48:40.866, 3198784894767, vstest.console.dll, TestPluginCache: Executors2 are ''.
TpTrace Verbose: 0 : 34692, 1, 2022/10/11, 11:48:40.866, 3198784895076, vstest.console.dll, TestPluginCache: Setting providers are ''.
TpTrace Verbose: 0 : 34692, 1, 2022/10/11, 11:48:40.866, 3198784895973, vstest.console.dll, TestPluginCache: Loggers are 'logger://Microsoft/TestPlatform/Extensions/Blame/v1,logger://Microsoft/TestPlatform/HtmlLogger/v1,logger://Microsoft/TestPlatform/TrxLogger/v1'.
TpTrace Verbose: 0 : 34692, 1, 2022/10/11, 11:48:40.866, 3198784896628, vstest.console.dll, TestPluginCache: TestHosts are 'HostProvider://DefaultTestHost,HostProvider://DotnetTestHost'.
TpTrace Verbose: 0 : 34692, 1, 2022/10/11, 11:48:40.867, 3198784897024, vstest.console.dll, TestPluginCache: DataCollectors are ''.
TpTrace Information: 0 : 34692, 1, 2022/10/11, 11:48:40.867, 3198784905321, vstest.console.dll, TestPluginManager.CreateTestExtension: Attempting to load test extension: Microsoft.TestPlatform.Extensions.BlameDataCollector.BlameLogger
TpTrace Information: 0 : 34692, 1, 2022/10/11, 11:48:40.873, 3198784963503, vstest.console.dll, TestPluginManager.CreateTestExtension: Attempting to load test extension: Microsoft.VisualStudio.TestPlatform.CrossPlatEngine.Hosting.DefaultTestHostManager
TpTrace Information: 0 : 34692, 1, 2022/10/11, 11:48:40.875, 3198784980709, vstest.console.dll, TestPluginManager.CreateTestExtension: Attempting to load test extension: Microsoft.VisualStudio.TestPlatform.CrossPlatEngine.Hosting.DotnetTestHostManager
TpTrace Verbose: 0 : 34692, 1, 2022/10/11, 11:48:40.876, 3198784988133, vstest.console.dll, TestEngine: Initializing Parallel Execution as MaxCpuCount is set to: 1
TpTrace Information: 0 : 34692, 1, 2022/10/11, 11:48:40.876, 3198784995272, vstest.console.dll, InferRunSettingsHelper.IsTestSettingsEnabled: Unable to navigate to RunSettings/MSTest. Current node: RunSettings
TpTrace Verbose: 0 : 34692, 1, 2022/10/11, 11:48:40.878, 3198785009179, vstest.console.dll, TestRequestSender is acting as server.
TpTrace Verbose: 0 : 34692, 1, 2022/10/11, 11:48:40.879, 3198785023015, vstest.console.dll, TestEngine.GetExecutionManager: Chosen execution manager 'Microsoft.VisualStudio.TestPlatform.CrossPlatEngine.Client.Parallel.ParallelProxyExecutionManager, Microsoft.TestPlatform.CrossPlatEngine, Version=15.0.0.0, Culture=neutral, PublicKeyToken=b03f5f7f11d50a3a' ParallelLevel '1' Shared host 'False'
TpTrace Verbose: 0 : 34692, 5, 2022/10/11, 11:48:40.883, 3198785059794, vstest.console.dll, DataCollectionRequestSender.InitializeCommunication : Initialize communication. 
TpTrace Information: 0 : 34692, 5, 2022/10/11, 11:48:40.891, 3198785146640, vstest.console.dll, Listening on Endpoint : 127.0.0.1:53375
TpTrace Verbose: 0 : 34692, 5, 2022/10/11, 11:48:40.900, 3198785233847, vstest.console.dll, DotnetDataCollectionLauncher: Full path of dotnet.exe is c:\program files\dotnet\dotnet.exe
TpTrace Verbose: 0 : 34692, 5, 2022/10/11, 11:48:40.900, 3198785235660, vstest.console.dll, DotnetDataCollectionLauncher: Adding  --runtimeconfig "c:\program files\dotnet\sdk\6.0.302\datacollector.runtimeconfig.json" in args
TpTrace Verbose: 0 : 34692, 5, 2022/10/11, 11:48:40.900, 3198785236659, vstest.console.dll, DotnetDataCollectionLauncher: Adding  --depsfile "c:\program files\dotnet\sdk\6.0.302\datacollector.deps.json" in args
TpTrace Information: 0 : 34692, 5, 2022/10/11, 11:48:40.910, 3198785331008, vstest.console.dll, ProxyDataCollectionManager.Initialize: Launched datacollector processId: 42800 port: 53375
TpTrace Information: 0 : 34692, 5, 2022/10/11, 11:48:40.910, 3198785332356, vstest.console.dll, ProxyDataCollectionManager.Initialize: waiting for connection with timeout: 90 seconds
TpTrace Verbose: 0 : 34692, 5, 2022/10/11, 11:48:40.910, 3198785333041, vstest.console.dll, DataCollectionRequestSender.WaitForRequestHandlerConnection : Waiting for connection with timeout: 90000
TpTrace Information: 0 : 34692, 8, 2022/10/11, 11:48:41.101, 3198787243212, vstest.console.dll, Using the buffer size of 16384 bytes
TpTrace Verbose: 0 : 34692, 5, 2022/10/11, 11:48:41.101, 3198787243536, vstest.console.dll, SocketCommunicationManager.WaitForClientConnection took: 190 ms, with 90000 ms timeout, and finished with True.
TpTrace Information: 0 : 34692, 8, 2022/10/11, 11:48:41.101, 3198787244357, vstest.console.dll, Accepted Client request and set the flag
TpTrace Verbose: 0 : 34692, 5, 2022/10/11, 11:48:41.101, 3198787245844, vstest.console.dll, ProxyDataCollectionManager.InvokeDataCollectionServiceAction: Starting.
TpTrace Information: 0 : 34692, 5, 2022/10/11, 11:48:41.102, 3198787247123, vstest.console.dll, ProxyDataCollectionManager.BeforeTestRunStart: Get environment variable and port for datacollector processId: 42800 port: 53375
TpTrace Verbose: 0 : 34692, 5, 2022/10/11, 11:48:41.102, 3198787248778, vstest.console.dll, DataCollectionRequestSender.SendBeforeTestRunStartAndGetResult: Send BeforeTestRunStart message with settingsXml <RunSettings><RunConfiguration><ResultsDirectory>C:\Users\luisf\Desktop\Repositori B1 Dev\OrbitService\OrbitService\test\Cancel-NFSe-Test\bin\Debug\netcoreapp3.1\fine-code-coverage\coverage-tool-output</ResultsDirectory><TargetPlatform>X64</TargetPlatform><TargetFrameworkVersion>.NETCoreApp,Version=v3.1</TargetFrameworkVersion><DesignMode>False</DesignMode><CollectSourceInformation>False</CollectSourceInformation><TestAdaptersPaths>c:\program files\dotnet\sdk\6.0.302\Extensions</TestAdaptersPaths></RunConfiguration><LoggerRunSettings><Loggers><Logger friendlyName="blame" enabled="True" /><Logger friendlyName="Console" uri="logger://microsoft/TestPlatform/ConsoleLogger/v1" assemblyQualifiedName="Microsoft.VisualStudio.TestPlatform.CommandLine.Internal.ConsoleLogger, vstest.console, Version=15.0.0.0, Culture=neutral, PublicKeyToken=b03f5f7f11d50a3a" codeBase="c:\program files\dotnet\sdk\6.0.302\vstest.console.dll" enabled="True" /></Loggers></LoggerRunSettings><DataCollectionRunSettings><DataCollectors><DataCollector friendlyName="blame" enabled="True"><Configuration><ResultsDirectory>C:\Users\luisf\Desktop\Repositori B1 Dev\OrbitService\OrbitService\test\Cancel-NFSe-Test\bin\Debug\netcoreapp3.1\fine-code-coverage\coverage-tool-output</ResultsDirectory></Configuration></DataCollector></DataCollectors></DataCollectionRunSettings></RunSettings> and sources System.Linq.Enumerable+Concat2Iterator`1[System.String]: 
TpTrace Verbose: 0 : 34692, 5, 2022/10/11, 11:48:41.189, 3198788123304, vstest.console.dll, DataCollectionRequestSender.SendBeforeTestRunStartAndGetResult: Received message: (DataCollection.SendMessage) -> {
  "FriendlyName": null,
  "Uri": null,
  "TestCaseId": "00000000-0000-0000-0000-000000000000",
  "Message": "Logging DataCollector Diagnostics in file: C:\\Users\\luisf\\Desktop\\Repositori B1 Dev\\OrbitService\\OrbitService\\test\\Cancel-NFSe-Test\\bin\\Debug\\netcoreapp3.1\\fine-code-coverage\\coverage-tool-output\\diagnostics.datacollector.22-10-11_11-48-40_90035_5.log",
  "Level": 0
}
TpTrace Verbose: 0 : 34692, 5, 2022/10/11, 11:48:41.292, 3198789149676, vstest.console.dll, DataCollectionRequestSender.SendBeforeTestRunStartAndGetResult: Received message: (DataCollection.BeforeTestRunStartResult) -> {
  "EnvironmentVariables": {},
  "DataCollectionEventsPort": 53377
}
TpTrace Information: 0 : 34692, 5, 2022/10/11, 11:48:41.299, 3198789217667, vstest.console.dll, ProxyDataCollectionManager.BeforeTestRunStart: SendBeforeTestRunStartAndGetResult successful, env variable from datacollector:   and testhost port: 53377
TpTrace Information: 0 : 34692, 5, 2022/10/11, 11:48:41.299, 3198789218636, vstest.console.dll, ProxyDataCollectionManager.InvokeDataCollectionServiceAction: Completed.
TpTrace Verbose: 0 : 34692, 1, 2022/10/11, 11:48:41.299, 3198789220371, vstest.console.dll, TestRunRequest.ExecuteAsync: Creating test run request.
TpTrace Verbose: 0 : 34692, 1, 2022/10/11, 11:48:41.299, 3198789224150, vstest.console.dll, TestRunRequest.ExecuteAsync: Starting.
TpTrace Information: 0 : 34692, 1, 2022/10/11, 11:48:41.300, 3198789228297, vstest.console.dll, TestRunRequest.ExecuteAsync: Starting run with settings:TestRunCriteria:
   KeepAlive=False,FrequencyOfRunStatsChangeEvent=10,RunStatsChangeEventTimeout=00:00:01.5000000,TestCaseFilter=,TestExecutorLauncher=
   Settingsxml=<RunSettings>
  <RunConfiguration>
    <ResultsDirectory>C:\Users\luisf\Desktop\Repositori B1 Dev\OrbitService\OrbitService\test\Cancel-NFSe-Test\bin\Debug\netcoreapp3.1\fine-code-coverage\coverage-tool-output</ResultsDirectory>
    <TargetPlatform>X64</TargetPlatform>
    <TargetFrameworkVersion>.NETCoreApp,Version=v3.1</TargetFrameworkVersion>
    <DesignMode>False</DesignMode>
    <CollectSourceInformation>False</CollectSourceInformation>
  </RunConfiguration>
  <LoggerRunSettings>
    <Loggers>
      <Logger friendlyName="blame" enabled="True" />
      <Logger friendlyName="Console" uri="logger://microsoft/TestPlatform/ConsoleLogger/v1" assemblyQualifiedName="Microsoft.VisualStudio.TestPlatform.CommandLine.Internal.ConsoleLogger, vstest.console, Version=15.0.0.0, Culture=neutral, PublicKeyToken=b03f5f7f11d50a3a" codeBase="c:\program files\dotnet\sdk\6.0.302\vstest.console.dll" enabled="True" />
    </Loggers>
  </LoggerRunSettings>
  <DataCollectionRunSettings>
    <DataCollectors>
      <DataCollector friendlyName="blame" enabled="True">
        <Configuration>
          <ResultsDirectory>C:\Users\luisf\Desktop\Repositori B1 Dev\OrbitService\OrbitService\test\Cancel-NFSe-Test\bin\Debug\netcoreapp3.1\fine-code-coverage\coverage-tool-output</ResultsDirectory>
        </Configuration>
      </DataCollector>
    </DataCollectors>
  </DataCollectionRunSettings>
</RunSettings>

TpTrace Verbose: 0 : 34692, 1, 2022/10/11, 11:48:41.300, 3198789229277, vstest.console.dll, TestRunRequest.ExecuteAsync: Wait for the first run request is over.
TpTrace Verbose: 0 : 34692, 1, 2022/10/11, 11:48:41.300, 3198789233448, vstest.console.dll, MulticastDelegateUtilities.SafeInvoke: TestRun.TestRunStart: Invoking callbacks was skipped because there are no subscribers.
TpTrace Verbose: 0 : 34692, 1, 2022/10/11, 11:48:41.300, 3198789235975, vstest.console.dll, ParallelProxyExecutionManager: Start execution. Total sources: 1
TpTrace Verbose: 0 : 34692, 4, 2022/10/11, 11:48:41.300, 3198789236243, vstest.console.dll, MulticastDelegateUtilities.SafeInvoke: InternalTestLoggerEvents.SendTestRunStart: Invoking callback 1/1 for Microsoft.VisualStudio.TestPlatform.CommandLine.Internal.ConsoleLogger.TestRunStartHandler, took 0 ms.
TpTrace Information: 0 : 34692, 1, 2022/10/11, 11:48:41.301, 3198789245042, vstest.console.dll, ProxyParallelExecutionManager: Triggering test run for next source: C:\Users\luisf\Desktop\Repositori B1 Dev\OrbitService\OrbitService\test\Cancel-NFSe-Test\bin\Debug\netcoreapp3.1\fine-code-coverage\build-output\OrbitService_Test_Cancel_NFSe.dll
TpTrace Verbose: 0 : 34692, 5, 2022/10/11, 11:48:41.302, 3198789247198, vstest.console.dll, ParallelProxyExecutionManager: Execution started. Started clients: 1
TpTrace Verbose: 0 : 34692, 1, 2022/10/11, 11:48:41.302, 3198789247310, vstest.console.dll, ProxyParallelExecutionManager: No sources available for execution.
TpTrace Information: 0 : 34692, 1, 2022/10/11, 11:48:41.302, 3198789248920, vstest.console.dll, TestRunRequest.ExecuteAsync: Started.
TpTrace Verbose: 0 : 34692, 1, 2022/10/11, 11:48:41.302, 3198789249887, vstest.console.dll, TestRunRequest.WaitForCompletion: Waiting with timeout -1.
TpTrace Verbose: 0 : 34692, 5, 2022/10/11, 11:48:41.302, 3198789251069, vstest.console.dll, TestRunRequest:SendTestRunMessage: Starting.
TpTrace Verbose: 0 : 34692, 5, 2022/10/11, 11:48:41.302, 3198789253054, vstest.console.dll, MulticastDelegateUtilities.SafeInvoke: TestRun.LogMessages: Invoking callback 1/1 for Microsoft.VisualStudio.TestPlatform.CommandLine.TestRunResultAggregator.TestRunMessageHandler, took 0 ms.
TpTrace Verbose: 0 : 34692, 4, 2022/10/11, 11:48:41.302, 3198789253421, vstest.console.dll, MulticastDelegateUtilities.SafeInvoke: InternalTestLoggerEvents.SendTestRunMessage: Invoking callback 1/1 for Microsoft.VisualStudio.TestPlatform.CommandLine.Internal.ConsoleLogger.TestMessageHandler, took 0 ms.
TpTrace Information: 0 : 34692, 5, 2022/10/11, 11:48:41.302, 3198789253646, vstest.console.dll, TestRunRequest:SendTestRunMessage: Completed.
TpTrace Verbose: 0 : 34692, 5, 2022/10/11, 11:48:41.303, 3198789257818, vstest.console.dll, ProxyExecutionManager: Test host is always Lazy initialize.
TpTrace Verbose: 0 : 34692, 5, 2022/10/11, 11:48:41.303, 3198789260661, vstest.console.dll, TestRequestSender.InitializeCommunication: initialize communication. 
TpTrace Information: 0 : 34692, 5, 2022/10/11, 11:48:41.303, 3198789266425, vstest.console.dll, SocketServer.Start: Listening on endpoint : 127.0.0.1:53378
TpTrace Verbose: 0 : 34692, 5, 2022/10/11, 11:48:41.304, 3198789274578, vstest.console.dll, DotnetTestHostmanager.GetTestHostProcessStartInfo: Platform environment 'X64' target architecture 'X64' framework '.NETCoreApp,Version=v3.1' OS 'Windows'
TpTrace Verbose: 0 : 34692, 5, 2022/10/11, 11:48:41.305, 3198789277110, vstest.console.dll, DotnetTestHostmanager: Adding  --runtimeconfig "C:\Users\luisf\Desktop\Repositori B1 Dev\OrbitService\OrbitService\test\Cancel-NFSe-Test\bin\Debug\netcoreapp3.1\fine-code-coverage\build-output\OrbitService_Test_Cancel_NFSe.runtimeconfig.json" in args
TpTrace Verbose: 0 : 34692, 5, 2022/10/11, 11:48:41.305, 3198789278734, vstest.console.dll, DotnetTestHostmanager: Adding  --depsfile "C:\Users\luisf\Desktop\Repositori B1 Dev\OrbitService\OrbitService\test\Cancel-NFSe-Test\bin\Debug\netcoreapp3.1\fine-code-coverage\build-output\OrbitService_Test_Cancel_NFSe.deps.json" in args
TpTrace Verbose: 0 : 34692, 5, 2022/10/11, 11:48:41.305, 3198789282928, vstest.console.dll, DotnetTestHostmanager.IsWinOnArm: Current PROCESSOR_ARCHITECTURE from environment variable 'AMD64'
TpTrace Verbose: 0 : 34692, 5, 2022/10/11, 11:48:41.305, 3198789284442, vstest.console.dll, DotnetTestHostmanager.IsWinOnArm: Is Windows on ARM 'False'
TpTrace Verbose: 0 : 34692, 5, 2022/10/11, 11:48:41.305, 3198789285895, vstest.console.dll, DotnetTestHostManager: testhost.exe found at path: C:\Users\luisf\Desktop\Repositori B1 Dev\OrbitService\OrbitService\test\Cancel-NFSe-Test\bin\Debug\netcoreapp3.1\fine-code-coverage\build-output\testhost.exe
TpTrace Verbose: 0 : 34692, 5, 2022/10/11, 11:48:41.305, 3198789286588, vstest.console.dll, DotnetTestHostmanager: Full path of host exe is C:\Users\luisf\Desktop\Repositori B1 Dev\OrbitService\OrbitService\test\Cancel-NFSe-Test\bin\Debug\netcoreapp3.1\fine-code-coverage\build-output\testhost.exe
TpTrace Verbose: 0 : 34692, 5, 2022/10/11, 11:48:41.306, 3198789288325, vstest.console.dll, DotnetTestHostmanager.LaunchTestHostAsync: Found 'VSTEST_WINAPPHOST_DOTNET_ROOT' in env variables, value 'c:\program files\dotnet', forwarding to 'DOTNET_ROOT'
TpTrace Verbose: 0 : 34692, 7, 2022/10/11, 11:48:41.307, 3198789297899, vstest.console.dll, DotnetTestHostManager: Starting process 'C:\Users\luisf\Desktop\Repositori B1 Dev\OrbitService\OrbitService\test\Cancel-NFSe-Test\bin\Debug\netcoreapp3.1\fine-code-coverage\build-output\testhost.exe' with command line ' --runtimeconfig "C:\Users\luisf\Desktop\Repositori B1 Dev\OrbitService\OrbitService\test\Cancel-NFSe-Test\bin\Debug\netcoreapp3.1\fine-code-coverage\build-output\OrbitService_Test_Cancel_NFSe.runtimeconfig.json" --depsfile "C:\Users\luisf\Desktop\Repositori B1 Dev\OrbitService\OrbitService\test\Cancel-NFSe-Test\bin\Debug\netcoreapp3.1\fine-code-coverage\build-output\OrbitService_Test_Cancel_NFSe.deps.json" --port 53378 --endpoint 127.0.0.1:053378 --role client --parentprocessid 34692 --diag "C:\Users\luisf\Desktop\Repositori B1 Dev\OrbitService\OrbitService\test\Cancel-NFSe-Test\bin\Debug\netcoreapp3.1\fine-code-coverage\coverage-tool-output\diagnostics.host.22-10-11_11-48-41_30441_5.log" --tracelevel 4 --datacollectionport 53377 --telemetryoptedin false'
TpTrace Verbose: 0 : 34692, 7, 2022/10/11, 11:48:41.314, 3198789368955, vstest.console.dll, MulticastDelegateUtilities.SafeInvoke: HostProviderEvents.OnHostLaunched: Invoking callback 1/2 for Microsoft.VisualStudio.TestPlatform.CrossPlatEngine.Client.ProxyExecutionManagerWithDataCollection.TestHostLaunchedHandler, took 1 ms.
TpTrace Verbose: 0 : 34692, 7, 2022/10/11, 11:48:41.314, 3198789369946, vstest.console.dll, Test Runtime launched
TpTrace Verbose: 0 : 34692, 7, 2022/10/11, 11:48:41.314, 3198789370616, vstest.console.dll, MulticastDelegateUtilities.SafeInvoke: HostProviderEvents.OnHostLaunched: Invoking callback 2/2 for Microsoft.VisualStudio.TestPlatform.CrossPlatEngine.Client.ProxyOperationManager.TestHostManagerHostLaunched, took 0 ms.
TpTrace Verbose: 0 : 34692, 5, 2022/10/11, 11:48:41.314, 3198789376589, vstest.console.dll, TestRequestSender.WaitForRequestHandlerConnection: waiting for connection with timeout: 90000.
TpTrace Verbose: 0 : 34692, 7, 2022/10/11, 11:48:41.572, 3198791955019, vstest.console.dll, MulticastDelegateUtilities.SafeInvoke: SocketServer: ClientConnected: Invoking callback 1/1 for Microsoft.VisualStudio.TestPlatform.CommunicationUtilities.TestRequestSender.<InitializeCommunication>b__23_0, took 0 ms.
TpTrace Verbose: 0 : 34692, 7, 2022/10/11, 11:48:41.572, 3198791956023, vstest.console.dll, SocketServer.OnClientConnected: Client connected for endPoint: 127.0.0.1:53378, starting MessageLoopAsync:
TpTrace Verbose: 0 : 34692, 5, 2022/10/11, 11:48:41.572, 3198791955088, vstest.console.dll, TestRequestSender.WaitForRequestHandlerConnection: waiting took 257 ms, with timeout 90000 ms, and result 0, which is success.
TpTrace Verbose: 0 : 34692, 14, 2022/10/11, 11:48:41.573, 3198791958176, vstest.console.dll, TcpClientExtensions.MessageLoopAsync: Polling on remoteEndPoint: 127.0.0.1:53380 localEndPoint: 127.0.0.1:53378
TpTrace Verbose: 0 : 34692, 5, 2022/10/11, 11:48:41.574, 3198791967294, vstest.console.dll, TestRequestSender.CheckVersionWithTestHost: Sending check version message: {"MessageType":"ProtocolVersion","Payload":6}
TpTrace Verbose: 0 : 34692, 14, 2022/10/11, 11:48:41.765, 3198793886588, vstest.console.dll, TcpClientExtensions.MessageLoopAsync: NotifyDataAvailable remoteEndPoint: 127.0.0.1:53380 localEndPoint: 127.0.0.1:53378
TpTrace Verbose: 0 : 34692, 14, 2022/10/11, 11:48:41.766, 3198793889661, vstest.console.dll, TestRequestSender.CheckVersionWithTestHost: onMessageReceived received message: (ProtocolVersion) -> 5
TpTrace Verbose: 0 : 34692, 14, 2022/10/11, 11:48:41.766, 3198793894671, vstest.console.dll, MulticastDelegateUtilities.SafeInvoke: LengthPrefixCommunicationChannel: MessageReceived: Invoking callback 1/1 for Microsoft.VisualStudio.TestPlatform.CommunicationUtilities.TestRequestSender+<>c__DisplayClass25_0.<CheckVersionWithTestHost>b__0, took 0 ms.
TpTrace Verbose: 0 : 34692, 14, 2022/10/11, 11:48:41.766, 3198793895671, vstest.console.dll, TcpClientExtensions.MessageLoopAsync: Polling on remoteEndPoint: 127.0.0.1:53380 localEndPoint: 127.0.0.1:53378
TpTrace Verbose: 0 : 34692, 5, 2022/10/11, 11:48:41.766, 3198793895943, vstest.console.dll, TestPluginCache.GetExtensionPaths: Filtered extension paths: 
TpTrace Verbose: 0 : 34692, 5, 2022/10/11, 11:48:41.767, 3198793896783, vstest.console.dll, TestPluginCache.GetExtensionPaths: Added default extension paths: c:\program files\dotnet\sdk\6.0.302\Extensions\DumpMinitool.exe
c:\program files\dotnet\sdk\6.0.302\Extensions\DumpMinitool.x86.exe
c:\program files\dotnet\sdk\6.0.302\Extensions\Microsoft.Diagnostics.NETCore.Client.dll
c:\program files\dotnet\sdk\6.0.302\Extensions\Microsoft.TestPlatform.Extensions.BlameDataCollector.dll
c:\program files\dotnet\sdk\6.0.302\Extensions\Microsoft.TestPlatform.Extensions.EventLogCollector.dll
c:\program files\dotnet\sdk\6.0.302\Extensions\Microsoft.TestPlatform.TestHostRuntimeProvider.dll
c:\program files\dotnet\sdk\6.0.302\Extensions\Microsoft.VisualStudio.TestPlatform.Extensions.Html.TestLogger.dll
c:\program files\dotnet\sdk\6.0.302\Extensions\Microsoft.VisualStudio.TestPlatform.Extensions.Trx.TestLogger.dll
TpTrace Verbose: 0 : 34692, 5, 2022/10/11, 11:48:41.767, 3198793897340, vstest.console.dll, TestPluginCache.GetExtensionPaths: Added unfilterableExtensionPaths: 
TpTrace Verbose: 0 : 34692, 5, 2022/10/11, 11:48:41.771, 3198793940161, vstest.console.dll, TestRequestSender.InitializeExecution: Sending initialize execution with message: {"Version":5,"MessageType":"TestExecution.Initialize","Payload":["C:\\Users\\luisf\\Desktop\\Repositori B1 Dev\\OrbitService\\OrbitService\\test\\Cancel-NFSe-Test\\bin\\Debug\\netcoreapp3.1\\fine-code-coverage\\build-output\\xunit.runner.visualstudio.dotnetcore.testadapter.dll"]}
TpTrace Warning: 0 : 34692, 5, 2022/10/11, 11:48:41.771, 3198793944644, vstest.console.dll, InferRunSettingsHelper.MakeRunsettingsCompatible: Removing the following settings: TargetPlatform from RunSettings file. To use those settings please move to latest version of Microsoft.NET.Test.Sdk
TpTrace Verbose: 0 : 34692, 14, 2022/10/11, 11:48:41.781, 3198794038742, vstest.console.dll, TcpClientExtensions.MessageLoopAsync: NotifyDataAvailable remoteEndPoint: 127.0.0.1:53380 localEndPoint: 127.0.0.1:53378
TpTrace Verbose: 0 : 34692, 14, 2022/10/11, 11:48:41.781, 3198794040705, vstest.console.dll, TestRequestSender.OnExecutionMessageReceived: Received message: {"Version":5,"MessageType":"TestSession.Message","Payload":{"MessageLevel":0,"Message":"Logging TestHost Diagnostics in file: C:\\Users\\luisf\\Desktop\\Repositori B1 Dev\\OrbitService\\OrbitService\\test\\Cancel-NFSe-Test\\bin\\Debug\\netcoreapp3.1\\fine-code-coverage\\coverage-tool-output\\diagnostics.host.22-10-11_11-48-41_30441_5.log"}}
TpTrace Verbose: 0 : 34692, 5, 2022/10/11, 11:48:41.782, 3198794048766, vstest.console.dll, TestRequestSender.StartTestRun: Sending test run with message: {"Version":5,"MessageType":"TestExecution.StartWithSources","Payload":{"AdapterSourceMap":{"_none_":["C:\\Users\\luisf\\Desktop\\Repositori B1 Dev\\OrbitService\\OrbitService\\test\\Cancel-NFSe-Test\\bin\\Debug\\netcoreapp3.1\\fine-code-coverage\\build-output\\OrbitService_Test_Cancel_NFSe.dll"]},"RunSettings":"<RunSettings>\r\n  <RunConfiguration>\r\n    <ResultsDirectory>C:\\Users\\luisf\\Desktop\\Repositori B1 Dev\\OrbitService\\OrbitService\\test\\Cancel-NFSe-Test\\bin\\Debug\\netcoreapp3.1\\fine-code-coverage\\coverage-tool-output</ResultsDirectory>\r\n    <TargetFrameworkVersion>.NETCoreApp,Version=v3.1</TargetFrameworkVersion>\r\n    <DesignMode>False</DesignMode>\r\n    <CollectSourceInformation>False</CollectSourceInformation>\r\n  </RunConfiguration>\r\n  <LoggerRunSettings>\r\n    <Loggers>\r\n      <Logger friendlyName=\"blame\" enabled=\"True\" />\r\n      <Logger friendlyName=\"Console\" uri=\"logger://microsoft/TestPlatform/ConsoleLogger/v1\" assemblyQualifiedName=\"Microsoft.VisualStudio.TestPlatform.CommandLine.Internal.ConsoleLogger, vstest.console, Version=15.0.0.0, Culture=neutral, PublicKeyToken=b03f5f7f11d50a3a\" codeBase=\"c:\\program files\\dotnet\\sdk\\6.0.302\\vstest.console.dll\" enabled=\"True\" />\r\n    </Loggers>\r\n  </LoggerRunSettings>\r\n  <DataCollectionRunSettings>\r\n    <DataCollectors>\r\n      <DataCollector friendlyName=\"blame\" enabled=\"True\">\r\n        <Configuration>\r\n          <ResultsDirectory>C:\\Users\\luisf\\Desktop\\Repositori B1 Dev\\OrbitService\\OrbitService\\test\\Cancel-NFSe-Test\\bin\\Debug\\netcoreapp3.1\\fine-code-coverage\\coverage-tool-output</ResultsDirectory>\r\n        </Configuration>\r\n      </DataCollector>\r\n    </DataCollectors>\r\n  </DataCollectionRunSettings>\r\n</RunSettings>","TestExecutionContext":{"FrequencyOfRunStatsChangeEvent":10,"RunStatsChangeEventTimeout":"00:00:01.5000000","InIsolation":false,"KeepAlive":false,"AreTestCaseLevelEventsRequired":false,"IsDebug":false,"TestCaseFilter":null,"FilterOptions":null},"Package":null}}
TpTrace Verbose: 0 : 34692, 14, 2022/10/11, 11:48:41.783, 3198794063707, vstest.console.dll, TestRunRequest:SendTestRunMessage: Starting.
TpTrace Verbose: 0 : 34692, 14, 2022/10/11, 11:48:41.783, 3198794064826, vstest.console.dll, MulticastDelegateUtilities.SafeInvoke: TestRun.LogMessages: Invoking callback 1/1 for Microsoft.VisualStudio.TestPlatform.CommandLine.TestRunResultAggregator.TestRunMessageHandler, took 0 ms.
TpTrace Verbose: 0 : 34692, 4, 2022/10/11, 11:48:41.783, 3198794065273, vstest.console.dll, MulticastDelegateUtilities.SafeInvoke: InternalTestLoggerEvents.SendTestRunMessage: Invoking callback 1/1 for Microsoft.VisualStudio.TestPlatform.CommandLine.Internal.ConsoleLogger.TestMessageHandler, took 0 ms.
TpTrace Information: 0 : 34692, 14, 2022/10/11, 11:48:41.783, 3198794065292, vstest.console.dll, TestRunRequest:SendTestRunMessage: Completed.
TpTrace Verbose: 0 : 34692, 14, 2022/10/11, 11:48:41.784, 3198794066943, vstest.console.dll, MulticastDelegateUtilities.SafeInvoke: LengthPrefixCommunicationChannel: MessageReceived: Invoking callback 1/1 for Microsoft.VisualStudio.TestPlatform.CommunicationUtilities.TestRequestSender+<>c__DisplayClass30_0.<StartTestRun>b__1, took 2 ms.
TpTrace Verbose: 0 : 34692, 14, 2022/10/11, 11:48:41.784, 3198794067546, vstest.console.dll, TcpClientExtensions.MessageLoopAsync: Polling on remoteEndPoint: 127.0.0.1:53380 localEndPoint: 127.0.0.1:53378
TpTrace Verbose: 0 : 34692, 14, 2022/10/11, 11:48:41.982, 3198796048846, vstest.console.dll, TcpClientExtensions.MessageLoopAsync: NotifyDataAvailable remoteEndPoint: 127.0.0.1:53380 localEndPoint: 127.0.0.1:53378
TpTrace Verbose: 0 : 34692, 14, 2022/10/11, 11:48:41.982, 3198796050551, vstest.console.dll, TestRequestSender.OnExecutionMessageReceived: Received message: {"Version":5,"MessageType":"TestSession.Message","Payload":{"MessageLevel":0,"Message":"[xUnit.net 00:00:00.00] xUnit.net VSTest Adapter v2.4.3+1b45f5407b (64-bit .NET Core 3.1.27)"}}
TpTrace Verbose: 0 : 34692, 14, 2022/10/11, 11:48:41.982, 3198796053975, vstest.console.dll, TestRunRequest:SendTestRunMessage: Starting.
TpTrace Verbose: 0 : 34692, 14, 2022/10/11, 11:48:41.982, 3198796054848, vstest.console.dll, MulticastDelegateUtilities.SafeInvoke: TestRun.LogMessages: Invoking callback 1/1 for Microsoft.VisualStudio.TestPlatform.CommandLine.TestRunResultAggregator.TestRunMessageHandler, took 0 ms.
TpTrace Information: 0 : 34692, 14, 2022/10/11, 11:48:41.982, 3198796056394, vstest.console.dll, TestRunRequest:SendTestRunMessage: Completed.
TpTrace Verbose: 0 : 34692, 4, 2022/10/11, 11:48:41.982, 3198796055210, vstest.console.dll, MulticastDelegateUtilities.SafeInvoke: InternalTestLoggerEvents.SendTestRunMessage: Invoking callback 1/1 for Microsoft.VisualStudio.TestPlatform.CommandLine.Internal.ConsoleLogger.TestMessageHandler, took 0 ms.
TpTrace Verbose: 0 : 34692, 14, 2022/10/11, 11:48:41.983, 3198796057004, vstest.console.dll, MulticastDelegateUtilities.SafeInvoke: LengthPrefixCommunicationChannel: MessageReceived: Invoking callback 1/1 for Microsoft.VisualStudio.TestPlatform.CommunicationUtilities.TestRequestSender+<>c__DisplayClass30_0.<StartTestRun>b__1, took 0 ms.
TpTrace Verbose: 0 : 34692, 14, 2022/10/11, 11:48:41.983, 3198796058340, vstest.console.dll, TcpClientExtensions.MessageLoopAsync: Polling on remoteEndPoint: 127.0.0.1:53380 localEndPoint: 127.0.0.1:53378
TpTrace Verbose: 0 : 34692, 14, 2022/10/11, 11:48:42.985, 3198806083099, vstest.console.dll, TcpClientExtensions.MessageLoopAsync: Polling on remoteEndPoint: 127.0.0.1:53380 localEndPoint: 127.0.0.1:53378
TpTrace Verbose: 0 : 34692, 14, 2022/10/11, 11:48:43.272, 3198808948110, vstest.console.dll, TcpClientExtensions.MessageLoopAsync: NotifyDataAvailable remoteEndPoint: 127.0.0.1:53380 localEndPoint: 127.0.0.1:53378
TpTrace Verbose: 0 : 34692, 14, 2022/10/11, 11:48:43.272, 3198808949820, vstest.console.dll, TestRequestSender.OnExecutionMessageReceived: Received message: {"Version":5,"MessageType":"TestSession.Message","Payload":{"MessageLevel":0,"Message":"[xUnit.net 00:00:01.29]   Discovering: OrbitService_Test_Cancel_NFSe"}}
TpTrace Verbose: 0 : 34692, 14, 2022/10/11, 11:48:43.272, 3198808952628, vstest.console.dll, TestRunRequest:SendTestRunMessage: Starting.
TpTrace Verbose: 0 : 34692, 14, 2022/10/11, 11:48:43.272, 3198808953557, vstest.console.dll, MulticastDelegateUtilities.SafeInvoke: TestRun.LogMessages: Invoking callback 1/1 for Microsoft.VisualStudio.TestPlatform.CommandLine.TestRunResultAggregator.TestRunMessageHandler, took 0 ms.
TpTrace Information: 0 : 34692, 14, 2022/10/11, 11:48:43.272, 3198808953949, vstest.console.dll, TestRunRequest:SendTestRunMessage: Completed.
TpTrace Verbose: 0 : 34692, 4, 2022/10/11, 11:48:43.272, 3198808953932, vstest.console.dll, MulticastDelegateUtilities.SafeInvoke: InternalTestLoggerEvents.SendTestRunMessage: Invoking callback 1/1 for Microsoft.VisualStudio.TestPlatform.CommandLine.Internal.ConsoleLogger.TestMessageHandler, took 0 ms.
TpTrace Verbose: 0 : 34692, 14, 2022/10/11, 11:48:43.272, 3198808954316, vstest.console.dll, MulticastDelegateUtilities.SafeInvoke: LengthPrefixCommunicationChannel: MessageReceived: Invoking callback 1/1 for Microsoft.VisualStudio.TestPlatform.CommunicationUtilities.TestRequestSender+<>c__DisplayClass30_0.<StartTestRun>b__1, took 0 ms.
TpTrace Verbose: 0 : 34692, 14, 2022/10/11, 11:48:43.272, 3198808955405, vstest.console.dll, TcpClientExtensions.MessageLoopAsync: Polling on remoteEndPoint: 127.0.0.1:53380 localEndPoint: 127.0.0.1:53378
TpTrace Verbose: 0 : 34692, 14, 2022/10/11, 11:48:43.315, 3198809386548, vstest.console.dll, TcpClientExtensions.MessageLoopAsync: NotifyDataAvailable remoteEndPoint: 127.0.0.1:53380 localEndPoint: 127.0.0.1:53378
TpTrace Verbose: 0 : 34692, 14, 2022/10/11, 11:48:43.316, 3198809387807, vstest.console.dll, TestRequestSender.OnExecutionMessageReceived: Received message: {"Version":5,"MessageType":"TestSession.Message","Payload":{"MessageLevel":0,"Message":"[xUnit.net 00:00:01.33]   Discovered:  OrbitService_Test_Cancel_NFSe"}}
TpTrace Verbose: 0 : 34692, 14, 2022/10/11, 11:48:43.316, 3198809389484, vstest.console.dll, TestRunRequest:SendTestRunMessage: Starting.
TpTrace Verbose: 0 : 34692, 14, 2022/10/11, 11:48:43.316, 3198809390335, vstest.console.dll, MulticastDelegateUtilities.SafeInvoke: TestRun.LogMessages: Invoking callback 1/1 for Microsoft.VisualStudio.TestPlatform.CommandLine.TestRunResultAggregator.TestRunMessageHandler, took 0 ms.
TpTrace Information: 0 : 34692, 14, 2022/10/11, 11:48:43.316, 3198809390850, vstest.console.dll, TestRunRequest:SendTestRunMessage: Completed.
TpTrace Verbose: 0 : 34692, 4, 2022/10/11, 11:48:43.316, 3198809390572, vstest.console.dll, MulticastDelegateUtilities.SafeInvoke: InternalTestLoggerEvents.SendTestRunMessage: Invoking callback 1/1 for Microsoft.VisualStudio.TestPlatform.CommandLine.Internal.ConsoleLogger.TestMessageHandler, took 0 ms.
TpTrace Verbose: 0 : 34692, 14, 2022/10/11, 11:48:43.316, 3198809391293, vstest.console.dll, MulticastDelegateUtilities.SafeInvoke: LengthPrefixCommunicationChannel: MessageReceived: Invoking callback 1/1 for Microsoft.VisualStudio.TestPlatform.CommunicationUtilities.TestRequestSender+<>c__DisplayClass30_0.<StartTestRun>b__1, took 0 ms.
TpTrace Verbose: 0 : 34692, 14, 2022/10/11, 11:48:43.316, 3198809392487, vstest.console.dll, TcpClientExtensions.MessageLoopAsync: Polling on remoteEndPoint: 127.0.0.1:53380 localEndPoint: 127.0.0.1:53378
TpTrace Verbose: 0 : 34692, 14, 2022/10/11, 11:48:43.319, 3198809417673, vstest.console.dll, TcpClientExtensions.MessageLoopAsync: NotifyDataAvailable remoteEndPoint: 127.0.0.1:53380 localEndPoint: 127.0.0.1:53378
TpTrace Verbose: 0 : 34692, 14, 2022/10/11, 11:48:43.319, 3198809418941, vstest.console.dll, TestRequestSender.OnExecutionMessageReceived: Received message: {"Version":5,"MessageType":"TestSession.Message","Payload":{"MessageLevel":0,"Message":"[xUnit.net 00:00:01.34]   Starting:    OrbitService_Test_Cancel_NFSe"}}
TpTrace Verbose: 0 : 34692, 14, 2022/10/11, 11:48:43.319, 3198809420493, vstest.console.dll, TestRunRequest:SendTestRunMessage: Starting.
TpTrace Verbose: 0 : 34692, 14, 2022/10/11, 11:48:43.319, 3198809421168, vstest.console.dll, MulticastDelegateUtilities.SafeInvoke: TestRun.LogMessages: Invoking callback 1/1 for Microsoft.VisualStudio.TestPlatform.CommandLine.TestRunResultAggregator.TestRunMessageHandler, took 0 ms.
TpTrace Verbose: 0 : 34692, 4, 2022/10/11, 11:48:43.319, 3198809421385, vstest.console.dll, MulticastDelegateUtilities.SafeInvoke: InternalTestLoggerEvents.SendTestRunMessage: Invoking callback 1/1 for Microsoft.VisualStudio.TestPlatform.CommandLine.Internal.ConsoleLogger.TestMessageHandler, took 0 ms.
TpTrace Information: 0 : 34692, 14, 2022/10/11, 11:48:43.319, 3198809421663, vstest.console.dll, TestRunRequest:SendTestRunMessage: Completed.
TpTrace Verbose: 0 : 34692, 14, 2022/10/11, 11:48:43.319, 3198809422795, vstest.console.dll, MulticastDelegateUtilities.SafeInvoke: LengthPrefixCommunicationChannel: MessageReceived: Invoking callback 1/1 for Microsoft.VisualStudio.TestPlatform.CommunicationUtilities.TestRequestSender+<>c__DisplayClass30_0.<StartTestRun>b__1, took 0 ms.
TpTrace Verbose: 0 : 34692, 14, 2022/10/11, 11:48:43.319, 3198809423181, vstest.console.dll, TcpClientExtensions.MessageLoopAsync: Polling on remoteEndPoint: 127.0.0.1:53380 localEndPoint: 127.0.0.1:53378
TpTrace Verbose: 0 : 34692, 14, 2022/10/11, 11:48:43.418, 3198810411098, vstest.console.dll, TcpClientExtensions.MessageLoopAsync: NotifyDataAvailable remoteEndPoint: 127.0.0.1:53380 localEndPoint: 127.0.0.1:53378
TpTrace Verbose: 0 : 34692, 14, 2022/10/11, 11:48:43.418, 3198810413399, vstest.console.dll, TestRequestSender.OnExecutionMessageReceived: Received message: {"Version":5,"MessageType":"TestExecution.StatsChange","Payload":{"NewTestResults":[],"TestRunStatistics":{"ExecutedTests":0,"Stats":{}},"ActiveTests":[{"Id":"2f59579c-fe38-c0f0-c2cd-e3ec9da9cc2b","FullyQualifiedName":"OrbitService_Test_Cancel_NFSe.OutboundDFe.services.OutboundDFeDocumentCancelServiceNFSeTest.ShouldExecutRequestCancelToOrbit","DisplayName":"OrbitService_Test_Cancel_NFSe.OutboundDFe.services.OutboundDFeDocumentCancelServiceNFSeTest.ShouldExecutRequestCancelToOrbit","ExecutorUri":"executor://xunit/VsTestRunner2/netcoreapp","Source":"C:\\Users\\luisf\\Desktop\\Repositori B1 Dev\\OrbitService\\OrbitService\\test\\Cancel-NFSe-Test\\bin\\Debug\\netcoreapp3.1\\fine-code-coverage\\build-output\\OrbitService_Test_Cancel_NFSe.dll","CodeFilePath":null,"LineNumber":0,"Properties":[]}]}}
TpTrace Verbose: 0 : 34692, 14, 2022/10/11, 11:48:43.433, 3198810558769, vstest.console.dll, TestRunRequest:SendTestRunStatsChange: Starting.
TpTrace Verbose: 0 : 34692, 14, 2022/10/11, 11:48:43.433, 3198810560031, vstest.console.dll, InProgress is OrbitService_Test_Cancel_NFSe.OutboundDFe.services.OutboundDFeDocumentCancelServiceNFSeTest.ShouldExecutRequestCancelToOrbit
TpTrace Verbose: 0 : 34692, 14, 2022/10/11, 11:48:43.433, 3198810561221, vstest.console.dll, MulticastDelegateUtilities.SafeInvoke: TestRun.RunStatsChanged: Invoking callbacks was skipped because there are no subscribers.
TpTrace Information: 0 : 34692, 14, 2022/10/11, 11:48:43.433, 3198810561700, vstest.console.dll, TestRunRequest:SendTestRunStatsChange: Completed.
TpTrace Verbose: 0 : 34692, 14, 2022/10/11, 11:48:43.433, 3198810562104, vstest.console.dll, MulticastDelegateUtilities.SafeInvoke: LengthPrefixCommunicationChannel: MessageReceived: Invoking callback 1/1 for Microsoft.VisualStudio.TestPlatform.CommunicationUtilities.TestRequestSender+<>c__DisplayClass30_0.<StartTestRun>b__1, took 14 ms.
TpTrace Verbose: 0 : 34692, 14, 2022/10/11, 11:48:43.433, 3198810562646, vstest.console.dll, TcpClientExtensions.MessageLoopAsync: Polling on remoteEndPoint: 127.0.0.1:53380 localEndPoint: 127.0.0.1:53378
TpTrace Verbose: 0 : 34692, 14, 2022/10/11, 11:48:43.559, 3198811819122, vstest.console.dll, TcpClientExtensions.MessageLoopAsync: NotifyDataAvailable remoteEndPoint: 127.0.0.1:53380 localEndPoint: 127.0.0.1:53378
TpTrace Verbose: 0 : 34692, 14, 2022/10/11, 11:48:43.559, 3198811820511, vstest.console.dll, TestRequestSender.OnExecutionMessageReceived: Received message: {"Version":5,"MessageType":"TestSession.Message","Payload":{"MessageLevel":0,"Message":"[xUnit.net 00:00:01.58]   Finished:    OrbitService_Test_Cancel_NFSe"}}
TpTrace Verbose: 0 : 34692, 14, 2022/10/11, 11:48:43.559, 3198811822227, vstest.console.dll, TestRunRequest:SendTestRunMessage: Starting.
TpTrace Verbose: 0 : 34692, 14, 2022/10/11, 11:48:43.559, 3198811823261, vstest.console.dll, MulticastDelegateUtilities.SafeInvoke: TestRun.LogMessages: Invoking callback 1/1 for Microsoft.VisualStudio.TestPlatform.CommandLine.TestRunResultAggregator.TestRunMessageHandler, took 0 ms.
TpTrace Information: 0 : 34692, 14, 2022/10/11, 11:48:43.559, 3198811823629, vstest.console.dll, TestRunRequest:SendTestRunMessage: Completed.
TpTrace Verbose: 0 : 34692, 4, 2022/10/11, 11:48:43.559, 3198811823715, vstest.console.dll, MulticastDelegateUtilities.SafeInvoke: InternalTestLoggerEvents.SendTestRunMessage: Invoking callback 1/1 for Microsoft.VisualStudio.TestPlatform.CommandLine.Internal.ConsoleLogger.TestMessageHandler, took 0 ms.
TpTrace Verbose: 0 : 34692, 14, 2022/10/11, 11:48:43.559, 3198811825148, vstest.console.dll, MulticastDelegateUtilities.SafeInvoke: LengthPrefixCommunicationChannel: MessageReceived: Invoking callback 1/1 for Microsoft.VisualStudio.TestPlatform.CommunicationUtilities.TestRequestSender+<>c__DisplayClass30_0.<StartTestRun>b__1, took 0 ms.
TpTrace Verbose: 0 : 34692, 14, 2022/10/11, 11:48:43.559, 3198811825866, vstest.console.dll, TcpClientExtensions.MessageLoopAsync: Polling on remoteEndPoint: 127.0.0.1:53380 localEndPoint: 127.0.0.1:53378
TpTrace Verbose: 0 : 34692, 14, 2022/10/11, 11:48:43.586, 3198812096324, vstest.console.dll, TcpClientExtensions.MessageLoopAsync: NotifyDataAvailable remoteEndPoint: 127.0.0.1:53380 localEndPoint: 127.0.0.1:53378
TpTrace Verbose: 0 : 34692, 14, 2022/10/11, 11:48:43.587, 3198812098573, vstest.console.dll, TestRequestSender.OnExecutionMessageReceived: Received message: {"Version":5,"MessageType":"TestExecution.Completed","Payload":{"TestRunCompleteArgs":{"TestRunStatistics":{"ExecutedTests":6,"Stats":{"Passed":6}},"IsCanceled":false,"IsAborted":false,"Error":null,"AttachmentSets":[],"ElapsedTimeInRunningTests":"00:00:01.5953510","Metrics":{}},"LastRunTests":{"NewTestResults":[{"TestCase":{"Id":"8635c15e-368a-b9d4-fb70-26ff4ed4316e","FullyQualifiedName":"OrbitService_Test_Cancel_NFSe.OutboundDFe.mappers.MapperInputNFSeCancelTest.ShouldMapperOutboundDFeDocumentCancelOutputToDocumentStatusB1Error","DisplayName":"OrbitService_Test_Cancel_NFSe.OutboundDFe.mappers.MapperInputNFSeCancelTest.ShouldMapperOutboundDFeDocumentCancelOutputToDocumentStatusB1Error","ExecutorUri":"executor://xunit/VsTestRunner2/netcoreapp","Source":"C:\\Users\\luisf\\Desktop\\Repositori B1 Dev\\OrbitService\\OrbitService\\test\\Cancel-NFSe-Test\\bin\\Debug\\netcoreapp3.1\\fine-code-coverage\\build-output\\OrbitService_Test_Cancel_NFSe.dll","CodeFilePath":null,"LineNumber":0,"Properties":[]},"Attachments":[],"Outcome":1,"ErrorMessage":null,"ErrorStackTrace":null,"DisplayName":"OrbitService_Test_Cancel_NFSe.OutboundDFe.mappers.MapperInputNFSeCancelTest.ShouldMapperOutboundDFeDocumentCancelOutputToDocumentStatusB1Error","Messages":[],"ComputerName":"DESKTOP-P1UVUT9","Duration":"00:00:00.0138486","StartTime":"2022-10-11T14:48:43.4452763+00:00","EndTime":"2022-10-11T14:48:43.4453895+00:00","Properties":[]},{"TestCase":{"Id":"cc8bb87e-bbce-8740-93d5-1547fdc6335b","FullyQualifiedName":"OrbitService_Test_Cancel_NFSe.OutboundDFe.mappers.MapperInputNFSeCancelTest.ShouldMapperInvoiceB1ToOutboundDFeDocumentCancelInputNFSet","DisplayName":"OrbitService_Test_Cancel_NFSe.OutboundDFe.mappers.MapperInputNFSeCancelTest.ShouldMapperInvoiceB1ToOutboundDFeDocumentCancelInputNFSet","ExecutorUri":"executor://xunit/VsTestRunner2/netcoreapp","Source":"C:\\Users\\luisf\\Desktop\\Repositori B1 Dev\\OrbitService\\OrbitService\\test\\Cancel-NFSe-Test\\bin\\Debug\\netcoreapp3.1\\fine-code-coverage\\build-output\\OrbitService_Test_Cancel_NFSe.dll","CodeFilePath":null,"LineNumber":0,"Properties":[]},"Attachments":[],"Outcome":1,"ErrorMessage":null,"ErrorStackTrace":null,"DisplayName":"OrbitService_Test_Cancel_NFSe.OutboundDFe.mappers.MapperInputNFSeCancelTest.ShouldMapperInvoiceB1ToOutboundDFeDocumentCancelInputNFSet","Messages":[],"ComputerName":"DESKTOP-P1UVUT9","Duration":"00:00:00.0013142","StartTime":"2022-10-11T14:48:43.4659825+00:00","EndTime":"2022-10-11T14:48:43.465984+00:00","Properties":[]},{"TestCase":{"Id":"fbb134e4-b84f-303a-ddb4-80ec711292f1","FullyQualifiedName":"OrbitService_Test_Cancel_NFSe.OutboundDFe.mappers.MapperInputNFSeCancelTest.ShouldMapperOutboundDFeDocumentCancelOutputToDocumentStatusB1Sucess","DisplayName":"OrbitService_Test_Cancel_NFSe.OutboundDFe.mappers.MapperInputNFSeCancelTest.ShouldMapperOutboundDFeDocumentCancelOutputToDocumentStatusB1Sucess","ExecutorUri":"executor://xunit/VsTestRunner2/netcoreapp","Source":"C:\\Users\\luisf\\Desktop\\Repositori B1 Dev\\OrbitService\\OrbitService\\test\\Cancel-NFSe-Test\\bin\\Debug\\netcoreapp3.1\\fine-code-coverage\\build-output\\OrbitService_Test_Cancel_NFSe.dll","CodeFilePath":null,"LineNumber":0,"Properties":[]},"Attachments":[],"Outcome":1,"ErrorMessage":null,"ErrorStackTrace":null,"DisplayName":"OrbitService_Test_Cancel_NFSe.OutboundDFe.mappers.MapperInputNFSeCancelTest.ShouldMapperOutboundDFeDocumentCancelOutputToDocumentStatusB1Sucess","Messages":[],"ComputerName":"DESKTOP-P1UVUT9","Duration":"00:00:00.0007682","StartTime":"2022-10-11T14:48:43.4682034+00:00","EndTime":"2022-10-11T14:48:43.4682049+00:00","Properties":[]},{"TestCase":{"Id":"2f59579c-fe38-c0f0-c2cd-e3ec9da9cc2b","FullyQualifiedName":"OrbitService_Test_Cancel_NFSe.OutboundDFe.services.OutboundDFeDocumentCancelServiceNFSeTest.ShouldExecutRequestCancelToOrbit","DisplayName":"OrbitService_Test_Cancel_NFSe.OutboundDFe.services.OutboundDFeDocumentCancelServiceNFSeTest.ShouldExecutRequestCancelToOrbit","ExecutorUri":"executor://xunit/VsTestRunner2/netcoreapp","Source":"C:\\Users\\luisf\\Desktop\\Repositori B1 Dev\\OrbitService\\OrbitService\\test\\Cancel-NFSe-Test\\bin\\Debug\\netcoreapp3.1\\fine-code-coverage\\build-output\\OrbitService_Test_Cancel_NFSe.dll","CodeFilePath":null,"LineNumber":0,"Properties":[]},"Attachments":[],"Outcome":1,"ErrorMessage":null,"ErrorStackTrace":null,"DisplayName":"OrbitService_Test_Cancel_NFSe.OutboundDFe.services.OutboundDFeDocumentCancelServiceNFSeTest.ShouldExecutRequestCancelToOrbit","Messages":[],"ComputerName":"DESKTOP-P1UVUT9","Duration":"00:00:00.1250937","StartTime":"2022-10-11T14:48:43.5265785+00:00","EndTime":"2022-10-11T14:48:43.5265802+00:00","Properties":[]},{"TestCase":{"Id":"af3ea65a-4fc9-4031-ebe6-706e9fad015e","FullyQualifiedName":"OrbitService_Test_Cancel_NFSe.OutboundDFe.usescases.OutboundNFSeDocumentCancelUseCaseTest.ShouldExecuteUseCaseOutboundNFSeDocumentCancelSucess","DisplayName":"OrbitService_Test_Cancel_NFSe.OutboundDFe.usescases.OutboundNFSeDocumentCancelUseCaseTest.ShouldExecuteUseCaseOutboundNFSeDocumentCancelSucess","ExecutorUri":"executor://xunit/VsTestRunner2/netcoreapp","Source":"C:\\Users\\luisf\\Desktop\\Repositori B1 Dev\\OrbitService\\OrbitService\\test\\Cancel-NFSe-Test\\bin\\Debug\\netcoreapp3.1\\fine-code-coverage\\build-output\\OrbitService_Test_Cancel_NFSe.dll","CodeFilePath":null,"LineNumber":0,"Properties":[]},"Attachments":[],"Outcome":1,"ErrorMessage":null,"ErrorStackTrace":null,"DisplayName":"OrbitService_Test_Cancel_NFSe.OutboundDFe.usescases.OutboundNFSeDocumentCancelUseCaseTest.ShouldExecuteUseCaseOutboundNFSeDocumentCancelSucess","Messages":[],"ComputerName":"DESKTOP-P1UVUT9","Duration":"00:00:00.1421919","StartTime":"2022-10-11T14:48:43.5437053+00:00","EndTime":"2022-10-11T14:48:43.543707+00:00","Properties":[]},{"TestCase":{"Id":"3444d842-492c-ab3c-dc1d-254018ba2549","FullyQualifiedName":"OrbitService_Test_Cancel_NFSe.OutboundDFe.usescases.OutboundNFSeDocumentCancelUseCaseTest.ShouldExecuteUseCaseOutboundNFSeDocumentCancelError","DisplayName":"OrbitService_Test_Cancel_NFSe.OutboundDFe.usescases.OutboundNFSeDocumentCancelUseCaseTest.ShouldExecuteUseCaseOutboundNFSeDocumentCancelError","ExecutorUri":"executor://xunit/VsTestRunner2/netcoreapp","Source":"C:\\Users\\luisf\\Desktop\\Repositori B1 Dev\\OrbitService\\OrbitService\\test\\Cancel-NFSe-Test\\bin\\Debug\\netcoreapp3.1\\fine-code-coverage\\build-output\\OrbitService_Test_Cancel_NFSe.dll","CodeFilePath":null,"LineNumber":0,"Properties":[]},"Attachments":[],"Outcome":1,"ErrorMessage":null,"ErrorStackTrace":null,"DisplayName":"OrbitService_Test_Cancel_NFSe.OutboundDFe.usescases.OutboundNFSeDocumentCancelUseCaseTest.ShouldExecuteUseCaseOutboundNFSeDocumentCancelError","Messages":[],"ComputerName":"DESKTOP-P1UVUT9","Duration":"00:00:00.0119987","StartTime":"2022-10-11T14:48:43.5557886+00:00","EndTime":"2022-10-11T14:48:43.5557904+00:00","Properties":[]}],"TestRunStatistics":{"ExecutedTests":6,"Stats":{"Passed":6}},"ActiveTests":[]},"RunAttachments":[],"ExecutorUris":["executor://xunit/VsTestRunner2/netcoreapp"]}}
TpTrace Verbose: 0 : 34692, 14, 2022/10/11, 11:48:43.589, 3198812116949, vstest.console.dll, TestRequestSender.EndSession: Sending end session.
TpTrace Verbose: 0 : 34692, 14, 2022/10/11, 11:48:43.589, 3198812119499, vstest.console.dll, ProxyOperationManager.Close: waiting for test host to exit for 100 ms
TpTrace Warning: 0 : 34692, 13, 2022/10/11, 11:48:43.618, 3198812416518, vstest.console.dll, TestHostManagerCallbacks.ErrorReceivedCallback Test host standard error line: 
TpTrace Verbose: 0 : 34692, 13, 2022/10/11, 11:48:43.635, 3198812582675, vstest.console.dll, TestHostProvider.ExitCallBack: Host exited starting callback.
TpTrace Information: 0 : 34692, 13, 2022/10/11, 11:48:43.636, 3198812587425, vstest.console.dll, TestHostManagerCallbacks.ExitCallBack: Testhost processId: 38932 exited with exitcode: 0 error: ''
TpTrace Verbose: 0 : 34692, 13, 2022/10/11, 11:48:43.636, 3198812588220, vstest.console.dll, DotnetTestHostManager.OnHostExited: invoking OnHostExited callback
TpTrace Verbose: 0 : 34692, 13, 2022/10/11, 11:48:43.636, 3198812588876, vstest.console.dll, CrossPlatEngine.TestHostManagerHostExited: calling on client process exit callback.
TpTrace Information: 0 : 34692, 13, 2022/10/11, 11:48:43.636, 3198812589619, vstest.console.dll, TestRequestSender.OnClientProcessExit: Test host process exited. Standard error: 
TpTrace Information: 0 : 34692, 13, 2022/10/11, 11:48:43.636, 3198812590169, vstest.console.dll, SocketServer.Stop: Stop server endPoint: 127.0.0.1:53378
TpTrace Information: 0 : 34692, 14, 2022/10/11, 11:48:43.636, 3198812590181, vstest.console.dll, SocketServer.Stop: Stop server endPoint: 127.0.0.1:53378
TpTrace Information: 0 : 34692, 13, 2022/10/11, 11:48:43.636, 3198812590689, vstest.console.dll, SocketServer.Stop: Cancellation requested. Stopping message loop.
TpTrace Information: 0 : 34692, 14, 2022/10/11, 11:48:43.636, 3198812591338, vstest.console.dll, SocketServer.Stop: Cancellation requested. Stopping message loop.
TpTrace Information: 0 : 34692, 14, 2022/10/11, 11:48:43.636, 3198812592471, vstest.console.dll, Closing the connection
TpTrace Verbose: 0 : 34692, 13, 2022/10/11, 11:48:43.636, 3198812592736, vstest.console.dll, MulticastDelegateUtilities.SafeInvoke: HostProviderEvents.OnHostExited: Invoking callback 1/1 for Microsoft.VisualStudio.TestPlatform.CrossPlatEngine.Client.ProxyOperationManager.TestHostManagerHostExited, took 0 ms.
TpTrace Verbose: 0 : 34692, 14, 2022/10/11, 11:48:43.637, 3198812598214, vstest.console.dll, ProxyDataCollectionManager.InvokeDataCollectionServiceAction: Starting.
TpTrace Information: 0 : 34692, 14, 2022/10/11, 11:48:43.637, 3198812598830, vstest.console.dll, ProxyDataCollectionManager.AfterTestRunEnd: Get attachment set and invoked data collectors processId: 42800 port: 53375
TpTrace Verbose: 0 : 34692, 14, 2022/10/11, 11:48:43.637, 3198812599431, vstest.console.dll, DataCollectionRequestSender.SendAfterTestRunStartAndGetResult: Send AfterTestRunEnd message with isCancelled: False
TpTrace Verbose: 0 : 34692, 14, 2022/10/11, 11:48:43.645, 3198812685264, vstest.console.dll, DataCollectionRequestSender.SendAfterTestRunStartAndGetResult: Received message: (DataCollection.AfterTestRunEndResult) -> {
  "AttachmentSets": [],
  "InvokedDataCollectors": [
    {
      "Uri": "datacollector://Microsoft/TestPlatform/Extensions/Blame/v1",
      "FriendlyName": "Blame",
      "AssemblyQualifiedName": "Microsoft.TestPlatform.Extensions.BlameDataCollector.BlameCollector, Microsoft.TestPlatform.Extensions.BlameDataCollector, Version=15.0.0.0, Culture=neutral, PublicKeyToken=b03f5f7f11d50a3a",
      "FilePath": "c:\\program files\\dotnet\\sdk\\6.0.302\\Extensions\\Microsoft.TestPlatform.Extensions.BlameDataCollector.dll",
      "HasAttachmentProcessor": false
    }
  ],
  "Metrics": {}
}
TpTrace Warning: 0 : 34692, 10, 2022/10/11, 11:48:43.650, 3198812736439, vstest.console.dll, DataCollectionLauncher.ErrorReceivedCallback datacollector standard error line: 
TpTrace Information: 0 : 34692, 14, 2022/10/11, 11:48:43.652, 3198812749098, vstest.console.dll, ProxyDataCollectionManager.InvokeDataCollectionServiceAction: Completed.
TpTrace Information: 0 : 34692, 10, 2022/10/11, 11:48:43.656, 3198812791261, vstest.console.dll, DataCollectionLauncher.ExitCallBack: Data collector exited with exitcode: 0 error: ''
TpTrace Verbose: 0 : 34692, 14, 2022/10/11, 11:48:43.698, 3198813212965, vstest.console.dll, TestRunRequest:SendTestRunStatsChange: Starting.
TpTrace Verbose: 0 : 34692, 14, 2022/10/11, 11:48:43.698, 3198813215122, vstest.console.dll, MulticastDelegateUtilities.SafeInvoke: TestRun.RunStatsChanged: Invoking callbacks was skipped because there are no subscribers.
TpTrace Information: 0 : 34692, 14, 2022/10/11, 11:48:43.698, 3198813215658, vstest.console.dll, TestRunRequest:SendTestRunStatsChange: Completed.
TpTrace Verbose: 0 : 34692, 14, 2022/10/11, 11:48:43.699, 3198813218612, vstest.console.dll, ParallelProxyExecutionManager: HandlePartialRunComplete: Total completed clients = 1, Run complete = True, Run canceled: False.
TpTrace Verbose: 0 : 34692, 4, 2022/10/11, 11:48:43.701, 3198813243969, vstest.console.dll, MulticastDelegateUtilities.SafeInvoke: InternalTestLoggerEvents.SendTestResult: Invoking callback 1/1 for Microsoft.VisualStudio.TestPlatform.CommandLine.Internal.ConsoleLogger.TestResultHandler, took 2 ms.
TpTrace Verbose: 0 : 34692, 4, 2022/10/11, 11:48:43.701, 3198813245083, vstest.console.dll, MulticastDelegateUtilities.SafeInvoke: InternalTestLoggerEvents.SendTestResult: Invoking callback 1/1 for Microsoft.VisualStudio.TestPlatform.CommandLine.Internal.ConsoleLogger.TestResultHandler, took 0 ms.
TpTrace Verbose: 0 : 34692, 4, 2022/10/11, 11:48:43.701, 3198813245866, vstest.console.dll, MulticastDelegateUtilities.SafeInvoke: InternalTestLoggerEvents.SendTestResult: Invoking callback 1/1 for Microsoft.VisualStudio.TestPlatform.CommandLine.Internal.ConsoleLogger.TestResultHandler, took 0 ms.
TpTrace Verbose: 0 : 34692, 4, 2022/10/11, 11:48:43.701, 3198813246450, vstest.console.dll, MulticastDelegateUtilities.SafeInvoke: InternalTestLoggerEvents.SendTestResult: Invoking callback 1/1 for Microsoft.VisualStudio.TestPlatform.CommandLine.Internal.ConsoleLogger.TestResultHandler, took 0 ms.
TpTrace Verbose: 0 : 34692, 4, 2022/10/11, 11:48:43.702, 3198813247198, vstest.console.dll, MulticastDelegateUtilities.SafeInvoke: InternalTestLoggerEvents.SendTestResult: Invoking callback 1/1 for Microsoft.VisualStudio.TestPlatform.CommandLine.Internal.ConsoleLogger.TestResultHandler, took 0 ms.
TpTrace Verbose: 0 : 34692, 4, 2022/10/11, 11:48:43.702, 3198813248064, vstest.console.dll, MulticastDelegateUtilities.SafeInvoke: InternalTestLoggerEvents.SendTestResult: Invoking callback 1/1 for Microsoft.VisualStudio.TestPlatform.CommandLine.Internal.ConsoleLogger.TestResultHandler, took 0 ms.
TpTrace Verbose: 0 : 34692, 4, 2022/10/11, 11:48:43.710, 3198813333483, vstest.console.dll, MulticastDelegateUtilities.SafeInvoke: InternalTestLoggerEvents.SendTestRunComplete: Invoking callback 1/2 for Microsoft.TestPlatform.Extensions.BlameDataCollector.BlameLogger.TestRunCompleteHandler, took 0 ms.
TpTrace Verbose: 0 : 34692, 4, 2022/10/11, 11:48:43.717, 3198813399803, vstest.console.dll, MulticastDelegateUtilities.SafeInvoke: InternalTestLoggerEvents.SendTestRunComplete: Invoking callback 2/2 for Microsoft.VisualStudio.TestPlatform.CommandLine.Internal.ConsoleLogger.TestRunCompleteHandler, took 6 ms.
TpTrace Verbose: 0 : 34692, 14, 2022/10/11, 11:48:43.717, 3198813402530, vstest.console.dll, TestRunRequest:TestRunComplete: Starting. IsAborted:False IsCanceled:False.
TpTrace Verbose: 0 : 34692, 14, 2022/10/11, 11:48:43.718, 3198813410660, vstest.console.dll, TestLoggerManager.HandleTestRunComplete: Ignoring as the object is disposed.
TpTrace Verbose: 0 : 34692, 14, 2022/10/11, 11:48:43.718, 3198813412978, vstest.console.dll, MulticastDelegateUtilities.SafeInvoke: TestRun.TestRunComplete: Invoking callback 1/2 for Microsoft.VisualStudio.TestPlatform.CommandLine.TestRunResultAggregator.TestRunCompletionHandler, took 0 ms.
TpTrace Verbose: 0 : 34692, 14, 2022/10/11, 11:48:43.718, 3198813413906, vstest.console.dll, MulticastDelegateUtilities.SafeInvoke: TestRun.TestRunComplete: Invoking callback 2/2 for Microsoft.VisualStudio.TestPlatform.CommandLine.Processors.RunTestsArgumentExecutor+TestRunRequestEventsRegistrar.TestRunRequest_OnRunCompletion, took 0 ms.
TpTrace Information: 0 : 34692, 14, 2022/10/11, 11:48:43.718, 3198813415108, vstest.console.dll, TestRunRequest:TestRunComplete: Completed.
TpTrace Verbose: 0 : 34692, 1, 2022/10/11, 11:48:43.718, 3198813415531, vstest.console.dll, TestRunRequest.Dispose: Starting.
TpTrace Verbose: 0 : 34692, 14, 2022/10/11, 11:48:43.718, 3198813415696, vstest.console.dll, TestRequestSender.SetOperationComplete: Setting operation complete.
TpTrace Information: 0 : 34692, 1, 2022/10/11, 11:48:43.718, 3198813416365, vstest.console.dll, TestRunRequest.Dispose: Completed.
TpTrace Information: 0 : 34692, 14, 2022/10/11, 11:48:43.719, 3198813416843, vstest.console.dll, SocketServer.Stop: Stop server endPoint: 127.0.0.1:53378
TpTrace Information: 0 : 34692, 1, 2022/10/11, 11:48:43.719, 3198813417448, vstest.console.dll, TestRequestManager.RunTests: run tests completed.
TpTrace Information: 0 : 34692, 14, 2022/10/11, 11:48:43.719, 3198813418017, vstest.console.dll, SocketServer.Stop: Cancellation requested. Stopping message loop.
TpTrace Information: 0 : 34692, 1, 2022/10/11, 11:48:43.719, 3198813418537, vstest.console.dll, RunTestsArgumentProcessor:Execute: Test run is completed.
TpTrace Verbose: 0 : 34692, 14, 2022/10/11, 11:48:43.719, 3198813418619, vstest.console.dll, MulticastDelegateUtilities.SafeInvoke: LengthPrefixCommunicationChannel: MessageReceived: Invoking callback 1/1 for Microsoft.VisualStudio.TestPlatform.CommunicationUtilities.TestRequestSender+<>c__DisplayClass30_0.<StartTestRun>b__1, took 132 ms.
TpTrace Information: 0 : 34692, 14, 2022/10/11, 11:48:43.719, 3198813419636, vstest.console.dll, SocketServer.PrivateStop: Stopping server endPoint: 127.0.0.1:53378 error: 
TpTrace Verbose: 0 : 34692, 1, 2022/10/11, 11:48:43.719, 3198813420592, vstest.console.dll, Executor.Execute: Exiting with exit code of 0
TpTrace Verbose: 0 : 34692, 14, 2022/10/11, 11:48:43.719, 3198813424865, vstest.console.dll, LengthPrefixCommunicationChannel.Dispose: Dispose reader and writer.
TpTrace Information: 0 : 34692, 14, 2022/10/11, 11:48:43.719, 3198813425727, vstest.console.dll, SocketServer.Stop: Raise disconnected event endPoint: 127.0.0.1:53378 error: 
TpTrace Verbose: 0 : 34692, 14, 2022/10/11, 11:48:43.719, 3198813426371, vstest.console.dll, TestRequestSender: OnTestRunAbort: Operation is already complete. Skip error message.
