<?xml version="1.0" encoding="utf-8"?>
<coverage line-rate="0.9771" branch-rate="0.9666" version="1.9" timestamp="1663980516" lines-covered="300" lines-valid="307" branches-covered="29" branches-valid="30">
  <sources>
    <source>D:\Desenvolvimento\Gabriel\B1Library\B1Library\</source>
    <source>C:\</source>
  </sources>
  <packages>
    <package name="B1Library" line-rate="0.961" branch-rate="0.95" complexity="104">
      <classes>
        <class name="B1Library.Utilities.Util" filename="B1Library\Utilities\Util.cs" line-rate="0.9285" branch-rate="0.5" complexity="4">
          <methods>
            <method name="generateUpdateDocumentCommand" signature="(B1Library.Interface.B1DocumentStatusData)" line-rate="1" branch-rate="1" complexity="1">
              <lines>
                <line number="14" hits="1" branch="False" />
                <line number="16" hits="1" branch="False" />
                <line number="17" hits="1" branch="False" />
                <line number="18" hits="1" branch="False" />
                <line number="19" hits="1" branch="False" />
                <line number="20" hits="1" branch="False" />
                <line number="21" hits="1" branch="False" />
              </lines>
            </method>
            <method name="getStatusMessage" signature="(B1Library.Interface.StatusCode)" line-rate="0.5" branch-rate="0.5" complexity="2">
              <lines>
                <line number="29" hits="1" branch="True" condition-coverage="50% (1/2)">
                  <conditions>
                    <condition number="2" type="jump" coverage="50%" />
                  </conditions>
                </line>
                <line number="31" hits="0" branch="False" />
              </lines>
            </method>
            <method name="ReturnJsonB1Formated" signature="(System.Data.DataSet)" line-rate="1" branch-rate="1" complexity="1">
              <lines>
                <line number="37" hits="4" branch="False" />
                <line number="38" hits="4" branch="False" />
                <line number="39" hits="4" branch="False" />
                <line number="40" hits="4" branch="False" />
                <line number="41" hits="4" branch="False" />
              </lines>
            </method>
          </methods>
          <lines>
            <line number="14" hits="1" branch="False" />
            <line number="16" hits="1" branch="False" />
            <line number="17" hits="1" branch="False" />
            <line number="18" hits="1" branch="False" />
            <line number="19" hits="1" branch="False" />
            <line number="20" hits="1" branch="False" />
            <line number="21" hits="1" branch="False" />
            <line number="29" hits="1" branch="True" condition-coverage="50% (1/2)">
              <conditions>
                <condition number="2" type="jump" coverage="50%" />
              </conditions>
            </line>
            <line number="31" hits="0" branch="False" />
            <line number="37" hits="4" branch="False" />
            <line number="38" hits="4" branch="False" />
            <line number="39" hits="4" branch="False" />
            <line number="40" hits="4" branch="False" />
            <line number="41" hits="4" branch="False" />
          </lines>
        </class>
        <class name="B1Library.UseCases.QueryB1OtherDocuments" filename="B1Library\UseCases\QueryB1OtherDocuments.cs" line-rate="1" branch-rate="1" complexity="8">
          <methods>
            <method name="ReturnQueryB1InboundOtherDocuments" signature="(System.String)" line-rate="1" branch-rate="1" complexity="8">
              <lines>
                <line number="14" hits="30" branch="True" condition-coverage="100% (8/8)">
                  <conditions>
                    <condition number="17" type="jump" coverage="100%" />
                    <condition number="30" type="jump" coverage="100%" />
                    <condition number="43" type="jump" coverage="100%" />
                    <condition number="56" type="jump" coverage="100%" />
                  </conditions>
                </line>
                <line number="18" hits="6" branch="False" />
                <line number="19" hits="6" branch="False" />
                <line number="20" hits="6" branch="False" />
                <line number="21" hits="6" branch="False" />
                <line number="22" hits="6" branch="False" />
                <line number="24" hits="7" branch="False" />
                <line number="25" hits="7" branch="False" />
                <line number="26" hits="7" branch="False" />
                <line number="27" hits="7" branch="False" />
                <line number="28" hits="7" branch="False" />
                <line number="30" hits="8" branch="False" />
                <line number="31" hits="8" branch="False" />
                <line number="32" hits="8" branch="False" />
                <line number="33" hits="8" branch="False" />
                <line number="34" hits="8" branch="False" />
                <line number="36" hits="9" branch="False" />
                <line number="37" hits="9" branch="False" />
                <line number="38" hits="9" branch="False" />
                <line number="39" hits="9" branch="False" />
                <line number="44" hits="30" branch="False" />
              </lines>
            </method>
          </methods>
          <lines>
            <line number="14" hits="30" branch="True" condition-coverage="100% (8/8)">
              <conditions>
                <condition number="17" type="jump" coverage="100%" />
                <condition number="30" type="jump" coverage="100%" />
                <condition number="43" type="jump" coverage="100%" />
                <condition number="56" type="jump" coverage="100%" />
              </conditions>
            </line>
            <line number="18" hits="6" branch="False" />
            <line number="19" hits="6" branch="False" />
            <line number="20" hits="6" branch="False" />
            <line number="21" hits="6" branch="False" />
            <line number="22" hits="6" branch="False" />
            <line number="24" hits="7" branch="False" />
            <line number="25" hits="7" branch="False" />
            <line number="26" hits="7" branch="False" />
            <line number="27" hits="7" branch="False" />
            <line number="28" hits="7" branch="False" />
            <line number="30" hits="8" branch="False" />
            <line number="31" hits="8" branch="False" />
            <line number="32" hits="8" branch="False" />
            <line number="33" hits="8" branch="False" />
            <line number="34" hits="8" branch="False" />
            <line number="36" hits="9" branch="False" />
            <line number="37" hits="9" branch="False" />
            <line number="38" hits="9" branch="False" />
            <line number="39" hits="9" branch="False" />
            <line number="44" hits="30" branch="False" />
          </lines>
        </class>
        <class name="B1Library.Repository.DBRepository" filename="B1Library\Repository\DBRepository.cs" line-rate="1" branch-rate="1" complexity="3">
          <methods>
            <method name="GetInboundOtherDocuments" signature="()" line-rate="1" branch-rate="1" complexity="1">
              <lines>
                <line number="36" hits="1" branch="False" />
                <line number="37" hits="1" branch="False" />
                <line number="39" hits="1" branch="False" />
                <line number="40" hits="1" branch="False" />
                <line number="42" hits="1" branch="False" />
                <line number="43" hits="1" branch="False" />
                <line number="45" hits="1" branch="False" />
                <line number="46" hits="1" branch="False" />
                <line number="48" hits="1" branch="False" />
              </lines>
            </method>
            <method name="UpdateDocumentStatus" signature="(B1Library.Interface.B1DocumentStatusData)" line-rate="1" branch-rate="1" complexity="1">
              <lines>
                <line number="54" hits="1" branch="False" />
                <line number="55" hits="1" branch="False" />
              </lines>
            </method>
            <method name=".ctor" signature="(OrbitLibrary.Data.IWrapper)" line-rate="1" branch-rate="1" complexity="1">
              <lines>
                <line number="27" hits="2" branch="False" />
                <line number="29" hits="2" branch="False" />
                <line number="30" hits="2" branch="False" />
                <line number="31" hits="2" branch="False" />
                <line number="32" hits="2" branch="False" />
              </lines>
            </method>
          </methods>
          <lines>
            <line number="36" hits="1" branch="False" />
            <line number="37" hits="1" branch="False" />
            <line number="39" hits="1" branch="False" />
            <line number="40" hits="1" branch="False" />
            <line number="42" hits="1" branch="False" />
            <line number="43" hits="1" branch="False" />
            <line number="45" hits="1" branch="False" />
            <line number="46" hits="1" branch="False" />
            <line number="48" hits="1" branch="False" />
            <line number="54" hits="1" branch="False" />
            <line number="55" hits="1" branch="False" />
            <line number="27" hits="2" branch="False" />
            <line number="29" hits="2" branch="False" />
            <line number="30" hits="2" branch="False" />
            <line number="31" hits="2" branch="False" />
            <line number="32" hits="2" branch="False" />
          </lines>
        </class>
        <class name="B1Library.Interface.B1DocumentStatusData" filename="B1Library\Interface\B1DocumentStatusData.cs" line-rate="1" branch-rate="1" complexity="3">
          <methods>
            <method name="get_DocEntry" signature="()" line-rate="1" branch-rate="1" complexity="1">
              <lines>
                <line number="19" hits="3" branch="False" />
              </lines>
            </method>
            <method name="get_Status" signature="()" line-rate="1" branch-rate="1" complexity="1">
              <lines>
                <line number="21" hits="4" branch="False" />
              </lines>
            </method>
            <method name=".ctor" signature="(System.Int32,B1Library.Interface.StatusCode)" line-rate="1" branch-rate="1" complexity="1">
              <lines>
                <line number="13" hits="2" branch="False" />
                <line number="15" hits="2" branch="False" />
                <line number="16" hits="2" branch="False" />
                <line number="17" hits="2" branch="False" />
              </lines>
            </method>
          </methods>
          <lines>
            <line number="19" hits="3" branch="False" />
            <line number="21" hits="4" branch="False" />
            <line number="13" hits="2" branch="False" />
            <line number="15" hits="2" branch="False" />
            <line number="16" hits="2" branch="False" />
            <line number="17" hits="2" branch="False" />
          </lines>
        </class>
        <class name="B1Library.Data.InvoiceB1" filename="B1Library\Data\InvoiceB1.cs" line-rate="1" branch-rate="1" complexity="19">
          <methods>
            <method name="get_CabecalhoLinha" signature="()" line-rate="1" branch-rate="1" complexity="1">
              <lines>
                <line number="17" hits="25" branch="False" />
              </lines>
            </method>
            <method name="get_CodInt" signature="()" line-rate="1" branch-rate="1" complexity="1">
              <lines>
                <line number="18" hits="4" branch="False" />
              </lines>
            </method>
            <method name="get_Destinatario" signature="()" line-rate="1" branch-rate="1" complexity="1">
              <lines>
                <line number="19" hits="15" branch="False" />
              </lines>
            </method>
            <method name="get_DocEntry" signature="()" line-rate="1" branch-rate="1" complexity="1">
              <lines>
                <line number="20" hits="4" branch="False" />
              </lines>
            </method>
            <method name="get_Emitente" signature="()" line-rate="1" branch-rate="1" complexity="1">
              <lines>
                <line number="21" hits="15" branch="False" />
              </lines>
            </method>
            <method name="get_Identificacao" signature="()" line-rate="1" branch-rate="1" complexity="1">
              <lines>
                <line number="22" hits="15" branch="False" />
              </lines>
            </method>
            <method name="get_ModeloDocumento" signature="()" line-rate="1" branch-rate="1" complexity="1">
              <lines>
                <line number="23" hits="4" branch="False" />
              </lines>
            </method>
            <method name="get_TipoDocumento" signature="()" line-rate="1" branch-rate="1" complexity="1">
              <lines>
                <line number="24" hits="4" branch="False" />
              </lines>
            </method>
            <method name="AddItemLine" signature="(B1Library.Data.CabecalhoLinha)" line-rate="1" branch-rate="1" complexity="6">
              <lines>
                <line number="28" hits="8" branch="True" condition-coverage="100% (2/2)">
                  <conditions>
                    <condition number="1" type="jump" coverage="100%" />
                  </conditions>
                </line>
                <line number="30" hits="1" branch="False" />
                <line number="32" hits="7" branch="True" condition-coverage="100% (2/2)">
                  <conditions>
                    <condition number="20" type="jump" coverage="100%" />
                  </conditions>
                </line>
                <line number="34" hits="1" branch="False" />
                <line number="36" hits="6" branch="True" condition-coverage="100% (2/2)">
                  <conditions>
                    <condition number="39" type="jump" coverage="100%" />
                  </conditions>
                </line>
                <line number="38" hits="1" branch="False" />
                <line number="41" hits="5" branch="False" />
                <line number="42" hits="5" branch="False" />
              </lines>
            </method>
            <method name="GetTaxNameSum" signature="(System.String)" line-rate="1" branch-rate="1" complexity="4">
              <lines>
                <line number="46" hits="4" branch="False" />
                <line number="47" hits="16" branch="True" condition-coverage="100% (2/2)">
                  <conditions>
                    <condition number="135" type="jump" coverage="100%" />
                  </conditions>
                </line>
                <line number="49" hits="8" branch="True" condition-coverage="100% (2/2)">
                  <conditions>
                    <condition number="56" type="jump" coverage="100%" />
                  </conditions>
                </line>
                <line number="50" hits="7" branch="False" />
                <line number="52" hits="4" branch="False" />
              </lines>
            </method>
            <method name=".ctor" signature="()" line-rate="1" branch-rate="1" complexity="1">
              <lines>
                <line number="10" hits="10" branch="False" />
                <line number="12" hits="10" branch="False" />
                <line number="13" hits="10" branch="False" />
                <line number="14" hits="10" branch="False" />
                <line number="15" hits="10" branch="False" />
                <line number="16" hits="10" branch="False" />
              </lines>
            </method>
          </methods>
          <lines>
            <line number="17" hits="25" branch="False" />
            <line number="18" hits="4" branch="False" />
            <line number="19" hits="15" branch="False" />
            <line number="20" hits="4" branch="False" />
            <line number="21" hits="15" branch="False" />
            <line number="22" hits="15" branch="False" />
            <line number="23" hits="4" branch="False" />
            <line number="24" hits="4" branch="False" />
            <line number="28" hits="8" branch="True" condition-coverage="100% (2/2)">
              <conditions>
                <condition number="1" type="jump" coverage="100%" />
              </conditions>
            </line>
            <line number="30" hits="1" branch="False" />
            <line number="32" hits="7" branch="True" condition-coverage="100% (2/2)">
              <conditions>
                <condition number="20" type="jump" coverage="100%" />
              </conditions>
            </line>
            <line number="34" hits="1" branch="False" />
            <line number="36" hits="6" branch="True" condition-coverage="100% (2/2)">
              <conditions>
                <condition number="39" type="jump" coverage="100%" />
              </conditions>
            </line>
            <line number="38" hits="1" branch="False" />
            <line number="41" hits="5" branch="False" />
            <line number="42" hits="5" branch="False" />
            <line number="46" hits="4" branch="False" />
            <line number="47" hits="16" branch="True" condition-coverage="100% (2/2)">
              <conditions>
                <condition number="135" type="jump" coverage="100%" />
              </conditions>
            </line>
            <line number="49" hits="8" branch="True" condition-coverage="100% (2/2)">
              <conditions>
                <condition number="56" type="jump" coverage="100%" />
              </conditions>
            </line>
            <line number="50" hits="7" branch="False" />
            <line number="52" hits="4" branch="False" />
            <line number="10" hits="10" branch="False" />
            <line number="12" hits="10" branch="False" />
            <line number="13" hits="10" branch="False" />
            <line number="14" hits="10" branch="False" />
            <line number="15" hits="10" branch="False" />
            <line number="16" hits="10" branch="False" />
          </lines>
        </class>
        <class name="B1Library.Data.CabecalhoLinha" filename="B1Library\Data\InvoiceB1.cs" line-rate="1" branch-rate="1" complexity="14">
          <methods>
            <method name="get_CSTCofinsLinha" signature="()" line-rate="1" branch-rate="1" complexity="1">
              <lines>
                <line number="62" hits="4" branch="False" />
              </lines>
            </method>
            <method name="get_CSTPisLinha" signature="()" line-rate="1" branch-rate="1" complexity="1">
              <lines>
                <line number="63" hits="4" branch="False" />
              </lines>
            </method>
            <method name="get_CodigoItem" signature="()" line-rate="1" branch-rate="1" complexity="1">
              <lines>
                <line number="64" hits="4" branch="False" />
              </lines>
            </method>
            <method name="get_CodigoServicoLinha" signature="()" line-rate="1" branch-rate="1" complexity="1">
              <lines>
                <line number="65" hits="4" branch="False" />
              </lines>
            </method>
            <method name="get_ImpostoLinha" signature="()" line-rate="1" branch-rate="1" complexity="1">
              <lines>
                <line number="66" hits="32" branch="False" />
              </lines>
            </method>
            <method name="get_ImpostoRetidoLinha" signature="()" line-rate="1" branch-rate="1" complexity="1">
              <lines>
                <line number="67" hits="19" branch="False" />
              </lines>
            </method>
            <method name="get_SimOuNaoRetidoLinha" signature="()" line-rate="1" branch-rate="1" complexity="1">
              <lines>
                <line number="68" hits="4" branch="False" />
              </lines>
            </method>
            <method name="get_ItemLinhaDocumento" signature="()" line-rate="1" branch-rate="1" complexity="1">
              <lines>
                <line number="69" hits="4" branch="False" />
              </lines>
            </method>
            <method name="get_PorcentagemDiscontoLinha" signature="()" line-rate="1" branch-rate="1" complexity="1">
              <lines>
                <line number="70" hits="4" branch="False" />
              </lines>
            </method>
            <method name="get_PorcentagemIBPTLinha" signature="()" line-rate="1" branch-rate="1" complexity="1">
              <lines>
                <line number="71" hits="4" branch="False" />
              </lines>
            </method>
            <method name="get_QuantidadeLinha" signature="()" line-rate="1" branch-rate="1" complexity="1">
              <lines>
                <line number="72" hits="4" branch="False" />
              </lines>
            </method>
            <method name="get_ValorTotalLinnha" signature="()" line-rate="1" branch-rate="1" complexity="1">
              <lines>
                <line number="73" hits="4" branch="False" />
              </lines>
            </method>
            <method name="get_ValorUnitarioLinha" signature="()" line-rate="1" branch-rate="1" complexity="1">
              <lines>
                <line number="74" hits="4" branch="False" />
              </lines>
            </method>
            <method name=".ctor" signature="()" line-rate="1" branch-rate="1" complexity="1">
              <lines>
                <line number="57" hits="11" branch="False" />
                <line number="59" hits="11" branch="False" />
                <line number="60" hits="11" branch="False" />
                <line number="61" hits="11" branch="False" />
              </lines>
            </method>
          </methods>
          <lines>
            <line number="62" hits="4" branch="False" />
            <line number="63" hits="4" branch="False" />
            <line number="64" hits="4" branch="False" />
            <line number="65" hits="4" branch="False" />
            <line number="66" hits="32" branch="False" />
            <line number="67" hits="19" branch="False" />
            <line number="68" hits="4" branch="False" />
            <line number="69" hits="4" branch="False" />
            <line number="70" hits="4" branch="False" />
            <line number="71" hits="4" branch="False" />
            <line number="72" hits="4" branch="False" />
            <line number="73" hits="4" branch="False" />
            <line number="74" hits="4" branch="False" />
            <line number="57" hits="11" branch="False" />
            <line number="59" hits="11" branch="False" />
            <line number="60" hits="11" branch="False" />
            <line number="61" hits="11" branch="False" />
          </lines>
        </class>
        <class name="B1Library.Data.Destinatario" filename="B1Library\Data\InvoiceB1.cs" line-rate="1" branch-rate="1" complexity="16">
          <methods>
            <method name="get_BairroDestinatario" signature="()" line-rate="1" branch-rate="1" complexity="1">
              <lines>
                <line number="79" hits="4" branch="False" />
              </lines>
            </method>
            <method name="get_CEPDestinatario" signature="()" line-rate="1" branch-rate="1" complexity="1">
              <lines>
                <line number="80" hits="4" branch="False" />
              </lines>
            </method>
            <method name="get_CidadeDestinatario" signature="()" line-rate="1" branch-rate="1" complexity="1">
              <lines>
                <line number="81" hits="4" branch="False" />
              </lines>
            </method>
            <method name="get_CnpjDestinatario" signature="()" line-rate="1" branch-rate="1" complexity="1">
              <lines>
                <line number="82" hits="4" branch="False" />
              </lines>
            </method>
            <method name="get_CodigoDestinatario" signature="()" line-rate="1" branch-rate="1" complexity="1">
              <lines>
                <line number="83" hits="4" branch="False" />
              </lines>
            </method>
            <method name="get_ComplementoDestinatario" signature="()" line-rate="1" branch-rate="1" complexity="1">
              <lines>
                <line number="84" hits="4" branch="False" />
              </lines>
            </method>
            <method name="get_CpfDestinatario" signature="()" line-rate="1" branch-rate="1" complexity="1">
              <lines>
                <line number="85" hits="4" branch="False" />
              </lines>
            </method>
            <method name="get_EnderecoDestinatario" signature="()" line-rate="1" branch-rate="1" complexity="1">
              <lines>
                <line number="86" hits="4" branch="False" />
              </lines>
            </method>
            <method name="get_InscIeDestinatario" signature="()" line-rate="1" branch-rate="1" complexity="1">
              <lines>
                <line number="87" hits="4" branch="False" />
              </lines>
            </method>
            <method name="get_InscMunDestinatario" signature="()" line-rate="1" branch-rate="1" complexity="1">
              <lines>
                <line number="88" hits="4" branch="False" />
              </lines>
            </method>
            <method name="get_LogradouroDestinatario" signature="()" line-rate="1" branch-rate="1" complexity="1">
              <lines>
                <line number="89" hits="4" branch="False" />
              </lines>
            </method>
            <method name="get_MunicipioDestinatario" signature="()" line-rate="1" branch-rate="1" complexity="1">
              <lines>
                <line number="90" hits="4" branch="False" />
              </lines>
            </method>
            <method name="get_NumeroLogradouroDestinatario" signature="()" line-rate="1" branch-rate="1" complexity="1">
              <lines>
                <line number="91" hits="4" branch="False" />
              </lines>
            </method>
            <method name="get_RazaoSocialDestinatario" signature="()" line-rate="1" branch-rate="1" complexity="1">
              <lines>
                <line number="92" hits="4" branch="False" />
              </lines>
            </method>
            <method name="get_TipoLogradouroDestinatario" signature="()" line-rate="1" branch-rate="1" complexity="1">
              <lines>
                <line number="93" hits="4" branch="False" />
              </lines>
            </method>
            <method name="get_UFDestinatario" signature="()" line-rate="1" branch-rate="1" complexity="1">
              <lines>
                <line number="94" hits="4" branch="False" />
              </lines>
            </method>
          </methods>
          <lines>
            <line number="79" hits="4" branch="False" />
            <line number="80" hits="4" branch="False" />
            <line number="81" hits="4" branch="False" />
            <line number="82" hits="4" branch="False" />
            <line number="83" hits="4" branch="False" />
            <line number="84" hits="4" branch="False" />
            <line number="85" hits="4" branch="False" />
            <line number="86" hits="4" branch="False" />
            <line number="87" hits="4" branch="False" />
            <line number="88" hits="4" branch="False" />
            <line number="89" hits="4" branch="False" />
            <line number="90" hits="4" branch="False" />
            <line number="91" hits="4" branch="False" />
            <line number="92" hits="4" branch="False" />
            <line number="93" hits="4" branch="False" />
            <line number="94" hits="4" branch="False" />
          </lines>
        </class>
        <class name="B1Library.Data.Emitente" filename="B1Library\Data\InvoiceB1.cs" line-rate="1" branch-rate="1" complexity="11">
          <methods>
            <method name="get_AdressTypeEmitente" signature="()" line-rate="1" branch-rate="1" complexity="1">
              <lines>
                <line number="99" hits="4" branch="False" />
              </lines>
            </method>
            <method name="get_BairroEmitente" signature="()" line-rate="1" branch-rate="1" complexity="1">
              <lines>
                <line number="100" hits="4" branch="False" />
              </lines>
            </method>
            <method name="get_CEPEmitente" signature="()" line-rate="1" branch-rate="1" complexity="1">
              <lines>
                <line number="101" hits="4" branch="False" />
              </lines>
            </method>
            <method name="get_CNPJEmitente" signature="()" line-rate="1" branch-rate="1" complexity="1">
              <lines>
                <line number="102" hits="4" branch="False" />
              </lines>
            </method>
            <method name="get_CidadeEmitente" signature="()" line-rate="1" branch-rate="1" complexity="1">
              <lines>
                <line number="103" hits="4" branch="False" />
              </lines>
            </method>
            <method name="get_InscIeEmitente" signature="()" line-rate="1" branch-rate="1" complexity="1">
              <lines>
                <line number="104" hits="4" branch="False" />
              </lines>
            </method>
            <method name="get_LogradouroEmitente" signature="()" line-rate="1" branch-rate="1" complexity="1">
              <lines>
                <line number="105" hits="4" branch="False" />
              </lines>
            </method>
            <method name="get_MunicipioEmitente" signature="()" line-rate="1" branch-rate="1" complexity="1">
              <lines>
                <line number="106" hits="4" branch="False" />
              </lines>
            </method>
            <method name="get_NumeroLogradouroEmitente" signature="()" line-rate="1" branch-rate="1" complexity="1">
              <lines>
                <line number="107" hits="4" branch="False" />
              </lines>
            </method>
            <method name="get_RazaoSocialEmitente" signature="()" line-rate="1" branch-rate="1" complexity="1">
              <lines>
                <line number="108" hits="4" branch="False" />
              </lines>
            </method>
            <method name="get_UFEmitente" signature="()" line-rate="1" branch-rate="1" complexity="1">
              <lines>
                <line number="109" hits="4" branch="False" />
              </lines>
            </method>
          </methods>
          <lines>
            <line number="99" hits="4" branch="False" />
            <line number="100" hits="4" branch="False" />
            <line number="101" hits="4" branch="False" />
            <line number="102" hits="4" branch="False" />
            <line number="103" hits="4" branch="False" />
            <line number="104" hits="4" branch="False" />
            <line number="105" hits="4" branch="False" />
            <line number="106" hits="4" branch="False" />
            <line number="107" hits="4" branch="False" />
            <line number="108" hits="4" branch="False" />
            <line number="109" hits="4" branch="False" />
          </lines>
        </class>
        <class name="B1Library.Data.Identificacao" filename="B1Library\Data\InvoiceB1.cs" line-rate="1" branch-rate="1" complexity="17">
          <methods>
            <method name="get_BranchId" signature="()" line-rate="1" branch-rate="1" complexity="1">
              <lines>
                <line number="114" hits="4" branch="False" />
              </lines>
            </method>
            <method name="get_CondicaoDePagamentoDocumento" signature="()" line-rate="1" branch-rate="1" complexity="1">
              <lines>
                <line number="115" hits="4" branch="False" />
              </lines>
            </method>
            <method name="get_DataEmissao" signature="()" line-rate="1" branch-rate="1" complexity="1">
              <lines>
                <line number="116" hits="4" branch="False" />
              </lines>
            </method>
            <method name="get_DataLancamento" signature="()" line-rate="1" branch-rate="1" complexity="1">
              <lines>
                <line number="117" hits="4" branch="False" />
              </lines>
            </method>
            <method name="get_DocEntry" signature="()" line-rate="1" branch-rate="1" complexity="1">
              <lines>
                <line number="118" hits="4" branch="False" />
              </lines>
            </method>
            <method name="get_DocNum" signature="()" line-rate="1" branch-rate="1" complexity="1">
              <lines>
                <line number="119" hits="4" branch="False" />
              </lines>
            </method>
            <method name="get_DocumentoCancelado" signature="()" line-rate="1" branch-rate="1" complexity="1">
              <lines>
                <line number="120" hits="4" branch="False" />
              </lines>
            </method>
            <method name="get_FinalideDocumento" signature="()" line-rate="1" branch-rate="1" complexity="1">
              <lines>
                <line number="121" hits="4" branch="False" />
              </lines>
            </method>
            <method name="get_FormaDePagamentoDocumento" signature="()" line-rate="1" branch-rate="1" complexity="1">
              <lines>
                <line number="122" hits="4" branch="False" />
              </lines>
            </method>
            <method name="get_IdRetornoOrbit" signature="()" line-rate="1" branch-rate="1" complexity="1">
              <lines>
                <line number="123" hits="4" branch="False" />
              </lines>
            </method>
            <method name="get_NaturezaOperacaoDocumento" signature="()" line-rate="1" branch-rate="1" complexity="1">
              <lines>
                <line number="124" hits="4" branch="False" />
              </lines>
            </method>
            <method name="get_NumeroDocumento" signature="()" line-rate="1" branch-rate="1" complexity="1">
              <lines>
                <line number="125" hits="4" branch="False" />
              </lines>
            </method>
            <method name="get_SerieDocumento" signature="()" line-rate="1" branch-rate="1" complexity="1">
              <lines>
                <line number="126" hits="4" branch="False" />
              </lines>
            </method>
            <method name="get_StatusOrbit" signature="()" line-rate="1" branch-rate="1" complexity="1">
              <lines>
                <line number="127" hits="4" branch="False" />
              </lines>
            </method>
            <method name="get_TipoOperacaoDocumento" signature="()" line-rate="1" branch-rate="1" complexity="1">
              <lines>
                <line number="128" hits="4" branch="False" />
              </lines>
            </method>
            <method name="get_TipoTributacaoNFSe" signature="()" line-rate="1" branch-rate="1" complexity="1">
              <lines>
                <line number="129" hits="4" branch="False" />
              </lines>
            </method>
            <method name="get_ValorTotalNF" signature="()" line-rate="1" branch-rate="1" complexity="1">
              <lines>
                <line number="130" hits="4" branch="False" />
              </lines>
            </method>
          </methods>
          <lines>
            <line number="114" hits="4" branch="False" />
            <line number="115" hits="4" branch="False" />
            <line number="116" hits="4" branch="False" />
            <line number="117" hits="4" branch="False" />
            <line number="118" hits="4" branch="False" />
            <line number="119" hits="4" branch="False" />
            <line number="120" hits="4" branch="False" />
            <line number="121" hits="4" branch="False" />
            <line number="122" hits="4" branch="False" />
            <line number="123" hits="4" branch="False" />
            <line number="124" hits="4" branch="False" />
            <line number="125" hits="4" branch="False" />
            <line number="126" hits="4" branch="False" />
            <line number="127" hits="4" branch="False" />
            <line number="128" hits="4" branch="False" />
            <line number="129" hits="4" branch="False" />
            <line number="130" hits="4" branch="False" />
          </lines>
        </class>
        <class name="B1Library.Data.ImpostoLinha" filename="B1Library\Data\InvoiceB1.cs" line-rate="1" branch-rate="1" complexity="4">
          <methods>
            <method name="get_NomeImposto" signature="()" line-rate="1" branch-rate="1" complexity="1">
              <lines>
                <line number="135" hits="20" branch="False" />
              </lines>
            </method>
            <method name="get_PorcentagemImposto" signature="()" line-rate="1" branch-rate="1" complexity="1">
              <lines>
                <line number="136" hits="12" branch="False" />
              </lines>
            </method>
            <method name="get_TipoImpostoOrbit" signature="()" line-rate="1" branch-rate="1" complexity="1">
              <lines>
                <line number="137" hits="12" branch="False" />
              </lines>
            </method>
            <method name="get_ValorImposto" signature="()" line-rate="1" branch-rate="1" complexity="1">
              <lines>
                <line number="138" hits="19" branch="False" />
              </lines>
            </method>
          </methods>
          <lines>
            <line number="135" hits="20" branch="False" />
            <line number="136" hits="12" branch="False" />
            <line number="137" hits="12" branch="False" />
            <line number="138" hits="19" branch="False" />
          </lines>
        </class>
        <class name="B1Library.Data.ImpostoRetidoLinha" filename="B1Library\Data\InvoiceB1.cs" line-rate="0" branch-rate="1" complexity="3">
          <methods>
            <method name="get_PorcentagemImpostoRetido" signature="()" line-rate="0" branch-rate="1" complexity="1">
              <lines>
                <line number="143" hits="0" branch="False" />
              </lines>
            </method>
            <method name="get_TipoImpostoOrbit" signature="()" line-rate="0" branch-rate="1" complexity="1">
              <lines>
                <line number="144" hits="0" branch="False" />
              </lines>
            </method>
            <method name="get_ValorImpostoRetido" signature="()" line-rate="0" branch-rate="1" complexity="1">
              <lines>
                <line number="145" hits="0" branch="False" />
              </lines>
            </method>
          </methods>
          <lines>
            <line number="143" hits="0" branch="False" />
            <line number="144" hits="0" branch="False" />
            <line number="145" hits="0" branch="False" />
          </lines>
        </class>
        <class name="B1Library.Data.ResponseOrbitToB1" filename="B1Library\Data\ResponseOrbitToB1.cs" line-rate="0" branch-rate="1" complexity="2">
          <methods>
            <method name="get_message" signature="()" line-rate="0" branch-rate="1" complexity="1">
              <lines>
                <line number="5" hits="0" branch="False" />
              </lines>
            </method>
            <method name="get_nfseId" signature="()" line-rate="0" branch-rate="1" complexity="1">
              <lines>
                <line number="6" hits="0" branch="False" />
              </lines>
            </method>
          </methods>
          <lines>
            <line number="5" hits="0" branch="False" />
            <line number="6" hits="0" branch="False" />
          </lines>
        </class>
      </classes>
    </package>
    <package name="B1Library_Tests" line-rate="0.9934000000000001" branch-rate="1" complexity="27">
      <classes>
        <class name="AutoGeneratedProgram" filename="Users\B1USER11\.nuget\packages\microsoft.net.test.sdk\16.9.4\build\netcoreapp2.1\Microsoft.NET.Test.Sdk.Program.cs" line-rate="0" branch-rate="1" complexity="1">
          <methods>
            <method name="Main" signature="(System.String[])" line-rate="0" branch-rate="1" complexity="1">
              <lines>
                <line number="4" hits="0" branch="False" />
              </lines>
            </method>
          </methods>
          <lines>
            <line number="4" hits="0" branch="False" />
          </lines>
        </class>
        <class name="B1Library_Tests.UseCases.QueryB1OtherDocumentsTest" filename="B1Library_Tests\UseCases\QueryB1OtherDocumentsTest.cs" line-rate="1" branch-rate="1" complexity="11">
          <methods>
            <method name="ShouldReturnQueryB1InboundOtherDocuments" signature="()" line-rate="1" branch-rate="1" complexity="10">
              <lines>
                <line number="20" hits="1" branch="False" />
                <line number="21" hits="10" branch="True" condition-coverage="100% (2/2)">
                  <conditions>
                    <condition number="175" type="jump" coverage="100%" />
                  </conditions>
                </line>
                <line number="23" hits="4" branch="False" />
                <line number="24" hits="4" branch="True" condition-coverage="100% (8/8)">
                  <conditions>
                    <condition number="81" type="jump" coverage="100%" />
                    <condition number="94" type="jump" coverage="100%" />
                    <condition number="107" type="jump" coverage="100%" />
                    <condition number="120" type="jump" coverage="100%" />
                  </conditions>
                </line>
                <line number="28" hits="1" branch="False" />
                <line number="29" hits="1" branch="False" />
                <line number="30" hits="1" branch="False" />
                <line number="31" hits="1" branch="False" />
                <line number="32" hits="1" branch="False" />
                <line number="34" hits="1" branch="False" />
                <line number="35" hits="1" branch="False" />
                <line number="36" hits="1" branch="False" />
                <line number="37" hits="1" branch="False" />
                <line number="38" hits="1" branch="False" />
                <line number="40" hits="1" branch="False" />
                <line number="41" hits="1" branch="False" />
                <line number="42" hits="1" branch="False" />
                <line number="43" hits="1" branch="False" />
                <line number="44" hits="1" branch="False" />
                <line number="46" hits="1" branch="False" />
                <line number="47" hits="1" branch="False" />
                <line number="48" hits="1" branch="False" />
                <line number="49" hits="1" branch="False" />
                <line number="54" hits="4" branch="False" />
                <line number="56" hits="1" branch="False" />
              </lines>
            </method>
            <method name=".ctor" signature="()" line-rate="1" branch-rate="1" complexity="1">
              <lines>
                <line number="12" hits="1" branch="False" />
                <line number="14" hits="1" branch="False" />
                <line number="15" hits="1" branch="False" />
              </lines>
            </method>
          </methods>
          <lines>
            <line number="20" hits="1" branch="False" />
            <line number="21" hits="10" branch="True" condition-coverage="100% (2/2)">
              <conditions>
                <condition number="175" type="jump" coverage="100%" />
              </conditions>
            </line>
            <line number="23" hits="4" branch="False" />
            <line number="24" hits="4" branch="True" condition-coverage="100% (8/8)">
              <conditions>
                <condition number="81" type="jump" coverage="100%" />
                <condition number="94" type="jump" coverage="100%" />
                <condition number="107" type="jump" coverage="100%" />
                <condition number="120" type="jump" coverage="100%" />
              </conditions>
            </line>
            <line number="28" hits="1" branch="False" />
            <line number="29" hits="1" branch="False" />
            <line number="30" hits="1" branch="False" />
            <line number="31" hits="1" branch="False" />
            <line number="32" hits="1" branch="False" />
            <line number="34" hits="1" branch="False" />
            <line number="35" hits="1" branch="False" />
            <line number="36" hits="1" branch="False" />
            <line number="37" hits="1" branch="False" />
            <line number="38" hits="1" branch="False" />
            <line number="40" hits="1" branch="False" />
            <line number="41" hits="1" branch="False" />
            <line number="42" hits="1" branch="False" />
            <line number="43" hits="1" branch="False" />
            <line number="44" hits="1" branch="False" />
            <line number="46" hits="1" branch="False" />
            <line number="47" hits="1" branch="False" />
            <line number="48" hits="1" branch="False" />
            <line number="49" hits="1" branch="False" />
            <line number="54" hits="4" branch="False" />
            <line number="56" hits="1" branch="False" />
            <line number="12" hits="1" branch="False" />
            <line number="14" hits="1" branch="False" />
            <line number="15" hits="1" branch="False" />
          </lines>
        </class>
        <class name="B1Library_Tests.Repository.DBRepositoryTest" filename="B1Library_Tests\Repository\DBRepositoryTest.cs" line-rate="1" branch-rate="1" complexity="7">
          <methods>
            <method name="SetupWrapperExecuteQuery" signature="(System.Data.DataSet,System.String)" line-rate="1" branch-rate="1" complexity="1">
              <lines>
                <line number="31" hits="1" branch="False" />
                <line number="33" hits="1" branch="False" />
                <line number="34" hits="1" branch="False" />
                <line number="35" hits="1" branch="False" />
                <line number="36" hits="1" branch="False" />
                <line number="37" hits="1" branch="False" />
                <line number="38" hits="1" branch="False" />
                <line number="39" hits="1" branch="False" />
                <line number="40" hits="1" branch="False" />
                <line number="41" hits="1" branch="False" />
                <line number="42" hits="1" branch="False" />
                <line number="43" hits="1" branch="False" />
                <line number="44" hits="1" branch="False" />
                <line number="45" hits="1" branch="False" />
                <line number="46" hits="1" branch="False" />
                <line number="47" hits="1" branch="False" />
                <line number="48" hits="1" branch="False" />
                <line number="49" hits="1" branch="False" />
              </lines>
            </method>
            <method name="CreateFakeInvoiceB1DataSet" signature="()" line-rate="1" branch-rate="1" complexity="1">
              <lines>
                <line number="53" hits="1" branch="False" />
                <line number="54" hits="1" branch="False" />
                <line number="55" hits="1" branch="False" />
                <line number="57" hits="1" branch="False" />
                <line number="58" hits="1" branch="False" />
                <line number="59" hits="1" branch="False" />
                <line number="61" hits="1" branch="False" />
                <line number="63" hits="1" branch="False" />
              </lines>
            </method>
            <method name="ReturnFakeDataRow" signature="(System.Data.DataTable)" line-rate="1" branch-rate="1" complexity="1">
              <lines>
                <line number="68" hits="1" branch="False" />
                <line number="70" hits="1" branch="False" />
                <line number="71" hits="1" branch="False" />
              </lines>
            </method>
            <method name="ReturnJsonResultB1" signature="()" line-rate="1" branch-rate="1" complexity="1">
              <lines>
                <line number="76" hits="1" branch="False" />
                <line number="77" hits="1" branch="False" />
              </lines>
            </method>
            <method name="ShouldGetListInvoicesToOrbit" signature="()" line-rate="1" branch-rate="1" complexity="1">
              <lines>
                <line number="84" hits="1" branch="False" />
                <line number="85" hits="1" branch="False" />
                <line number="86" hits="1" branch="False" />
                <line number="87" hits="1" branch="False" />
                <line number="88" hits="1" branch="False" />
                <line number="90" hits="1" branch="False" />
                <line number="91" hits="1" branch="False" />
                <line number="92" hits="1" branch="False" />
              </lines>
            </method>
            <method name="ShouldUpdateB1DocumentWithSuccessStatus" signature="()" line-rate="1" branch-rate="1" complexity="1">
              <lines>
                <line number="97" hits="1" branch="False" />
                <line number="99" hits="1" branch="False" />
                <line number="101" hits="1" branch="False" />
                <line number="102" hits="1" branch="False" />
                <line number="103" hits="1" branch="False" />
                <line number="104" hits="1" branch="False" />
                <line number="105" hits="1" branch="False" />
                <line number="106" hits="1" branch="False" />
                <line number="108" hits="1" branch="False" />
                <line number="109" hits="1" branch="False" />
                <line number="110" hits="1" branch="False" />
                <line number="112" hits="1" branch="False" />
                <line number="113" hits="1" branch="False" />
                <line number="115" hits="1" branch="False" />
                <line number="116" hits="1" branch="False" />
                <line number="117" hits="1" branch="False" />
              </lines>
            </method>
            <method name=".ctor" signature="()" line-rate="1" branch-rate="1" complexity="1">
              <lines>
                <line number="21" hits="2" branch="False" />
                <line number="23" hits="2" branch="False" />
                <line number="24" hits="2" branch="False" />
                <line number="25" hits="2" branch="False" />
                <line number="26" hits="2" branch="False" />
              </lines>
            </method>
          </methods>
          <lines>
            <line number="31" hits="1" branch="False" />
            <line number="33" hits="1" branch="False" />
            <line number="34" hits="1" branch="False" />
            <line number="35" hits="1" branch="False" />
            <line number="36" hits="1" branch="False" />
            <line number="37" hits="1" branch="False" />
            <line number="38" hits="1" branch="False" />
            <line number="39" hits="1" branch="False" />
            <line number="40" hits="1" branch="False" />
            <line number="41" hits="1" branch="False" />
            <line number="42" hits="1" branch="False" />
            <line number="43" hits="1" branch="False" />
            <line number="44" hits="1" branch="False" />
            <line number="45" hits="1" branch="False" />
            <line number="46" hits="1" branch="False" />
            <line number="47" hits="1" branch="False" />
            <line number="48" hits="1" branch="False" />
            <line number="49" hits="1" branch="False" />
            <line number="53" hits="1" branch="False" />
            <line number="54" hits="1" branch="False" />
            <line number="55" hits="1" branch="False" />
            <line number="57" hits="1" branch="False" />
            <line number="58" hits="1" branch="False" />
            <line number="59" hits="1" branch="False" />
            <line number="61" hits="1" branch="False" />
            <line number="63" hits="1" branch="False" />
            <line number="68" hits="1" branch="False" />
            <line number="70" hits="1" branch="False" />
            <line number="71" hits="1" branch="False" />
            <line number="76" hits="1" branch="False" />
            <line number="77" hits="1" branch="False" />
            <line number="84" hits="1" branch="False" />
            <line number="85" hits="1" branch="False" />
            <line number="86" hits="1" branch="False" />
            <line number="87" hits="1" branch="False" />
            <line number="88" hits="1" branch="False" />
            <line number="90" hits="1" branch="False" />
            <line number="91" hits="1" branch="False" />
            <line number="92" hits="1" branch="False" />
            <line number="97" hits="1" branch="False" />
            <line number="99" hits="1" branch="False" />
            <line number="101" hits="1" branch="False" />
            <line number="102" hits="1" branch="False" />
            <line number="103" hits="1" branch="False" />
            <line number="104" hits="1" branch="False" />
            <line number="105" hits="1" branch="False" />
            <line number="106" hits="1" branch="False" />
            <line number="108" hits="1" branch="False" />
            <line number="109" hits="1" branch="False" />
            <line number="110" hits="1" branch="False" />
            <line number="112" hits="1" branch="False" />
            <line number="113" hits="1" branch="False" />
            <line number="115" hits="1" branch="False" />
            <line number="116" hits="1" branch="False" />
            <line number="117" hits="1" branch="False" />
            <line number="21" hits="2" branch="False" />
            <line number="23" hits="2" branch="False" />
            <line number="24" hits="2" branch="False" />
            <line number="25" hits="2" branch="False" />
            <line number="26" hits="2" branch="False" />
          </lines>
        </class>
        <class name="B1Library_Tests.Interface.B1DocumentStatusDataTest" filename="B1Library_Tests\Interface\B1DocumentStatusDataTest.cs" line-rate="1" branch-rate="1" complexity="1">
          <methods>
            <method name="ShouldCreateInstanceWithParameters" signature="()" line-rate="1" branch-rate="1" complexity="1">
              <lines>
                <line number="14" hits="1" branch="False" />
                <line number="15" hits="1" branch="False" />
                <line number="16" hits="1" branch="False" />
                <line number="17" hits="1" branch="False" />
                <line number="18" hits="1" branch="False" />
                <line number="19" hits="1" branch="False" />
              </lines>
            </method>
          </methods>
          <lines>
            <line number="14" hits="1" branch="False" />
            <line number="15" hits="1" branch="False" />
            <line number="16" hits="1" branch="False" />
            <line number="17" hits="1" branch="False" />
            <line number="18" hits="1" branch="False" />
            <line number="19" hits="1" branch="False" />
          </lines>
        </class>
        <class name="B1Library_Tests.Data.InvoiceB1Tests" filename="B1Library_Tests\Data\InvoiceB1Tests.cs" line-rate="1" branch-rate="1" complexity="7">
          <methods>
            <method name="ShouldCreateAValidInvoiceB1Instance" signature="()" line-rate="1" branch-rate="1" complexity="1">
              <lines>
                <line number="20" hits="1" branch="False" />
                <line number="21" hits="1" branch="False" />
                <line number="22" hits="1" branch="False" />
                <line number="23" hits="1" branch="False" />
                <line number="24" hits="1" branch="False" />
                <line number="25" hits="1" branch="False" />
              </lines>
            </method>
            <method name="ShouldAddLineItem" signature="()" line-rate="1" branch-rate="1" complexity="1">
              <lines>
                <line number="30" hits="1" branch="False" />
                <line number="32" hits="1" branch="False" />
                <line number="33" hits="1" branch="False" />
                <line number="35" hits="1" branch="False" />
                <line number="36" hits="1" branch="False" />
                <line number="37" hits="1" branch="False" />
              </lines>
            </method>
            <method name="ShoulNotdAddLineItemWithoutTaxObjects" signature="()" line-rate="1" branch-rate="1" complexity="1">
              <lines>
                <line number="43" hits="2" branch="False" />
                <line number="45" hits="1" branch="False" />
                <line number="46" hits="1" branch="False" />
                <line number="47" hits="2" branch="False" />
                <line number="49" hits="1" branch="False" />
                <line number="50" hits="1" branch="False" />
                <line number="51" hits="2" branch="False" />
                <line number="52" hits="1" branch="False" />
              </lines>
            </method>
            <method name="ShouldReturnTaxNameSum" signature="()" line-rate="1" branch-rate="1" complexity="1">
              <lines>
                <line number="57" hits="1" branch="False" />
                <line number="58" hits="1" branch="False" />
                <line number="59" hits="1" branch="False" />
                <line number="60" hits="1" branch="False" />
                <line number="61" hits="1" branch="False" />
                <line number="62" hits="1" branch="False" />
                <line number="64" hits="1" branch="False" />
                <line number="65" hits="1" branch="False" />
                <line number="66" hits="1" branch="False" />
                <line number="67" hits="1" branch="False" />
                <line number="68" hits="1" branch="False" />
                <line number="69" hits="1" branch="False" />
                <line number="71" hits="1" branch="False" />
                <line number="72" hits="1" branch="False" />
                <line number="73" hits="1" branch="False" />
              </lines>
            </method>
            <method name="ShouldReturnZeroSumWithoutSelectedTaxName" signature="()" line-rate="1" branch-rate="1" complexity="1">
              <lines>
                <line number="78" hits="1" branch="False" />
                <line number="79" hits="1" branch="False" />
                <line number="81" hits="1" branch="False" />
                <line number="82" hits="1" branch="False" />
                <line number="83" hits="1" branch="False" />
                <line number="84" hits="1" branch="False" />
                <line number="85" hits="1" branch="False" />
                <line number="86" hits="1" branch="False" />
                <line number="88" hits="1" branch="False" />
                <line number="89" hits="1" branch="False" />
                <line number="90" hits="1" branch="False" />
              </lines>
            </method>
            <method name="ShouldReturnNegativeSumToSelectedTaxName" signature="()" line-rate="1" branch-rate="1" complexity="1">
              <lines>
                <line number="95" hits="1" branch="False" />
                <line number="96" hits="1" branch="False" />
                <line number="97" hits="1" branch="False" />
                <line number="98" hits="1" branch="False" />
                <line number="99" hits="1" branch="False" />
                <line number="100" hits="1" branch="False" />
                <line number="102" hits="1" branch="False" />
                <line number="103" hits="1" branch="False" />
                <line number="104" hits="1" branch="False" />
              </lines>
            </method>
            <method name=".ctor" signature="()" line-rate="1" branch-rate="1" complexity="1">
              <lines>
                <line number="12" hits="6" branch="False" />
                <line number="14" hits="6" branch="False" />
                <line number="15" hits="6" branch="False" />
              </lines>
            </method>
          </methods>
          <lines>
            <line number="20" hits="1" branch="False" />
            <line number="21" hits="1" branch="False" />
            <line number="22" hits="1" branch="False" />
            <line number="23" hits="1" branch="False" />
            <line number="24" hits="1" branch="False" />
            <line number="25" hits="1" branch="False" />
            <line number="30" hits="1" branch="False" />
            <line number="32" hits="1" branch="False" />
            <line number="33" hits="1" branch="False" />
            <line number="35" hits="1" branch="False" />
            <line number="36" hits="1" branch="False" />
            <line number="37" hits="1" branch="False" />
            <line number="43" hits="2" branch="False" />
            <line number="45" hits="1" branch="False" />
            <line number="46" hits="1" branch="False" />
            <line number="47" hits="2" branch="False" />
            <line number="49" hits="1" branch="False" />
            <line number="50" hits="1" branch="False" />
            <line number="51" hits="2" branch="False" />
            <line number="52" hits="1" branch="False" />
            <line number="57" hits="1" branch="False" />
            <line number="58" hits="1" branch="False" />
            <line number="59" hits="1" branch="False" />
            <line number="60" hits="1" branch="False" />
            <line number="61" hits="1" branch="False" />
            <line number="62" hits="1" branch="False" />
            <line number="64" hits="1" branch="False" />
            <line number="65" hits="1" branch="False" />
            <line number="66" hits="1" branch="False" />
            <line number="67" hits="1" branch="False" />
            <line number="68" hits="1" branch="False" />
            <line number="69" hits="1" branch="False" />
            <line number="71" hits="1" branch="False" />
            <line number="72" hits="1" branch="False" />
            <line number="73" hits="1" branch="False" />
            <line number="78" hits="1" branch="False" />
            <line number="79" hits="1" branch="False" />
            <line number="81" hits="1" branch="False" />
            <line number="82" hits="1" branch="False" />
            <line number="83" hits="1" branch="False" />
            <line number="84" hits="1" branch="False" />
            <line number="85" hits="1" branch="False" />
            <line number="86" hits="1" branch="False" />
            <line number="88" hits="1" branch="False" />
            <line number="89" hits="1" branch="False" />
            <line number="90" hits="1" branch="False" />
            <line number="95" hits="1" branch="False" />
            <line number="96" hits="1" branch="False" />
            <line number="97" hits="1" branch="False" />
            <line number="98" hits="1" branch="False" />
            <line number="99" hits="1" branch="False" />
            <line number="100" hits="1" branch="False" />
            <line number="102" hits="1" branch="False" />
            <line number="103" hits="1" branch="False" />
            <line number="104" hits="1" branch="False" />
            <line number="12" hits="6" branch="False" />
            <line number="14" hits="6" branch="False" />
            <line number="15" hits="6" branch="False" />
          </lines>
        </class>
      </classes>
    </package>
  </packages>
</coverage>