TpTrace Verbose: 0 : 256536, 1, 2022/09/23, 21:48:34.470, 7903608997351, vstest.console.dll, Version: 16.11.0
TpTrace Information: 0 : 256536, 1, 2022/09/23, 21:48:34.481, 7903609099074, vstest.console.dll, FilePatternParser: The given file D:\Desenvolvimento\Gabriel\B1Library\B1Library\B1Library_Tests\bin\Release\netcoreapp3.1\fine-code-coverage\build-output\B1Library_Tests.dll is a full path.
TpTrace Verbose: 0 : 256536, 1, 2022/09/23, 21:48:34.486, 7903609147171, vstest.console.dll, TestPluginCache.DiscoverTestExtensions: finding test extensions in assemblies ends with: RuntimeProvider.dll TPluginInfo: Microsoft.VisualStudio.TestPlatform.Common.ExtensionFramework.Utilities.TestRuntimePluginInformation TExtension: Microsoft.VisualStudio.TestPlatform.ObjectModel.Host.ITestRuntimeProvider
TpTrace Verbose: 0 : 256536, 1, 2022/09/23, 21:48:34.487, 7903609157691, vstest.console.dll, TestPluginCache.GetExtensionPaths: Filtered extension paths: 
TpTrace Verbose: 0 : 256536, 1, 2022/09/23, 21:48:34.487, 7903609159894, vstest.console.dll, TestPluginCache.GetExtensionPaths: Added default extension paths: C:\Program Files\dotnet\sdk\5.0.411\Extensions\Microsoft.Diagnostics.NETCore.Client.dll
C:\Program Files\dotnet\sdk\5.0.411\Extensions\Microsoft.TestPlatform.Extensions.BlameDataCollector.dll
C:\Program Files\dotnet\sdk\5.0.411\Extensions\Microsoft.TestPlatform.Extensions.EventLogCollector.dll
C:\Program Files\dotnet\sdk\5.0.411\Extensions\Microsoft.TestPlatform.TestHostRuntimeProvider.dll
C:\Program Files\dotnet\sdk\5.0.411\Extensions\Microsoft.VisualStudio.TestPlatform.Extensions.Html.TestLogger.dll
C:\Program Files\dotnet\sdk\5.0.411\Extensions\Microsoft.VisualStudio.TestPlatform.Extensions.Trx.TestLogger.dll
TpTrace Verbose: 0 : 256536, 1, 2022/09/23, 21:48:34.487, 7903609161303, vstest.console.dll, TestPluginCache.GetExtensionPaths: Added unfilterableExtensionPaths: 
TpTrace Information: 0 : 256536, 1, 2022/09/23, 21:48:34.488, 7903609171563, vstest.console.dll, AssemblyResolver.ctor: Creating AssemblyResolver with searchDirectories C:\Program Files\dotnet\sdk\5.0.411\Extensions,C:\Program Files\dotnet\sdk\5.0.411
TpTrace Verbose: 0 : 256536, 1, 2022/09/23, 21:48:34.489, 7903609182302, vstest.console.dll, TestPluginCache.DiscoverTestExtensions: Discovering the extensions using extension path.
TpTrace Verbose: 0 : 256536, 1, 2022/09/23, 21:48:34.489, 7903609184864, vstest.console.dll, TestPluginCache.GetExtensionPaths: Filtered extension paths: 
TpTrace Verbose: 0 : 256536, 1, 2022/09/23, 21:48:34.490, 7903609186271, vstest.console.dll, TestPluginCache.GetExtensionPaths: Added default extension paths: C:\Program Files\dotnet\sdk\5.0.411\Extensions\Microsoft.Diagnostics.NETCore.Client.dll
C:\Program Files\dotnet\sdk\5.0.411\Extensions\Microsoft.TestPlatform.Extensions.BlameDataCollector.dll
C:\Program Files\dotnet\sdk\5.0.411\Extensions\Microsoft.TestPlatform.Extensions.EventLogCollector.dll
C:\Program Files\dotnet\sdk\5.0.411\Extensions\Microsoft.TestPlatform.TestHostRuntimeProvider.dll
C:\Program Files\dotnet\sdk\5.0.411\Extensions\Microsoft.VisualStudio.TestPlatform.Extensions.Html.TestLogger.dll
C:\Program Files\dotnet\sdk\5.0.411\Extensions\Microsoft.VisualStudio.TestPlatform.Extensions.Trx.TestLogger.dll
TpTrace Verbose: 0 : 256536, 1, 2022/09/23, 21:48:34.490, 7903609187603, vstest.console.dll, TestPluginCache.GetExtensionPaths: Added unfilterableExtensionPaths: 
TpTrace Verbose: 0 : 256536, 1, 2022/09/23, 21:48:34.490, 7903609189172, vstest.console.dll, TestPluginCache.DiscoverTestExtensions: Discovering the extensions using allExtensionPaths: C:\Program Files\dotnet\sdk\5.0.411\Extensions\Microsoft.Diagnostics.NETCore.Client.dll
C:\Program Files\dotnet\sdk\5.0.411\Extensions\Microsoft.TestPlatform.Extensions.BlameDataCollector.dll
C:\Program Files\dotnet\sdk\5.0.411\Extensions\Microsoft.TestPlatform.Extensions.EventLogCollector.dll
C:\Program Files\dotnet\sdk\5.0.411\Extensions\Microsoft.TestPlatform.TestHostRuntimeProvider.dll
C:\Program Files\dotnet\sdk\5.0.411\Extensions\Microsoft.VisualStudio.TestPlatform.Extensions.Html.TestLogger.dll
C:\Program Files\dotnet\sdk\5.0.411\Extensions\Microsoft.VisualStudio.TestPlatform.Extensions.Trx.TestLogger.dll
TpTrace Information: 0 : 256536, 1, 2022/09/23, 21:48:34.490, 7903609192033, vstest.console.dll, AssemblyResolver.AddSearchDirectories: Adding more searchDirectories C:\Program Files\dotnet\sdk\5.0.411\Extensions,C:\Program Files\dotnet\sdk\5.0.411
TpTrace Information: 0 : 256536, 1, 2022/09/23, 21:48:34.490, 7903609193641, vstest.console.dll, AssemblyResolver.AddSearchDirectories: Adding more searchDirectories C:\Program Files\dotnet\sdk\5.0.411\Extensions,C:\Program Files\dotnet\sdk\5.0.411
TpTrace Information: 0 : 256536, 1, 2022/09/23, 21:48:34.490, 7903609194869, vstest.console.dll, AssemblyResolver.AddSearchDirectories: Adding more searchDirectories C:\Program Files\dotnet\sdk\5.0.411\Extensions,C:\Program Files\dotnet\sdk\5.0.411
TpTrace Information: 0 : 256536, 1, 2022/09/23, 21:48:34.491, 7903609196296, vstest.console.dll, AssemblyResolver.AddSearchDirectories: Adding more searchDirectories C:\Program Files\dotnet\sdk\5.0.411\Extensions,C:\Program Files\dotnet\sdk\5.0.411
TpTrace Information: 0 : 256536, 1, 2022/09/23, 21:48:34.491, 7903609197498, vstest.console.dll, AssemblyResolver.AddSearchDirectories: Adding more searchDirectories C:\Program Files\dotnet\sdk\5.0.411\Extensions,C:\Program Files\dotnet\sdk\5.0.411
TpTrace Information: 0 : 256536, 1, 2022/09/23, 21:48:34.491, 7903609198704, vstest.console.dll, AssemblyResolver.AddSearchDirectories: Adding more searchDirectories C:\Program Files\dotnet\sdk\5.0.411\Extensions,C:\Program Files\dotnet\sdk\5.0.411
TpTrace Information: 0 : 256536, 1, 2022/09/23, 21:48:34.491, 7903609203767, vstest.console.dll, AssemblyResolver.OnResolve: Microsoft.Diagnostics.NETCore.Client: Resolving assembly.
TpTrace Information: 0 : 256536, 1, 2022/09/23, 21:48:34.492, 7903609205596, vstest.console.dll, AssemblyResolver.OnResolve: Microsoft.Diagnostics.NETCore.Client: Searching in: 'C:\Program Files\dotnet\sdk\5.0.411\Extensions'.
TpTrace Information: 0 : 256536, 1, 2022/09/23, 21:48:34.492, 7903609211327, vstest.console.dll, AssemblyResolver.OnResolve: Microsoft.Diagnostics.NETCore.Client: Loading assembly 'C:\Program Files\dotnet\sdk\5.0.411\Extensions\Microsoft.Diagnostics.NETCore.Client.dll'.
TpTrace Information: 0 : 256536, 1, 2022/09/23, 21:48:34.493, 7903609219048, vstest.console.dll, AssemblyResolver.OnResolve: Resolved assembly: Microsoft.Diagnostics.NETCore.Client, from path: C:\Program Files\dotnet\sdk\5.0.411\Extensions\Microsoft.Diagnostics.NETCore.Client.dll
TpTrace Information: 0 : 256536, 1, 2022/09/23, 21:48:34.496, 7903609250448, vstest.console.dll, AssemblyResolver.OnResolve: Microsoft.Bcl.AsyncInterfaces: Resolving assembly.
TpTrace Information: 0 : 256536, 1, 2022/09/23, 21:48:34.496, 7903609252226, vstest.console.dll, AssemblyResolver.OnResolve: Microsoft.Bcl.AsyncInterfaces: Searching in: 'C:\Program Files\dotnet\sdk\5.0.411\Extensions'.
TpTrace Information: 0 : 256536, 1, 2022/09/23, 21:48:34.496, 7903609254124, vstest.console.dll, AssemblyResolver.OnResolve: Microsoft.Bcl.AsyncInterfaces: Assembly path does not exist: 'C:\Program Files\dotnet\sdk\5.0.411\Extensions\Microsoft.Bcl.AsyncInterfaces.dll', returning.
TpTrace Information: 0 : 256536, 1, 2022/09/23, 21:48:34.497, 7903609255731, vstest.console.dll, AssemblyResolver.OnResolve: Microsoft.Bcl.AsyncInterfaces: Assembly path does not exist: 'C:\Program Files\dotnet\sdk\5.0.411\Extensions\Microsoft.Bcl.AsyncInterfaces.exe', returning.
TpTrace Information: 0 : 256536, 1, 2022/09/23, 21:48:34.497, 7903609256928, vstest.console.dll, AssemblyResolver.OnResolve: Microsoft.Bcl.AsyncInterfaces: Searching in: 'C:\Program Files\dotnet\sdk\5.0.411'.
TpTrace Information: 0 : 256536, 1, 2022/09/23, 21:48:34.497, 7903609258611, vstest.console.dll, AssemblyResolver.OnResolve: Microsoft.Bcl.AsyncInterfaces: Assembly path does not exist: 'C:\Program Files\dotnet\sdk\5.0.411\Microsoft.Bcl.AsyncInterfaces.dll', returning.
TpTrace Information: 0 : 256536, 1, 2022/09/23, 21:48:34.497, 7903609260297, vstest.console.dll, AssemblyResolver.OnResolve: Microsoft.Bcl.AsyncInterfaces: Assembly path does not exist: 'C:\Program Files\dotnet\sdk\5.0.411\Microsoft.Bcl.AsyncInterfaces.exe', returning.
TpTrace Information: 0 : 256536, 1, 2022/09/23, 21:48:34.497, 7903609262025, vstest.console.dll, AssemblyResolver.OnResolve: Microsoft.Bcl.AsyncInterfaces: Failed to load assembly.
TpTrace Verbose: 0 : 256536, 1, 2022/09/23, 21:48:34.497, 7903609263427, vstest.console.dll, CurrentDomainAssemblyResolve: Resolving assembly 'Microsoft.Bcl.AsyncInterfaces'.
TpTrace Information: 0 : 256536, 1, 2022/09/23, 21:48:34.497, 7903609264917, vstest.console.dll, AssemblyResolver.OnResolve: Microsoft.Bcl.AsyncInterfaces: Resolving assembly.
TpTrace Information: 0 : 256536, 1, 2022/09/23, 21:48:34.498, 7903609266220, vstest.console.dll, AssemblyResolver.OnResolve: Microsoft.Bcl.AsyncInterfaces: Resolved from cache.
TpTrace Verbose: 0 : 256536, 1, 2022/09/23, 21:48:34.498, 7903609268527, vstest.console.dll, CurrentDomainAssemblyResolve: Resolving assembly 'Microsoft.Bcl.AsyncInterfaces'.
TpTrace Verbose: 0 : 256536, 1, 2022/09/23, 21:48:34.498, 7903609270042, vstest.console.dll, CurrentDomainAssemblyResolve: Failed to resolve assembly 'Microsoft.Bcl.AsyncInterfaces'.
TpTrace Verbose: 0 : 256536, 1, 2022/09/23, 21:48:34.499, 7903609277737, vstest.console.dll, CurrentDomainAssemblyResolve: Failed to resolve assembly 'Microsoft.Bcl.AsyncInterfaces'.
TpTrace Warning: 0 : 256536, 1, 2022/09/23, 21:48:34.515, 7903609435855, vstest.console.dll, TestPluginDiscoverer: Failed to get types from assembly 'Microsoft.Diagnostics.NETCore.Client, Version=0.2.2.41902, Culture=neutral, PublicKeyToken=31bf3856ad364e35'.  Skipping test extension scan for this assembly.  Error: System.Reflection.ReflectionTypeLoadException: Unable to load one or more of the requested types.
Could not load file or assembly 'Microsoft.Bcl.AsyncInterfaces, Version=1.0.0.0, Culture=neutral, PublicKeyToken=cc7b13ffcd2ddd51'. The system cannot find the file specified.
   at System.Reflection.RuntimeModule.GetTypes(RuntimeModule module)
   at System.Reflection.Assembly.GetTypes()
   at Microsoft.VisualStudio.TestPlatform.Common.ExtensionFramework.TestPluginDiscoverer.GetTestExtensionsFromAssembly[TPluginInfo,TExtension](Assembly assembly, Dictionary`2 pluginInfos)
System.IO.FileNotFoundException: Could not load file or assembly 'Microsoft.Bcl.AsyncInterfaces, Version=1.0.0.0, Culture=neutral, PublicKeyToken=cc7b13ffcd2ddd51'. The system cannot find the file specified.
File name: 'Microsoft.Bcl.AsyncInterfaces, Version=1.0.0.0, Culture=neutral, PublicKeyToken=cc7b13ffcd2ddd51'
 ---> System.IO.FileNotFoundException: Could not load file or assembly 'Microsoft.Bcl.AsyncInterfaces, Culture=neutral, PublicKeyToken=null'. The system cannot find the file specified.
File name: 'Microsoft.Bcl.AsyncInterfaces, Culture=neutral, PublicKeyToken=null'
   at System.Reflection.RuntimeAssembly.InternalLoad(ObjectHandleOnStack assemblyName, ObjectHandleOnStack requestingAssembly, StackCrawlMarkHandle stackMark, Boolean throwOnFileNotFound, ObjectHandleOnStack assemblyLoadContext, ObjectHandleOnStack retAssembly)
   at System.Reflection.RuntimeAssembly.InternalLoad(AssemblyName assemblyName, RuntimeAssembly requestingAssembly, StackCrawlMark& stackMark, Boolean throwOnFileNotFound, AssemblyLoadContext assemblyLoadContext)
   at System.Reflection.Assembly.Load(AssemblyName assemblyRef)
   at Microsoft.VisualStudio.TestPlatform.Common.ExtensionFramework.TestPluginCache.CurrentDomainAssemblyResolve(Object sender, AssemblyResolveEventArgs args)
   at Microsoft.VisualStudio.TestPlatform.PlatformAbstractions.PlatformAssemblyResolver.AssemblyResolverEvent(Object sender, Object eventArgs)
   at System.Runtime.Loader.AssemblyLoadContext.GetFirstResolvedAssemblyFromResolvingEvent(AssemblyName assemblyName)
   at System.Runtime.Loader.AssemblyLoadContext.ResolveUsingEvent(AssemblyName assemblyName)
   at System.Runtime.Loader.AssemblyLoadContext.ResolveUsingResolvingEvent(IntPtr gchManagedAssemblyLoadContext, AssemblyName assemblyName)
TpTrace Warning: 0 : 256536, 1, 2022/09/23, 21:48:34.515, 7903609439344, vstest.console.dll, LoaderExceptions: System.IO.FileNotFoundException: Could not load file or assembly 'Microsoft.Bcl.AsyncInterfaces, Version=1.0.0.0, Culture=neutral, PublicKeyToken=cc7b13ffcd2ddd51'. The system cannot find the file specified.
File name: 'Microsoft.Bcl.AsyncInterfaces, Version=1.0.0.0, Culture=neutral, PublicKeyToken=cc7b13ffcd2ddd51'
 ---> System.IO.FileNotFoundException: Could not load file or assembly 'Microsoft.Bcl.AsyncInterfaces, Culture=neutral, PublicKeyToken=null'. The system cannot find the file specified.
File name: 'Microsoft.Bcl.AsyncInterfaces, Culture=neutral, PublicKeyToken=null'
   at System.Reflection.RuntimeAssembly.InternalLoad(ObjectHandleOnStack assemblyName, ObjectHandleOnStack requestingAssembly, StackCrawlMarkHandle stackMark, Boolean throwOnFileNotFound, ObjectHandleOnStack assemblyLoadContext, ObjectHandleOnStack retAssembly)
   at System.Reflection.RuntimeAssembly.InternalLoad(AssemblyName assemblyName, RuntimeAssembly requestingAssembly, StackCrawlMark& stackMark, Boolean throwOnFileNotFound, AssemblyLoadContext assemblyLoadContext)
   at System.Reflection.Assembly.Load(AssemblyName assemblyRef)
   at Microsoft.VisualStudio.TestPlatform.Common.ExtensionFramework.TestPluginCache.CurrentDomainAssemblyResolve(Object sender, AssemblyResolveEventArgs args)
   at Microsoft.VisualStudio.TestPlatform.PlatformAbstractions.PlatformAssemblyResolver.AssemblyResolverEvent(Object sender, Object eventArgs)
   at System.Runtime.Loader.AssemblyLoadContext.GetFirstResolvedAssemblyFromResolvingEvent(AssemblyName assemblyName)
   at System.Runtime.Loader.AssemblyLoadContext.ResolveUsingEvent(AssemblyName assemblyName)
   at System.Runtime.Loader.AssemblyLoadContext.ResolveUsingResolvingEvent(IntPtr gchManagedAssemblyLoadContext, AssemblyName assemblyName)
TpTrace Information: 0 : 256536, 1, 2022/09/23, 21:48:34.515, 7903609441423, vstest.console.dll, AssemblyResolver.OnResolve: Microsoft.TestPlatform.Extensions.BlameDataCollector: Resolving assembly.
TpTrace Information: 0 : 256536, 1, 2022/09/23, 21:48:34.515, 7903609442763, vstest.console.dll, AssemblyResolver.OnResolve: Microsoft.TestPlatform.Extensions.BlameDataCollector: Searching in: 'C:\Program Files\dotnet\sdk\5.0.411\Extensions'.
TpTrace Information: 0 : 256536, 1, 2022/09/23, 21:48:34.516, 7903609446503, vstest.console.dll, AssemblyResolver.OnResolve: Microsoft.TestPlatform.Extensions.BlameDataCollector: Loading assembly 'C:\Program Files\dotnet\sdk\5.0.411\Extensions\Microsoft.TestPlatform.Extensions.BlameDataCollector.dll'.
TpTrace Information: 0 : 256536, 1, 2022/09/23, 21:48:34.516, 7903609453308, vstest.console.dll, AssemblyResolver.OnResolve: Resolved assembly: Microsoft.TestPlatform.Extensions.BlameDataCollector, from path: C:\Program Files\dotnet\sdk\5.0.411\Extensions\Microsoft.TestPlatform.Extensions.BlameDataCollector.dll
TpTrace Information: 0 : 256536, 1, 2022/09/23, 21:48:34.517, 7903609461011, vstest.console.dll, AssemblyResolver.OnResolve: Microsoft.TestPlatform.Extensions.EventLogCollector: Resolving assembly.
TpTrace Information: 0 : 256536, 1, 2022/09/23, 21:48:34.517, 7903609462845, vstest.console.dll, AssemblyResolver.OnResolve: Microsoft.TestPlatform.Extensions.EventLogCollector: Searching in: 'C:\Program Files\dotnet\sdk\5.0.411\Extensions'.
TpTrace Information: 0 : 256536, 1, 2022/09/23, 21:48:34.518, 7903609466371, vstest.console.dll, AssemblyResolver.OnResolve: Microsoft.TestPlatform.Extensions.EventLogCollector: Loading assembly 'C:\Program Files\dotnet\sdk\5.0.411\Extensions\Microsoft.TestPlatform.Extensions.EventLogCollector.dll'.
TpTrace Information: 0 : 256536, 1, 2022/09/23, 21:48:34.518, 7903609471607, vstest.console.dll, AssemblyResolver.OnResolve: Resolved assembly: Microsoft.TestPlatform.Extensions.EventLogCollector, from path: C:\Program Files\dotnet\sdk\5.0.411\Extensions\Microsoft.TestPlatform.Extensions.EventLogCollector.dll
TpTrace Information: 0 : 256536, 1, 2022/09/23, 21:48:34.520, 7903609490196, vstest.console.dll, AssemblyResolver.OnResolve: Microsoft.TestPlatform.TestHostRuntimeProvider: Resolving assembly.
TpTrace Information: 0 : 256536, 1, 2022/09/23, 21:48:34.520, 7903609491955, vstest.console.dll, AssemblyResolver.OnResolve: Microsoft.TestPlatform.TestHostRuntimeProvider: Searching in: 'C:\Program Files\dotnet\sdk\5.0.411\Extensions'.
TpTrace Information: 0 : 256536, 1, 2022/09/23, 21:48:34.521, 7903609495390, vstest.console.dll, AssemblyResolver.OnResolve: Microsoft.TestPlatform.TestHostRuntimeProvider: Loading assembly 'C:\Program Files\dotnet\sdk\5.0.411\Extensions\Microsoft.TestPlatform.TestHostRuntimeProvider.dll'.
TpTrace Information: 0 : 256536, 1, 2022/09/23, 21:48:34.521, 7903609501542, vstest.console.dll, AssemblyResolver.OnResolve: Resolved assembly: Microsoft.TestPlatform.TestHostRuntimeProvider, from path: C:\Program Files\dotnet\sdk\5.0.411\Extensions\Microsoft.TestPlatform.TestHostRuntimeProvider.dll
TpTrace Information: 0 : 256536, 1, 2022/09/23, 21:48:34.523, 7903609516080, vstest.console.dll, AssemblyResolver.OnResolve: Microsoft.VisualStudio.TestPlatform.Extensions.Html.TestLogger: Resolving assembly.
TpTrace Information: 0 : 256536, 1, 2022/09/23, 21:48:34.523, 7903609517842, vstest.console.dll, AssemblyResolver.OnResolve: Microsoft.VisualStudio.TestPlatform.Extensions.Html.TestLogger: Searching in: 'C:\Program Files\dotnet\sdk\5.0.411\Extensions'.
TpTrace Information: 0 : 256536, 1, 2022/09/23, 21:48:34.523, 7903609521389, vstest.console.dll, AssemblyResolver.OnResolve: Microsoft.VisualStudio.TestPlatform.Extensions.Html.TestLogger: Loading assembly 'C:\Program Files\dotnet\sdk\5.0.411\Extensions\Microsoft.VisualStudio.TestPlatform.Extensions.Html.TestLogger.dll'.
TpTrace Information: 0 : 256536, 1, 2022/09/23, 21:48:34.524, 7903609527715, vstest.console.dll, AssemblyResolver.OnResolve: Resolved assembly: Microsoft.VisualStudio.TestPlatform.Extensions.Html.TestLogger, from path: C:\Program Files\dotnet\sdk\5.0.411\Extensions\Microsoft.VisualStudio.TestPlatform.Extensions.Html.TestLogger.dll
TpTrace Information: 0 : 256536, 1, 2022/09/23, 21:48:34.524, 7903609532165, vstest.console.dll, AssemblyResolver.OnResolve: Microsoft.VisualStudio.TestPlatform.Extensions.Trx.TestLogger: Resolving assembly.
TpTrace Information: 0 : 256536, 1, 2022/09/23, 21:48:34.524, 7903609533867, vstest.console.dll, AssemblyResolver.OnResolve: Microsoft.VisualStudio.TestPlatform.Extensions.Trx.TestLogger: Searching in: 'C:\Program Files\dotnet\sdk\5.0.411\Extensions'.
TpTrace Information: 0 : 256536, 1, 2022/09/23, 21:48:34.525, 7903609537400, vstest.console.dll, AssemblyResolver.OnResolve: Microsoft.VisualStudio.TestPlatform.Extensions.Trx.TestLogger: Loading assembly 'C:\Program Files\dotnet\sdk\5.0.411\Extensions\Microsoft.VisualStudio.TestPlatform.Extensions.Trx.TestLogger.dll'.
TpTrace Information: 0 : 256536, 1, 2022/09/23, 21:48:34.525, 7903609544144, vstest.console.dll, AssemblyResolver.OnResolve: Resolved assembly: Microsoft.VisualStudio.TestPlatform.Extensions.Trx.TestLogger, from path: C:\Program Files\dotnet\sdk\5.0.411\Extensions\Microsoft.VisualStudio.TestPlatform.Extensions.Trx.TestLogger.dll
TpTrace Verbose: 0 : 256536, 1, 2022/09/23, 21:48:34.526, 7903609551206, vstest.console.dll, TestPluginCache: Discovered the extensions using extension path ''.
TpTrace Verbose: 0 : 256536, 1, 2022/09/23, 21:48:34.526, 7903609552888, vstest.console.dll, TestPluginCache: Discoverers are ''.
TpTrace Verbose: 0 : 256536, 1, 2022/09/23, 21:48:34.526, 7903609554078, vstest.console.dll, TestPluginCache: Executors are ''.
TpTrace Verbose: 0 : 256536, 1, 2022/09/23, 21:48:34.527, 7903609555202, vstest.console.dll, TestPluginCache: Executors2 are ''.
TpTrace Verbose: 0 : 256536, 1, 2022/09/23, 21:48:34.527, 7903609556350, vstest.console.dll, TestPluginCache: Setting providers are ''.
TpTrace Verbose: 0 : 256536, 1, 2022/09/23, 21:48:34.527, 7903609557551, vstest.console.dll, TestPluginCache: Loggers are ''.
TpTrace Information: 0 : 256536, 1, 2022/09/23, 21:48:34.532, 7903609610042, vstest.console.dll, RunTestsArgumentProcessor:Execute: Test run is starting.
TpTrace Verbose: 0 : 256536, 1, 2022/09/23, 21:48:34.532, 7903609611898, vstest.console.dll, RunTestsArgumentProcessor:Execute: Queuing Test run.
TpTrace Information: 0 : 256536, 1, 2022/09/23, 21:48:34.533, 7903609615133, vstest.console.dll, TestRequestManager.RunTests: run tests started.
TpTrace Information: 0 : 256536, 1, 2022/09/23, 21:48:34.555, 7903609838694, vstest.console.dll, AssemblyMetadataProvider.GetFrameWork: Determined framework:'.NETCoreApp,Version=v3.1' for source: 'D:\Desenvolvimento\Gabriel\B1Library\B1Library\B1Library_Tests\bin\Release\netcoreapp3.1\fine-code-coverage\build-output\B1Library_Tests.dll'
TpTrace Information: 0 : 256536, 1, 2022/09/23, 21:48:34.555, 7903609842018, vstest.console.dll, Determined framework for all sources: .NETCoreApp,Version=v3.1
TpTrace Information: 0 : 256536, 1, 2022/09/23, 21:48:34.556, 7903609848383, vstest.console.dll, AssemblyMetadataProvider.GetArchitecture: Determined architecture:AnyCPU info for assembly: D:\Desenvolvimento\Gabriel\B1Library\B1Library\B1Library_Tests\bin\Release\netcoreapp3.1\fine-code-coverage\build-output\B1Library_Tests.dll
TpTrace Information: 0 : 256536, 1, 2022/09/23, 21:48:34.558, 7903609872195, vstest.console.dll, Determined platform for all sources: X64
TpTrace Information: 0 : 256536, 1, 2022/09/23, 21:48:34.561, 7903609904923, vstest.console.dll, Compatible sources list : 
TpTrace Information: 0 : 256536, 1, 2022/09/23, 21:48:34.562, 7903609907315, vstest.console.dll, D:\Desenvolvimento\Gabriel\B1Library\B1Library\B1Library_Tests\bin\Release\netcoreapp3.1\fine-code-coverage\build-output\B1Library_Tests.dll
TpTrace Information: 0 : 256536, 1, 2022/09/23, 21:48:34.565, 7903609938007, vstest.console.dll, InferRunSettingsHelper.IsTestSettingsEnabled: Unable to navigate to RunSettings/MSTest. Current node: RunSettings
TpTrace Information: 0 : 256536, 1, 2022/09/23, 21:48:34.566, 7903609947179, vstest.console.dll, AssemblyResolver.OnResolve: Microsoft.VisualStudio.TestPlatform.Fakes: Resolving assembly.
TpTrace Information: 0 : 256536, 1, 2022/09/23, 21:48:34.566, 7903609948964, vstest.console.dll, AssemblyResolver.OnResolve: Microsoft.VisualStudio.TestPlatform.Fakes: Searching in: 'C:\Program Files\dotnet\sdk\5.0.411\Extensions'.
TpTrace Information: 0 : 256536, 1, 2022/09/23, 21:48:34.566, 7903609951089, vstest.console.dll, AssemblyResolver.OnResolve: Microsoft.VisualStudio.TestPlatform.Fakes: Assembly path does not exist: 'C:\Program Files\dotnet\sdk\5.0.411\Extensions\Microsoft.VisualStudio.TestPlatform.Fakes.dll', returning.
TpTrace Information: 0 : 256536, 1, 2022/09/23, 21:48:34.566, 7903609952728, vstest.console.dll, AssemblyResolver.OnResolve: Microsoft.VisualStudio.TestPlatform.Fakes: Assembly path does not exist: 'C:\Program Files\dotnet\sdk\5.0.411\Extensions\Microsoft.VisualStudio.TestPlatform.Fakes.exe', returning.
TpTrace Information: 0 : 256536, 1, 2022/09/23, 21:48:34.566, 7903609953968, vstest.console.dll, AssemblyResolver.OnResolve: Microsoft.VisualStudio.TestPlatform.Fakes: Searching in: 'C:\Program Files\dotnet\sdk\5.0.411'.
TpTrace Information: 0 : 256536, 1, 2022/09/23, 21:48:34.567, 7903609955587, vstest.console.dll, AssemblyResolver.OnResolve: Microsoft.VisualStudio.TestPlatform.Fakes: Assembly path does not exist: 'C:\Program Files\dotnet\sdk\5.0.411\Microsoft.VisualStudio.TestPlatform.Fakes.dll', returning.
TpTrace Information: 0 : 256536, 1, 2022/09/23, 21:48:34.567, 7903609957373, vstest.console.dll, AssemblyResolver.OnResolve: Microsoft.VisualStudio.TestPlatform.Fakes: Assembly path does not exist: 'C:\Program Files\dotnet\sdk\5.0.411\Microsoft.VisualStudio.TestPlatform.Fakes.exe', returning.
TpTrace Information: 0 : 256536, 1, 2022/09/23, 21:48:34.567, 7903609958577, vstest.console.dll, AssemblyResolver.OnResolve: Microsoft.VisualStudio.TestPlatform.Fakes: Failed to load assembly.
TpTrace Information: 0 : 256536, 1, 2022/09/23, 21:48:34.567, 7903609963954, vstest.console.dll, Failed to create newly implemented Fakes Configurator. Reason:System.IO.FileNotFoundException: Could not load file or assembly 'Microsoft.VisualStudio.TestPlatform.Fakes, Version=16.0.0.0, Culture=neutral, PublicKeyToken=null'. The system cannot find the file specified.
File name: 'Microsoft.VisualStudio.TestPlatform.Fakes, Version=16.0.0.0, Culture=neutral, PublicKeyToken=null'
   at System.Reflection.RuntimeAssembly.InternalLoad(ObjectHandleOnStack assemblyName, ObjectHandleOnStack requestingAssembly, StackCrawlMarkHandle stackMark, Boolean throwOnFileNotFound, ObjectHandleOnStack assemblyLoadContext, ObjectHandleOnStack retAssembly)
   at System.Reflection.RuntimeAssembly.InternalLoad(AssemblyName assemblyName, RuntimeAssembly requestingAssembly, StackCrawlMark& stackMark, Boolean throwOnFileNotFound, AssemblyLoadContext assemblyLoadContext)
   at System.Reflection.Assembly.Load(AssemblyName assemblyRef)
   at Microsoft.VisualStudio.TestPlatform.Common.Utilities.FakesUtilities.TryGetFakesCrossPlatformDataCollectorConfigurator() 
TpTrace Verbose: 0 : 256536, 1, 2022/09/23, 21:48:34.572, 7903610007642, vstest.console.dll, TestPluginCache.DiscoverTestExtensions: finding test extensions in assemblies ends with: TestLogger.dll TPluginInfo: Microsoft.VisualStudio.TestPlatform.Common.ExtensionFramework.Utilities.TestLoggerPluginInformation TExtension: Microsoft.VisualStudio.TestPlatform.ObjectModel.Client.ITestLogger
TpTrace Verbose: 0 : 256536, 1, 2022/09/23, 21:48:34.572, 7903610009641, vstest.console.dll, TestPluginCache.GetExtensionPaths: Filtered extension paths: 
TpTrace Verbose: 0 : 256536, 1, 2022/09/23, 21:48:34.572, 7903610010940, vstest.console.dll, TestPluginCache.GetExtensionPaths: Added default extension paths: C:\Program Files\dotnet\sdk\5.0.411\Extensions\Microsoft.Diagnostics.NETCore.Client.dll
C:\Program Files\dotnet\sdk\5.0.411\Extensions\Microsoft.TestPlatform.Extensions.BlameDataCollector.dll
C:\Program Files\dotnet\sdk\5.0.411\Extensions\Microsoft.TestPlatform.Extensions.EventLogCollector.dll
C:\Program Files\dotnet\sdk\5.0.411\Extensions\Microsoft.TestPlatform.TestHostRuntimeProvider.dll
C:\Program Files\dotnet\sdk\5.0.411\Extensions\Microsoft.VisualStudio.TestPlatform.Extensions.Html.TestLogger.dll
C:\Program Files\dotnet\sdk\5.0.411\Extensions\Microsoft.VisualStudio.TestPlatform.Extensions.Trx.TestLogger.dll
TpTrace Verbose: 0 : 256536, 1, 2022/09/23, 21:48:34.572, 7903610012252, vstest.console.dll, TestPluginCache.GetExtensionPaths: Added unfilterableExtensionPaths: 
TpTrace Information: 0 : 256536, 1, 2022/09/23, 21:48:34.572, 7903610014761, vstest.console.dll, AssemblyResolver.AddSearchDirectories: Adding more searchDirectories C:\Program Files\dotnet\sdk\5.0.411\Extensions,C:\Program Files\dotnet\sdk\5.0.411
TpTrace Verbose: 0 : 256536, 1, 2022/09/23, 21:48:34.573, 7903610016315, vstest.console.dll, TestPluginCache.DiscoverTestExtensions: Discovering the extensions using extension path.
TpTrace Verbose: 0 : 256536, 1, 2022/09/23, 21:48:34.573, 7903610017611, vstest.console.dll, TestPluginCache.GetExtensionPaths: Filtered extension paths: 
TpTrace Verbose: 0 : 256536, 1, 2022/09/23, 21:48:34.573, 7903610018894, vstest.console.dll, TestPluginCache.GetExtensionPaths: Added default extension paths: C:\Program Files\dotnet\sdk\5.0.411\Extensions\Microsoft.Diagnostics.NETCore.Client.dll
C:\Program Files\dotnet\sdk\5.0.411\Extensions\Microsoft.TestPlatform.Extensions.BlameDataCollector.dll
C:\Program Files\dotnet\sdk\5.0.411\Extensions\Microsoft.TestPlatform.Extensions.EventLogCollector.dll
C:\Program Files\dotnet\sdk\5.0.411\Extensions\Microsoft.TestPlatform.TestHostRuntimeProvider.dll
C:\Program Files\dotnet\sdk\5.0.411\Extensions\Microsoft.VisualStudio.TestPlatform.Extensions.Html.TestLogger.dll
C:\Program Files\dotnet\sdk\5.0.411\Extensions\Microsoft.VisualStudio.TestPlatform.Extensions.Trx.TestLogger.dll
TpTrace Verbose: 0 : 256536, 1, 2022/09/23, 21:48:34.573, 7903610020065, vstest.console.dll, TestPluginCache.GetExtensionPaths: Added unfilterableExtensionPaths: 
TpTrace Verbose: 0 : 256536, 1, 2022/09/23, 21:48:34.573, 7903610021383, vstest.console.dll, TestPluginCache.DiscoverTestExtensions: Discovering the extensions using allExtensionPaths: C:\Program Files\dotnet\sdk\5.0.411\Extensions\Microsoft.Diagnostics.NETCore.Client.dll
C:\Program Files\dotnet\sdk\5.0.411\Extensions\Microsoft.TestPlatform.Extensions.BlameDataCollector.dll
C:\Program Files\dotnet\sdk\5.0.411\Extensions\Microsoft.TestPlatform.Extensions.EventLogCollector.dll
C:\Program Files\dotnet\sdk\5.0.411\Extensions\Microsoft.TestPlatform.TestHostRuntimeProvider.dll
C:\Program Files\dotnet\sdk\5.0.411\Extensions\Microsoft.VisualStudio.TestPlatform.Extensions.Html.TestLogger.dll
C:\Program Files\dotnet\sdk\5.0.411\Extensions\Microsoft.VisualStudio.TestPlatform.Extensions.Trx.TestLogger.dll
TpTrace Information: 0 : 256536, 1, 2022/09/23, 21:48:34.573, 7903610022783, vstest.console.dll, AssemblyResolver.AddSearchDirectories: Adding more searchDirectories C:\Program Files\dotnet\sdk\5.0.411\Extensions,C:\Program Files\dotnet\sdk\5.0.411
TpTrace Information: 0 : 256536, 1, 2022/09/23, 21:48:34.573, 7903610024094, vstest.console.dll, AssemblyResolver.AddSearchDirectories: Adding more searchDirectories C:\Program Files\dotnet\sdk\5.0.411\Extensions,C:\Program Files\dotnet\sdk\5.0.411
TpTrace Information: 0 : 256536, 1, 2022/09/23, 21:48:34.574, 7903610025272, vstest.console.dll, AssemblyResolver.AddSearchDirectories: Adding more searchDirectories C:\Program Files\dotnet\sdk\5.0.411\Extensions,C:\Program Files\dotnet\sdk\5.0.411
TpTrace Information: 0 : 256536, 1, 2022/09/23, 21:48:34.574, 7903610026472, vstest.console.dll, AssemblyResolver.AddSearchDirectories: Adding more searchDirectories C:\Program Files\dotnet\sdk\5.0.411\Extensions,C:\Program Files\dotnet\sdk\5.0.411
TpTrace Information: 0 : 256536, 1, 2022/09/23, 21:48:34.574, 7903610027718, vstest.console.dll, AssemblyResolver.AddSearchDirectories: Adding more searchDirectories C:\Program Files\dotnet\sdk\5.0.411\Extensions,C:\Program Files\dotnet\sdk\5.0.411
TpTrace Information: 0 : 256536, 1, 2022/09/23, 21:48:34.574, 7903610028887, vstest.console.dll, AssemblyResolver.AddSearchDirectories: Adding more searchDirectories C:\Program Files\dotnet\sdk\5.0.411\Extensions,C:\Program Files\dotnet\sdk\5.0.411
TpTrace Information: 0 : 256536, 1, 2022/09/23, 21:48:34.574, 7903610032478, vstest.console.dll, AssemblyResolver.OnResolve: Microsoft.Bcl.AsyncInterfaces: Resolving assembly.
TpTrace Information: 0 : 256536, 1, 2022/09/23, 21:48:34.574, 7903610033958, vstest.console.dll, AssemblyResolver.OnResolve: Microsoft.Bcl.AsyncInterfaces: Resolved from cache.
TpTrace Verbose: 0 : 256536, 1, 2022/09/23, 21:48:34.575, 7903610035334, vstest.console.dll, CurrentDomainAssemblyResolve: Resolving assembly 'Microsoft.Bcl.AsyncInterfaces'.
TpTrace Information: 0 : 256536, 1, 2022/09/23, 21:48:34.575, 7903610036861, vstest.console.dll, AssemblyResolver.OnResolve: Microsoft.Bcl.AsyncInterfaces: Resolving assembly.
TpTrace Information: 0 : 256536, 1, 2022/09/23, 21:48:34.575, 7903610038030, vstest.console.dll, AssemblyResolver.OnResolve: Microsoft.Bcl.AsyncInterfaces: Resolved from cache.
TpTrace Verbose: 0 : 256536, 1, 2022/09/23, 21:48:34.575, 7903610039212, vstest.console.dll, CurrentDomainAssemblyResolve: Resolving assembly 'Microsoft.Bcl.AsyncInterfaces'.
TpTrace Verbose: 0 : 256536, 1, 2022/09/23, 21:48:34.575, 7903610040370, vstest.console.dll, CurrentDomainAssemblyResolve: Failed to resolve assembly 'Microsoft.Bcl.AsyncInterfaces'.
TpTrace Verbose: 0 : 256536, 1, 2022/09/23, 21:48:34.575, 7903610044124, vstest.console.dll, CurrentDomainAssemblyResolve: Failed to resolve assembly 'Microsoft.Bcl.AsyncInterfaces'.
TpTrace Warning: 0 : 256536, 1, 2022/09/23, 21:48:34.576, 7903610051371, vstest.console.dll, TestPluginDiscoverer: Failed to get types from assembly 'Microsoft.Diagnostics.NETCore.Client, Version=0.2.2.41902, Culture=neutral, PublicKeyToken=31bf3856ad364e35'.  Skipping test extension scan for this assembly.  Error: System.Reflection.ReflectionTypeLoadException: Unable to load one or more of the requested types.
Could not load file or assembly 'Microsoft.Bcl.AsyncInterfaces, Version=1.0.0.0, Culture=neutral, PublicKeyToken=cc7b13ffcd2ddd51'. The system cannot find the file specified.
   at System.Reflection.RuntimeModule.GetTypes(RuntimeModule module)
   at System.Reflection.Assembly.GetTypes()
   at Microsoft.VisualStudio.TestPlatform.Common.ExtensionFramework.TestPluginDiscoverer.GetTestExtensionsFromAssembly[TPluginInfo,TExtension](Assembly assembly, Dictionary`2 pluginInfos)
System.IO.FileNotFoundException: Could not load file or assembly 'Microsoft.Bcl.AsyncInterfaces, Version=1.0.0.0, Culture=neutral, PublicKeyToken=cc7b13ffcd2ddd51'. The system cannot find the file specified.
File name: 'Microsoft.Bcl.AsyncInterfaces, Version=1.0.0.0, Culture=neutral, PublicKeyToken=cc7b13ffcd2ddd51'
 ---> System.IO.FileNotFoundException: Could not load file or assembly 'Microsoft.Bcl.AsyncInterfaces, Culture=neutral, PublicKeyToken=null'. The system cannot find the file specified.
File name: 'Microsoft.Bcl.AsyncInterfaces, Culture=neutral, PublicKeyToken=null'
   at System.Reflection.RuntimeAssembly.InternalLoad(ObjectHandleOnStack assemblyName, ObjectHandleOnStack requestingAssembly, StackCrawlMarkHandle stackMark, Boolean throwOnFileNotFound, ObjectHandleOnStack assemblyLoadContext, ObjectHandleOnStack retAssembly)
   at System.Reflection.RuntimeAssembly.InternalLoad(AssemblyName assemblyName, RuntimeAssembly requestingAssembly, StackCrawlMark& stackMark, Boolean throwOnFileNotFound, AssemblyLoadContext assemblyLoadContext)
   at System.Reflection.Assembly.Load(AssemblyName assemblyRef)
   at Microsoft.VisualStudio.TestPlatform.Common.ExtensionFramework.TestPluginCache.CurrentDomainAssemblyResolve(Object sender, AssemblyResolveEventArgs args)
   at Microsoft.VisualStudio.TestPlatform.PlatformAbstractions.PlatformAssemblyResolver.AssemblyResolverEvent(Object sender, Object eventArgs)
   at System.Runtime.Loader.AssemblyLoadContext.GetFirstResolvedAssemblyFromResolvingEvent(AssemblyName assemblyName)
   at System.Runtime.Loader.AssemblyLoadContext.ResolveUsingEvent(AssemblyName assemblyName)
   at System.Runtime.Loader.AssemblyLoadContext.ResolveUsingResolvingEvent(IntPtr gchManagedAssemblyLoadContext, AssemblyName assemblyName)
TpTrace Warning: 0 : 256536, 1, 2022/09/23, 21:48:34.577, 7903610055186, vstest.console.dll, LoaderExceptions: System.IO.FileNotFoundException: Could not load file or assembly 'Microsoft.Bcl.AsyncInterfaces, Version=1.0.0.0, Culture=neutral, PublicKeyToken=cc7b13ffcd2ddd51'. The system cannot find the file specified.
File name: 'Microsoft.Bcl.AsyncInterfaces, Version=1.0.0.0, Culture=neutral, PublicKeyToken=cc7b13ffcd2ddd51'
 ---> System.IO.FileNotFoundException: Could not load file or assembly 'Microsoft.Bcl.AsyncInterfaces, Culture=neutral, PublicKeyToken=null'. The system cannot find the file specified.
File name: 'Microsoft.Bcl.AsyncInterfaces, Culture=neutral, PublicKeyToken=null'
   at System.Reflection.RuntimeAssembly.InternalLoad(ObjectHandleOnStack assemblyName, ObjectHandleOnStack requestingAssembly, StackCrawlMarkHandle stackMark, Boolean throwOnFileNotFound, ObjectHandleOnStack assemblyLoadContext, ObjectHandleOnStack retAssembly)
   at System.Reflection.RuntimeAssembly.InternalLoad(AssemblyName assemblyName, RuntimeAssembly requestingAssembly, StackCrawlMark& stackMark, Boolean throwOnFileNotFound, AssemblyLoadContext assemblyLoadContext)
   at System.Reflection.Assembly.Load(AssemblyName assemblyRef)
   at Microsoft.VisualStudio.TestPlatform.Common.ExtensionFramework.TestPluginCache.CurrentDomainAssemblyResolve(Object sender, AssemblyResolveEventArgs args)
   at Microsoft.VisualStudio.TestPlatform.PlatformAbstractions.PlatformAssemblyResolver.AssemblyResolverEvent(Object sender, Object eventArgs)
   at System.Runtime.Loader.AssemblyLoadContext.GetFirstResolvedAssemblyFromResolvingEvent(AssemblyName assemblyName)
   at System.Runtime.Loader.AssemblyLoadContext.ResolveUsingEvent(AssemblyName assemblyName)
   at System.Runtime.Loader.AssemblyLoadContext.ResolveUsingResolvingEvent(IntPtr gchManagedAssemblyLoadContext, AssemblyName assemblyName)
TpTrace Verbose: 0 : 256536, 1, 2022/09/23, 21:48:34.577, 7903610060840, vstest.console.dll, TestPluginCache: Discovered the extensions using extension path ''.
TpTrace Verbose: 0 : 256536, 1, 2022/09/23, 21:48:34.577, 7903610062443, vstest.console.dll, TestPluginCache: Discoverers are ''.
TpTrace Verbose: 0 : 256536, 1, 2022/09/23, 21:48:34.577, 7903610063691, vstest.console.dll, TestPluginCache: Executors are ''.
TpTrace Verbose: 0 : 256536, 1, 2022/09/23, 21:48:34.577, 7903610064822, vstest.console.dll, TestPluginCache: Executors2 are ''.
TpTrace Verbose: 0 : 256536, 1, 2022/09/23, 21:48:34.578, 7903610065991, vstest.console.dll, TestPluginCache: Setting providers are ''.
TpTrace Verbose: 0 : 256536, 1, 2022/09/23, 21:48:34.578, 7903610067771, vstest.console.dll, TestPluginCache: Loggers are 'logger://Microsoft/TestPlatform/Extensions/Blame/v1,logger://Microsoft/TestPlatform/HtmlLogger/v1,logger://Microsoft/TestPlatform/TrxLogger/v1'.
TpTrace Information: 0 : 256536, 1, 2022/09/23, 21:48:34.579, 7903610076149, vstest.console.dll, TestPluginManager.CreateTestExtension: Attempting to load test extension: Microsoft.TestPlatform.Extensions.BlameDataCollector.BlameLogger
TpTrace Information: 0 : 256536, 1, 2022/09/23, 21:48:34.585, 7903610142920, vstest.console.dll, TestPluginManager.CreateTestExtension: Attempting to load test extension: Microsoft.VisualStudio.TestPlatform.CrossPlatEngine.Hosting.DefaultTestHostManager
TpTrace Information: 0 : 256536, 1, 2022/09/23, 21:48:34.586, 7903610146974, vstest.console.dll, TestPluginManager.CreateTestExtension: Attempting to load test extension: Microsoft.VisualStudio.TestPlatform.CrossPlatEngine.Hosting.DotnetTestHostManager
TpTrace Verbose: 0 : 256536, 1, 2022/09/23, 21:48:34.586, 7903610154284, vstest.console.dll, TestEngine: Initializing Parallel Execution as MaxCpuCount is set to: 1
TpTrace Information: 0 : 256536, 1, 2022/09/23, 21:48:34.587, 7903610162461, vstest.console.dll, InferRunSettingsHelper.IsTestSettingsEnabled: Unable to navigate to RunSettings/MSTest. Current node: RunSettings
TpTrace Verbose: 0 : 256536, 1, 2022/09/23, 21:48:34.603, 7903610319795, vstest.console.dll, TestRequestSender is acting as server
TpTrace Verbose: 0 : 256536, 5, 2022/09/23, 21:48:34.608, 7903610369890, vstest.console.dll, DataCollectionRequestSender.InitializeCommunication : Initialize communication. 
TpTrace Information: 0 : 256536, 5, 2022/09/23, 21:48:34.616, 7903610453700, vstest.console.dll, Listening on Endpoint : 127.0.0.1:49908
TpTrace Verbose: 0 : 256536, 5, 2022/09/23, 21:48:34.626, 7903610550330, vstest.console.dll, DotnetDataCollectionLauncher: Full path of dotnet.exe is C:\Program Files\dotnet\dotnet.exe
TpTrace Verbose: 0 : 256536, 5, 2022/09/23, 21:48:34.626, 7903610553431, vstest.console.dll, DotnetDataCollectionLauncher: Adding  --runtimeconfig "C:\Program Files\dotnet\sdk\5.0.411\datacollector.runtimeconfig.json" in args
TpTrace Verbose: 0 : 256536, 5, 2022/09/23, 21:48:34.627, 7903610555566, vstest.console.dll, DotnetDataCollectionLauncher: Adding  --depsfile "C:\Program Files\dotnet\sdk\5.0.411\datacollector.deps.json" in args
TpTrace Information: 0 : 256536, 5, 2022/09/23, 21:48:34.642, 7903610712392, vstest.console.dll, ProxyDataCollectionManager.Initialize: Launched datacollector processId: 288640 port: 49908
TpTrace Information: 0 : 256536, 5, 2022/09/23, 21:48:34.643, 7903610715645, vstest.console.dll, ProxyDataCollectionManager.Initialize: waiting for connection with timeout: 90 seconds
TpTrace Verbose: 0 : 256536, 5, 2022/09/23, 21:48:34.643, 7903610717587, vstest.console.dll, DataCollectionRequestSender.WaitForRequestHandlerConnection : Waiting for connection with timeout: 90000
TpTrace Information: 0 : 256536, 8, 2022/09/23, 21:48:34.814, 7903612432888, vstest.console.dll, Using the buffer size of 16384 bytes
TpTrace Verbose: 0 : 256536, 5, 2022/09/23, 21:48:34.814, 7903612434367, vstest.console.dll, ProxyDataCollectionManager.InvokeDataCollectionServiceAction: Starting.
TpTrace Information: 0 : 256536, 8, 2022/09/23, 21:48:34.815, 7903612437150, vstest.console.dll, Accepted Client request and set the flag
TpTrace Information: 0 : 256536, 5, 2022/09/23, 21:48:34.815, 7903612437505, vstest.console.dll, ProxyDataCollectionManager.BeforeTestRunStart: Get environment variable and port for datacollector processId: 288640 port: 49908
TpTrace Verbose: 0 : 256536, 5, 2022/09/23, 21:48:34.815, 7903612441830, vstest.console.dll, DataCollectionRequestSender.SendBeforeTestRunStartAndGetResult : Send BeforeTestRunStart message with settingsXml <RunSettings><RunConfiguration><ResultsDirectory>D:\Desenvolvimento\Gabriel\B1Library\B1Library\B1Library_Tests\bin\Release\netcoreapp3.1\fine-code-coverage\coverage-tool-output</ResultsDirectory><TargetPlatform>X64</TargetPlatform><TargetFrameworkVersion>.NETCoreApp,Version=v3.1</TargetFrameworkVersion><DesignMode>False</DesignMode><CollectSourceInformation>False</CollectSourceInformation><TestAdaptersPaths>C:\Program Files\dotnet\sdk\5.0.411\Extensions</TestAdaptersPaths></RunConfiguration><LoggerRunSettings><Loggers><Logger friendlyName="blame" enabled="True" /><Logger friendlyName="Console" uri="logger://microsoft/TestPlatform/ConsoleLogger/v1" assemblyQualifiedName="Microsoft.VisualStudio.TestPlatform.CommandLine.Internal.ConsoleLogger, vstest.console, Version=15.0.0.0, Culture=neutral, PublicKeyToken=b03f5f7f11d50a3a" codeBase="C:\Program Files\dotnet\sdk\5.0.411\vstest.console.dll" enabled="True" /></Loggers></LoggerRunSettings><DataCollectionRunSettings><DataCollectors><DataCollector friendlyName="blame" enabled="True"><Configuration><ResultsDirectory>D:\Desenvolvimento\Gabriel\B1Library\B1Library\B1Library_Tests\bin\Release\netcoreapp3.1\fine-code-coverage\coverage-tool-output</ResultsDirectory></Configuration></DataCollector></DataCollectors></DataCollectionRunSettings></RunSettings> and sources System.Linq.Enumerable+Concat2Iterator`1[System.String]: 
TpTrace Verbose: 0 : 256536, 5, 2022/09/23, 21:48:34.893, 7903613215190, vstest.console.dll, DataCollectionRequestSender.SendBeforeTestRunStartAndGetResult : Received message: (DataCollection.SendMessage) -> {
  "FriendlyName": null,
  "Uri": null,
  "TestCaseId": "00000000-0000-0000-0000-000000000000",
  "Message": "Logging DataCollector Diagnostics in file: D:\\Desenvolvimento\\Gabriel\\B1Library\\B1Library\\B1Library_Tests\\bin\\Release\\netcoreapp3.1\\fine-code-coverage\\coverage-tool-output\\diagnostics.datacollector.22-09-23_21-48-34_62590_5.log",
  "Level": 0
}
TpTrace Verbose: 0 : 256536, 5, 2022/09/23, 21:48:34.958, 7903613869165, vstest.console.dll, DataCollectionRequestSender.SendBeforeTestRunStartAndGetResult : Received message: (DataCollection.BeforeTestRunStartResult) -> {
  "EnvironmentVariables": {},
  "DataCollectionEventsPort": 49910
}
TpTrace Information: 0 : 256536, 5, 2022/09/23, 21:48:34.965, 7903613944135, vstest.console.dll, ProxyDataCollectionManager.BeforeTestRunStart: SendBeforeTestRunStartAndGetResult successful, env variable from datacollector:   and testhost port: 49910
TpTrace Information: 0 : 256536, 5, 2022/09/23, 21:48:34.966, 7903613946792, vstest.console.dll, ProxyDataCollectionManager.InvokeDataCollectionServiceAction: Completed.
TpTrace Verbose: 0 : 256536, 1, 2022/09/23, 21:48:34.966, 7903613949912, vstest.console.dll, TestRunRequest.ExecuteAsync: Creating test run request.
TpTrace Verbose: 0 : 256536, 1, 2022/09/23, 21:48:34.966, 7903613954453, vstest.console.dll, TestRunRequest.ExecuteAsync: Starting.
TpTrace Information: 0 : 256536, 1, 2022/09/23, 21:48:34.967, 7903613959942, vstest.console.dll, TestRunRequest.ExecuteAsync: Starting run with settings:TestRunCriteria:
   KeepAlive=False,FrequencyOfRunStatsChangeEvent=10,RunStatsChangeEventTimeout=00:00:01.5000000,TestCaseFilter=,TestExecutorLauncher=
   Settingsxml=<RunSettings>
  <RunConfiguration>
    <ResultsDirectory>D:\Desenvolvimento\Gabriel\B1Library\B1Library\B1Library_Tests\bin\Release\netcoreapp3.1\fine-code-coverage\coverage-tool-output</ResultsDirectory>
    <TargetPlatform>X64</TargetPlatform>
    <TargetFrameworkVersion>.NETCoreApp,Version=v3.1</TargetFrameworkVersion>
    <DesignMode>False</DesignMode>
    <CollectSourceInformation>False</CollectSourceInformation>
  </RunConfiguration>
  <LoggerRunSettings>
    <Loggers>
      <Logger friendlyName="blame" enabled="True" />
      <Logger friendlyName="Console" uri="logger://microsoft/TestPlatform/ConsoleLogger/v1" assemblyQualifiedName="Microsoft.VisualStudio.TestPlatform.CommandLine.Internal.ConsoleLogger, vstest.console, Version=15.0.0.0, Culture=neutral, PublicKeyToken=b03f5f7f11d50a3a" codeBase="C:\Program Files\dotnet\sdk\5.0.411\vstest.console.dll" enabled="True" />
    </Loggers>
  </LoggerRunSettings>
  <DataCollectionRunSettings>
    <DataCollectors>
      <DataCollector friendlyName="blame" enabled="True">
        <Configuration>
          <ResultsDirectory>D:\Desenvolvimento\Gabriel\B1Library\B1Library\B1Library_Tests\bin\Release\netcoreapp3.1\fine-code-coverage\coverage-tool-output</ResultsDirectory>
        </Configuration>
      </DataCollector>
    </DataCollectors>
  </DataCollectionRunSettings>
</RunSettings>

TpTrace Verbose: 0 : 256536, 1, 2022/09/23, 21:48:34.967, 7903613961744, vstest.console.dll, TestRunRequest.ExecuteAsync: Wait for the first run request is over.
TpTrace Verbose: 0 : 256536, 1, 2022/09/23, 21:48:34.968, 7903613968473, vstest.console.dll, ParallelProxyExecutionManager: Start execution. Total sources: 1
TpTrace Information: 0 : 256536, 1, 2022/09/23, 21:48:34.969, 7903613976559, vstest.console.dll, ProxyParallelExecutionManager: Triggering test run for next source: D:\Desenvolvimento\Gabriel\B1Library\B1Library\B1Library_Tests\bin\Release\netcoreapp3.1\fine-code-coverage\build-output\B1Library_Tests.dll
TpTrace Verbose: 0 : 256536, 5, 2022/09/23, 21:48:34.969, 7903613979928, vstest.console.dll, ParallelProxyExecutionManager: Execution started. Started clients: 1
TpTrace Verbose: 0 : 256536, 1, 2022/09/23, 21:48:34.969, 7903613980193, vstest.console.dll, ProxyParallelExecutionManager: No sources available for execution.
TpTrace Information: 0 : 256536, 1, 2022/09/23, 21:48:34.969, 7903613984196, vstest.console.dll, TestRunRequest.ExecuteAsync: Started.
TpTrace Verbose: 0 : 256536, 5, 2022/09/23, 21:48:34.970, 7903613985897, vstest.console.dll, TestRunRequest:SendTestRunMessage: Starting.
TpTrace Verbose: 0 : 256536, 1, 2022/09/23, 21:48:34.970, 7903613986710, vstest.console.dll, TestRunRequest.WaitForCompletion: Waiting with timeout -1.
TpTrace Information: 0 : 256536, 5, 2022/09/23, 21:48:34.970, 7903613989581, vstest.console.dll, TestRunRequest:SendTestRunMessage: Completed.
TpTrace Verbose: 0 : 256536, 5, 2022/09/23, 21:48:34.970, 7903613993336, vstest.console.dll, ProxyExecutionManager: Test host is always Lazy initialize.
TpTrace Verbose: 0 : 256536, 5, 2022/09/23, 21:48:34.971, 7903613997644, vstest.console.dll, TestRequestSender.InitializeCommunication: initialize communication. 
TpTrace Information: 0 : 256536, 5, 2022/09/23, 21:48:34.972, 7903614005021, vstest.console.dll, SocketServer.Start: Listening on endpoint : 127.0.0.1:49911
TpTrace Verbose: 0 : 256536, 5, 2022/09/23, 21:48:34.973, 7903614016028, vstest.console.dll, DotnetTestHostmanager: Adding  --runtimeconfig "D:\Desenvolvimento\Gabriel\B1Library\B1Library\B1Library_Tests\bin\Release\netcoreapp3.1\fine-code-coverage\build-output\B1Library_Tests.runtimeconfig.json" in args
TpTrace Verbose: 0 : 256536, 5, 2022/09/23, 21:48:34.973, 7903614018127, vstest.console.dll, DotnetTestHostmanager: Adding  --depsfile "D:\Desenvolvimento\Gabriel\B1Library\B1Library\B1Library_Tests\bin\Release\netcoreapp3.1\fine-code-coverage\build-output\B1Library_Tests.deps.json" in args
TpTrace Verbose: 0 : 256536, 5, 2022/09/23, 21:48:34.973, 7903614021532, vstest.console.dll, DotnetTestHostManager: Testhost.exe/testhost.x86.exe found at path: D:\Desenvolvimento\Gabriel\B1Library\B1Library\B1Library_Tests\bin\Release\netcoreapp3.1\fine-code-coverage\build-output\testhost.exe
TpTrace Verbose: 0 : 256536, 5, 2022/09/23, 21:48:34.973, 7903614023316, vstest.console.dll, DotnetTestHostmanager: Full path of host exe is D:\Desenvolvimento\Gabriel\B1Library\B1Library\B1Library_Tests\bin\Release\netcoreapp3.1\fine-code-coverage\build-output\testhost.exe
TpTrace Verbose: 0 : 256536, 7, 2022/09/23, 21:48:34.975, 7903614035084, vstest.console.dll, DotnetTestHostManager: Starting process 'D:\Desenvolvimento\Gabriel\B1Library\B1Library\B1Library_Tests\bin\Release\netcoreapp3.1\fine-code-coverage\build-output\testhost.exe' with command line ' --runtimeconfig "D:\Desenvolvimento\Gabriel\B1Library\B1Library\B1Library_Tests\bin\Release\netcoreapp3.1\fine-code-coverage\build-output\B1Library_Tests.runtimeconfig.json" --depsfile "D:\Desenvolvimento\Gabriel\B1Library\B1Library\B1Library_Tests\bin\Release\netcoreapp3.1\fine-code-coverage\build-output\B1Library_Tests.deps.json" --port 49911 --endpoint 127.0.0.1:049911 --role client --parentprocessid 256536 --diag "D:\Desenvolvimento\Gabriel\B1Library\B1Library\B1Library_Tests\bin\Release\netcoreapp3.1\fine-code-coverage\coverage-tool-output\diagnostics.host.22-09-23_21-48-34_97263_5.log" --tracelevel 4 --datacollectionport 49910 --telemetryoptedin false'
TpTrace Verbose: 0 : 256536, 7, 2022/09/23, 21:48:34.992, 7903614210633, vstest.console.dll, Test Runtime launched
TpTrace Verbose: 0 : 256536, 5, 2022/09/23, 21:48:34.993, 7903614219121, vstest.console.dll, TestRequestSender.WaitForRequestHandlerConnection: waiting for connection with timeout: 90000
TpTrace Verbose: 0 : 256536, 7, 2022/09/23, 21:48:35.232, 7903616607746, vstest.console.dll, SocketServer.OnClientConnected: Client connected for endPoint: 127.0.0.1:49911, starting MessageLoopAsync:
TpTrace Verbose: 0 : 256536, 14, 2022/09/23, 21:48:35.232, 7903616612493, vstest.console.dll, TcpClientExtensions.MessageLoopAsync: Polling on remoteEndPoint: 127.0.0.1:49912 localEndPoint: 127.0.0.1:49911
TpTrace Verbose: 0 : 256536, 14, 2022/09/23, 21:48:35.424, 7903618533267, vstest.console.dll, TcpClientExtensions.MessageLoopAsync: NotifyDataAvailable remoteEndPoint: 127.0.0.1:49912 localEndPoint: 127.0.0.1:49911
TpTrace Verbose: 0 : 256536, 14, 2022/09/23, 21:48:35.425, 7903618537971, vstest.console.dll, TestRequestSender.CheckVersionWithTestHost: onMessageReceived received message: (ProtocolVersion) -> 5
TpTrace Verbose: 0 : 256536, 14, 2022/09/23, 21:48:35.426, 7903618544371, vstest.console.dll, TcpClientExtensions.MessageLoopAsync: Polling on remoteEndPoint: 127.0.0.1:49912 localEndPoint: 127.0.0.1:49911
TpTrace Verbose: 0 : 256536, 5, 2022/09/23, 21:48:35.426, 7903618546082, vstest.console.dll, TestPluginCache.GetExtensionPaths: Filtered extension paths: 
TpTrace Verbose: 0 : 256536, 5, 2022/09/23, 21:48:35.429, 7903618579551, vstest.console.dll, TestPluginCache.GetExtensionPaths: Added default extension paths: C:\Program Files\dotnet\sdk\5.0.411\Extensions\Microsoft.Diagnostics.NETCore.Client.dll
C:\Program Files\dotnet\sdk\5.0.411\Extensions\Microsoft.TestPlatform.Extensions.BlameDataCollector.dll
C:\Program Files\dotnet\sdk\5.0.411\Extensions\Microsoft.TestPlatform.Extensions.EventLogCollector.dll
C:\Program Files\dotnet\sdk\5.0.411\Extensions\Microsoft.TestPlatform.TestHostRuntimeProvider.dll
C:\Program Files\dotnet\sdk\5.0.411\Extensions\Microsoft.VisualStudio.TestPlatform.Extensions.Html.TestLogger.dll
C:\Program Files\dotnet\sdk\5.0.411\Extensions\Microsoft.VisualStudio.TestPlatform.Extensions.Trx.TestLogger.dll
TpTrace Verbose: 0 : 256536, 5, 2022/09/23, 21:48:35.429, 7903618581753, vstest.console.dll, TestPluginCache.GetExtensionPaths: Added unfilterableExtensionPaths: 
TpTrace Verbose: 0 : 256536, 5, 2022/09/23, 21:48:35.434, 7903618627271, vstest.console.dll, TestRequestSender.InitializeExecution: Sending initializing execution with message: {"Version":5,"MessageType":"TestExecution.Initialize","Payload":["D:\\Desenvolvimento\\Gabriel\\B1Library\\B1Library\\B1Library_Tests\\bin\\Release\\netcoreapp3.1\\fine-code-coverage\\build-output\\xunit.runner.visualstudio.dotnetcore.testadapter.dll"]}
TpTrace Verbose: 0 : 256536, 14, 2022/09/23, 21:48:35.441, 7903618696879, vstest.console.dll, TcpClientExtensions.MessageLoopAsync: NotifyDataAvailable remoteEndPoint: 127.0.0.1:49912 localEndPoint: 127.0.0.1:49911
TpTrace Verbose: 0 : 256536, 14, 2022/09/23, 21:48:35.441, 7903618700173, vstest.console.dll, TestRequestSender.OnExecutionMessageReceived: Received message: {"Version":5,"MessageType":"TestSession.Message","Payload":{"MessageLevel":0,"Message":"Logging TestHost Diagnostics in file: D:\\Desenvolvimento\\Gabriel\\B1Library\\B1Library\\B1Library_Tests\\bin\\Release\\netcoreapp3.1\\fine-code-coverage\\coverage-tool-output\\diagnostics.host.22-09-23_21-48-34_97263_5.log"}}
TpTrace Verbose: 0 : 256536, 14, 2022/09/23, 21:48:35.444, 7903618724807, vstest.console.dll, TestRunRequest:SendTestRunMessage: Starting.
TpTrace Information: 0 : 256536, 14, 2022/09/23, 21:48:35.444, 7903618727477, vstest.console.dll, TestRunRequest:SendTestRunMessage: Completed.
TpTrace Verbose: 0 : 256536, 14, 2022/09/23, 21:48:35.444, 7903618729146, vstest.console.dll, TcpClientExtensions.MessageLoopAsync: Polling on remoteEndPoint: 127.0.0.1:49912 localEndPoint: 127.0.0.1:49911
TpTrace Verbose: 0 : 256536, 5, 2022/09/23, 21:48:35.445, 7903618734822, vstest.console.dll, TestRequestSender.StartTestRun: Sending test run with message: {"Version":5,"MessageType":"TestExecution.StartWithSources","Payload":{"AdapterSourceMap":{"_none_":["D:\\Desenvolvimento\\Gabriel\\B1Library\\B1Library\\B1Library_Tests\\bin\\Release\\netcoreapp3.1\\fine-code-coverage\\build-output\\B1Library_Tests.dll"]},"RunSettings":"<RunSettings>\r\n  <RunConfiguration>\r\n    <ResultsDirectory>D:\\Desenvolvimento\\Gabriel\\B1Library\\B1Library\\B1Library_Tests\\bin\\Release\\netcoreapp3.1\\fine-code-coverage\\coverage-tool-output</ResultsDirectory>\r\n    <TargetPlatform>X64</TargetPlatform>\r\n    <TargetFrameworkVersion>.NETCoreApp,Version=v3.1</TargetFrameworkVersion>\r\n    <DesignMode>False</DesignMode>\r\n    <CollectSourceInformation>False</CollectSourceInformation>\r\n  </RunConfiguration>\r\n  <LoggerRunSettings>\r\n    <Loggers>\r\n      <Logger friendlyName=\"blame\" enabled=\"True\" />\r\n      <Logger friendlyName=\"Console\" uri=\"logger://microsoft/TestPlatform/ConsoleLogger/v1\" assemblyQualifiedName=\"Microsoft.VisualStudio.TestPlatform.CommandLine.Internal.ConsoleLogger, vstest.console, Version=15.0.0.0, Culture=neutral, PublicKeyToken=b03f5f7f11d50a3a\" codeBase=\"C:\\Program Files\\dotnet\\sdk\\5.0.411\\vstest.console.dll\" enabled=\"True\" />\r\n    </Loggers>\r\n  </LoggerRunSettings>\r\n  <DataCollectionRunSettings>\r\n    <DataCollectors>\r\n      <DataCollector friendlyName=\"blame\" enabled=\"True\">\r\n        <Configuration>\r\n          <ResultsDirectory>D:\\Desenvolvimento\\Gabriel\\B1Library\\B1Library\\B1Library_Tests\\bin\\Release\\netcoreapp3.1\\fine-code-coverage\\coverage-tool-output</ResultsDirectory>\r\n        </Configuration>\r\n      </DataCollector>\r\n    </DataCollectors>\r\n  </DataCollectionRunSettings>\r\n</RunSettings>","TestExecutionContext":{"FrequencyOfRunStatsChangeEvent":10,"RunStatsChangeEventTimeout":"00:00:01.5000000","InIsolation":false,"KeepAlive":false,"AreTestCaseLevelEventsRequired":false,"IsDebug":false,"TestCaseFilter":null,"FilterOptions":null},"Package":null}}
TpTrace Verbose: 0 : 256536, 14, 2022/09/23, 21:48:35.638, 7903620667452, vstest.console.dll, TcpClientExtensions.MessageLoopAsync: NotifyDataAvailable remoteEndPoint: 127.0.0.1:49912 localEndPoint: 127.0.0.1:49911
TpTrace Verbose: 0 : 256536, 14, 2022/09/23, 21:48:35.638, 7903620670578, vstest.console.dll, TestRequestSender.OnExecutionMessageReceived: Received message: {"Version":5,"MessageType":"TestSession.Message","Payload":{"MessageLevel":0,"Message":"[xUnit.net 00:00:00.00] xUnit.net VSTest Adapter v2.4.3+1b45f5407b (64-bit .NET Core 3.1.28)"}}
TpTrace Verbose: 0 : 256536, 14, 2022/09/23, 21:48:35.639, 7903620674971, vstest.console.dll, TestRunRequest:SendTestRunMessage: Starting.
TpTrace Information: 0 : 256536, 14, 2022/09/23, 21:48:35.639, 7903620677530, vstest.console.dll, TestRunRequest:SendTestRunMessage: Completed.
TpTrace Verbose: 0 : 256536, 14, 2022/09/23, 21:48:35.639, 7903620679196, vstest.console.dll, TcpClientExtensions.MessageLoopAsync: Polling on remoteEndPoint: 127.0.0.1:49912 localEndPoint: 127.0.0.1:49911
TpTrace Verbose: 0 : 256536, 14, 2022/09/23, 21:48:36.150, 7903625793315, vstest.console.dll, TcpClientExtensions.MessageLoopAsync: NotifyDataAvailable remoteEndPoint: 127.0.0.1:49912 localEndPoint: 127.0.0.1:49911
TpTrace Verbose: 0 : 256536, 14, 2022/09/23, 21:48:36.151, 7903625796233, vstest.console.dll, TestRequestSender.OnExecutionMessageReceived: Received message: {"Version":5,"MessageType":"TestSession.Message","Payload":{"MessageLevel":0,"Message":"[xUnit.net 00:00:00.51]   Discovering: B1Library_Tests"}}
TpTrace Verbose: 0 : 256536, 14, 2022/09/23, 21:48:36.151, 7903625799599, vstest.console.dll, TestRunRequest:SendTestRunMessage: Starting.
TpTrace Information: 0 : 256536, 14, 2022/09/23, 21:48:36.151, 7903625801371, vstest.console.dll, TestRunRequest:SendTestRunMessage: Completed.
TpTrace Verbose: 0 : 256536, 14, 2022/09/23, 21:48:36.151, 7903625802712, vstest.console.dll, TcpClientExtensions.MessageLoopAsync: Polling on remoteEndPoint: 127.0.0.1:49912 localEndPoint: 127.0.0.1:49911
TpTrace Verbose: 0 : 256536, 14, 2022/09/23, 21:48:36.194, 7903626228041, vstest.console.dll, TcpClientExtensions.MessageLoopAsync: NotifyDataAvailable remoteEndPoint: 127.0.0.1:49912 localEndPoint: 127.0.0.1:49911
TpTrace Verbose: 0 : 256536, 14, 2022/09/23, 21:48:36.194, 7903626230706, vstest.console.dll, TestRequestSender.OnExecutionMessageReceived: Received message: {"Version":5,"MessageType":"TestSession.Message","Payload":{"MessageLevel":0,"Message":"[xUnit.net 00:00:00.56]   Discovered:  B1Library_Tests"}}
TpTrace Verbose: 0 : 256536, 14, 2022/09/23, 21:48:36.194, 7903626233625, vstest.console.dll, TestRunRequest:SendTestRunMessage: Starting.
TpTrace Information: 0 : 256536, 14, 2022/09/23, 21:48:36.195, 7903626235204, vstest.console.dll, TestRunRequest:SendTestRunMessage: Completed.
TpTrace Verbose: 0 : 256536, 14, 2022/09/23, 21:48:36.195, 7903626236586, vstest.console.dll, TcpClientExtensions.MessageLoopAsync: Polling on remoteEndPoint: 127.0.0.1:49912 localEndPoint: 127.0.0.1:49911
TpTrace Verbose: 0 : 256536, 14, 2022/09/23, 21:48:36.197, 7903626257766, vstest.console.dll, TcpClientExtensions.MessageLoopAsync: NotifyDataAvailable remoteEndPoint: 127.0.0.1:49912 localEndPoint: 127.0.0.1:49911
TpTrace Verbose: 0 : 256536, 14, 2022/09/23, 21:48:36.197, 7903626259306, vstest.console.dll, TestRequestSender.OnExecutionMessageReceived: Received message: {"Version":5,"MessageType":"TestSession.Message","Payload":{"MessageLevel":0,"Message":"[xUnit.net 00:00:00.56]   Starting:    B1Library_Tests"}}
TpTrace Verbose: 0 : 256536, 14, 2022/09/23, 21:48:36.197, 7903626261748, vstest.console.dll, TestRunRequest:SendTestRunMessage: Starting.
TpTrace Information: 0 : 256536, 14, 2022/09/23, 21:48:36.197, 7903626263183, vstest.console.dll, TestRunRequest:SendTestRunMessage: Completed.
TpTrace Verbose: 0 : 256536, 14, 2022/09/23, 21:48:36.198, 7903626264501, vstest.console.dll, TcpClientExtensions.MessageLoopAsync: Polling on remoteEndPoint: 127.0.0.1:49912 localEndPoint: 127.0.0.1:49911
TpTrace Verbose: 0 : 256536, 14, 2022/09/23, 21:48:36.472, 7903629008665, vstest.console.dll, TcpClientExtensions.MessageLoopAsync: NotifyDataAvailable remoteEndPoint: 127.0.0.1:49912 localEndPoint: 127.0.0.1:49911
TpTrace Verbose: 0 : 256536, 14, 2022/09/23, 21:48:36.472, 7903629013463, vstest.console.dll, TestRequestSender.OnExecutionMessageReceived: Received message: {"Version":5,"MessageType":"TestExecution.StatsChange","Payload":{"NewTestResults":[{"TestCase":{"Id":"4a8111a3-11e6-aa5d-7f3d-1f93c843ba5c","FullyQualifiedName":"B1Library_Tests.Interface.B1DocumentStatusDataTest.ShouldCreateInstanceWithParameters","DisplayName":"B1Library_Tests.Interface.B1DocumentStatusDataTest.ShouldCreateInstanceWithParameters","ExecutorUri":"executor://xunit/VsTestRunner2/netcoreapp","Source":"D:\\Desenvolvimento\\Gabriel\\B1Library\\B1Library\\B1Library_Tests\\bin\\Release\\netcoreapp3.1\\fine-code-coverage\\build-output\\B1Library_Tests.dll","CodeFilePath":null,"LineNumber":0,"Properties":[]},"Attachments":[],"Outcome":1,"ErrorMessage":null,"ErrorStackTrace":null,"DisplayName":"B1Library_Tests.Interface.B1DocumentStatusDataTest.ShouldCreateInstanceWithParameters","Messages":[],"ComputerName":"SRVHDBTST","Duration":"00:00:00.0070254","StartTime":"2022-09-24T00:48:36.2894987+00:00","EndTime":"2022-09-24T00:48:36.2895835+00:00","Properties":[]},{"TestCase":{"Id":"6a29378d-3c2f-9b6a-c3cd-7daa6324f0d0","FullyQualifiedName":"B1Library_Tests.Data.InvoiceB1Tests.ShouldReturnNegativeSumToSelectedTaxName","DisplayName":"B1Library_Tests.Data.InvoiceB1Tests.ShouldReturnNegativeSumToSelectedTaxName","ExecutorUri":"executor://xunit/VsTestRunner2/netcoreapp","Source":"D:\\Desenvolvimento\\Gabriel\\B1Library\\B1Library\\B1Library_Tests\\bin\\Release\\netcoreapp3.1\\fine-code-coverage\\build-output\\B1Library_Tests.dll","CodeFilePath":null,"LineNumber":0,"Properties":[]},"Attachments":[],"Outcome":1,"ErrorMessage":null,"ErrorStackTrace":null,"DisplayName":"B1Library_Tests.Data.InvoiceB1Tests.ShouldReturnNegativeSumToSelectedTaxName","Messages":[],"ComputerName":"SRVHDBTST","Duration":"00:00:00.0083403","StartTime":"2022-09-24T00:48:36.3095097+00:00","EndTime":"2022-09-24T00:48:36.3095109+00:00","Properties":[]},{"TestCase":{"Id":"8d487f71-cb41-db96-125f-5f20a54b2740","FullyQualifiedName":"B1Library_Tests.UseCases.QueryB1OtherDocumentsTest.ShouldReturnQueryB1InboundOtherDocuments","DisplayName":"B1Library_Tests.UseCases.QueryB1OtherDocumentsTest.ShouldReturnQueryB1InboundOtherDocuments","ExecutorUri":"executor://xunit/VsTestRunner2/netcoreapp","Source":"D:\\Desenvolvimento\\Gabriel\\B1Library\\B1Library\\B1Library_Tests\\bin\\Release\\netcoreapp3.1\\fine-code-coverage\\build-output\\B1Library_Tests.dll","CodeFilePath":null,"LineNumber":0,"Properties":[]},"Attachments":[],"Outcome":1,"ErrorMessage":null,"ErrorStackTrace":null,"DisplayName":"B1Library_Tests.UseCases.QueryB1OtherDocumentsTest.ShouldReturnQueryB1InboundOtherDocuments","Messages":[],"ComputerName":"SRVHDBTST","Duration":"00:00:00.0065490","StartTime":"2022-09-24T00:48:36.3111496+00:00","EndTime":"2022-09-24T00:48:36.3111505+00:00","Properties":[]},{"TestCase":{"Id":"baaeecad-6992-ed6f-7cb0-a7d467c8d42d","FullyQualifiedName":"B1Library_Tests.Data.InvoiceB1Tests.ShouldReturnTaxNameSum","DisplayName":"B1Library_Tests.Data.InvoiceB1Tests.ShouldReturnTaxNameSum","ExecutorUri":"executor://xunit/VsTestRunner2/netcoreapp","Source":"D:\\Desenvolvimento\\Gabriel\\B1Library\\B1Library\\B1Library_Tests\\bin\\Release\\netcoreapp3.1\\fine-code-coverage\\build-output\\B1Library_Tests.dll","CodeFilePath":null,"LineNumber":0,"Properties":[]},"Attachments":[],"Outcome":1,"ErrorMessage":null,"ErrorStackTrace":null,"DisplayName":"B1Library_Tests.Data.InvoiceB1Tests.ShouldReturnTaxNameSum","Messages":[],"ComputerName":"SRVHDBTST","Duration":"00:00:00.0003181","StartTime":"2022-09-24T00:48:36.3156105+00:00","EndTime":"2022-09-24T00:48:36.315613+00:00","Properties":[]},{"TestCase":{"Id":"7ede438c-73ac-b89e-de73-9a26b66d20a8","FullyQualifiedName":"B1Library_Tests.Data.InvoiceB1Tests.ShouldReturnZeroSumWithoutSelectedTaxName","DisplayName":"B1Library_Tests.Data.InvoiceB1Tests.ShouldReturnZeroSumWithoutSelectedTaxName","ExecutorUri":"executor://xunit/VsTestRunner2/netcoreapp","Source":"D:\\Desenvolvimento\\Gabriel\\B1Library\\B1Library\\B1Library_Tests\\bin\\Release\\netcoreapp3.1\\fine-code-coverage\\build-output\\B1Library_Tests.dll","CodeFilePath":null,"LineNumber":0,"Properties":[]},"Attachments":[],"Outcome":1,"ErrorMessage":null,"ErrorStackTrace":null,"DisplayName":"B1Library_Tests.Data.InvoiceB1Tests.ShouldReturnZeroSumWithoutSelectedTaxName","Messages":[],"ComputerName":"SRVHDBTST","Duration":"00:00:00.0002111","StartTime":"2022-09-24T00:48:36.3185868+00:00","EndTime":"2022-09-24T00:48:36.3185886+00:00","Properties":[]},{"TestCase":{"Id":"5112ab3d-603e-394f-c9d1-d767c2ce76be","FullyQualifiedName":"B1Library_Tests.Data.InvoiceB1Tests.ShoulNotdAddLineItemWithoutTaxObjects","DisplayName":"B1Library_Tests.Data.InvoiceB1Tests.ShoulNotdAddLineItemWithoutTaxObjects","ExecutorUri":"executor://xunit/VsTestRunner2/netcoreapp","Source":"D:\\Desenvolvimento\\Gabriel\\B1Library\\B1Library\\B1Library_Tests\\bin\\Release\\netcoreapp3.1\\fine-code-coverage\\build-output\\B1Library_Tests.dll","CodeFilePath":null,"LineNumber":0,"Properties":[]},"Attachments":[],"Outcome":1,"ErrorMessage":null,"ErrorStackTrace":null,"DisplayName":"B1Library_Tests.Data.InvoiceB1Tests.ShoulNotdAddLineItemWithoutTaxObjects","Messages":[],"ComputerName":"SRVHDBTST","Duration":"00:00:00.0009308","StartTime":"2022-09-24T00:48:36.321385+00:00","EndTime":"2022-09-24T00:48:36.321387+00:00","Properties":[]},{"TestCase":{"Id":"2f15aedd-8b36-350c-349b-8accd905b68e","FullyQualifiedName":"B1Library_Tests.Data.InvoiceB1Tests.ShouldAddLineItem","DisplayName":"B1Library_Tests.Data.InvoiceB1Tests.ShouldAddLineItem","ExecutorUri":"executor://xunit/VsTestRunner2/netcoreapp","Source":"D:\\Desenvolvimento\\Gabriel\\B1Library\\B1Library\\B1Library_Tests\\bin\\Release\\netcoreapp3.1\\fine-code-coverage\\build-output\\B1Library_Tests.dll","CodeFilePath":null,"LineNumber":0,"Properties":[]},"Attachments":[],"Outcome":1,"ErrorMessage":null,"ErrorStackTrace":null,"DisplayName":"B1Library_Tests.Data.InvoiceB1Tests.ShouldAddLineItem","Messages":[],"ComputerName":"SRVHDBTST","Duration":"00:00:00.0017098","StartTime":"2022-09-24T00:48:36.324414+00:00","EndTime":"2022-09-24T00:48:36.3244158+00:00","Properties":[]},{"TestCase":{"Id":"c833b94e-bb16-4e12-b192-4ae46c9d4b29","FullyQualifiedName":"B1Library_Tests.Data.InvoiceB1Tests.ShouldCreateAValidInvoiceB1Instance","DisplayName":"B1Library_Tests.Data.InvoiceB1Tests.ShouldCreateAValidInvoiceB1Instance","ExecutorUri":"executor://xunit/VsTestRunner2/netcoreapp","Source":"D:\\Desenvolvimento\\Gabriel\\B1Library\\B1Library\\B1Library_Tests\\bin\\Release\\netcoreapp3.1\\fine-code-coverage\\build-output\\B1Library_Tests.dll","CodeFilePath":null,"LineNumber":0,"Properties":[]},"Attachments":[],"Outcome":1,"ErrorMessage":null,"ErrorStackTrace":null,"DisplayName":"B1Library_Tests.Data.InvoiceB1Tests.ShouldCreateAValidInvoiceB1Instance","Messages":[],"ComputerName":"SRVHDBTST","Duration":"00:00:00.0001890","StartTime":"2022-09-24T00:48:36.3273075+00:00","EndTime":"2022-09-24T00:48:36.3273092+00:00","Properties":[]},{"TestCase":{"Id":"097a200f-794b-0d9b-e6ff-b93dd21fb4af","FullyQualifiedName":"B1Library_Tests.Repository.DBRepositoryTest.ShouldGetListInvoicesToOrbit","DisplayName":"B1Library_Tests.Repository.DBRepositoryTest.ShouldGetListInvoicesToOrbit","ExecutorUri":"executor://xunit/VsTestRunner2/netcoreapp","Source":"D:\\Desenvolvimento\\Gabriel\\B1Library\\B1Library\\B1Library_Tests\\bin\\Release\\netcoreapp3.1\\fine-code-coverage\\build-output\\B1Library_Tests.dll","CodeFilePath":null,"LineNumber":0,"Properties":[]},"Attachments":[],"Outcome":1,"ErrorMessage":null,"ErrorStackTrace":null,"DisplayName":"B1Library_Tests.Repository.DBRepositoryTest.ShouldGetListInvoicesToOrbit","Messages":[],"ComputerName":"SRVHDBTST","Duration":"00:00:00.1720795","StartTime":"2022-09-24T00:48:36.4368124+00:00","EndTime":"2022-09-24T00:48:36.436816+00:00","Properties":[]}],"TestRunStatistics":{"ExecutedTests":9,"Stats":{"Passed":9}},"ActiveTests":[{"Id":"e888b32f-4a0c-9638-e2c2-02ac8a14fa1e","FullyQualifiedName":"B1Library_Tests.Repository.DBRepositoryTest.ShouldUpdateB1DocumentWithSuccessStatus","DisplayName":"B1Library_Tests.Repository.DBRepositoryTest.ShouldUpdateB1DocumentWithSuccessStatus","ExecutorUri":"executor://xunit/VsTestRunner2/netcoreapp","Source":"D:\\Desenvolvimento\\Gabriel\\B1Library\\B1Library\\B1Library_Tests\\bin\\Release\\netcoreapp3.1\\fine-code-coverage\\build-output\\B1Library_Tests.dll","CodeFilePath":null,"LineNumber":0,"Properties":[]}]}}
TpTrace Verbose: 0 : 256536, 14, 2022/09/23, 21:48:36.500, 7903629290196, vstest.console.dll, TestRunRequest:SendTestRunStatsChange: Starting.
TpTrace Verbose: 0 : 256536, 14, 2022/09/23, 21:48:36.500, 7903629292608, vstest.console.dll, InProgress is B1Library_Tests.Repository.DBRepositoryTest.ShouldUpdateB1DocumentWithSuccessStatus
TpTrace Information: 0 : 256536, 14, 2022/09/23, 21:48:36.501, 7903629295852, vstest.console.dll, TestRunRequest:SendTestRunStatsChange: Completed.
TpTrace Verbose: 0 : 256536, 14, 2022/09/23, 21:48:36.501, 7903629297645, vstest.console.dll, TcpClientExtensions.MessageLoopAsync: Polling on remoteEndPoint: 127.0.0.1:49912 localEndPoint: 127.0.0.1:49911
TpTrace Verbose: 0 : 256536, 14, 2022/09/23, 21:48:36.501, 7903629299296, vstest.console.dll, TcpClientExtensions.MessageLoopAsync: NotifyDataAvailable remoteEndPoint: 127.0.0.1:49912 localEndPoint: 127.0.0.1:49911
TpTrace Verbose: 0 : 256536, 14, 2022/09/23, 21:48:36.501, 7903629301095, vstest.console.dll, TestRequestSender.OnExecutionMessageReceived: Received message: {"Version":5,"MessageType":"TestSession.Message","Payload":{"MessageLevel":0,"Message":"[xUnit.net 00:00:00.84]   Finished:    B1Library_Tests"}}
TpTrace Verbose: 0 : 256536, 14, 2022/09/23, 21:48:36.502, 7903629303727, vstest.console.dll, TestRunRequest:SendTestRunMessage: Starting.
TpTrace Information: 0 : 256536, 14, 2022/09/23, 21:48:36.502, 7903629305368, vstest.console.dll, TestRunRequest:SendTestRunMessage: Completed.
TpTrace Verbose: 0 : 256536, 14, 2022/09/23, 21:48:36.502, 7903629306991, vstest.console.dll, TcpClientExtensions.MessageLoopAsync: Polling on remoteEndPoint: 127.0.0.1:49912 localEndPoint: 127.0.0.1:49911
TpTrace Verbose: 0 : 256536, 14, 2022/09/23, 21:48:36.502, 7903629308498, vstest.console.dll, TcpClientExtensions.MessageLoopAsync: NotifyDataAvailable remoteEndPoint: 127.0.0.1:49912 localEndPoint: 127.0.0.1:49911
TpTrace Verbose: 0 : 256536, 14, 2022/09/23, 21:48:36.502, 7903629310583, vstest.console.dll, TestRequestSender.OnExecutionMessageReceived: Received message: {"Version":5,"MessageType":"TestExecution.Completed","Payload":{"TestRunCompleteArgs":{"TestRunStatistics":{"ExecutedTests":10,"Stats":{"Passed":10}},"IsCanceled":false,"IsAborted":false,"Error":null,"AttachmentSets":[],"ElapsedTimeInRunningTests":"00:00:00.8585879","Metrics":{}},"LastRunTests":{"NewTestResults":[{"TestCase":{"Id":"e888b32f-4a0c-9638-e2c2-02ac8a14fa1e","FullyQualifiedName":"B1Library_Tests.Repository.DBRepositoryTest.ShouldUpdateB1DocumentWithSuccessStatus","DisplayName":"B1Library_Tests.Repository.DBRepositoryTest.ShouldUpdateB1DocumentWithSuccessStatus","ExecutorUri":"executor://xunit/VsTestRunner2/netcoreapp","Source":"D:\\Desenvolvimento\\Gabriel\\B1Library\\B1Library\\B1Library_Tests\\bin\\Release\\netcoreapp3.1\\fine-code-coverage\\build-output\\B1Library_Tests.dll","CodeFilePath":null,"LineNumber":0,"Properties":[]},"Attachments":[],"Outcome":1,"ErrorMessage":null,"ErrorStackTrace":null,"DisplayName":"B1Library_Tests.Repository.DBRepositoryTest.ShouldUpdateB1DocumentWithSuccessStatus","Messages":[],"ComputerName":"SRVHDBTST","Duration":"00:00:00.0086380","StartTime":"2022-09-24T00:48:36.4748927+00:00","EndTime":"2022-09-24T00:48:36.4748952+00:00","Properties":[]}],"TestRunStatistics":{"ExecutedTests":10,"Stats":{"Passed":10}},"ActiveTests":[]},"RunAttachments":[],"ExecutorUris":["executor://xunit/VsTestRunner2/netcoreapp"]}}
TpTrace Verbose: 0 : 256536, 14, 2022/09/23, 21:48:36.503, 7903629313550, vstest.console.dll, TestRequestSender.EndSession: Sending end session.
TpTrace Verbose: 0 : 256536, 14, 2022/09/23, 21:48:36.503, 7903629316362, vstest.console.dll, ProxyOperationManager.Close: waiting for test host to exit for 100 ms
TpTrace Warning: 0 : 256536, 13, 2022/09/23, 21:48:36.524, 7903629531064, vstest.console.dll, TestHostManagerCallbacks.ErrorReceivedCallback Test host standard error line: 
TpTrace Verbose: 0 : 256536, 8, 2022/09/23, 21:48:36.542, 7903629708999, vstest.console.dll, TestHostProvider.ExitCallBack: Host exited starting callback.
TpTrace Information: 0 : 256536, 8, 2022/09/23, 21:48:36.543, 7903629718807, vstest.console.dll, TestHostManagerCallbacks.ExitCallBack: Testhost processId: 291728 exited with exitcode: 0 error: ''
TpTrace Verbose: 0 : 256536, 8, 2022/09/23, 21:48:36.543, 7903629720844, vstest.console.dll, DotnetTestHostManager.OnHostExited: invoking OnHostExited callback
TpTrace Verbose: 0 : 256536, 8, 2022/09/23, 21:48:36.543, 7903629722306, vstest.console.dll, CrossPlatEngine.TestHostManagerHostExited: calling on client process exit callback.
TpTrace Information: 0 : 256536, 8, 2022/09/23, 21:48:36.544, 7903629723842, vstest.console.dll, TestRequestSender.OnClientProcessExit: Test host process exited. Standard error: 
TpTrace Warning: 0 : 256536, 14, 2022/09/23, 21:48:36.544, 7903629723962, vstest.console.dll, ProxyOperationManager: Timed out waiting for test host to exit. Will terminate process.
TpTrace Information: 0 : 256536, 8, 2022/09/23, 21:48:36.544, 7903629725327, vstest.console.dll, SocketServer.Stop: Stop server endPoint: 127.0.0.1:49911
TpTrace Information: 0 : 256536, 8, 2022/09/23, 21:48:36.544, 7903629728588, vstest.console.dll, SocketServer.Stop: Cancellation requested. Stopping message loop.
TpTrace Verbose: 0 : 256536, 14, 2022/09/23, 21:48:36.545, 7903629734426, vstest.console.dll, ProxyDataCollectionManager.InvokeDataCollectionServiceAction: Starting.
TpTrace Information: 0 : 256536, 14, 2022/09/23, 21:48:36.545, 7903629736226, vstest.console.dll, ProxyDataCollectionManager.AfterTestRunEnd: Get attachment set for datacollector processId: 288640 port: 49908
TpTrace Verbose: 0 : 256536, 14, 2022/09/23, 21:48:36.545, 7903629737725, vstest.console.dll, DataCollectionRequestSender.SendAfterTestRunStartAndGetResult : Send AfterTestRunEnd message with isCancelled: False
TpTrace Verbose: 0 : 256536, 14, 2022/09/23, 21:48:36.550, 7903629792730, vstest.console.dll, DataCollectionRequestSender.SendAfterTestRunStartAndGetResult : Received message: (DataCollection.AfterTestRunEndResult) -> {
  "AttachmentSets": [],
  "Metrics": {}
}
TpTrace Information: 0 : 256536, 14, 2022/09/23, 21:48:36.553, 7903629821139, vstest.console.dll, ProxyDataCollectionManager.InvokeDataCollectionServiceAction: Completed.
TpTrace Warning: 0 : 256536, 10, 2022/09/23, 21:48:36.556, 7903629853260, vstest.console.dll, DataCollectionLauncher.ErrorReceivedCallback datacollector standard error line: 
TpTrace Information: 0 : 256536, 8, 2022/09/23, 21:48:36.564, 7903629925927, vstest.console.dll, DataCollectionLauncher.ExitCallBack: Data collector exited with exitcode: 0 error: ''
TpTrace Verbose: 0 : 256536, 14, 2022/09/23, 21:48:36.576, 7903630045078, vstest.console.dll, TestRunRequest:SendTestRunStatsChange: Starting.
TpTrace Information: 0 : 256536, 14, 2022/09/23, 21:48:36.576, 7903630047376, vstest.console.dll, TestRunRequest:SendTestRunStatsChange: Completed.
TpTrace Verbose: 0 : 256536, 14, 2022/09/23, 21:48:36.576, 7903630050675, vstest.console.dll, ParallelProxyExecutionManager: HandlePartialRunComplete: Total completed clients = 1, Run complete = True, Run canceled: False.
TpTrace Verbose: 0 : 256536, 14, 2022/09/23, 21:48:36.606, 7903630344240, vstest.console.dll, TestRunRequest:TestRunComplete: Starting. IsAborted:False IsCanceled:False.
TpTrace Verbose: 0 : 256536, 14, 2022/09/23, 21:48:36.606, 7903630347665, vstest.console.dll, TestLoggerManager.HandleTestRunComplete: Ignoring as the object is disposed.
TpTrace Information: 0 : 256536, 14, 2022/09/23, 21:48:36.606, 7903630353225, vstest.console.dll, TestRunRequest:TestRunComplete: Completed.
TpTrace Verbose: 0 : 256536, 1, 2022/09/23, 21:48:36.606, 7903630353375, vstest.console.dll, TestRunRequest.Dispose: Starting.
TpTrace Verbose: 0 : 256536, 14, 2022/09/23, 21:48:36.607, 7903630355109, vstest.console.dll, TestRequestSender.SetOperationComplete: Setting operation complete.
TpTrace Information: 0 : 256536, 1, 2022/09/23, 21:48:36.607, 7903630357059, vstest.console.dll, TestRunRequest.Dispose: Completed.
TpTrace Information: 0 : 256536, 14, 2022/09/23, 21:48:36.607, 7903630358516, vstest.console.dll, SocketServer.Stop: Stop server endPoint: 127.0.0.1:49911
TpTrace Information: 0 : 256536, 1, 2022/09/23, 21:48:36.607, 7903630360678, vstest.console.dll, TestRequestManager.RunTests: run tests completed.
TpTrace Information: 0 : 256536, 14, 2022/09/23, 21:48:36.607, 7903630362245, vstest.console.dll, SocketServer.Stop: Cancellation requested. Stopping message loop.
TpTrace Information: 0 : 256536, 1, 2022/09/23, 21:48:36.608, 7903630364616, vstest.console.dll, RunTestsArgumentProcessor:Execute: Test run is completed.
TpTrace Information: 0 : 256536, 14, 2022/09/23, 21:48:36.608, 7903630365973, vstest.console.dll, SocketServer.PrivateStop: Stop server endPoint: 127.0.0.1:49911 error: 
TpTrace Verbose: 0 : 256536, 1, 2022/09/23, 21:48:36.608, 7903630370028, vstest.console.dll, Executor.Execute: Exiting with exit code of 0
TpTrace Verbose: 0 : 256536, 14, 2022/09/23, 21:48:36.609, 7903630380471, vstest.console.dll, LengthPrefixCommunicationChannel.Dispose: Dispose reader and writer.
TpTrace Information: 0 : 256536, 14, 2022/09/23, 21:48:36.609, 7903630382961, vstest.console.dll, SocketServer.Stop: Raise disconnected event endPoint: 127.0.0.1:49911 error: 
TpTrace Verbose: 0 : 256536, 14, 2022/09/23, 21:48:36.610, 7903630384952, vstest.console.dll, TestRequestSender: OnTestRunAbort: Operation is already complete. Skip error message.
