<?xml version="1.0" encoding="utf-8"?>
<!DOCTYPE coverage SYSTEM "http://cobertura.sourceforge.net/xml/coverage-04.dtd">
<coverage line-rate="0.832547169811321" branch-rate="0.623188405797101" lines-covered="1059" lines-valid="1272" branches-covered="86" branches-valid="138" complexity="336" version="0" timestamp="1665485494">
  <sources>
    <source>C:\Users\luisf\</source>
  </sources>
  <packages>
    <package name="B1Library" line-rate="0.675585284280936" branch-rate="0.606060606060606" complexity="293">
      <classes>
        <class name="B1Library.Applications.Logs" filename="C:\Users\luisf\Desktop\Repositori B1 Dev\OrbitService\OrbitService\src\B1Library\Applications\Logs.cs" line-rate="0" branch-rate="1" complexity="2">
          <methods>
            <method name="InsertLog" signature="(...)" line-rate="0" branch-rate="1" complexity="1">
              <lines>
                <line number="17" hits="0" branch="false" />
                <line number="18" hits="0" branch="false" />
                <line number="19" hits="0" branch="false" />
                <line number="21" hits="0" branch="false" />
                <line number="22" hits="0" branch="false" />
                <line number="23" hits="0" branch="false" />
                <line number="24" hits="0" branch="false" />
                <line number="25" hits="0" branch="false" />
                <line number="27" hits="0" branch="false" />
                <line number="28" hits="0" branch="false" />
                <line number="29" hits="0" branch="false" />
                <line number="30" hits="0" branch="false" />
                <line number="31" hits="0" branch="false" />
              </lines>
            </method>
            <method name=".cctor" signature="()" line-rate="0" branch-rate="1" complexity="1">
              <lines>
                <line number="10" hits="0" branch="false" />
              </lines>
            </method>
          </methods>
          <lines>
            <line number="10" hits="0" branch="false" />
            <line number="17" hits="0" branch="false" />
            <line number="18" hits="0" branch="false" />
            <line number="19" hits="0" branch="false" />
            <line number="21" hits="0" branch="false" />
            <line number="22" hits="0" branch="false" />
            <line number="23" hits="0" branch="false" />
            <line number="24" hits="0" branch="false" />
            <line number="25" hits="0" branch="false" />
            <line number="27" hits="0" branch="false" />
            <line number="28" hits="0" branch="false" />
            <line number="29" hits="0" branch="false" />
            <line number="30" hits="0" branch="false" />
            <line number="31" hits="0" branch="false" />
          </lines>
        </class>
        <class name="B1Library.Documents.CabecalhoLinha" filename="C:\Users\luisf\Desktop\Repositori B1 Dev\OrbitService\OrbitService\src\B1Library\Documents\Entities\Invoice.cs" line-rate="0.971428571428571" branch-rate="1" complexity="30">
          <methods>
            <method name="get_NItem" signature="()" line-rate="1" branch-rate="1" complexity="1">
              <lines>
                <line number="61" hits="6" branch="false" />
              </lines>
            </method>
            <method name="get_CSTCofinsLinha" signature="()" line-rate="1" branch-rate="1" complexity="1">
              <lines>
                <line number="62" hits="6" branch="false" />
              </lines>
            </method>
            <method name="get_CSTICMSLinha" signature="()" line-rate="1" branch-rate="1" complexity="1">
              <lines>
                <line number="63" hits="6" branch="false" />
              </lines>
            </method>
            <method name="get_CSTIPILinha" signature="()" line-rate="1" branch-rate="1" complexity="1">
              <lines>
                <line number="64" hits="6" branch="false" />
              </lines>
            </method>
            <method name="get_CSTPisLinha" signature="()" line-rate="1" branch-rate="1" complexity="1">
              <lines>
                <line number="65" hits="6" branch="false" />
              </lines>
            </method>
            <method name="get_CodigoDeBarras" signature="()" line-rate="1" branch-rate="1" complexity="1">
              <lines>
                <line number="66" hits="6" branch="false" />
              </lines>
            </method>
            <method name="get_CodigoItem" signature="()" line-rate="1" branch-rate="1" complexity="1">
              <lines>
                <line number="67" hits="6" branch="false" />
              </lines>
            </method>
            <method name="get_CodigoNCM" signature="()" line-rate="1" branch-rate="1" complexity="1">
              <lines>
                <line number="68" hits="6" branch="false" />
              </lines>
            </method>
            <method name="get_CodigoServicoLinha" signature="()" line-rate="1" branch-rate="1" complexity="1">
              <lines>
                <line number="69" hits="6" branch="false" />
              </lines>
            </method>
            <method name="get_DescricaoItemLinhaDocumento" signature="()" line-rate="1" branch-rate="1" complexity="1">
              <lines>
                <line number="70" hits="6" branch="false" />
              </lines>
            </method>
            <method name="get_IdLocalDestino" signature="()" line-rate="1" branch-rate="1" complexity="1">
              <lines>
                <line number="71" hits="6" branch="false" />
              </lines>
            </method>
            <method name="get_ImpostoLinha" signature="()" line-rate="1" branch-rate="1" complexity="1">
              <lines>
                <line number="72" hits="57" branch="false" />
              </lines>
            </method>
            <method name="get_ImpostoRetidoLinha" signature="()" line-rate="1" branch-rate="1" complexity="1">
              <lines>
                <line number="73" hits="32" branch="false" />
              </lines>
            </method>
            <method name="get_DespesaAdicional" signature="()" line-rate="1" branch-rate="1" complexity="1">
              <lines>
                <line number="74" hits="20" branch="false" />
              </lines>
            </method>
            <method name="get_ItemLinhaDocumento" signature="()" line-rate="1" branch-rate="1" complexity="1">
              <lines>
                <line number="75" hits="6" branch="false" />
              </lines>
            </method>
            <method name="get_OrigICMS" signature="()" line-rate="1" branch-rate="1" complexity="1">
              <lines>
                <line number="76" hits="6" branch="false" />
              </lines>
            </method>
            <method name="get_ValorTotalDescontoLinha" signature="()" line-rate="1" branch-rate="1" complexity="1">
              <lines>
                <line number="77" hits="10" branch="false" />
              </lines>
            </method>
            <method name="get_PorcentagemIBPTLinha" signature="()" line-rate="1" branch-rate="1" complexity="1">
              <lines>
                <line number="78" hits="6" branch="false" />
              </lines>
            </method>
            <method name="get_QuantidadeLinha" signature="()" line-rate="1" branch-rate="1" complexity="1">
              <lines>
                <line number="79" hits="9" branch="false" />
              </lines>
            </method>
            <method name="get_SimOuNaoRetidoLinha" signature="()" line-rate="1" branch-rate="1" complexity="1">
              <lines>
                <line number="80" hits="6" branch="false" />
              </lines>
            </method>
            <method name="get_UnidadeComercial" signature="()" line-rate="1" branch-rate="1" complexity="1">
              <lines>
                <line number="81" hits="6" branch="false" />
              </lines>
            </method>
            <method name="get_ValorTotalLinnha" signature="()" line-rate="1" branch-rate="1" complexity="1">
              <lines>
                <line number="82" hits="8" branch="false" />
              </lines>
            </method>
            <method name="get_ValorUnitarioLinha" signature="()" line-rate="1" branch-rate="1" complexity="1">
              <lines>
                <line number="83" hits="9" branch="false" />
              </lines>
            </method>
            <method name="get_CodigoCFOP" signature="()" line-rate="1" branch-rate="1" complexity="1">
              <lines>
                <line number="84" hits="6" branch="false" />
              </lines>
            </method>
            <method name="get_cEnq" signature="()" line-rate="1" branch-rate="1" complexity="1">
              <lines>
                <line number="85" hits="6" branch="false" />
              </lines>
            </method>
            <method name="get_CodigoTributacaoMuncipio" signature="()" line-rate="1" branch-rate="1" complexity="1">
              <lines>
                <line number="86" hits="6" branch="false" />
              </lines>
            </method>
            <method name="get_ItemListaServico" signature="()" line-rate="1" branch-rate="1" complexity="1">
              <lines>
                <line number="87" hits="6" branch="false" />
              </lines>
            </method>
            <method name="get_MotivoDesoneracao" signature="()" line-rate="1" branch-rate="1" complexity="1">
              <lines>
                <line number="88" hits="6" branch="false" />
              </lines>
            </method>
            <method name="get_BaseEntry" signature="()" line-rate="0" branch-rate="1" complexity="1">
              <lines>
                <line number="90" hits="0" branch="false" />
              </lines>
            </method>
            <method name=".ctor" signature="()" line-rate="1" branch-rate="1" complexity="1">
              <lines>
                <line number="55" hits="20" branch="false" />
                <line number="56" hits="20" branch="false" />
                <line number="57" hits="20" branch="false" />
                <line number="58" hits="20" branch="false" />
                <line number="59" hits="20" branch="false" />
                <line number="60" hits="20" branch="false" />
              </lines>
            </method>
          </methods>
          <lines>
            <line number="55" hits="20" branch="false" />
            <line number="56" hits="20" branch="false" />
            <line number="57" hits="20" branch="false" />
            <line number="58" hits="20" branch="false" />
            <line number="59" hits="20" branch="false" />
            <line number="60" hits="20" branch="false" />
            <line number="61" hits="6" branch="false" />
            <line number="62" hits="6" branch="false" />
            <line number="63" hits="6" branch="false" />
            <line number="64" hits="6" branch="false" />
            <line number="65" hits="6" branch="false" />
            <line number="66" hits="6" branch="false" />
            <line number="67" hits="6" branch="false" />
            <line number="68" hits="6" branch="false" />
            <line number="69" hits="6" branch="false" />
            <line number="70" hits="6" branch="false" />
            <line number="71" hits="6" branch="false" />
            <line number="72" hits="57" branch="false" />
            <line number="73" hits="32" branch="false" />
            <line number="74" hits="20" branch="false" />
            <line number="75" hits="6" branch="false" />
            <line number="76" hits="6" branch="false" />
            <line number="77" hits="10" branch="false" />
            <line number="78" hits="6" branch="false" />
            <line number="79" hits="9" branch="false" />
            <line number="80" hits="6" branch="false" />
            <line number="81" hits="6" branch="false" />
            <line number="82" hits="8" branch="false" />
            <line number="83" hits="9" branch="false" />
            <line number="84" hits="6" branch="false" />
            <line number="85" hits="6" branch="false" />
            <line number="86" hits="6" branch="false" />
            <line number="87" hits="6" branch="false" />
            <line number="88" hits="6" branch="false" />
            <line number="90" hits="0" branch="false" />
          </lines>
        </class>
        <class name="B1Library.Documents.DespesaAdicional" filename="C:\Users\luisf\Desktop\Repositori B1 Dev\OrbitService\OrbitService\src\B1Library\Documents\Entities\Invoice.cs" line-rate="0" branch-rate="1" complexity="2">
          <methods>
            <method name="get_TipoDespesa" signature="()" line-rate="0" branch-rate="1" complexity="1">
              <lines>
                <line number="95" hits="0" branch="false" />
              </lines>
            </method>
            <method name="get_ValorUnitarioDespesa" signature="()" line-rate="0" branch-rate="1" complexity="1">
              <lines>
                <line number="96" hits="0" branch="false" />
              </lines>
            </method>
          </methods>
          <lines>
            <line number="95" hits="0" branch="false" />
            <line number="96" hits="0" branch="false" />
          </lines>
        </class>
        <class name="B1Library.Documents.DocumentStatus" filename="C:\Users\luisf\Desktop\Repositori B1 Dev\OrbitService\OrbitService\src\B1Library\Documents\Entities\DocumentStatus.cs" line-rate="0.8" branch-rate="0.25" complexity="16">
          <methods>
            <method name="get_IdOrbit" signature="()" line-rate="1" branch-rate="1" complexity="1">
              <lines>
                <line number="25" hits="5" branch="false" />
              </lines>
            </method>
            <method name="get_StatusOrbit" signature="()" line-rate="1" branch-rate="1" complexity="1">
              <lines>
                <line number="26" hits="4" branch="false" />
              </lines>
            </method>
            <method name="get_Descricao" signature="()" line-rate="1" branch-rate="1" complexity="1">
              <lines>
                <line number="27" hits="6" branch="false" />
              </lines>
            </method>
            <method name="get_ObjetoB1" signature="()" line-rate="1" branch-rate="1" complexity="1">
              <lines>
                <line number="28" hits="4" branch="false" />
              </lines>
            </method>
            <method name="get_DocEntry" signature="()" line-rate="1" branch-rate="1" complexity="1">
              <lines>
                <line number="29" hits="7" branch="false" />
              </lines>
            </method>
            <method name="get_CodigoStatusOrbitB1" signature="()" line-rate="1" branch-rate="1" complexity="1">
              <lines>
                <line number="30" hits="4" branch="false" />
              </lines>
            </method>
            <method name="get_Status" signature="()" line-rate="1" branch-rate="1" complexity="1">
              <lines>
                <line number="31" hits="11" branch="false" />
              </lines>
            </method>
            <method name="GetStatusMessage" signature="()" line-rate="0.538461538461538" branch-rate="0.25" complexity="8">
              <lines>
                <line number="45" hits="5" branch="false" />
                <line number="46" hits="5" branch="true" condition-coverage="25% (2/8)" />
                <line number="47" hits="5" branch="false" />
                <line number="48" hits="0" branch="false" />
                <line number="49" hits="0" branch="false" />
                <line number="50" hits="2" branch="false" />
                <line number="51" hits="0" branch="false" />
                <line number="52" hits="0" branch="false" />
                <line number="53" hits="0" branch="false" />
                <line number="54" hits="3" branch="false" />
                <line number="55" hits="0" branch="false" />
                <line number="56" hits="5" branch="false" />
                <line number="57" hits="5" branch="false" />
              </lines>
            </method>
            <method name=".ctor" signature="(...)" line-rate="1" branch-rate="1" complexity="1">
              <lines>
                <line number="33" hits="4" branch="false" />
                <line number="34" hits="4" branch="false" />
                <line number="35" hits="4" branch="false" />
                <line number="36" hits="4" branch="false" />
                <line number="37" hits="4" branch="false" />
                <line number="38" hits="4" branch="false" />
                <line number="39" hits="4" branch="false" />
                <line number="40" hits="4" branch="false" />
                <line number="41" hits="4" branch="false" />
                <line number="42" hits="4" branch="false" />
              </lines>
            </method>
          </methods>
          <lines>
            <line number="25" hits="5" branch="false" />
            <line number="26" hits="4" branch="false" />
            <line number="27" hits="6" branch="false" />
            <line number="28" hits="4" branch="false" />
            <line number="29" hits="7" branch="false" />
            <line number="30" hits="4" branch="false" />
            <line number="31" hits="11" branch="false" />
            <line number="33" hits="4" branch="false" />
            <line number="34" hits="4" branch="false" />
            <line number="35" hits="4" branch="false" />
            <line number="36" hits="4" branch="false" />
            <line number="37" hits="4" branch="false" />
            <line number="38" hits="4" branch="false" />
            <line number="39" hits="4" branch="false" />
            <line number="40" hits="4" branch="false" />
            <line number="41" hits="4" branch="false" />
            <line number="42" hits="4" branch="false" />
            <line number="45" hits="5" branch="false" />
            <line number="46" hits="5" branch="true" condition-coverage="25% (2/8)" />
            <line number="47" hits="5" branch="false" />
            <line number="48" hits="0" branch="false" />
            <line number="49" hits="0" branch="false" />
            <line number="50" hits="2" branch="false" />
            <line number="51" hits="0" branch="false" />
            <line number="52" hits="0" branch="false" />
            <line number="53" hits="0" branch="false" />
            <line number="54" hits="3" branch="false" />
            <line number="55" hits="0" branch="false" />
            <line number="56" hits="5" branch="false" />
            <line number="57" hits="5" branch="false" />
          </lines>
        </class>
        <class name="B1Library.Documents.Duplicata" filename="C:\Users\luisf\Desktop\Repositori B1 Dev\OrbitService\OrbitService\src\B1Library\Documents\Entities\Invoice.cs" line-rate="1" branch-rate="1" complexity="3">
          <methods>
            <method name="get_DataVencimento" signature="()" line-rate="1" branch-rate="1" complexity="1">
              <lines>
                <line number="101" hits="3" branch="false" />
              </lines>
            </method>
            <method name="get_NumeroDuplicata" signature="()" line-rate="1" branch-rate="1" complexity="1">
              <lines>
                <line number="102" hits="3" branch="false" />
              </lines>
            </method>
            <method name="get_ValorDuplicata" signature="()" line-rate="1" branch-rate="1" complexity="1">
              <lines>
                <line number="103" hits="3" branch="false" />
              </lines>
            </method>
          </methods>
          <lines>
            <line number="101" hits="3" branch="false" />
            <line number="102" hits="3" branch="false" />
            <line number="103" hits="3" branch="false" />
          </lines>
        </class>
        <class name="B1Library.Documents.Entities.SetupQueryB1" filename="C:\Users\luisf\Desktop\Repositori B1 Dev\OrbitService\OrbitService\src\B1Library\Documents\Entities\SetupQueryB1.cs" line-rate="1" branch-rate="1" complexity="1">
          <methods>
            <method name="VerifyIfFieldExists" signature="(...)" line-rate="1" branch-rate="1" complexity="1">
              <lines>
                <line number="10" hits="3" branch="false" />
                <line number="11" hits="3" branch="false" />
                <line number="12" hits="3" branch="false" />
              </lines>
            </method>
          </methods>
          <lines>
            <line number="10" hits="3" branch="false" />
            <line number="11" hits="3" branch="false" />
            <line number="12" hits="3" branch="false" />
          </lines>
        </class>
        <class name="B1Library.Documents.Filial" filename="C:\Users\luisf\Desktop\Repositori B1 Dev\OrbitService\OrbitService\src\B1Library\Documents\Entities\Invoice.cs" line-rate="1" branch-rate="1" complexity="19">
          <methods>
            <method name="get_AdressTypeFilial" signature="()" line-rate="1" branch-rate="1" complexity="1">
              <lines>
                <line number="139" hits="3" branch="false" />
              </lines>
            </method>
            <method name="get_BairroFilial" signature="()" line-rate="1" branch-rate="1" complexity="1">
              <lines>
                <line number="140" hits="3" branch="false" />
              </lines>
            </method>
            <method name="get_CEPFilial" signature="()" line-rate="1" branch-rate="1" complexity="1">
              <lines>
                <line number="141" hits="3" branch="false" />
              </lines>
            </method>
            <method name="get_CNPJFilial" signature="()" line-rate="1" branch-rate="1" complexity="1">
              <lines>
                <line number="142" hits="3" branch="false" />
              </lines>
            </method>
            <method name="get_CPFFilial" signature="()" line-rate="1" branch-rate="1" complexity="1">
              <lines>
                <line number="143" hits="3" branch="false" />
              </lines>
            </method>
            <method name="get_CidadeFilial" signature="()" line-rate="1" branch-rate="1" complexity="1">
              <lines>
                <line number="144" hits="3" branch="false" />
              </lines>
            </method>
            <method name="get_CodigoIBGEMunicipioFilial" signature="()" line-rate="1" branch-rate="1" complexity="1">
              <lines>
                <line number="145" hits="3" branch="false" />
              </lines>
            </method>
            <method name="get_CodigoPaisFilial" signature="()" line-rate="1" branch-rate="1" complexity="1">
              <lines>
                <line number="146" hits="3" branch="false" />
              </lines>
            </method>
            <method name="get_CodigoUFFilial" signature="()" line-rate="1" branch-rate="1" complexity="1">
              <lines>
                <line number="147" hits="3" branch="false" />
              </lines>
            </method>
            <method name="get_ComplementoFilial" signature="()" line-rate="1" branch-rate="1" complexity="1">
              <lines>
                <line number="148" hits="3" branch="false" />
              </lines>
            </method>
            <method name="get_InscIeFilial" signature="()" line-rate="1" branch-rate="1" complexity="1">
              <lines>
                <line number="149" hits="3" branch="false" />
              </lines>
            </method>
            <method name="get_LogradouroFilial" signature="()" line-rate="1" branch-rate="1" complexity="1">
              <lines>
                <line number="150" hits="3" branch="false" />
              </lines>
            </method>
            <method name="get_MunicipioFilial" signature="()" line-rate="1" branch-rate="1" complexity="1">
              <lines>
                <line number="151" hits="3" branch="false" />
              </lines>
            </method>
            <method name="get_NomePaisFilial" signature="()" line-rate="1" branch-rate="1" complexity="1">
              <lines>
                <line number="152" hits="3" branch="false" />
              </lines>
            </method>
            <method name="get_NumeroLogradouroFilial" signature="()" line-rate="1" branch-rate="1" complexity="1">
              <lines>
                <line number="153" hits="3" branch="false" />
              </lines>
            </method>
            <method name="get_RazaoSocialFilial" signature="()" line-rate="1" branch-rate="1" complexity="1">
              <lines>
                <line number="154" hits="3" branch="false" />
              </lines>
            </method>
            <method name="get_RegimeTributacaoFilial" signature="()" line-rate="1" branch-rate="1" complexity="1">
              <lines>
                <line number="155" hits="3" branch="false" />
              </lines>
            </method>
            <method name="get_UFFilial" signature="()" line-rate="1" branch-rate="1" complexity="1">
              <lines>
                <line number="156" hits="3" branch="false" />
              </lines>
            </method>
            <method name="get_IndicadorIEFilial" signature="()" line-rate="1" branch-rate="1" complexity="1">
              <lines>
                <line number="157" hits="3" branch="false" />
              </lines>
            </method>
          </methods>
          <lines>
            <line number="139" hits="3" branch="false" />
            <line number="140" hits="3" branch="false" />
            <line number="141" hits="3" branch="false" />
            <line number="142" hits="3" branch="false" />
            <line number="143" hits="3" branch="false" />
            <line number="144" hits="3" branch="false" />
            <line number="145" hits="3" branch="false" />
            <line number="146" hits="3" branch="false" />
            <line number="147" hits="3" branch="false" />
            <line number="148" hits="3" branch="false" />
            <line number="149" hits="3" branch="false" />
            <line number="150" hits="3" branch="false" />
            <line number="151" hits="3" branch="false" />
            <line number="152" hits="3" branch="false" />
            <line number="153" hits="3" branch="false" />
            <line number="154" hits="3" branch="false" />
            <line number="155" hits="3" branch="false" />
            <line number="156" hits="3" branch="false" />
            <line number="157" hits="3" branch="false" />
          </lines>
        </class>
        <class name="B1Library.Documents.Identificacao" filename="C:\Users\luisf\Desktop\Repositori B1 Dev\OrbitService\OrbitService\src\B1Library\Documents\Entities\Invoice.cs" line-rate="0.9" branch-rate="1" complexity="30">
          <methods>
            <method name="get_BranchId" signature="()" line-rate="1" branch-rate="1" complexity="1">
              <lines>
                <line number="162" hits="3" branch="false" />
              </lines>
            </method>
            <method name="get_CondicaoDePagamentoDocumento" signature="()" line-rate="1" branch-rate="1" complexity="1">
              <lines>
                <line number="163" hits="3" branch="false" />
              </lines>
            </method>
            <method name="get_ConsumidorFinal" signature="()" line-rate="1" branch-rate="1" complexity="1">
              <lines>
                <line number="164" hits="3" branch="false" />
              </lines>
            </method>
            <method name="get_DadosCobranca" signature="()" line-rate="1" branch-rate="1" complexity="1">
              <lines>
                <line number="165" hits="3" branch="false" />
              </lines>
            </method>
            <method name="get_DataEmissao" signature="()" line-rate="1" branch-rate="1" complexity="1">
              <lines>
                <line number="166" hits="7" branch="false" />
              </lines>
            </method>
            <method name="get_DataLancamento" signature="()" line-rate="1" branch-rate="1" complexity="1">
              <lines>
                <line number="167" hits="3" branch="false" />
              </lines>
            </method>
            <method name="get_DocTime" signature="()" line-rate="1" branch-rate="1" complexity="1">
              <lines>
                <line number="168" hits="5" branch="false" />
              </lines>
            </method>
            <method name="get_DocEntry" signature="()" line-rate="1" branch-rate="1" complexity="1">
              <lines>
                <line number="169" hits="3" branch="false" />
              </lines>
            </method>
            <method name="get_DocNum" signature="()" line-rate="1" branch-rate="1" complexity="1">
              <lines>
                <line number="170" hits="3" branch="false" />
              </lines>
            </method>
            <method name="get_DocumentoCancelado" signature="()" line-rate="1" branch-rate="1" complexity="1">
              <lines>
                <line number="171" hits="3" branch="false" />
              </lines>
            </method>
            <method name="get_FinalideDocumento" signature="()" line-rate="1" branch-rate="1" complexity="1">
              <lines>
                <line number="172" hits="3" branch="false" />
              </lines>
            </method>
            <method name="get_FormaDePagamentoDocumento" signature="()" line-rate="1" branch-rate="1" complexity="1">
              <lines>
                <line number="173" hits="3" branch="false" />
              </lines>
            </method>
            <method name="get_IdRetornoOrbit" signature="()" line-rate="1" branch-rate="1" complexity="1">
              <lines>
                <line number="174" hits="3" branch="false" />
              </lines>
            </method>
            <method name="get_IndicadorIntermediario" signature="()" line-rate="1" branch-rate="1" complexity="1">
              <lines>
                <line number="175" hits="3" branch="false" />
              </lines>
            </method>
            <method name="get_IndicadorPresenca" signature="()" line-rate="1" branch-rate="1" complexity="1">
              <lines>
                <line number="176" hits="3" branch="false" />
              </lines>
            </method>
            <method name="get_Key" signature="()" line-rate="1" branch-rate="1" complexity="1">
              <lines>
                <line number="177" hits="3" branch="false" />
              </lines>
            </method>
            <method name="get_NaturezaOperacaoDocumento" signature="()" line-rate="1" branch-rate="1" complexity="1">
              <lines>
                <line number="178" hits="3" branch="false" />
              </lines>
            </method>
            <method name="get_NumeroDocumento" signature="()" line-rate="1" branch-rate="1" complexity="1">
              <lines>
                <line number="179" hits="3" branch="false" />
              </lines>
            </method>
            <method name="get_OperacaoNFe" signature="()" line-rate="1" branch-rate="1" complexity="1">
              <lines>
                <line number="180" hits="3" branch="false" />
              </lines>
            </method>
            <method name="get_SerieDocumento" signature="()" line-rate="1" branch-rate="1" complexity="1">
              <lines>
                <line number="181" hits="3" branch="false" />
              </lines>
            </method>
            <method name="get_StatusOrbit" signature="()" line-rate="1" branch-rate="1" complexity="1">
              <lines>
                <line number="182" hits="3" branch="false" />
              </lines>
            </method>
            <method name="get_TipoOperacaoDocumento" signature="()" line-rate="1" branch-rate="1" complexity="1">
              <lines>
                <line number="183" hits="3" branch="false" />
              </lines>
            </method>
            <method name="get_TipoTributacaoNFSe" signature="()" line-rate="1" branch-rate="1" complexity="1">
              <lines>
                <line number="184" hits="3" branch="false" />
              </lines>
            </method>
            <method name="get_ValorTotalNF" signature="()" line-rate="1" branch-rate="1" complexity="1">
              <lines>
                <line number="185" hits="3" branch="false" />
              </lines>
            </method>
            <method name="get_Versao" signature="()" line-rate="1" branch-rate="1" complexity="1">
              <lines>
                <line number="186" hits="3" branch="false" />
              </lines>
            </method>
            <method name="get_NumeroProtocolo" signature="()" line-rate="1" branch-rate="1" complexity="1">
              <lines>
                <line number="187" hits="3" branch="false" />
              </lines>
            </method>
            <method name="get_IncentivadorCultural" signature="()" line-rate="1" branch-rate="1" complexity="1">
              <lines>
                <line number="188" hits="3" branch="false" />
              </lines>
            </method>
            <method name="get_Justificativa" signature="()" line-rate="0" branch-rate="1" complexity="1">
              <lines>
                <line number="189" hits="0" branch="false" />
              </lines>
            </method>
            <method name="get_ValorDesconto" signature="()" line-rate="0" branch-rate="1" complexity="1">
              <lines>
                <line number="190" hits="0" branch="false" />
              </lines>
            </method>
            <method name="get_ValorLiquido" signature="()" line-rate="0" branch-rate="1" complexity="1">
              <lines>
                <line number="191" hits="0" branch="false" />
              </lines>
            </method>
          </methods>
          <lines>
            <line number="162" hits="3" branch="false" />
            <line number="163" hits="3" branch="false" />
            <line number="164" hits="3" branch="false" />
            <line number="165" hits="3" branch="false" />
            <line number="166" hits="7" branch="false" />
            <line number="167" hits="3" branch="false" />
            <line number="168" hits="5" branch="false" />
            <line number="169" hits="3" branch="false" />
            <line number="170" hits="3" branch="false" />
            <line number="171" hits="3" branch="false" />
            <line number="172" hits="3" branch="false" />
            <line number="173" hits="3" branch="false" />
            <line number="174" hits="3" branch="false" />
            <line number="175" hits="3" branch="false" />
            <line number="176" hits="3" branch="false" />
            <line number="177" hits="3" branch="false" />
            <line number="178" hits="3" branch="false" />
            <line number="179" hits="3" branch="false" />
            <line number="180" hits="3" branch="false" />
            <line number="181" hits="3" branch="false" />
            <line number="182" hits="3" branch="false" />
            <line number="183" hits="3" branch="false" />
            <line number="184" hits="3" branch="false" />
            <line number="185" hits="3" branch="false" />
            <line number="186" hits="3" branch="false" />
            <line number="187" hits="3" branch="false" />
            <line number="188" hits="3" branch="false" />
            <line number="189" hits="0" branch="false" />
            <line number="190" hits="0" branch="false" />
            <line number="191" hits="0" branch="false" />
          </lines>
        </class>
        <class name="B1Library.Documents.ImpostoLinha" filename="C:\Users\luisf\Desktop\Repositori B1 Dev\OrbitService\OrbitService\src\B1Library\Documents\Entities\Invoice.cs" line-rate="1" branch-rate="1" complexity="9">
          <methods>
            <method name="get_NomeImposto" signature="()" line-rate="1" branch-rate="1" complexity="1">
              <lines>
                <line number="196" hits="37" branch="false" />
              </lines>
            </method>
            <method name="get_PorcentagemImposto" signature="()" line-rate="1" branch-rate="1" complexity="1">
              <lines>
                <line number="197" hits="27" branch="false" />
              </lines>
            </method>
            <method name="get_TipoImpostoOrbit" signature="()" line-rate="1" branch-rate="1" complexity="1">
              <lines>
                <line number="198" hits="48" branch="false" />
              </lines>
            </method>
            <method name="get_ValorBaseImposto" signature="()" line-rate="1" branch-rate="1" complexity="1">
              <lines>
                <line number="199" hits="31" branch="false" />
              </lines>
            </method>
            <method name="get_ValorImposto" signature="()" line-rate="1" branch-rate="1" complexity="1">
              <lines>
                <line number="200" hits="41" branch="false" />
              </lines>
            </method>
            <method name="get_SimOuNaoDesoneracao" signature="()" line-rate="1" branch-rate="1" complexity="1">
              <lines>
                <line number="201" hits="74" branch="false" />
              </lines>
            </method>
            <method name="get_MVast" signature="()" line-rate="1" branch-rate="1" complexity="1">
              <lines>
                <line number="202" hits="27" branch="false" />
              </lines>
            </method>
            <method name="get_AliquotaIntDestino" signature="()" line-rate="1" branch-rate="1" complexity="1">
              <lines>
                <line number="203" hits="27" branch="false" />
              </lines>
            </method>
            <method name="get_PartilhaInterestadual" signature="()" line-rate="1" branch-rate="1" complexity="1">
              <lines>
                <line number="204" hits="27" branch="false" />
              </lines>
            </method>
          </methods>
          <lines>
            <line number="196" hits="37" branch="false" />
            <line number="197" hits="27" branch="false" />
            <line number="198" hits="48" branch="false" />
            <line number="199" hits="31" branch="false" />
            <line number="200" hits="41" branch="false" />
            <line number="201" hits="74" branch="false" />
            <line number="202" hits="27" branch="false" />
            <line number="203" hits="27" branch="false" />
            <line number="204" hits="27" branch="false" />
          </lines>
        </class>
        <class name="B1Library.Documents.ImpostoRetidoLinha" filename="C:\Users\luisf\Desktop\Repositori B1 Dev\OrbitService\OrbitService\src\B1Library\Documents\Entities\Invoice.cs" line-rate="0" branch-rate="1" complexity="3">
          <methods>
            <method name="get_PorcentagemImpostoRetido" signature="()" line-rate="0" branch-rate="1" complexity="1">
              <lines>
                <line number="209" hits="0" branch="false" />
              </lines>
            </method>
            <method name="get_TipoImpostoOrbit" signature="()" line-rate="0" branch-rate="1" complexity="1">
              <lines>
                <line number="210" hits="0" branch="false" />
              </lines>
            </method>
            <method name="get_ValorImpostoRetido" signature="()" line-rate="0" branch-rate="1" complexity="1">
              <lines>
                <line number="211" hits="0" branch="false" />
              </lines>
            </method>
          </methods>
          <lines>
            <line number="209" hits="0" branch="false" />
            <line number="210" hits="0" branch="false" />
            <line number="211" hits="0" branch="false" />
          </lines>
        </class>
        <class name="B1Library.Documents.Invoice" filename="C:\Users\luisf\Desktop\Repositori B1 Dev\OrbitService\OrbitService\src\B1Library\Documents\Entities\Invoice.cs" line-rate="0.939393939393939" branch-rate="1" complexity="20">
          <methods>
            <method name="get_CabecalhoLinha" signature="()" line-rate="1" branch-rate="1" complexity="1">
              <lines>
                <line number="19" hits="37" branch="false" />
              </lines>
            </method>
            <method name="get_CargaFiscal" signature="()" line-rate="1" branch-rate="1" complexity="1">
              <lines>
                <line number="20" hits="3" branch="false" />
              </lines>
            </method>
            <method name="get_CodInt" signature="()" line-rate="1" branch-rate="1" complexity="1">
              <lines>
                <line number="21" hits="3" branch="false" />
              </lines>
            </method>
            <method name="get_Duplicata" signature="()" line-rate="1" branch-rate="1" complexity="1">
              <lines>
                <line number="22" hits="21" branch="false" />
              </lines>
            </method>
            <method name="get_Parceiro" signature="()" line-rate="1" branch-rate="1" complexity="1">
              <lines>
                <line number="23" hits="21" branch="false" />
              </lines>
            </method>
            <method name="get_DocEntry" signature="()" line-rate="1" branch-rate="1" complexity="1">
              <lines>
                <line number="24" hits="3" branch="false" />
              </lines>
            </method>
            <method name="get_Filial" signature="()" line-rate="1" branch-rate="1" complexity="1">
              <lines>
                <line number="25" hits="21" branch="false" />
              </lines>
            </method>
            <method name="get_Identificacao" signature="()" line-rate="1" branch-rate="1" complexity="1">
              <lines>
                <line number="26" hits="21" branch="false" />
              </lines>
            </method>
            <method name="get_ModeloDocumento" signature="()" line-rate="1" branch-rate="1" complexity="1">
              <lines>
                <line number="27" hits="3" branch="false" />
              </lines>
            </method>
            <method name="get_TipoDocumento" signature="()" line-rate="0" branch-rate="1" complexity="1">
              <lines>
                <line number="28" hits="0" branch="false" />
              </lines>
            </method>
            <method name="get_TipoNF" signature="()" line-rate="0" branch-rate="1" complexity="1">
              <lines>
                <line number="29" hits="0" branch="false" />
              </lines>
            </method>
            <method name="get_CANCELED" signature="()" line-rate="1" branch-rate="1" complexity="1">
              <lines>
                <line number="31" hits="3" branch="false" />
              </lines>
            </method>
            <method name="get_ObjetoB1" signature="()" line-rate="1" branch-rate="1" complexity="1">
              <lines>
                <line number="32" hits="3" branch="false" />
              </lines>
            </method>
            <method name="AddItemLine" signature="(...)" line-rate="1" branch-rate="1" complexity="6">
              <lines>
                <line number="35" hits="12" branch="false" />
                <line number="36" hits="12" branch="true" condition-coverage="100% (2/2)" />
                <line number="37" hits="1" branch="false" />
                <line number="38" hits="1" branch="false" />
                <line number="40" hits="11" branch="true" condition-coverage="100% (2/2)" />
                <line number="41" hits="1" branch="false" />
                <line number="42" hits="1" branch="false" />
                <line number="44" hits="10" branch="true" condition-coverage="100% (2/2)" />
                <line number="45" hits="1" branch="false" />
                <line number="46" hits="1" branch="false" />
                <line number="48" hits="9" branch="false" />
                <line number="49" hits="9" branch="false" />
              </lines>
            </method>
            <method name=".ctor" signature="()" line-rate="1" branch-rate="1" complexity="1">
              <lines>
                <line number="11" hits="17" branch="false" />
                <line number="12" hits="17" branch="false" />
                <line number="13" hits="17" branch="false" />
                <line number="14" hits="17" branch="false" />
                <line number="15" hits="17" branch="false" />
                <line number="16" hits="17" branch="false" />
                <line number="17" hits="17" branch="false" />
                <line number="18" hits="17" branch="false" />
              </lines>
            </method>
          </methods>
          <lines>
            <line number="11" hits="17" branch="false" />
            <line number="12" hits="17" branch="false" />
            <line number="13" hits="17" branch="false" />
            <line number="14" hits="17" branch="false" />
            <line number="15" hits="17" branch="false" />
            <line number="16" hits="17" branch="false" />
            <line number="17" hits="17" branch="false" />
            <line number="18" hits="17" branch="false" />
            <line number="19" hits="37" branch="false" />
            <line number="20" hits="3" branch="false" />
            <line number="21" hits="3" branch="false" />
            <line number="22" hits="21" branch="false" />
            <line number="23" hits="21" branch="false" />
            <line number="24" hits="3" branch="false" />
            <line number="25" hits="21" branch="false" />
            <line number="26" hits="21" branch="false" />
            <line number="27" hits="3" branch="false" />
            <line number="28" hits="0" branch="false" />
            <line number="29" hits="0" branch="false" />
            <line number="31" hits="3" branch="false" />
            <line number="32" hits="3" branch="false" />
            <line number="35" hits="12" branch="false" />
            <line number="36" hits="12" branch="true" condition-coverage="100% (2/2)" />
            <line number="37" hits="1" branch="false" />
            <line number="38" hits="1" branch="false" />
            <line number="40" hits="11" branch="true" condition-coverage="100% (2/2)" />
            <line number="41" hits="1" branch="false" />
            <line number="42" hits="1" branch="false" />
            <line number="44" hits="10" branch="true" condition-coverage="100% (2/2)" />
            <line number="45" hits="1" branch="false" />
            <line number="46" hits="1" branch="false" />
            <line number="48" hits="9" branch="false" />
            <line number="49" hits="9" branch="false" />
          </lines>
        </class>
        <class name="B1Library.Documents.Parceiro" filename="C:\Users\luisf\Desktop\Repositori B1 Dev\OrbitService\OrbitService\src\B1Library\Documents\Entities\Invoice.cs" line-rate="1" branch-rate="1" complexity="24">
          <methods>
            <method name="get_BairroParceiro" signature="()" line-rate="1" branch-rate="1" complexity="1">
              <lines>
                <line number="109" hits="3" branch="false" />
              </lines>
            </method>
            <method name="get_CEPParceiro" signature="()" line-rate="1" branch-rate="1" complexity="1">
              <lines>
                <line number="110" hits="3" branch="false" />
              </lines>
            </method>
            <method name="get_CidadeParceiro" signature="()" line-rate="1" branch-rate="1" complexity="1">
              <lines>
                <line number="111" hits="3" branch="false" />
              </lines>
            </method>
            <method name="get_CnpjParceiro" signature="()" line-rate="1" branch-rate="1" complexity="1">
              <lines>
                <line number="112" hits="3" branch="false" />
              </lines>
            </method>
            <method name="get_CodigoParceiro" signature="()" line-rate="1" branch-rate="1" complexity="1">
              <lines>
                <line number="113" hits="3" branch="false" />
              </lines>
            </method>
            <method name="get_CodigoIBGEMunicipioParceiro" signature="()" line-rate="1" branch-rate="1" complexity="1">
              <lines>
                <line number="114" hits="3" branch="false" />
              </lines>
            </method>
            <method name="get_CodigoPaisParceiro" signature="()" line-rate="1" branch-rate="1" complexity="1">
              <lines>
                <line number="115" hits="3" branch="false" />
              </lines>
            </method>
            <method name="get_CodigoUFParceiro" signature="()" line-rate="1" branch-rate="1" complexity="1">
              <lines>
                <line number="116" hits="3" branch="false" />
              </lines>
            </method>
            <method name="get_ComplementoParceiro" signature="()" line-rate="1" branch-rate="1" complexity="1">
              <lines>
                <line number="117" hits="3" branch="false" />
              </lines>
            </method>
            <method name="get_CpfParceiro" signature="()" line-rate="1" branch-rate="1" complexity="1">
              <lines>
                <line number="118" hits="3" branch="false" />
              </lines>
            </method>
            <method name="get_EmailParceiro" signature="()" line-rate="1" branch-rate="1" complexity="1">
              <lines>
                <line number="119" hits="3" branch="false" />
              </lines>
            </method>
            <method name="get_EnderecoParceiro" signature="()" line-rate="1" branch-rate="1" complexity="1">
              <lines>
                <line number="120" hits="3" branch="false" />
              </lines>
            </method>
            <method name="get_FoneParceiro" signature="()" line-rate="1" branch-rate="1" complexity="1">
              <lines>
                <line number="121" hits="3" branch="false" />
              </lines>
            </method>
            <method name="get_IndicadorIEParceiro" signature="()" line-rate="1" branch-rate="1" complexity="1">
              <lines>
                <line number="122" hits="3" branch="false" />
              </lines>
            </method>
            <method name="get_InscIeParceiro" signature="()" line-rate="1" branch-rate="1" complexity="1">
              <lines>
                <line number="123" hits="3" branch="false" />
              </lines>
            </method>
            <method name="get_InscMunParceiro" signature="()" line-rate="1" branch-rate="1" complexity="1">
              <lines>
                <line number="124" hits="3" branch="false" />
              </lines>
            </method>
            <method name="get_LogradouroParceiro" signature="()" line-rate="1" branch-rate="1" complexity="1">
              <lines>
                <line number="125" hits="3" branch="false" />
              </lines>
            </method>
            <method name="get_MunicipioParceiro" signature="()" line-rate="1" branch-rate="1" complexity="1">
              <lines>
                <line number="126" hits="3" branch="false" />
              </lines>
            </method>
            <method name="get_NomePaisParceiro" signature="()" line-rate="1" branch-rate="1" complexity="1">
              <lines>
                <line number="127" hits="3" branch="false" />
              </lines>
            </method>
            <method name="get_NumeroLogradouroParceiro" signature="()" line-rate="1" branch-rate="1" complexity="1">
              <lines>
                <line number="128" hits="3" branch="false" />
              </lines>
            </method>
            <method name="get_RazaoSocialParceiro" signature="()" line-rate="1" branch-rate="1" complexity="1">
              <lines>
                <line number="129" hits="3" branch="false" />
              </lines>
            </method>
            <method name="get_TipoLogradouroParceiro" signature="()" line-rate="1" branch-rate="1" complexity="1">
              <lines>
                <line number="130" hits="3" branch="false" />
              </lines>
            </method>
            <method name="get_UFParceiro" signature="()" line-rate="1" branch-rate="1" complexity="1">
              <lines>
                <line number="131" hits="3" branch="false" />
              </lines>
            </method>
            <method name="get_ModalidadeFrete" signature="()" line-rate="1" branch-rate="1" complexity="1">
              <lines>
                <line number="132" hits="3" branch="false" />
              </lines>
            </method>
          </methods>
          <lines>
            <line number="109" hits="3" branch="false" />
            <line number="110" hits="3" branch="false" />
            <line number="111" hits="3" branch="false" />
            <line number="112" hits="3" branch="false" />
            <line number="113" hits="3" branch="false" />
            <line number="114" hits="3" branch="false" />
            <line number="115" hits="3" branch="false" />
            <line number="116" hits="3" branch="false" />
            <line number="117" hits="3" branch="false" />
            <line number="118" hits="3" branch="false" />
            <line number="119" hits="3" branch="false" />
            <line number="120" hits="3" branch="false" />
            <line number="121" hits="3" branch="false" />
            <line number="122" hits="3" branch="false" />
            <line number="123" hits="3" branch="false" />
            <line number="124" hits="3" branch="false" />
            <line number="125" hits="3" branch="false" />
            <line number="126" hits="3" branch="false" />
            <line number="127" hits="3" branch="false" />
            <line number="128" hits="3" branch="false" />
            <line number="129" hits="3" branch="false" />
            <line number="130" hits="3" branch="false" />
            <line number="131" hits="3" branch="false" />
            <line number="132" hits="3" branch="false" />
          </lines>
        </class>
        <class name="B1Library.Documents.Repositories.QueryViewsB1" filename="C:\Users\luisf\Desktop\Repositori B1 Dev\OrbitService\OrbitService\src\B1Library\Documents\Repositories\QueryViewsB1.cs" line-rate="0.443661971830986" branch-rate="0.5" complexity="61">
          <methods>
            <method name="get_codigoIntegracaoOrbit" signature="()" line-rate="1" branch-rate="1" complexity="1">
              <lines>
                <line number="10" hits="47" branch="false" />
              </lines>
            </method>
            <method name="get_invoiceCANCELED" signature="()" line-rate="1" branch-rate="1" complexity="1">
              <lines>
                <line number="11" hits="59" branch="false" />
              </lines>
            </method>
            <method name="ReturnQueryB1InboundOtherDocuments" signature="(...)" line-rate="0.928571428571429" branch-rate="1" complexity="8">
              <lines>
                <line number="17" hits="87" branch="false" />
                <line number="18" hits="87" branch="false" />
                <line number="19" hits="87" branch="true" condition-coverage="100% (8/8)" />
                <line number="22" hits="21" branch="false" />
                <line number="23" hits="21" branch="false" />
                <line number="25" hits="21" branch="false" />
                <line number="26" hits="21" branch="false" />
                <line number="28" hits="22" branch="false" />
                <line number="29" hits="22" branch="false" />
                <line number="31" hits="23" branch="false" />
                <line number="32" hits="23" branch="false" />
                <line number="34" hits="0" branch="false" />
                <line number="36" hits="87" branch="false" />
                <line number="37" hits="87" branch="false" />
              </lines>
            </method>
            <method name="ReturnQueryB1InboundCTe" signature="(...)" line-rate="0" branch-rate="0" complexity="2">
              <lines>
                <line number="39" hits="0" branch="false" />
                <line number="40" hits="0" branch="false" />
                <line number="41" hits="0" branch="true" condition-coverage="0% (0/2)" />
                <line number="44" hits="0" branch="false" />
                <line number="45" hits="0" branch="false" />
                <line number="46" hits="0" branch="false" />
                <line number="47" hits="0" branch="false" />
                <line number="48" hits="0" branch="false" />
                <line number="50" hits="0" branch="false" />
                <line number="52" hits="0" branch="false" />
                <line number="53" hits="0" branch="false" />
              </lines>
            </method>
            <method name="ReturnQueryB1InboundNFe" signature="(...)" line-rate="0" branch-rate="0" complexity="2">
              <lines>
                <line number="55" hits="0" branch="false" />
                <line number="56" hits="0" branch="false" />
                <line number="57" hits="0" branch="true" condition-coverage="0% (0/2)" />
                <line number="60" hits="0" branch="false" />
                <line number="61" hits="0" branch="false" />
                <line number="62" hits="0" branch="false" />
                <line number="63" hits="0" branch="false" />
                <line number="64" hits="0" branch="false" />
                <line number="66" hits="0" branch="false" />
                <line number="68" hits="0" branch="false" />
                <line number="69" hits="0" branch="false" />
              </lines>
            </method>
            <method name="ReturnQueryB1InboundNFSe" signature="(...)" line-rate="0" branch-rate="0" complexity="2">
              <lines>
                <line number="71" hits="0" branch="false" />
                <line number="72" hits="0" branch="false" />
                <line number="73" hits="0" branch="true" condition-coverage="0% (0/2)" />
                <line number="76" hits="0" branch="false" />
                <line number="77" hits="0" branch="false" />
                <line number="78" hits="0" branch="false" />
                <line number="79" hits="0" branch="false" />
                <line number="80" hits="0" branch="false" />
                <line number="82" hits="0" branch="false" />
                <line number="84" hits="0" branch="false" />
                <line number="85" hits="0" branch="false" />
              </lines>
            </method>
            <method name="ReturnQueryB1OutboundNFe" signature="(...)" line-rate="0.294117647058824" branch-rate="0.447368421052632" complexity="38">
              <lines>
                <line number="87" hits="32" branch="false" />
                <line number="88" hits="32" branch="false" />
                <line number="89" hits="32" branch="true" condition-coverage="45% (17/38)" />
                <line number="92" hits="32" branch="false" />
                <line number="94" hits="32" branch="false" />
                <line number="95" hits="32" branch="false" />
                <line number="96" hits="32" branch="false" />
                <line number="97" hits="32" branch="false" />
                <line number="98" hits="32" branch="false" />
                <line number="99" hits="32" branch="false" />
                <line number="100" hits="32" branch="false" />
                <line number="101" hits="32" branch="false" />
                <line number="102" hits="32" branch="false" />
                <line number="104" hits="0" branch="false" />
                <line number="105" hits="0" branch="false" />
                <line number="106" hits="0" branch="false" />
                <line number="107" hits="0" branch="false" />
                <line number="108" hits="0" branch="false" />
                <line number="110" hits="0" branch="false" />
                <line number="111" hits="0" branch="false" />
                <line number="112" hits="0" branch="false" />
                <line number="113" hits="0" branch="false" />
                <line number="114" hits="0" branch="false" />
                <line number="116" hits="0" branch="false" />
                <line number="117" hits="0" branch="false" />
                <line number="118" hits="0" branch="false" />
                <line number="119" hits="0" branch="false" />
                <line number="120" hits="0" branch="false" />
                <line number="122" hits="0" branch="false" />
                <line number="123" hits="0" branch="false" />
                <line number="124" hits="0" branch="false" />
                <line number="125" hits="0" branch="false" />
                <line number="126" hits="0" branch="false" />
                <line number="128" hits="0" branch="false" />
                <line number="129" hits="0" branch="false" />
                <line number="130" hits="0" branch="false" />
                <line number="131" hits="0" branch="false" />
                <line number="132" hits="0" branch="false" />
                <line number="134" hits="0" branch="false" />
                <line number="135" hits="0" branch="false" />
                <line number="136" hits="0" branch="false" />
                <line number="137" hits="0" branch="false" />
                <line number="138" hits="0" branch="false" />
                <line number="140" hits="0" branch="false" />
                <line number="141" hits="0" branch="false" />
                <line number="142" hits="0" branch="false" />
                <line number="143" hits="0" branch="false" />
                <line number="144" hits="0" branch="false" />
                <line number="146" hits="0" branch="false" />
                <line number="148" hits="32" branch="false" />
                <line number="149" hits="32" branch="false" />
              </lines>
            </method>
            <method name="ReturnQueryB1OutboundNFSe" signature="(...)" line-rate="0.9375" branch-rate="1" complexity="2">
              <lines>
                <line number="151" hits="7" branch="false" />
                <line number="152" hits="7" branch="false" />
                <line number="153" hits="7" branch="true" condition-coverage="100% (2/2)" />
                <line number="156" hits="7" branch="false" />
                <line number="158" hits="7" branch="false" />
                <line number="159" hits="7" branch="false" />
                <line number="160" hits="7" branch="false" />
                <line number="161" hits="7" branch="false" />
                <line number="162" hits="7" branch="false" />
                <line number="163" hits="7" branch="false" />
                <line number="164" hits="7" branch="false" />
                <line number="165" hits="7" branch="false" />
                <line number="166" hits="7" branch="false" />
                <line number="168" hits="0" branch="false" />
                <line number="170" hits="7" branch="false" />
                <line number="171" hits="7" branch="false" />
              </lines>
            </method>
            <method name="ReturnQueryB1OutboundNFSeToInutil" signature="(...)" line-rate="0.933333333333333" branch-rate="1" complexity="2">
              <lines>
                <line number="174" hits="9" branch="false" />
                <line number="175" hits="9" branch="false" />
                <line number="176" hits="9" branch="true" condition-coverage="100% (2/2)" />
                <line number="179" hits="9" branch="false" />
                <line number="181" hits="9" branch="false" />
                <line number="182" hits="9" branch="false" />
                <line number="183" hits="9" branch="false" />
                <line number="184" hits="9" branch="false" />
                <line number="185" hits="9" branch="false" />
                <line number="186" hits="9" branch="false" />
                <line number="187" hits="9" branch="false" />
                <line number="188" hits="9" branch="false" />
                <line number="190" hits="0" branch="false" />
                <line number="192" hits="9" branch="false" />
                <line number="193" hits="9" branch="false" />
              </lines>
            </method>
            <method name="ReturnQueryB1OutboundNFSeToCancel" signature="(...)" line-rate="0" branch-rate="0" complexity="2">
              <lines>
                <line number="196" hits="0" branch="false" />
                <line number="197" hits="0" branch="false" />
                <line number="198" hits="0" branch="true" condition-coverage="0% (0/2)" />
                <line number="201" hits="0" branch="false" />
                <line number="203" hits="0" branch="false" />
                <line number="205" hits="0" branch="false" />
                <line number="206" hits="0" branch="false" />
              </lines>
            </method>
            <method name=".ctor" signature="()" line-rate="1" branch-rate="1" complexity="1">
              <lines>
                <line number="12" hits="14" branch="false" />
                <line number="13" hits="14" branch="false" />
                <line number="14" hits="14" branch="false" />
                <line number="15" hits="14" branch="false" />
              </lines>
            </method>
          </methods>
          <lines>
            <line number="10" hits="47" branch="false" />
            <line number="11" hits="59" branch="false" />
            <line number="12" hits="14" branch="false" />
            <line number="13" hits="14" branch="false" />
            <line number="14" hits="14" branch="false" />
            <line number="15" hits="14" branch="false" />
            <line number="17" hits="87" branch="false" />
            <line number="18" hits="87" branch="false" />
            <line number="19" hits="87" branch="true" condition-coverage="100% (8/8)" />
            <line number="22" hits="21" branch="false" />
            <line number="23" hits="21" branch="false" />
            <line number="25" hits="21" branch="false" />
            <line number="26" hits="21" branch="false" />
            <line number="28" hits="22" branch="false" />
            <line number="29" hits="22" branch="false" />
            <line number="31" hits="23" branch="false" />
            <line number="32" hits="23" branch="false" />
            <line number="34" hits="0" branch="false" />
            <line number="36" hits="87" branch="false" />
            <line number="37" hits="87" branch="false" />
            <line number="39" hits="0" branch="false" />
            <line number="40" hits="0" branch="false" />
            <line number="41" hits="0" branch="true" condition-coverage="0% (0/2)" />
            <line number="44" hits="0" branch="false" />
            <line number="45" hits="0" branch="false" />
            <line number="46" hits="0" branch="false" />
            <line number="47" hits="0" branch="false" />
            <line number="48" hits="0" branch="false" />
            <line number="50" hits="0" branch="false" />
            <line number="52" hits="0" branch="false" />
            <line number="53" hits="0" branch="false" />
            <line number="55" hits="0" branch="false" />
            <line number="56" hits="0" branch="false" />
            <line number="57" hits="0" branch="true" condition-coverage="0% (0/2)" />
            <line number="60" hits="0" branch="false" />
            <line number="61" hits="0" branch="false" />
            <line number="62" hits="0" branch="false" />
            <line number="63" hits="0" branch="false" />
            <line number="64" hits="0" branch="false" />
            <line number="66" hits="0" branch="false" />
            <line number="68" hits="0" branch="false" />
            <line number="69" hits="0" branch="false" />
            <line number="71" hits="0" branch="false" />
            <line number="72" hits="0" branch="false" />
            <line number="73" hits="0" branch="true" condition-coverage="0% (0/2)" />
            <line number="76" hits="0" branch="false" />
            <line number="77" hits="0" branch="false" />
            <line number="78" hits="0" branch="false" />
            <line number="79" hits="0" branch="false" />
            <line number="80" hits="0" branch="false" />
            <line number="82" hits="0" branch="false" />
            <line number="84" hits="0" branch="false" />
            <line number="85" hits="0" branch="false" />
            <line number="87" hits="32" branch="false" />
            <line number="88" hits="32" branch="false" />
            <line number="89" hits="32" branch="true" condition-coverage="45% (17/38)" />
            <line number="92" hits="32" branch="false" />
            <line number="94" hits="32" branch="false" />
            <line number="95" hits="32" branch="false" />
            <line number="96" hits="32" branch="false" />
            <line number="97" hits="32" branch="false" />
            <line number="98" hits="32" branch="false" />
            <line number="99" hits="32" branch="false" />
            <line number="100" hits="32" branch="false" />
            <line number="101" hits="32" branch="false" />
            <line number="102" hits="32" branch="false" />
            <line number="104" hits="0" branch="false" />
            <line number="105" hits="0" branch="false" />
            <line number="106" hits="0" branch="false" />
            <line number="107" hits="0" branch="false" />
            <line number="108" hits="0" branch="false" />
            <line number="110" hits="0" branch="false" />
            <line number="111" hits="0" branch="false" />
            <line number="112" hits="0" branch="false" />
            <line number="113" hits="0" branch="false" />
            <line number="114" hits="0" branch="false" />
            <line number="116" hits="0" branch="false" />
            <line number="117" hits="0" branch="false" />
            <line number="118" hits="0" branch="false" />
            <line number="119" hits="0" branch="false" />
            <line number="120" hits="0" branch="false" />
            <line number="122" hits="0" branch="false" />
            <line number="123" hits="0" branch="false" />
            <line number="124" hits="0" branch="false" />
            <line number="125" hits="0" branch="false" />
            <line number="126" hits="0" branch="false" />
            <line number="128" hits="0" branch="false" />
            <line number="129" hits="0" branch="false" />
            <line number="130" hits="0" branch="false" />
            <line number="131" hits="0" branch="false" />
            <line number="132" hits="0" branch="false" />
            <line number="134" hits="0" branch="false" />
            <line number="135" hits="0" branch="false" />
            <line number="136" hits="0" branch="false" />
            <line number="137" hits="0" branch="false" />
            <line number="138" hits="0" branch="false" />
            <line number="140" hits="0" branch="false" />
            <line number="141" hits="0" branch="false" />
            <line number="142" hits="0" branch="false" />
            <line number="143" hits="0" branch="false" />
            <line number="144" hits="0" branch="false" />
            <line number="146" hits="0" branch="false" />
            <line number="148" hits="32" branch="false" />
            <line number="149" hits="32" branch="false" />
            <line number="151" hits="7" branch="false" />
            <line number="152" hits="7" branch="false" />
            <line number="153" hits="7" branch="true" condition-coverage="100% (2/2)" />
            <line number="156" hits="7" branch="false" />
            <line number="158" hits="7" branch="false" />
            <line number="159" hits="7" branch="false" />
            <line number="160" hits="7" branch="false" />
            <line number="161" hits="7" branch="false" />
            <line number="162" hits="7" branch="false" />
            <line number="163" hits="7" branch="false" />
            <line number="164" hits="7" branch="false" />
            <line number="165" hits="7" branch="false" />
            <line number="166" hits="7" branch="false" />
            <line number="168" hits="0" branch="false" />
            <line number="170" hits="7" branch="false" />
            <line number="171" hits="7" branch="false" />
            <line number="174" hits="9" branch="false" />
            <line number="175" hits="9" branch="false" />
            <line number="176" hits="9" branch="true" condition-coverage="100% (2/2)" />
            <line number="179" hits="9" branch="false" />
            <line number="181" hits="9" branch="false" />
            <line number="182" hits="9" branch="false" />
            <line number="183" hits="9" branch="false" />
            <line number="184" hits="9" branch="false" />
            <line number="185" hits="9" branch="false" />
            <line number="186" hits="9" branch="false" />
            <line number="187" hits="9" branch="false" />
            <line number="188" hits="9" branch="false" />
            <line number="190" hits="0" branch="false" />
            <line number="192" hits="9" branch="false" />
            <line number="193" hits="9" branch="false" />
            <line number="196" hits="0" branch="false" />
            <line number="197" hits="0" branch="false" />
            <line number="198" hits="0" branch="true" condition-coverage="0% (0/2)" />
            <line number="201" hits="0" branch="false" />
            <line number="203" hits="0" branch="false" />
            <line number="205" hits="0" branch="false" />
            <line number="206" hits="0" branch="false" />
          </lines>
        </class>
        <class name="B1Library.Implementations.Repositories.DBDocumentsRepository" filename="C:\Users\luisf\Desktop\Repositori B1 Dev\OrbitService\OrbitService\src\B1Library\Implementations\Repositories\DBDocumentsRepository.cs" line-rate="0.579439252336449" branch-rate="0.590909090909091" complexity="27">
          <methods>
            <method name="get_DataBaseName" signature="()" line-rate="1" branch-rate="1" complexity="1">
              <lines>
                <line number="23" hits="64" branch="false" />
              </lines>
            </method>
            <method name="GetInboundOtherDocuments" signature="()" line-rate="1" branch-rate="1" complexity="8">
              <lines>
                <line number="38" hits="2" branch="false" />
                <line number="39" hits="2" branch="false" />
                <line number="42" hits="2" branch="true" condition-coverage="100% (2/2)" />
                <line number="43" hits="2" branch="false" />
                <line number="44" hits="2" branch="false" />
                <line number="45" hits="1" branch="false" />
                <line number="47" hits="1" branch="true" condition-coverage="100% (2/2)" />
                <line number="48" hits="1" branch="false" />
                <line number="49" hits="1" branch="false" />
                <line number="50" hits="1" branch="false" />
                <line number="52" hits="1" branch="true" condition-coverage="100% (2/2)" />
                <line number="53" hits="1" branch="false" />
                <line number="54" hits="1" branch="false" />
                <line number="55" hits="1" branch="false" />
                <line number="57" hits="1" branch="true" condition-coverage="100% (2/2)" />
                <line number="58" hits="1" branch="false" />
                <line number="59" hits="1" branch="false" />
                <line number="60" hits="1" branch="false" />
                <line number="61" hits="1" branch="false" />
                <line number="62" hits="1" branch="false" />
              </lines>
            </method>
            <method name="GetInboundCTe" signature="()" line-rate="0" branch-rate="1" complexity="1">
              <lines>
                <line number="65" hits="0" branch="false" />
                <line number="66" hits="0" branch="false" />
                <line number="67" hits="0" branch="false" />
                <line number="68" hits="0" branch="false" />
              </lines>
            </method>
            <method name="GetInboundNFe" signature="()" line-rate="0" branch-rate="0" complexity="2">
              <lines>
                <line number="71" hits="0" branch="false" />
                <line number="72" hits="0" branch="false" />
                <line number="74" hits="0" branch="true" condition-coverage="0% (0/2)" />
                <line number="75" hits="0" branch="false" />
                <line number="76" hits="0" branch="false" />
                <line number="77" hits="0" branch="false" />
                <line number="80" hits="0" branch="false" />
                <line number="81" hits="0" branch="false" />
                <line number="83" hits="0" branch="false" />
              </lines>
            </method>
            <method name="GetInboundNFSe" signature="()" line-rate="0" branch-rate="0" complexity="2">
              <lines>
                <line number="86" hits="0" branch="false" />
                <line number="87" hits="0" branch="false" />
                <line number="90" hits="0" branch="true" condition-coverage="0% (0/2)" />
                <line number="91" hits="0" branch="false" />
                <line number="92" hits="0" branch="false" />
                <line number="93" hits="0" branch="false" />
                <line number="96" hits="0" branch="false" />
                <line number="97" hits="0" branch="false" />
                <line number="99" hits="0" branch="false" />
              </lines>
            </method>
            <method name="GetOutboundNFe" signature="()" line-rate="0.818181818181818" branch-rate="0.5" complexity="2">
              <lines>
                <line number="101" hits="1" branch="false" />
                <line number="102" hits="1" branch="false" />
                <line number="104" hits="1" branch="true" condition-coverage="50% (1/2)" />
                <line number="105" hits="1" branch="false" />
                <line number="106" hits="1" branch="false" />
                <line number="107" hits="1" branch="false" />
                <line number="108" hits="1" branch="false" />
                <line number="109" hits="1" branch="false" />
                <line number="112" hits="0" branch="false" />
                <line number="113" hits="0" branch="false" />
                <line number="115" hits="1" branch="false" />
              </lines>
            </method>
            <method name="GetCancelOutboundNFe" signature="()" line-rate="0.636363636363636" branch-rate="0.5" complexity="2">
              <lines>
                <line number="118" hits="1" branch="false" />
                <line number="119" hits="1" branch="false" />
                <line number="121" hits="1" branch="true" condition-coverage="50% (1/2)" />
                <line number="122" hits="1" branch="false" />
                <line number="123" hits="1" branch="false" />
[...]
            <line number="350" hits="1" branch="false" />
            <line number="351" hits="1" branch="false" />
            <line number="352" hits="1" branch="false" />
            <line number="353" hits="1" branch="false" />
            <line number="355" hits="1" branch="false" />
            <line number="356" hits="1" branch="false" />
            <line number="357" hits="1" branch="false" />
          </lines>
        </class>
        <class name="B1Library_Tests.Utilities.UtilTest" filename="C:\Users\luisf\Desktop\Repositori B1 Dev\OrbitService\OrbitService\test\B1Library-Test\Utilities\UtilTest.cs" line-rate="1" branch-rate="1" complexity="12">
          <methods>
            <method name="ShouldReturnTaxNameSum" signature="()" line-rate="1" branch-rate="1" complexity="1">
              <lines>
                <line number="22" hits="1" branch="false" />
                <line number="23" hits="1" branch="false" />
                <line number="24" hits="1" branch="false" />
                <line number="25" hits="1" branch="false" />
                <line number="26" hits="1" branch="false" />
                <line number="27" hits="1" branch="false" />
                <line number="28" hits="1" branch="false" />
                <line number="29" hits="1" branch="false" />
                <line number="31" hits="1" branch="false" />
                <line number="32" hits="1" branch="false" />
                <line number="33" hits="1" branch="false" />
                <line number="34" hits="1" branch="false" />
                <line number="35" hits="1" branch="false" />
                <line number="36" hits="1" branch="false" />
                <line number="37" hits="1" branch="false" />
                <line number="39" hits="1" branch="false" />
                <line number="40" hits="1" branch="false" />
                <line number="41" hits="1" branch="false" />
              </lines>
            </method>
            <method name="ShouldReturnZeroSumWithoutSelectedTaxName" signature="()" line-rate="1" branch-rate="1" complexity="1">
              <lines>
                <line number="45" hits="1" branch="false" />
                <line number="46" hits="1" branch="false" />
                <line number="47" hits="1" branch="false" />
                <line number="49" hits="1" branch="false" />
                <line number="50" hits="1" branch="false" />
                <line number="51" hits="1" branch="false" />
                <line number="52" hits="1" branch="false" />
                <line number="53" hits="1" branch="false" />
                <line number="54" hits="1" branch="false" />
                <line number="56" hits="1" branch="false" />
                <line number="57" hits="1" branch="false" />
                <line number="58" hits="1" branch="false" />
              </lines>
            </method>
            <method name="ShouldReturnNegativeSumToSelectedTaxName" signature="()" line-rate="1" branch-rate="1" complexity="1">
              <lines>
                <line number="62" hits="1" branch="false" />
                <line number="63" hits="1" branch="false" />
                <line number="64" hits="1" branch="false" />
                <line number="65" hits="1" branch="false" />
                <line number="66" hits="1" branch="false" />
                <line number="67" hits="1" branch="false" />
                <line number="68" hits="1" branch="false" />
                <line number="69" hits="1" branch="false" />
                <line number="71" hits="1" branch="false" />
                <line number="72" hits="1" branch="false" />
                <line number="73" hits="1" branch="false" />
              </lines>
            </method>
            <method name="ShouldConvertDateB1ToFormatOrbitWithDocTime" signature="()" line-rate="1" branch-rate="1" complexity="1">
              <lines>
                <line number="77" hits="1" branch="false" />
                <line number="78" hits="1" branch="false" />
                <line number="79" hits="1" branch="false" />
                <line number="80" hits="1" branch="false" />
                <line number="81" hits="1" branch="false" />
                <line number="82" hits="1" branch="false" />
                <line number="83" hits="1" branch="false" />
              </lines>
            </method>
            <method name="ShouldConvertDateB1ToFormatOrbitWithoutDocTime" signature="()" line-rate="1" branch-rate="1" complexity="1">
              <lines>
                <line number="86" hits="1" branch="false" />
                <line number="87" hits="1" branch="false" />
                <line number="88" hits="1" branch="false" />
                <line number="89" hits="1" branch="false" />
                <line number="90" hits="1" branch="false" />
                <line number="91" hits="1" branch="false" />
              </lines>
            </method>
            <method name="ShouldGetVProdSum" signature="()" line-rate="1" branch-rate="1" complexity="1">
              <lines>
                <line number="95" hits="1" branch="false" />
                <line number="96" hits="1" branch="false" />
                <line number="97" hits="1" branch="false" />
                <line number="99" hits="1" branch="false" />
                <line number="100" hits="1" branch="false" />
                <line number="101" hits="1" branch="false" />
                <line number="102" hits="1" branch="false" />
                <line number="104" hits="1" branch="false" />
                <line number="105" hits="1" branch="false" />
                <line number="106" hits="1" branch="false" />
              </lines>
            </method>
            <method name="ShouldGetVBcSum" signature="()" line-rate="1" branch-rate="1" complexity="1">
              <lines>
                <line number="110" hits="1" branch="false" />
                <line number="111" hits="1" branch="false" />
                <line number="112" hits="1" branch="false" />
                <line number="113" hits="1" branch="false" />
                <line number="114" hits="1" branch="false" />
                <line number="115" hits="1" branch="false" />
                <line number="116" hits="1" branch="false" />
                <line number="117" hits="1" branch="false" />
                <line number="118" hits="1" branch="false" />
                <line number="120" hits="1" branch="false" />
              </lines>
            </method>
            <method name="ShouldReturnTaxNameSumWithDeson" signature="()" line-rate="1" branch-rate="1" complexity="1">
              <lines>
                <line number="124" hits="1" branch="false" />
                <line number="125" hits="1" branch="false" />
                <line number="126" hits="1" branch="false" />
                <line number="127" hits="1" branch="false" />
                <line number="128" hits="1" branch="false" />
                <line number="129" hits="1" branch="false" />
                <line number="130" hits="1" branch="false" />
                <line number="131" hits="1" branch="false" />
                <line number="132" hits="1" branch="false" />
                <line number="134" hits="1" branch="false" />
                <line number="135" hits="1" branch="false" />
                <line number="136" hits="1" branch="false" />
              </lines>
            </method>
            <method name="ShouldReturnGetValorSomaDescontoItens" signature="()" line-rate="1" branch-rate="1" complexity="1">
              <lines>
                <line number="142" hits="1" branch="false" />
                <line number="143" hits="1" branch="false" />
                <line number="144" hits="1" branch="false" />
                <line number="145" hits="1" branch="false" />
                <line number="146" hits="1" branch="false" />
                <line number="147" hits="1" branch="false" />
                <line number="148" hits="1" branch="false" />
                <line number="150" hits="1" branch="false" />
                <line number="151" hits="1" branch="false" />
                <line number="152" hits="1" branch="false" />
                <line number="153" hits="1" branch="false" />
                <line number="154" hits="1" branch="false" />
                <line number="156" hits="1" branch="false" />
                <line number="157" hits="1" branch="false" />
                <line number="158" hits="1" branch="false" />
              </lines>
            </method>
            <method name="ShouldGetTaxTypeB1VImpSumForItem" signature="()" line-rate="1" branch-rate="1" complexity="1">
              <lines>
                <line number="161" hits="1" branch="false" />
                <line number="162" hits="1" branch="false" />
                <line number="163" hits="1" branch="false" />
                <line number="164" hits="1" branch="false" />
                <line number="165" hits="1" branch="false" />
                <line number="166" hits="1" branch="false" />
                <line number="167" hits="1" branch="false" />
                <line number="168" hits="1" branch="false" />
                <line number="170" hits="1" branch="false" />
                <line number="171" hits="1" branch="false" />
                <line number="172" hits="1" branch="false" />
                <line number="173" hits="1" branch="false" />
                <line number="174" hits="1" branch="false" />
                <line number="175" hits="1" branch="false" />
                <line number="176" hits="1" branch="false" />
                <line number="179" hits="1" branch="false" />
                <line number="180" hits="1" branch="false" />
                <line number="181" hits="1" branch="false" />
              </lines>
            </method>
            <method name="ShouldGetTaxTypeB1VBcSumForItem" signature="()" line-rate="1" branch-rate="1" complexity="1">
              <lines>
                <line number="184" hits="1" branch="false" />
                <line number="185" hits="1" branch="false" />
                <line number="186" hits="1" branch="false" />
                <line number="187" hits="1" branch="false" />
                <line number="188" hits="1" branch="false" />
                <line number="189" hits="1" branch="false" />
                <line number="190" hits="1" branch="false" />
                <line number="191" hits="1" branch="false" />
                <line number="193" hits="1" branch="false" />
                <line number="194" hits="1" branch="false" />
                <line number="195" hits="1" branch="false" />
                <line number="196" hits="1" branch="false" />
                <line number="197" hits="1" branch="false" />
                <line number="198" hits="1" branch="false" />
                <line number="199" hits="1" branch="false" />
                <line number="202" hits="1" branch="false" />
                <line number="203" hits="1" branch="false" />
                <line number="204" hits="1" branch="false" />
              </lines>
            </method>
            <method name=".ctor" signature="()" line-rate="1" branch-rate="1" complexity="1">
              <lines>
                <line number="14" hits="11" branch="false" />
                <line number="15" hits="11" branch="false" />
                <line number="16" hits="11" branch="false" />
                <line number="17" hits="11" branch="false" />
                <line number="18" hits="11" branch="false" />
              </lines>
            </method>
          </methods>
          <lines>
            <line number="14" hits="11" branch="false" />
            <line number="15" hits="11" branch="false" />
            <line number="16" hits="11" branch="false" />
            <line number="17" hits="11" branch="false" />
            <line number="18" hits="11" branch="false" />
            <line number="22" hits="1" branch="false" />
            <line number="23" hits="1" branch="false" />
            <line number="24" hits="1" branch="false" />
            <line number="25" hits="1" branch="false" />
            <line number="26" hits="1" branch="false" />
            <line number="27" hits="1" branch="false" />
            <line number="28" hits="1" branch="false" />
            <line number="29" hits="1" branch="false" />
            <line number="31" hits="1" branch="false" />
            <line number="32" hits="1" branch="false" />
            <line number="33" hits="1" branch="false" />
            <line number="34" hits="1" branch="false" />
            <line number="35" hits="1" branch="false" />
            <line number="36" hits="1" branch="false" />
            <line number="37" hits="1" branch="false" />
            <line number="39" hits="1" branch="false" />
            <line number="40" hits="1" branch="false" />
            <line number="41" hits="1" branch="false" />
            <line number="45" hits="1" branch="false" />
            <line number="46" hits="1" branch="false" />
            <line number="47" hits="1" branch="false" />
            <line number="49" hits="1" branch="false" />
            <line number="50" hits="1" branch="false" />
            <line number="51" hits="1" branch="false" />
            <line number="52" hits="1" branch="false" />
            <line number="53" hits="1" branch="false" />
            <line number="54" hits="1" branch="false" />
            <line number="56" hits="1" branch="false" />
            <line number="57" hits="1" branch="false" />
            <line number="58" hits="1" branch="false" />
            <line number="62" hits="1" branch="false" />
            <line number="63" hits="1" branch="false" />
            <line number="64" hits="1" branch="false" />
            <line number="65" hits="1" branch="false" />
            <line number="66" hits="1" branch="false" />
            <line number="67" hits="1" branch="false" />
            <line number="68" hits="1" branch="false" />
            <line number="69" hits="1" branch="false" />
            <line number="71" hits="1" branch="false" />
            <line number="72" hits="1" branch="false" />
            <line number="73" hits="1" branch="false" />
            <line number="77" hits="1" branch="false" />
            <line number="78" hits="1" branch="false" />
            <line number="79" hits="1" branch="false" />
            <line number="80" hits="1" branch="false" />
            <line number="81" hits="1" branch="false" />
            <line number="82" hits="1" branch="false" />
            <line number="83" hits="1" branch="false" />
            <line number="86" hits="1" branch="false" />
            <line number="87" hits="1" branch="false" />
            <line number="88" hits="1" branch="false" />
            <line number="89" hits="1" branch="false" />
            <line number="90" hits="1" branch="false" />
            <line number="91" hits="1" branch="false" />
            <line number="95" hits="1" branch="false" />
            <line number="96" hits="1" branch="false" />
            <line number="97" hits="1" branch="false" />
            <line number="99" hits="1" branch="false" />
            <line number="100" hits="1" branch="false" />
            <line number="101" hits="1" branch="false" />
            <line number="102" hits="1" branch="false" />
            <line number="104" hits="1" branch="false" />
            <line number="105" hits="1" branch="false" />
            <line number="106" hits="1" branch="false" />
            <line number="110" hits="1" branch="false" />
            <line number="111" hits="1" branch="false" />
            <line number="112" hits="1" branch="false" />
            <line number="113" hits="1" branch="false" />
            <line number="114" hits="1" branch="false" />
            <line number="115" hits="1" branch="false" />
            <line number="116" hits="1" branch="false" />
            <line number="117" hits="1" branch="false" />
            <line number="118" hits="1" branch="false" />
            <line number="120" hits="1" branch="false" />
            <line number="124" hits="1" branch="false" />
            <line number="125" hits="1" branch="false" />
            <line number="126" hits="1" branch="false" />
            <line number="127" hits="1" branch="false" />
            <line number="128" hits="1" branch="false" />
            <line number="129" hits="1" branch="false" />
            <line number="130" hits="1" branch="false" />
            <line number="131" hits="1" branch="false" />
            <line number="132" hits="1" branch="false" />
            <line number="134" hits="1" branch="false" />
            <line number="135" hits="1" branch="false" />
            <line number="136" hits="1" branch="false" />
            <line number="142" hits="1" branch="false" />
            <line number="143" hits="1" branch="false" />
            <line number="144" hits="1" branch="false" />
            <line number="145" hits="1" branch="false" />
            <line number="146" hits="1" branch="false" />
            <line number="147" hits="1" branch="false" />
            <line number="148" hits="1" branch="false" />
            <line number="150" hits="1" branch="false" />
            <line number="151" hits="1" branch="false" />
            <line number="152" hits="1" branch="false" />
            <line number="153" hits="1" branch="false" />
            <line number="154" hits="1" branch="false" />
            <line number="156" hits="1" branch="false" />
            <line number="157" hits="1" branch="false" />
            <line number="158" hits="1" branch="false" />
            <line number="161" hits="1" branch="false" />
            <line number="162" hits="1" branch="false" />
            <line number="163" hits="1" branch="false" />
            <line number="164" hits="1" branch="false" />
            <line number="165" hits="1" branch="false" />
            <line number="166" hits="1" branch="false" />
            <line number="167" hits="1" branch="false" />
            <line number="168" hits="1" branch="false" />
            <line number="170" hits="1" branch="false" />
            <line number="171" hits="1" branch="false" />
            <line number="172" hits="1" branch="false" />
            <line number="173" hits="1" branch="false" />
            <line number="174" hits="1" branch="false" />
            <line number="175" hits="1" branch="false" />
            <line number="176" hits="1" branch="false" />
            <line number="179" hits="1" branch="false" />
            <line number="180" hits="1" branch="false" />
            <line number="181" hits="1" branch="false" />
            <line number="184" hits="1" branch="false" />
            <line number="185" hits="1" branch="false" />
            <line number="186" hits="1" branch="false" />
            <line number="187" hits="1" branch="false" />
            <line number="188" hits="1" branch="false" />
            <line number="189" hits="1" branch="false" />
            <line number="190" hits="1" branch="false" />
            <line number="191" hits="1" branch="false" />
            <line number="193" hits="1" branch="false" />
            <line number="194" hits="1" branch="false" />
            <line number="195" hits="1" branch="false" />
            <line number="196" hits="1" branch="false" />
            <line number="197" hits="1" branch="false" />
            <line number="198" hits="1" branch="false" />
            <line number="199" hits="1" branch="false" />
            <line number="202" hits="1" branch="false" />
            <line number="203" hits="1" branch="false" />
            <line number="204" hits="1" branch="false" />
          </lines>
        </class>
      </classes>
    </package>
  </packages>
</coverage>