TpTrace Verbose: 0 : 37016, 1, 2022/10/10, 11:19:55.224, 2317389361561, vstest.console.dll, Version: 17.2.0-release-20220408-11 Current process architecture: X64
TpTrace Information: 0 : 37016, 1, 2022/10/10, 11:19:55.234, 2317389469634, vstest.console.dll, FilePatternParser: The given file C:\Users\luisf\Desktop\Repositori B1 Dev\OrbitService\OrbitService\test\B1Library-Test\bin\Debug\netcoreapp3.1\fine-code-coverage\build-output\B1Library_Tests.dll is a full path.
TpTrace Verbose: 0 : 37016, 1, 2022/10/10, 11:19:55.243, 2317389553096, vstest.console.dll, TestPluginCache.DiscoverTestExtensions: finding test extensions in assemblies ends with: RuntimeProvider.dll TPluginInfo: Microsoft.VisualStudio.TestPlatform.Common.ExtensionFramework.Utilities.TestRuntimePluginInformation TExtension: Microsoft.VisualStudio.TestPlatform.ObjectModel.Host.ITestRuntimeProvider
TpTrace Verbose: 0 : 37016, 1, 2022/10/10, 11:19:55.243, 2317389558192, vstest.console.dll, TestPluginCache.GetExtensionPaths: Filtered extension paths: 
TpTrace Verbose: 0 : 37016, 1, 2022/10/10, 11:19:55.243, 2317389559502, vstest.console.dll, TestPluginCache.GetExtensionPaths: Added default extension paths: c:\program files\dotnet\sdk\6.0.302\Extensions\DumpMinitool.exe
c:\program files\dotnet\sdk\6.0.302\Extensions\DumpMinitool.x86.exe
c:\program files\dotnet\sdk\6.0.302\Extensions\Microsoft.Diagnostics.NETCore.Client.dll
c:\program files\dotnet\sdk\6.0.302\Extensions\Microsoft.TestPlatform.Extensions.BlameDataCollector.dll
c:\program files\dotnet\sdk\6.0.302\Extensions\Microsoft.TestPlatform.Extensions.EventLogCollector.dll
c:\program files\dotnet\sdk\6.0.302\Extensions\Microsoft.TestPlatform.TestHostRuntimeProvider.dll
c:\program files\dotnet\sdk\6.0.302\Extensions\Microsoft.VisualStudio.TestPlatform.Extensions.Html.TestLogger.dll
c:\program files\dotnet\sdk\6.0.302\Extensions\Microsoft.VisualStudio.TestPlatform.Extensions.Trx.TestLogger.dll
TpTrace Verbose: 0 : 37016, 1, 2022/10/10, 11:19:55.243, 2317389560104, vstest.console.dll, TestPluginCache.GetExtensionPaths: Added unfilterableExtensionPaths: 
TpTrace Information: 0 : 37016, 1, 2022/10/10, 11:19:55.244, 2317389567736, vstest.console.dll, AssemblyResolver.ctor: Creating AssemblyResolver with searchDirectories c:\program files\dotnet\sdk\6.0.302\Extensions,c:\program files\dotnet\sdk\6.0.302
TpTrace Verbose: 0 : 37016, 1, 2022/10/10, 11:19:55.246, 2317389583665, vstest.console.dll, TestPluginCache.DiscoverTestExtensions: Discovering the extensions using extension path.
TpTrace Verbose: 0 : 37016, 1, 2022/10/10, 11:19:55.246, 2317389585007, vstest.console.dll, TestPluginCache.GetExtensionPaths: Filtered extension paths: 
TpTrace Verbose: 0 : 37016, 1, 2022/10/10, 11:19:55.246, 2317389585651, vstest.console.dll, TestPluginCache.GetExtensionPaths: Added default extension paths: c:\program files\dotnet\sdk\6.0.302\Extensions\DumpMinitool.exe
c:\program files\dotnet\sdk\6.0.302\Extensions\DumpMinitool.x86.exe
c:\program files\dotnet\sdk\6.0.302\Extensions\Microsoft.Diagnostics.NETCore.Client.dll
c:\program files\dotnet\sdk\6.0.302\Extensions\Microsoft.TestPlatform.Extensions.BlameDataCollector.dll
c:\program files\dotnet\sdk\6.0.302\Extensions\Microsoft.TestPlatform.Extensions.EventLogCollector.dll
c:\program files\dotnet\sdk\6.0.302\Extensions\Microsoft.TestPlatform.TestHostRuntimeProvider.dll
c:\program files\dotnet\sdk\6.0.302\Extensions\Microsoft.VisualStudio.TestPlatform.Extensions.Html.TestLogger.dll
c:\program files\dotnet\sdk\6.0.302\Extensions\Microsoft.VisualStudio.TestPlatform.Extensions.Trx.TestLogger.dll
TpTrace Verbose: 0 : 37016, 1, 2022/10/10, 11:19:55.246, 2317389586070, vstest.console.dll, TestPluginCache.GetExtensionPaths: Added unfilterableExtensionPaths: 
TpTrace Verbose: 0 : 37016, 1, 2022/10/10, 11:19:55.246, 2317389586733, vstest.console.dll, TestPluginCache.DiscoverTestExtensions: Discovering the extensions using allExtensionPaths: c:\program files\dotnet\sdk\6.0.302\Extensions\DumpMinitool.exe
c:\program files\dotnet\sdk\6.0.302\Extensions\DumpMinitool.x86.exe
c:\program files\dotnet\sdk\6.0.302\Extensions\Microsoft.Diagnostics.NETCore.Client.dll
c:\program files\dotnet\sdk\6.0.302\Extensions\Microsoft.TestPlatform.Extensions.BlameDataCollector.dll
c:\program files\dotnet\sdk\6.0.302\Extensions\Microsoft.TestPlatform.Extensions.EventLogCollector.dll
c:\program files\dotnet\sdk\6.0.302\Extensions\Microsoft.TestPlatform.TestHostRuntimeProvider.dll
c:\program files\dotnet\sdk\6.0.302\Extensions\Microsoft.VisualStudio.TestPlatform.Extensions.Html.TestLogger.dll
c:\program files\dotnet\sdk\6.0.302\Extensions\Microsoft.VisualStudio.TestPlatform.Extensions.Trx.TestLogger.dll
TpTrace Information: 0 : 37016, 1, 2022/10/10, 11:19:55.246, 2317389588537, vstest.console.dll, AssemblyResolver.AddSearchDirectories: Adding more searchDirectories c:\program files\dotnet\sdk\6.0.302\Extensions,c:\program files\dotnet\sdk\6.0.302
TpTrace Information: 0 : 37016, 1, 2022/10/10, 11:19:55.246, 2317389589402, vstest.console.dll, AssemblyResolver.AddSearchDirectories: Adding more searchDirectories c:\program files\dotnet\sdk\6.0.302\Extensions,c:\program files\dotnet\sdk\6.0.302
TpTrace Information: 0 : 37016, 1, 2022/10/10, 11:19:55.246, 2317389589958, vstest.console.dll, AssemblyResolver.AddSearchDirectories: Adding more searchDirectories c:\program files\dotnet\sdk\6.0.302\Extensions,c:\program files\dotnet\sdk\6.0.302
TpTrace Information: 0 : 37016, 1, 2022/10/10, 11:19:55.246, 2317389590327, vstest.console.dll, AssemblyResolver.AddSearchDirectories: Adding more searchDirectories c:\program files\dotnet\sdk\6.0.302\Extensions,c:\program files\dotnet\sdk\6.0.302
TpTrace Information: 0 : 37016, 1, 2022/10/10, 11:19:55.246, 2317389590670, vstest.console.dll, AssemblyResolver.AddSearchDirectories: Adding more searchDirectories c:\program files\dotnet\sdk\6.0.302\Extensions,c:\program files\dotnet\sdk\6.0.302
TpTrace Information: 0 : 37016, 1, 2022/10/10, 11:19:55.247, 2317389591059, vstest.console.dll, AssemblyResolver.AddSearchDirectories: Adding more searchDirectories c:\program files\dotnet\sdk\6.0.302\Extensions,c:\program files\dotnet\sdk\6.0.302
TpTrace Information: 0 : 37016, 1, 2022/10/10, 11:19:55.247, 2317389591525, vstest.console.dll, AssemblyResolver.AddSearchDirectories: Adding more searchDirectories c:\program files\dotnet\sdk\6.0.302\Extensions,c:\program files\dotnet\sdk\6.0.302
TpTrace Information: 0 : 37016, 1, 2022/10/10, 11:19:55.247, 2317389591843, vstest.console.dll, AssemblyResolver.AddSearchDirectories: Adding more searchDirectories c:\program files\dotnet\sdk\6.0.302\Extensions,c:\program files\dotnet\sdk\6.0.302
TpTrace Information: 0 : 37016, 1, 2022/10/10, 11:19:55.247, 2317389595461, vstest.console.dll, AssemblyResolver.OnResolve: DumpMinitool: Resolving assembly.
TpTrace Information: 0 : 37016, 1, 2022/10/10, 11:19:55.247, 2317389596280, vstest.console.dll, AssemblyResolver.OnResolve: DumpMinitool: Searching in: 'c:\program files\dotnet\sdk\6.0.302\Extensions'.
TpTrace Information: 0 : 37016, 1, 2022/10/10, 11:19:55.247, 2317389597775, vstest.console.dll, AssemblyResolver.OnResolve: DumpMinitool: Assembly path does not exist: 'c:\program files\dotnet\sdk\6.0.302\Extensions\DumpMinitool.dll', returning.
TpTrace Information: 0 : 37016, 1, 2022/10/10, 11:19:55.248, 2317389604376, vstest.console.dll, AssemblyResolver.OnResolve: DumpMinitool: Loading assembly 'c:\program files\dotnet\sdk\6.0.302\Extensions\DumpMinitool.exe'.
TpTrace Information: 0 : 37016, 1, 2022/10/10, 11:19:55.249, 2317389614991, vstest.console.dll, AssemblyResolver.OnResolve: Resolved assembly: DumpMinitool, from path: c:\program files\dotnet\sdk\6.0.302\Extensions\DumpMinitool.exe
TpTrace Verbose: 0 : 37016, 1, 2022/10/10, 11:19:55.255, 2317389680174, vstest.console.dll, MetadataReaderExtensionsHelper: Discovering extensions inside assembly 'DumpMinitool, Version=15.0.0.0, Culture=neutral, PublicKeyToken=b03f5f7f11d50a3a' file path 'c:\program files\dotnet\sdk\6.0.302\Extensions\DumpMinitool.exe'
TpTrace Information: 0 : 37016, 1, 2022/10/10, 11:19:55.264, 2317389769816, vstest.console.dll, AssemblyResolver.OnResolve: DumpMinitool.x86: Resolving assembly.
TpTrace Information: 0 : 37016, 1, 2022/10/10, 11:19:55.265, 2317389771538, vstest.console.dll, AssemblyResolver.OnResolve: DumpMinitool.x86: Searching in: 'c:\program files\dotnet\sdk\6.0.302\Extensions'.
TpTrace Information: 0 : 37016, 1, 2022/10/10, 11:19:55.265, 2317389773154, vstest.console.dll, AssemblyResolver.OnResolve: DumpMinitool.x86: Assembly path does not exist: 'c:\program files\dotnet\sdk\6.0.302\Extensions\DumpMinitool.x86.dll', returning.
TpTrace Information: 0 : 37016, 1, 2022/10/10, 11:19:55.265, 2317389779383, vstest.console.dll, AssemblyResolver.OnResolve: DumpMinitool.x86: Loading assembly 'c:\program files\dotnet\sdk\6.0.302\Extensions\DumpMinitool.x86.exe'.
TpTrace Information: 0 : 37016, 1, 2022/10/10, 11:19:55.266, 2317389789829, vstest.console.dll, AssemblyResolver.OnResolve: Resolved assembly: DumpMinitool.x86, from path: c:\program files\dotnet\sdk\6.0.302\Extensions\DumpMinitool.x86.exe
TpTrace Verbose: 0 : 37016, 1, 2022/10/10, 11:19:55.267, 2317389790726, vstest.console.dll, MetadataReaderExtensionsHelper: Discovering extensions inside assembly 'DumpMinitool.x86, Version=15.0.0.0, Culture=neutral, PublicKeyToken=b03f5f7f11d50a3a' file path 'c:\program files\dotnet\sdk\6.0.302\Extensions\DumpMinitool.x86.exe'
TpTrace Information: 0 : 37016, 1, 2022/10/10, 11:19:55.267, 2317389800363, vstest.console.dll, AssemblyResolver.OnResolve: Microsoft.Diagnostics.NETCore.Client: Resolving assembly.
TpTrace Information: 0 : 37016, 1, 2022/10/10, 11:19:55.268, 2317389801147, vstest.console.dll, AssemblyResolver.OnResolve: Microsoft.Diagnostics.NETCore.Client: Searching in: 'c:\program files\dotnet\sdk\6.0.302\Extensions'.
TpTrace Information: 0 : 37016, 1, 2022/10/10, 11:19:55.268, 2317389806174, vstest.console.dll, AssemblyResolver.OnResolve: Microsoft.Diagnostics.NETCore.Client: Loading assembly 'c:\program files\dotnet\sdk\6.0.302\Extensions\Microsoft.Diagnostics.NETCore.Client.dll'.
TpTrace Information: 0 : 37016, 1, 2022/10/10, 11:19:55.269, 2317389816983, vstest.console.dll, AssemblyResolver.OnResolve: Resolved assembly: Microsoft.Diagnostics.NETCore.Client, from path: c:\program files\dotnet\sdk\6.0.302\Extensions\Microsoft.Diagnostics.NETCore.Client.dll
TpTrace Verbose: 0 : 37016, 1, 2022/10/10, 11:19:55.269, 2317389817830, vstest.console.dll, MetadataReaderExtensionsHelper: Discovering extensions inside assembly 'Microsoft.Diagnostics.NETCore.Client, Version=0.2.5.801, Culture=neutral, PublicKeyToken=31bf3856ad364e35' file path 'c:\program files\dotnet\sdk\6.0.302\Extensions\Microsoft.Diagnostics.NETCore.Client.dll'
TpTrace Information: 0 : 37016, 1, 2022/10/10, 11:19:55.278, 2317389907249, vstest.console.dll, AssemblyResolver.OnResolve: Microsoft.Bcl.AsyncInterfaces: Resolving assembly.
TpTrace Information: 0 : 37016, 1, 2022/10/10, 11:19:55.278, 2317389908199, vstest.console.dll, AssemblyResolver.OnResolve: Microsoft.Bcl.AsyncInterfaces: Searching in: 'c:\program files\dotnet\sdk\6.0.302\Extensions'.
TpTrace Information: 0 : 37016, 1, 2022/10/10, 11:19:55.278, 2317389909678, vstest.console.dll, AssemblyResolver.OnResolve: Microsoft.Bcl.AsyncInterfaces: Assembly path does not exist: 'c:\program files\dotnet\sdk\6.0.302\Extensions\Microsoft.Bcl.AsyncInterfaces.dll', returning.
TpTrace Information: 0 : 37016, 1, 2022/10/10, 11:19:55.278, 2317389910619, vstest.console.dll, AssemblyResolver.OnResolve: Microsoft.Bcl.AsyncInterfaces: Assembly path does not exist: 'c:\program files\dotnet\sdk\6.0.302\Extensions\Microsoft.Bcl.AsyncInterfaces.exe', returning.
TpTrace Information: 0 : 37016, 1, 2022/10/10, 11:19:55.279, 2317389911079, vstest.console.dll, AssemblyResolver.OnResolve: Microsoft.Bcl.AsyncInterfaces: Searching in: 'c:\program files\dotnet\sdk\6.0.302'.
TpTrace Information: 0 : 37016, 1, 2022/10/10, 11:19:55.279, 2317389912016, vstest.console.dll, AssemblyResolver.OnResolve: Microsoft.Bcl.AsyncInterfaces: Assembly path does not exist: 'c:\program files\dotnet\sdk\6.0.302\Microsoft.Bcl.AsyncInterfaces.dll', returning.
TpTrace Information: 0 : 37016, 1, 2022/10/10, 11:19:55.279, 2317389913341, vstest.console.dll, AssemblyResolver.OnResolve: Microsoft.Bcl.AsyncInterfaces: Assembly path does not exist: 'c:\program files\dotnet\sdk\6.0.302\Microsoft.Bcl.AsyncInterfaces.exe', returning.
TpTrace Information: 0 : 37016, 1, 2022/10/10, 11:19:55.279, 2317389913759, vstest.console.dll, AssemblyResolver.OnResolve: Microsoft.Bcl.AsyncInterfaces: Failed to load assembly.
TpTrace Verbose: 0 : 37016, 1, 2022/10/10, 11:19:55.279, 2317389914229, vstest.console.dll, CurrentDomainAssemblyResolve: Resolving assembly 'Microsoft.Bcl.AsyncInterfaces'.
TpTrace Information: 0 : 37016, 1, 2022/10/10, 11:19:55.279, 2317389915047, vstest.console.dll, AssemblyResolver.OnResolve: Microsoft.Bcl.AsyncInterfaces: Resolving assembly.
TpTrace Information: 0 : 37016, 1, 2022/10/10, 11:19:55.279, 2317389915576, vstest.console.dll, AssemblyResolver.OnResolve: Microsoft.Bcl.AsyncInterfaces: Resolved from cache.
TpTrace Verbose: 0 : 37016, 1, 2022/10/10, 11:19:55.279, 2317389915965, vstest.console.dll, CurrentDomainAssemblyResolve: Resolving assembly 'Microsoft.Bcl.AsyncInterfaces'.
TpTrace Verbose: 0 : 37016, 1, 2022/10/10, 11:19:55.279, 2317389916412, vstest.console.dll, CurrentDomainAssemblyResolve: Failed to resolve assembly 'Microsoft.Bcl.AsyncInterfaces'.
TpTrace Verbose: 0 : 37016, 1, 2022/10/10, 11:19:55.280, 2317389921790, vstest.console.dll, CurrentDomainAssemblyResolve: Failed to resolve assembly 'Microsoft.Bcl.AsyncInterfaces'.
TpTrace Warning: 0 : 37016, 1, 2022/10/10, 11:19:55.295, 2317390073887, vstest.console.dll, TestPluginDiscoverer: Failed to get types from assembly 'Microsoft.Diagnostics.NETCore.Client, Version=0.2.5.801, Culture=neutral, PublicKeyToken=31bf3856ad364e35'. Error: System.Reflection.ReflectionTypeLoadException: Unable to load one or more of the requested types.
Could not load file or assembly 'Microsoft.Bcl.AsyncInterfaces, Version=1.0.0.0, Culture=neutral, PublicKeyToken=cc7b13ffcd2ddd51'. O sistema não pode encontrar o arquivo especificado.
   at System.Reflection.RuntimeModule.GetTypes(RuntimeModule module)
   at System.Reflection.Assembly.GetTypes()
   at Microsoft.VisualStudio.TestPlatform.Common.ExtensionFramework.TestPluginDiscoverer.GetTestExtensionsFromAssembly[TPluginInfo,TExtension](Assembly assembly, Dictionary`2 pluginInfos, String filePath)
System.IO.FileNotFoundException: Could not load file or assembly 'Microsoft.Bcl.AsyncInterfaces, Version=1.0.0.0, Culture=neutral, PublicKeyToken=cc7b13ffcd2ddd51'. O sistema não pode encontrar o arquivo especificado.
File name: 'Microsoft.Bcl.AsyncInterfaces, Version=1.0.0.0, Culture=neutral, PublicKeyToken=cc7b13ffcd2ddd51'
 ---> System.IO.FileNotFoundException: Could not load file or assembly 'Microsoft.Bcl.AsyncInterfaces, Culture=neutral, PublicKeyToken=null'. O sistema não pode encontrar o arquivo especificado.
File name: 'Microsoft.Bcl.AsyncInterfaces, Culture=neutral, PublicKeyToken=null'
   at System.Reflection.RuntimeAssembly.InternalLoad(ObjectHandleOnStack assemblyName, ObjectHandleOnStack requestingAssembly, StackCrawlMarkHandle stackMark, Boolean throwOnFileNotFound, ObjectHandleOnStack assemblyLoadContext, ObjectHandleOnStack retAssembly)
   at System.Reflection.RuntimeAssembly.InternalLoad(AssemblyName assemblyName, RuntimeAssembly requestingAssembly, StackCrawlMark& stackMark, Boolean throwOnFileNotFound, AssemblyLoadContext assemblyLoadContext)
   at System.Reflection.Assembly.Load(AssemblyName assemblyRef)
   at Microsoft.VisualStudio.TestPlatform.Common.ExtensionFramework.TestPluginCache.CurrentDomainAssemblyResolve(Object sender, AssemblyResolveEventArgs args)
   at Microsoft.VisualStudio.TestPlatform.PlatformAbstractions.PlatformAssemblyResolver.AssemblyResolverEvent(Object sender, Object eventArgs)
   at System.Runtime.Loader.AssemblyLoadContext.GetFirstResolvedAssemblyFromResolvingEvent(AssemblyName assemblyName)
   at System.Runtime.Loader.AssemblyLoadContext.ResolveUsingEvent(AssemblyName assemblyName)
   at System.Runtime.Loader.AssemblyLoadContext.ResolveUsingResolvingEvent(IntPtr gchManagedAssemblyLoadContext, AssemblyName assemblyName)
TpTrace Warning: 0 : 37016, 1, 2022/10/10, 11:19:55.295, 2317390077585, vstest.console.dll, LoaderExceptions: System.IO.FileNotFoundException: Could not load file or assembly 'Microsoft.Bcl.AsyncInterfaces, Version=1.0.0.0, Culture=neutral, PublicKeyToken=cc7b13ffcd2ddd51'. O sistema não pode encontrar o arquivo especificado.
File name: 'Microsoft.Bcl.AsyncInterfaces, Version=1.0.0.0, Culture=neutral, PublicKeyToken=cc7b13ffcd2ddd51'
 ---> System.IO.FileNotFoundException: Could not load file or assembly 'Microsoft.Bcl.AsyncInterfaces, Culture=neutral, PublicKeyToken=null'. O sistema não pode encontrar o arquivo especificado.
File name: 'Microsoft.Bcl.AsyncInterfaces, Culture=neutral, PublicKeyToken=null'
   at System.Reflection.RuntimeAssembly.InternalLoad(ObjectHandleOnStack assemblyName, ObjectHandleOnStack requestingAssembly, StackCrawlMarkHandle stackMark, Boolean throwOnFileNotFound, ObjectHandleOnStack assemblyLoadContext, ObjectHandleOnStack retAssembly)
   at System.Reflection.RuntimeAssembly.InternalLoad(AssemblyName assemblyName, RuntimeAssembly requestingAssembly, StackCrawlMark& stackMark, Boolean throwOnFileNotFound, AssemblyLoadContext assemblyLoadContext)
   at System.Reflection.Assembly.Load(AssemblyName assemblyRef)
   at Microsoft.VisualStudio.TestPlatform.Common.ExtensionFramework.TestPluginCache.CurrentDomainAssemblyResolve(Object sender, AssemblyResolveEventArgs args)
   at Microsoft.VisualStudio.TestPlatform.PlatformAbstractions.PlatformAssemblyResolver.AssemblyResolverEvent(Object sender, Object eventArgs)
   at System.Runtime.Loader.AssemblyLoadContext.GetFirstResolvedAssemblyFromResolvingEvent(AssemblyName assemblyName)
   at System.Runtime.Loader.AssemblyLoadContext.ResolveUsingEvent(AssemblyName assemblyName)
   at System.Runtime.Loader.AssemblyLoadContext.ResolveUsingResolvingEvent(IntPtr gchManagedAssemblyLoadContext, AssemblyName assemblyName)
TpTrace Information: 0 : 37016, 1, 2022/10/10, 11:19:55.295, 2317390079130, vstest.console.dll, AssemblyResolver.OnResolve: Microsoft.TestPlatform.Extensions.BlameDataCollector: Resolving assembly.
TpTrace Information: 0 : 37016, 1, 2022/10/10, 11:19:55.295, 2317390079976, vstest.console.dll, AssemblyResolver.OnResolve: Microsoft.TestPlatform.Extensions.BlameDataCollector: Searching in: 'c:\program files\dotnet\sdk\6.0.302\Extensions'.
TpTrace Information: 0 : 37016, 1, 2022/10/10, 11:19:55.296, 2317390085484, vstest.console.dll, AssemblyResolver.OnResolve: Microsoft.TestPlatform.Extensions.BlameDataCollector: Loading assembly 'c:\program files\dotnet\sdk\6.0.302\Extensions\Microsoft.TestPlatform.Extensions.BlameDataCollector.dll'.
TpTrace Information: 0 : 37016, 1, 2022/10/10, 11:19:55.297, 2317390097229, vstest.console.dll, AssemblyResolver.OnResolve: Resolved assembly: Microsoft.TestPlatform.Extensions.BlameDataCollector, from path: c:\program files\dotnet\sdk\6.0.302\Extensions\Microsoft.TestPlatform.Extensions.BlameDataCollector.dll
TpTrace Verbose: 0 : 37016, 1, 2022/10/10, 11:19:55.297, 2317390098114, vstest.console.dll, MetadataReaderExtensionsHelper: Discovering extensions inside assembly 'Microsoft.TestPlatform.Extensions.BlameDataCollector, Version=15.0.0.0, Culture=neutral, PublicKeyToken=b03f5f7f11d50a3a' file path 'c:\program files\dotnet\sdk\6.0.302\Extensions\Microsoft.TestPlatform.Extensions.BlameDataCollector.dll'
TpTrace Information: 0 : 37016, 1, 2022/10/10, 11:19:55.299, 2317390114058, vstest.console.dll, AssemblyResolver.OnResolve: Microsoft.TestPlatform.Extensions.EventLogCollector: Resolving assembly.
TpTrace Information: 0 : 37016, 1, 2022/10/10, 11:19:55.299, 2317390114870, vstest.console.dll, AssemblyResolver.OnResolve: Microsoft.TestPlatform.Extensions.EventLogCollector: Searching in: 'c:\program files\dotnet\sdk\6.0.302\Extensions'.
TpTrace Information: 0 : 37016, 1, 2022/10/10, 11:19:55.299, 2317390120149, vstest.console.dll, AssemblyResolver.OnResolve: Microsoft.TestPlatform.Extensions.EventLogCollector: Loading assembly 'c:\program files\dotnet\sdk\6.0.302\Extensions\Microsoft.TestPlatform.Extensions.EventLogCollector.dll'.
TpTrace Information: 0 : 37016, 1, 2022/10/10, 11:19:55.300, 2317390127100, vstest.console.dll, AssemblyResolver.OnResolve: Resolved assembly: Microsoft.TestPlatform.Extensions.EventLogCollector, from path: c:\program files\dotnet\sdk\6.0.302\Extensions\Microsoft.TestPlatform.Extensions.EventLogCollector.dll
TpTrace Verbose: 0 : 37016, 1, 2022/10/10, 11:19:55.300, 2317390128070, vstest.console.dll, MetadataReaderExtensionsHelper: Discovering extensions inside assembly 'Microsoft.TestPlatform.Extensions.EventLogCollector, Version=15.0.0.0, Culture=neutral, PublicKeyToken=b03f5f7f11d50a3a' file path 'c:\program files\dotnet\sdk\6.0.302\Extensions\Microsoft.TestPlatform.Extensions.EventLogCollector.dll'
TpTrace Information: 0 : 37016, 1, 2022/10/10, 11:19:55.302, 2317390146447, vstest.console.dll, AssemblyResolver.OnResolve: Microsoft.TestPlatform.TestHostRuntimeProvider: Resolving assembly.
TpTrace Information: 0 : 37016, 1, 2022/10/10, 11:19:55.302, 2317390147194, vstest.console.dll, AssemblyResolver.OnResolve: Microsoft.TestPlatform.TestHostRuntimeProvider: Searching in: 'c:\program files\dotnet\sdk\6.0.302\Extensions'.
TpTrace Information: 0 : 37016, 1, 2022/10/10, 11:19:55.303, 2317390152643, vstest.console.dll, AssemblyResolver.OnResolve: Microsoft.TestPlatform.TestHostRuntimeProvider: Loading assembly 'c:\program files\dotnet\sdk\6.0.302\Extensions\Microsoft.TestPlatform.TestHostRuntimeProvider.dll'.
TpTrace Information: 0 : 37016, 1, 2022/10/10, 11:19:55.304, 2317390162879, vstest.console.dll, AssemblyResolver.OnResolve: Resolved assembly: Microsoft.TestPlatform.TestHostRuntimeProvider, from path: c:\program files\dotnet\sdk\6.0.302\Extensions\Microsoft.TestPlatform.TestHostRuntimeProvider.dll
TpTrace Verbose: 0 : 37016, 1, 2022/10/10, 11:19:55.304, 2317390163751, vstest.console.dll, MetadataReaderExtensionsHelper: Discovering extensions inside assembly 'Microsoft.TestPlatform.TestHostRuntimeProvider, Version=15.0.0.0, Culture=neutral, PublicKeyToken=b03f5f7f11d50a3a' file path 'c:\program files\dotnet\sdk\6.0.302\Extensions\Microsoft.TestPlatform.TestHostRuntimeProvider.dll'
TpTrace Information: 0 : 37016, 1, 2022/10/10, 11:19:55.306, 2317390187401, vstest.console.dll, GetTestExtensionFromType: Register extension with identifier data 'HostProvider://DefaultTestHost' and type 'Microsoft.VisualStudio.TestPlatform.CrossPlatEngine.Hosting.DefaultTestHostManager, Microsoft.TestPlatform.TestHostRuntimeProvider, Version=15.0.0.0, Culture=neutral, PublicKeyToken=b03f5f7f11d50a3a' inside file 'c:\program files\dotnet\sdk\6.0.302\Extensions\Microsoft.TestPlatform.TestHostRuntimeProvider.dll'
TpTrace Information: 0 : 37016, 1, 2022/10/10, 11:19:55.306, 2317390188491, vstest.console.dll, GetTestExtensionFromType: Register extension with identifier data 'HostProvider://DotnetTestHost' and type 'Microsoft.VisualStudio.TestPlatform.CrossPlatEngine.Hosting.DotnetTestHostManager, Microsoft.TestPlatform.TestHostRuntimeProvider, Version=15.0.0.0, Culture=neutral, PublicKeyToken=b03f5f7f11d50a3a' inside file 'c:\program files\dotnet\sdk\6.0.302\Extensions\Microsoft.TestPlatform.TestHostRuntimeProvider.dll'
TpTrace Information: 0 : 37016, 1, 2022/10/10, 11:19:55.306, 2317390189520, vstest.console.dll, AssemblyResolver.OnResolve: Microsoft.VisualStudio.TestPlatform.Extensions.Html.TestLogger: Resolving assembly.
TpTrace Information: 0 : 37016, 1, 2022/10/10, 11:19:55.306, 2317390190065, vstest.console.dll, AssemblyResolver.OnResolve: Microsoft.VisualStudio.TestPlatform.Extensions.Html.TestLogger: Searching in: 'c:\program files\dotnet\sdk\6.0.302\Extensions'.
TpTrace Information: 0 : 37016, 1, 2022/10/10, 11:19:55.307, 2317390195364, vstest.console.dll, AssemblyResolver.OnResolve: Microsoft.VisualStudio.TestPlatform.Extensions.Html.TestLogger: Loading assembly 'c:\program files\dotnet\sdk\6.0.302\Extensions\Microsoft.VisualStudio.TestPlatform.Extensions.Html.TestLogger.dll'.
TpTrace Information: 0 : 37016, 1, 2022/10/10, 11:19:55.308, 2317390205947, vstest.console.dll, AssemblyResolver.OnResolve: Resolved assembly: Microsoft.VisualStudio.TestPlatform.Extensions.Html.TestLogger, from path: c:\program files\dotnet\sdk\6.0.302\Extensions\Microsoft.VisualStudio.TestPlatform.Extensions.Html.TestLogger.dll
TpTrace Verbose: 0 : 37016, 1, 2022/10/10, 11:19:55.308, 2317390207503, vstest.console.dll, MetadataReaderExtensionsHelper: Discovering extensions inside assembly 'Microsoft.VisualStudio.TestPlatform.Extensions.Html.TestLogger, Version=15.0.0.0, Culture=neutral, PublicKeyToken=b03f5f7f11d50a3a' file path 'c:\program files\dotnet\sdk\6.0.302\Extensions\Microsoft.VisualStudio.TestPlatform.Extensions.Html.TestLogger.dll'
TpTrace Information: 0 : 37016, 1, 2022/10/10, 11:19:55.309, 2317390216525, vstest.console.dll, AssemblyResolver.OnResolve: Microsoft.VisualStudio.TestPlatform.Extensions.Trx.TestLogger: Resolving assembly.
TpTrace Information: 0 : 37016, 1, 2022/10/10, 11:19:55.309, 2317390217427, vstest.console.dll, AssemblyResolver.OnResolve: Microsoft.VisualStudio.TestPlatform.Extensions.Trx.TestLogger: Searching in: 'c:\program files\dotnet\sdk\6.0.302\Extensions'.
TpTrace Information: 0 : 37016, 1, 2022/10/10, 11:19:55.310, 2317390222918, vstest.console.dll, AssemblyResolver.OnResolve: Microsoft.VisualStudio.TestPlatform.Extensions.Trx.TestLogger: Loading assembly 'c:\program files\dotnet\sdk\6.0.302\Extensions\Microsoft.VisualStudio.TestPlatform.Extensions.Trx.TestLogger.dll'.
TpTrace Information: 0 : 37016, 1, 2022/10/10, 11:19:55.311, 2317390233636, vstest.console.dll, AssemblyResolver.OnResolve: Resolved assembly: Microsoft.VisualStudio.TestPlatform.Extensions.Trx.TestLogger, from path: c:\program files\dotnet\sdk\6.0.302\Extensions\Microsoft.VisualStudio.TestPlatform.Extensions.Trx.TestLogger.dll
TpTrace Verbose: 0 : 37016, 1, 2022/10/10, 11:19:55.311, 2317390234609, vstest.console.dll, MetadataReaderExtensionsHelper: Discovering extensions inside assembly 'Microsoft.VisualStudio.TestPlatform.Extensions.Trx.TestLogger, Version=15.0.0.0, Culture=neutral, PublicKeyToken=b03f5f7f11d50a3a' file path 'c:\program files\dotnet\sdk\6.0.302\Extensions\Microsoft.VisualStudio.TestPlatform.Extensions.Trx.TestLogger.dll'
TpTrace Verbose: 0 : 37016, 1, 2022/10/10, 11:19:55.312, 2317390247337, vstest.console.dll, TestPluginCache: Discovered the extensions using extension path ''.
TpTrace Verbose: 0 : 37016, 1, 2022/10/10, 11:19:55.312, 2317390248371, vstest.console.dll, TestPluginCache: Discoverers are ''.
TpTrace Verbose: 0 : 37016, 1, 2022/10/10, 11:19:55.312, 2317390248956, vstest.console.dll, TestPluginCache: Executors are ''.
TpTrace Verbose: 0 : 37016, 1, 2022/10/10, 11:19:55.312, 2317390249286, vstest.console.dll, TestPluginCache: Executors2 are ''.
TpTrace Verbose: 0 : 37016, 1, 2022/10/10, 11:19:55.312, 2317390249590, vstest.console.dll, TestPluginCache: Setting providers are ''.
TpTrace Verbose: 0 : 37016, 1, 2022/10/10, 11:19:55.312, 2317390249883, vstest.console.dll, TestPluginCache: Loggers are ''.
TpTrace Verbose: 0 : 37016, 1, 2022/10/10, 11:19:55.313, 2317390251705, vstest.console.dll, TestPluginCache: TestHosts are 'HostProvider://DefaultTestHost,HostProvider://DotnetTestHost'.
TpTrace Verbose: 0 : 37016, 1, 2022/10/10, 11:19:55.313, 2317390252194, vstest.console.dll, TestPluginCache: DataCollectors are ''.
TpTrace Information: 0 : 37016, 1, 2022/10/10, 11:19:55.328, 2317390405321, vstest.console.dll, RunTestsArgumentProcessor:Execute: Test run is starting.
TpTrace Verbose: 0 : 37016, 1, 2022/10/10, 11:19:55.328, 2317390406084, vstest.console.dll, RunTestsArgumentProcessor:Execute: Queuing Test run.
TpTrace Information: 0 : 37016, 1, 2022/10/10, 11:19:55.328, 2317390408503, vstest.console.dll, TestRequestManager.RunTests: run tests started.
TpTrace Information: 0 : 37016, 1, 2022/10/10, 11:19:55.331, 2317390433652, vstest.console.dll, AssemblyMetadataProvider.GetFrameWork: Determined framework:'.NETCoreApp,Version=v3.1' for source: 'C:\Users\luisf\Desktop\Repositori B1 Dev\OrbitService\OrbitService\test\B1Library-Test\bin\Debug\netcoreapp3.1\fine-code-coverage\build-output\B1Library_Tests.dll'
TpTrace Information: 0 : 37016, 1, 2022/10/10, 11:19:55.331, 2317390435434, vstest.console.dll, Determined framework for all sources: .NETCoreApp,Version=v3.1
TpTrace Verbose: 0 : 37016, 1, 2022/10/10, 11:19:55.331, 2317390440295, vstest.console.dll, TestRequestManager.UpdateRunSettingsIfRequired: Default architecture: X64 IsDefaultTargetArchitecture: True, Current process architecture: X64 OperatingSystem: Windows.
TpTrace Information: 0 : 37016, 1, 2022/10/10, 11:19:55.332, 2317390443739, vstest.console.dll, AssemblyMetadataProvider.GetArchitecture: Determined architecture:AnyCPU info for assembly: C:\Users\luisf\Desktop\Repositori B1 Dev\OrbitService\OrbitService\test\B1Library-Test\bin\Debug\netcoreapp3.1\fine-code-coverage\build-output\B1Library_Tests.dll
TpTrace Information: 0 : 37016, 1, 2022/10/10, 11:19:55.332, 2317390444468, vstest.console.dll, Determined platform for source 'C:\Users\luisf\Desktop\Repositori B1 Dev\OrbitService\OrbitService\test\B1Library-Test\bin\Debug\netcoreapp3.1\fine-code-coverage\build-output\B1Library_Tests.dll' is 'AnyCPU'
TpTrace Information: 0 : 37016, 1, 2022/10/10, 11:19:55.334, 2317390465748, vstest.console.dll, Determined platform for all sources: X64
TpTrace Information: 0 : 37016, 1, 2022/10/10, 11:19:55.334, 2317390466507, vstest.console.dll, Infered platform 'X64'.
TpTrace Information: 0 : 37016, 1, 2022/10/10, 11:19:55.334, 2317390466964, vstest.console.dll, Platform update to 'X64' required.
TpTrace Information: 0 : 37016, 1, 2022/10/10, 11:19:55.337, 2317390500630, vstest.console.dll, Compatible sources list: 
TpTrace Information: 0 : 37016, 1, 2022/10/10, 11:19:55.338, 2317390501454, vstest.console.dll, C:\Users\luisf\Desktop\Repositori B1 Dev\OrbitService\OrbitService\test\B1Library-Test\bin\Debug\netcoreapp3.1\fine-code-coverage\build-output\B1Library_Tests.dll
TpTrace Information: 0 : 37016, 1, 2022/10/10, 11:19:55.341, 2317390532774, vstest.console.dll, InferRunSettingsHelper.IsTestSettingsEnabled: Unable to navigate to RunSettings/MSTest. Current node: RunSettings
TpTrace Information: 0 : 37016, 1, 2022/10/10, 11:19:55.342, 2317390541371, vstest.console.dll, AssemblyResolver.OnResolve: Microsoft.VisualStudio.TestPlatform.Fakes: Resolving assembly.
TpTrace Information: 0 : 37016, 1, 2022/10/10, 11:19:55.342, 2317390542202, vstest.console.dll, AssemblyResolver.OnResolve: Microsoft.VisualStudio.TestPlatform.Fakes: Searching in: 'c:\program files\dotnet\sdk\6.0.302\Extensions'.
TpTrace Information: 0 : 37016, 1, 2022/10/10, 11:19:55.342, 2317390543415, vstest.console.dll, AssemblyResolver.OnResolve: Microsoft.VisualStudio.TestPlatform.Fakes: Assembly path does not exist: 'c:\program files\dotnet\sdk\6.0.302\Extensions\Microsoft.VisualStudio.TestPlatform.Fakes.dll', returning.
TpTrace Information: 0 : 37016, 1, 2022/10/10, 11:19:55.342, 2317390544377, vstest.console.dll, AssemblyResolver.OnResolve: Microsoft.VisualStudio.TestPlatform.Fakes: Assembly path does not exist: 'c:\program files\dotnet\sdk\6.0.302\Extensions\Microsoft.VisualStudio.TestPlatform.Fakes.exe', returning.
TpTrace Information: 0 : 37016, 1, 2022/10/10, 11:19:55.342, 2317390544929, vstest.console.dll, AssemblyResolver.OnResolve: Microsoft.VisualStudio.TestPlatform.Fakes: Searching in: 'c:\program files\dotnet\sdk\6.0.302'.
TpTrace Information: 0 : 37016, 1, 2022/10/10, 11:19:55.342, 2317390545800, vstest.console.dll, AssemblyResolver.OnResolve: Microsoft.VisualStudio.TestPlatform.Fakes: Assembly path does not exist: 'c:\program files\dotnet\sdk\6.0.302\Microsoft.VisualStudio.TestPlatform.Fakes.dll', returning.
TpTrace Information: 0 : 37016, 1, 2022/10/10, 11:19:55.342, 2317390546718, vstest.console.dll, AssemblyResolver.OnResolve: Microsoft.VisualStudio.TestPlatform.Fakes: Assembly path does not exist: 'c:\program files\dotnet\sdk\6.0.302\Microsoft.VisualStudio.TestPlatform.Fakes.exe', returning.
TpTrace Information: 0 : 37016, 1, 2022/10/10, 11:19:55.342, 2317390547171, vstest.console.dll, AssemblyResolver.OnResolve: Microsoft.VisualStudio.TestPlatform.Fakes: Failed to load assembly.
TpTrace Information: 0 : 37016, 1, 2022/10/10, 11:19:55.342, 2317390550668, vstest.console.dll, Failed to load assembly Microsoft.VisualStudio.TestPlatform.Fakes, Version=17.0.0.0, Culture=neutral. Reason:System.IO.FileNotFoundException: Could not load file or assembly 'Microsoft.VisualStudio.TestPlatform.Fakes, Version=17.0.0.0, Culture=neutral, PublicKeyToken=null'. O sistema não pode encontrar o arquivo especificado.
File name: 'Microsoft.VisualStudio.TestPlatform.Fakes, Version=17.0.0.0, Culture=neutral, PublicKeyToken=null'
   at System.Reflection.RuntimeAssembly.InternalLoad(ObjectHandleOnStack assemblyName, ObjectHandleOnStack requestingAssembly, StackCrawlMarkHandle stackMark, Boolean throwOnFileNotFound, ObjectHandleOnStack assemblyLoadContext, ObjectHandleOnStack retAssembly)
   at System.Reflection.RuntimeAssembly.InternalLoad(AssemblyName assemblyName, RuntimeAssembly requestingAssembly, StackCrawlMark& stackMark, Boolean throwOnFileNotFound, AssemblyLoadContext assemblyLoadContext)
   at System.Reflection.Assembly.Load(AssemblyName assemblyRef)
   at Microsoft.VisualStudio.TestPlatform.Common.Utilities.FakesUtilities.LoadTestPlatformAssembly()
TpTrace Verbose: 0 : 37016, 1, 2022/10/10, 11:19:55.347, 2317390594552, vstest.console.dll, TestPluginCache.DiscoverTestExtensions: finding test extensions in assemblies ends with: TestLogger.dll TPluginInfo: Microsoft.VisualStudio.TestPlatform.Common.ExtensionFramework.Utilities.TestLoggerPluginInformation TExtension: Microsoft.VisualStudio.TestPlatform.ObjectModel.Client.ITestLogger
TpTrace Verbose: 0 : 37016, 1, 2022/10/10, 11:19:55.347, 2317390595569, vstest.console.dll, TestPluginCache.GetExtensionPaths: Filtered extension paths: 
TpTrace Verbose: 0 : 37016, 1, 2022/10/10, 11:19:55.347, 2317390596064, vstest.console.dll, TestPluginCache.GetExtensionPaths: Added default extension paths: c:\program files\dotnet\sdk\6.0.302\Extensions\DumpMinitool.exe
c:\program files\dotnet\sdk\6.0.302\Extensions\DumpMinitool.x86.exe
c:\program files\dotnet\sdk\6.0.302\Extensions\Microsoft.Diagnostics.NETCore.Client.dll
c:\program files\dotnet\sdk\6.0.302\Extensions\Microsoft.TestPlatform.Extensions.BlameDataCollector.dll
c:\program files\dotnet\sdk\6.0.302\Extensions\Microsoft.TestPlatform.Extensions.EventLogCollector.dll
c:\program files\dotnet\sdk\6.0.302\Extensions\Microsoft.TestPlatform.TestHostRuntimeProvider.dll
c:\program files\dotnet\sdk\6.0.302\Extensions\Microsoft.VisualStudio.TestPlatform.Extensions.Html.TestLogger.dll
c:\program files\dotnet\sdk\6.0.302\Extensions\Microsoft.VisualStudio.TestPlatform.Extensions.Trx.TestLogger.dll
TpTrace Verbose: 0 : 37016, 1, 2022/10/10, 11:19:55.347, 2317390596545, vstest.console.dll, TestPluginCache.GetExtensionPaths: Added unfilterableExtensionPaths: 
TpTrace Information: 0 : 37016, 1, 2022/10/10, 11:19:55.347, 2317390598244, vstest.console.dll, AssemblyResolver.AddSearchDirectories: Adding more searchDirectories c:\program files\dotnet\sdk\6.0.302\Extensions,c:\program files\dotnet\sdk\6.0.302
TpTrace Verbose: 0 : 37016, 1, 2022/10/10, 11:19:55.347, 2317390599057, vstest.console.dll, TestPluginCache.DiscoverTestExtensions: Discovering the extensions using extension path.
TpTrace Verbose: 0 : 37016, 1, 2022/10/10, 11:19:55.347, 2317390599528, vstest.console.dll, TestPluginCache.GetExtensionPaths: Filtered extension paths: 
TpTrace Verbose: 0 : 37016, 1, 2022/10/10, 11:19:55.347, 2317390599922, vstest.console.dll, TestPluginCache.GetExtensionPaths: Added default extension paths: c:\program files\dotnet\sdk\6.0.302\Extensions\DumpMinitool.exe
c:\program files\dotnet\sdk\6.0.302\Extensions\DumpMinitool.x86.exe
c:\program files\dotnet\sdk\6.0.302\Extensions\Microsoft.Diagnostics.NETCore.Client.dll
c:\program files\dotnet\sdk\6.0.302\Extensions\Microsoft.TestPlatform.Extensions.BlameDataCollector.dll
c:\program files\dotnet\sdk\6.0.302\Extensions\Microsoft.TestPlatform.Extensions.EventLogCollector.dll
c:\program files\dotnet\sdk\6.0.302\Extensions\Microsoft.TestPlatform.TestHostRuntimeProvider.dll
c:\program files\dotnet\sdk\6.0.302\Extensions\Microsoft.VisualStudio.TestPlatform.Extensions.Html.TestLogger.dll
c:\program files\dotnet\sdk\6.0.302\Extensions\Microsoft.VisualStudio.TestPlatform.Extensions.Trx.TestLogger.dll
TpTrace Verbose: 0 : 37016, 1, 2022/10/10, 11:19:55.347, 2317390600421, vstest.console.dll, TestPluginCache.GetExtensionPaths: Added unfilterableExtensionPaths: 
TpTrace Verbose: 0 : 37016, 1, 2022/10/10, 11:19:55.348, 2317390600846, vstest.console.dll, TestPluginCache.DiscoverTestExtensions: Discovering the extensions using allExtensionPaths: c:\program files\dotnet\sdk\6.0.302\Extensions\DumpMinitool.exe
c:\program files\dotnet\sdk\6.0.302\Extensions\DumpMinitool.x86.exe
c:\program files\dotnet\sdk\6.0.302\Extensions\Microsoft.Diagnostics.NETCore.Client.dll
c:\program files\dotnet\sdk\6.0.302\Extensions\Microsoft.TestPlatform.Extensions.BlameDataCollector.dll
c:\program files\dotnet\sdk\6.0.302\Extensions\Microsoft.TestPlatform.Extensions.EventLogCollector.dll
c:\program files\dotnet\sdk\6.0.302\Extensions\Microsoft.TestPlatform.TestHostRuntimeProvider.dll
c:\program files\dotnet\sdk\6.0.302\Extensions\Microsoft.VisualStudio.TestPlatform.Extensions.Html.TestLogger.dll
c:\program files\dotnet\sdk\6.0.302\Extensions\Microsoft.VisualStudio.TestPlatform.Extensions.Trx.TestLogger.dll
TpTrace Information: 0 : 37016, 1, 2022/10/10, 11:19:55.348, 2317390601558, vstest.console.dll, AssemblyResolver.AddSearchDirectories: Adding more searchDirectories c:\program files\dotnet\sdk\6.0.302\Extensions,c:\program files\dotnet\sdk\6.0.302
TpTrace Information: 0 : 37016, 1, 2022/10/10, 11:19:55.348, 2317390602018, vstest.console.dll, AssemblyResolver.AddSearchDirectories: Adding more searchDirectories c:\program files\dotnet\sdk\6.0.302\Extensions,c:\program files\dotnet\sdk\6.0.302
TpTrace Information: 0 : 37016, 1, 2022/10/10, 11:19:55.348, 2317390602498, vstest.console.dll, AssemblyResolver.AddSearchDirectories: Adding more searchDirectories c:\program files\dotnet\sdk\6.0.302\Extensions,c:\program files\dotnet\sdk\6.0.302
TpTrace Information: 0 : 37016, 1, 2022/10/10, 11:19:55.348, 2317390602895, vstest.console.dll, AssemblyResolver.AddSearchDirectories: Adding more searchDirectories c:\program files\dotnet\sdk\6.0.302\Extensions,c:\program files\dotnet\sdk\6.0.302
TpTrace Information: 0 : 37016, 1, 2022/10/10, 11:19:55.348, 2317390603265, vstest.console.dll, AssemblyResolver.AddSearchDirectories: Adding more searchDirectories c:\program files\dotnet\sdk\6.0.302\Extensions,c:\program files\dotnet\sdk\6.0.302
TpTrace Information: 0 : 37016, 1, 2022/10/10, 11:19:55.348, 2317390603708, vstest.console.dll, AssemblyResolver.AddSearchDirectories: Adding more searchDirectories c:\program files\dotnet\sdk\6.0.302\Extensions,c:\program files\dotnet\sdk\6.0.302
TpTrace Information: 0 : 37016, 1, 2022/10/10, 11:19:55.348, 2317390604098, vstest.console.dll, AssemblyResolver.AddSearchDirectories: Adding more searchDirectories c:\program files\dotnet\sdk\6.0.302\Extensions,c:\program files\dotnet\sdk\6.0.302
TpTrace Information: 0 : 37016, 1, 2022/10/10, 11:19:55.348, 2317390604461, vstest.console.dll, AssemblyResolver.AddSearchDirectories: Adding more searchDirectories c:\program files\dotnet\sdk\6.0.302\Extensions,c:\program files\dotnet\sdk\6.0.302
TpTrace Verbose: 0 : 37016, 1, 2022/10/10, 11:19:55.348, 2317390606089, vstest.console.dll, MetadataReaderExtensionsHelper: Discovering extensions inside assembly 'DumpMinitool, Version=15.0.0.0, Culture=neutral, PublicKeyToken=b03f5f7f11d50a3a' file path 'c:\program files\dotnet\sdk\6.0.302\Extensions\DumpMinitool.exe'
TpTrace Verbose: 0 : 37016, 1, 2022/10/10, 11:19:55.349, 2317390613011, vstest.console.dll, MetadataReaderExtensionsHelper: Discovering extensions inside assembly 'DumpMinitool.x86, Version=15.0.0.0, Culture=neutral, PublicKeyToken=b03f5f7f11d50a3a' file path 'c:\program files\dotnet\sdk\6.0.302\Extensions\DumpMinitool.x86.exe'
TpTrace Verbose: 0 : 37016, 1, 2022/10/10, 11:19:55.349, 2317390618163, vstest.console.dll, MetadataReaderExtensionsHelper: Discovering extensions inside assembly 'Microsoft.Diagnostics.NETCore.Client, Version=0.2.5.801, Culture=neutral, PublicKeyToken=31bf3856ad364e35' file path 'c:\program files\dotnet\sdk\6.0.302\Extensions\Microsoft.Diagnostics.NETCore.Client.dll'
TpTrace Information: 0 : 37016, 1, 2022/10/10, 11:19:55.350, 2317390624459, vstest.console.dll, AssemblyResolver.OnResolve: Microsoft.Bcl.AsyncInterfaces: Resolving assembly.
TpTrace Information: 0 : 37016, 1, 2022/10/10, 11:19:55.350, 2317390625087, vstest.console.dll, AssemblyResolver.OnResolve: Microsoft.Bcl.AsyncInterfaces: Resolved from cache.
TpTrace Verbose: 0 : 37016, 1, 2022/10/10, 11:19:55.350, 2317390625546, vstest.console.dll, CurrentDomainAssemblyResolve: Resolving assembly 'Microsoft.Bcl.AsyncInterfaces'.
TpTrace Information: 0 : 37016, 1, 2022/10/10, 11:19:55.350, 2317390626164, vstest.console.dll, AssemblyResolver.OnResolve: Microsoft.Bcl.AsyncInterfaces: Resolving assembly.
TpTrace Information: 0 : 37016, 1, 2022/10/10, 11:19:55.350, 2317390626589, vstest.console.dll, AssemblyResolver.OnResolve: Microsoft.Bcl.AsyncInterfaces: Resolved from cache.
TpTrace Verbose: 0 : 37016, 1, 2022/10/10, 11:19:55.350, 2317390626977, vstest.console.dll, CurrentDomainAssemblyResolve: Resolving assembly 'Microsoft.Bcl.AsyncInterfaces'.
TpTrace Verbose: 0 : 37016, 1, 2022/10/10, 11:19:55.350, 2317390627410, vstest.console.dll, CurrentDomainAssemblyResolve: Failed to resolve assembly 'Microsoft.Bcl.AsyncInterfaces'.
TpTrace Verbose: 0 : 37016, 1, 2022/10/10, 11:19:55.350, 2317390629214, vstest.console.dll, CurrentDomainAssemblyResolve: Failed to resolve assembly 'Microsoft.Bcl.AsyncInterfaces'.
TpTrace Warning: 0 : 37016, 1, 2022/10/10, 11:19:55.351, 2317390634297, vstest.console.dll, TestPluginDiscoverer: Failed to get types from assembly 'Microsoft.Diagnostics.NETCore.Client, Version=0.2.5.801, Culture=neutral, PublicKeyToken=31bf3856ad364e35'. Error: System.Reflection.ReflectionTypeLoadException: Unable to load one or more of the requested types.
Could not load file or assembly 'Microsoft.Bcl.AsyncInterfaces, Version=1.0.0.0, Culture=neutral, PublicKeyToken=cc7b13ffcd2ddd51'. O sistema não pode encontrar o arquivo especificado.
   at System.Reflection.RuntimeModule.GetTypes(RuntimeModule module)
   at System.Reflection.Assembly.GetTypes()
   at Microsoft.VisualStudio.TestPlatform.Common.ExtensionFramework.TestPluginDiscoverer.GetTestExtensionsFromAssembly[TPluginInfo,TExtension](Assembly assembly, Dictionary`2 pluginInfos, String filePath)
System.IO.FileNotFoundException: Could not load file or assembly 'Microsoft.Bcl.AsyncInterfaces, Version=1.0.0.0, Culture=neutral, PublicKeyToken=cc7b13ffcd2ddd51'. O sistema não pode encontrar o arquivo especificado.
File name: 'Microsoft.Bcl.AsyncInterfaces, Version=1.0.0.0, Culture=neutral, PublicKeyToken=cc7b13ffcd2ddd51'
 ---> System.IO.FileNotFoundException: Could not load file or assembly 'Microsoft.Bcl.AsyncInterfaces, Culture=neutral, PublicKeyToken=null'. O sistema não pode encontrar o arquivo especificado.
File name: 'Microsoft.Bcl.AsyncInterfaces, Culture=neutral, PublicKeyToken=null'
   at System.Reflection.RuntimeAssembly.InternalLoad(ObjectHandleOnStack assemblyName, ObjectHandleOnStack requestingAssembly, StackCrawlMarkHandle stackMark, Boolean throwOnFileNotFound, ObjectHandleOnStack assemblyLoadContext, ObjectHandleOnStack retAssembly)
   at System.Reflection.RuntimeAssembly.InternalLoad(AssemblyName assemblyName, RuntimeAssembly requestingAssembly, StackCrawlMark& stackMark, Boolean throwOnFileNotFound, AssemblyLoadContext assemblyLoadContext)
   at System.Reflection.Assembly.Load(AssemblyName assemblyRef)
   at Microsoft.VisualStudio.TestPlatform.Common.ExtensionFramework.TestPluginCache.CurrentDomainAssemblyResolve(Object sender, AssemblyResolveEventArgs args)
   at Microsoft.VisualStudio.TestPlatform.PlatformAbstractions.PlatformAssemblyResolver.AssemblyResolverEvent(Object sender, Object eventArgs)
   at System.Runtime.Loader.AssemblyLoadContext.GetFirstResolvedAssemblyFromResolvingEvent(AssemblyName assemblyName)
   at System.Runtime.Loader.AssemblyLoadContext.ResolveUsingEvent(AssemblyName assemblyName)
   at System.Runtime.Loader.AssemblyLoadContext.ResolveUsingResolvingEvent(IntPtr gchManagedAssemblyLoadContext, AssemblyName assemblyName)
TpTrace Warning: 0 : 37016, 1, 2022/10/10, 11:19:55.351, 2317390636712, vstest.console.dll, LoaderExceptions: System.IO.FileNotFoundException: Could not load file or assembly 'Microsoft.Bcl.AsyncInterfaces, Version=1.0.0.0, Culture=neutral, PublicKeyToken=cc7b13ffcd2ddd51'. O sistema não pode encontrar o arquivo especificado.
File name: 'Microsoft.Bcl.AsyncInterfaces, Version=1.0.0.0, Culture=neutral, PublicKeyToken=cc7b13ffcd2ddd51'
 ---> System.IO.FileNotFoundException: Could not load file or assembly 'Microsoft.Bcl.AsyncInterfaces, Culture=neutral, PublicKeyToken=null'. O sistema não pode encontrar o arquivo especificado.
File name: 'Microsoft.Bcl.AsyncInterfaces, Culture=neutral, PublicKeyToken=null'
   at System.Reflection.RuntimeAssembly.InternalLoad(ObjectHandleOnStack assemblyName, ObjectHandleOnStack requestingAssembly, StackCrawlMarkHandle stackMark, Boolean throwOnFileNotFound, ObjectHandleOnStack assemblyLoadContext, ObjectHandleOnStack retAssembly)
   at System.Reflection.RuntimeAssembly.InternalLoad(AssemblyName assemblyName, RuntimeAssembly requestingAssembly, StackCrawlMark& stackMark, Boolean throwOnFileNotFound, AssemblyLoadContext assemblyLoadContext)
   at System.Reflection.Assembly.Load(AssemblyName assemblyRef)
   at Microsoft.VisualStudio.TestPlatform.Common.ExtensionFramework.TestPluginCache.CurrentDomainAssemblyResolve(Object sender, AssemblyResolveEventArgs args)
   at Microsoft.VisualStudio.TestPlatform.PlatformAbstractions.PlatformAssemblyResolver.AssemblyResolverEvent(Object sender, Object eventArgs)
   at System.Runtime.Loader.AssemblyLoadContext.GetFirstResolvedAssemblyFromResolvingEvent(AssemblyName assemblyName)
   at System.Runtime.Loader.AssemblyLoadContext.ResolveUsingEvent(AssemblyName assemblyName)
   at System.Runtime.Loader.AssemblyLoadContext.ResolveUsingResolvingEvent(IntPtr gchManagedAssemblyLoadContext, AssemblyName assemblyName)
TpTrace Verbose: 0 : 37016, 1, 2022/10/10, 11:19:55.351, 2317390638014, vstest.console.dll, MetadataReaderExtensionsHelper: Discovering extensions inside assembly 'Microsoft.TestPlatform.Extensions.BlameDataCollector, Version=15.0.0.0, Culture=neutral, PublicKeyToken=b03f5f7f11d50a3a' file path 'c:\program files\dotnet\sdk\6.0.302\Extensions\Microsoft.TestPlatform.Extensions.BlameDataCollector.dll'
TpTrace Information: 0 : 37016, 1, 2022/10/10, 11:19:55.352, 2317390644525, vstest.console.dll, GetTestExtensionFromType: Register extension with identifier data 'logger://Microsoft/TestPlatform/Extensions/Blame/v1' and type 'Microsoft.TestPlatform.Extensions.BlameDataCollector.BlameLogger, Microsoft.TestPlatform.Extensions.BlameDataCollector, Version=15.0.0.0, Culture=neutral, PublicKeyToken=b03f5f7f11d50a3a' inside file 'c:\program files\dotnet\sdk\6.0.302\Extensions\Microsoft.TestPlatform.Extensions.BlameDataCollector.dll'
TpTrace Verbose: 0 : 37016, 1, 2022/10/10, 11:19:55.352, 2317390645492, vstest.console.dll, MetadataReaderExtensionsHelper: Discovering extensions inside assembly 'Microsoft.TestPlatform.Extensions.EventLogCollector, Version=15.0.0.0, Culture=neutral, PublicKeyToken=b03f5f7f11d50a3a' file path 'c:\program files\dotnet\sdk\6.0.302\Extensions\Microsoft.TestPlatform.Extensions.EventLogCollector.dll'
TpTrace Verbose: 0 : 37016, 1, 2022/10/10, 11:19:55.353, 2317390651272, vstest.console.dll, MetadataReaderExtensionsHelper: Discovering extensions inside assembly 'Microsoft.TestPlatform.TestHostRuntimeProvider, Version=15.0.0.0, Culture=neutral, PublicKeyToken=b03f5f7f11d50a3a' file path 'c:\program files\dotnet\sdk\6.0.302\Extensions\Microsoft.TestPlatform.TestHostRuntimeProvider.dll'
TpTrace Verbose: 0 : 37016, 1, 2022/10/10, 11:19:55.353, 2317390656578, vstest.console.dll, MetadataReaderExtensionsHelper: Discovering extensions inside assembly 'Microsoft.VisualStudio.TestPlatform.Extensions.Html.TestLogger, Version=15.0.0.0, Culture=neutral, PublicKeyToken=b03f5f7f11d50a3a' file path 'c:\program files\dotnet\sdk\6.0.302\Extensions\Microsoft.VisualStudio.TestPlatform.Extensions.Html.TestLogger.dll'
TpTrace Information: 0 : 37016, 1, 2022/10/10, 11:19:55.354, 2317390661546, vstest.console.dll, GetTestExtensionFromType: Register extension with identifier data 'logger://Microsoft/TestPlatform/HtmlLogger/v1' and type 'Microsoft.VisualStudio.TestPlatform.Extensions.HtmlLogger.HtmlLogger, Microsoft.VisualStudio.TestPlatform.Extensions.Html.TestLogger, Version=15.0.0.0, Culture=neutral, PublicKeyToken=b03f5f7f11d50a3a' inside file 'c:\program files\dotnet\sdk\6.0.302\Extensions\Microsoft.VisualStudio.TestPlatform.Extensions.Html.TestLogger.dll'
TpTrace Verbose: 0 : 37016, 1, 2022/10/10, 11:19:55.354, 2317390662520, vstest.console.dll, MetadataReaderExtensionsHelper: Discovering extensions inside assembly 'Microsoft.VisualStudio.TestPlatform.Extensions.Trx.TestLogger, Version=15.0.0.0, Culture=neutral, PublicKeyToken=b03f5f7f11d50a3a' file path 'c:\program files\dotnet\sdk\6.0.302\Extensions\Microsoft.VisualStudio.TestPlatform.Extensions.Trx.TestLogger.dll'
TpTrace Information: 0 : 37016, 1, 2022/10/10, 11:19:55.354, 2317390668233, vstest.console.dll, GetTestExtensionFromType: Register extension with identifier data 'logger://Microsoft/TestPlatform/TrxLogger/v1' and type 'Microsoft.VisualStudio.TestPlatform.Extensions.TrxLogger.TrxLogger, Microsoft.VisualStudio.TestPlatform.Extensions.Trx.TestLogger, Version=15.0.0.0, Culture=neutral, PublicKeyToken=b03f5f7f11d50a3a' inside file 'c:\program files\dotnet\sdk\6.0.302\Extensions\Microsoft.VisualStudio.TestPlatform.Extensions.Trx.TestLogger.dll'
TpTrace Verbose: 0 : 37016, 1, 2022/10/10, 11:19:55.354, 2317390669327, vstest.console.dll, TestPluginCache: Discovered the extensions using extension path ''.
TpTrace Verbose: 0 : 37016, 1, 2022/10/10, 11:19:55.354, 2317390669970, vstest.console.dll, TestPluginCache: Discoverers are ''.
TpTrace Verbose: 0 : 37016, 1, 2022/10/10, 11:19:55.354, 2317390670326, vstest.console.dll, TestPluginCache: Executors are ''.
TpTrace Verbose: 0 : 37016, 1, 2022/10/10, 11:19:55.354, 2317390670643, vstest.console.dll, TestPluginCache: Executors2 are ''.
TpTrace Verbose: 0 : 37016, 1, 2022/10/10, 11:19:55.355, 2317390670947, vstest.console.dll, TestPluginCache: Setting providers are ''.
TpTrace Verbose: 0 : 37016, 1, 2022/10/10, 11:19:55.355, 2317390671793, vstest.console.dll, TestPluginCache: Loggers are 'logger://Microsoft/TestPlatform/Extensions/Blame/v1,logger://Microsoft/TestPlatform/HtmlLogger/v1,logger://Microsoft/TestPlatform/TrxLogger/v1'.
TpTrace Verbose: 0 : 37016, 1, 2022/10/10, 11:19:55.355, 2317390672474, vstest.console.dll, TestPluginCache: TestHosts are 'HostProvider://DefaultTestHost,HostProvider://DotnetTestHost'.
TpTrace Verbose: 0 : 37016, 1, 2022/10/10, 11:19:55.355, 2317390672957, vstest.console.dll, TestPluginCache: DataCollectors are ''.
TpTrace Information: 0 : 37016, 1, 2022/10/10, 11:19:55.356, 2317390681560, vstest.console.dll, TestPluginManager.CreateTestExtension: Attempting to load test extension: Microsoft.TestPlatform.Extensions.BlameDataCollector.BlameLogger
TpTrace Information: 0 : 37016, 1, 2022/10/10, 11:19:55.362, 2317390743187, vstest.console.dll, TestPluginManager.CreateTestExtension: Attempting to load test extension: Microsoft.VisualStudio.TestPlatform.CrossPlatEngine.Hosting.DefaultTestHostManager
TpTrace Information: 0 : 37016, 1, 2022/10/10, 11:19:55.364, 2317390760966, vstest.console.dll, TestPluginManager.CreateTestExtension: Attempting to load test extension: Microsoft.VisualStudio.TestPlatform.CrossPlatEngine.Hosting.DotnetTestHostManager
TpTrace Verbose: 0 : 37016, 1, 2022/10/10, 11:19:55.364, 2317390768263, vstest.console.dll, TestEngine: Initializing Parallel Execution as MaxCpuCount is set to: 1
TpTrace Information: 0 : 37016, 1, 2022/10/10, 11:19:55.365, 2317390775303, vstest.console.dll, InferRunSettingsHelper.IsTestSettingsEnabled: Unable to navigate to RunSettings/MSTest. Current node: RunSettings
TpTrace Verbose: 0 : 37016, 1, 2022/10/10, 11:19:55.366, 2317390790172, vstest.console.dll, TestRequestSender is acting as server.
TpTrace Verbose: 0 : 37016, 1, 2022/10/10, 11:19:55.368, 2317390804032, vstest.console.dll, TestEngine.GetExecutionManager: Chosen execution manager 'Microsoft.VisualStudio.TestPlatform.CrossPlatEngine.Client.Parallel.ParallelProxyExecutionManager, Microsoft.TestPlatform.CrossPlatEngine, Version=15.0.0.0, Culture=neutral, PublicKeyToken=b03f5f7f11d50a3a' ParallelLevel '1' Shared host 'False'
TpTrace Verbose: 0 : 37016, 5, 2022/10/10, 11:19:55.371, 2317390839649, vstest.console.dll, DataCollectionRequestSender.InitializeCommunication : Initialize communication. 
TpTrace Information: 0 : 37016, 5, 2022/10/10, 11:19:55.380, 2317390926781, vstest.console.dll, Listening on Endpoint : 127.0.0.1:60587
TpTrace Verbose: 0 : 37016, 5, 2022/10/10, 11:19:55.389, 2317391018298, vstest.console.dll, DotnetDataCollectionLauncher: Full path of dotnet.exe is c:\program files\dotnet\dotnet.exe
TpTrace Verbose: 0 : 37016, 5, 2022/10/10, 11:19:55.389, 2317391020380, vstest.console.dll, DotnetDataCollectionLauncher: Adding  --runtimeconfig "c:\program files\dotnet\sdk\6.0.302\datacollector.runtimeconfig.json" in args
TpTrace Verbose: 0 : 37016, 5, 2022/10/10, 11:19:55.390, 2317391021486, vstest.console.dll, DotnetDataCollectionLauncher: Adding  --depsfile "c:\program files\dotnet\sdk\6.0.302\datacollector.deps.json" in args
TpTrace Information: 0 : 37016, 5, 2022/10/10, 11:19:55.400, 2317391121292, vstest.console.dll, ProxyDataCollectionManager.Initialize: Launched datacollector processId: 35708 port: 60587
TpTrace Information: 0 : 37016, 5, 2022/10/10, 11:19:55.400, 2317391122769, vstest.console.dll, ProxyDataCollectionManager.Initialize: waiting for connection with timeout: 90 seconds
TpTrace Verbose: 0 : 37016, 5, 2022/10/10, 11:19:55.400, 2317391123485, vstest.console.dll, DataCollectionRequestSender.WaitForRequestHandlerConnection : Waiting for connection with timeout: 90000
TpTrace Information: 0 : 37016, 8, 2022/10/10, 11:19:55.595, 2317393073469, vstest.console.dll, Using the buffer size of 16384 bytes
TpTrace Verbose: 0 : 37016, 5, 2022/10/10, 11:19:55.595, 2317393073768, vstest.console.dll, SocketCommunicationManager.WaitForClientConnection took: 194 ms, with 90000 ms timeout, and finished with True.
TpTrace Information: 0 : 37016, 8, 2022/10/10, 11:19:55.595, 2317393074568, vstest.console.dll, Accepted Client request and set the flag
TpTrace Verbose: 0 : 37016, 5, 2022/10/10, 11:19:55.595, 2317393076176, vstest.console.dll, ProxyDataCollectionManager.InvokeDataCollectionServiceAction: Starting.
TpTrace Information: 0 : 37016, 5, 2022/10/10, 11:19:55.595, 2317393077437, vstest.console.dll, ProxyDataCollectionManager.BeforeTestRunStart: Get environment variable and port for datacollector processId: 35708 port: 60587
TpTrace Verbose: 0 : 37016, 5, 2022/10/10, 11:19:55.595, 2317393078817, vstest.console.dll, DataCollectionRequestSender.SendBeforeTestRunStartAndGetResult: Send BeforeTestRunStart message with settingsXml <RunSettings><RunConfiguration><ResultsDirectory>C:\Users\luisf\Desktop\Repositori B1 Dev\OrbitService\OrbitService\test\B1Library-Test\bin\Debug\netcoreapp3.1\fine-code-coverage\coverage-tool-output</ResultsDirectory><TargetPlatform>X64</TargetPlatform><TargetFrameworkVersion>.NETCoreApp,Version=v3.1</TargetFrameworkVersion><DesignMode>False</DesignMode><CollectSourceInformation>False</CollectSourceInformation><TestAdaptersPaths>c:\program files\dotnet\sdk\6.0.302\Extensions</TestAdaptersPaths></RunConfiguration><LoggerRunSettings><Loggers><Logger friendlyName="blame" enabled="True" /><Logger friendlyName="Console" uri="logger://microsoft/TestPlatform/ConsoleLogger/v1" assemblyQualifiedName="Microsoft.VisualStudio.TestPlatform.CommandLine.Internal.ConsoleLogger, vstest.console, Version=15.0.0.0, Culture=neutral, PublicKeyToken=b03f5f7f11d50a3a" codeBase="c:\program files\dotnet\sdk\6.0.302\vstest.console.dll" enabled="True" /></Loggers></LoggerRunSettings><DataCollectionRunSettings><DataCollectors><DataCollector friendlyName="blame" enabled="True"><Configuration><ResultsDirectory>C:\Users\luisf\Desktop\Repositori B1 Dev\OrbitService\OrbitService\test\B1Library-Test\bin\Debug\netcoreapp3.1\fine-code-coverage\coverage-tool-output</ResultsDirectory></Configuration></DataCollector></DataCollectors></DataCollectionRunSettings></RunSettings> and sources System.Linq.Enumerable+Concat2Iterator`1[System.String]: 
TpTrace Verbose: 0 : 37016, 5, 2022/10/10, 11:19:55.683, 2317393958251, vstest.console.dll, DataCollectionRequestSender.SendBeforeTestRunStartAndGetResult: Received message: (DataCollection.SendMessage) -> {
  "FriendlyName": null,
  "Uri": null,
  "TestCaseId": "00000000-0000-0000-0000-000000000000",
  "Message": "Logging DataCollector Diagnostics in file: C:\\Users\\luisf\\Desktop\\Repositori B1 Dev\\OrbitService\\OrbitService\\test\\B1Library-Test\\bin\\Debug\\netcoreapp3.1\\fine-code-coverage\\coverage-tool-output\\diagnostics.datacollector.22-10-10_11-19-55_38938_5.log",
  "Level": 0
}
TpTrace Verbose: 0 : 37016, 5, 2022/10/10, 11:19:55.788, 2317395003271, vstest.console.dll, DataCollectionRequestSender.SendBeforeTestRunStartAndGetResult: Received message: (DataCollection.BeforeTestRunStartResult) -> {
  "EnvironmentVariables": {},
  "DataCollectionEventsPort": 60589
}
TpTrace Information: 0 : 37016, 5, 2022/10/10, 11:19:55.795, 2317395072259, vstest.console.dll, ProxyDataCollectionManager.BeforeTestRunStart: SendBeforeTestRunStartAndGetResult successful, env variable from datacollector:   and testhost port: 60589
TpTrace Information: 0 : 37016, 5, 2022/10/10, 11:19:55.795, 2317395073136, vstest.console.dll, ProxyDataCollectionManager.InvokeDataCollectionServiceAction: Completed.
TpTrace Verbose: 0 : 37016, 1, 2022/10/10, 11:19:55.795, 2317395074767, vstest.console.dll, TestRunRequest.ExecuteAsync: Creating test run request.
TpTrace Verbose: 0 : 37016, 1, 2022/10/10, 11:19:55.795, 2317395078502, vstest.console.dll, TestRunRequest.ExecuteAsync: Starting.
TpTrace Information: 0 : 37016, 1, 2022/10/10, 11:19:55.796, 2317395082936, vstest.console.dll, TestRunRequest.ExecuteAsync: Starting run with settings:TestRunCriteria:
   KeepAlive=False,FrequencyOfRunStatsChangeEvent=10,RunStatsChangeEventTimeout=00:00:01.5000000,TestCaseFilter=,TestExecutorLauncher=
   Settingsxml=<RunSettings>
  <RunConfiguration>
    <ResultsDirectory>C:\Users\luisf\Desktop\Repositori B1 Dev\OrbitService\OrbitService\test\B1Library-Test\bin\Debug\netcoreapp3.1\fine-code-coverage\coverage-tool-output</ResultsDirectory>
    <TargetPlatform>X64</TargetPlatform>
    <TargetFrameworkVersion>.NETCoreApp,Version=v3.1</TargetFrameworkVersion>
    <DesignMode>False</DesignMode>
    <CollectSourceInformation>False</CollectSourceInformation>
  </RunConfiguration>
  <LoggerRunSettings>
    <Loggers>
      <Logger friendlyName="blame" enabled="True" />
      <Logger friendlyName="Console" uri="logger://microsoft/TestPlatform/ConsoleLogger/v1" assemblyQualifiedName="Microsoft.VisualStudio.TestPlatform.CommandLine.Internal.ConsoleLogger, vstest.console, Version=15.0.0.0, Culture=neutral, PublicKeyToken=b03f5f7f11d50a3a" codeBase="c:\program files\dotnet\sdk\6.0.302\vstest.console.dll" enabled="True" />
    </Loggers>
  </LoggerRunSettings>
  <DataCollectionRunSettings>
    <DataCollectors>
      <DataCollector friendlyName="blame" enabled="True">
        <Configuration>
          <ResultsDirectory>C:\Users\luisf\Desktop\Repositori B1 Dev\OrbitService\OrbitService\test\B1Library-Test\bin\Debug\netcoreapp3.1\fine-code-coverage\coverage-tool-output</ResultsDirectory>
        </Configuration>
      </DataCollector>
    </DataCollectors>
  </DataCollectionRunSettings>
</RunSettings>

TpTrace Verbose: 0 : 37016, 1, 2022/10/10, 11:19:55.796, 2317395083761, vstest.console.dll, TestRunRequest.ExecuteAsync: Wait for the first run request is over.
TpTrace Verbose: 0 : 37016, 1, 2022/10/10, 11:19:55.796, 2317395087866, vstest.console.dll, MulticastDelegateUtilities.SafeInvoke: TestRun.TestRunStart: Invoking callbacks was skipped because there are no subscribers.
TpTrace Verbose: 0 : 37016, 1, 2022/10/10, 11:19:55.796, 2317395090353, vstest.console.dll, ParallelProxyExecutionManager: Start execution. Total sources: 1
TpTrace Verbose: 0 : 37016, 4, 2022/10/10, 11:19:55.796, 2317395090650, vstest.console.dll, MulticastDelegateUtilities.SafeInvoke: InternalTestLoggerEvents.SendTestRunStart: Invoking callback 1/1 for Microsoft.VisualStudio.TestPlatform.CommandLine.Internal.ConsoleLogger.TestRunStartHandler, took 0 ms.
TpTrace Information: 0 : 37016, 1, 2022/10/10, 11:19:55.797, 2317395097909, vstest.console.dll, ProxyParallelExecutionManager: Triggering test run for next source: C:\Users\luisf\Desktop\Repositori B1 Dev\OrbitService\OrbitService\test\B1Library-Test\bin\Debug\netcoreapp3.1\fine-code-coverage\build-output\B1Library_Tests.dll
TpTrace Verbose: 0 : 37016, 5, 2022/10/10, 11:19:55.797, 2317395100148, vstest.console.dll, ParallelProxyExecutionManager: Execution started. Started clients: 1
TpTrace Verbose: 0 : 37016, 1, 2022/10/10, 11:19:55.797, 2317395100561, vstest.console.dll, ProxyParallelExecutionManager: No sources available for execution.
TpTrace Information: 0 : 37016, 1, 2022/10/10, 11:19:55.798, 2317395101813, vstest.console.dll, TestRunRequest.ExecuteAsync: Started.
TpTrace Verbose: 0 : 37016, 1, 2022/10/10, 11:19:55.798, 2317395102743, vstest.console.dll, TestRunRequest.WaitForCompletion: Waiting with timeout -1.
TpTrace Verbose: 0 : 37016, 5, 2022/10/10, 11:19:55.798, 2317395103976, vstest.console.dll, TestRunRequest:SendTestRunMessage: Starting.
TpTrace Verbose: 0 : 37016, 5, 2022/10/10, 11:19:55.798, 2317395105624, vstest.console.dll, MulticastDelegateUtilities.SafeInvoke: TestRun.LogMessages: Invoking callback 1/1 for Microsoft.VisualStudio.TestPlatform.CommandLine.TestRunResultAggregator.TestRunMessageHandler, took 0 ms.
TpTrace Verbose: 0 : 37016, 4, 2022/10/10, 11:19:55.798, 2317395105820, vstest.console.dll, MulticastDelegateUtilities.SafeInvoke: InternalTestLoggerEvents.SendTestRunMessage: Invoking callback 1/1 for Microsoft.VisualStudio.TestPlatform.CommandLine.Internal.ConsoleLogger.TestMessageHandler, took 0 ms.
TpTrace Information: 0 : 37016, 5, 2022/10/10, 11:19:55.798, 2317395106291, vstest.console.dll, TestRunRequest:SendTestRunMessage: Completed.
TpTrace Verbose: 0 : 37016, 5, 2022/10/10, 11:19:55.798, 2317395109864, vstest.console.dll, ProxyExecutionManager: Test host is always Lazy initialize.
TpTrace Verbose: 0 : 37016, 5, 2022/10/10, 11:19:55.799, 2317395112582, vstest.console.dll, TestRequestSender.InitializeCommunication: initialize communication. 
TpTrace Information: 0 : 37016, 5, 2022/10/10, 11:19:55.799, 2317395119038, vstest.console.dll, SocketServer.Start: Listening on endpoint : 127.0.0.1:60590
TpTrace Verbose: 0 : 37016, 5, 2022/10/10, 11:19:55.800, 2317395127421, vstest.console.dll, DotnetTestHostmanager.GetTestHostProcessStartInfo: Platform environment 'X64' target architecture 'X64' framework '.NETCoreApp,Version=v3.1' OS 'Windows'
TpTrace Verbose: 0 : 37016, 5, 2022/10/10, 11:19:55.800, 2317395130324, vstest.console.dll, DotnetTestHostmanager: Adding  --runtimeconfig "C:\Users\luisf\Desktop\Repositori B1 Dev\OrbitService\OrbitService\test\B1Library-Test\bin\Debug\netcoreapp3.1\fine-code-coverage\build-output\B1Library_Tests.runtimeconfig.json" in args
TpTrace Verbose: 0 : 37016, 5, 2022/10/10, 11:19:55.801, 2317395131527, vstest.console.dll, DotnetTestHostmanager: Adding  --depsfile "C:\Users\luisf\Desktop\Repositori B1 Dev\OrbitService\OrbitService\test\B1Library-Test\bin\Debug\netcoreapp3.1\fine-code-coverage\build-output\B1Library_Tests.deps.json" in args
TpTrace Verbose: 0 : 37016, 5, 2022/10/10, 11:19:55.801, 2317395135958, vstest.console.dll, DotnetTestHostmanager.IsWinOnArm: Current PROCESSOR_ARCHITECTURE from environment variable 'AMD64'
TpTrace Verbose: 0 : 37016, 5, 2022/10/10, 11:19:55.801, 2317395136851, vstest.console.dll, DotnetTestHostmanager.IsWinOnArm: Is Windows on ARM 'False'
TpTrace Verbose: 0 : 37016, 5, 2022/10/10, 11:19:55.801, 2317395138155, vstest.console.dll, DotnetTestHostManager: testhost.exe found at path: C:\Users\luisf\Desktop\Repositori B1 Dev\OrbitService\OrbitService\test\B1Library-Test\bin\Debug\netcoreapp3.1\fine-code-coverage\build-output\testhost.exe
TpTrace Verbose: 0 : 37016, 5, 2022/10/10, 11:19:55.801, 2317395138822, vstest.console.dll, DotnetTestHostmanager: Full path of host exe is C:\Users\luisf\Desktop\Repositori B1 Dev\OrbitService\OrbitService\test\B1Library-Test\bin\Debug\netcoreapp3.1\fine-code-coverage\build-output\testhost.exe
TpTrace Verbose: 0 : 37016, 5, 2022/10/10, 11:19:55.801, 2317395140412, vstest.console.dll, DotnetTestHostmanager.LaunchTestHostAsync: Found 'VSTEST_WINAPPHOST_DOTNET_ROOT' in env variables, value 'c:\program files\dotnet', forwarding to 'DOTNET_ROOT'
TpTrace Verbose: 0 : 37016, 7, 2022/10/10, 11:19:55.803, 2317395150784, vstest.console.dll, DotnetTestHostManager: Starting process 'C:\Users\luisf\Desktop\Repositori B1 Dev\OrbitService\OrbitService\test\B1Library-Test\bin\Debug\netcoreapp3.1\fine-code-coverage\build-output\testhost.exe' with command line ' --runtimeconfig "C:\Users\luisf\Desktop\Repositori B1 Dev\OrbitService\OrbitService\test\B1Library-Test\bin\Debug\netcoreapp3.1\fine-code-coverage\build-output\B1Library_Tests.runtimeconfig.json" --depsfile "C:\Users\luisf\Desktop\Repositori B1 Dev\OrbitService\OrbitService\test\B1Library-Test\bin\Debug\netcoreapp3.1\fine-code-coverage\build-output\B1Library_Tests.deps.json" --port 60590 --endpoint 127.0.0.1:060590 --role client --parentprocessid 37016 --diag "C:\Users\luisf\Desktop\Repositori B1 Dev\OrbitService\OrbitService\test\B1Library-Test\bin\Debug\netcoreapp3.1\fine-code-coverage\coverage-tool-output\diagnostics.host.22-10-10_11-19-55_80028_5.log" --tracelevel 4 --datacollectionport 60589 --telemetryoptedin false'
TpTrace Verbose: 0 : 37016, 7, 2022/10/10, 11:19:55.810, 2317395227662, vstest.console.dll, MulticastDelegateUtilities.SafeInvoke: HostProviderEvents.OnHostLaunched: Invoking callback 1/2 for Microsoft.VisualStudio.TestPlatform.CrossPlatEngine.Client.ProxyExecutionManagerWithDataCollection.TestHostLaunchedHandler, took 1 ms.
TpTrace Verbose: 0 : 37016, 7, 2022/10/10, 11:19:55.810, 2317395228587, vstest.console.dll, Test Runtime launched
TpTrace Verbose: 0 : 37016, 7, 2022/10/10, 11:19:55.810, 2317395229237, vstest.console.dll, MulticastDelegateUtilities.SafeInvoke: HostProviderEvents.OnHostLaunched: Invoking callback 2/2 for Microsoft.VisualStudio.TestPlatform.CrossPlatEngine.Client.ProxyOperationManager.TestHostManagerHostLaunched, took 0 ms.
TpTrace Verbose: 0 : 37016, 5, 2022/10/10, 11:19:55.811, 2317395236448, vstest.console.dll, TestRequestSender.WaitForRequestHandlerConnection: waiting for connection with timeout: 90000.
TpTrace Verbose: 0 : 37016, 7, 2022/10/10, 11:19:56.080, 2317397921102, vstest.console.dll, MulticastDelegateUtilities.SafeInvoke: SocketServer: ClientConnected: Invoking callback 1/1 for Microsoft.VisualStudio.TestPlatform.CommunicationUtilities.TestRequestSender.<InitializeCommunication>b__23_0, took 0 ms.
TpTrace Verbose: 0 : 37016, 5, 2022/10/10, 11:19:56.080, 2317397921187, vstest.console.dll, TestRequestSender.WaitForRequestHandlerConnection: waiting took 268 ms, with timeout 90000 ms, and result 0, which is success.
TpTrace Verbose: 0 : 37016, 7, 2022/10/10, 11:19:56.080, 2317397922389, vstest.console.dll, SocketServer.OnClientConnected: Client connected for endPoint: 127.0.0.1:60590, starting MessageLoopAsync:
TpTrace Verbose: 0 : 37016, 14, 2022/10/10, 11:19:56.080, 2317397925952, vstest.console.dll, TcpClientExtensions.MessageLoopAsync: Polling on remoteEndPoint: 127.0.0.1:60591 localEndPoint: 127.0.0.1:60590
TpTrace Verbose: 0 : 37016, 5, 2022/10/10, 11:19:56.081, 2317397933935, vstest.console.dll, TestRequestSender.CheckVersionWithTestHost: Sending check version message: {"MessageType":"ProtocolVersion","Payload":6}
TpTrace Verbose: 0 : 37016, 14, 2022/10/10, 11:19:56.277, 2317399892667, vstest.console.dll, TcpClientExtensions.MessageLoopAsync: NotifyDataAvailable remoteEndPoint: 127.0.0.1:60591 localEndPoint: 127.0.0.1:60590
TpTrace Verbose: 0 : 37016, 14, 2022/10/10, 11:19:56.277, 2317399896329, vstest.console.dll, TestRequestSender.CheckVersionWithTestHost: onMessageReceived received message: (ProtocolVersion) -> 5
TpTrace Verbose: 0 : 37016, 14, 2022/10/10, 11:19:56.278, 2317399901734, vstest.console.dll, MulticastDelegateUtilities.SafeInvoke: LengthPrefixCommunicationChannel: MessageReceived: Invoking callback 1/1 for Microsoft.VisualStudio.TestPlatform.CommunicationUtilities.TestRequestSender+<>c__DisplayClass25_0.<CheckVersionWithTestHost>b__0, took 0 ms.
TpTrace Verbose: 0 : 37016, 5, 2022/10/10, 11:19:56.278, 2317399902735, vstest.console.dll, TestPluginCache.GetExtensionPaths: Filtered extension paths: 
TpTrace Verbose: 0 : 37016, 14, 2022/10/10, 11:19:56.278, 2317399902878, vstest.console.dll, TcpClientExtensions.MessageLoopAsync: Polling on remoteEndPoint: 127.0.0.1:60591 localEndPoint: 127.0.0.1:60590
TpTrace Verbose: 0 : 37016, 5, 2022/10/10, 11:19:56.278, 2317399903730, vstest.console.dll, TestPluginCache.GetExtensionPaths: Added default extension paths: c:\program files\dotnet\sdk\6.0.302\Extensions\DumpMinitool.exe
c:\program files\dotnet\sdk\6.0.302\Extensions\DumpMinitool.x86.exe
c:\program files\dotnet\sdk\6.0.302\Extensions\Microsoft.Diagnostics.NETCore.Client.dll
c:\program files\dotnet\sdk\6.0.302\Extensions\Microsoft.TestPlatform.Extensions.BlameDataCollector.dll
c:\program files\dotnet\sdk\6.0.302\Extensions\Microsoft.TestPlatform.Extensions.EventLogCollector.dll
c:\program files\dotnet\sdk\6.0.302\Extensions\Microsoft.TestPlatform.TestHostRuntimeProvider.dll
c:\program files\dotnet\sdk\6.0.302\Extensions\Microsoft.VisualStudio.TestPlatform.Extensions.Html.TestLogger.dll
c:\program files\dotnet\sdk\6.0.302\Extensions\Microsoft.VisualStudio.TestPlatform.Extensions.Trx.TestLogger.dll
TpTrace Verbose: 0 : 37016, 5, 2022/10/10, 11:19:56.278, 2317399905236, vstest.console.dll, TestPluginCache.GetExtensionPaths: Added unfilterableExtensionPaths: 
TpTrace Verbose: 0 : 37016, 5, 2022/10/10, 11:19:56.282, 2317399948484, vstest.console.dll, TestRequestSender.InitializeExecution: Sending initialize execution with message: {"Version":5,"MessageType":"TestExecution.Initialize","Payload":["C:\\Users\\luisf\\Desktop\\Repositori B1 Dev\\OrbitService\\OrbitService\\test\\B1Library-Test\\bin\\Debug\\netcoreapp3.1\\fine-code-coverage\\build-output\\xunit.runner.visualstudio.dotnetcore.testadapter.dll"]}
TpTrace Warning: 0 : 37016, 5, 2022/10/10, 11:19:56.283, 2317399952680, vstest.console.dll, InferRunSettingsHelper.MakeRunsettingsCompatible: Removing the following settings: TargetPlatform from RunSettings file. To use those settings please move to latest version of Microsoft.NET.Test.Sdk
TpTrace Verbose: 0 : 37016, 14, 2022/10/10, 11:19:56.292, 2317400042169, vstest.console.dll, TcpClientExtensions.MessageLoopAsync: NotifyDataAvailable remoteEndPoint: 127.0.0.1:60591 localEndPoint: 127.0.0.1:60590
TpTrace Verbose: 0 : 37016, 14, 2022/10/10, 11:19:56.292, 2317400043890, vstest.console.dll, TestRequestSender.OnExecutionMessageReceived: Received message: {"Version":5,"MessageType":"TestSession.Message","Payload":{"MessageLevel":0,"Message":"Logging TestHost Diagnostics in file: C:\\Users\\luisf\\Desktop\\Repositori B1 Dev\\OrbitService\\OrbitService\\test\\B1Library-Test\\bin\\Debug\\netcoreapp3.1\\fine-code-coverage\\coverage-tool-output\\diagnostics.host.22-10-10_11-19-55_80028_5.log"}}
TpTrace Verbose: 0 : 37016, 5, 2022/10/10, 11:19:56.293, 2317400058444, vstest.console.dll, TestRequestSender.StartTestRun: Sending test run with message: {"Version":5,"MessageType":"TestExecution.StartWithSources","Payload":{"AdapterSourceMap":{"_none_":["C:\\Users\\luisf\\Desktop\\Repositori B1 Dev\\OrbitService\\OrbitService\\test\\B1Library-Test\\bin\\Debug\\netcoreapp3.1\\fine-code-coverage\\build-output\\B1Library_Tests.dll"]},"RunSettings":"<RunSettings>\r\n  <RunConfiguration>\r\n    <ResultsDirectory>C:\\Users\\luisf\\Desktop\\Repositori B1 Dev\\OrbitService\\OrbitService\\test\\B1Library-Test\\bin\\Debug\\netcoreapp3.1\\fine-code-coverage\\coverage-tool-output</ResultsDirectory>\r\n    <TargetFrameworkVersion>.NETCoreApp,Version=v3.1</TargetFrameworkVersion>\r\n    <DesignMode>False</DesignMode>\r\n    <CollectSourceInformation>False</CollectSourceInformation>\r\n  </RunConfiguration>\r\n  <LoggerRunSettings>\r\n    <Loggers>\r\n      <Logger friendlyName=\"blame\" enabled=\"True\" />\r\n      <Logger friendlyName=\"Console\" uri=\"logger://microsoft/TestPlatform/ConsoleLogger/v1\" assemblyQualifiedName=\"Microsoft.VisualStudio.TestPlatform.CommandLine.Internal.ConsoleLogger, vstest.console, Version=15.0.0.0, Culture=neutral, PublicKeyToken=b03f5f7f11d50a3a\" codeBase=\"c:\\program files\\dotnet\\sdk\\6.0.302\\vstest.console.dll\" enabled=\"True\" />\r\n    </Loggers>\r\n  </LoggerRunSettings>\r\n  <DataCollectionRunSettings>\r\n    <DataCollectors>\r\n      <DataCollector friendlyName=\"blame\" enabled=\"True\">\r\n        <Configuration>\r\n          <ResultsDirectory>C:\\Users\\luisf\\Desktop\\Repositori B1 Dev\\OrbitService\\OrbitService\\test\\B1Library-Test\\bin\\Debug\\netcoreapp3.1\\fine-code-coverage\\coverage-tool-output</ResultsDirectory>\r\n        </Configuration>\r\n      </DataCollector>\r\n    </DataCollectors>\r\n  </DataCollectionRunSettings>\r\n</RunSettings>","TestExecutionContext":{"FrequencyOfRunStatsChangeEvent":10,"RunStatsChangeEventTimeout":"00:00:01.5000000","InIsolation":false,"KeepAlive":false,"AreTestCaseLevelEventsRequired":false,"IsDebug":false,"TestCaseFilter":null,"FilterOptions":null},"Package":null}}
TpTrace Verbose: 0 : 37016, 14, 2022/10/10, 11:19:56.294, 2317400068278, vstest.console.dll, TestRunRequest:SendTestRunMessage: Starting.
TpTrace Verbose: 0 : 37016, 14, 2022/10/10, 11:19:56.294, 2317400069487, vstest.console.dll, MulticastDelegateUtilities.SafeInvoke: TestRun.LogMessages: Invoking callback 1/1 for Microsoft.VisualStudio.TestPlatform.CommandLine.TestRunResultAggregator.TestRunMessageHandler, took 0 ms.
TpTrace Verbose: 0 : 37016, 4, 2022/10/10, 11:19:56.294, 2317400069784, vstest.console.dll, MulticastDelegateUtilities.SafeInvoke: InternalTestLoggerEvents.SendTestRunMessage: Invoking callback 1/1 for Microsoft.VisualStudio.TestPlatform.CommandLine.Internal.ConsoleLogger.TestMessageHandler, took 0 ms.
TpTrace Information: 0 : 37016, 14, 2022/10/10, 11:19:56.295, 2317400070730, vstest.console.dll, TestRunRequest:SendTestRunMessage: Completed.
TpTrace Verbose: 0 : 37016, 14, 2022/10/10, 11:19:56.295, 2317400071621, vstest.console.dll, MulticastDelegateUtilities.SafeInvoke: LengthPrefixCommunicationChannel: MessageReceived: Invoking callback 1/1 for Microsoft.VisualStudio.TestPlatform.CommunicationUtilities.TestRequestSender+<>c__DisplayClass30_0.<StartTestRun>b__1, took 2 ms.
TpTrace Verbose: 0 : 37016, 14, 2022/10/10, 11:19:56.295, 2317400072129, vstest.console.dll, TcpClientExtensions.MessageLoopAsync: Polling on remoteEndPoint: 127.0.0.1:60591 localEndPoint: 127.0.0.1:60590
TpTrace Verbose: 0 : 37016, 14, 2022/10/10, 11:19:56.484, 2317401965861, vstest.console.dll, TcpClientExtensions.MessageLoopAsync: NotifyDataAvailable remoteEndPoint: 127.0.0.1:60591 localEndPoint: 127.0.0.1:60590
TpTrace Verbose: 0 : 37016, 14, 2022/10/10, 11:19:56.484, 2317401967637, vstest.console.dll, TestRequestSender.OnExecutionMessageReceived: Received message: {"Version":5,"MessageType":"TestSession.Message","Payload":{"MessageLevel":0,"Message":"[xUnit.net 00:00:00.00] xUnit.net VSTest Adapter v2.4.3+1b45f5407b (64-bit .NET Core 3.1.27)"}}
TpTrace Verbose: 0 : 37016, 14, 2022/10/10, 11:19:56.484, 2317401970619, vstest.console.dll, TestRunRequest:SendTestRunMessage: Starting.
TpTrace Verbose: 0 : 37016, 14, 2022/10/10, 11:19:56.485, 2317401971571, vstest.console.dll, MulticastDelegateUtilities.SafeInvoke: TestRun.LogMessages: Invoking callback 1/1 for Microsoft.VisualStudio.TestPlatform.CommandLine.TestRunResultAggregator.TestRunMessageHandler, took 0 ms.
TpTrace Information: 0 : 37016, 14, 2022/10/10, 11:19:56.485, 2317401972089, vstest.console.dll, TestRunRequest:SendTestRunMessage: Completed.
TpTrace Verbose: 0 : 37016, 4, 2022/10/10, 11:19:56.485, 2317401972052, vstest.console.dll, MulticastDelegateUtilities.SafeInvoke: InternalTestLoggerEvents.SendTestRunMessage: Invoking callback 1/1 for Microsoft.VisualStudio.TestPlatform.CommandLine.Internal.ConsoleLogger.TestMessageHandler, took 0 ms.
TpTrace Verbose: 0 : 37016, 14, 2022/10/10, 11:19:56.485, 2317401972677, vstest.console.dll, MulticastDelegateUtilities.SafeInvoke: LengthPrefixCommunicationChannel: MessageReceived: Invoking callback 1/1 for Microsoft.VisualStudio.TestPlatform.CommunicationUtilities.TestRequestSender+<>c__DisplayClass30_0.<StartTestRun>b__1, took 0 ms.
TpTrace Verbose: 0 : 37016, 14, 2022/10/10, 11:19:56.485, 2317401974133, vstest.console.dll, TcpClientExtensions.MessageLoopAsync: Polling on remoteEndPoint: 127.0.0.1:60591 localEndPoint: 127.0.0.1:60590
TpTrace Verbose: 0 : 37016, 14, 2022/10/10, 11:19:57.169, 2317408810912, vstest.console.dll, TcpClientExtensions.MessageLoopAsync: NotifyDataAvailable remoteEndPoint: 127.0.0.1:60591 localEndPoint: 127.0.0.1:60590
TpTrace Verbose: 0 : 37016, 14, 2022/10/10, 11:19:57.169, 2317408812649, vstest.console.dll, TestRequestSender.OnExecutionMessageReceived: Received message: {"Version":5,"MessageType":"TestSession.Message","Payload":{"MessageLevel":0,"Message":"[xUnit.net 00:00:00.68]   Discovering: B1Library_Tests"}}
TpTrace Verbose: 0 : 37016, 14, 2022/10/10, 11:19:57.169, 2317408815366, vstest.console.dll, TestRunRequest:SendTestRunMessage: Starting.
TpTrace Verbose: 0 : 37016, 14, 2022/10/10, 11:19:57.169, 2317408816261, vstest.console.dll, MulticastDelegateUtilities.SafeInvoke: TestRun.LogMessages: Invoking callback 1/1 for Microsoft.VisualStudio.TestPlatform.CommandLine.TestRunResultAggregator.TestRunMessageHandler, took 0 ms.
TpTrace Information: 0 : 37016, 14, 2022/10/10, 11:19:57.169, 2317408816666, vstest.console.dll, TestRunRequest:SendTestRunMessage: Completed.
TpTrace Verbose: 0 : 37016, 4, 2022/10/10, 11:19:57.169, 2317408816824, vstest.console.dll, MulticastDelegateUtilities.SafeInvoke: InternalTestLoggerEvents.SendTestRunMessage: Invoking callback 1/1 for Microsoft.VisualStudio.TestPlatform.CommandLine.Internal.ConsoleLogger.TestMessageHandler, took 0 ms.
TpTrace Verbose: 0 : 37016, 14, 2022/10/10, 11:19:57.169, 2317408817003, vstest.console.dll, MulticastDelegateUtilities.SafeInvoke: LengthPrefixCommunicationChannel: MessageReceived: Invoking callback 1/1 for Microsoft.VisualStudio.TestPlatform.CommunicationUtilities.TestRequestSender+<>c__DisplayClass30_0.<StartTestRun>b__1, took 0 ms.
TpTrace Verbose: 0 : 37016, 14, 2022/10/10, 11:19:57.169, 2317408818086, vstest.console.dll, TcpClientExtensions.MessageLoopAsync: Polling on remoteEndPoint: 127.0.0.1:60591 localEndPoint: 127.0.0.1:60590
TpTrace Verbose: 0 : 37016, 14, 2022/10/10, 11:19:57.214, 2317409266719, vstest.console.dll, TcpClientExtensions.MessageLoopAsync: NotifyDataAvailable remoteEndPoint: 127.0.0.1:60591 localEndPoint: 127.0.0.1:60590
TpTrace Verbose: 0 : 37016, 14, 2022/10/10, 11:19:57.214, 2317409268298, vstest.console.dll, TestRequestSender.OnExecutionMessageReceived: Received message: {"Version":5,"MessageType":"TestSession.Message","Payload":{"MessageLevel":0,"Message":"[xUnit.net 00:00:00.73]   Discovered:  B1Library_Tests"}}
TpTrace Verbose: 0 : 37016, 14, 2022/10/10, 11:19:57.214, 2317409270265, vstest.console.dll, TestRunRequest:SendTestRunMessage: Starting.
TpTrace Verbose: 0 : 37016, 14, 2022/10/10, 11:19:57.215, 2317409271046, vstest.console.dll, MulticastDelegateUtilities.SafeInvoke: TestRun.LogMessages: Invoking callback 1/1 for Microsoft.VisualStudio.TestPlatform.CommandLine.TestRunResultAggregator.TestRunMessageHandler, took 0 ms.
TpTrace Verbose: 0 : 37016, 4, 2022/10/10, 11:19:57.215, 2317409271446, vstest.console.dll, MulticastDelegateUtilities.SafeInvoke: InternalTestLoggerEvents.SendTestRunMessage: Invoking callback 1/1 for Microsoft.VisualStudio.TestPlatform.CommandLine.Internal.ConsoleLogger.TestMessageHandler, took 0 ms.
TpTrace Information: 0 : 37016, 14, 2022/10/10, 11:19:57.215, 2317409271520, vstest.console.dll, TestRunRequest:SendTestRunMessage: Completed.
TpTrace Verbose: 0 : 37016, 14, 2022/10/10, 11:19:57.215, 2317409272910, vstest.console.dll, MulticastDelegateUtilities.SafeInvoke: LengthPrefixCommunicationChannel: MessageReceived: Invoking callback 1/1 for Microsoft.VisualStudio.TestPlatform.CommunicationUtilities.TestRequestSender+<>c__DisplayClass30_0.<StartTestRun>b__1, took 0 ms.
TpTrace Verbose: 0 : 37016, 14, 2022/10/10, 11:19:57.215, 2317409273311, vstest.console.dll, TcpClientExtensions.MessageLoopAsync: Polling on remoteEndPoint: 127.0.0.1:60591 localEndPoint: 127.0.0.1:60590
TpTrace Verbose: 0 : 37016, 14, 2022/10/10, 11:19:57.217, 2317409298177, vstest.console.dll, TcpClientExtensions.MessageLoopAsync: NotifyDataAvailable remoteEndPoint: 127.0.0.1:60591 localEndPoint: 127.0.0.1:60590
TpTrace Verbose: 0 : 37016, 14, 2022/10/10, 11:19:57.217, 2317409299031, vstest.console.dll, TestRequestSender.OnExecutionMessageReceived: Received message: {"Version":5,"MessageType":"TestSession.Message","Payload":{"MessageLevel":0,"Message":"[xUnit.net 00:00:00.73]   Starting:    B1Library_Tests"}}
TpTrace Verbose: 0 : 37016, 14, 2022/10/10, 11:19:57.217, 2317409300596, vstest.console.dll, TestRunRequest:SendTestRunMessage: Starting.
TpTrace Verbose: 0 : 37016, 14, 2022/10/10, 11:19:57.218, 2317409301305, vstest.console.dll, MulticastDelegateUtilities.SafeInvoke: TestRun.LogMessages: Invoking callback 1/1 for Microsoft.VisualStudio.TestPlatform.CommandLine.TestRunResultAggregator.TestRunMessageHandler, took 0 ms.
TpTrace Information: 0 : 37016, 14, 2022/10/10, 11:19:57.218, 2317409301826, vstest.console.dll, TestRunRequest:SendTestRunMessage: Completed.
TpTrace Verbose: 0 : 37016, 4, 2022/10/10, 11:19:57.218, 2317409301583, vstest.console.dll, MulticastDelegateUtilities.SafeInvoke: InternalTestLoggerEvents.SendTestRunMessage: Invoking callback 1/1 for Microsoft.VisualStudio.TestPlatform.CommandLine.Internal.ConsoleLogger.TestMessageHandler, took 0 ms.
TpTrace Verbose: 0 : 37016, 14, 2022/10/10, 11:19:57.218, 2317409302213, vstest.console.dll, MulticastDelegateUtilities.SafeInvoke: LengthPrefixCommunicationChannel: MessageReceived: Invoking callback 1/1 for Microsoft.VisualStudio.TestPlatform.CommunicationUtilities.TestRequestSender+<>c__DisplayClass30_0.<StartTestRun>b__1, took 0 ms.
TpTrace Verbose: 0 : 37016, 14, 2022/10/10, 11:19:57.218, 2317409303294, vstest.console.dll, TcpClientExtensions.MessageLoopAsync: Polling on remoteEndPoint: 127.0.0.1:60591 localEndPoint: 127.0.0.1:60590
TpTrace Verbose: 0 : 37016, 14, 2022/10/10, 11:19:57.388, 2317411005249, vstest.console.dll, TcpClientExtensions.MessageLoopAsync: NotifyDataAvailable remoteEndPoint: 127.0.0.1:60591 localEndPoint: 127.0.0.1:60590
TpTrace Verbose: 0 : 37016, 14, 2022/10/10, 11:19:57.388, 2317411008347, vstest.console.dll, TestRequestSender.OnExecutionMessageReceived: Received message: {"Version":5,"MessageType":"TestExecution.StatsChange","Payload":{"NewTestResults":[{"TestCase":{"Id":"9ef1319a-3ddd-dff6-0e5b-919c52d68173","FullyQualifiedName":"B1Library_Tests.Utilities.UtilTest.ShouldReturnTaxNameSumWithDeson","DisplayName":"B1Library_Tests.Utilities.UtilTest.ShouldReturnTaxNameSumWithDeson","ExecutorUri":"executor://xunit/VsTestRunner2/netcoreapp","Source":"C:\\Users\\luisf\\Desktop\\Repositori B1 Dev\\OrbitService\\OrbitService\\test\\B1Library-Test\\bin\\Debug\\netcoreapp3.1\\fine-code-coverage\\build-output\\B1Library_Tests.dll","CodeFilePath":null,"LineNumber":0,"Properties":[]},"Attachments":[],"Outcome":1,"ErrorMessage":null,"ErrorStackTrace":null,"DisplayName":"B1Library_Tests.Utilities.UtilTest.ShouldReturnTaxNameSumWithDeson","Messages":[],"ComputerName":"DESKTOP-P1UVUT9","Duration":"00:00:00.0097146","StartTime":"2022-10-10T14:19:57.3170953+00:00","EndTime":"2022-10-10T14:19:57.3172086+00:00","Properties":[]},{"TestCase":{"Id":"3900d515-07fe-baa3-c693-0ea4e00c45ac","FullyQualifiedName":"B1Library_Tests.Documents.DocumentStatusTest.ShouldReturnCorrectStatusMessageErro","DisplayName":"B1Library_Tests.Documents.DocumentStatusTest.ShouldReturnCorrectStatusMessageErro","ExecutorUri":"executor://xunit/VsTestRunner2/netcoreapp","Source":"C:\\Users\\luisf\\Desktop\\Repositori B1 Dev\\OrbitService\\OrbitService\\test\\B1Library-Test\\bin\\Debug\\netcoreapp3.1\\fine-code-coverage\\build-output\\B1Library_Tests.dll","CodeFilePath":null,"LineNumber":0,"Properties":[]},"Attachments":[],"Outcome":1,"ErrorMessage":null,"ErrorStackTrace":null,"DisplayName":"B1Library_Tests.Documents.DocumentStatusTest.ShouldReturnCorrectStatusMessageErro","Messages":[],"ComputerName":"DESKTOP-P1UVUT9","Duration":"00:00:00.0053535","StartTime":"2022-10-10T14:19:57.337791+00:00","EndTime":"2022-10-10T14:19:57.337792+00:00","Properties":[]},{"TestCase":{"Id":"fa8c2a3e-86ac-7a98-8b7d-8eb3e6d20e67","FullyQualifiedName":"B1Library_Tests.Documents.InvoiceTests.ShouldAddLineItem","DisplayName":"B1Library_Tests.Documents.InvoiceTests.ShouldAddLineItem","ExecutorUri":"executor://xunit/VsTestRunner2/netcoreapp","Source":"C:\\Users\\luisf\\Desktop\\Repositori B1 Dev\\OrbitService\\OrbitService\\test\\B1Library-Test\\bin\\Debug\\netcoreapp3.1\\fine-code-coverage\\build-output\\B1Library_Tests.dll","CodeFilePath":null,"LineNumber":0,"Properties":[]},"Attachments":[],"Outcome":1,"ErrorMessage":null,"ErrorStackTrace":null,"DisplayName":"B1Library_Tests.Documents.InvoiceTests.ShouldAddLineItem","Messages":[],"ComputerName":"DESKTOP-P1UVUT9","Duration":"00:00:00.0074657","StartTime":"2022-10-10T14:19:57.3392014+00:00","EndTime":"2022-10-10T14:19:57.3392026+00:00","Properties":[]},{"TestCase":{"Id":"e1654d46-2ae0-6b1f-ce5e-d6d9b9f9ee83","FullyQualifiedName":"B1Library_Tests.Documents.InvoiceTests.ShouldCreateAValidInvoiceB1Instance","DisplayName":"B1Library_Tests.Documents.InvoiceTests.ShouldCreateAValidInvoiceB1Instance","ExecutorUri":"executor://xunit/VsTestRunner2/netcoreapp","Source":"C:\\Users\\luisf\\Desktop\\Repositori B1 Dev\\OrbitService\\OrbitService\\test\\B1Library-Test\\bin\\Debug\\netcoreapp3.1\\fine-code-coverage\\build-output\\B1Library_Tests.dll","CodeFilePath":null,"LineNumber":0,"Properties":[]},"Attachments":[],"Outcome":1,"ErrorMessage":null,"ErrorStackTrace":null,"DisplayName":"B1Library_Tests.Documents.InvoiceTests.ShouldCreateAValidInvoiceB1Instance","Messages":[],"ComputerName":"DESKTOP-P1UVUT9","Duration":"00:00:00.0004192","StartTime":"2022-10-10T14:19:57.3450607+00:00","EndTime":"2022-10-10T14:19:57.3450621+00:00","Properties":[]},{"TestCase":{"Id":"0213c9ad-6e84-3af2-bfdd-860750675c54","FullyQualifiedName":"B1Library_Tests.Utilities.UtilTest.ShouldReturnGetValorSomaDescontoItens","DisplayName":"B1Library_Tests.Utilities.UtilTest.ShouldReturnGetValorSomaDescontoItens","ExecutorUri":"executor://xunit/VsTestRunner2/netcoreapp","Source":"C:\\Users\\luisf\\Desktop\\Repositori B1 Dev\\OrbitService\\OrbitService\\test\\B1Library-Test\\bin\\Debug\\netcoreapp3.1\\fine-code-coverage\\build-output\\B1Library_Tests.dll","CodeFilePath":null,"LineNumber":0,"Properties":[]},"Attachments":[],"Outcome":1,"ErrorMessage":null,"ErrorStackTrace":null,"DisplayName":"B1Library_Tests.Utilities.UtilTest.ShouldReturnGetValorSomaDescontoItens","Messages":[],"ComputerName":"DESKTOP-P1UVUT9","Duration":"00:00:00.0012646","StartTime":"2022-10-10T14:19:57.3473461+00:00","EndTime":"2022-10-10T14:19:57.3473477+00:00","Properties":[]},{"TestCase":{"Id":"503532b3-e761-5f8f-503a-3f94e00aa1d8","FullyQualifiedName":"B1Library_Tests.Documents.InvoiceTests.ShoulNotdAddLineItemWithoutTaxObjects","DisplayName":"B1Library_Tests.Documents.InvoiceTests.ShoulNotdAddLineItemWithoutTaxObjects","ExecutorUri":"executor://xunit/VsTestRunner2/netcoreapp","Source":"C:\\Users\\luisf\\Desktop\\Repositori B1 Dev\\OrbitService\\OrbitService\\test\\B1Library-Test\\bin\\Debug\\netcoreapp3.1\\fine-code-coverage\\build-output\\B1Library_Tests.dll","CodeFilePath":null,"LineNumber":0,"Properties":[]},"Attachments":[],"Outcome":1,"ErrorMessage":null,"ErrorStackTrace":null,"DisplayName":"B1Library_Tests.Documents.InvoiceTests.ShoulNotdAddLineItemWithoutTaxObjects","Messages":[],"ComputerName":"DESKTOP-P1UVUT9","Duration":"00:00:00.0009962","StartTime":"2022-10-10T14:19:57.3495606+00:00","EndTime":"2022-10-10T14:19:57.3495621+00:00","Properties":[]},{"TestCase":{"Id":"b0bff8db-49d6-30fc-d529-f2ea8483eac1","FullyQualifiedName":"B1Library_Tests.Utilities.UtilTest.ShouldReturnNegativeSumToSelectedTaxName","DisplayName":"B1Library_Tests.Utilities.UtilTest.ShouldReturnNegativeSumToSelectedTaxName","ExecutorUri":"executor://xunit/VsTestRunner2/netcoreapp","Source":"C:\\Users\\luisf\\Desktop\\Repositori B1 Dev\\OrbitService\\OrbitService\\test\\B1Library-Test\\bin\\Debug\\netcoreapp3.1\\fine-code-coverage\\build-output\\B1Library_Tests.dll","CodeFilePath":null,"LineNumber":0,"Properties":[]},"Attachments":[],"Outcome":1,"ErrorMessage":null,"ErrorStackTrace":null,"DisplayName":"B1Library_Tests.Utilities.UtilTest.ShouldReturnNegativeSumToSelectedTaxName","Messages":[],"ComputerName":"DESKTOP-P1UVUT9","Duration":"00:00:00.0009135","StartTime":"2022-10-10T14:19:57.3508119+00:00","EndTime":"2022-10-10T14:19:57.350813+00:00","Properties":[]}],"TestRunStatistics":{"ExecutedTests":7,"Stats":{"Passed":7}},"ActiveTests":[{"Id":"47c5b51a-371d-4dc0-248b-6d66a169ed9e","FullyQualifiedName":"B1Library_Tests.Repository.DBDocumentsRepositoryTest.ShouldGetInvoicesToInutilListFromAllTables","DisplayName":"B1Library_Tests.Repository.DBDocumentsRepositoryTest.ShouldGetInvoicesToInutilListFromAllTables","ExecutorUri":"executor://xunit/VsTestRunner2/netcoreapp","Source":"C:\\Users\\luisf\\Desktop\\Repositori B1 Dev\\OrbitService\\OrbitService\\test\\B1Library-Test\\bin\\Debug\\netcoreapp3.1\\fine-code-coverage\\build-output\\B1Library_Tests.dll","CodeFilePath":null,"LineNumber":0,"Properties":[]},{"Id":"2caf7e5e-753d-4858-eb41-57bfebe6043f","FullyQualifiedName":"B1Library_Tests.Documents.DocumentStatusTest.ShouldCreateInstanceWithParameters","DisplayName":"B1Library_Tests.Documents.DocumentStatusTest.ShouldCreateInstanceWithParameters","ExecutorUri":"executor://xunit/VsTestRunner2/netcoreapp","Source":"C:\\Users\\luisf\\Desktop\\Repositori B1 Dev\\OrbitService\\OrbitService\\test\\B1Library-Test\\bin\\Debug\\netcoreapp3.1\\fine-code-coverage\\build-output\\B1Library_Tests.dll","CodeFilePath":null,"LineNumber":0,"Properties":[]},{"Id":"5a209e1d-d5c6-84a1-4753-c4e39af3ba80","FullyQualifiedName":"B1Library_Tests.Utilities.UtilTest.ShouldReturnTaxNameSum","DisplayName":"B1Library_Tests.Utilities.UtilTest.ShouldReturnTaxNameSum","ExecutorUri":"executor://xunit/VsTestRunner2/netcoreapp","Source":"C:\\Users\\luisf\\Desktop\\Repositori B1 Dev\\OrbitService\\OrbitService\\test\\B1Library-Test\\bin\\Debug\\netcoreapp3.1\\fine-code-coverage\\build-output\\B1Library_Tests.dll","CodeFilePath":null,"LineNumber":0,"Properties":[]}]}}
TpTrace Verbose: 0 : 37016, 14, 2022/10/10, 11:19:57.415, 2317411278108, vstest.console.dll, TestRunRequest:SendTestRunStatsChange: Starting.
TpTrace Verbose: 0 : 37016, 14, 2022/10/10, 11:19:57.415, 2317411279810, vstest.console.dll, InProgress is B1Library_Tests.Repository.DBDocumentsRepositoryTest.ShouldGetInvoicesToInutilListFromAllTables
TpTrace Verbose: 0 : 37016, 14, 2022/10/10, 11:19:57.415, 2317411280294, vstest.console.dll, InProgress is B1Library_Tests.Documents.DocumentStatusTest.ShouldCreateInstanceWithParameters
TpTrace Verbose: 0 : 37016, 14, 2022/10/10, 11:19:57.415, 2317411280574, vstest.console.dll, InProgress is B1Library_Tests.Utilities.UtilTest.ShouldReturnTaxNameSum
TpTrace Verbose: 0 : 37016, 14, 2022/10/10, 11:19:57.416, 2317411282824, vstest.console.dll, MulticastDelegateUtilities.SafeInvoke: TestRun.RunStatsChanged: Invoking callbacks was skipped because there are no subscribers.
TpTrace Information: 0 : 37016, 14, 2022/10/10, 11:19:57.416, 2317411283273, vstest.console.dll, TestRunRequest:SendTestRunStatsChange: Completed.
TpTrace Verbose: 0 : 37016, 14, 2022/10/10, 11:19:57.416, 2317411283761, vstest.console.dll, MulticastDelegateUtilities.SafeInvoke: LengthPrefixCommunicationChannel: MessageReceived: Invoking callback 1/1 for Microsoft.VisualStudio.TestPlatform.CommunicationUtilities.TestRequestSender+<>c__DisplayClass30_0.<StartTestRun>b__1, took 27 ms.
TpTrace Verbose: 0 : 37016, 14, 2022/10/10, 11:19:57.416, 2317411284181, vstest.console.dll, TcpClientExtensions.MessageLoopAsync: Polling on remoteEndPoint: 127.0.0.1:60591 localEndPoint: 127.0.0.1:60590
TpTrace Verbose: 0 : 37016, 14, 2022/10/10, 11:19:57.423, 2317411358680, vstest.console.dll, TcpClientExtensions.MessageLoopAsync: NotifyDataAvailable remoteEndPoint: 127.0.0.1:60591 localEndPoint: 127.0.0.1:60590
TpTrace Verbose: 0 : 37016, 14, 2022/10/10, 11:19:57.424, 2317411361167, vstest.console.dll, TestRequestSender.OnExecutionMessageReceived: Received message: {"Version":5,"MessageType":"TestExecution.StatsChange","Payload":{"NewTestResults":[{"TestCase":{"Id":"2caf7e5e-753d-4858-eb41-57bfebe6043f","FullyQualifiedName":"B1Library_Tests.Documents.DocumentStatusTest.ShouldCreateInstanceWithParameters","DisplayName":"B1Library_Tests.Documents.DocumentStatusTest.ShouldCreateInstanceWithParameters","ExecutorUri":"executor://xunit/VsTestRunner2/netcoreapp","Source":"C:\\Users\\luisf\\Desktop\\Repositori B1 Dev\\OrbitService\\OrbitService\\test\\B1Library-Test\\bin\\Debug\\netcoreapp3.1\\fine-code-coverage\\build-output\\B1Library_Tests.dll","CodeFilePath":null,"LineNumber":0,"Properties":[]},"Attachments":[],"Outcome":1,"ErrorMessage":null,"ErrorStackTrace":null,"DisplayName":"B1Library_Tests.Documents.DocumentStatusTest.ShouldCreateInstanceWithParameters","Messages":[],"ComputerName":"DESKTOP-P1UVUT9","Duration":"00:00:00.0023197","StartTime":"2022-10-10T14:19:57.38977+00:00","EndTime":"2022-10-10T14:19:57.3897725+00:00","Properties":[]},{"TestCase":{"Id":"248f04aa-6f1d-a319-1c99-db3c92416f5d","FullyQualifiedName":"B1Library_Tests.Documents.DocumentStatusTest.ShouldReturnCorrectStatusMessageSucess","DisplayName":"B1Library_Tests.Documents.DocumentStatusTest.ShouldReturnCorrectStatusMessageSucess","ExecutorUri":"executor://xunit/VsTestRunner2/netcoreapp","Source":"C:\\Users\\luisf\\Desktop\\Repositori B1 Dev\\OrbitService\\OrbitService\\test\\B1Library-Test\\bin\\Debug\\netcoreapp3.1\\fine-code-coverage\\build-output\\B1Library_Tests.dll","CodeFilePath":null,"LineNumber":0,"Properties":[]},"Attachments":[],"Outcome":1,"ErrorMessage":null,"ErrorStackTrace":null,"DisplayName":"B1Library_Tests.Documents.DocumentStatusTest.ShouldReturnCorrectStatusMessageSucess","Messages":[],"ComputerName":"DESKTOP-P1UVUT9","Duration":"00:00:00.0002056","StartTime":"2022-10-10T14:19:57.392512+00:00","EndTime":"2022-10-10T14:19:57.3925137+00:00","Properties":[]},{"TestCase":{"Id":"5a209e1d-d5c6-84a1-4753-c4e39af3ba80","FullyQualifiedName":"B1Library_Tests.Utilities.UtilTest.ShouldReturnTaxNameSum","DisplayName":"B1Library_Tests.Utilities.UtilTest.ShouldReturnTaxNameSum","ExecutorUri":"executor://xunit/VsTestRunner2/netcoreapp","Source":"C:\\Users\\luisf\\Desktop\\Repositori B1 Dev\\OrbitService\\OrbitService\\test\\B1Library-Test\\bin\\Debug\\netcoreapp3.1\\fine-code-coverage\\build-output\\B1Library_Tests.dll","CodeFilePath":null,"LineNumber":0,"Properties":[]},"Attachments":[],"Outcome":1,"ErrorMessage":null,"ErrorStackTrace":null,"DisplayName":"B1Library_Tests.Utilities.UtilTest.ShouldReturnTaxNameSum","Messages":[],"ComputerName":"DESKTOP-P1UVUT9","Duration":"00:00:00.0003645","StartTime":"2022-10-10T14:19:57.3936696+00:00","EndTime":"2022-10-10T14:19:57.3936704+00:00","Properties":[]},{"TestCase":{"Id":"79c6a201-4530-a5cf-a5e2-e5d67e40b71b","FullyQualifiedName":"B1Library_Tests.Utilities.UtilTest.ShouldReturnZeroSumWithoutSelectedTaxName","DisplayName":"B1Library_Tests.Utilities.UtilTest.ShouldReturnZeroSumWithoutSelectedTaxName","ExecutorUri":"executor://xunit/VsTestRunner2/netcoreapp","Source":"C:\\Users\\luisf\\Desktop\\Repositori B1 Dev\\OrbitService\\OrbitService\\test\\B1Library-Test\\bin\\Debug\\netcoreapp3.1\\fine-code-coverage\\build-output\\B1Library_Tests.dll","CodeFilePath":null,"LineNumber":0,"Properties":[]},"Attachments":[],"Outcome":1,"ErrorMessage":null,"ErrorStackTrace":null,"DisplayName":"B1Library_Tests.Utilities.UtilTest.ShouldReturnZeroSumWithoutSelectedTaxName","Messages":[],"ComputerName":"DESKTOP-P1UVUT9","Duration":"00:00:00.0002829","StartTime":"2022-10-10T14:19:57.3960868+00:00","EndTime":"2022-10-10T14:19:57.3960883+00:00","Properties":[]},{"TestCase":{"Id":"6eb9dbc4-7dc3-54d8-77c0-2b436500c91f","FullyQualifiedName":"B1Library_Tests.Utilities.UtilTest.ShouldGetTaxTypeB1VImpSumForItem","DisplayName":"B1Library_Tests.Utilities.UtilTest.ShouldGetTaxTypeB1VImpSumForItem","ExecutorUri":"executor://xunit/VsTestRunner2/netcoreapp","Source":"C:\\Users\\luisf\\Desktop\\Repositori B1 Dev\\OrbitService\\OrbitService\\test\\B1Library-Test\\bin\\Debug\\netcoreapp3.1\\fine-code-coverage\\build-output\\B1Library_Tests.dll","CodeFilePath":null,"LineNumber":0,"Properties":[]},"Attachments":[],"Outcome":1,"ErrorMessage":null,"ErrorStackTrace":null,"DisplayName":"B1Library_Tests.Utilities.UtilTest.ShouldGetTaxTypeB1VImpSumForItem","Messages":[],"ComputerName":"DESKTOP-P1UVUT9","Duration":"00:00:00.0008151","StartTime":"2022-10-10T14:19:57.398374+00:00","EndTime":"2022-10-10T14:19:57.3983754+00:00","Properties":[]},{"TestCase":{"Id":"aa3dc44a-40fd-c455-f537-5316a3001c62","FullyQualifiedName":"B1Library_Tests.Utilities.UtilTest.ShouldConvertDateB1ToFormatOrbitWithoutDocTime","DisplayName":"B1Library_Tests.Utilities.UtilTest.ShouldConvertDateB1ToFormatOrbitWithoutDocTime","ExecutorUri":"executor://xunit/VsTestRunner2/netcoreapp","Source":"C:\\Users\\luisf\\Desktop\\Repositori B1 Dev\\OrbitService\\OrbitService\\test\\B1Library-Test\\bin\\Debug\\netcoreapp3.1\\fine-code-coverage\\build-output\\B1Library_Tests.dll","CodeFilePath":null,"LineNumber":0,"Properties":[]},"Attachments":[],"Outcome":1,"ErrorMessage":null,"ErrorStackTrace":null,"DisplayName":"B1Library_Tests.Utilities.UtilTest.ShouldConvertDateB1ToFormatOrbitWithoutDocTime","Messages":[],"ComputerName":"DESKTOP-P1UVUT9","Duration":"00:00:00.0005558","StartTime":"2022-10-10T14:19:57.4007364+00:00","EndTime":"2022-10-10T14:19:57.4007378+00:00","Properties":[]},{"TestCase":{"Id":"44b20544-9b9c-a387-1e2a-ba4f99d7813c","FullyQualifiedName":"B1Library_Tests.Utilities.UtilTest.ShouldConvertDateB1ToFormatOrbitWithDocTime","DisplayName":"B1Library_Tests.Utilities.UtilTest.ShouldConvertDateB1ToFormatOrbitWithDocTime","ExecutorUri":"executor://xunit/VsTestRunner2/netcoreapp","Source":"C:\\Users\\luisf\\Desktop\\Repositori B1 Dev\\OrbitService\\OrbitService\\test\\B1Library-Test\\bin\\Debug\\netcoreapp3.1\\fine-code-coverage\\build-output\\B1Library_Tests.dll","CodeFilePath":null,"LineNumber":0,"Properties":[]},"Attachments":[],"Outcome":1,"ErrorMessage":null,"ErrorStackTrace":null,"DisplayName":"B1Library_Tests.Utilities.UtilTest.ShouldConvertDateB1ToFormatOrbitWithDocTime","Messages":[],"ComputerName":"DESKTOP-P1UVUT9","Duration":"00:00:00.0003130","StartTime":"2022-10-10T14:19:57.4030538+00:00","EndTime":"2022-10-10T14:19:57.4030553+00:00","Properties":[]},{"TestCase":{"Id":"1b0adee7-6024-a0f4-d4f0-ce3f941517cf","FullyQualifiedName":"B1Library_Tests.Utilities.UtilTest.ShouldGetVProdSum","DisplayName":"B1Library_Tests.Utilities.UtilTest.ShouldGetVProdSum","ExecutorUri":"executor://xunit/VsTestRunner2/netcoreapp","Source":"C:\\Users\\luisf\\Desktop\\Repositori B1 Dev\\OrbitService\\OrbitService\\test\\B1Library-Test\\bin\\Debug\\netcoreapp3.1\\fine-code-coverage\\build-output\\B1Library_Tests.dll","CodeFilePath":null,"LineNumber":0,"Properties":[]},"Attachments":[],"Outcome":1,"ErrorMessage":null,"ErrorStackTrace":null,"DisplayName":"B1Library_Tests.Utilities.UtilTest.ShouldGetVProdSum","Messages":[],"ComputerName":"DESKTOP-P1UVUT9","Duration":"00:00:00.0007218","StartTime":"2022-10-10T14:19:57.4190927+00:00","EndTime":"2022-10-10T14:19:57.4190947+00:00","Properties":[]},{"TestCase":{"Id":"ce12e5b3-8595-056c-f8e7-92568ae62b88","FullyQualifiedName":"B1Library_Tests.Utilities.UtilTest.ShouldGetTaxTypeB1VBcSumForItem","DisplayName":"B1Library_Tests.Utilities.UtilTest.ShouldGetTaxTypeB1VBcSumForItem","ExecutorUri":"executor://xunit/VsTestRunner2/netcoreapp","Source":"C:\\Users\\luisf\\Desktop\\Repositori B1 Dev\\OrbitService\\OrbitService\\test\\B1Library-Test\\bin\\Debug\\netcoreapp3.1\\fine-code-coverage\\build-output\\B1Library_Tests.dll","CodeFilePath":null,"LineNumber":0,"Properties":[]},"Attachments":[],"Outcome":1,"ErrorMessage":null,"ErrorStackTrace":null,"DisplayName":"B1Library_Tests.Utilities.UtilTest.ShouldGetTaxTypeB1VBcSumForItem","Messages":[],"ComputerName":"DESKTOP-P1UVUT9","Duration":"00:00:00.0009345","StartTime":"2022-10-10T14:19:57.421299+00:00","EndTime":"2022-10-10T14:19:57.4213007+00:00","Properties":[]}],"TestRunStatistics":{"ExecutedTests":16,"Stats":{"Passed":16}},"ActiveTests":[{"Id":"d58d47af-d807-cbe2-c21b-156dc95be3ca","FullyQualifiedName":"B1Library_Tests.Utilities.UtilTest.ShouldGetVBcSum","DisplayName":"B1Library_Tests.Utilities.UtilTest.ShouldGetVBcSum","ExecutorUri":"executor://xunit/VsTestRunner2/netcoreapp","Source":"C:\\Users\\luisf\\Desktop\\Repositori B1 Dev\\OrbitService\\OrbitService\\test\\B1Library-Test\\bin\\Debug\\netcoreapp3.1\\fine-code-coverage\\build-output\\B1Library_Tests.dll","CodeFilePath":null,"LineNumber":0,"Properties":[]}]}}
TpTrace Verbose: 0 : 37016, 4, 2022/10/10, 11:19:57.424, 2317411367110, vstest.console.dll, MulticastDelegateUtilities.SafeInvoke: InternalTestLoggerEvents.SendTestResult: Invoking callback 1/1 for Microsoft.VisualStudio.TestPlatform.CommandLine.Internal.ConsoleLogger.TestResultHandler, took 8 ms.
TpTrace Verbose: 0 : 37016, 4, 2022/10/10, 11:19:57.424, 2317411368317, vstest.console.dll, MulticastDelegateUtilities.SafeInvoke: InternalTestLoggerEvents.SendTestResult: Invoking callback 1/1 for Microsoft.VisualStudio.TestPlatform.CommandLine.Internal.ConsoleLogger.TestResultHandler, took 0 ms.
TpTrace Verbose: 0 : 37016, 4, 2022/10/10, 11:19:57.424, 2317411368967, vstest.console.dll, MulticastDelegateUtilities.SafeInvoke: InternalTestLoggerEvents.SendTestResult: Invoking callback 1/1 for Microsoft.VisualStudio.TestPlatform.CommandLine.Internal.ConsoleLogger.TestResultHandler, took 0 ms.
TpTrace Verbose: 0 : 37016, 4, 2022/10/10, 11:19:57.424, 2317411369622, vstest.console.dll, MulticastDelegateUtilities.SafeInvoke: InternalTestLoggerEvents.SendTestResult: Invoking callback 1/1 for Microsoft.VisualStudio.TestPlatform.CommandLine.Internal.ConsoleLogger.TestResultHandler, took 0 ms.
TpTrace Verbose: 0 : 37016, 14, 2022/10/10, 11:19:57.426, 2317411382315, vstest.console.dll, TestRunRequest:SendTestRunStatsChange: Starting.
TpTrace Verbose: 0 : 37016, 14, 2022/10/10, 11:19:57.426, 2317411383099, vstest.console.dll, InProgress is B1Library_Tests.Utilities.UtilTest.ShouldGetVBcSum
TpTrace Verbose: 0 : 37016, 14, 2022/10/10, 11:19:57.426, 2317411383815, vstest.console.dll, MulticastDelegateUtilities.SafeInvoke: TestRun.RunStatsChanged: Invoking callbacks was skipped because there are no subscribers.
TpTrace Information: 0 : 37016, 14, 2022/10/10, 11:19:57.426, 2317411384188, vstest.console.dll, TestRunRequest:SendTestRunStatsChange: Completed.
TpTrace Verbose: 0 : 37016, 14, 2022/10/10, 11:19:57.426, 2317411384534, vstest.console.dll, MulticastDelegateUtilities.SafeInvoke: LengthPrefixCommunicationChannel: MessageReceived: Invoking callback 1/1 for Microsoft.VisualStudio.TestPlatform.CommunicationUtilities.TestRequestSender+<>c__DisplayClass30_0.<StartTestRun>b__1, took 2 ms.
TpTrace Verbose: 0 : 37016, 14, 2022/10/10, 11:19:57.426, 2317411384862, vstest.console.dll, TcpClientExtensions.MessageLoopAsync: Polling on remoteEndPoint: 127.0.0.1:60591 localEndPoint: 127.0.0.1:60590
TpTrace Verbose: 0 : 37016, 4, 2022/10/10, 11:19:57.427, 2317411394031, vstest.console.dll, MulticastDelegateUtilities.SafeInvoke: InternalTestLoggerEvents.SendTestResult: Invoking callback 1/1 for Microsoft.VisualStudio.TestPlatform.CommandLine.Internal.ConsoleLogger.TestResultHandler, took 2 ms.
TpTrace Verbose: 0 : 37016, 4, 2022/10/10, 11:19:57.427, 2317411395142, vstest.console.dll, MulticastDelegateUtilities.SafeInvoke: InternalTestLoggerEvents.SendTestResult: Invoking callback 1/1 for Microsoft.VisualStudio.TestPlatform.CommandLine.Internal.ConsoleLogger.TestResultHandler, took 0 ms.
TpTrace Verbose: 0 : 37016, 4, 2022/10/10, 11:19:57.427, 2317411395901, vstest.console.dll, MulticastDelegateUtilities.SafeInvoke: InternalTestLoggerEvents.SendTestResult: Invoking callback 1/1 for Microsoft.VisualStudio.TestPlatform.CommandLine.Internal.ConsoleLogger.TestResultHandler, took 0 ms.
TpTrace Verbose: 0 : 37016, 4, 2022/10/10, 11:19:57.427, 2317411396512, vstest.console.dll, MulticastDelegateUtilities.SafeInvoke: InternalTestLoggerEvents.SendTestResult: Invoking callback 1/1 for Microsoft.VisualStudio.TestPlatform.CommandLine.Internal.ConsoleLogger.TestResultHandler, took 0 ms.
TpTrace Verbose: 0 : 37016, 4, 2022/10/10, 11:19:57.427, 2317411397068, vstest.console.dll, MulticastDelegateUtilities.SafeInvoke: InternalTestLoggerEvents.SendTestResult: Invoking callback 1/1 for Microsoft.VisualStudio.TestPlatform.CommandLine.Internal.ConsoleLogger.TestResultHandler, took 0 ms.
TpTrace Verbose: 0 : 37016, 4, 2022/10/10, 11:19:57.427, 2317411397683, vstest.console.dll, MulticastDelegateUtilities.SafeInvoke: InternalTestLoggerEvents.SendTestResult: Invoking callback 1/1 for Microsoft.VisualStudio.TestPlatform.CommandLine.Internal.ConsoleLogger.TestResultHandler, took 0 ms.
TpTrace Verbose: 0 : 37016, 4, 2022/10/10, 11:19:57.427, 2317411398233, vstest.console.dll, MulticastDelegateUtilities.SafeInvoke: InternalTestLoggerEvents.SendTestResult: Invoking callback 1/1 for Microsoft.VisualStudio.TestPlatform.CommandLine.Internal.ConsoleLogger.TestResultHandler, took 0 ms.
TpTrace Verbose: 0 : 37016, 4, 2022/10/10, 11:19:57.427, 2317411398784, vstest.console.dll, MulticastDelegateUtilities.SafeInvoke: InternalTestLoggerEvents.SendTestResult: Invoking callback 1/1 for Microsoft.VisualStudio.TestPlatform.CommandLine.Internal.ConsoleLogger.TestResultHandler, took 0 ms.
TpTrace Verbose: 0 : 37016, 4, 2022/10/10, 11:19:57.427, 2317411399300, vstest.console.dll, MulticastDelegateUtilities.SafeInvoke: InternalTestLoggerEvents.SendTestResult: Invoking callback 1/1 for Microsoft.VisualStudio.TestPlatform.CommandLine.Internal.ConsoleLogger.TestResultHandler, took 0 ms.
TpTrace Verbose: 0 : 37016, 4, 2022/10/10, 11:19:57.427, 2317411399794, vstest.console.dll, MulticastDelegateUtilities.SafeInvoke: InternalTestLoggerEvents.SendTestResult: Invoking callback 1/1 for Microsoft.VisualStudio.TestPlatform.CommandLine.Internal.ConsoleLogger.TestResultHandler, took 0 ms.
TpTrace Verbose: 0 : 37016, 4, 2022/10/10, 11:19:57.427, 2317411400357, vstest.console.dll, MulticastDelegateUtilities.SafeInvoke: InternalTestLoggerEvents.SendTestResult: Invoking callback 1/1 for Microsoft.VisualStudio.TestPlatform.CommandLine.Internal.ConsoleLogger.TestResultHandler, took 0 ms.
TpTrace Verbose: 0 : 37016, 4, 2022/10/10, 11:19:57.428, 2317411400856, vstest.console.dll, MulticastDelegateUtilities.SafeInvoke: InternalTestLoggerEvents.SendTestResult: Invoking callback 1/1 for Microsoft.VisualStudio.TestPlatform.CommandLine.Internal.ConsoleLogger.TestResultHandler, took 0 ms.
TpTrace Verbose: 0 : 37016, 14, 2022/10/10, 11:19:57.631, 2317413436418, vstest.console.dll, TcpClientExtensions.MessageLoopAsync: NotifyDataAvailable remoteEndPoint: 127.0.0.1:60591 localEndPoint: 127.0.0.1:60590
TpTrace Verbose: 0 : 37016, 14, 2022/10/10, 11:19:57.631, 2317413437789, vstest.console.dll, TestRequestSender.OnExecutionMessageReceived: Received message: {"Version":5,"MessageType":"TestSession.Message","Payload":{"MessageLevel":2,"Message":"[xUnit.net 00:00:01.15]     B1Library_Tests.Repository.DBDocumentsRepositoryTest.ShouldGetInvoicesToCancelListFromAllTables [FAIL]"}}
TpTrace Verbose: 0 : 37016, 14, 2022/10/10, 11:19:57.631, 2317413439330, vstest.console.dll, TestRunRequest:SendTestRunMessage: Starting.
TpTrace Verbose: 0 : 37016, 14, 2022/10/10, 11:19:57.631, 2317413440089, vstest.console.dll, MulticastDelegateUtilities.SafeInvoke: TestRun.LogMessages: Invoking callback 1/1 for Microsoft.VisualStudio.TestPlatform.CommandLine.TestRunResultAggregator.TestRunMessageHandler, took 0 ms.
TpTrace Information: 0 : 37016, 14, 2022/10/10, 11:19:57.631, 2317413440554, vstest.console.dll, TestRunRequest:SendTestRunMessage: Completed.
TpTrace Verbose: 0 : 37016, 14, 2022/10/10, 11:19:57.632, 2317413440920, vstest.console.dll, MulticastDelegateUtilities.SafeInvoke: LengthPrefixCommunicationChannel: MessageReceived: Invoking callback 1/1 for Microsoft.VisualStudio.TestPlatform.CommunicationUtilities.TestRequestSender+<>c__DisplayClass30_0.<StartTestRun>b__1, took 0 ms.
TpTrace Verbose: 0 : 37016, 14, 2022/10/10, 11:19:57.632, 2317413441244, vstest.console.dll, TcpClientExtensions.MessageLoopAsync: Polling on remoteEndPoint: 127.0.0.1:60591 localEndPoint: 127.0.0.1:60590
TpTrace Verbose: 0 : 37016, 4, 2022/10/10, 11:19:57.632, 2317413441965, vstest.console.dll, MulticastDelegateUtilities.SafeInvoke: InternalTestLoggerEvents.SendTestRunMessage: Invoking callback 1/1 for Microsoft.VisualStudio.TestPlatform.CommandLine.Internal.ConsoleLogger.TestMessageHandler, took 0 ms.
TpTrace Verbose: 0 : 37016, 14, 2022/10/10, 11:19:57.632, 2317413446856, vstest.console.dll, TcpClientExtensions.MessageLoopAsync: NotifyDataAvailable remoteEndPoint: 127.0.0.1:60591 localEndPoint: 127.0.0.1:60590
TpTrace Verbose: 0 : 37016, 14, 2022/10/10, 11:19:57.632, 2317413447588, vstest.console.dll, TestRequestSender.OnExecutionMessageReceived: Received message: {"Version":5,"MessageType":"TestSession.Message","Payload":{"MessageLevel":0,"Message":"[xUnit.net 00:00:01.15]       Assert.True() Failure"}}
TpTrace Verbose: 0 : 37016, 14, 2022/10/10, 11:19:57.632, 2317413448614, vstest.console.dll, TestRunRequest:SendTestRunMessage: Starting.
TpTrace Verbose: 0 : 37016, 14, 2022/10/10, 11:19:57.632, 2317413449346, vstest.console.dll, MulticastDelegateUtilities.SafeInvoke: TestRun.LogMessages: Invoking callback 1/1 for Microsoft.VisualStudio.TestPlatform.CommandLine.TestRunResultAggregator.TestRunMessageHandler, took 0 ms.
TpTrace Information: 0 : 37016, 14, 2022/10/10, 11:19:57.632, 2317413449799, vstest.console.dll, TestRunRequest:SendTestRunMessage: Completed.
TpTrace Verbose: 0 : 37016, 4, 2022/10/10, 11:19:57.632, 2317413449554, vstest.console.dll, MulticastDelegateUtilities.SafeInvoke: InternalTestLoggerEvents.SendTestRunMessage: Invoking callback 1/1 for Microsoft.VisualStudio.TestPlatform.CommandLine.Internal.ConsoleLogger.TestMessageHandler, took 0 ms.
TpTrace Verbose: 0 : 37016, 14, 2022/10/10, 11:19:57.632, 2317413450161, vstest.console.dll, MulticastDelegateUtilities.SafeInvoke: LengthPrefixCommunicationChannel: MessageReceived: Invoking callback 1/1 for Microsoft.VisualStudio.TestPlatform.CommunicationUtilities.TestRequestSender+<>c__DisplayClass30_0.<StartTestRun>b__1, took 0 ms.
TpTrace Verbose: 0 : 37016, 14, 2022/10/10, 11:19:57.633, 2317413451438, vstest.console.dll, TcpClientExtensions.MessageLoopAsync: Polling on remoteEndPoint: 127.0.0.1:60591 localEndPoint: 127.0.0.1:60590
TpTrace Verbose: 0 : 37016, 14, 2022/10/10, 11:19:57.633, 2317413451847, vstest.console.dll, TcpClientExtensions.MessageLoopAsync: NotifyDataAvailable remoteEndPoint: 127.0.0.1:60591 localEndPoint: 127.0.0.1:60590
TpTrace Verbose: 0 : 37016, 14, 2022/10/10, 11:19:57.633, 2317413452445, vstest.console.dll, TestRequestSender.OnExecutionMessageReceived: Received message: {"Version":5,"MessageType":"TestSession.Message","Payload":{"MessageLevel":0,"Message":"[xUnit.net 00:00:01.15]       Expected: True"}}
TpTrace Verbose: 0 : 37016, 14, 2022/10/10, 11:19:57.633, 2317413453408, vstest.console.dll, TestRunRequest:SendTestRunMessage: Starting.
TpTrace Verbose: 0 : 37016, 14, 2022/10/10, 11:19:57.633, 2317413454092, vstest.console.dll, MulticastDelegateUtilities.SafeInvoke: TestRun.LogMessages: Invoking callback 1/1 for Microsoft.VisualStudio.TestPlatform.CommandLine.TestRunResultAggregator.TestRunMessageHandler, took 0 ms.
TpTrace Information: 0 : 37016, 14, 2022/10/10, 11:19:57.633, 2317413454466, vstest.console.dll, TestRunRequest:SendTestRunMessage: Completed.
TpTrace Verbose: 0 : 37016, 4, 2022/10/10, 11:19:57.633, 2317413454449, vstest.console.dll, MulticastDelegateUtilities.SafeInvoke: InternalTestLoggerEvents.SendTestRunMessage: Invoking callback 1/1 for Microsoft.VisualStudio.TestPlatform.CommandLine.Internal.ConsoleLogger.TestMessageHandler, took 0 ms.
TpTrace Verbose: 0 : 37016, 14, 2022/10/10, 11:19:57.633, 2317413454866, vstest.console.dll, MulticastDelegateUtilities.SafeInvoke: LengthPrefixCommunicationChannel: MessageReceived: Invoking callback 1/1 for Microsoft.VisualStudio.TestPlatform.CommunicationUtilities.TestRequestSender+<>c__DisplayClass30_0.<StartTestRun>b__1, took 0 ms.
TpTrace Verbose: 0 : 37016, 14, 2022/10/10, 11:19:57.633, 2317413456333, vstest.console.dll, TcpClientExtensions.MessageLoopAsync: Polling on remoteEndPoint: 127.0.0.1:60591 localEndPoint: 127.0.0.1:60590
TpTrace Verbose: 0 : 37016, 14, 2022/10/10, 11:19:57.633, 2317413457099, vstest.console.dll, TcpClientExtensions.MessageLoopAsync: NotifyDataAvailable remoteEndPoint: 127.0.0.1:60591 localEndPoint: 127.0.0.1:60590
TpTrace Verbose: 0 : 37016, 14, 2022/10/10, 11:19:57.634, 2317413460942, vstest.console.dll, TestRequestSender.OnExecutionMessageReceived: Received message: {"Version":5,"MessageType":"TestSession.Message","Payload":{"MessageLevel":0,"Message":"[xUnit.net 00:00:01.15]       Actual:   False"}}
TpTrace Verbose: 0 : 37016, 14, 2022/10/10, 11:19:57.634, 2317413462796, vstest.console.dll, TestRunRequest:SendTestRunMessage: Starting.
TpTrace Verbose: 0 : 37016, 14, 2022/10/10, 11:19:57.634, 2317413463788, vstest.console.dll, MulticastDelegateUtilities.SafeInvoke: TestRun.LogMessages: Invoking callback 1/1 for Microsoft.VisualStudio.TestPlatform.CommandLine.TestRunResultAggregator.TestRunMessageHandler, took 0 ms.
TpTrace Verbose: 0 : 37016, 4, 2022/10/10, 11:19:57.634, 2317413464010, vstest.console.dll, MulticastDelegateUtilities.SafeInvoke: InternalTestLoggerEvents.SendTestRunMessage: Invoking callback 1/1 for Microsoft.VisualStudio.TestPlatform.CommandLine.Internal.ConsoleLogger.TestMessageHandler, took 0 ms.
TpTrace Information: 0 : 37016, 14, 2022/10/10, 11:19:57.634, 2317413464725, vstest.console.dll, TestRunRequest:SendTestRunMessage: Completed.
TpTrace Verbose: 0 : 37016, 14, 2022/10/10, 11:19:57.634, 2317413466448, vstest.console.dll, MulticastDelegateUtilities.SafeInvoke: LengthPrefixCommunicationChannel: MessageReceived: Invoking callback 1/1 for Microsoft.VisualStudio.TestPlatform.CommunicationUtilities.TestRequestSender+<>c__DisplayClass30_0.<StartTestRun>b__1, took 0 ms.
TpTrace Verbose: 0 : 37016, 14, 2022/10/10, 11:19:57.634, 2317413466821, vstest.console.dll, TcpClientExtensions.MessageLoopAsync: Polling on remoteEndPoint: 127.0.0.1:60591 localEndPoint: 127.0.0.1:60590
TpTrace Verbose: 0 : 37016, 14, 2022/10/10, 11:19:57.634, 2317413467218, vstest.console.dll, TcpClientExtensions.MessageLoopAsync: NotifyDataAvailable remoteEndPoint: 127.0.0.1:60591 localEndPoint: 127.0.0.1:60590
TpTrace Verbose: 0 : 37016, 14, 2022/10/10, 11:19:57.634, 2317413467837, vstest.console.dll, TestRequestSender.OnExecutionMessageReceived: Received message: {"Version":5,"MessageType":"TestSession.Message","Payload":{"MessageLevel":0,"Message":"[xUnit.net 00:00:01.15]       Stack Trace:"}}
TpTrace Verbose: 0 : 37016, 14, 2022/10/10, 11:19:57.634, 2317413468930, vstest.console.dll, TestRunRequest:SendTestRunMessage: Starting.
TpTrace Verbose: 0 : 37016, 14, 2022/10/10, 11:19:57.634, 2317413469590, vstest.console.dll, MulticastDelegateUtilities.SafeInvoke: TestRun.LogMessages: Invoking callback 1/1 for Microsoft.VisualStudio.TestPlatform.CommandLine.TestRunResultAggregator.TestRunMessageHandler, took 0 ms.
TpTrace Information: 0 : 37016, 14, 2022/10/10, 11:19:57.634, 2317413470060, vstest.console.dll, TestRunRequest:SendTestRunMessage: Completed.
TpTrace Verbose: 0 : 37016, 4, 2022/10/10, 11:19:57.634, 2317413469822, vstest.console.dll, MulticastDelegateUtilities.SafeInvoke: InternalTestLoggerEvents.SendTestRunMessage: Invoking callback 1/1 for Microsoft.VisualStudio.TestPlatform.CommandLine.Internal.ConsoleLogger.TestMessageHandler, took 0 ms.
TpTrace Verbose: 0 : 37016, 14, 2022/10/10, 11:19:57.634, 2317413470425, vstest.console.dll, MulticastDelegateUtilities.SafeInvoke: LengthPrefixCommunicationChannel: MessageReceived: Invoking callback 1/1 for Microsoft.VisualStudio.TestPlatform.CommunicationUtilities.TestRequestSender+<>c__DisplayClass30_0.<StartTestRun>b__1, took 0 ms.
TpTrace Verbose: 0 : 37016, 14, 2022/10/10, 11:19:57.635, 2317413471670, vstest.console.dll, TcpClientExtensions.MessageLoopAsync: Polling on remoteEndPoint: 127.0.0.1:60591 localEndPoint: 127.0.0.1:60590
TpTrace Verbose: 0 : 37016, 14, 2022/10/10, 11:19:57.635, 2317413472135, vstest.console.dll, TcpClientExtensions.MessageLoopAsync: NotifyDataAvailable remoteEndPoint: 127.0.0.1:60591 localEndPoint: 127.0.0.1:60590
TpTrace Verbose: 0 : 37016, 14, 2022/10/10, 11:19:57.635, 2317413472843, vstest.console.dll, TestRequestSender.OnExecutionMessageReceived: Received message: {"Version":5,"MessageType":"TestSession.Message","Payload":{"MessageLevel":0,"Message":"[xUnit.net 00:00:01.15]         C:\\Users\\luisf\\Desktop\\Repositori B1 Dev\\OrbitService\\OrbitService\\test\\B1Library-Test\\Implementations\\Repositories\\DBDocumentsRepositoryTest.cs(244,0): at B1Library_Tests.Repository.DBDocumentsRepositoryTest.ShouldGetInvoicesToCancelListFromAllTables()"}}
TpTrace Verbose: 0 : 37016, 14, 2022/10/10, 11:19:57.635, 2317413474325, vstest.console.dll, TestRunRequest:SendTestRunMessage: Starting.
TpTrace Verbose: 0 : 37016, 14, 2022/10/10, 11:19:57.635, 2317413474954, vstest.console.dll, MulticastDelegateUtilities.SafeInvoke: TestRun.LogMessages: Invoking callback 1/1 for Microsoft.VisualStudio.TestPlatform.CommandLine.TestRunResultAggregator.TestRunMessageHandler, took 0 ms.
TpTrace Information: 0 : 37016, 14, 2022/10/10, 11:19:57.635, 2317413475444, vstest.console.dll, TestRunRequest:SendTestRunMessage: Completed.
TpTrace Verbose: 0 : 37016, 4, 2022/10/10, 11:19:57.635, 2317413475258, vstest.console.dll, MulticastDelegateUtilities.SafeInvoke: InternalTestLoggerEvents.SendTestRunMessage: Invoking callback 1/1 for Microsoft.VisualStudio.TestPlatform.CommandLine.Internal.ConsoleLogger.TestMessageHandler, took 0 ms.
TpTrace Verbose: 0 : 37016, 14, 2022/10/10, 11:19:57.635, 2317413475805, vstest.console.dll, MulticastDelegateUtilities.SafeInvoke: LengthPrefixCommunicationChannel: MessageReceived: Invoking callback 1/1 for Microsoft.VisualStudio.TestPlatform.CommunicationUtilities.TestRequestSender+<>c__DisplayClass30_0.<StartTestRun>b__1, took 0 ms.
TpTrace Verbose: 0 : 37016, 14, 2022/10/10, 11:19:57.635, 2317413476809, vstest.console.dll, TcpClientExtensions.MessageLoopAsync: Polling on remoteEndPoint: 127.0.0.1:60591 localEndPoint: 127.0.0.1:60590
TpTrace Verbose: 0 : 37016, 14, 2022/10/10, 11:19:57.662, 2317413741892, vstest.console.dll, TcpClientExtensions.MessageLoopAsync: NotifyDataAvailable remoteEndPoint: 127.0.0.1:60591 localEndPoint: 127.0.0.1:60590
TpTrace Verbose: 0 : 37016, 14, 2022/10/10, 11:19:57.662, 2317413743285, vstest.console.dll, TestRequestSender.OnExecutionMessageReceived: Received message: {"Version":5,"MessageType":"TestSession.Message","Payload":{"MessageLevel":0,"Message":"[xUnit.net 00:00:01.18]   Finished:    B1Library_Tests"}}
TpTrace Verbose: 0 : 37016, 14, 2022/10/10, 11:19:57.662, 2317413744780, vstest.console.dll, TestRunRequest:SendTestRunMessage: Starting.
TpTrace Verbose: 0 : 37016, 14, 2022/10/10, 11:19:57.662, 2317413745531, vstest.console.dll, MulticastDelegateUtilities.SafeInvoke: TestRun.LogMessages: Invoking callback 1/1 for Microsoft.VisualStudio.TestPlatform.CommandLine.TestRunResultAggregator.TestRunMessageHandler, took 0 ms.
TpTrace Verbose: 0 : 37016, 4, 2022/10/10, 11:19:57.662, 2317413746143, vstest.console.dll, MulticastDelegateUtilities.SafeInvoke: InternalTestLoggerEvents.SendTestRunMessage: Invoking callback 1/1 for Microsoft.VisualStudio.TestPlatform.CommandLine.Internal.ConsoleLogger.TestMessageHandler, took 0 ms.
TpTrace Information: 0 : 37016, 14, 2022/10/10, 11:19:57.662, 2317413746202, vstest.console.dll, TestRunRequest:SendTestRunMessage: Completed.
TpTrace Verbose: 0 : 37016, 14, 2022/10/10, 11:19:57.662, 2317413747693, vstest.console.dll, MulticastDelegateUtilities.SafeInvoke: LengthPrefixCommunicationChannel: MessageReceived: Invoking callback 1/1 for Microsoft.VisualStudio.TestPlatform.CommunicationUtilities.TestRequestSender+<>c__DisplayClass30_0.<StartTestRun>b__1, took 0 ms.
TpTrace Verbose: 0 : 37016, 14, 2022/10/10, 11:19:57.662, 2317413748122, vstest.console.dll, TcpClientExtensions.MessageLoopAsync: Polling on remoteEndPoint: 127.0.0.1:60591 localEndPoint: 127.0.0.1:60590
TpTrace Verbose: 0 : 37016, 14, 2022/10/10, 11:19:57.681, 2317413938903, vstest.console.dll, TcpClientExtensions.MessageLoopAsync: NotifyDataAvailable remoteEndPoint: 127.0.0.1:60591 localEndPoint: 127.0.0.1:60590
TpTrace Verbose: 0 : 37016, 14, 2022/10/10, 11:19:57.682, 2317413941382, vstest.console.dll, TestRequestSender.OnExecutionMessageReceived: Received message: {"Version":5,"MessageType":"TestExecution.Completed","Payload":{"TestRunCompleteArgs":{"TestRunStatistics":{"ExecutedTests":24,"Stats":{"Passed":23,"Failed":1}},"IsCanceled":false,"IsAborted":false,"Error":null,"AttachmentSets":[],"ElapsedTimeInRunningTests":"00:00:01.1954677","Metrics":{}},"LastRunTests":{"NewTestResults":[{"TestCase":{"Id":"d58d47af-d807-cbe2-c21b-156dc95be3ca","FullyQualifiedName":"B1Library_Tests.Utilities.UtilTest.ShouldGetVBcSum","DisplayName":"B1Library_Tests.Utilities.UtilTest.ShouldGetVBcSum","ExecutorUri":"executor://xunit/VsTestRunner2/netcoreapp","Source":"C:\\Users\\luisf\\Desktop\\Repositori B1 Dev\\OrbitService\\OrbitService\\test\\B1Library-Test\\bin\\Debug\\netcoreapp3.1\\fine-code-coverage\\build-output\\B1Library_Tests.dll","CodeFilePath":null,"LineNumber":0,"Properties":[]},"Attachments":[],"Outcome":1,"ErrorMessage":null,"ErrorStackTrace":null,"DisplayName":"B1Library_Tests.Utilities.UtilTest.ShouldGetVBcSum","Messages":[],"ComputerName":"DESKTOP-P1UVUT9","Duration":"00:00:00.0002281","StartTime":"2022-10-10T14:19:57.4248958+00:00","EndTime":"2022-10-10T14:19:57.4248972+00:00","Properties":[]},{"TestCase":{"Id":"47c5b51a-371d-4dc0-248b-6d66a169ed9e","FullyQualifiedName":"B1Library_Tests.Repository.DBDocumentsRepositoryTest.ShouldGetInvoicesToInutilListFromAllTables","DisplayName":"B1Library_Tests.Repository.DBDocumentsRepositoryTest.ShouldGetInvoicesToInutilListFromAllTables","ExecutorUri":"executor://xunit/VsTestRunner2/netcoreapp","Source":"C:\\Users\\luisf\\Desktop\\Repositori B1 Dev\\OrbitService\\OrbitService\\test\\B1Library-Test\\bin\\Debug\\netcoreapp3.1\\fine-code-coverage\\build-output\\B1Library_Tests.dll","CodeFilePath":null,"LineNumber":0,"Properties":[]},"Attachments":[],"Outcome":1,"ErrorMessage":null,"ErrorStackTrace":null,"DisplayName":"B1Library_Tests.Repository.DBDocumentsRepositoryTest.ShouldGetInvoicesToInutilListFromAllTables","Messages":[],"ComputerName":"DESKTOP-P1UVUT9","Duration":"00:00:00.2097029","StartTime":"2022-10-10T14:19:57.5040166+00:00","EndTime":"2022-10-10T14:19:57.5040188+00:00","Properties":[]},{"TestCase":{"Id":"b8635b85-9655-12da-82e8-30b1a41057fe","FullyQualifiedName":"B1Library_Tests.Repository.DBDocumentsRepositoryTest.ShouldUpdateB1DocumentWithSuccessStatus","DisplayName":"B1Library_Tests.Repository.DBDocumentsRepositoryTest.ShouldUpdateB1DocumentWithSuccessStatus","ExecutorUri":"executor://xunit/VsTestRunner2/netcoreapp","Source":"C:\\Users\\luisf\\Desktop\\Repositori B1 Dev\\OrbitService\\OrbitService\\test\\B1Library-Test\\bin\\Debug\\netcoreapp3.1\\fine-code-coverage\\build-output\\B1Library_Tests.dll","CodeFilePath":null,"LineNumber":0,"Properties":[]},"Attachments":[],"Outcome":1,"ErrorMessage":null,"ErrorStackTrace":null,"DisplayName":"B1Library_Tests.Repository.DBDocumentsRepositoryTest.ShouldUpdateB1DocumentWithSuccessStatus","Messages":[],"ComputerName":"DESKTOP-P1UVUT9","Duration":"00:00:00.0044591","StartTime":"2022-10-10T14:19:57.5085471+00:00","EndTime":"2022-10-10T14:19:57.5085487+00:00","Properties":[]},{"TestCase":{"Id":"d57f9b2a-9966-7196-99e5-57401eedcef2","FullyQualifiedName":"B1Library_Tests.Repository.DBDocumentsRepositoryTest.ShouldVerifyIfViewsExistFalseHANA","DisplayName":"B1Library_Tests.Repository.DBDocumentsRepositoryTest.ShouldVerifyIfViewsExistFalseHANA","ExecutorUri":"executor://xunit/VsTestRunner2/netcoreapp","Source":"C:\\Users\\luisf\\Desktop\\Repositori B1 Dev\\OrbitService\\OrbitService\\test\\B1Library-Test\\bin\\Debug\\netcoreapp3.1\\fine-code-coverage\\build-output\\B1Library_Tests.dll","CodeFilePath":null,"LineNumber":0,"Properties":[]},"Attachments":[],"Outcome":1,"ErrorMessage":null,"ErrorStackTrace":null,"DisplayName":"B1Library_Tests.Repository.DBDocumentsRepositoryTest.ShouldVerifyIfViewsExistFalseHANA","Messages":[],"ComputerName":"DESKTOP-P1UVUT9","Duration":"00:00:00.0022757","StartTime":"2022-10-10T14:19:57.5108865+00:00","EndTime":"2022-10-10T14:19:57.5108879+00:00","Properties":[]},{"TestCase":{"Id":"96897f3c-8028-1c14-06ac-d2708f7c921e","FullyQualifiedName":"B1Library_Tests.Repository.DBDocumentsRepositoryTest.ShouldVerifyIfViewsExistTrueHANA","DisplayName":"B1Library_Tests.Repository.DBDocumentsRepositoryTest.ShouldVerifyIfViewsExistTrueHANA","ExecutorUri":"executor://xunit/VsTestRunner2/netcoreapp","Source":"C:\\Users\\luisf\\Desktop\\Repositori B1 Dev\\OrbitService\\OrbitService\\test\\B1Library-Test\\bin\\Debug\\netcoreapp3.1\\fine-code-coverage\\build-output\\B1Library_Tests.dll","CodeFilePath":null,"LineNumber":0,"Properties":[]},"Attachments":[],"Outcome":1,"ErrorMessage":null,"ErrorStackTrace":null,"DisplayName":"B1Library_Tests.Repository.DBDocumentsRepositoryTest.ShouldVerifyIfViewsExistTrueHANA","Messages":[],"ComputerName":"DESKTOP-P1UVUT9","Duration":"00:00:00.0021449","StartTime":"2022-10-10T14:19:57.5131616+00:00","EndTime":"2022-10-10T14:19:57.5131631+00:00","Properties":[]},{"TestCase":{"Id":"cc041e10-9205-ae74-58a6-a0345b45381c","FullyQualifiedName":"B1Library_Tests.Repository.DBDocumentsRepositoryTest.ShouldGetInvoicesListWithoutDBEntries","DisplayName":"B1Library_Tests.Repository.DBDocumentsRepositoryTest.ShouldGetInvoicesListWithoutDBEntries","ExecutorUri":"executor://xunit/VsTestRunner2/netcoreapp","Source":"C:\\Users\\luisf\\Desktop\\Repositori B1 Dev\\OrbitService\\OrbitService\\test\\B1Library-Test\\bin\\Debug\\netcoreapp3.1\\fine-code-coverage\\build-output\\B1Library_Tests.dll","CodeFilePath":null,"LineNumber":0,"Properties":[]},"Attachments":[],"Outcome":1,"ErrorMessage":null,"ErrorStackTrace":null,"DisplayName":"B1Library_Tests.Repository.DBDocumentsRepositoryTest.ShouldGetInvoicesListWithoutDBEntries","Messages":[],"ComputerName":"DESKTOP-P1UVUT9","Duration":"00:00:00.0331887","StartTime":"2022-10-10T14:19:57.5463918+00:00","EndTime":"2022-10-10T14:19:57.546394+00:00","Properties":[]},{"TestCase":{"Id":"93882e4b-500b-4af4-77e8-673d35a11e96","FullyQualifiedName":"B1Library_Tests.Repository.DBDocumentsRepositoryTest.ShouldGetInvoicesToCancelListFromAllTables","DisplayName":"B1Library_Tests.Repository.DBDocumentsRepositoryTest.ShouldGetInvoicesToCancelListFromAllTables","ExecutorUri":"executor://xunit/VsTestRunner2/netcoreapp","Source":"C:\\Users\\luisf\\Desktop\\Repositori B1 Dev\\OrbitService\\OrbitService\\test\\B1Library-Test\\bin\\Debug\\netcoreapp3.1\\fine-code-coverage\\build-output\\B1Library_Tests.dll","CodeFilePath":null,"LineNumber":0,"Properties":[]},"Attachments":[],"Outcome":2,"ErrorMessage":"Assert.True() Failure\r\nExpected: True\r\nActual:   False","ErrorStackTrace":"   at B1Library_Tests.Repository.DBDocumentsRepositoryTest.ShouldGetInvoicesToCancelListFromAllTables() in C:\\Users\\luisf\\Desktop\\Repositori B1 Dev\\OrbitService\\OrbitService\\test\\B1Library-Test\\Implementations\\Repositories\\DBDocumentsRepositoryTest.cs:line 244","DisplayName":"B1Library_Tests.Repository.DBDocumentsRepositoryTest.ShouldGetInvoicesToCancelListFromAllTables","Messages":[],"ComputerName":"DESKTOP-P1UVUT9","Duration":"00:00:00.0149181","StartTime":"2022-10-10T14:19:57.6356411+00:00","EndTime":"2022-10-10T14:19:57.6356432+00:00","Properties":[]},{"TestCase":{"Id":"d3f364c5-c272-7348-12a5-c3905e542457","FullyQualifiedName":"B1Library_Tests.Repository.DBDocumentsRepositoryTest.ShouldGetInvoicesListFromAllTables","DisplayName":"B1Library_Tests.Repository.DBDocumentsRepositoryTest.ShouldGetInvoicesListFromAllTables","ExecutorUri":"executor://xunit/VsTestRunner2/netcoreapp","Source":"C:\\Users\\luisf\\Desktop\\Repositori B1 Dev\\OrbitService\\OrbitService\\test\\B1Library-Test\\bin\\Debug\\netcoreapp3.1\\fine-code-coverage\\build-output\\B1Library_Tests.dll","CodeFilePath":null,"LineNumber":0,"Properties":[]},"Attachments":[],"Outcome":1,"ErrorMessage":null,"ErrorStackTrace":null,"DisplayName":"B1Library_Tests.Repository.DBDocumentsRepositoryTest.ShouldGetInvoicesListFromAllTables","Messages":[],"ComputerName":"DESKTOP-P1UVUT9","Duration":"00:00:00.0338452","StartTime":"2022-10-10T14:19:57.659205+00:00","EndTime":"2022-10-10T14:19:57.6592069+00:00","Properties":[]}],"TestRunStatistics":{"ExecutedTests":24,"Stats":{"Passed":23,"Failed":1}},"ActiveTests":[]},"RunAttachments":[],"ExecutorUris":["executor://xunit/VsTestRunner2/netcoreapp"]}}
TpTrace Verbose: 0 : 37016, 14, 2022/10/10, 11:19:57.682, 2317413947490, vstest.console.dll, TestRequestSender.EndSession: Sending end session.
TpTrace Verbose: 0 : 37016, 14, 2022/10/10, 11:19:57.682, 2317413949356, vstest.console.dll, ProxyOperationManager.Close: waiting for test host to exit for 100 ms
TpTrace Warning: 0 : 37016, 13, 2022/10/10, 11:19:57.704, 2317414169140, vstest.console.dll, TestHostManagerCallbacks.ErrorReceivedCallback Test host standard error line: 
TpTrace Verbose: 0 : 37016, 13, 2022/10/10, 11:19:57.721, 2317414337893, vstest.console.dll, TestHostProvider.ExitCallBack: Host exited starting callback.
TpTrace Information: 0 : 37016, 13, 2022/10/10, 11:19:57.722, 2317414343357, vstest.console.dll, TestHostManagerCallbacks.ExitCallBack: Testhost processId: 37396 exited with exitcode: 0 error: ''
TpTrace Verbose: 0 : 37016, 13, 2022/10/10, 11:19:57.722, 2317414344049, vstest.console.dll, DotnetTestHostManager.OnHostExited: invoking OnHostExited callback
TpTrace Verbose: 0 : 37016, 13, 2022/10/10, 11:19:57.722, 2317414345061, vstest.console.dll, CrossPlatEngine.TestHostManagerHostExited: calling on client process exit callback.
TpTrace Information: 0 : 37016, 13, 2022/10/10, 11:19:57.722, 2317414345917, vstest.console.dll, TestRequestSender.OnClientProcessExit: Test host process exited. Standard error: 
TpTrace Information: 0 : 37016, 14, 2022/10/10, 11:19:57.722, 2317414346314, vstest.console.dll, SocketServer.Stop: Stop server endPoint: 127.0.0.1:60590
TpTrace Information: 0 : 37016, 13, 2022/10/10, 11:19:57.722, 2317414346439, vstest.console.dll, SocketServer.Stop: Stop server endPoint: 127.0.0.1:60590
TpTrace Information: 0 : 37016, 14, 2022/10/10, 11:19:57.722, 2317414346994, vstest.console.dll, SocketServer.Stop: Cancellation requested. Stopping message loop.
TpTrace Information: 0 : 37016, 13, 2022/10/10, 11:19:57.722, 2317414347495, vstest.console.dll, SocketServer.Stop: Cancellation requested. Stopping message loop.
TpTrace Verbose: 0 : 37016, 13, 2022/10/10, 11:19:57.722, 2317414348710, vstest.console.dll, MulticastDelegateUtilities.SafeInvoke: HostProviderEvents.OnHostExited: Invoking callback 1/1 for Microsoft.VisualStudio.TestPlatform.CrossPlatEngine.Client.ProxyOperationManager.TestHostManagerHostExited, took 0 ms.
TpTrace Information: 0 : 37016, 14, 2022/10/10, 11:19:57.722, 2317414349022, vstest.console.dll, Closing the connection
TpTrace Verbose: 0 : 37016, 14, 2022/10/10, 11:19:57.723, 2317414355394, vstest.console.dll, ProxyDataCollectionManager.InvokeDataCollectionServiceAction: Starting.
TpTrace Information: 0 : 37016, 14, 2022/10/10, 11:19:57.723, 2317414356007, vstest.console.dll, ProxyDataCollectionManager.AfterTestRunEnd: Get attachment set and invoked data collectors processId: 35708 port: 60587
TpTrace Verbose: 0 : 37016, 14, 2022/10/10, 11:19:57.723, 2317414356572, vstest.console.dll, DataCollectionRequestSender.SendAfterTestRunStartAndGetResult: Send AfterTestRunEnd message with isCancelled: False
TpTrace Verbose: 0 : 37016, 14, 2022/10/10, 11:19:57.732, 2317414442576, vstest.console.dll, DataCollectionRequestSender.SendAfterTestRunStartAndGetResult: Received message: (DataCollection.AfterTestRunEndResult) -> {
  "AttachmentSets": [],
  "InvokedDataCollectors": [
    {
      "Uri": "datacollector://Microsoft/TestPlatform/Extensions/Blame/v1",
      "FriendlyName": "Blame",
      "AssemblyQualifiedName": "Microsoft.TestPlatform.Extensions.BlameDataCollector.BlameCollector, Microsoft.TestPlatform.Extensions.BlameDataCollector, Version=15.0.0.0, Culture=neutral, PublicKeyToken=b03f5f7f11d50a3a",
      "FilePath": "c:\\program files\\dotnet\\sdk\\6.0.302\\Extensions\\Microsoft.TestPlatform.Extensions.BlameDataCollector.dll",
      "HasAttachmentProcessor": false
    }
  ],
  "Metrics": {}
}
TpTrace Information: 0 : 37016, 14, 2022/10/10, 11:19:57.737, 2317414500192, vstest.console.dll, ProxyDataCollectionManager.InvokeDataCollectionServiceAction: Completed.
TpTrace Warning: 0 : 37016, 10, 2022/10/10, 11:19:57.738, 2317414507094, vstest.console.dll, DataCollectionLauncher.ErrorReceivedCallback datacollector standard error line: 
TpTrace Information: 0 : 37016, 10, 2022/10/10, 11:19:57.744, 2317414570509, vstest.console.dll, DataCollectionLauncher.ExitCallBack: Data collector exited with exitcode: 0 error: ''
TpTrace Verbose: 0 : 37016, 14, 2022/10/10, 11:19:57.772, 2317414841350, vstest.console.dll, TestRunRequest:SendTestRunStatsChange: Starting.
TpTrace Verbose: 0 : 37016, 14, 2022/10/10, 11:19:57.772, 2317414842513, vstest.console.dll, MulticastDelegateUtilities.SafeInvoke: TestRun.RunStatsChanged: Invoking callbacks was skipped because there are no subscribers.
TpTrace Information: 0 : 37016, 14, 2022/10/10, 11:19:57.772, 2317414842937, vstest.console.dll, TestRunRequest:SendTestRunStatsChange: Completed.
TpTrace Verbose: 0 : 37016, 4, 2022/10/10, 11:19:57.772, 2317414843219, vstest.console.dll, MulticastDelegateUtilities.SafeInvoke: InternalTestLoggerEvents.SendTestResult: Invoking callback 1/1 for Microsoft.VisualStudio.TestPlatform.CommandLine.Internal.ConsoleLogger.TestResultHandler, took 0 ms.
TpTrace Verbose: 0 : 37016, 4, 2022/10/10, 11:19:57.772, 2317414844327, vstest.console.dll, MulticastDelegateUtilities.SafeInvoke: InternalTestLoggerEvents.SendTestResult: Invoking callback 1/1 for Microsoft.VisualStudio.TestPlatform.CommandLine.Internal.ConsoleLogger.TestResultHandler, took 0 ms.
TpTrace Verbose: 0 : 37016, 4, 2022/10/10, 11:19:57.772, 2317414845308, vstest.console.dll, MulticastDelegateUtilities.SafeInvoke: InternalTestLoggerEvents.SendTestResult: Invoking callback 1/1 for Microsoft.VisualStudio.TestPlatform.CommandLine.Internal.ConsoleLogger.TestResultHandler, took 0 ms.
TpTrace Verbose: 0 : 37016, 14, 2022/10/10, 11:19:57.772, 2317414845690, vstest.console.dll, ParallelProxyExecutionManager: HandlePartialRunComplete: Total completed clients = 1, Run complete = True, Run canceled: False.
TpTrace Verbose: 0 : 37016, 4, 2022/10/10, 11:19:57.772, 2317414845832, vstest.console.dll, MulticastDelegateUtilities.SafeInvoke: InternalTestLoggerEvents.SendTestResult: Invoking callback 1/1 for Microsoft.VisualStudio.TestPlatform.CommandLine.Internal.ConsoleLogger.TestResultHandler, took 0 ms.
TpTrace Verbose: 0 : 37016, 4, 2022/10/10, 11:19:57.772, 2317414847055, vstest.console.dll, MulticastDelegateUtilities.SafeInvoke: InternalTestLoggerEvents.SendTestResult: Invoking callback 1/1 for Microsoft.VisualStudio.TestPlatform.CommandLine.Internal.ConsoleLogger.TestResultHandler, took 0 ms.
TpTrace Verbose: 0 : 37016, 4, 2022/10/10, 11:19:57.772, 2317414847603, vstest.console.dll, MulticastDelegateUtilities.SafeInvoke: InternalTestLoggerEvents.SendTestResult: Invoking callback 1/1 for Microsoft.VisualStudio.TestPlatform.CommandLine.Internal.ConsoleLogger.TestResultHandler, took 0 ms.
TpTrace Verbose: 0 : 37016, 4, 2022/10/10, 11:19:57.773, 2317414853025, vstest.console.dll, MulticastDelegateUtilities.SafeInvoke: InternalTestLoggerEvents.SendTestResult: Invoking callback 1/1 for Microsoft.VisualStudio.TestPlatform.CommandLine.Internal.ConsoleLogger.TestResultHandler, took 0 ms.
TpTrace Verbose: 0 : 37016, 4, 2022/10/10, 11:19:57.773, 2317414854623, vstest.console.dll, MulticastDelegateUtilities.SafeInvoke: InternalTestLoggerEvents.SendTestResult: Invoking callback 1/1 for Microsoft.VisualStudio.TestPlatform.CommandLine.Internal.ConsoleLogger.TestResultHandler, took 0 ms.
TpTrace Verbose: 0 : 37016, 4, 2022/10/10, 11:19:57.784, 2317414963365, vstest.console.dll, MulticastDelegateUtilities.SafeInvoke: InternalTestLoggerEvents.SendTestRunComplete: Invoking callback 1/2 for Microsoft.TestPlatform.Extensions.BlameDataCollector.BlameLogger.TestRunCompleteHandler, took 0 ms.
TpTrace Verbose: 0 : 37016, 4, 2022/10/10, 11:19:57.791, 2317415031802, vstest.console.dll, MulticastDelegateUtilities.SafeInvoke: InternalTestLoggerEvents.SendTestRunComplete: Invoking callback 2/2 for Microsoft.VisualStudio.TestPlatform.CommandLine.Internal.ConsoleLogger.TestRunCompleteHandler, took 6 ms.
TpTrace Verbose: 0 : 37016, 14, 2022/10/10, 11:19:57.791, 2317415034829, vstest.console.dll, TestRunRequest:TestRunComplete: Starting. IsAborted:False IsCanceled:False.
TpTrace Verbose: 0 : 37016, 14, 2022/10/10, 11:19:57.792, 2317415042352, vstest.console.dll, TestLoggerManager.HandleTestRunComplete: Ignoring as the object is disposed.
TpTrace Verbose: 0 : 37016, 14, 2022/10/10, 11:19:57.792, 2317415044637, vstest.console.dll, MulticastDelegateUtilities.SafeInvoke: TestRun.TestRunComplete: Invoking callback 1/2 for Microsoft.VisualStudio.TestPlatform.CommandLine.TestRunResultAggregator.TestRunCompletionHandler, took 0 ms.
TpTrace Verbose: 0 : 37016, 14, 2022/10/10, 11:19:57.792, 2317415045560, vstest.console.dll, MulticastDelegateUtilities.SafeInvoke: TestRun.TestRunComplete: Invoking callback 2/2 for Microsoft.VisualStudio.TestPlatform.CommandLine.Processors.RunTestsArgumentExecutor+TestRunRequestEventsRegistrar.TestRunRequest_OnRunCompletion, took 0 ms.
TpTrace Information: 0 : 37016, 14, 2022/10/10, 11:19:57.792, 2317415046700, vstest.console.dll, TestRunRequest:TestRunComplete: Completed.
TpTrace Verbose: 0 : 37016, 1, 2022/10/10, 11:19:57.792, 2317415046962, vstest.console.dll, TestRunRequest.Dispose: Starting.
TpTrace Verbose: 0 : 37016, 14, 2022/10/10, 11:19:57.792, 2317415047191, vstest.console.dll, TestRequestSender.SetOperationComplete: Setting operation complete.
TpTrace Information: 0 : 37016, 1, 2022/10/10, 11:19:57.792, 2317415047832, vstest.console.dll, TestRunRequest.Dispose: Completed.
TpTrace Information: 0 : 37016, 14, 2022/10/10, 11:19:57.792, 2317415048226, vstest.console.dll, SocketServer.Stop: Stop server endPoint: 127.0.0.1:60590
TpTrace Information: 0 : 37016, 1, 2022/10/10, 11:19:57.792, 2317415048914, vstest.console.dll, TestRequestManager.RunTests: run tests completed.
TpTrace Information: 0 : 37016, 14, 2022/10/10, 11:19:57.792, 2317415049423, vstest.console.dll, SocketServer.Stop: Cancellation requested. Stopping message loop.
TpTrace Verbose: 0 : 37016, 14, 2022/10/10, 11:19:57.792, 2317415049971, vstest.console.dll, MulticastDelegateUtilities.SafeInvoke: LengthPrefixCommunicationChannel: MessageReceived: Invoking callback 1/1 for Microsoft.VisualStudio.TestPlatform.CommunicationUtilities.TestRequestSender+<>c__DisplayClass30_0.<StartTestRun>b__1, took 110 ms.
TpTrace Information: 0 : 37016, 1, 2022/10/10, 11:19:57.792, 2317415050030, vstest.console.dll, RunTestsArgumentProcessor:Execute: Test run is completed.
TpTrace Information: 0 : 37016, 14, 2022/10/10, 11:19:57.792, 2317415050477, vstest.console.dll, SocketServer.PrivateStop: Stopping server endPoint: 127.0.0.1:60590 error: 
TpTrace Verbose: 0 : 37016, 1, 2022/10/10, 11:19:57.793, 2317415052590, vstest.console.dll, Executor.Execute: Exiting with exit code of 1
TpTrace Verbose: 0 : 37016, 14, 2022/10/10, 11:19:57.793, 2317415056512, vstest.console.dll, LengthPrefixCommunicationChannel.Dispose: Dispose reader and writer.
TpTrace Information: 0 : 37016, 14, 2022/10/10, 11:19:57.793, 2317415057477, vstest.console.dll, SocketServer.Stop: Raise disconnected event endPoint: 127.0.0.1:60590 error: 
